Job launching after 5.33 seconds in submission.
Running python job.
Changed into dir /exports/eddie3_homes_local/s1562020/work/adversarial/optimisation/experiments/classifier
Importing optimise.py
Running optimise.main()
INFO: Applying patch '/exports/eddie3_homes_local/s1562020/work/adversarial/optimisation/experiments/classifier/patches/patch.00000054.json'
INFO: Found 20 Intel(R) Xeon(R) CPU E5-2630 v4 @ 2.20GHz devices with 10 cores each.
Using TensorFlow backend.
INFO: Scaling classifier/lr -1 -> 0.1
INFO: Scaling classifier/decay -6 -> 1e-06
INFO: Scaling classifier/units 9 -> 512
INFO: Writing TensorBoard logs to 'logs/tensorboard/classifier-patch.00000054/'
INFO: Running '/exports/eddie3_homes_local/s1562020/work/adversarial/run/adversarial/common.pyc'
INFO: Command-line arguments:
INFO: Configuration file contents:
INFO: Python version: 2.7.14
INFO: Numpy  version: 1.12.1
INFO: Keras  version: 2.1.5
INFO: Using keras backend: 'tensorflow'
INFO: Found  1000000 training and  1000249 test samples for signal
INFO: Found  1000000 training and 10000000 test samples for background
INFO: load_data: Selecting only training data.
INFO: Implementing gradient reversal layer in TensorFlow
INFO: Training cross-validation classifiers
Call to main function (#54)
  Parameters: {u'classifier/model/default/units': array([9]), u'classifier/compile/decay': array([-6]), u'classifier/model/default/dropout': array([ 0.34395041]), u'classifier/compile/lr': array([-1]), u'classifier/model/architecture': array([1]), u'classifier/model/default/activation': [u'relu']}
param: classifier/model/default/units
param: classifier/compile/decay
param: classifier/model/default/dropout
param: classifier/compile/lr
param: classifier/model/architecture
param: classifier/model/default/activation
- - - - - - - - - - - - - - - - - - - - - - - - - - - - - - - - - - - - - - - - 
Saving the following patch to '/exports/eddie3_homes_local/s1562020/work/adversarial/optimisation/experiments/classifier/patches/patch.00000054.json':
{u'classifier': {u'compile': {u'lr': -1, u'decay': -6}, u'model': {u'default': {u'units': 9, u'dropout': 0.34395040912196068, u'activation': u'relu'}, u'architecture': 1}, 'fit': {'epochs': 50, 'batch_size': 8192}}}
- - - - - - - - - - - - - - - - - - - - - - - - - - - - - - - - - - - - - - - - 
cd: Going to /exports/eddie3_homes_local/s1562020/work/adversarial/
[38;2;74;176;245m[1mProfile[0m ⏱  Starting [1m@main[0m
[38;2;74;176;245m[1mProfile[0m ⏱  ·· Starting [1mInitialisation[0m
[38;2;74;176;245m[1mProfile[0m ⏱  ···· Starting [1m@initialise[0m
[38;2;74;176;245m[1mProfile[0m ⏱  ···· Time elapsed in [1m@initialise[0m: .............................. [1m0.0s[0m
[38;2;74;176;245m[1mProfile[0m ⏱  ···· Starting [1m@initialise_backend[0m
[38;2;74;176;245m[1mProfile[0m ⏱  ······ Starting [1m@configure_tensorflow[0m
[38;2;74;176;245m[1mProfile[0m ⏱  ······ Time elapsed in [1m@configure_tensorflow[0m: ................. [1m17.8s[0m
[38;2;74;176;245m[1mProfile[0m ⏱  ···· Time elapsed in [1m@initialise_backend[0m: ..................... [1m18.9s[0m
{'config': './configs/default.json',
 'devices': 7,
 'folds': 3,
 'gpu': True,
 'input': './input/',
 'jobname': 'classifier-patch.00000054',
 'mode': 'gpu',
 'optimise_adversarial': False,
 'optimise_classifier': True,
 'output': './output/',
 'patches': ['/exports/eddie3_homes_local/s1562020/work/adversarial/optimisation/experiments/classifier/patches/patch.00000054.json'],
 'tensorboard': True,
 'theano': False,
 'train': False,
 'train_adversarial': False,
 'train_classifier': True,
 'verbose': False}
{u'adversary': {u'compile': {},
                u'fit': {},
                u'model': {u'architecture': [{}, {}, {}, {}],
                           u'default': {u'activation': u'relu',
                                        u'units': 64},
                           u'gmm_components': 5}},
 u'classifier': {u'compile': {u'loss': u'binary_crossentropy',
                              u'optimizer': <keras.optimizers.Adam object at 0x2b127757a310>},
                 u'fit': {u'batch_size': 57344,
                          u'epochs': 50,
                          u'shuffle': True,
                          'verbose': 2},
                 u'model': {u'architecture': [{}],
                            u'default': {u'activation': u'relu',
                                         u'batchnorm': True,
                                         u'dropout': 0.3439504091219607,
                                         u'units': 512}}},
 u'combined': {u'compile': {u'loss': [u'binary_crossentropy', None],
                            u'loss_weights': [1.8181818181818182e-09, 1.0],
                            u'optimizer': <keras.optimizers.Adam object at 0x2b127757a350>},
               u'fit': {u'batch_size': 57344,
                        u'epochs': 100,
                        u'shuffle': True,
                        'verbose': 2},
               u'model': {u'lambda_reg': 10.0,
                          u'lr_ratio': 1.8181818181818182e-09},
               u'pretrain': 10}}
  TensorFlow version: 1.4.1
[38;2;74;176;245m[1mProfile[0m ⏱  ·· Time elapsed in [1mInitialisation[0m: ............................ [1m19.1s[0m
[38;2;74;176;245m[1mProfile[0m ⏱  ·· Starting [1m@load_data[0m
[38;2;74;176;245m[1mProfile[0m ⏱  ·· Time elapsed in [1m@load_data[0m: ................................ [1m36.6s[0m
[38;2;74;176;245m[1mProfile[0m ⏱  ·· Starting [1m@get_decorrelation_variables[0m
[38;2;74;176;245m[1mProfile[0m ⏱  ·· Time elapsed in [1m@get_decorrelation_variables[0m: ............... [1m0.0s[0m
[38;2;74;176;245m[1mProfile[0m ⏱  ·· Starting [1mClassifier-only fit, cross-validation[0m
[38;2;74;176;245m[1mProfile[0m ⏱  ···· Starting [1mFold 1/3[0m
Train on 1333332 samples, validate on 666668 samples
Epoch 1/50
 - 3s - loss: 0.6865 - val_loss: 0.4488
Epoch 2/50
 - 3s - loss: 0.4293 - val_loss: 0.3977
Epoch 3/50
 - 3s - loss: 0.4030 - val_loss: 0.3912
Epoch 4/50
 - 3s - loss: 0.3983 - val_loss: 0.3867
Epoch 5/50
 - 3s - loss: 0.3948 - val_loss: 0.3827
Epoch 6/50
 - 3s - loss: 0.3908 - val_loss: 0.3836
Epoch 7/50
 - 3s - loss: 0.3902 - val_loss: 0.3848
Epoch 8/50
 - 3s - loss: 0.3898 - val_loss: 0.3822
Epoch 9/50
 - 3s - loss: 0.3906 - val_loss: 0.3995
Epoch 10/50
 - 3s - loss: 0.3904 - val_loss: 0.3798
Epoch 11/50
 - 3s - loss: 0.3878 - val_loss: 0.3802
Epoch 12/50
 - 3s - loss: 0.3870 - val_loss: 0.3898
Epoch 13/50
 - 3s - loss: 0.3882 - val_loss: 0.3791
Epoch 14/50
 - 3s - loss: 0.3884 - val_loss: 0.3861
Epoch 15/50
 - 3s - loss: 0.3855 - val_loss: 0.3898
Epoch 16/50
 - 2s - loss: 0.3871 - val_loss: 0.3833
Epoch 17/50
 - 3s - loss: 0.3849 - val_loss: 0.3794
Epoch 18/50
 - 3s - loss: 0.3839 - val_loss: 0.3834
Epoch 19/50
 - 3s - loss: 0.3892 - val_loss: 0.3768
Epoch 20/50
 - 3s - loss: 0.3844 - val_loss: 0.3853
Epoch 21/50
 - 3s - loss: 0.3870 - val_loss: 0.3864
Epoch 22/50
 - 3s - loss: 0.3861 - val_loss: 0.3756
Epoch 23/50
 - 2s - loss: 0.3887 - val_loss: 0.3815
Epoch 24/50
 - 3s - loss: 0.3865 - val_loss: 0.3763
Epoch 25/50
 - 2s - loss: 0.3848 - val_loss: 0.3752
Epoch 26/50
 - 2s - loss: 0.3824 - val_loss: 0.3845
Epoch 27/50
 - 3s - loss: 0.3833 - val_loss: 0.3776
Epoch 28/50
 - 3s - loss: 0.3872 - val_loss: 0.3784
Epoch 29/50
 - 3s - loss: 0.3839 - val_loss: 0.3769
Epoch 30/50
 - 2s - loss: 0.3851 - val_loss: 0.3758
Epoch 31/50
 - 2s - loss: 0.3846 - val_loss: 0.3808
Epoch 32/50
 - 2s - loss: 0.3839 - val_loss: 0.3716
Epoch 33/50
 - 3s - loss: 0.3842 - val_loss: 0.3783
Epoch 34/50
 - 3s - loss: 0.3879 - val_loss: 0.3806
Epoch 35/50
 - 2s - loss: 0.3833 - val_loss: 0.3719
Epoch 36/50
 - 3s - loss: 0.3822 - val_loss: 0.3749
Epoch 37/50
 - 3s - loss: 0.3834 - val_loss: 0.3735
Epoch 38/50
 - 2s - loss: 0.3814 - val_loss: 0.3729
Epoch 39/50
 - 3s - loss: 0.3836 - val_loss: 0.3856
Epoch 40/50
 - 3s - loss: 0.3851 - val_loss: 0.3839
Epoch 41/50
 - 2s - loss: 0.3865 - val_loss: 0.3790
Epoch 42/50
 - 2s - loss: 0.3915 - val_loss: 0.3832
Epoch 43/50
 - 2s - loss: 0.3850 - val_loss: 0.3923
Epoch 44/50
 - 2s - loss: 0.3856 - val_loss: 0.3985
Epoch 45/50
 - 3s - loss: 0.3933 - val_loss: 0.3808
Epoch 46/50
 - 3s - loss: 0.3866 - val_loss: 0.3788
Epoch 47/50
 - 2s - loss: 0.3830 - val_loss: 0.3762
Epoch 48/50
 - 2s - loss: 0.3819 - val_loss: 0.3747
Epoch 49/50
 - 2s - loss: 0.3829 - val_loss: 0.3943
Epoch 50/50
 - 2s - loss: 0.3925 - val_loss: 0.3926
[38;2;74;176;245m[1mProfile[0m ⏱  ···· Time elapsed in [1mFold 1/3[0m: ............................... [1m160.5s[0m
[38;2;74;176;245m[1mProfile[0m ⏱  ···· Starting [1mFold 2/3[0m
Train on 1333334 samples, validate on 666666 samples
Epoch 1/50
 - 2s - loss: 7.6065 - val_loss: 8.0482
Epoch 2/50
 - 2s - loss: 8.0612 - val_loss: 8.0482
Epoch 3/50
 - 2s - loss: 8.0612 - val_loss: 8.0482
Epoch 4/50
 - 2s - loss: 8.0612 - val_loss: 8.0482
Epoch 5/50
 - 2s - loss: 8.0612 - val_loss: 8.0482
Epoch 6/50
 - 2s - loss: 8.0612 - val_loss: 8.0482
Epoch 7/50
 - 2s - loss: 8.0612 - val_loss: 8.0482
Epoch 8/50
 - 2s - loss: 8.0612 - val_loss: 8.0482
Epoch 9/50
 - 2s - loss: 8.0612 - val_loss: 8.0482
Epoch 10/50
 - 2s - loss: 8.0612 - val_loss: 8.0482
Epoch 11/50
 - 2s - loss: 8.0612 - val_loss: 8.0482
Epoch 12/50
 - 2s - loss: 8.0612 - val_loss: 8.0482
Epoch 13/50
 - 2s - loss: 8.0612 - val_loss: 8.0482
Epoch 14/50
 - 2s - loss: 8.0612 - val_loss: 8.0482
Epoch 15/50
 - 2s - loss: 8.0612 - val_loss: 8.0482
Epoch 16/50
 - 2s - loss: 8.0612 - val_loss: 8.0482
Epoch 17/50
 - 2s - loss: 8.0612 - val_loss: 8.0482
Epoch 18/50
 - 2s - loss: 8.0612 - val_loss: 8.0482
Epoch 19/50
 - 2s - loss: 8.0612 - val_loss: 8.0482
Epoch 20/50
 - 2s - loss: 8.0612 - val_loss: 8.0482
Epoch 21/50
 - 2s - loss: 8.0612 - val_loss: 8.0482
Epoch 22/50
 - 2s - loss: 8.0612 - val_loss: 8.0482
Epoch 23/50
 - 2s - loss: 8.0612 - val_loss: 8.0482
Epoch 24/50
 - 2s - loss: 8.0612 - val_loss: 8.0482
Epoch 25/50
 - 2s - loss: 8.0612 - val_loss: 8.0482
Epoch 26/50
 - 3s - loss: 8.0612 - val_loss: 8.0482
Epoch 27/50
 - 2s - loss: 8.0612 - val_loss: 8.0482
Epoch 28/50
 - 2s - loss: 8.0612 - val_loss: 8.0482
Epoch 29/50
 - 2s - loss: 8.0612 - val_loss: 8.0482
Epoch 30/50
 - 2s - loss: 8.0612 - val_loss: 8.0482
Epoch 31/50
 - 2s - loss: 8.0612 - val_loss: 8.0482
Epoch 32/50
 - 2s - loss: 8.0612 - val_loss: 8.0482
Epoch 33/50
 - 2s - loss: 8.0612 - val_loss: 8.0482
Epoch 34/50
 - 2s - loss: 8.0612 - val_loss: 8.0482
Epoch 35/50
 - 3s - loss: 8.0612 - val_loss: 8.0482
Epoch 36/50
 - 2s - loss: 8.0612 - val_loss: 8.0482
Epoch 37/50
 - 3s - loss: 8.0612 - val_loss: 8.0482
Epoch 38/50
 - 3s - loss: 8.0612 - val_loss: 8.0482
Epoch 39/50
 - 3s - loss: 8.0612 - val_loss: 8.0482
Epoch 40/50
 - 2s - loss: 8.0612 - val_loss: 8.0482
Epoch 41/50
 - 2s - loss: 8.0612 - val_loss: 8.0482
Epoch 42/50
 - 2s - loss: 8.0612 - val_loss: 8.0482
Epoch 43/50
 - 2s - loss: 8.0612 - val_loss: 8.0482
Epoch 44/50
 - 3s - loss: 8.0612 - val_loss: 8.0482
Epoch 45/50
 - 3s - loss: 8.0612 - val_loss: 8.0482
Epoch 46/50
 - 3s - loss: 8.0612 - val_loss: 8.0482
Epoch 47/50
 - 3s - loss: 8.0612 - val_loss: 8.0482
Epoch 48/50
 - 3s - loss: 8.0612 - val_loss: 8.0482
Epoch 49/50
 - 3s - loss: 8.0612 - val_loss: 8.0482
Epoch 50/50
 - 3s - loss: 8.0612 - val_loss: 8.0482
[38;2;74;176;245m[1mProfile[0m ⏱  ···· Time elapsed in [1mFold 2/3[0m: ............................... [1m118.1s[0m
[38;2;74;176;245m[1mProfile[0m ⏱  ···· Starting [1mFold 3/3[0m
Train on 1333334 samples, validate on 666666 samples
Epoch 1/50
 - 3s - loss: 4.7079 - val_loss: 3.8040
Epoch 2/50
 - 2s - loss: 3.3930 - val_loss: 3.2143
Epoch 3/50
 - 3s - loss: 3.2149 - val_loss: 3.2886
Epoch 4/50
 - 2s - loss: 3.4009 - val_loss: 3.0623
Epoch 5/50
 - 2s - loss: 3.1397 - val_loss: 3.3025
Epoch 6/50
 - 2s - loss: 3.3342 - val_loss: 3.3099
Epoch 7/50
 - 3s - loss: 3.0607 - val_loss: 2.9512
Epoch 8/50
 - 3s - loss: 2.9709 - val_loss: 2.9144
Epoch 9/50
 - 3s - loss: 2.9875 - val_loss: 3.0432
Epoch 10/50
 - 3s - loss: 2.9769 - val_loss: 3.3654
Epoch 11/50
 - 2s - loss: 3.1947 - val_loss: 3.3475
Epoch 12/50
 - 3s - loss: 3.0318 - val_loss: 3.3947
Epoch 13/50
 - 3s - loss: 3.2176 - val_loss: 3.1245
Epoch 14/50
 - 2s - loss: 2.9558 - val_loss: 2.9170
Epoch 15/50
 - 3s - loss: 2.9217 - val_loss: 2.8764
Epoch 16/50
 - 3s - loss: 2.9044 - val_loss: 2.8878
Epoch 17/50
 - 3s - loss: 2.8523 - val_loss: 2.8207
Epoch 18/50
 - 3s - loss: 2.8490 - val_loss: 2.8544
Epoch 19/50
 - 3s - loss: 2.8987 - val_loss: 2.8112
Epoch 20/50
 - 3s - loss: 2.8520 - val_loss: 2.7642
Epoch 21/50
 - 3s - loss: 2.9582 - val_loss: 2.8699
Epoch 22/50
 - 3s - loss: 2.7763 - val_loss: 2.8371
Epoch 23/50
 - 3s - loss: 2.9087 - val_loss: 2.7254
Epoch 24/50
 - 2s - loss: 2.9871 - val_loss: 2.9514
Epoch 25/50
 - 3s - loss: 2.9313 - val_loss: 2.7734
Epoch 26/50
 - 3s - loss: 2.8704 - val_loss: 2.8075
Epoch 27/50
 - 3s - loss: 2.8254 - val_loss: 2.7402
Epoch 28/50
 - 3s - loss: 2.7763 - val_loss: 2.7943
Epoch 29/50
 - 3s - loss: 2.8158 - val_loss: 2.7492
Epoch 30/50
 - 3s - loss: 2.8168 - val_loss: 2.8598
Epoch 31/50
 - 3s - loss: 2.7580 - val_loss: 2.6804
Epoch 32/50
 - 3s - loss: 2.7469 - val_loss: 2.7153
Epoch 33/50
 - 3s - loss: 2.7307 - val_loss: 2.6768
Epoch 34/50
 - 3s - loss: 2.7446 - val_loss: 2.7655
Epoch 35/50
 - 3s - loss: 2.7600 - val_loss: 2.6549
Epoch 36/50
 - 3s - loss: 2.7124 - val_loss: 2.7020
Epoch 37/50
 - 3s - loss: 2.7196 - val_loss: 2.7515
Epoch 38/50
 - 3s - loss: 2.7091 - val_loss: 2.6738
Epoch 39/50
 - 3s - loss: 2.7981 - val_loss: 2.7479
Epoch 40/50
 - 3s - loss: 2.9128 - val_loss: 3.1575
Epoch 41/50
 - 3s - loss: 2.9354 - val_loss: 2.9012
Epoch 42/50
 - 2s - loss: 2.9761 - val_loss: 2.9978
Epoch 43/50
 - 2s - loss: 2.8824 - val_loss: 2.9043
Epoch 44/50
 - 3s - loss: 2.8969 - val_loss: 2.8538
Epoch 45/50
 - 3s - loss: 2.8906 - val_loss: 2.9112
Epoch 46/50
 - 3s - loss: 2.9291 - val_loss: 2.7773
Epoch 47/50
 - 2s - loss: 2.7675 - val_loss: 2.7312
Epoch 48/50
 - 3s - loss: 2.7302 - val_loss: 2.6968
Epoch 49/50
 - 2s - loss: 2.7706 - val_loss: 2.7402
Epoch 50/50
 - 2s - loss: 2.7380 - val_loss: 2.6622
Got result 6.9115676932
Completed successfully in 502.31 seconds. [{u'main': 6.9115676932025565}]
[38;2;74;176;245m[1mProfile[0m ⏱  ···· Time elapsed in [1mFold 3/3[0m: ............................... [1m140.5s[0m
[38;2;74;176;245m[1mProfile[0m ⏱  ·· Time elapsed in [1mClassifier-only fit, cross-validation[0m: .... [1m419.9s[0m
[38;2;74;176;245m[1mProfile[0m ⏱  Time elapsed in [1m@main[0m: ....................................... [1m476.1s[0m
cd: Going back to /exports/eddie3_homes_local/s1562020/work/adversarial/optimisation/experiments/classifier
