Job launching after 4.96 seconds in submission.
Running python job.
Changed into dir /exports/eddie3_homes_local/s1562020/work/adversarial/optimisation/experiments/classifier
Importing optimise.py
Running optimise.main()
INFO: Applying patch '/exports/eddie3_homes_local/s1562020/work/adversarial/optimisation/experiments/classifier/patches/patch.00000047.json'
INFO: Found 20 Intel(R) Xeon(R) CPU E5-2630 v4 @ 2.20GHz devices with 10 cores each.
Using TensorFlow backend.
INFO: Scaling classifier/lr -1 -> 0.1
INFO: Scaling classifier/decay -2 -> 0.01
INFO: Scaling classifier/units 1 -> 2
INFO: Writing TensorBoard logs to 'logs/tensorboard/classifier-patch.00000047/'
INFO: Running '/exports/eddie3_homes_local/s1562020/work/adversarial/run/adversarial/common.pyc'
INFO: Command-line arguments:
INFO: Configuration file contents:
INFO: Python version: 2.7.14
INFO: Numpy  version: 1.12.1
INFO: Keras  version: 2.1.5
INFO: Using keras backend: 'tensorflow'
INFO: Found  1000000 training and  1000249 test samples for signal
INFO: Found  1000000 training and 10000000 test samples for background
INFO: load_data: Selecting only training data.
INFO: Implementing gradient reversal layer in TensorFlow
INFO: Training cross-validation classifiers
Call to main function (#47)
  Parameters: {u'classifier/model/default/units': array([1]), u'classifier/compile/decay': array([-2]), u'classifier/model/default/dropout': array([ 0.5]), u'classifier/compile/lr': array([-1]), u'classifier/model/architecture': array([5]), u'classifier/model/default/activation': [u'tanh']}
param: classifier/model/default/units
param: classifier/compile/decay
param: classifier/model/default/dropout
param: classifier/compile/lr
param: classifier/model/architecture
param: classifier/model/default/activation
- - - - - - - - - - - - - - - - - - - - - - - - - - - - - - - - - - - - - - - - 
Saving the following patch to '/exports/eddie3_homes_local/s1562020/work/adversarial/optimisation/experiments/classifier/patches/patch.00000047.json':
{u'classifier': {u'compile': {u'lr': -1, u'decay': -2}, u'model': {u'default': {u'units': 1, u'dropout': 0.5, u'activation': u'tanh'}, u'architecture': 5}, 'fit': {'epochs': 50, 'batch_size': 8192}}}
- - - - - - - - - - - - - - - - - - - - - - - - - - - - - - - - - - - - - - - - 
cd: Going to /exports/eddie3_homes_local/s1562020/work/adversarial/
[38;2;74;176;245m[1mProfile[0m ⏱  Starting [1m@main[0m
[38;2;74;176;245m[1mProfile[0m ⏱  ·· Starting [1mInitialisation[0m
[38;2;74;176;245m[1mProfile[0m ⏱  ···· Starting [1m@initialise[0m
[38;2;74;176;245m[1mProfile[0m ⏱  ···· Time elapsed in [1m@initialise[0m: .............................. [1m0.0s[0m
[38;2;74;176;245m[1mProfile[0m ⏱  ···· Starting [1m@initialise_backend[0m
[38;2;74;176;245m[1mProfile[0m ⏱  ······ Starting [1m@configure_tensorflow[0m
[38;2;74;176;245m[1mProfile[0m ⏱  ······ Time elapsed in [1m@configure_tensorflow[0m: ................. [1m17.0s[0m
[38;2;74;176;245m[1mProfile[0m ⏱  ···· Time elapsed in [1m@initialise_backend[0m: ..................... [1m18.1s[0m
{'config': './configs/default.json',
 'devices': 7,
 'folds': 3,
 'gpu': True,
 'input': './input/',
 'jobname': 'classifier-patch.00000047',
 'mode': 'gpu',
 'optimise_adversarial': False,
 'optimise_classifier': True,
 'output': './output/',
 'patches': ['/exports/eddie3_homes_local/s1562020/work/adversarial/optimisation/experiments/classifier/patches/patch.00000047.json'],
 'tensorboard': True,
 'theano': False,
 'train': False,
 'train_adversarial': False,
 'train_classifier': True,
 'verbose': False}
{u'adversary': {u'compile': {},
                u'fit': {},
                u'model': {u'architecture': [{}, {}, {}, {}],
                           u'default': {u'activation': u'relu',
                                        u'units': 64},
                           u'gmm_components': 5}},
 u'classifier': {u'compile': {u'loss': u'binary_crossentropy',
                              u'optimizer': <keras.optimizers.Adam object at 0x2ad2c4fc8310>},
                 u'fit': {u'batch_size': 57344,
                          u'epochs': 50,
                          u'shuffle': True,
                          'verbose': 2},
                 u'model': {u'architecture': [{}, {}, {}, {}, {}],
                            u'default': {u'activation': u'tanh',
                                         u'batchnorm': True,
                                         u'dropout': 0.5,
                                         u'units': 2}}},
 u'combined': {u'compile': {u'loss': [u'binary_crossentropy', None],
                            u'loss_weights': [4.545454545454545e-09, 1.0],
                            u'optimizer': <keras.optimizers.Adam object at 0x2ad2c4fc8350>},
               u'fit': {u'batch_size': 57344,
                        u'epochs': 100,
                        u'shuffle': True,
                        'verbose': 2},
               u'model': {u'lambda_reg': 10.0,
                          u'lr_ratio': 4.545454545454545e-09},
               u'pretrain': 10}}
  TensorFlow version: 1.4.1
[38;2;74;176;245m[1mProfile[0m ⏱  ·· Time elapsed in [1mInitialisation[0m: ............................ [1m18.2s[0m
[38;2;74;176;245m[1mProfile[0m ⏱  ·· Starting [1m@load_data[0m
[38;2;74;176;245m[1mProfile[0m ⏱  ·· Time elapsed in [1m@load_data[0m: ................................ [1m41.2s[0m
[38;2;74;176;245m[1mProfile[0m ⏱  ·· Starting [1m@get_decorrelation_variables[0m
[38;2;74;176;245m[1mProfile[0m ⏱  ·· Time elapsed in [1m@get_decorrelation_variables[0m: ............... [1m0.0s[0m
[38;2;74;176;245m[1mProfile[0m ⏱  ·· Starting [1mClassifier-only fit, cross-validation[0m
[38;2;74;176;245m[1mProfile[0m ⏱  ···· Starting [1mFold 1/3[0m
Train on 1333332 samples, validate on 666668 samples
Epoch 1/50
 - 5s - loss: 0.7113 - val_loss: 0.6935
Epoch 2/50
 - 3s - loss: 0.6923 - val_loss: 0.6700
Epoch 3/50
 - 3s - loss: 0.6819 - val_loss: 0.5829
Epoch 4/50
 - 2s - loss: 0.6716 - val_loss: 0.5584
Epoch 5/50
 - 2s - loss: 0.6672 - val_loss: 0.6286
Epoch 6/50
 - 3s - loss: 0.6657 - val_loss: 0.6284
Epoch 7/50
 - 3s - loss: 0.6629 - val_loss: 0.6257
Epoch 8/50
 - 3s - loss: 0.6603 - val_loss: 0.5948
Epoch 9/50
 - 3s - loss: 0.6574 - val_loss: 0.5957
Epoch 10/50
 - 3s - loss: 0.6543 - val_loss: 0.5750
Epoch 11/50
 - 3s - loss: 0.6514 - val_loss: 0.5573
Epoch 12/50
 - 3s - loss: 0.6501 - val_loss: 0.5678
Epoch 13/50
 - 3s - loss: 0.6496 - val_loss: 0.5519
Epoch 14/50
 - 3s - loss: 0.6492 - val_loss: 0.5841
Epoch 15/50
 - 3s - loss: 0.6485 - val_loss: 0.5831
Epoch 16/50
 - 3s - loss: 0.6476 - val_loss: 0.5749
Epoch 17/50
 - 3s - loss: 0.6487 - val_loss: 0.5779
Epoch 18/50
 - 3s - loss: 0.6483 - val_loss: 0.5911
Epoch 19/50
 - 4s - loss: 0.6487 - val_loss: 0.5486
Epoch 20/50
 - 3s - loss: 0.6482 - val_loss: 0.5612
Epoch 21/50
 - 3s - loss: 0.6486 - val_loss: 0.5562
Epoch 22/50
 - 4s - loss: 0.6483 - val_loss: 0.5634
Epoch 23/50
 - 3s - loss: 0.6479 - val_loss: 0.5671
Epoch 24/50
 - 3s - loss: 0.6477 - val_loss: 0.5751
Epoch 25/50
 - 4s - loss: 0.6480 - val_loss: 0.5524
Epoch 26/50
 - 4s - loss: 0.6476 - val_loss: 0.5664
Epoch 27/50
 - 3s - loss: 0.6473 - val_loss: 0.5652
Epoch 28/50
 - 3s - loss: 0.6479 - val_loss: 0.5544
Epoch 29/50
 - 3s - loss: 0.6474 - val_loss: 0.5616
Epoch 30/50
 - 4s - loss: 0.6477 - val_loss: 0.5446
Epoch 31/50
 - 4s - loss: 0.6480 - val_loss: 0.5405
Epoch 32/50
 - 3s - loss: 0.6478 - val_loss: 0.5427
Epoch 33/50
 - 3s - loss: 0.6479 - val_loss: 0.5414
Epoch 34/50
 - 4s - loss: 0.6478 - val_loss: 0.5519
Epoch 35/50
 - 4s - loss: 0.6470 - val_loss: 0.5482
Epoch 36/50
 - 3s - loss: 0.6474 - val_loss: 0.5508
Epoch 37/50
 - 4s - loss: 0.6477 - val_loss: 0.5507
Epoch 38/50
 - 3s - loss: 0.6476 - val_loss: 0.5583
Epoch 39/50
 - 4s - loss: 0.6481 - val_loss: 0.5506
Epoch 40/50
 - 3s - loss: 0.6479 - val_loss: 0.5466
Epoch 41/50
 - 3s - loss: 0.6470 - val_loss: 0.5446
Epoch 42/50
 - 3s - loss: 0.6478 - val_loss: 0.5550
Epoch 43/50
 - 3s - loss: 0.6471 - val_loss: 0.5469
Epoch 44/50
 - 3s - loss: 0.6474 - val_loss: 0.5541
Epoch 45/50
 - 3s - loss: 0.6476 - val_loss: 0.5360
Epoch 46/50
 - 3s - loss: 0.6468 - val_loss: 0.5380
Epoch 47/50
 - 3s - loss: 0.6477 - val_loss: 0.5435
Epoch 48/50
 - 3s - loss: 0.6481 - val_loss: 0.5422
Epoch 49/50
 - 3s - loss: 0.6469 - val_loss: 0.5426
Epoch 50/50
 - 3s - loss: 0.6472 - val_loss: 0.5444
[38;2;74;176;245m[1mProfile[0m ⏱  ···· Time elapsed in [1mFold 1/3[0m: ............................... [1m201.4s[0m
[38;2;74;176;245m[1mProfile[0m ⏱  ···· Starting [1mFold 2/3[0m
Train on 1333334 samples, validate on 666666 samples
Epoch 1/50
 - 5s - loss: 0.7138 - val_loss: 0.6720
Epoch 2/50
 - 3s - loss: 0.6852 - val_loss: 0.6052
Epoch 3/50
 - 3s - loss: 0.6730 - val_loss: 0.5373
Epoch 4/50
 - 3s - loss: 0.6630 - val_loss: 0.5353
Epoch 5/50
 - 3s - loss: 0.6559 - val_loss: 0.5631
Epoch 6/50
 - 3s - loss: 0.6514 - val_loss: 0.6041
Epoch 7/50
 - 3s - loss: 0.6502 - val_loss: 0.6222
Epoch 8/50
 - 3s - loss: 0.6496 - val_loss: 0.6142
Epoch 9/50
 - 3s - loss: 0.6492 - val_loss: 0.6127
Epoch 10/50
 - 3s - loss: 0.6485 - val_loss: 0.6066
Epoch 11/50
 - 3s - loss: 0.6486 - val_loss: 0.6056
Epoch 12/50
 - 3s - loss: 0.6491 - val_loss: 0.6056
Epoch 13/50
 - 3s - loss: 0.6487 - val_loss: 0.5869
Epoch 14/50
 - 3s - loss: 0.6480 - val_loss: 0.5850
Epoch 15/50
 - 3s - loss: 0.6485 - val_loss: 0.5870
Epoch 16/50
 - 3s - loss: 0.6482 - val_loss: 0.5860
Epoch 17/50
 - 3s - loss: 0.6479 - val_loss: 0.5893
Epoch 18/50
 - 3s - loss: 0.6479 - val_loss: 0.5778
Epoch 19/50
 - 3s - loss: 0.6479 - val_loss: 0.5846
Epoch 20/50
 - 3s - loss: 0.6482 - val_loss: 0.5721
Epoch 21/50
 - 3s - loss: 0.6482 - val_loss: 0.5633
Epoch 22/50
 - 3s - loss: 0.6483 - val_loss: 0.5497
Epoch 23/50
 - 3s - loss: 0.6481 - val_loss: 0.5547
Epoch 24/50
 - 3s - loss: 0.6482 - val_loss: 0.5412
Epoch 25/50
 - 3s - loss: 0.6479 - val_loss: 0.5380
Epoch 26/50
 - 3s - loss: 0.6480 - val_loss: 0.5691
Epoch 27/50
 - 3s - loss: 0.6482 - val_loss: 0.5504
Epoch 28/50
 - 3s - loss: 0.6477 - val_loss: 0.5531
Epoch 29/50
 - 3s - loss: 0.6475 - val_loss: 0.5534
Epoch 30/50
 - 3s - loss: 0.6479 - val_loss: 0.5559
Epoch 31/50
 - 3s - loss: 0.6478 - val_loss: 0.5569
Epoch 32/50
 - 3s - loss: 0.6473 - val_loss: 0.5622
Epoch 33/50
 - 3s - loss: 0.6480 - val_loss: 0.5552
Epoch 34/50
 - 3s - loss: 0.6471 - val_loss: 0.5417
Epoch 35/50
 - 3s - loss: 0.6479 - val_loss: 0.5479
Epoch 36/50
 - 3s - loss: 0.6482 - val_loss: 0.5512
Epoch 37/50
 - 3s - loss: 0.6476 - val_loss: 0.5470
Epoch 38/50
 - 3s - loss: 0.6472 - val_loss: 0.5359
Epoch 39/50
 - 3s - loss: 0.6475 - val_loss: 0.5475
Epoch 40/50
 - 3s - loss: 0.6472 - val_loss: 0.5416
Epoch 41/50
 - 3s - loss: 0.6477 - val_loss: 0.5420
Epoch 42/50
 - 3s - loss: 0.6479 - val_loss: 0.5476
Epoch 43/50
 - 3s - loss: 0.6476 - val_loss: 0.5436
Epoch 44/50
 - 3s - loss: 0.6474 - val_loss: 0.5413
Epoch 45/50
 - 3s - loss: 0.6475 - val_loss: 0.5465
Epoch 46/50
 - 3s - loss: 0.6481 - val_loss: 0.5458
Epoch 47/50
 - 3s - loss: 0.6475 - val_loss: 0.5362
Epoch 48/50
 - 3s - loss: 0.6486 - val_loss: 0.5496
Epoch 49/50
 - 3s - loss: 0.6474 - val_loss: 0.5388
Epoch 50/50
 - 4s - loss: 0.6475 - val_loss: 0.5384
[38;2;74;176;245m[1mProfile[0m ⏱  ···· Time elapsed in [1mFold 2/3[0m: ............................... [1m175.1s[0m
[38;2;74;176;245m[1mProfile[0m ⏱  ···· Starting [1mFold 3/3[0m
Train on 1333334 samples, validate on 666666 samples
Epoch 1/50
 - 5s - loss: 0.6975 - val_loss: 0.6258
Epoch 2/50
 - 3s - loss: 0.6722 - val_loss: 0.5612
Epoch 3/50
 - 3s - loss: 0.6609 - val_loss: 0.5947
Epoch 4/50
 - 3s - loss: 0.6551 - val_loss: 0.5894
Epoch 5/50
 - 3s - loss: 0.6504 - val_loss: 0.5815
Epoch 6/50
 - 3s - loss: 0.6489 - val_loss: 0.6056
Epoch 7/50
 - 3s - loss: 0.6480 - val_loss: 0.6139
Epoch 8/50
 - 3s - loss: 0.6477 - val_loss: 0.6228
Epoch 9/50
 - 3s - loss: 0.6481 - val_loss: 0.6166
Epoch 10/50
 - 3s - loss: 0.6476 - val_loss: 0.6077
Epoch 11/50
 - 3s - loss: 0.6471 - val_loss: 0.6026
Epoch 12/50
 - 3s - loss: 0.6476 - val_loss: 0.6027
Epoch 13/50
 - 2s - loss: 0.6472 - val_loss: 0.5947
Epoch 14/50
 - 3s - loss: 0.6477 - val_loss: 0.5924
Epoch 15/50
 - 3s - loss: 0.6479 - val_loss: 0.5904
Epoch 16/50
 - 3s - loss: 0.6473 - val_loss: 0.5847
Epoch 17/50
 - 3s - loss: 0.6477 - val_loss: 0.5829
Epoch 18/50
 - 3s - loss: 0.6473 - val_loss: 0.5759
Epoch 19/50
 - 3s - loss: 0.6470 - val_loss: 0.5658
Epoch 20/50
 - 3s - loss: 0.6473 - val_loss: 0.5648
Epoch 21/50
 - 3s - loss: 0.6467 - val_loss: 0.5654
Epoch 22/50
 - 3s - loss: 0.6465 - val_loss: 0.5592
Epoch 23/50
 - 3s - loss: 0.6476 - val_loss: 0.5654
Epoch 24/50
 - 3s - loss: 0.6471 - val_loss: 0.5569
Epoch 25/50
 - 3s - loss: 0.6473 - val_loss: 0.5591
Epoch 26/50
 - 3s - loss: 0.6469 - val_loss: 0.5567
Epoch 27/50
 - 3s - loss: 0.6477 - val_loss: 0.5554
Epoch 28/50
 - 3s - loss: 0.6471 - val_loss: 0.5504
Epoch 29/50
 - 3s - loss: 0.6469 - val_loss: 0.5506
Epoch 30/50
 - 3s - loss: 0.6470 - val_loss: 0.5493
Epoch 31/50
 - 3s - loss: 0.6469 - val_loss: 0.5488
Epoch 32/50
 - 3s - loss: 0.6468 - val_loss: 0.5513
Epoch 33/50
 - 3s - loss: 0.6478 - val_loss: 0.5538
Epoch 34/50
 - 3s - loss: 0.6463 - val_loss: 0.5432
Epoch 35/50
 - 3s - loss: 0.6468 - val_loss: 0.5507
Epoch 36/50
 - 3s - loss: 0.6475 - val_loss: 0.5493
Epoch 37/50
 - 3s - loss: 0.6471 - val_loss: 0.5487
Epoch 38/50
 - 3s - loss: 0.6467 - val_loss: 0.5489
Epoch 39/50
 - 3s - loss: 0.6471 - val_loss: 0.5502
Epoch 40/50
 - 4s - loss: 0.6467 - val_loss: 0.5460
Epoch 41/50
 - 3s - loss: 0.6464 - val_loss: 0.5458
Epoch 42/50
 - 3s - loss: 0.6474 - val_loss: 0.5484
Epoch 43/50
 - 3s - loss: 0.6471 - val_loss: 0.5415
Epoch 44/50
 - 3s - loss: 0.6467 - val_loss: 0.5419
Epoch 45/50
 - 3s - loss: 0.6458 - val_loss: 0.5334
Epoch 46/50
 - 3s - loss: 0.6472 - val_loss: 0.5372
Epoch 47/50
 - 4s - loss: 0.6465 - val_loss: 0.5376
Epoch 48/50
 - 3s - loss: 0.6470 - val_loss: 0.5448
Epoch 49/50
 - 3s - loss: 0.6466 - val_loss: 0.5411
Epoch 50/50
 - 3s - loss: 0.6464 - val_loss: 0.5414
Got result 0.543850872837
Completed successfully in 651.41 seconds. [{u'main': 0.5438508728366038}]
[38;2;74;176;245m[1mProfile[0m ⏱  ···· Time elapsed in [1mFold 3/3[0m: ............................... [1m189.3s[0m
[38;2;74;176;245m[1mProfile[0m ⏱  ·· Time elapsed in [1mClassifier-only fit, cross-validation[0m: .... [1m566.5s[0m
[38;2;74;176;245m[1mProfile[0m ⏱  Time elapsed in [1m@main[0m: ....................................... [1m626.2s[0m
cd: Going back to /exports/eddie3_homes_local/s1562020/work/adversarial/optimisation/experiments/classifier
