Job launching after 4.46 seconds in submission.
Running python job.
Changed into dir /exports/eddie3_homes_local/s1562020/work/adversarial/optimisation/experiments/classifier
Importing optimise.py
Running optimise.main()
INFO: Applying patch '/exports/eddie3_homes_local/s1562020/work/adversarial/optimisation/experiments/classifier/patches/patch.00000026.json'
INFO: Found 20 Intel(R) Xeon(R) CPU E5-2630 v4 @ 2.20GHz devices with 10 cores each.
Using TensorFlow backend.
INFO: Scaling classifier/lr -1 -> 0.1
INFO: Scaling classifier/decay -6 -> 1e-06
INFO: Scaling classifier/units 1 -> 2
INFO: Writing TensorBoard logs to 'logs/tensorboard/classifier-patch.00000026/'
INFO: Running '/exports/eddie3_homes_local/s1562020/work/adversarial/run/adversarial/common.pyc'
INFO: Command-line arguments:
INFO: Configuration file contents:
INFO: Python version: 2.7.14
INFO: Numpy  version: 1.12.1
INFO: Keras  version: 2.1.5
INFO: Using keras backend: 'tensorflow'
INFO: Found  1000000 training and  1000249 test samples for signal
INFO: Found  1000000 training and 10000000 test samples for background
INFO: load_data: Selecting only training data.
INFO: Implementing gradient reversal layer in TensorFlow
INFO: Training cross-validation classifiers
Call to main function (#26)
  Parameters: {u'classifier/model/default/units': array([1]), u'classifier/compile/decay': array([-6]), u'classifier/model/default/dropout': array([ 0.]), u'classifier/compile/lr': array([-1]), u'classifier/model/architecture': array([6]), u'classifier/model/default/activation': [u'tanh']}
param: classifier/model/default/units
param: classifier/compile/decay
param: classifier/model/default/dropout
param: classifier/compile/lr
param: classifier/model/architecture
param: classifier/model/default/activation
- - - - - - - - - - - - - - - - - - - - - - - - - - - - - - - - - - - - - - - - 
Saving the following patch to '/exports/eddie3_homes_local/s1562020/work/adversarial/optimisation/experiments/classifier/patches/patch.00000026.json':
{u'classifier': {u'compile': {u'lr': -1, u'decay': -6}, u'model': {u'default': {u'units': 1, u'dropout': 0.0, u'activation': u'tanh'}, u'architecture': 6}, 'fit': {'epochs': 50, 'batch_size': 8192}}}
- - - - - - - - - - - - - - - - - - - - - - - - - - - - - - - - - - - - - - - - 
cd: Going to /exports/eddie3_homes_local/s1562020/work/adversarial/
[38;2;74;176;245m[1mProfile[0m ⏱  Starting [1m@main[0m
[38;2;74;176;245m[1mProfile[0m ⏱  ·· Starting [1mInitialisation[0m
[38;2;74;176;245m[1mProfile[0m ⏱  ···· Starting [1m@initialise[0m
[38;2;74;176;245m[1mProfile[0m ⏱  ···· Time elapsed in [1m@initialise[0m: .............................. [1m0.0s[0m
[38;2;74;176;245m[1mProfile[0m ⏱  ···· Starting [1m@initialise_backend[0m
[38;2;74;176;245m[1mProfile[0m ⏱  ······ Starting [1m@configure_tensorflow[0m
[38;2;74;176;245m[1mProfile[0m ⏱  ······ Time elapsed in [1m@configure_tensorflow[0m: ................. [1m17.9s[0m
[38;2;74;176;245m[1mProfile[0m ⏱  ···· Time elapsed in [1m@initialise_backend[0m: ..................... [1m19.0s[0m
{'config': './configs/default.json',
 'devices': 7,
 'folds': 3,
 'gpu': True,
 'input': './input/',
 'jobname': 'classifier-patch.00000026',
 'mode': 'gpu',
 'optimise_adversarial': False,
 'optimise_classifier': True,
 'output': './output/',
 'patches': ['/exports/eddie3_homes_local/s1562020/work/adversarial/optimisation/experiments/classifier/patches/patch.00000026.json'],
 'tensorboard': True,
 'theano': False,
 'train': False,
 'train_adversarial': False,
 'train_classifier': True,
 'verbose': False}
{u'adversary': {u'compile': {},
                u'fit': {},
                u'model': {u'architecture': [{}, {}, {}, {}],
                           u'default': {u'activation': u'relu',
                                        u'units': 64},
                           u'gmm_components': 5}},
 u'classifier': {u'compile': {u'loss': u'binary_crossentropy',
                              u'optimizer': <keras.optimizers.Adam object at 0x2b362a305310>},
                 u'fit': {u'batch_size': 57344,
                          u'epochs': 50,
                          u'shuffle': True,
                          'verbose': 2},
                 u'model': {u'architecture': [{}, {}, {}, {}, {}, {}],
                            u'default': {u'activation': u'tanh',
                                         u'batchnorm': True,
                                         u'dropout': 0.0,
                                         u'units': 2}}},
 u'combined': {u'compile': {u'loss': [u'binary_crossentropy', None],
                            u'loss_weights': [1.8181818181818182e-09, 1.0],
                            u'optimizer': <keras.optimizers.Adam object at 0x2b362a305350>},
               u'fit': {u'batch_size': 57344,
                        u'epochs': 100,
                        u'shuffle': True,
                        'verbose': 2},
               u'model': {u'lambda_reg': 10.0,
                          u'lr_ratio': 1.8181818181818182e-09},
               u'pretrain': 10}}
  TensorFlow version: 1.4.1
[38;2;74;176;245m[1mProfile[0m ⏱  ·· Time elapsed in [1mInitialisation[0m: ............................ [1m19.1s[0m
[38;2;74;176;245m[1mProfile[0m ⏱  ·· Starting [1m@load_data[0m
[38;2;74;176;245m[1mProfile[0m ⏱  ·· Time elapsed in [1m@load_data[0m: ................................ [1m35.8s[0m
[38;2;74;176;245m[1mProfile[0m ⏱  ·· Starting [1m@get_decorrelation_variables[0m
[38;2;74;176;245m[1mProfile[0m ⏱  ·· Time elapsed in [1m@get_decorrelation_variables[0m: ............... [1m0.0s[0m
[38;2;74;176;245m[1mProfile[0m ⏱  ·· Starting [1mClassifier-only fit, cross-validation[0m
[38;2;74;176;245m[1mProfile[0m ⏱  ···· Starting [1mFold 1/3[0m
Train on 1333332 samples, validate on 666668 samples
Epoch 1/50
 - 5s - loss: 0.5381 - val_loss: 0.7881
Epoch 2/50
 - 3s - loss: 0.4407 - val_loss: 0.7731
Epoch 3/50
 - 3s - loss: 0.4022 - val_loss: 1.2430
Epoch 4/50
 - 3s - loss: 0.3961 - val_loss: 0.7631
Epoch 5/50
 - 3s - loss: 0.3941 - val_loss: 0.6325
Epoch 6/50
 - 3s - loss: 0.3936 - val_loss: 0.6458
Epoch 7/50
 - 3s - loss: 0.3939 - val_loss: 0.6460
Epoch 8/50
 - 3s - loss: 0.3936 - val_loss: 0.5934
Epoch 9/50
 - 3s - loss: 0.3938 - val_loss: 0.6187
Epoch 10/50
 - 3s - loss: 0.3935 - val_loss: 0.5844
Epoch 11/50
 - 3s - loss: 0.3938 - val_loss: 0.7258
Epoch 12/50
 - 3s - loss: 0.3930 - val_loss: 0.5712
Epoch 13/50
 - 3s - loss: 0.3920 - val_loss: 0.5121
Epoch 14/50
 - 3s - loss: 0.3921 - val_loss: 0.4976
Epoch 15/50
 - 3s - loss: 0.3931 - val_loss: 0.5510
Epoch 16/50
 - 3s - loss: 0.3924 - val_loss: 0.5501
Epoch 17/50
 - 3s - loss: 0.3919 - val_loss: 0.5377
Epoch 18/50
 - 3s - loss: 0.3926 - val_loss: 0.5593
Epoch 19/50
 - 3s - loss: 0.3928 - val_loss: 0.5381
Epoch 20/50
 - 3s - loss: 0.3927 - val_loss: 0.4972
Epoch 21/50
 - 3s - loss: 0.3931 - val_loss: 0.4165
Epoch 22/50
 - 3s - loss: 0.3931 - val_loss: 0.5396
Epoch 23/50
 - 3s - loss: 0.3938 - val_loss: 0.4985
Epoch 24/50
 - 3s - loss: 0.3927 - val_loss: 0.5284
Epoch 25/50
 - 3s - loss: 0.3927 - val_loss: 0.5538
Epoch 26/50
 - 3s - loss: 0.3922 - val_loss: 0.5296
Epoch 27/50
 - 3s - loss: 0.3929 - val_loss: 0.5386
Epoch 28/50
 - 3s - loss: 0.3924 - val_loss: 0.5523
Epoch 29/50
 - 3s - loss: 0.3929 - val_loss: 0.4707
Epoch 30/50
 - 3s - loss: 0.3924 - val_loss: 0.5208
Epoch 31/50
 - 3s - loss: 0.3924 - val_loss: 0.5974
Epoch 32/50
 - 3s - loss: 0.3925 - val_loss: 0.4675
Epoch 33/50
 - 3s - loss: 0.3932 - val_loss: 0.5490
Epoch 34/50
 - 3s - loss: 0.3930 - val_loss: 0.4445
Epoch 35/50
 - 3s - loss: 0.3930 - val_loss: 0.4477
Epoch 36/50
 - 4s - loss: 0.3916 - val_loss: 0.6235
Epoch 37/50
 - 3s - loss: 0.3924 - val_loss: 0.4566
Epoch 38/50
 - 3s - loss: 0.3925 - val_loss: 0.7714
Epoch 39/50
 - 4s - loss: 0.3934 - val_loss: 0.5759
Epoch 40/50
 - 3s - loss: 0.3921 - val_loss: 0.4269
Epoch 41/50
 - 3s - loss: 0.3930 - val_loss: 0.5022
Epoch 42/50
 - 3s - loss: 0.3928 - val_loss: 0.6295
Epoch 43/50
 - 3s - loss: 0.3932 - val_loss: 0.5974
Epoch 44/50
 - 3s - loss: 0.3921 - val_loss: 0.6144
Epoch 45/50
 - 3s - loss: 0.3930 - val_loss: 0.5394
Epoch 46/50
 - 3s - loss: 0.3927 - val_loss: 0.6800
Epoch 47/50
 - 3s - loss: 0.3934 - val_loss: 0.6149
Epoch 48/50
 - 3s - loss: 0.3953 - val_loss: 0.6470
Epoch 49/50
 - 3s - loss: 0.3938 - val_loss: 0.7302
Epoch 50/50
 - 4s - loss: 0.3926 - val_loss: 0.5917
[38;2;74;176;245m[1mProfile[0m ⏱  ···· Time elapsed in [1mFold 1/3[0m: ............................... [1m190.2s[0m
[38;2;74;176;245m[1mProfile[0m ⏱  ···· Starting [1mFold 2/3[0m
Train on 1333334 samples, validate on 666666 samples
Epoch 1/50
 - 5s - loss: 0.7033 - val_loss: 0.6940
Epoch 2/50
 - 3s - loss: 0.6950 - val_loss: 0.6933
Epoch 3/50
 - 3s - loss: 0.6942 - val_loss: 0.6930
Epoch 4/50
 - 3s - loss: 0.6941 - val_loss: 0.6930
Epoch 5/50
 - 4s - loss: 0.6941 - val_loss: 0.6932
Epoch 6/50
 - 3s - loss: 0.6943 - val_loss: 0.6930
Epoch 7/50
 - 3s - loss: 0.6941 - val_loss: 0.6930
Epoch 8/50
 - 3s - loss: 0.6941 - val_loss: 0.6930
Epoch 9/50
 - 3s - loss: 0.6941 - val_loss: 0.6929
Epoch 10/50
 - 3s - loss: 0.6942 - val_loss: 0.6929
Epoch 11/50
 - 3s - loss: 0.6941 - val_loss: 0.6930
Epoch 12/50
 - 3s - loss: 0.6941 - val_loss: 0.6930
Epoch 13/50
 - 3s - loss: 0.6941 - val_loss: 0.6929
Epoch 14/50
 - 4s - loss: 0.6941 - val_loss: 0.6930
Epoch 15/50
 - 3s - loss: 0.6942 - val_loss: 0.6929
Epoch 16/50
 - 3s - loss: 0.6942 - val_loss: 0.6935
Epoch 17/50
 - 3s - loss: 0.6942 - val_loss: 0.6929
Epoch 18/50
 - 4s - loss: 0.6942 - val_loss: 0.6934
Epoch 19/50
 - 3s - loss: 0.6942 - val_loss: 0.6930
Epoch 20/50
 - 3s - loss: 0.6941 - val_loss: 0.6929
Epoch 21/50
 - 3s - loss: 0.6941 - val_loss: 0.6929
Epoch 22/50
 - 3s - loss: 0.6941 - val_loss: 0.6929
Epoch 23/50
 - 3s - loss: 0.6941 - val_loss: 0.6930
Epoch 24/50
 - 3s - loss: 0.6941 - val_loss: 0.6930
Epoch 25/50
 - 3s - loss: 0.6941 - val_loss: 0.6930
Epoch 26/50
 - 3s - loss: 0.6941 - val_loss: 0.6930
Epoch 27/50
 - 3s - loss: 0.6941 - val_loss: 0.6930
Epoch 28/50
 - 4s - loss: 0.6941 - val_loss: 0.6933
Epoch 29/50
 - 3s - loss: 0.6943 - val_loss: 0.6930
Epoch 30/50
 - 3s - loss: 0.6941 - val_loss: 0.6936
Epoch 31/50
 - 3s - loss: 0.6943 - val_loss: 0.6930
Epoch 32/50
 - 3s - loss: 0.6941 - val_loss: 0.6929
Epoch 33/50
 - 3s - loss: 0.6941 - val_loss: 0.6930
Epoch 34/50
 - 3s - loss: 0.6941 - val_loss: 0.6929
Epoch 35/50
 - 3s - loss: 0.6942 - val_loss: 0.6932
Epoch 36/50
 - 3s - loss: 0.6942 - val_loss: 0.6930
Epoch 37/50
 - 3s - loss: 0.6941 - val_loss: 0.6931
Epoch 38/50
 - 3s - loss: 0.6941 - val_loss: 0.6931
Epoch 39/50
 - 3s - loss: 0.6941 - val_loss: 0.6930
Epoch 40/50
 - 3s - loss: 0.6941 - val_loss: 0.6929
Epoch 41/50
 - 3s - loss: 0.6941 - val_loss: 0.6930
Epoch 42/50
 - 3s - loss: 0.6942 - val_loss: 0.6930
Epoch 43/50
 - 3s - loss: 0.6942 - val_loss: 0.6933
Epoch 44/50
 - 3s - loss: 0.6942 - val_loss: 0.6931
Epoch 45/50
 - 3s - loss: 0.6941 - val_loss: 0.6938
Epoch 46/50
 - 3s - loss: 0.6944 - val_loss: 0.6930
Epoch 47/50
 - 3s - loss: 0.6941 - val_loss: 0.6929
Epoch 48/50
 - 3s - loss: 0.6941 - val_loss: 0.6930
Epoch 49/50
 - 3s - loss: 0.6941 - val_loss: 0.6929
Epoch 50/50
 - 3s - loss: 0.6941 - val_loss: 0.6929
[38;2;74;176;245m[1mProfile[0m ⏱  ···· Time elapsed in [1mFold 2/3[0m: ............................... [1m191.7s[0m
[38;2;74;176;245m[1mProfile[0m ⏱  ···· Starting [1mFold 3/3[0m
Train on 1333334 samples, validate on 666666 samples
Epoch 1/50
 - 5s - loss: 0.7266 - val_loss: 8.0056
Epoch 2/50
 - 3s - loss: 0.7052 - val_loss: 0.6975
Epoch 3/50
 - 3s - loss: 0.6944 - val_loss: 0.7548
Epoch 4/50
 - 3s - loss: 0.6933 - val_loss: 0.7890
Epoch 5/50
 - 2s - loss: 0.6933 - val_loss: 0.7987
Epoch 6/50
 - 3s - loss: 0.6932 - val_loss: 0.8059
Epoch 7/50
 - 3s - loss: 0.6932 - val_loss: 0.8136
Epoch 8/50
 - 3s - loss: 0.6932 - val_loss: 0.8230
Epoch 9/50
 - 3s - loss: 0.6932 - val_loss: 1.1280
Epoch 10/50
 - 3s - loss: 0.6932 - val_loss: 1.1265
Epoch 11/50
 - 3s - loss: 0.6932 - val_loss: 8.0056
Epoch 12/50
 - 4s - loss: 0.6932 - val_loss: 1.1139
Epoch 13/50
 - 3s - loss: 0.6932 - val_loss: 1.0886
Epoch 14/50
 - 3s - loss: 0.6932 - val_loss: 0.8812
Epoch 15/50
 - 3s - loss: 0.6932 - val_loss: 0.7221
Epoch 16/50
 - 3s - loss: 0.6932 - val_loss: 0.6959
Epoch 17/50
 - 3s - loss: 0.6932 - val_loss: 0.6944
Epoch 18/50
 - 3s - loss: 0.6932 - val_loss: 0.6947
Epoch 19/50
 - 3s - loss: 0.6932 - val_loss: 0.6943
Epoch 20/50
 - 3s - loss: 0.6933 - val_loss: 0.6943
Epoch 21/50
 - 3s - loss: 0.6932 - val_loss: 0.6943
Epoch 22/50
 - 3s - loss: 0.6932 - val_loss: 0.6943
Epoch 23/50
 - 3s - loss: 0.6932 - val_loss: 0.6944
Epoch 24/50
 - 3s - loss: 0.6932 - val_loss: 0.6943
Epoch 25/50
 - 2s - loss: 0.6932 - val_loss: 0.6943
Epoch 26/50
 - 3s - loss: 0.6932 - val_loss: 0.6943
Epoch 27/50
 - 3s - loss: 0.6932 - val_loss: 0.6943
Epoch 28/50
 - 2s - loss: 0.6932 - val_loss: 0.6942
Epoch 29/50
 - 4s - loss: 0.6932 - val_loss: 0.6944
Epoch 30/50
 - 3s - loss: 0.6931 - val_loss: 0.6943
Epoch 31/50
 - 3s - loss: 0.6932 - val_loss: 0.6945
Epoch 32/50
 - 3s - loss: 0.6932 - val_loss: 0.6943
Epoch 33/50
 - 3s - loss: 0.6931 - val_loss: 0.6943
Epoch 34/50
 - 3s - loss: 0.6932 - val_loss: 0.6941
Epoch 35/50
 - 3s - loss: 0.6931 - val_loss: 0.6943
Epoch 36/50
 - 3s - loss: 0.6931 - val_loss: 0.6943
Epoch 37/50
 - 4s - loss: 0.6931 - val_loss: 0.6944
Epoch 38/50
 - 3s - loss: 0.6932 - val_loss: 0.6943
Epoch 39/50
 - 3s - loss: 0.6932 - val_loss: 0.6944
Epoch 40/50
 - 3s - loss: 0.6932 - val_loss: 0.6945
Epoch 41/50
 - 3s - loss: 0.6931 - val_loss: 0.6943
Epoch 42/50
 - 3s - loss: 0.6932 - val_loss: 0.6943
Epoch 43/50
 - 3s - loss: 0.6931 - val_loss: 0.6943
Epoch 44/50
 - 3s - loss: 0.6932 - val_loss: 0.6943
Epoch 45/50
 - 3s - loss: 0.6932 - val_loss: 0.6944
Epoch 46/50
 - 3s - loss: 0.6931 - val_loss: 0.6944
Epoch 47/50
 - 3s - loss: 0.6932 - val_loss: 0.6943
Epoch 48/50
 - 3s - loss: 0.6932 - val_loss: 0.6943
Epoch 49/50
 - 3s - loss: 0.6932 - val_loss: 0.6943
Epoch 50/50
 - 3s - loss: 0.6931 - val_loss: 0.6943
Got result 0.707703829838
Completed successfully in 644.15 seconds. [{u'main': 0.7077038298378421}]
[38;2;74;176;245m[1mProfile[0m ⏱  ···· Time elapsed in [1mFold 3/3[0m: ............................... [1m180.8s[0m
[38;2;74;176;245m[1mProfile[0m ⏱  ·· Time elapsed in [1mClassifier-only fit, cross-validation[0m: .... [1m563.5s[0m
[38;2;74;176;245m[1mProfile[0m ⏱  Time elapsed in [1m@main[0m: ....................................... [1m618.8s[0m
cd: Going back to /exports/eddie3_homes_local/s1562020/work/adversarial/optimisation/experiments/classifier
