Job launching after 6.50 seconds in submission.
Running python job.
Changed into dir /exports/eddie3_homes_local/s1562020/work/adversarial/optimisation/experiments/classifier
Importing optimise.py
Running optimise.main()
INFO: Applying patch '/exports/eddie3_homes_local/s1562020/work/adversarial/optimisation/experiments/classifier/patches/patch.00000052.json'
INFO: Found 20 Intel(R) Xeon(R) CPU E5-2630 v4 @ 2.20GHz devices with 10 cores each.
Using TensorFlow backend.
INFO: Scaling classifier/lr -5 -> 1e-05
INFO: Scaling classifier/decay -6 -> 1e-06
INFO: Scaling classifier/units 9 -> 512
INFO: Writing TensorBoard logs to 'logs/tensorboard/classifier-patch.00000052/'
INFO: Running '/exports/eddie3_homes_local/s1562020/work/adversarial/run/adversarial/common.pyc'
INFO: Command-line arguments:
INFO: Configuration file contents:
INFO: Python version: 2.7.14
INFO: Numpy  version: 1.12.1
INFO: Keras  version: 2.1.5
INFO: Using keras backend: 'tensorflow'
INFO: Found  1000000 training and  1000249 test samples for signal
INFO: Found  1000000 training and 10000000 test samples for background
INFO: load_data: Selecting only training data.
INFO: Implementing gradient reversal layer in TensorFlow
INFO: Training cross-validation classifiers
Call to main function (#52)
  Parameters: {u'classifier/model/default/units': array([9]), u'classifier/compile/decay': array([-6]), u'classifier/model/default/dropout': array([ 0.47484249]), u'classifier/compile/lr': array([-5]), u'classifier/model/architecture': array([1]), u'classifier/model/default/activation': [u'relu']}
param: classifier/model/default/units
param: classifier/compile/decay
param: classifier/model/default/dropout
param: classifier/compile/lr
param: classifier/model/architecture
param: classifier/model/default/activation
- - - - - - - - - - - - - - - - - - - - - - - - - - - - - - - - - - - - - - - - 
Saving the following patch to '/exports/eddie3_homes_local/s1562020/work/adversarial/optimisation/experiments/classifier/patches/patch.00000052.json':
{u'classifier': {u'compile': {u'lr': -5, u'decay': -6}, u'model': {u'default': {u'units': 9, u'dropout': 0.47484249274850215, u'activation': u'relu'}, u'architecture': 1}, 'fit': {'epochs': 50, 'batch_size': 8192}}}
- - - - - - - - - - - - - - - - - - - - - - - - - - - - - - - - - - - - - - - - 
cd: Going to /exports/eddie3_homes_local/s1562020/work/adversarial/
[38;2;74;176;245m[1mProfile[0m ⏱  Starting [1m@main[0m
[38;2;74;176;245m[1mProfile[0m ⏱  ·· Starting [1mInitialisation[0m
[38;2;74;176;245m[1mProfile[0m ⏱  ···· Starting [1m@initialise[0m
[38;2;74;176;245m[1mProfile[0m ⏱  ···· Time elapsed in [1m@initialise[0m: .............................. [1m0.0s[0m
[38;2;74;176;245m[1mProfile[0m ⏱  ···· Starting [1m@initialise_backend[0m
[38;2;74;176;245m[1mProfile[0m ⏱  ······ Starting [1m@configure_tensorflow[0m
[38;2;74;176;245m[1mProfile[0m ⏱  ······ Time elapsed in [1m@configure_tensorflow[0m: ................. [1m16.9s[0m
[38;2;74;176;245m[1mProfile[0m ⏱  ···· Time elapsed in [1m@initialise_backend[0m: ..................... [1m17.8s[0m
{'config': './configs/default.json',
 'devices': 7,
 'folds': 3,
 'gpu': True,
 'input': './input/',
 'jobname': 'classifier-patch.00000052',
 'mode': 'gpu',
 'optimise_adversarial': False,
 'optimise_classifier': True,
 'output': './output/',
 'patches': ['/exports/eddie3_homes_local/s1562020/work/adversarial/optimisation/experiments/classifier/patches/patch.00000052.json'],
 'tensorboard': True,
 'theano': False,
 'train': False,
 'train_adversarial': False,
 'train_classifier': True,
 'verbose': False}
{u'adversary': {u'compile': {},
                u'fit': {},
                u'model': {u'architecture': [{}, {}, {}, {}],
                           u'default': {u'activation': u'relu',
                                        u'units': 64},
                           u'gmm_components': 5}},
 u'classifier': {u'compile': {u'loss': u'binary_crossentropy',
                              u'optimizer': <keras.optimizers.Adam object at 0x2b49c75fa310>},
                 u'fit': {u'batch_size': 57344,
                          u'epochs': 50,
                          u'shuffle': True,
                          'verbose': 2},
                 u'model': {u'architecture': [{}],
                            u'default': {u'activation': u'relu',
                                         u'batchnorm': True,
                                         u'dropout': 0.47484249274850215,
                                         u'units': 512}}},
 u'combined': {u'compile': {u'loss': [u'binary_crossentropy', None],
                            u'loss_weights': [1.8181818181818182e-09, 1.0],
                            u'optimizer': <keras.optimizers.Adam object at 0x2b49c75fa350>},
               u'fit': {u'batch_size': 57344,
                        u'epochs': 100,
                        u'shuffle': True,
                        'verbose': 2},
               u'model': {u'lambda_reg': 10.0,
                          u'lr_ratio': 1.8181818181818182e-09},
               u'pretrain': 10}}
  TensorFlow version: 1.4.1
[38;2;74;176;245m[1mProfile[0m ⏱  ·· Time elapsed in [1mInitialisation[0m: ............................ [1m18.0s[0m
[38;2;74;176;245m[1mProfile[0m ⏱  ·· Starting [1m@load_data[0m
[38;2;74;176;245m[1mProfile[0m ⏱  ·· Time elapsed in [1m@load_data[0m: ................................ [1m33.9s[0m
[38;2;74;176;245m[1mProfile[0m ⏱  ·· Starting [1m@get_decorrelation_variables[0m
[38;2;74;176;245m[1mProfile[0m ⏱  ·· Time elapsed in [1m@get_decorrelation_variables[0m: ............... [1m0.0s[0m
[38;2;74;176;245m[1mProfile[0m ⏱  ·· Starting [1mClassifier-only fit, cross-validation[0m
[38;2;74;176;245m[1mProfile[0m ⏱  ···· Starting [1mFold 1/3[0m
Train on 1333332 samples, validate on 666668 samples
Epoch 1/50
 - 3s - loss: 0.6995 - val_loss: 0.6937
Epoch 2/50
 - 3s - loss: 0.6948 - val_loss: 0.6892
Epoch 3/50
 - 3s - loss: 0.6899 - val_loss: 0.6845
Epoch 4/50
 - 3s - loss: 0.6851 - val_loss: 0.6802
Epoch 5/50
 - 3s - loss: 0.6807 - val_loss: 0.6758
Epoch 6/50
 - 3s - loss: 0.6761 - val_loss: 0.6718
Epoch 7/50
 - 3s - loss: 0.6716 - val_loss: 0.6677
Epoch 8/50
 - 3s - loss: 0.6677 - val_loss: 0.6640
Epoch 9/50
 - 3s - loss: 0.6637 - val_loss: 0.6603
Epoch 10/50
 - 3s - loss: 0.6597 - val_loss: 0.6560
Epoch 11/50
 - 3s - loss: 0.6558 - val_loss: 0.6523
Epoch 12/50
 - 3s - loss: 0.6520 - val_loss: 0.6495
Epoch 13/50
 - 3s - loss: 0.6485 - val_loss: 0.6453
Epoch 14/50
 - 3s - loss: 0.6448 - val_loss: 0.6422
Epoch 15/50
 - 3s - loss: 0.6413 - val_loss: 0.6392
Epoch 16/50
 - 3s - loss: 0.6380 - val_loss: 0.6358
Epoch 17/50
 - 3s - loss: 0.6349 - val_loss: 0.6326
Epoch 18/50
 - 3s - loss: 0.6312 - val_loss: 0.6306
Epoch 19/50
 - 3s - loss: 0.6286 - val_loss: 0.6271
Epoch 20/50
 - 3s - loss: 0.6252 - val_loss: 0.6243
Epoch 21/50
 - 3s - loss: 0.6223 - val_loss: 0.6203
Epoch 22/50
 - 3s - loss: 0.6192 - val_loss: 0.6181
Epoch 23/50
 - 3s - loss: 0.6162 - val_loss: 0.6151
Epoch 24/50
 - 3s - loss: 0.6137 - val_loss: 0.6121
Epoch 25/50
 - 2s - loss: 0.6107 - val_loss: 0.6100
Epoch 26/50
 - 3s - loss: 0.6080 - val_loss: 0.6074
Epoch 27/50
 - 3s - loss: 0.6053 - val_loss: 0.6049
Epoch 28/50
 - 3s - loss: 0.6029 - val_loss: 0.6018
Epoch 29/50
 - 3s - loss: 0.6004 - val_loss: 0.5998
Epoch 30/50
 - 3s - loss: 0.5977 - val_loss: 0.5968
Epoch 31/50
 - 3s - loss: 0.5952 - val_loss: 0.5949
Epoch 32/50
 - 3s - loss: 0.5926 - val_loss: 0.5930
Epoch 33/50
 - 3s - loss: 0.5904 - val_loss: 0.5907
Epoch 34/50
 - 3s - loss: 0.5878 - val_loss: 0.5869
Epoch 35/50
 - 3s - loss: 0.5856 - val_loss: 0.5854
Epoch 36/50
 - 3s - loss: 0.5832 - val_loss: 0.5832
Epoch 37/50
 - 3s - loss: 0.5807 - val_loss: 0.5820
Epoch 38/50
 - 3s - loss: 0.5785 - val_loss: 0.5795
Epoch 39/50
 - 4s - loss: 0.5769 - val_loss: 0.5749
Epoch 40/50
 - 3s - loss: 0.5746 - val_loss: 0.5741
Epoch 41/50
 - 3s - loss: 0.5724 - val_loss: 0.5733
Epoch 42/50
 - 3s - loss: 0.5705 - val_loss: 0.5698
Epoch 43/50
 - 3s - loss: 0.5684 - val_loss: 0.5711
Epoch 44/50
 - 3s - loss: 0.5660 - val_loss: 0.5656
Epoch 45/50
 - 3s - loss: 0.5641 - val_loss: 0.5646
Epoch 46/50
 - 4s - loss: 0.5623 - val_loss: 0.5614
Epoch 47/50
 - 4s - loss: 0.5604 - val_loss: 0.5610
Epoch 48/50
 - 3s - loss: 0.5582 - val_loss: 0.5589
Epoch 49/50
 - 3s - loss: 0.5567 - val_loss: 0.5565
Epoch 50/50
 - 3s - loss: 0.5550 - val_loss: 0.5550
[38;2;74;176;245m[1mProfile[0m ⏱  ···· Time elapsed in [1mFold 1/3[0m: ............................... [1m169.4s[0m
[38;2;74;176;245m[1mProfile[0m ⏱  ···· Starting [1mFold 2/3[0m
Train on 1333334 samples, validate on 666666 samples
Epoch 1/50
 - 4s - loss: 0.6929 - val_loss: 0.6748
Epoch 2/50
 - 3s - loss: 0.6712 - val_loss: 0.6583
Epoch 3/50
 - 2s - loss: 0.6560 - val_loss: 0.6460
Epoch 4/50
 - 2s - loss: 0.6444 - val_loss: 0.6363
Epoch 5/50
 - 2s - loss: 0.6352 - val_loss: 0.6280
Epoch 6/50
 - 2s - loss: 0.6273 - val_loss: 0.6217
Epoch 7/50
 - 3s - loss: 0.6201 - val_loss: 0.6152
Epoch 8/50
 - 2s - loss: 0.6141 - val_loss: 0.6105
Epoch 9/50
 - 3s - loss: 0.6084 - val_loss: 0.6053
Epoch 10/50
 - 3s - loss: 0.6031 - val_loss: 0.6003
Epoch 11/50
 - 2s - loss: 0.5982 - val_loss: 0.5945
Epoch 12/50
 - 2s - loss: 0.5938 - val_loss: 0.5906
Epoch 13/50
 - 2s - loss: 0.5893 - val_loss: 0.5865
Epoch 14/50
 - 3s - loss: 0.5857 - val_loss: 0.5827
Epoch 15/50
 - 3s - loss: 0.5815 - val_loss: 0.5789
Epoch 16/50
 - 3s - loss: 0.5781 - val_loss: 0.5754
Epoch 17/50
 - 3s - loss: 0.5748 - val_loss: 0.5723
Epoch 18/50
 - 3s - loss: 0.5716 - val_loss: 0.5691
Epoch 19/50
 - 3s - loss: 0.5687 - val_loss: 0.5658
Epoch 20/50
 - 3s - loss: 0.5653 - val_loss: 0.5638
Epoch 21/50
 - 3s - loss: 0.5625 - val_loss: 0.5607
Epoch 22/50
 - 3s - loss: 0.5597 - val_loss: 0.5575
Epoch 23/50
 - 3s - loss: 0.5570 - val_loss: 0.5568
Epoch 24/50
 - 3s - loss: 0.5547 - val_loss: 0.5529
Epoch 25/50
 - 3s - loss: 0.5521 - val_loss: 0.5508
Epoch 26/50
 - 3s - loss: 0.5497 - val_loss: 0.5494
Epoch 27/50
 - 3s - loss: 0.5475 - val_loss: 0.5472
Epoch 28/50
 - 3s - loss: 0.5450 - val_loss: 0.5447
Epoch 29/50
 - 3s - loss: 0.5432 - val_loss: 0.5416
Epoch 30/50
 - 3s - loss: 0.5410 - val_loss: 0.5406
Epoch 31/50
 - 3s - loss: 0.5390 - val_loss: 0.5396
Epoch 32/50
 - 3s - loss: 0.5373 - val_loss: 0.5357
Epoch 33/50
 - 3s - loss: 0.5351 - val_loss: 0.5350
Epoch 34/50
 - 3s - loss: 0.5332 - val_loss: 0.5325
Epoch 35/50
 - 3s - loss: 0.5314 - val_loss: 0.5310
Epoch 36/50
 - 3s - loss: 0.5295 - val_loss: 0.5287
Epoch 37/50
 - 3s - loss: 0.5280 - val_loss: 0.5285
Epoch 38/50
 - 3s - loss: 0.5264 - val_loss: 0.5255
Epoch 39/50
 - 3s - loss: 0.5247 - val_loss: 0.5245
Epoch 40/50
 - 3s - loss: 0.5231 - val_loss: 0.5232
Epoch 41/50
 - 3s - loss: 0.5219 - val_loss: 0.5214
Epoch 42/50
 - 3s - loss: 0.5200 - val_loss: 0.5188
Epoch 43/50
 - 3s - loss: 0.5182 - val_loss: 0.5176
Epoch 44/50
 - 3s - loss: 0.5173 - val_loss: 0.5148
Epoch 45/50
 - 3s - loss: 0.5160 - val_loss: 0.5161
Epoch 46/50
 - 3s - loss: 0.5143 - val_loss: 0.5130
Epoch 47/50
 - 3s - loss: 0.5129 - val_loss: 0.5123
Epoch 48/50
 - 3s - loss: 0.5118 - val_loss: 0.5104
Epoch 49/50
 - 3s - loss: 0.5106 - val_loss: 0.5096
Epoch 50/50
 - 3s - loss: 0.5093 - val_loss: 0.5094
[38;2;74;176;245m[1mProfile[0m ⏱  ···· Time elapsed in [1mFold 2/3[0m: ............................... [1m142.1s[0m
[38;2;74;176;245m[1mProfile[0m ⏱  ···· Starting [1mFold 3/3[0m
Train on 1333334 samples, validate on 666666 samples
Epoch 1/50
 - 3s - loss: 0.6810 - val_loss: 0.6677
Epoch 2/50
 - 3s - loss: 0.6572 - val_loss: 0.6483
Epoch 3/50
 - 3s - loss: 0.6411 - val_loss: 0.6345
Epoch 4/50
 - 2s - loss: 0.6292 - val_loss: 0.6257
Epoch 5/50
 - 2s - loss: 0.6197 - val_loss: 0.6179
Epoch 6/50
 - 2s - loss: 0.6114 - val_loss: 0.6103
Epoch 7/50
 - 3s - loss: 0.6045 - val_loss: 0.6037
Epoch 8/50
 - 2s - loss: 0.5981 - val_loss: 0.5976
Epoch 9/50
 - 2s - loss: 0.5927 - val_loss: 0.5923
Epoch 10/50
 - 3s - loss: 0.5875 - val_loss: 0.5880
Epoch 11/50
 - 3s - loss: 0.5822 - val_loss: 0.5825
Epoch 12/50
 - 3s - loss: 0.5778 - val_loss: 0.5800
Epoch 13/50
 - 3s - loss: 0.5739 - val_loss: 0.5748
Epoch 14/50
 - 2s - loss: 0.5698 - val_loss: 0.5717
Epoch 15/50
 - 3s - loss: 0.5662 - val_loss: 0.5675
Epoch 16/50
 - 2s - loss: 0.5628 - val_loss: 0.5644
Epoch 17/50
 - 2s - loss: 0.5593 - val_loss: 0.5607
Epoch 18/50
 - 3s - loss: 0.5563 - val_loss: 0.5580
Epoch 19/50
 - 3s - loss: 0.5534 - val_loss: 0.5553
Epoch 20/50
 - 2s - loss: 0.5504 - val_loss: 0.5528
Epoch 21/50
 - 3s - loss: 0.5476 - val_loss: 0.5496
Epoch 22/50
 - 2s - loss: 0.5450 - val_loss: 0.5470
Epoch 23/50
 - 2s - loss: 0.5425 - val_loss: 0.5450
Epoch 24/50
 - 2s - loss: 0.5401 - val_loss: 0.5420
Epoch 25/50
 - 2s - loss: 0.5379 - val_loss: 0.5410
Epoch 26/50
 - 2s - loss: 0.5359 - val_loss: 0.5379
Epoch 27/50
 - 3s - loss: 0.5337 - val_loss: 0.5346
Epoch 28/50
 - 3s - loss: 0.5316 - val_loss: 0.5321
Epoch 29/50
 - 3s - loss: 0.5293 - val_loss: 0.5297
Epoch 30/50
 - 3s - loss: 0.5274 - val_loss: 0.5292
Epoch 31/50
 - 3s - loss: 0.5256 - val_loss: 0.5273
Epoch 32/50
 - 2s - loss: 0.5234 - val_loss: 0.5265
Epoch 33/50
 - 2s - loss: 0.5220 - val_loss: 0.5234
Epoch 34/50
 - 2s - loss: 0.5203 - val_loss: 0.5221
Epoch 35/50
 - 2s - loss: 0.5188 - val_loss: 0.5201
Epoch 36/50
 - 3s - loss: 0.5169 - val_loss: 0.5183
Epoch 37/50
 - 2s - loss: 0.5155 - val_loss: 0.5166
Epoch 38/50
 - 3s - loss: 0.5140 - val_loss: 0.5162
Epoch 39/50
 - 2s - loss: 0.5124 - val_loss: 0.5158
Epoch 40/50
 - 3s - loss: 0.5109 - val_loss: 0.5132
Epoch 41/50
 - 2s - loss: 0.5095 - val_loss: 0.5122
Epoch 42/50
 - 2s - loss: 0.5082 - val_loss: 0.5111
Epoch 43/50
 - 3s - loss: 0.5071 - val_loss: 0.5087
Epoch 44/50
 - 3s - loss: 0.5061 - val_loss: 0.5078
Epoch 45/50
 - 2s - loss: 0.5044 - val_loss: 0.5047
Epoch 46/50
 - 3s - loss: 0.5033 - val_loss: 0.5059
Epoch 47/50
 - 3s - loss: 0.5020 - val_loss: 0.5034
Epoch 48/50
 - 2s - loss: 0.5006 - val_loss: 0.5039
Epoch 49/50
 - 2s - loss: 0.5001 - val_loss: 0.5022
Epoch 50/50
 - 2s - loss: 0.4991 - val_loss: 0.5009
Got result 0.545556338352
Completed successfully in 527.19 seconds. [{u'main': 0.5455563383517144}]
[38;2;74;176;245m[1mProfile[0m ⏱  ···· Time elapsed in [1mFold 3/3[0m: ............................... [1m134.9s[0m
[38;2;74;176;245m[1mProfile[0m ⏱  ·· Time elapsed in [1mClassifier-only fit, cross-validation[0m: .... [1m447.4s[0m
[38;2;74;176;245m[1mProfile[0m ⏱  Time elapsed in [1m@main[0m: ....................................... [1m499.7s[0m
cd: Going back to /exports/eddie3_homes_local/s1562020/work/adversarial/optimisation/experiments/classifier
