Job launching after 1.15 seconds in submission.
Running python job.
Changed into dir /exports/eddie3_homes_local/s1562020/work/adversarial/optimisation/experiments/classifier
Importing optimise.py
Running optimise.main()
INFO: Applying patch '/exports/eddie3_homes_local/s1562020/work/adversarial/optimisation/experiments/classifier/patches/patch.00000003.json'
INFO: Found 20 Intel(R) Xeon(R) CPU E5-2630 v4 @ 2.20GHz devices with 10 cores each.
Using TensorFlow backend.
INFO: Scaling classifier/lr -2 -> 0.01
INFO: Scaling classifier/decay -5 -> 1e-05
INFO: Scaling classifier/units 3 -> 8
INFO: Writing TensorBoard logs to 'logs/tensorboard/classifier-patch.00000003/'
INFO: Running '/exports/eddie3_homes_local/s1562020/work/adversarial/run/adversarial/common.pyc'
INFO: Command-line arguments:
INFO: Configuration file contents:
INFO: Python version: 2.7.14
INFO: Numpy  version: 1.12.1
INFO: Keras  version: 2.1.5
INFO: Using keras backend: 'tensorflow'
INFO: Found  1000000 training and  1000249 test samples for signal
INFO: Found  1000000 training and 10000000 test samples for background
INFO: load_data: Selecting only training data.
INFO: Implementing gradient reversal layer in TensorFlow
INFO: Training cross-validation classifiers
Call to main function (#3)
  Parameters: {u'classifier/model/default/units': array([3]), u'classifier/compile/decay': array([-5]), u'classifier/model/default/dropout': array([ 0.375]), u'classifier/compile/lr': array([-2]), u'classifier/model/architecture': array([2]), u'classifier/model/default/activation': [u'tanh']}
param: classifier/model/default/units
param: classifier/compile/decay
param: classifier/model/default/dropout
param: classifier/compile/lr
param: classifier/model/architecture
param: classifier/model/default/activation
- - - - - - - - - - - - - - - - - - - - - - - - - - - - - - - - - - - - - - - - 
Saving the following patch to '/exports/eddie3_homes_local/s1562020/work/adversarial/optimisation/experiments/classifier/patches/patch.00000003.json':
{u'classifier': {u'compile': {u'lr': -2, u'decay': -5}, u'model': {u'default': {u'units': 3, u'dropout': 0.375, u'activation': u'tanh'}, u'architecture': 2}, 'fit': {'epochs': 50, 'batch_size': 8192}}}
- - - - - - - - - - - - - - - - - - - - - - - - - - - - - - - - - - - - - - - - 
mkdir: Creating output directory:
  /exports/eddie3_homes_local/s1562020/work/adversarial/optimisation/experiments/classifier/patches
cd: Going to /exports/eddie3_homes_local/s1562020/work/adversarial/
[38;2;74;176;245m[1mProfile[0m ⏱  Starting [1m@main[0m
[38;2;74;176;245m[1mProfile[0m ⏱  ·· Starting [1mInitialisation[0m
[38;2;74;176;245m[1mProfile[0m ⏱  ···· Starting [1m@initialise[0m
[38;2;74;176;245m[1mProfile[0m ⏱  ···· Time elapsed in [1m@initialise[0m: .............................. [1m0.0s[0m
[38;2;74;176;245m[1mProfile[0m ⏱  ···· Starting [1m@initialise_backend[0m
[38;2;74;176;245m[1mProfile[0m ⏱  ······ Starting [1m@configure_tensorflow[0m
[38;2;74;176;245m[1mProfile[0m ⏱  ······ Time elapsed in [1m@configure_tensorflow[0m: ................. [1m49.6s[0m
[38;2;74;176;245m[1mProfile[0m ⏱  ···· Time elapsed in [1m@initialise_backend[0m: ..................... [1m50.8s[0m
{'config': './configs/default.json',
 'devices': 7,
 'folds': 3,
 'gpu': True,
 'input': './input/',
 'jobname': 'classifier-patch.00000003',
 'mode': 'gpu',
 'optimise_adversarial': False,
 'optimise_classifier': True,
 'output': './output/',
 'patches': ['/exports/eddie3_homes_local/s1562020/work/adversarial/optimisation/experiments/classifier/patches/patch.00000003.json'],
 'tensorboard': True,
 'theano': False,
 'train': False,
 'train_adversarial': False,
 'train_classifier': True,
 'verbose': False}
{u'adversary': {u'compile': {},
                u'fit': {},
                u'model': {u'architecture': [{}, {}, {}, {}],
                           u'default': {u'activation': u'relu',
                                        u'units': 64},
                           u'gmm_components': 5}},
 u'classifier': {u'compile': {u'loss': u'binary_crossentropy',
                              u'optimizer': <keras.optimizers.Adam object at 0x2b8ea17cb150>},
                 u'fit': {u'batch_size': 57344,
                          u'epochs': 50,
                          u'shuffle': True,
                          'verbose': 2},
                 u'model': {u'architecture': [{}, {}],
                            u'default': {u'activation': u'tanh',
                                         u'batchnorm': True,
                                         u'dropout': 0.375,
                                         u'units': 8}}},
 u'combined': {u'compile': {u'loss': [u'binary_crossentropy', None],
                            u'loss_weights': [9.090909090909091e-10, 1.0],
                            u'optimizer': <keras.optimizers.Adam object at 0x2b8ea17cb190>},
               u'fit': {u'batch_size': 57344,
                        u'epochs': 100,
                        u'shuffle': True,
                        'verbose': 2},
               u'model': {u'lambda_reg': 10.0,
                          u'lr_ratio': 9.090909090909091e-10},
               u'pretrain': 20}}
  TensorFlow version: 1.4.1
[38;2;74;176;245m[1mProfile[0m ⏱  ·· Time elapsed in [1mInitialisation[0m: ............................ [1m51.0s[0m
[38;2;74;176;245m[1mProfile[0m ⏱  ·· Starting [1m@load_data[0m
[38;2;74;176;245m[1mProfile[0m ⏱  ·· Time elapsed in [1m@load_data[0m: ................................ [1m34.1s[0m
[38;2;74;176;245m[1mProfile[0m ⏱  ·· Starting [1m@get_decorrelation_variables[0m
[38;2;74;176;245m[1mProfile[0m ⏱  ·· Time elapsed in [1m@get_decorrelation_variables[0m: ............... [1m0.0s[0m
[38;2;74;176;245m[1mProfile[0m ⏱  ·· Starting [1mClassifier-only fit, cross-validation[0m
[38;2;74;176;245m[1mProfile[0m ⏱  ···· Starting [1mFold 1/3[0m
Train on 1333332 samples, validate on 666668 samples
Epoch 1/50
 - 2s - loss: 0.6329 - val_loss: 7.9742
Epoch 2/50
 - 1s - loss: 0.5217 - val_loss: 0.4721
Epoch 3/50
 - 2s - loss: 0.5006 - val_loss: 0.4662
Epoch 4/50
 - 1s - loss: 0.4933 - val_loss: 0.4664
Epoch 5/50
 - 2s - loss: 0.4889 - val_loss: 0.4639
Epoch 6/50
 - 2s - loss: 0.4867 - val_loss: 0.4597
Epoch 7/50
 - 2s - loss: 0.4845 - val_loss: 0.4596
Epoch 8/50
 - 2s - loss: 0.4833 - val_loss: 0.4550
Epoch 9/50
 - 2s - loss: 0.4814 - val_loss: 0.4531
Epoch 10/50
 - 2s - loss: 0.4796 - val_loss: 0.4501
Epoch 11/50
 - 2s - loss: 0.4783 - val_loss: 0.4496
Epoch 12/50
 - 2s - loss: 0.4759 - val_loss: 0.4417
Epoch 13/50
 - 2s - loss: 0.4735 - val_loss: 0.4398
Epoch 14/50
 - 2s - loss: 0.4715 - val_loss: 0.4333
Epoch 15/50
 - 2s - loss: 0.4683 - val_loss: 0.4277
Epoch 16/50
 - 2s - loss: 0.4672 - val_loss: 0.4292
Epoch 17/50
 - 2s - loss: 0.4660 - val_loss: 0.4268
Epoch 18/50
 - 2s - loss: 0.4641 - val_loss: 0.4232
Epoch 19/50
 - 2s - loss: 0.4638 - val_loss: 0.4209
Epoch 20/50
 - 2s - loss: 0.4633 - val_loss: 0.4228
Epoch 21/50
 - 2s - loss: 0.4619 - val_loss: 0.4199
Epoch 22/50
 - 2s - loss: 0.4609 - val_loss: 0.4193
Epoch 23/50
 - 2s - loss: 0.4609 - val_loss: 0.4203
Epoch 24/50
 - 2s - loss: 0.4600 - val_loss: 0.4197
Epoch 25/50
 - 2s - loss: 0.4600 - val_loss: 0.4169
Epoch 26/50
 - 2s - loss: 0.4592 - val_loss: 0.4162
Epoch 27/50
 - 2s - loss: 0.4580 - val_loss: 0.4166
Epoch 28/50
 - 2s - loss: 0.4588 - val_loss: 0.4142
Epoch 29/50
 - 2s - loss: 0.4588 - val_loss: 0.4146
Epoch 30/50
 - 2s - loss: 0.4586 - val_loss: 0.4144
Epoch 31/50
 - 2s - loss: 0.4577 - val_loss: 0.4150
Epoch 32/50
 - 2s - loss: 0.4568 - val_loss: 0.4147
Epoch 33/50
 - 2s - loss: 0.4588 - val_loss: 0.4159
Epoch 34/50
 - 2s - loss: 0.4576 - val_loss: 0.4121
Epoch 35/50
 - 2s - loss: 0.4570 - val_loss: 0.4145
Epoch 36/50
 - 2s - loss: 0.4572 - val_loss: 0.4121
Epoch 37/50
 - 2s - loss: 0.4564 - val_loss: 0.4132
Epoch 38/50
 - 2s - loss: 0.4561 - val_loss: 0.4139
Epoch 39/50
 - 2s - loss: 0.4562 - val_loss: 0.4105
Epoch 40/50
 - 2s - loss: 0.4566 - val_loss: 0.4117
Epoch 41/50
 - 2s - loss: 0.4555 - val_loss: 0.4121
Epoch 42/50
 - 2s - loss: 0.4559 - val_loss: 0.4113
Epoch 43/50
 - 2s - loss: 0.4555 - val_loss: 0.4148
Epoch 44/50
 - 2s - loss: 0.4562 - val_loss: 0.4104
Epoch 45/50
 - 2s - loss: 0.4553 - val_loss: 0.4108
Epoch 46/50
 - 2s - loss: 0.4551 - val_loss: 0.4109
Epoch 47/50
 - 2s - loss: 0.4553 - val_loss: 0.4124
Epoch 48/50
 - 2s - loss: 0.4553 - val_loss: 0.4126
Epoch 49/50
 - 2s - loss: 0.4544 - val_loss: 0.4112
Epoch 50/50
 - 2s - loss: 0.4552 - val_loss: 0.4101
[38;2;74;176;245m[1mProfile[0m ⏱  ···· Time elapsed in [1mFold 1/3[0m: ............................... [1m138.1s[0m
[38;2;74;176;245m[1mProfile[0m ⏱  ···· Starting [1mFold 2/3[0m
Train on 1333334 samples, validate on 666666 samples
Epoch 1/50
 - 3s - loss: 0.5377 - val_loss: 0.4702
Epoch 2/50
 - 2s - loss: 0.4902 - val_loss: 0.4642
Epoch 3/50
 - 2s - loss: 0.4838 - val_loss: 0.4570
Epoch 4/50
 - 2s - loss: 0.4817 - val_loss: 0.4560
Epoch 5/50
 - 2s - loss: 0.4802 - val_loss: 0.4559
Epoch 6/50
 - 2s - loss: 0.4785 - val_loss: 0.4532
Epoch 7/50
 - 2s - loss: 0.4777 - val_loss: 0.4527
Epoch 8/50
 - 2s - loss: 0.4770 - val_loss: 0.4483
Epoch 9/50
 - 2s - loss: 0.4754 - val_loss: 0.4473
Epoch 10/50
 - 2s - loss: 0.4747 - val_loss: 0.4485
Epoch 11/50
 - 2s - loss: 0.4722 - val_loss: 0.4433
Epoch 12/50
 - 2s - loss: 0.4693 - val_loss: 0.4346
Epoch 13/50
 - 2s - loss: 0.4656 - val_loss: 0.4266
Epoch 14/50
 - 2s - loss: 0.4629 - val_loss: 0.4217
Epoch 15/50
 - 2s - loss: 0.4612 - val_loss: 0.4302
Epoch 16/50
 - 2s - loss: 0.4594 - val_loss: 0.4217
Epoch 17/50
 - 2s - loss: 0.4587 - val_loss: 0.4224
Epoch 18/50
 - 2s - loss: 0.4575 - val_loss: 0.4141
Epoch 19/50
 - 2s - loss: 0.4572 - val_loss: 0.4188
Epoch 20/50
 - 2s - loss: 0.4565 - val_loss: 0.4141
Epoch 21/50
 - 2s - loss: 0.4576 - val_loss: 0.4143
Epoch 22/50
 - 2s - loss: 0.4568 - val_loss: 0.4139
Epoch 23/50
 - 2s - loss: 0.4564 - val_loss: 0.4161
Epoch 24/50
 - 2s - loss: 0.4560 - val_loss: 0.4113
Epoch 25/50
 - 2s - loss: 0.4557 - val_loss: 0.4144
Epoch 26/50
 - 2s - loss: 0.4554 - val_loss: 0.4154
Epoch 27/50
 - 2s - loss: 0.4560 - val_loss: 0.4133
Epoch 28/50
 - 2s - loss: 0.4557 - val_loss: 0.4157
Epoch 29/50
 - 2s - loss: 0.4548 - val_loss: 0.4140
Epoch 30/50
 - 2s - loss: 0.4549 - val_loss: 0.4133
Epoch 31/50
 - 2s - loss: 0.4552 - val_loss: 0.4118
Epoch 32/50
 - 2s - loss: 0.4553 - val_loss: 0.4146
Epoch 33/50
 - 2s - loss: 0.4548 - val_loss: 0.4140
Epoch 34/50
 - 2s - loss: 0.4550 - val_loss: 0.4121
Epoch 35/50
 - 2s - loss: 0.4551 - val_loss: 0.4149
Epoch 36/50
 - 2s - loss: 0.4553 - val_loss: 0.4156
Epoch 37/50
 - 2s - loss: 0.4552 - val_loss: 0.4148
Epoch 38/50
 - 2s - loss: 0.4551 - val_loss: 7.9767
Epoch 39/50
 - 2s - loss: 0.4553 - val_loss: 0.4137
Epoch 40/50
 - 2s - loss: 0.4548 - val_loss: 0.4143
Epoch 41/50
 - 1s - loss: 0.4541 - val_loss: 0.4209
Epoch 42/50
 - 2s - loss: 0.4553 - val_loss: 0.4133
Epoch 43/50
 - 2s - loss: 0.4543 - val_loss: 0.4180
Epoch 44/50
 - 2s - loss: 0.4549 - val_loss: 0.4156
Epoch 45/50
 - 2s - loss: 0.4547 - val_loss: 0.4124
Epoch 46/50
 - 1s - loss: 0.4547 - val_loss: 0.4134
Epoch 47/50
 - 2s - loss: 0.4541 - val_loss: 0.4139
Epoch 48/50
 - 2s - loss: 0.4546 - val_loss: 0.4179
Epoch 49/50
 - 2s - loss: 0.4546 - val_loss: 0.4146
Epoch 50/50
 - 1s - loss: 0.4546 - val_loss: 0.4150
[38;2;74;176;245m[1mProfile[0m ⏱  ···· Time elapsed in [1mFold 2/3[0m: ............................... [1m104.6s[0m
[38;2;74;176;245m[1mProfile[0m ⏱  ···· Starting [1mFold 3/3[0m
Train on 1333334 samples, validate on 666666 samples
Epoch 1/50
 - 3s - loss: 0.5629 - val_loss: 0.4875
Epoch 2/50
 - 2s - loss: 0.4997 - val_loss: 0.4668
Epoch 3/50
 - 2s - loss: 0.4902 - val_loss: 0.4691
Epoch 4/50
 - 2s - loss: 0.4838 - val_loss: 0.4567
Epoch 5/50
 - 2s - loss: 0.4813 - val_loss: 0.4565
Epoch 6/50
 - 2s - loss: 0.4787 - val_loss: 8.0056
Epoch 7/50
 - 2s - loss: 0.4775 - val_loss: 0.4492
Epoch 8/50
 - 2s - loss: 0.4764 - val_loss: 0.4492
Epoch 9/50
 - 2s - loss: 0.4743 - val_loss: 0.4454
Epoch 10/50
 - 2s - loss: 0.4733 - val_loss: 0.4438
Epoch 11/50
 - 2s - loss: 0.4721 - val_loss: 0.4447
Epoch 12/50
 - 2s - loss: 0.4695 - val_loss: 0.4368
Epoch 13/50
 - 2s - loss: 0.4661 - val_loss: 0.4349
Epoch 14/50
 - 2s - loss: 0.4629 - val_loss: 0.4254
Epoch 15/50
 - 2s - loss: 0.4603 - val_loss: 0.4215
Epoch 16/50
 - 2s - loss: 0.4597 - val_loss: 0.4214
Epoch 17/50
 - 2s - loss: 0.4588 - val_loss: 0.4192
Epoch 18/50
 - 2s - loss: 0.4587 - val_loss: 0.4186
Epoch 19/50
 - 2s - loss: 0.4587 - val_loss: 0.4154
Epoch 20/50
 - 2s - loss: 0.4575 - val_loss: 0.4151
Epoch 21/50
 - 2s - loss: 0.4577 - val_loss: 0.4183
Epoch 22/50
 - 2s - loss: 0.4574 - val_loss: 0.4161
Epoch 23/50
 - 2s - loss: 0.4572 - val_loss: 0.4176
Epoch 24/50
 - 2s - loss: 0.4562 - val_loss: 0.4138
Epoch 25/50
 - 1s - loss: 0.4563 - val_loss: 0.4146
Epoch 26/50
 - 2s - loss: 0.4563 - val_loss: 0.4148
Epoch 27/50
 - 2s - loss: 0.4559 - val_loss: 0.4123
Epoch 28/50
 - 1s - loss: 0.4570 - val_loss: 0.4162
Epoch 29/50
 - 2s - loss: 0.4560 - val_loss: 0.4123
Epoch 30/50
 - 2s - loss: 0.4557 - val_loss: 0.4131
Epoch 31/50
 - 2s - loss: 0.4549 - val_loss: 0.4149
Epoch 32/50
 - 2s - loss: 0.4555 - val_loss: 0.4104
Epoch 33/50
 - 2s - loss: 0.4555 - val_loss: 0.4151
Epoch 34/50
 - 2s - loss: 0.4550 - val_loss: 0.4168
Epoch 35/50
 - 2s - loss: 0.4551 - val_loss: 0.4126
Epoch 36/50
 - 2s - loss: 0.4549 - val_loss: 0.4118
Epoch 37/50
 - 2s - loss: 0.4550 - val_loss: 0.4106
Epoch 38/50
 - 2s - loss: 0.4544 - val_loss: 0.4128
Epoch 39/50
 - 2s - loss: 0.4537 - val_loss: 0.4132
Epoch 40/50
 - 2s - loss: 0.4543 - val_loss: 0.4122
Epoch 41/50
 - 2s - loss: 0.4550 - val_loss: 0.4134
Epoch 42/50
 - 2s - loss: 0.4542 - val_loss: 0.4104
Epoch 43/50
 - 2s - loss: 0.4542 - val_loss: 0.4095
Epoch 44/50
 - 2s - loss: 0.4541 - val_loss: 0.4125
Epoch 45/50
 - 2s - loss: 0.4545 - val_loss: 0.4106
Epoch 46/50
 - 2s - loss: 0.4537 - val_loss: 0.4106
Epoch 47/50
 - 2s - loss: 0.4540 - val_loss: 0.4108
Epoch 48/50
 - 2s - loss: 0.4529 - val_loss: 0.4125
Epoch 49/50
 - 2s - loss: 0.4538 - val_loss: 0.4102
Epoch 50/50
 - 2s - loss: 0.4536 - val_loss: 0.4134
Got result 0.414861654621
Completed successfully in 453.31 seconds. [{u'main': 0.4148616546207383}]
[38;2;74;176;245m[1mProfile[0m ⏱  ···· Time elapsed in [1mFold 3/3[0m: ................................ [1m99.5s[0m
[38;2;74;176;245m[1mProfile[0m ⏱  ·· Time elapsed in [1mClassifier-only fit, cross-validation[0m: .... [1m342.8s[0m
[38;2;74;176;245m[1mProfile[0m ⏱  Time elapsed in [1m@main[0m: ....................................... [1m428.3s[0m
cd: Going back to /exports/eddie3_homes_local/s1562020/work/adversarial/optimisation/experiments/classifier
