Job launching after 5.72 seconds in submission.
Running python job.
Changed into dir /exports/eddie3_homes_local/s1562020/work/adversarial/optimisation/experiments/classifier
Importing optimise.py
Running optimise.main()
INFO: Applying patch '/exports/eddie3_homes_local/s1562020/work/adversarial/optimisation/experiments/classifier/patches/patch.00000014.json'
INFO: Found 20 Intel(R) Xeon(R) CPU E5-2630 v4 @ 2.20GHz devices with 10 cores each.
Using TensorFlow backend.
INFO: Scaling classifier/lr -1 -> 0.1
INFO: Scaling classifier/decay -3 -> 0.001
INFO: Scaling classifier/units 3 -> 8
INFO: Writing TensorBoard logs to 'logs/tensorboard/classifier-patch.00000014/'
INFO: Running '/exports/eddie3_homes_local/s1562020/work/adversarial/run/adversarial/common.pyc'
INFO: Command-line arguments:
INFO: Configuration file contents:
INFO: Python version: 2.7.14
INFO: Numpy  version: 1.12.1
INFO: Keras  version: 2.1.5
INFO: Using keras backend: 'tensorflow'
INFO: Found  1000000 training and  1000249 test samples for signal
INFO: Found  1000000 training and 10000000 test samples for background
INFO: load_data: Selecting only training data.
INFO: Implementing gradient reversal layer in TensorFlow
INFO: Training cross-validation classifiers
Call to main function (#14)
  Parameters: {u'classifier/model/default/units': array([3]), u'classifier/compile/decay': array([-3]), u'classifier/model/default/dropout': array([ 0.]), u'classifier/compile/lr': array([-1]), u'classifier/model/architecture': array([1]), u'classifier/model/default/activation': [u'relu']}
param: classifier/model/default/units
param: classifier/compile/decay
param: classifier/model/default/dropout
param: classifier/compile/lr
param: classifier/model/architecture
param: classifier/model/default/activation
- - - - - - - - - - - - - - - - - - - - - - - - - - - - - - - - - - - - - - - - 
Saving the following patch to '/exports/eddie3_homes_local/s1562020/work/adversarial/optimisation/experiments/classifier/patches/patch.00000014.json':
{u'classifier': {u'compile': {u'lr': -1, u'decay': -3}, u'model': {u'default': {u'units': 3, u'dropout': 0.0, u'activation': u'relu'}, u'architecture': 1}, 'fit': {'epochs': 50, 'batch_size': 8192}}}
- - - - - - - - - - - - - - - - - - - - - - - - - - - - - - - - - - - - - - - - 
cd: Going to /exports/eddie3_homes_local/s1562020/work/adversarial/
[38;2;74;176;245m[1mProfile[0m ⏱  Starting [1m@main[0m
[38;2;74;176;245m[1mProfile[0m ⏱  ·· Starting [1mInitialisation[0m
[38;2;74;176;245m[1mProfile[0m ⏱  ···· Starting [1m@initialise[0m
[38;2;74;176;245m[1mProfile[0m ⏱  ···· Time elapsed in [1m@initialise[0m: .............................. [1m0.0s[0m
[38;2;74;176;245m[1mProfile[0m ⏱  ···· Starting [1m@initialise_backend[0m
[38;2;74;176;245m[1mProfile[0m ⏱  ······ Starting [1m@configure_tensorflow[0m
[38;2;74;176;245m[1mProfile[0m ⏱  ······ Time elapsed in [1m@configure_tensorflow[0m: ................. [1m18.4s[0m
[38;2;74;176;245m[1mProfile[0m ⏱  ···· Time elapsed in [1m@initialise_backend[0m: ..................... [1m19.7s[0m
{'config': './configs/default.json',
 'devices': 7,
 'folds': 3,
 'gpu': True,
 'input': './input/',
 'jobname': 'classifier-patch.00000014',
 'mode': 'gpu',
 'optimise_adversarial': False,
 'optimise_classifier': True,
 'output': './output/',
 'patches': ['/exports/eddie3_homes_local/s1562020/work/adversarial/optimisation/experiments/classifier/patches/patch.00000014.json'],
 'tensorboard': True,
 'theano': False,
 'train': False,
 'train_adversarial': False,
 'train_classifier': True,
 'verbose': False}
{u'adversary': {u'compile': {},
                u'fit': {},
                u'model': {u'architecture': [{}, {}, {}, {}],
                           u'default': {u'activation': u'relu',
                                        u'units': 64},
                           u'gmm_components': 5}},
 u'classifier': {u'compile': {u'loss': u'binary_crossentropy',
                              u'optimizer': <keras.optimizers.Adam object at 0x2b63bfb86310>},
                 u'fit': {u'batch_size': 57344,
                          u'epochs': 50,
                          u'shuffle': True,
                          'verbose': 2},
                 u'model': {u'architecture': [{}],
                            u'default': {u'activation': u'relu',
                                         u'batchnorm': True,
                                         u'dropout': 0.0,
                                         u'units': 8}}},
 u'combined': {u'compile': {u'loss': [u'binary_crossentropy', None],
                            u'loss_weights': [9.090909090909091e-10, 1.0],
                            u'optimizer': <keras.optimizers.Adam object at 0x2b63bfb86350>},
               u'fit': {u'batch_size': 57344,
                        u'epochs': 200,
                        u'shuffle': True,
                        'verbose': 2},
               u'model': {u'lambda_reg': 10.0,
                          u'lr_ratio': 9.090909090909091e-10},
               u'pretrain': 10}}
  TensorFlow version: 1.4.1
[38;2;74;176;245m[1mProfile[0m ⏱  ·· Time elapsed in [1mInitialisation[0m: ............................ [1m19.8s[0m
[38;2;74;176;245m[1mProfile[0m ⏱  ·· Starting [1m@load_data[0m
[38;2;74;176;245m[1mProfile[0m ⏱  ·· Time elapsed in [1m@load_data[0m: ................................ [1m33.7s[0m
[38;2;74;176;245m[1mProfile[0m ⏱  ·· Starting [1m@get_decorrelation_variables[0m
[38;2;74;176;245m[1mProfile[0m ⏱  ·· Time elapsed in [1m@get_decorrelation_variables[0m: ............... [1m0.0s[0m
[38;2;74;176;245m[1mProfile[0m ⏱  ·· Starting [1mClassifier-only fit, cross-validation[0m
[38;2;74;176;245m[1mProfile[0m ⏱  ···· Starting [1mFold 1/3[0m
Train on 1333332 samples, validate on 666668 samples
Epoch 1/50
 - 2s - loss: 0.5087 - val_loss: 0.4541
Epoch 2/50
 - 2s - loss: 0.4329 - val_loss: 0.4111
Epoch 3/50
 - 2s - loss: 0.4018 - val_loss: 0.3989
Epoch 4/50
 - 2s - loss: 0.3941 - val_loss: 0.4000
Epoch 5/50
 - 2s - loss: 0.3903 - val_loss: 0.3865
Epoch 6/50
 - 2s - loss: 0.3852 - val_loss: 0.3857
Epoch 7/50
 - 2s - loss: 0.3841 - val_loss: 0.3844
Epoch 8/50
 - 2s - loss: 0.3818 - val_loss: 0.3823
Epoch 9/50
 - 2s - loss: 0.3817 - val_loss: 0.3806
Epoch 10/50
 - 2s - loss: 0.3809 - val_loss: 0.3819
Epoch 11/50
 - 2s - loss: 0.3806 - val_loss: 0.3795
Epoch 12/50
 - 2s - loss: 0.3797 - val_loss: 0.3842
Epoch 13/50
 - 2s - loss: 0.3810 - val_loss: 0.3871
Epoch 14/50
 - 2s - loss: 0.3800 - val_loss: 0.3807
Epoch 15/50
 - 2s - loss: 0.3816 - val_loss: 0.3832
Epoch 16/50
 - 2s - loss: 0.3792 - val_loss: 0.3812
Epoch 17/50
 - 2s - loss: 0.3787 - val_loss: 0.3792
Epoch 18/50
 - 2s - loss: 0.3784 - val_loss: 0.3809
Epoch 19/50
 - 2s - loss: 0.3790 - val_loss: 0.3779
Epoch 20/50
 - 2s - loss: 0.3783 - val_loss: 0.3824
Epoch 21/50
 - 2s - loss: 0.3787 - val_loss: 0.3791
Epoch 22/50
 - 2s - loss: 0.3778 - val_loss: 0.3778
Epoch 23/50
 - 2s - loss: 0.3784 - val_loss: 0.3782
Epoch 24/50
 - 2s - loss: 0.3776 - val_loss: 0.3779
Epoch 25/50
 - 3s - loss: 0.3772 - val_loss: 0.3803
Epoch 26/50
 - 2s - loss: 0.3782 - val_loss: 0.3813
Epoch 27/50
 - 2s - loss: 0.3784 - val_loss: 0.3790
Epoch 28/50
 - 2s - loss: 0.3780 - val_loss: 0.3796
Epoch 29/50
 - 2s - loss: 0.3774 - val_loss: 0.3781
Epoch 30/50
 - 2s - loss: 0.3771 - val_loss: 0.3790
Epoch 31/50
 - 2s - loss: 0.3777 - val_loss: 0.3796
Epoch 32/50
 - 3s - loss: 0.3780 - val_loss: 0.3811
Epoch 33/50
 - 2s - loss: 0.3777 - val_loss: 0.3807
Epoch 34/50
 - 2s - loss: 0.3774 - val_loss: 0.3785
Epoch 35/50
 - 2s - loss: 0.3767 - val_loss: 0.3762
Epoch 36/50
 - 2s - loss: 0.3768 - val_loss: 0.3780
Epoch 37/50
 - 2s - loss: 0.3769 - val_loss: 0.3777
Epoch 38/50
 - 2s - loss: 0.3771 - val_loss: 0.3799
Epoch 39/50
 - 2s - loss: 0.3780 - val_loss: 0.3764
Epoch 40/50
 - 2s - loss: 0.3773 - val_loss: 0.3780
Epoch 41/50
 - 2s - loss: 0.3770 - val_loss: 0.3767
Epoch 42/50
 - 2s - loss: 0.3772 - val_loss: 0.3770
Epoch 43/50
 - 2s - loss: 0.3767 - val_loss: 0.3770
Epoch 44/50
 - 2s - loss: 0.3771 - val_loss: 0.3793
Epoch 45/50
 - 2s - loss: 0.3773 - val_loss: 0.3783
Epoch 46/50
 - 2s - loss: 0.3770 - val_loss: 0.3783
Epoch 47/50
 - 2s - loss: 0.3770 - val_loss: 0.3768
Epoch 48/50
 - 2s - loss: 0.3767 - val_loss: 0.3777
Epoch 49/50
 - 2s - loss: 0.3771 - val_loss: 0.3771
Epoch 50/50
 - 2s - loss: 0.3771 - val_loss: 0.3775
[38;2;74;176;245m[1mProfile[0m ⏱  ···· Time elapsed in [1mFold 1/3[0m: ............................... [1m125.9s[0m
[38;2;74;176;245m[1mProfile[0m ⏱  ···· Starting [1mFold 2/3[0m
Train on 1333334 samples, validate on 666666 samples
Epoch 1/50
 - 2s - loss: 0.5045 - val_loss: 0.4391
Epoch 2/50
 - 2s - loss: 0.4161 - val_loss: 0.3898
Epoch 3/50
 - 2s - loss: 0.3882 - val_loss: 0.3919
Epoch 4/50
 - 2s - loss: 0.3847 - val_loss: 0.3824
Epoch 5/50
 - 2s - loss: 0.3830 - val_loss: 0.3841
Epoch 6/50
 - 2s - loss: 0.3821 - val_loss: 0.3825
Epoch 7/50
 - 2s - loss: 0.3818 - val_loss: 0.3833
Epoch 8/50
 - 2s - loss: 0.3812 - val_loss: 0.3810
Epoch 9/50
 - 2s - loss: 0.3807 - val_loss: 0.3834
Epoch 10/50
 - 2s - loss: 0.3803 - val_loss: 0.3812
Epoch 11/50
 - 2s - loss: 0.3800 - val_loss: 0.3804
Epoch 12/50
 - 2s - loss: 0.3802 - val_loss: 0.3807
Epoch 13/50
 - 2s - loss: 0.3798 - val_loss: 0.3810
Epoch 14/50
 - 2s - loss: 0.3802 - val_loss: 0.3804
Epoch 15/50
 - 2s - loss: 0.3792 - val_loss: 0.3801
Epoch 16/50
 - 2s - loss: 0.3791 - val_loss: 0.3811
Epoch 17/50
 - 2s - loss: 0.3790 - val_loss: 0.3801
Epoch 18/50
 - 2s - loss: 0.3791 - val_loss: 0.3829
Epoch 19/50
 - 2s - loss: 0.3786 - val_loss: 0.3783
Epoch 20/50
 - 2s - loss: 0.3785 - val_loss: 0.3802
Epoch 21/50
 - 2s - loss: 0.3782 - val_loss: 0.3786
Epoch 22/50
 - 2s - loss: 0.3778 - val_loss: 0.3787
Epoch 23/50
 - 2s - loss: 0.3773 - val_loss: 0.3763
Epoch 24/50
 - 2s - loss: 0.3778 - val_loss: 0.3809
Epoch 25/50
 - 2s - loss: 0.3776 - val_loss: 0.3777
Epoch 26/50
 - 2s - loss: 0.3778 - val_loss: 0.3778
Epoch 27/50
 - 2s - loss: 0.3774 - val_loss: 0.3779
Epoch 28/50
 - 2s - loss: 0.3770 - val_loss: 0.3767
Epoch 29/50
 - 2s - loss: 0.3773 - val_loss: 0.3775
Epoch 30/50
 - 2s - loss: 0.3768 - val_loss: 0.3776
Epoch 31/50
 - 2s - loss: 0.3769 - val_loss: 0.3769
Epoch 32/50
 - 2s - loss: 0.3770 - val_loss: 0.3797
Epoch 33/50
 - 2s - loss: 0.3766 - val_loss: 0.3772
Epoch 34/50
 - 2s - loss: 0.3764 - val_loss: 0.3770
Epoch 35/50
 - 2s - loss: 0.3764 - val_loss: 0.3775
Epoch 36/50
 - 2s - loss: 0.3760 - val_loss: 0.3751
Epoch 37/50
 - 2s - loss: 0.3759 - val_loss: 0.3798
Epoch 38/50
 - 2s - loss: 0.3762 - val_loss: 0.3766
Epoch 39/50
 - 2s - loss: 0.3759 - val_loss: 0.3794
Epoch 40/50
 - 2s - loss: 0.3762 - val_loss: 0.3748
Epoch 41/50
 - 2s - loss: 0.3758 - val_loss: 0.3773
Epoch 42/50
 - 2s - loss: 0.3758 - val_loss: 0.3763
Epoch 43/50
 - 2s - loss: 0.3755 - val_loss: 0.3766
Epoch 44/50
 - 2s - loss: 0.3755 - val_loss: 0.3766
Epoch 45/50
 - 2s - loss: 0.3763 - val_loss: 0.3752
Epoch 46/50
 - 2s - loss: 0.3759 - val_loss: 0.3741
Epoch 47/50
 - 2s - loss: 0.3761 - val_loss: 0.3765
Epoch 48/50
 - 2s - loss: 0.3756 - val_loss: 0.3767
Epoch 49/50
 - 2s - loss: 0.3754 - val_loss: 0.3772
Epoch 50/50
 - 2s - loss: 0.3758 - val_loss: 0.3749
[38;2;74;176;245m[1mProfile[0m ⏱  ···· Time elapsed in [1mFold 2/3[0m: ............................... [1m106.5s[0m
[38;2;74;176;245m[1mProfile[0m ⏱  ···· Starting [1mFold 3/3[0m
Train on 1333334 samples, validate on 666666 samples
Epoch 1/50
 - 2s - loss: 0.5011 - val_loss: 0.4454
Epoch 2/50
 - 2s - loss: 0.4275 - val_loss: 0.4093
Epoch 3/50
 - 2s - loss: 0.4014 - val_loss: 0.3979
Epoch 4/50
 - 2s - loss: 0.3938 - val_loss: 0.3986
Epoch 5/50
 - 2s - loss: 0.3922 - val_loss: 0.4035
Epoch 6/50
 - 2s - loss: 0.3930 - val_loss: 0.3917
Epoch 7/50
 - 2s - loss: 0.3886 - val_loss: 0.3900
Epoch 8/50
 - 2s - loss: 0.3864 - val_loss: 0.3874
Epoch 9/50
 - 2s - loss: 0.3860 - val_loss: 0.3890
Epoch 10/50
 - 2s - loss: 0.3847 - val_loss: 0.3844
Epoch 11/50
 - 2s - loss: 0.3838 - val_loss: 0.3895
Epoch 12/50
 - 2s - loss: 0.3833 - val_loss: 0.3848
Epoch 13/50
 - 2s - loss: 0.3839 - val_loss: 0.3865
Epoch 14/50
 - 2s - loss: 0.3847 - val_loss: 0.3920
Epoch 15/50
 - 2s - loss: 0.3836 - val_loss: 0.3837
Epoch 16/50
 - 2s - loss: 0.3822 - val_loss: 0.3856
Epoch 17/50
 - 2s - loss: 0.3818 - val_loss: 0.3871
Epoch 18/50
 - 2s - loss: 0.3823 - val_loss: 0.3853
Epoch 19/50
 - 2s - loss: 0.3829 - val_loss: 0.3853
Epoch 20/50
 - 2s - loss: 0.3822 - val_loss: 0.3853
Epoch 21/50
 - 2s - loss: 0.3824 - val_loss: 0.3909
Epoch 22/50
 - 2s - loss: 0.3823 - val_loss: 0.3968
Epoch 23/50
 - 2s - loss: 0.3825 - val_loss: 0.3848
Epoch 24/50
 - 2s - loss: 0.3804 - val_loss: 0.3862
Epoch 25/50
 - 2s - loss: 0.3804 - val_loss: 0.3886
Epoch 26/50
 - 2s - loss: 0.3813 - val_loss: 0.3901
Epoch 27/50
 - 2s - loss: 0.3806 - val_loss: 0.3825
Epoch 28/50
 - 2s - loss: 0.3808 - val_loss: 0.3837
Epoch 29/50
 - 2s - loss: 0.3810 - val_loss: 0.3828
Epoch 30/50
 - 2s - loss: 0.3813 - val_loss: 0.3840
Epoch 31/50
 - 2s - loss: 0.3797 - val_loss: 0.3835
Epoch 32/50
 - 2s - loss: 0.3796 - val_loss: 0.3806
Epoch 33/50
 - 2s - loss: 0.3798 - val_loss: 0.3837
Epoch 34/50
 - 2s - loss: 0.3800 - val_loss: 0.3833
Epoch 35/50
 - 2s - loss: 0.3803 - val_loss: 0.3803
Epoch 36/50
 - 2s - loss: 0.3792 - val_loss: 0.3870
Epoch 37/50
 - 2s - loss: 0.3800 - val_loss: 0.3834
Epoch 38/50
 - 2s - loss: 0.3792 - val_loss: 0.3809
Epoch 39/50
 - 2s - loss: 0.3792 - val_loss: 0.3815
Epoch 40/50
 - 1s - loss: 0.3795 - val_loss: 0.3809
Epoch 41/50
 - 2s - loss: 0.3796 - val_loss: 0.3835
Epoch 42/50
 - 1s - loss: 0.3789 - val_loss: 0.3853
Epoch 43/50
 - 2s - loss: 0.3789 - val_loss: 0.3824
Epoch 44/50
 - 2s - loss: 0.3792 - val_loss: 0.3827
Epoch 45/50
 - 2s - loss: 0.3795 - val_loss: 0.3813
Epoch 46/50
 - 2s - loss: 0.3786 - val_loss: 0.3808
Epoch 47/50
 - 2s - loss: 0.3790 - val_loss: 0.3793
Epoch 48/50
 - 2s - loss: 0.3785 - val_loss: 0.3804
Epoch 49/50
 - 2s - loss: 0.3787 - val_loss: 0.3842
Epoch 50/50
 - 2s - loss: 0.3786 - val_loss: 0.3796
Got result 0.379237045675
Completed successfully in 412.20 seconds. [{u'main': 0.3792370456748998}]
[38;2;74;176;245m[1mProfile[0m ⏱  ···· Time elapsed in [1mFold 3/3[0m: ................................ [1m96.6s[0m
[38;2;74;176;245m[1mProfile[0m ⏱  ·· Time elapsed in [1mClassifier-only fit, cross-validation[0m: .... [1m329.7s[0m
[38;2;74;176;245m[1mProfile[0m ⏱  Time elapsed in [1m@main[0m: ....................................... [1m383.5s[0m
cd: Going back to /exports/eddie3_homes_local/s1562020/work/adversarial/optimisation/experiments/classifier
