Job launching after 4.80 seconds in submission.
Running python job.
Changed into dir /exports/eddie3_homes_local/s1562020/work/adversarial/optimisation/experiments/classifier
Importing optimise.py
Running optimise.main()
INFO: Applying patch '/exports/eddie3_homes_local/s1562020/work/adversarial/optimisation/experiments/classifier/patches/patch.00000018.json'
INFO: Found 20 Intel(R) Xeon(R) CPU E5-2630 v4 @ 2.20GHz devices with 10 cores each.
Using TensorFlow backend.
INFO: Scaling classifier/lr -1 -> 0.1
INFO: Scaling classifier/decay -2 -> 0.01
INFO: Scaling classifier/units 9 -> 512
INFO: Writing TensorBoard logs to 'logs/tensorboard/classifier-patch.00000018/'
INFO: Running '/exports/eddie3_homes_local/s1562020/work/adversarial/run/adversarial/common.pyc'
INFO: Command-line arguments:
INFO: Configuration file contents:
INFO: Python version: 2.7.14
INFO: Numpy  version: 1.12.1
INFO: Keras  version: 2.1.5
INFO: Using keras backend: 'tensorflow'
INFO: Found  1000000 training and  1000249 test samples for signal
INFO: Found  1000000 training and 10000000 test samples for background
INFO: load_data: Selecting only training data.
INFO: Implementing gradient reversal layer in TensorFlow
INFO: Training cross-validation classifiers
Call to main function (#18)
  Parameters: {u'classifier/model/default/units': array([9]), u'classifier/compile/decay': array([-2]), u'classifier/model/default/dropout': array([ 0.]), u'classifier/compile/lr': array([-1]), u'classifier/model/architecture': array([1]), u'classifier/model/default/activation': [u'relu']}
param: classifier/model/default/units
param: classifier/compile/decay
param: classifier/model/default/dropout
param: classifier/compile/lr
param: classifier/model/architecture
param: classifier/model/default/activation
- - - - - - - - - - - - - - - - - - - - - - - - - - - - - - - - - - - - - - - - 
Saving the following patch to '/exports/eddie3_homes_local/s1562020/work/adversarial/optimisation/experiments/classifier/patches/patch.00000018.json':
{u'classifier': {u'compile': {u'lr': -1, u'decay': -2}, u'model': {u'default': {u'units': 9, u'dropout': 0.0, u'activation': u'relu'}, u'architecture': 1}, 'fit': {'epochs': 50, 'batch_size': 8192}}}
- - - - - - - - - - - - - - - - - - - - - - - - - - - - - - - - - - - - - - - - 
cd: Going to /exports/eddie3_homes_local/s1562020/work/adversarial/
[38;2;74;176;245m[1mProfile[0m ⏱  Starting [1m@main[0m
[38;2;74;176;245m[1mProfile[0m ⏱  ·· Starting [1mInitialisation[0m
[38;2;74;176;245m[1mProfile[0m ⏱  ···· Starting [1m@initialise[0m
[38;2;74;176;245m[1mProfile[0m ⏱  ···· Time elapsed in [1m@initialise[0m: .............................. [1m0.0s[0m
[38;2;74;176;245m[1mProfile[0m ⏱  ···· Starting [1m@initialise_backend[0m
[38;2;74;176;245m[1mProfile[0m ⏱  ······ Starting [1m@configure_tensorflow[0m
[38;2;74;176;245m[1mProfile[0m ⏱  ······ Time elapsed in [1m@configure_tensorflow[0m: ................. [1m18.3s[0m
[38;2;74;176;245m[1mProfile[0m ⏱  ···· Time elapsed in [1m@initialise_backend[0m: ..................... [1m19.3s[0m
{'config': './configs/default.json',
 'devices': 7,
 'folds': 3,
 'gpu': True,
 'input': './input/',
 'jobname': 'classifier-patch.00000018',
 'mode': 'gpu',
 'optimise_adversarial': False,
 'optimise_classifier': True,
 'output': './output/',
 'patches': ['/exports/eddie3_homes_local/s1562020/work/adversarial/optimisation/experiments/classifier/patches/patch.00000018.json'],
 'tensorboard': True,
 'theano': False,
 'train': False,
 'train_adversarial': False,
 'train_classifier': True,
 'verbose': False}
{u'adversary': {u'compile': {},
                u'fit': {},
                u'model': {u'architecture': [{}, {}, {}, {}],
                           u'default': {u'activation': u'relu',
                                        u'units': 64},
                           u'gmm_components': 5}},
 u'classifier': {u'compile': {u'loss': u'binary_crossentropy',
                              u'optimizer': <keras.optimizers.Adam object at 0x2adfd4726310>},
                 u'fit': {u'batch_size': 57344,
                          u'epochs': 50,
                          u'shuffle': True,
                          'verbose': 2},
                 u'model': {u'architecture': [{}],
                            u'default': {u'activation': u'relu',
                                         u'batchnorm': True,
                                         u'dropout': 0.0,
                                         u'units': 512}}},
 u'combined': {u'compile': {u'loss': [u'binary_crossentropy', None],
                            u'loss_weights': [9.090909090909091e-10, 1.0],
                            u'optimizer': <keras.optimizers.Adam object at 0x2adfd4726350>},
               u'fit': {u'batch_size': 57344,
                        u'epochs': 200,
                        u'shuffle': True,
                        'verbose': 2},
               u'model': {u'lambda_reg': 10.0,
                          u'lr_ratio': 9.090909090909091e-10},
               u'pretrain': 10}}
  TensorFlow version: 1.4.1
[38;2;74;176;245m[1mProfile[0m ⏱  ·· Time elapsed in [1mInitialisation[0m: ............................ [1m19.4s[0m
[38;2;74;176;245m[1mProfile[0m ⏱  ·· Starting [1m@load_data[0m
[38;2;74;176;245m[1mProfile[0m ⏱  ·· Time elapsed in [1m@load_data[0m: ................................ [1m35.6s[0m
[38;2;74;176;245m[1mProfile[0m ⏱  ·· Starting [1m@get_decorrelation_variables[0m
[38;2;74;176;245m[1mProfile[0m ⏱  ·· Time elapsed in [1m@get_decorrelation_variables[0m: ............... [1m0.0s[0m
[38;2;74;176;245m[1mProfile[0m ⏱  ·· Starting [1mClassifier-only fit, cross-validation[0m
[38;2;74;176;245m[1mProfile[0m ⏱  ···· Starting [1mFold 1/3[0m
Train on 1333332 samples, validate on 666668 samples
Epoch 1/50
 - 2s - loss: 0.6763 - val_loss: 0.4518
Epoch 2/50
 - 1s - loss: 0.4162 - val_loss: 0.3909
Epoch 3/50
 - 2s - loss: 0.3880 - val_loss: 0.3859
Epoch 4/50
 - 2s - loss: 0.3813 - val_loss: 0.3817
Epoch 5/50
 - 1s - loss: 0.3787 - val_loss: 0.3780
Epoch 6/50
 - 1s - loss: 0.3761 - val_loss: 0.3904
Epoch 7/50
 - 1s - loss: 0.3808 - val_loss: 0.3768
Epoch 8/50
 - 2s - loss: 0.3737 - val_loss: 0.3727
Epoch 9/50
 - 1s - loss: 0.3722 - val_loss: 0.3721
Epoch 10/50
 - 1s - loss: 0.3718 - val_loss: 0.3720
Epoch 11/50
 - 1s - loss: 0.3715 - val_loss: 0.3737
Epoch 12/50
 - 1s - loss: 0.3696 - val_loss: 0.3745
Epoch 13/50
 - 1s - loss: 0.3694 - val_loss: 0.3732
Epoch 14/50
 - 1s - loss: 0.3693 - val_loss: 0.3747
Epoch 15/50
 - 1s - loss: 0.3692 - val_loss: 0.3721
Epoch 16/50
 - 1s - loss: 0.3687 - val_loss: 0.3684
Epoch 17/50
 - 1s - loss: 0.3673 - val_loss: 0.3693
Epoch 18/50
 - 1s - loss: 0.3672 - val_loss: 0.3678
Epoch 19/50
 - 1s - loss: 0.3673 - val_loss: 0.3664
Epoch 20/50
 - 1s - loss: 0.3665 - val_loss: 0.3676
Epoch 21/50
 - 2s - loss: 0.3668 - val_loss: 0.3664
Epoch 22/50
 - 1s - loss: 0.3657 - val_loss: 0.3670
Epoch 23/50
 - 2s - loss: 0.3659 - val_loss: 0.3668
Epoch 24/50
 - 1s - loss: 0.3657 - val_loss: 0.3663
Epoch 25/50
 - 2s - loss: 0.3645 - val_loss: 0.3656
Epoch 26/50
 - 1s - loss: 0.3645 - val_loss: 0.3661
Epoch 27/50
 - 2s - loss: 0.3644 - val_loss: 0.3623
Epoch 28/50
 - 2s - loss: 0.3651 - val_loss: 0.3697
Epoch 29/50
 - 1s - loss: 0.3645 - val_loss: 0.3657
Epoch 30/50
 - 1s - loss: 0.3639 - val_loss: 0.3643
Epoch 31/50
 - 1s - loss: 0.3641 - val_loss: 0.3650
Epoch 32/50
 - 2s - loss: 0.3641 - val_loss: 0.3665
Epoch 33/50
 - 2s - loss: 0.3637 - val_loss: 0.3673
Epoch 34/50
 - 2s - loss: 0.3635 - val_loss: 0.3647
Epoch 35/50
 - 2s - loss: 0.3626 - val_loss: 0.3633
Epoch 36/50
 - 2s - loss: 0.3623 - val_loss: 0.3631
Epoch 37/50
 - 2s - loss: 0.3624 - val_loss: 0.3653
Epoch 38/50
 - 2s - loss: 0.3623 - val_loss: 0.3655
Epoch 39/50
 - 2s - loss: 0.3625 - val_loss: 0.3661
Epoch 40/50
 - 2s - loss: 0.3622 - val_loss: 0.3642
Epoch 41/50
 - 2s - loss: 0.3620 - val_loss: 0.3651
Epoch 42/50
 - 2s - loss: 0.3619 - val_loss: 0.3640
Epoch 43/50
 - 1s - loss: 0.3622 - val_loss: 0.3618
Epoch 44/50
 - 2s - loss: 0.3616 - val_loss: 0.3667
Epoch 45/50
 - 2s - loss: 0.3624 - val_loss: 0.7421
Epoch 46/50
 - 2s - loss: 0.3612 - val_loss: 0.3638
Epoch 47/50
 - 1s - loss: 0.3611 - val_loss: 0.3643
Epoch 48/50
 - 1s - loss: 0.3612 - val_loss: 0.3625
Epoch 49/50
 - 1s - loss: 0.3611 - val_loss: 0.3628
Epoch 50/50
 - 1s - loss: 0.3611 - val_loss: 0.3621
[38;2;74;176;245m[1mProfile[0m ⏱  ···· Time elapsed in [1mFold 1/3[0m: ................................ [1m95.9s[0m
[38;2;74;176;245m[1mProfile[0m ⏱  ···· Starting [1mFold 2/3[0m
Train on 1333334 samples, validate on 666666 samples
Epoch 1/50
 - 2s - loss: 0.4583 - val_loss: 0.3960
Epoch 2/50
 - 1s - loss: 0.3829 - val_loss: 0.3748
Epoch 3/50
 - 1s - loss: 0.3753 - val_loss: 0.3756
Epoch 4/50
 - 1s - loss: 0.3725 - val_loss: 0.3747
Epoch 5/50
 - 1s - loss: 0.3716 - val_loss: 0.3707
Epoch 6/50
 - 1s - loss: 0.3688 - val_loss: 0.3712
Epoch 7/50
 - 1s - loss: 0.3674 - val_loss: 0.3700
Epoch 8/50
 - 1s - loss: 0.3670 - val_loss: 0.3661
Epoch 9/50
 - 1s - loss: 0.3655 - val_loss: 0.3701
Epoch 10/50
 - 1s - loss: 0.3648 - val_loss: 0.3666
Epoch 11/50
 - 1s - loss: 0.3641 - val_loss: 0.3667
Epoch 12/50
 - 1s - loss: 0.3644 - val_loss: 0.3657
Epoch 13/50
 - 1s - loss: 0.3639 - val_loss: 0.3687
Epoch 14/50
 - 1s - loss: 0.3644 - val_loss: 0.3631
Epoch 15/50
 - 1s - loss: 0.3630 - val_loss: 0.3647
Epoch 16/50
 - 1s - loss: 0.3626 - val_loss: 0.3659
Epoch 17/50
 - 2s - loss: 0.3623 - val_loss: 0.3647
Epoch 18/50
 - 1s - loss: 0.3622 - val_loss: 0.3649
Epoch 19/50
 - 1s - loss: 0.3623 - val_loss: 0.3657
Epoch 20/50
 - 1s - loss: 0.3619 - val_loss: 0.3671
Epoch 21/50
 - 1s - loss: 0.3620 - val_loss: 0.3612
Epoch 22/50
 - 1s - loss: 0.3612 - val_loss: 0.3627
Epoch 23/50
 - 1s - loss: 0.3610 - val_loss: 0.3619
Epoch 24/50
 - 1s - loss: 0.3608 - val_loss: 0.3642
Epoch 25/50
 - 1s - loss: 0.3602 - val_loss: 0.3621
Epoch 26/50
 - 1s - loss: 0.3608 - val_loss: 0.3600
Epoch 27/50
 - 1s - loss: 0.3603 - val_loss: 0.3637
Epoch 28/50
 - 2s - loss: 0.3605 - val_loss: 0.3623
Epoch 29/50
 - 2s - loss: 0.3604 - val_loss: 0.3613
Epoch 30/50
 - 1s - loss: 0.3601 - val_loss: 0.3621
Epoch 31/50
 - 1s - loss: 0.3595 - val_loss: 0.3597
Epoch 32/50
 - 2s - loss: 0.3598 - val_loss: 0.3642
Epoch 33/50
 - 1s - loss: 0.3600 - val_loss: 0.3623
Epoch 34/50
 - 1s - loss: 0.3597 - val_loss: 0.3611
Epoch 35/50
 - 2s - loss: 0.3592 - val_loss: 0.3622
Epoch 36/50
 - 2s - loss: 0.3588 - val_loss: 0.3608
Epoch 37/50
 - 2s - loss: 0.3587 - val_loss: 0.3611
Epoch 38/50
 - 2s - loss: 0.3593 - val_loss: 0.3615
Epoch 39/50
 - 2s - loss: 0.3590 - val_loss: 0.3641
Epoch 40/50
 - 2s - loss: 0.3591 - val_loss: 0.3598
Epoch 41/50
 - 2s - loss: 0.3583 - val_loss: 0.3632
Epoch 42/50
 - 2s - loss: 0.3590 - val_loss: 0.3616
Epoch 43/50
 - 2s - loss: 0.3583 - val_loss: 0.3605
Epoch 44/50
 - 2s - loss: 0.3585 - val_loss: 0.3633
Epoch 45/50
 - 2s - loss: 0.3589 - val_loss: 0.3630
Epoch 46/50
 - 2s - loss: 0.3588 - val_loss: 0.3591
Epoch 47/50
 - 2s - loss: 0.3584 - val_loss: 0.3623
Epoch 48/50
 - 2s - loss: 0.3580 - val_loss: 0.3616
Epoch 49/50
 - 2s - loss: 0.3576 - val_loss: 0.3609
Epoch 50/50
 - 2s - loss: 0.3578 - val_loss: 0.3592
[38;2;74;176;245m[1mProfile[0m ⏱  ···· Time elapsed in [1mFold 2/3[0m: ................................ [1m77.7s[0m
[38;2;74;176;245m[1mProfile[0m ⏱  ···· Starting [1mFold 3/3[0m
Train on 1333334 samples, validate on 666666 samples
Epoch 1/50
 - 2s - loss: 0.4680 - val_loss: 0.4125
Epoch 2/50
 - 2s - loss: 0.3884 - val_loss: 0.3835
Epoch 3/50
 - 1s - loss: 0.3772 - val_loss: 0.3781
Epoch 4/50
 - 1s - loss: 0.3731 - val_loss: 0.3741
Epoch 5/50
 - 1s - loss: 0.3728 - val_loss: 0.3729
Epoch 6/50
 - 1s - loss: 0.3704 - val_loss: 0.3704
Epoch 7/50
 - 1s - loss: 0.3690 - val_loss: 0.3703
Epoch 8/50
 - 1s - loss: 0.3676 - val_loss: 0.3705
Epoch 9/50
 - 1s - loss: 0.3665 - val_loss: 0.3679
Epoch 10/50
 - 2s - loss: 0.3653 - val_loss: 0.3666
Epoch 11/50
 - 1s - loss: 0.3646 - val_loss: 0.3676
Epoch 12/50
 - 1s - loss: 0.3637 - val_loss: 0.3653
Epoch 13/50
 - 1s - loss: 0.3639 - val_loss: 0.3662
Epoch 14/50
 - 2s - loss: 0.3636 - val_loss: 0.3674
Epoch 15/50
 - 1s - loss: 0.3631 - val_loss: 0.3634
Epoch 16/50
 - 2s - loss: 0.3623 - val_loss: 0.3646
Epoch 17/50
 - 2s - loss: 0.3614 - val_loss: 0.3663
Epoch 18/50
 - 2s - loss: 0.3612 - val_loss: 0.3623
Epoch 19/50
 - 1s - loss: 0.3610 - val_loss: 0.3630
Epoch 20/50
 - 1s - loss: 0.3604 - val_loss: 0.3618
Epoch 21/50
 - 1s - loss: 0.3603 - val_loss: 0.3624
Epoch 22/50
 - 1s - loss: 0.3605 - val_loss: 0.3643
Epoch 23/50
 - 2s - loss: 0.3598 - val_loss: 0.3619
Epoch 24/50
 - 2s - loss: 0.3596 - val_loss: 0.3597
Epoch 25/50
 - 2s - loss: 0.3592 - val_loss: 0.3624
Epoch 26/50
 - 1s - loss: 0.3590 - val_loss: 0.3612
Epoch 27/50
 - 2s - loss: 0.3589 - val_loss: 0.3611
Epoch 28/50
 - 2s - loss: 0.3593 - val_loss: 0.3622
Epoch 29/50
 - 2s - loss: 0.3585 - val_loss: 0.3606
Epoch 30/50
 - 2s - loss: 0.3584 - val_loss: 0.3598
Epoch 31/50
 - 1s - loss: 0.3578 - val_loss: 0.3604
Epoch 32/50
 - 1s - loss: 0.3578 - val_loss: 0.3615
Epoch 33/50
 - 1s - loss: 0.3587 - val_loss: 0.3612
Epoch 34/50
 - 2s - loss: 0.3574 - val_loss: 0.3608
Epoch 35/50
 - 1s - loss: 0.3576 - val_loss: 0.3599
Epoch 36/50
 - 1s - loss: 0.3575 - val_loss: 0.3614
Epoch 37/50
 - 1s - loss: 0.3571 - val_loss: 0.3601
Epoch 38/50
 - 1s - loss: 0.3569 - val_loss: 0.3604
Epoch 39/50
 - 2s - loss: 0.3572 - val_loss: 0.3595
Epoch 40/50
 - 2s - loss: 0.3566 - val_loss: 0.3594
Epoch 41/50
 - 1s - loss: 0.3568 - val_loss: 0.3604
Epoch 42/50
 - 1s - loss: 0.3562 - val_loss: 0.3592
Epoch 43/50
 - 1s - loss: 0.3562 - val_loss: 0.3593
Epoch 44/50
 - 1s - loss: 0.3564 - val_loss: 0.3593
Epoch 45/50
 - 1s - loss: 0.3565 - val_loss: 0.3584
Epoch 46/50
 - 1s - loss: 0.3559 - val_loss: 0.3589
Epoch 47/50
 - 1s - loss: 0.3556 - val_loss: 0.3579
Epoch 48/50
 - 1s - loss: 0.3555 - val_loss: 0.3586
Epoch 49/50
 - 1s - loss: 0.3557 - val_loss: 0.3591
Epoch 50/50
 - 1s - loss: 0.3556 - val_loss: 0.3579
Got result 0.361527591307
Completed successfully in 337.21 seconds. [{u'main': 0.36152759130741824}]
[38;2;74;176;245m[1mProfile[0m ⏱  ···· Time elapsed in [1mFold 3/3[0m: ................................ [1m82.7s[0m
[38;2;74;176;245m[1mProfile[0m ⏱  ·· Time elapsed in [1mClassifier-only fit, cross-validation[0m: .... [1m257.0s[0m
[38;2;74;176;245m[1mProfile[0m ⏱  Time elapsed in [1m@main[0m: ....................................... [1m312.4s[0m
cd: Going back to /exports/eddie3_homes_local/s1562020/work/adversarial/optimisation/experiments/classifier
