Job launching after 3.79 seconds in submission.
Running python job.
Changed into dir /exports/eddie3_homes_local/s1562020/work/adversarial/optimisation/experiments/classifier
Importing optimise.py
Running optimise.main()
INFO: Applying patch '/exports/eddie3_homes_local/s1562020/work/adversarial/optimisation/experiments/classifier/patches/patch.00000088.json'
INFO: Found 20 Intel(R) Xeon(R) CPU E5-2630 v4 @ 2.20GHz devices with 10 cores each.
Using TensorFlow backend.
INFO: Scaling classifier/lr -1 -> 0.1
INFO: Scaling classifier/decay -6 -> 1e-06
INFO: Scaling classifier/units 9 -> 512
INFO: Writing TensorBoard logs to 'logs/tensorboard/classifier-patch.00000088/'
INFO: Running '/exports/eddie3_homes_local/s1562020/work/adversarial/run/adversarial/common.pyc'
INFO: Command-line arguments:
INFO: Configuration file contents:
INFO: Python version: 2.7.14
INFO: Numpy  version: 1.12.1
INFO: Keras  version: 2.1.5
INFO: Using keras backend: 'tensorflow'
INFO: Found  1000000 training and  1000249 test samples for signal
INFO: Found  1000000 training and 10000000 test samples for background
INFO: load_data: Selecting only training data.
INFO: Implementing gradient reversal layer in TensorFlow
INFO: Training cross-validation classifiers
Call to main function (#88)
  Parameters: {u'classifier/model/default/units': array([9]), u'classifier/compile/decay': array([-6]), u'classifier/model/default/dropout': array([ 0.46685121]), u'classifier/compile/lr': array([-1]), u'classifier/model/architecture': array([1]), u'classifier/model/default/activation': [u'tanh']}
param: classifier/model/default/units
param: classifier/compile/decay
param: classifier/model/default/dropout
param: classifier/compile/lr
param: classifier/model/architecture
param: classifier/model/default/activation
- - - - - - - - - - - - - - - - - - - - - - - - - - - - - - - - - - - - - - - - 
Saving the following patch to '/exports/eddie3_homes_local/s1562020/work/adversarial/optimisation/experiments/classifier/patches/patch.00000088.json':
{u'classifier': {u'compile': {u'lr': -1, u'decay': -6}, u'model': {u'default': {u'units': 9, u'dropout': 0.4668512116305617, u'activation': u'tanh'}, u'architecture': 1}, 'fit': {'epochs': 50, 'batch_size': 8192}}}
- - - - - - - - - - - - - - - - - - - - - - - - - - - - - - - - - - - - - - - - 
cd: Going to /exports/eddie3_homes_local/s1562020/work/adversarial/
[38;2;74;176;245m[1mProfile[0m ⏱  Starting [1m@main[0m
[38;2;74;176;245m[1mProfile[0m ⏱  ·· Starting [1mInitialisation[0m
[38;2;74;176;245m[1mProfile[0m ⏱  ···· Starting [1m@initialise[0m
[38;2;74;176;245m[1mProfile[0m ⏱  ···· Time elapsed in [1m@initialise[0m: .............................. [1m0.0s[0m
[38;2;74;176;245m[1mProfile[0m ⏱  ···· Starting [1m@initialise_backend[0m
[38;2;74;176;245m[1mProfile[0m ⏱  ······ Starting [1m@configure_tensorflow[0m
[38;2;74;176;245m[1mProfile[0m ⏱  ······ Time elapsed in [1m@configure_tensorflow[0m: ................. [1m12.9s[0m
[38;2;74;176;245m[1mProfile[0m ⏱  ···· Time elapsed in [1m@initialise_backend[0m: ..................... [1m13.6s[0m
{'config': './configs/default.json',
 'devices': 7,
 'folds': 3,
 'gpu': True,
 'input': './input/',
 'jobname': 'classifier-patch.00000088',
 'mode': 'gpu',
 'optimise_adversarial': False,
 'optimise_classifier': True,
 'output': './output/',
 'patches': ['/exports/eddie3_homes_local/s1562020/work/adversarial/optimisation/experiments/classifier/patches/patch.00000088.json'],
 'tensorboard': True,
 'theano': False,
 'train': False,
 'train_adversarial': False,
 'train_classifier': True,
 'verbose': False}
{u'adversary': {u'compile': {},
                u'fit': {},
                u'model': {u'architecture': [{}, {}, {}, {}],
                           u'default': {u'activation': u'relu',
                                        u'units': 64},
                           u'gmm_components': 10}},
 u'classifier': {u'compile': {u'loss': u'binary_crossentropy',
                              u'optimizer': <keras.optimizers.Adam object at 0x2b6b02d1e310>},
                 u'fit': {u'batch_size': 57344,
                          u'epochs': 50,
                          u'shuffle': True,
                          'verbose': 2},
                 u'model': {u'architecture': [{}],
                            u'default': {u'activation': u'tanh',
                                         u'batchnorm': True,
                                         u'dropout': 0.4668512116305617,
                                         u'units': 512}}},
 u'combined': {u'compile': {u'loss': [u'binary_crossentropy', None],
                            u'loss_weights': [1.8181818181818182e-09, 1.0],
                            u'optimizer': <keras.optimizers.Adam object at 0x2b6b02d1e350>},
               u'fit': {u'batch_size': 57344,
                        u'epochs': 200,
                        u'shuffle': True,
                        'verbose': 2},
               u'model': {u'lambda_reg': 10.0,
                          u'lr_ratio': 1.8181818181818182e-09},
               u'pretrain': 10}}
  TensorFlow version: 1.4.1
[38;2;74;176;245m[1mProfile[0m ⏱  ·· Time elapsed in [1mInitialisation[0m: ............................ [1m13.7s[0m
[38;2;74;176;245m[1mProfile[0m ⏱  ·· Starting [1m@load_data[0m
[38;2;74;176;245m[1mProfile[0m ⏱  ·· Time elapsed in [1m@load_data[0m: ................................ [1m32.1s[0m
[38;2;74;176;245m[1mProfile[0m ⏱  ·· Starting [1m@get_decorrelation_variables[0m
[38;2;74;176;245m[1mProfile[0m ⏱  ·· Time elapsed in [1m@get_decorrelation_variables[0m: ............... [1m0.0s[0m
[38;2;74;176;245m[1mProfile[0m ⏱  ·· Starting [1mClassifier-only fit, cross-validation[0m
[38;2;74;176;245m[1mProfile[0m ⏱  ···· Starting [1mFold 1/3[0m
Train on 1333332 samples, validate on 666668 samples
Epoch 1/50
 - 3s - loss: 1.2223 - val_loss: 0.6088
Epoch 2/50
 - 2s - loss: 0.5365 - val_loss: 0.5015
Epoch 3/50
 - 2s - loss: 0.4804 - val_loss: 0.4718
Epoch 4/50
 - 2s - loss: 0.4666 - val_loss: 0.4600
Epoch 5/50
 - 2s - loss: 0.4559 - val_loss: 0.4378
Epoch 6/50
 - 2s - loss: 0.4408 - val_loss: 0.4242
Epoch 7/50
 - 2s - loss: 0.4261 - val_loss: 0.4082
Epoch 8/50
 - 2s - loss: 0.4158 - val_loss: 0.3950
Epoch 9/50
 - 2s - loss: 0.4101 - val_loss: 0.4088
Epoch 10/50
 - 3s - loss: 0.4144 - val_loss: 0.3909
Epoch 11/50
 - 2s - loss: 0.4075 - val_loss: 0.3915
Epoch 12/50
 - 2s - loss: 0.4052 - val_loss: 0.4085
Epoch 13/50
 - 2s - loss: 0.4032 - val_loss: 0.4144
Epoch 14/50
 - 2s - loss: 0.4047 - val_loss: 0.3975
Epoch 15/50
 - 2s - loss: 0.4079 - val_loss: 0.3961
Epoch 16/50
 - 2s - loss: 0.4002 - val_loss: 0.3852
Epoch 17/50
 - 2s - loss: 0.3988 - val_loss: 0.3843
Epoch 18/50
 - 2s - loss: 0.3934 - val_loss: 0.3826
Epoch 19/50
 - 2s - loss: 0.3990 - val_loss: 0.3860
Epoch 20/50
 - 2s - loss: 0.5157 - val_loss: 0.6207
Epoch 21/50
 - 2s - loss: 1.0004 - val_loss: 0.8500
Epoch 22/50
 - 2s - loss: 1.2735 - val_loss: 0.7255
Epoch 23/50
 - 2s - loss: 1.2481 - val_loss: 1.0812
Epoch 24/50
 - 2s - loss: 0.9733 - val_loss: 0.4812
Epoch 25/50
 - 2s - loss: 0.4742 - val_loss: 0.4089
Epoch 26/50
 - 2s - loss: 0.4134 - val_loss: 0.3837
Epoch 27/50
 - 2s - loss: 0.4020 - val_loss: 0.3857
Epoch 28/50
 - 2s - loss: 0.3984 - val_loss: 0.3937
Epoch 29/50
 - 2s - loss: 0.3964 - val_loss: 0.3875
Epoch 30/50
 - 2s - loss: 0.3948 - val_loss: 0.3878
Epoch 31/50
 - 2s - loss: 0.3966 - val_loss: 0.3825
Epoch 32/50
 - 2s - loss: 0.3932 - val_loss: 0.3815
Epoch 33/50
 - 2s - loss: 0.3921 - val_loss: 0.3905
Epoch 34/50
 - 2s - loss: 0.3911 - val_loss: 0.3827
Epoch 35/50
 - 2s - loss: 0.3914 - val_loss: 0.3773
Epoch 36/50
 - 2s - loss: 0.3907 - val_loss: 0.3794
Epoch 37/50
 - 2s - loss: 0.3917 - val_loss: 0.3755
Epoch 38/50
 - 2s - loss: 0.3893 - val_loss: 0.3837
Epoch 39/50
 - 2s - loss: 0.3915 - val_loss: 0.3801
Epoch 40/50
 - 2s - loss: 0.3947 - val_loss: 0.3809
Epoch 41/50
 - 2s - loss: 0.3921 - val_loss: 0.3765
Epoch 42/50
 - 2s - loss: 0.3891 - val_loss: 0.3781
Epoch 43/50
 - 2s - loss: 0.3880 - val_loss: 0.3819
Epoch 44/50
 - 2s - loss: 0.3877 - val_loss: 0.3932
Epoch 45/50
 - 2s - loss: 0.3909 - val_loss: 0.3811
Epoch 46/50
 - 2s - loss: 0.3984 - val_loss: 0.3826
Epoch 47/50
 - 3s - loss: 0.3874 - val_loss: 0.3774
Epoch 48/50
 - 2s - loss: 0.3877 - val_loss: 0.3804
Epoch 49/50
 - 2s - loss: 0.3907 - val_loss: 0.3868
Epoch 50/50
 - 2s - loss: 0.3887 - val_loss: 0.3822
[38;2;74;176;245m[1mProfile[0m ⏱  ···· Time elapsed in [1mFold 1/3[0m: ............................... [1m120.1s[0m
[38;2;74;176;245m[1mProfile[0m ⏱  ···· Starting [1mFold 2/3[0m
Train on 1333334 samples, validate on 666666 samples
Epoch 1/50
 - 2s - loss: 6.9986 - val_loss: 6.2293
Epoch 2/50
 - 3s - loss: 4.7049 - val_loss: 3.4186
Epoch 3/50
 - 2s - loss: 3.2667 - val_loss: 2.9224
Epoch 4/50
 - 2s - loss: 3.0099 - val_loss: 2.8068
Epoch 5/50
 - 2s - loss: 2.9133 - val_loss: 2.7711
Epoch 6/50
 - 2s - loss: 2.8665 - val_loss: 2.7127
Epoch 7/50
 - 2s - loss: 2.8338 - val_loss: 2.6302
Epoch 8/50
 - 2s - loss: 2.7540 - val_loss: 2.5573
Epoch 9/50
 - 2s - loss: 2.6943 - val_loss: 2.5032
Epoch 10/50
 - 3s - loss: 2.6448 - val_loss: 2.4829
Epoch 11/50
 - 2s - loss: 2.5893 - val_loss: 2.3892
Epoch 12/50
 - 2s - loss: 2.5353 - val_loss: 2.2814
Epoch 13/50
 - 2s - loss: 2.4618 - val_loss: 2.6657
Epoch 14/50
 - 2s - loss: 2.4246 - val_loss: 1.9647
Epoch 15/50
 - 2s - loss: 2.8135 - val_loss: 2.6466
Epoch 16/50
 - 2s - loss: 2.5230 - val_loss: 2.2080
Epoch 17/50
 - 2s - loss: 2.2257 - val_loss: 3.8746
Epoch 18/50
 - 2s - loss: 3.0676 - val_loss: 2.6385
Epoch 19/50
 - 2s - loss: 2.5524 - val_loss: 2.2622
Epoch 20/50
 - 2s - loss: 2.3663 - val_loss: 1.9400
Epoch 21/50
 - 2s - loss: 2.1218 - val_loss: 1.2929
Epoch 22/50
 - 2s - loss: 3.9358 - val_loss: 3.1516
Epoch 23/50
 - 2s - loss: 2.8693 - val_loss: 2.5466
Epoch 24/50
 - 2s - loss: 2.5691 - val_loss: 2.2994
Epoch 25/50
 - 2s - loss: 2.4222 - val_loss: 2.1444
Epoch 26/50
 - 2s - loss: 2.3288 - val_loss: 1.9876
Epoch 27/50
 - 2s - loss: 2.1485 - val_loss: 1.4670
Epoch 28/50
 - 2s - loss: 2.1081 - val_loss: 2.2164
Epoch 29/50
 - 2s - loss: 1.9417 - val_loss: 2.0473
Epoch 30/50
 - 2s - loss: 3.1165 - val_loss: 2.5771
Epoch 31/50
 - 2s - loss: 2.4726 - val_loss: 2.0693
Epoch 32/50
 - 2s - loss: 2.1377 - val_loss: 1.5484
Epoch 33/50
 - 2s - loss: 1.7535 - val_loss: 3.3440
Epoch 34/50
 - 2s - loss: 2.1400 - val_loss: 1.3247
Epoch 35/50
 - 2s - loss: 2.2856 - val_loss: 2.8971
Epoch 36/50
 - 2s - loss: 2.5709 - val_loss: 2.1396
Epoch 37/50
 - 2s - loss: 2.1403 - val_loss: 1.5070
Epoch 38/50
 - 2s - loss: 1.4889 - val_loss: 2.8381
Epoch 39/50
 - 2s - loss: 2.3311 - val_loss: 1.5120
Epoch 40/50
 - 2s - loss: 1.5626 - val_loss: 1.1140
Epoch 41/50
 - 2s - loss: 1.4174 - val_loss: 0.7701
Epoch 42/50
 - 2s - loss: 1.9431 - val_loss: 1.3631
Epoch 43/50
 - 2s - loss: 1.3787 - val_loss: 1.7953
Epoch 44/50
 - 2s - loss: 1.4345 - val_loss: 0.7652
Epoch 45/50
 - 2s - loss: 1.6286 - val_loss: 1.2848
Epoch 46/50
 - 2s - loss: 1.3430 - val_loss: 1.2217
Epoch 47/50
 - 2s - loss: 0.9935 - val_loss: 0.4662
Epoch 48/50
 - 2s - loss: 0.8018 - val_loss: 0.8201
Epoch 49/50
 - 2s - loss: 0.7754 - val_loss: 1.0716
Epoch 50/50
 - 2s - loss: 0.8435 - val_loss: 0.7597
[38;2;74;176;245m[1mProfile[0m ⏱  ···· Time elapsed in [1mFold 2/3[0m: ............................... [1m105.0s[0m
[38;2;74;176;245m[1mProfile[0m ⏱  ···· Starting [1mFold 3/3[0m
Train on 1333334 samples, validate on 666666 samples
Epoch 1/50
 - 2s - loss: 5.6054 - val_loss: 3.9693
Epoch 2/50
 - 2s - loss: 3.5619 - val_loss: 3.4320
Epoch 3/50
 - 2s - loss: 3.3088 - val_loss: 3.2062
Epoch 4/50
 - 2s - loss: 3.1934 - val_loss: 3.1231
Epoch 5/50
 - 3s - loss: 3.1272 - val_loss: 2.9831
Epoch 6/50
 - 2s - loss: 3.0440 - val_loss: 2.9152
Epoch 7/50
 - 2s - loss: 2.9929 - val_loss: 2.8062
Epoch 8/50
 - 2s - loss: 2.8343 - val_loss: 2.6067
Epoch 9/50
 - 2s - loss: 2.7289 - val_loss: 2.5958
Epoch 10/50
 - 2s - loss: 2.5967 - val_loss: 2.2488
Epoch 11/50
 - 2s - loss: 2.6233 - val_loss: 2.9499
Epoch 12/50
 - 2s - loss: 2.8330 - val_loss: 2.4221
Epoch 13/50
 - 2s - loss: 2.4249 - val_loss: 3.2252
Epoch 14/50
 - 2s - loss: 2.9251 - val_loss: 2.5708
Epoch 15/50
 - 2s - loss: 2.5600 - val_loss: 2.1596
Epoch 16/50
 - 2s - loss: 2.4328 - val_loss: 2.4734
Epoch 17/50
 - 2s - loss: 2.1665 - val_loss: 1.1027
Epoch 18/50
 - 2s - loss: 3.1296 - val_loss: 2.5967
Epoch 19/50
 - 1s - loss: 2.5550 - val_loss: 2.0747
Epoch 20/50
 - 2s - loss: 2.1246 - val_loss: 5.8963
Epoch 21/50
 - 2s - loss: 4.4294 - val_loss: 3.1660
Epoch 22/50
 - 2s - loss: 2.9557 - val_loss: 2.5895
Epoch 23/50
 - 2s - loss: 2.6665 - val_loss: 2.4194
Epoch 24/50
 - 2s - loss: 2.5520 - val_loss: 2.3382
Epoch 25/50
 - 2s - loss: 2.4990 - val_loss: 2.2492
Epoch 26/50
 - 2s - loss: 2.4465 - val_loss: 2.1164
Epoch 27/50
 - 2s - loss: 2.3246 - val_loss: 1.9303
Epoch 28/50
 - 2s - loss: 2.0304 - val_loss: 1.1226
Epoch 29/50
 - 2s - loss: 3.3938 - val_loss: 2.7429
Epoch 30/50
 - 2s - loss: 2.6281 - val_loss: 2.2981
Epoch 31/50
 - 2s - loss: 2.3019 - val_loss: 1.7983
Epoch 32/50
 - 2s - loss: 1.9330 - val_loss: 4.7746
Epoch 33/50
 - 2s - loss: 3.0787 - val_loss: 2.4862
Epoch 34/50
 - 2s - loss: 2.4969 - val_loss: 2.0528
Epoch 35/50
 - 2s - loss: 2.1922 - val_loss: 1.6783
Epoch 36/50
 - 2s - loss: 2.2547 - val_loss: 3.4809
Epoch 37/50
 - 2s - loss: 2.6831 - val_loss: 2.2747
Epoch 38/50
 - 2s - loss: 2.1410 - val_loss: 1.4210
Epoch 39/50
 - 2s - loss: 2.2604 - val_loss: 2.7776
Epoch 40/50
 - 2s - loss: 2.5519 - val_loss: 2.0515
Epoch 41/50
 - 2s - loss: 2.2068 - val_loss: 1.6700
Epoch 42/50
 - 1s - loss: 1.7260 - val_loss: 1.7298
Epoch 43/50
 - 2s - loss: 2.5264 - val_loss: 1.7055
Epoch 44/50
 - 2s - loss: 1.6481 - val_loss: 3.4158
Epoch 45/50
 - 2s - loss: 2.3538 - val_loss: 1.9069
Epoch 46/50
 - 2s - loss: 1.5873 - val_loss: 0.9997
Epoch 47/50
 - 2s - loss: 2.2131 - val_loss: 1.7844
Epoch 48/50
 - 2s - loss: 1.5196 - val_loss: 0.9451
Epoch 49/50
 - 2s - loss: 1.9949 - val_loss: 1.8410
Epoch 50/50
 - 2s - loss: 1.2569 - val_loss: 0.9538
Got result 0.935864204844
Completed successfully in 392.01 seconds. [{u'main': 0.9358642048441858}]
[38;2;74;176;245m[1mProfile[0m ⏱  ···· Time elapsed in [1mFold 3/3[0m: ............................... [1m100.2s[0m
[38;2;74;176;245m[1mProfile[0m ⏱  ·· Time elapsed in [1mClassifier-only fit, cross-validation[0m: .... [1m326.0s[0m
[38;2;74;176;245m[1mProfile[0m ⏱  Time elapsed in [1m@main[0m: ....................................... [1m372.7s[0m
cd: Going back to /exports/eddie3_homes_local/s1562020/work/adversarial/optimisation/experiments/classifier
