Job launching after 3.56 seconds in submission.
Running python job.
Changed into dir /exports/eddie3_homes_local/s1562020/work/adversarial/optimisation/experiments/classifier
Importing optimise.py
Running optimise.main()
INFO: Applying patch '/exports/eddie3_homes_local/s1562020/work/adversarial/optimisation/experiments/classifier/patches/patch.00000097.json'
INFO: Found 20 Intel(R) Xeon(R) CPU E5-2630 v4 @ 2.20GHz devices with 10 cores each.
Using TensorFlow backend.
INFO: Scaling classifier/lr -5 -> 1e-05
INFO: Scaling classifier/decay -6 -> 1e-06
INFO: Scaling classifier/units 7 -> 128
INFO: Writing TensorBoard logs to 'logs/tensorboard/classifier-patch.00000097/'
INFO: Running '/exports/eddie3_homes_local/s1562020/work/adversarial/run/adversarial/common.pyc'
INFO: Command-line arguments:
INFO: Configuration file contents:
INFO: Python version: 2.7.14
INFO: Numpy  version: 1.12.1
INFO: Keras  version: 2.1.5
INFO: Using keras backend: 'tensorflow'
INFO: Found  1000000 training and  1000249 test samples for signal
INFO: Found  1000000 training and 10000000 test samples for background
INFO: load_data: Selecting only training data.
INFO: Implementing gradient reversal layer in TensorFlow
INFO: Training cross-validation classifiers
Call to main function (#97)
  Parameters: {u'classifier/model/default/units': array([7]), u'classifier/compile/decay': array([-6]), u'classifier/model/default/dropout': array([ 0.47289469]), u'classifier/compile/lr': array([-5]), u'classifier/model/architecture': array([1]), u'classifier/model/default/activation': [u'tanh']}
param: classifier/model/default/units
param: classifier/compile/decay
param: classifier/model/default/dropout
param: classifier/compile/lr
param: classifier/model/architecture
param: classifier/model/default/activation
- - - - - - - - - - - - - - - - - - - - - - - - - - - - - - - - - - - - - - - - 
Saving the following patch to '/exports/eddie3_homes_local/s1562020/work/adversarial/optimisation/experiments/classifier/patches/patch.00000097.json':
{u'classifier': {u'compile': {u'lr': -5, u'decay': -6}, u'model': {u'default': {u'units': 7, u'dropout': 0.47289468582833188, u'activation': u'tanh'}, u'architecture': 1}, 'fit': {'epochs': 50, 'batch_size': 8192}}}
- - - - - - - - - - - - - - - - - - - - - - - - - - - - - - - - - - - - - - - - 
cd: Going to /exports/eddie3_homes_local/s1562020/work/adversarial/
[38;2;74;176;245m[1mProfile[0m ⏱  Starting [1m@main[0m
[38;2;74;176;245m[1mProfile[0m ⏱  ·· Starting [1mInitialisation[0m
[38;2;74;176;245m[1mProfile[0m ⏱  ···· Starting [1m@initialise[0m
[38;2;74;176;245m[1mProfile[0m ⏱  ···· Time elapsed in [1m@initialise[0m: .............................. [1m0.0s[0m
[38;2;74;176;245m[1mProfile[0m ⏱  ···· Starting [1m@initialise_backend[0m
[38;2;74;176;245m[1mProfile[0m ⏱  ······ Starting [1m@configure_tensorflow[0m
[38;2;74;176;245m[1mProfile[0m ⏱  ······ Time elapsed in [1m@configure_tensorflow[0m: ................. [1m14.3s[0m
[38;2;74;176;245m[1mProfile[0m ⏱  ···· Time elapsed in [1m@initialise_backend[0m: ..................... [1m15.1s[0m
{'config': './configs/default.json',
 'devices': 7,
 'folds': 3,
 'gpu': True,
 'input': './input/',
 'jobname': 'classifier-patch.00000097',
 'mode': 'gpu',
 'optimise_adversarial': False,
 'optimise_classifier': True,
 'output': './output/',
 'patches': ['/exports/eddie3_homes_local/s1562020/work/adversarial/optimisation/experiments/classifier/patches/patch.00000097.json'],
 'tensorboard': True,
 'theano': False,
 'train': False,
 'train_adversarial': False,
 'train_classifier': True,
 'verbose': False}
{u'adversary': {u'compile': {},
                u'fit': {},
                u'model': {u'architecture': [{}, {}, {}, {}],
                           u'default': {u'activation': u'relu',
                                        u'units': 64},
                           u'gmm_components': 10}},
 u'classifier': {u'compile': {u'loss': u'binary_crossentropy',
                              u'optimizer': <keras.optimizers.Adam object at 0x2aab2c266310>},
                 u'fit': {u'batch_size': 57344,
                          u'epochs': 50,
                          u'shuffle': True,
                          'verbose': 2},
                 u'model': {u'architecture': [{}],
                            u'default': {u'activation': u'tanh',
                                         u'batchnorm': True,
                                         u'dropout': 0.4728946858283319,
                                         u'units': 128}}},
 u'combined': {u'compile': {u'loss': [u'binary_crossentropy', None],
                            u'loss_weights': [1.8181818181818182e-09, 1.0],
                            u'optimizer': <keras.optimizers.Adam object at 0x2aab2c266350>},
               u'fit': {u'batch_size': 57344,
                        u'epochs': 200,
                        u'shuffle': True,
                        'verbose': 2},
               u'model': {u'lambda_reg': 10.0,
                          u'lr_ratio': 1.8181818181818182e-09},
               u'pretrain': 10}}
  TensorFlow version: 1.4.1
[38;2;74;176;245m[1mProfile[0m ⏱  ·· Time elapsed in [1mInitialisation[0m: ............................ [1m15.2s[0m
[38;2;74;176;245m[1mProfile[0m ⏱  ·· Starting [1m@load_data[0m
[38;2;74;176;245m[1mProfile[0m ⏱  ·· Time elapsed in [1m@load_data[0m: ................................ [1m30.7s[0m
[38;2;74;176;245m[1mProfile[0m ⏱  ·· Starting [1m@get_decorrelation_variables[0m
[38;2;74;176;245m[1mProfile[0m ⏱  ·· Time elapsed in [1m@get_decorrelation_variables[0m: ............... [1m0.0s[0m
[38;2;74;176;245m[1mProfile[0m ⏱  ·· Starting [1mClassifier-only fit, cross-validation[0m
[38;2;74;176;245m[1mProfile[0m ⏱  ···· Starting [1mFold 1/3[0m
Train on 1333332 samples, validate on 666668 samples
Epoch 1/50
 - 2s - loss: 0.8986 - val_loss: 0.8764
Epoch 2/50
 - 2s - loss: 0.8928 - val_loss: 0.8673
Epoch 3/50
 - 2s - loss: 0.8865 - val_loss: 0.8620
Epoch 4/50
 - 2s - loss: 0.8815 - val_loss: 0.8569
Epoch 5/50
 - 2s - loss: 0.8763 - val_loss: 0.8521
Epoch 6/50
 - 2s - loss: 0.8711 - val_loss: 0.8469
Epoch 7/50
 - 2s - loss: 0.8653 - val_loss: 0.8422
Epoch 8/50
 - 2s - loss: 0.8601 - val_loss: 0.8375
Epoch 9/50
 - 2s - loss: 0.8553 - val_loss: 0.8324
Epoch 10/50
 - 2s - loss: 0.8506 - val_loss: 0.8279
Epoch 11/50
 - 2s - loss: 0.8450 - val_loss: 0.8231
Epoch 12/50
 - 2s - loss: 0.8404 - val_loss: 0.8185
Epoch 13/50
 - 2s - loss: 0.8357 - val_loss: 0.8140
Epoch 14/50
 - 2s - loss: 0.8313 - val_loss: 0.8096
Epoch 15/50
 - 2s - loss: 0.8271 - val_loss: 0.8053
Epoch 16/50
 - 2s - loss: 0.8217 - val_loss: 0.8011
Epoch 17/50
 - 2s - loss: 0.8174 - val_loss: 0.7969
Epoch 18/50
 - 2s - loss: 0.8138 - val_loss: 0.7927
Epoch 19/50
 - 2s - loss: 0.8094 - val_loss: 0.7885
Epoch 20/50
 - 2s - loss: 0.8059 - val_loss: 0.7843
Epoch 21/50
 - 2s - loss: 0.8014 - val_loss: 0.7805
Epoch 22/50
 - 2s - loss: 0.7965 - val_loss: 0.7768
Epoch 23/50
 - 2s - loss: 0.7934 - val_loss: 0.7732
Epoch 24/50
 - 2s - loss: 0.7886 - val_loss: 0.7691
Epoch 25/50
 - 2s - loss: 0.7850 - val_loss: 0.7652
Epoch 26/50
 - 2s - loss: 0.7811 - val_loss: 0.7616
Epoch 27/50
 - 2s - loss: 0.7778 - val_loss: 0.7582
Epoch 28/50
 - 2s - loss: 0.7735 - val_loss: 0.7550
Epoch 29/50
 - 2s - loss: 0.7702 - val_loss: 0.7517
Epoch 30/50
 - 2s - loss: 0.7662 - val_loss: 0.7480
Epoch 31/50
 - 2s - loss: 0.7627 - val_loss: 0.7440
Epoch 32/50
 - 2s - loss: 0.7594 - val_loss: 0.7407
Epoch 33/50
 - 2s - loss: 0.7563 - val_loss: 0.7379
Epoch 34/50
 - 1s - loss: 0.7526 - val_loss: 0.7335
Epoch 35/50
 - 2s - loss: 0.7491 - val_loss: 0.7309
Epoch 36/50
 - 2s - loss: 0.7452 - val_loss: 0.7264
Epoch 37/50
 - 2s - loss: 0.7425 - val_loss: 0.7245
Epoch 38/50
 - 2s - loss: 0.7388 - val_loss: 0.7212
Epoch 39/50
 - 2s - loss: 0.7357 - val_loss: 0.7189
Epoch 40/50
 - 2s - loss: 0.7329 - val_loss: 0.7151
Epoch 41/50
 - 2s - loss: 0.7294 - val_loss: 0.7133
Epoch 42/50
 - 2s - loss: 0.7265 - val_loss: 0.7104
Epoch 43/50
 - 2s - loss: 0.7235 - val_loss: 0.7056
Epoch 44/50
 - 2s - loss: 0.7196 - val_loss: 0.7041
Epoch 45/50
 - 1s - loss: 0.7171 - val_loss: 0.7002
Epoch 46/50
 - 2s - loss: 0.7141 - val_loss: 0.6975
Epoch 47/50
 - 2s - loss: 0.7117 - val_loss: 0.6935
Epoch 48/50
 - 2s - loss: 0.7082 - val_loss: 0.6921
Epoch 49/50
 - 2s - loss: 0.7056 - val_loss: 0.6895
Epoch 50/50
 - 2s - loss: 0.7022 - val_loss: 0.6860
[38;2;74;176;245m[1mProfile[0m ⏱  ···· Time elapsed in [1mFold 1/3[0m: ............................... [1m108.5s[0m
[38;2;74;176;245m[1mProfile[0m ⏱  ···· Starting [1mFold 2/3[0m
Train on 1333334 samples, validate on 666666 samples
Epoch 1/50
 - 2s - loss: 0.7087 - val_loss: 0.6889
Epoch 2/50
 - 2s - loss: 0.6901 - val_loss: 0.6766
Epoch 3/50
 - 2s - loss: 0.6764 - val_loss: 0.6633
Epoch 4/50
 - 2s - loss: 0.6657 - val_loss: 0.6526
Epoch 5/50
 - 2s - loss: 0.6582 - val_loss: 0.6490
Epoch 6/50
 - 2s - loss: 0.6519 - val_loss: 0.6404
Epoch 7/50
 - 2s - loss: 0.6459 - val_loss: 0.6361
Epoch 8/50
 - 2s - loss: 0.6398 - val_loss: 0.6313
Epoch 9/50
 - 1s - loss: 0.6360 - val_loss: 0.6263
Epoch 10/50
 - 1s - loss: 0.6311 - val_loss: 0.6218
Epoch 11/50
 - 2s - loss: 0.6265 - val_loss: 0.6173
Epoch 12/50
 - 1s - loss: 0.6227 - val_loss: 0.6156
Epoch 13/50
 - 1s - loss: 0.6190 - val_loss: 0.6088
Epoch 14/50
 - 1s - loss: 0.6165 - val_loss: 0.6069
Epoch 15/50
 - 2s - loss: 0.6129 - val_loss: 0.6053
Epoch 16/50
 - 1s - loss: 0.6102 - val_loss: 0.6003
Epoch 17/50
 - 1s - loss: 0.6078 - val_loss: 0.5959
Epoch 18/50
 - 1s - loss: 0.6047 - val_loss: 0.5930
Epoch 19/50
 - 2s - loss: 0.6023 - val_loss: 0.5949
Epoch 20/50
 - 2s - loss: 0.5999 - val_loss: 0.5911
Epoch 21/50
 - 2s - loss: 0.5975 - val_loss: 0.5877
Epoch 22/50
 - 2s - loss: 0.5951 - val_loss: 0.5849
Epoch 23/50
 - 2s - loss: 0.5927 - val_loss: 0.5833
Epoch 24/50
 - 2s - loss: 0.5907 - val_loss: 0.5815
Epoch 25/50
 - 1s - loss: 0.5886 - val_loss: 0.5784
Epoch 26/50
 - 2s - loss: 0.5867 - val_loss: 0.5808
Epoch 27/50
 - 1s - loss: 0.5851 - val_loss: 0.5773
Epoch 28/50
 - 1s - loss: 0.5827 - val_loss: 0.5815
Epoch 29/50
 - 1s - loss: 0.5815 - val_loss: 0.5734
Epoch 30/50
 - 2s - loss: 0.5794 - val_loss: 0.5734
Epoch 31/50
 - 2s - loss: 0.5781 - val_loss: 0.5713
Epoch 32/50
 - 1s - loss: 0.5771 - val_loss: 0.5679
Epoch 33/50
 - 1s - loss: 0.5750 - val_loss: 0.5667
Epoch 34/50
 - 2s - loss: 0.5729 - val_loss: 0.5666
Epoch 35/50
 - 2s - loss: 0.5718 - val_loss: 0.5648
Epoch 36/50
 - 2s - loss: 0.5700 - val_loss: 0.5631
Epoch 37/50
 - 2s - loss: 0.5693 - val_loss: 0.5638
Epoch 38/50
 - 2s - loss: 0.5678 - val_loss: 0.5607
Epoch 39/50
 - 2s - loss: 0.5657 - val_loss: 0.5570
Epoch 40/50
 - 2s - loss: 0.5647 - val_loss: 0.5574
Epoch 41/50
 - 2s - loss: 0.5635 - val_loss: 0.5577
Epoch 42/50
 - 2s - loss: 0.5620 - val_loss: 0.5533
Epoch 43/50
 - 2s - loss: 0.5603 - val_loss: 0.5525
Epoch 44/50
 - 2s - loss: 0.5599 - val_loss: 0.5502
Epoch 45/50
 - 2s - loss: 0.5587 - val_loss: 0.5516
Epoch 46/50
 - 2s - loss: 0.5567 - val_loss: 0.5515
Epoch 47/50
 - 2s - loss: 0.5557 - val_loss: 0.5470
Epoch 48/50
 - 2s - loss: 0.5550 - val_loss: 0.5469
Epoch 49/50
 - 2s - loss: 0.5537 - val_loss: 0.5455
Epoch 50/50
 - 2s - loss: 0.5526 - val_loss: 0.5478
[38;2;74;176;245m[1mProfile[0m ⏱  ···· Time elapsed in [1mFold 2/3[0m: ................................ [1m86.4s[0m
[38;2;74;176;245m[1mProfile[0m ⏱  ···· Starting [1mFold 3/3[0m
Train on 1333334 samples, validate on 666666 samples
Epoch 1/50
 - 2s - loss: 0.8122 - val_loss: 0.7801
Epoch 2/50
 - 2s - loss: 0.7883 - val_loss: 0.7612
Epoch 3/50
 - 2s - loss: 0.7697 - val_loss: 0.7481
Epoch 4/50
 - 2s - loss: 0.7572 - val_loss: 0.7360
Epoch 5/50
 - 2s - loss: 0.7466 - val_loss: 0.7275
Epoch 6/50
 - 2s - loss: 0.7369 - val_loss: 0.7187
Epoch 7/50
 - 2s - loss: 0.7289 - val_loss: 0.7115
Epoch 8/50
 - 2s - loss: 0.7212 - val_loss: 0.7042
Epoch 9/50
 - 2s - loss: 0.7150 - val_loss: 0.6986
Epoch 10/50
 - 2s - loss: 0.7081 - val_loss: 0.6929
Epoch 11/50
 - 2s - loss: 0.7024 - val_loss: 0.6877
Epoch 12/50
 - 2s - loss: 0.6970 - val_loss: 0.6822
Epoch 13/50
 - 2s - loss: 0.6924 - val_loss: 0.6781
Epoch 14/50
 - 2s - loss: 0.6874 - val_loss: 0.6731
Epoch 15/50
 - 2s - loss: 0.6827 - val_loss: 0.6710
Epoch 16/50
 - 2s - loss: 0.6784 - val_loss: 0.6658
Epoch 17/50
 - 2s - loss: 0.6745 - val_loss: 0.6638
Epoch 18/50
 - 2s - loss: 0.6702 - val_loss: 0.6575
Epoch 19/50
 - 2s - loss: 0.6670 - val_loss: 0.6533
Epoch 20/50
 - 2s - loss: 0.6631 - val_loss: 0.6518
Epoch 21/50
 - 2s - loss: 0.6596 - val_loss: 0.6484
Epoch 22/50
 - 2s - loss: 0.6564 - val_loss: 0.6452
Epoch 23/50
 - 2s - loss: 0.6529 - val_loss: 0.6406
Epoch 24/50
 - 2s - loss: 0.6498 - val_loss: 0.6390
Epoch 25/50
 - 2s - loss: 0.6472 - val_loss: 0.6355
Epoch 26/50
 - 2s - loss: 0.6435 - val_loss: 0.6322
Epoch 27/50
 - 2s - loss: 0.6414 - val_loss: 0.6293
Epoch 28/50
 - 2s - loss: 0.6384 - val_loss: 0.6260
Epoch 29/50
 - 2s - loss: 0.6355 - val_loss: 0.6250
Epoch 30/50
 - 2s - loss: 0.6330 - val_loss: 0.6230
Epoch 31/50
 - 2s - loss: 0.6302 - val_loss: 0.6197
Epoch 32/50
 - 2s - loss: 0.6277 - val_loss: 0.6172
Epoch 33/50
 - 2s - loss: 0.6254 - val_loss: 0.6163
Epoch 34/50
 - 1s - loss: 0.6235 - val_loss: 0.6125
Epoch 35/50
 - 1s - loss: 0.6210 - val_loss: 0.6111
Epoch 36/50
 - 1s - loss: 0.6183 - val_loss: 0.6104
Epoch 37/50
 - 2s - loss: 0.6164 - val_loss: 0.6063
Epoch 38/50
 - 2s - loss: 0.6140 - val_loss: 0.6034
Epoch 39/50
 - 2s - loss: 0.6121 - val_loss: 0.6039
Epoch 40/50
 - 2s - loss: 0.6101 - val_loss: 0.5999
Epoch 41/50
 - 2s - loss: 0.6083 - val_loss: 0.5992
Epoch 42/50
 - 2s - loss: 0.6063 - val_loss: 0.5979
Epoch 43/50
 - 2s - loss: 0.6045 - val_loss: 0.5952
Epoch 44/50
 - 2s - loss: 0.6026 - val_loss: 0.5933
Epoch 45/50
 - 1s - loss: 0.6007 - val_loss: 0.5931
Epoch 46/50
 - 1s - loss: 0.5989 - val_loss: 0.5903
Epoch 47/50
 - 1s - loss: 0.5967 - val_loss: 0.5874
Epoch 48/50
 - 2s - loss: 0.5951 - val_loss: 0.5883
Epoch 49/50
 - 2s - loss: 0.5939 - val_loss: 0.5850
Epoch 50/50
 - 2s - loss: 0.5922 - val_loss: 0.5852
Got result 0.664680693286
Completed successfully in 353.29 seconds. [{u'main': 0.6646806932861639}]
[38;2;74;176;245m[1mProfile[0m ⏱  ···· Time elapsed in [1mFold 3/3[0m: ................................ [1m92.4s[0m
[38;2;74;176;245m[1mProfile[0m ⏱  ·· Time elapsed in [1mClassifier-only fit, cross-validation[0m: .... [1m287.8s[0m
[38;2;74;176;245m[1mProfile[0m ⏱  Time elapsed in [1m@main[0m: ....................................... [1m334.0s[0m
cd: Going back to /exports/eddie3_homes_local/s1562020/work/adversarial/optimisation/experiments/classifier
