Job launching after 5.00 seconds in submission.
Running python job.
Changed into dir /exports/eddie3_homes_local/s1562020/work/adversarial/optimisation/experiments/classifier
Importing optimise.py
Running optimise.main()
INFO: Applying patch '/exports/eddie3_homes_local/s1562020/work/adversarial/optimisation/experiments/classifier/patches/patch.00000040.json'
INFO: Found 20 Intel(R) Xeon(R) CPU E5-2630 v4 @ 2.20GHz devices with 10 cores each.
Using TensorFlow backend.
INFO: Scaling classifier/lr -1 -> 0.1
INFO: Scaling classifier/decay -2 -> 0.01
INFO: Scaling classifier/units 9 -> 512
INFO: Writing TensorBoard logs to 'logs/tensorboard/classifier-patch.00000040/'
INFO: Running '/exports/eddie3_homes_local/s1562020/work/adversarial/run/adversarial/common.pyc'
INFO: Command-line arguments:
INFO: Configuration file contents:
INFO: Python version: 2.7.14
INFO: Numpy  version: 1.12.1
INFO: Keras  version: 2.1.5
INFO: Using keras backend: 'tensorflow'
INFO: Found  1000000 training and  1000249 test samples for signal
INFO: Found  1000000 training and 10000000 test samples for background
INFO: load_data: Selecting only training data.
INFO: Implementing gradient reversal layer in TensorFlow
INFO: Training cross-validation classifiers
Call to main function (#40)
  Parameters: {u'classifier/model/default/units': array([9]), u'classifier/compile/decay': array([-2]), u'classifier/model/default/dropout': array([ 0.]), u'classifier/compile/lr': array([-1]), u'classifier/model/architecture': array([5]), u'classifier/model/default/activation': [u'relu']}
param: classifier/model/default/units
param: classifier/compile/decay
param: classifier/model/default/dropout
param: classifier/compile/lr
param: classifier/model/architecture
param: classifier/model/default/activation
- - - - - - - - - - - - - - - - - - - - - - - - - - - - - - - - - - - - - - - - 
Saving the following patch to '/exports/eddie3_homes_local/s1562020/work/adversarial/optimisation/experiments/classifier/patches/patch.00000040.json':
{u'classifier': {u'compile': {u'lr': -1, u'decay': -2}, u'model': {u'default': {u'units': 9, u'dropout': 0.0, u'activation': u'relu'}, u'architecture': 5}, 'fit': {'epochs': 50, 'batch_size': 8192}}}
- - - - - - - - - - - - - - - - - - - - - - - - - - - - - - - - - - - - - - - - 
cd: Going to /exports/eddie3_homes_local/s1562020/work/adversarial/
[38;2;74;176;245m[1mProfile[0m ⏱  Starting [1m@main[0m
[38;2;74;176;245m[1mProfile[0m ⏱  ·· Starting [1mInitialisation[0m
[38;2;74;176;245m[1mProfile[0m ⏱  ···· Starting [1m@initialise[0m
[38;2;74;176;245m[1mProfile[0m ⏱  ···· Time elapsed in [1m@initialise[0m: .............................. [1m0.0s[0m
[38;2;74;176;245m[1mProfile[0m ⏱  ···· Starting [1m@initialise_backend[0m
[38;2;74;176;245m[1mProfile[0m ⏱  ······ Starting [1m@configure_tensorflow[0m
[38;2;74;176;245m[1mProfile[0m ⏱  ······ Time elapsed in [1m@configure_tensorflow[0m: ................. [1m17.2s[0m
[38;2;74;176;245m[1mProfile[0m ⏱  ···· Time elapsed in [1m@initialise_backend[0m: ..................... [1m18.3s[0m
{'config': './configs/default.json',
 'devices': 7,
 'folds': 3,
 'gpu': True,
 'input': './input/',
 'jobname': 'classifier-patch.00000040',
 'mode': 'gpu',
 'optimise_adversarial': False,
 'optimise_classifier': True,
 'output': './output/',
 'patches': ['/exports/eddie3_homes_local/s1562020/work/adversarial/optimisation/experiments/classifier/patches/patch.00000040.json'],
 'tensorboard': True,
 'theano': False,
 'train': False,
 'train_adversarial': False,
 'train_classifier': True,
 'verbose': False}
{u'adversary': {u'compile': {},
                u'fit': {},
                u'model': {u'architecture': [{}, {}, {}, {}],
                           u'default': {u'activation': u'relu',
                                        u'units': 64},
                           u'gmm_components': 5}},
 u'classifier': {u'compile': {u'loss': u'binary_crossentropy',
                              u'optimizer': <keras.optimizers.Adam object at 0x2ae89594a310>},
                 u'fit': {u'batch_size': 57344,
                          u'epochs': 50,
                          u'shuffle': True,
                          'verbose': 2},
                 u'model': {u'architecture': [{}, {}, {}, {}, {}],
                            u'default': {u'activation': u'relu',
                                         u'batchnorm': True,
                                         u'dropout': 0.0,
                                         u'units': 512}}},
 u'combined': {u'compile': {u'loss': [u'binary_crossentropy', None],
                            u'loss_weights': [1.8181818181818182e-09, 1.0],
                            u'optimizer': <keras.optimizers.Adam object at 0x2ae89594a350>},
               u'fit': {u'batch_size': 57344,
                        u'epochs': 100,
                        u'shuffle': True,
                        'verbose': 2},
               u'model': {u'lambda_reg': 10.0,
                          u'lr_ratio': 1.8181818181818182e-09},
               u'pretrain': 10}}
  TensorFlow version: 1.4.1
[38;2;74;176;245m[1mProfile[0m ⏱  ·· Time elapsed in [1mInitialisation[0m: ............................ [1m18.4s[0m
[38;2;74;176;245m[1mProfile[0m ⏱  ·· Starting [1m@load_data[0m
[38;2;74;176;245m[1mProfile[0m ⏱  ·· Time elapsed in [1m@load_data[0m: ................................ [1m35.3s[0m
[38;2;74;176;245m[1mProfile[0m ⏱  ·· Starting [1m@get_decorrelation_variables[0m
[38;2;74;176;245m[1mProfile[0m ⏱  ·· Time elapsed in [1m@get_decorrelation_variables[0m: ............... [1m0.0s[0m
[38;2;74;176;245m[1mProfile[0m ⏱  ·· Starting [1mClassifier-only fit, cross-validation[0m
[38;2;74;176;245m[1mProfile[0m ⏱  ···· Starting [1mFold 1/3[0m
Train on 1333332 samples, validate on 666668 samples
Epoch 1/50
 - 11s - loss: 4.2985 - val_loss: 4.7214
Epoch 2/50
 - 10s - loss: 3.2217 - val_loss: 4.0683
Epoch 3/50
 - 9s - loss: 3.5732 - val_loss: 3.5186
Epoch 4/50
 - 9s - loss: 3.2129 - val_loss: 3.1019
Epoch 5/50
 - 9s - loss: 3.1746 - val_loss: 3.2342
Epoch 6/50
 - 8s - loss: 3.0398 - val_loss: 3.3200
Epoch 7/50
 - 9s - loss: 2.9188 - val_loss: 3.6301
Epoch 8/50
 - 10s - loss: 2.9387 - val_loss: 2.9634
Epoch 9/50
 - 9s - loss: 2.9603 - val_loss: 5.2438
Epoch 10/50
 - 9s - loss: 2.8042 - val_loss: 3.5296
Epoch 11/50
 - 9s - loss: 2.7592 - val_loss: 3.1172
Epoch 12/50
 - 8s - loss: 2.9293 - val_loss: 2.8363
Epoch 13/50
 - 7s - loss: 2.7830 - val_loss: 2.9584
Epoch 14/50
 - 8s - loss: 2.7315 - val_loss: 2.9721
Epoch 15/50
 - 7s - loss: 2.7029 - val_loss: 2.7615
Epoch 16/50
 - 7s - loss: 2.7428 - val_loss: 2.8064
Epoch 17/50
 - 6s - loss: 2.7738 - val_loss: 2.8162
Epoch 18/50
 - 9s - loss: 2.7086 - val_loss: 3.4050
Epoch 19/50
 - 9s - loss: 2.7503 - val_loss: 2.7728
Epoch 20/50
 - 9s - loss: 3.0079 - val_loss: 3.2654
Epoch 21/50
 - 8s - loss: 2.7710 - val_loss: 2.9451
Epoch 22/50
 - 9s - loss: 2.7035 - val_loss: 2.6624
Epoch 23/50
 - 8s - loss: 2.6651 - val_loss: 2.7134
Epoch 24/50
 - 9s - loss: 2.6858 - val_loss: 2.6858
Epoch 25/50
 - 8s - loss: 2.6869 - val_loss: 2.7198
Epoch 26/50
 - 9s - loss: 2.6602 - val_loss: 2.6806
Epoch 27/50
 - 9s - loss: 2.6951 - val_loss: 2.6739
Epoch 28/50
 - 9s - loss: 2.6903 - val_loss: 2.6580
Epoch 29/50
 - 9s - loss: 2.7379 - val_loss: 3.1681
Epoch 30/50
 - 9s - loss: 2.7324 - val_loss: 2.9214
Epoch 31/50
 - 9s - loss: 2.6973 - val_loss: 2.9072
Epoch 32/50
 - 9s - loss: 2.6289 - val_loss: 2.6670
Epoch 33/50
 - 9s - loss: 2.6206 - val_loss: 2.6694
Epoch 34/50
 - 9s - loss: 2.6496 - val_loss: 2.7667
Epoch 35/50
 - 9s - loss: 2.6629 - val_loss: 2.7533
Epoch 36/50
 - 9s - loss: 2.6837 - val_loss: 2.9979
Epoch 37/50
 - 7s - loss: 2.6999 - val_loss: 2.6570
Epoch 38/50
 - 8s - loss: 2.6643 - val_loss: 2.7966
Epoch 39/50
 - 8s - loss: 2.6282 - val_loss: 2.6356
Epoch 40/50
 - 8s - loss: 2.6455 - val_loss: 2.9101
Epoch 41/50
 - 8s - loss: 2.6220 - val_loss: 2.7513
Epoch 42/50
 - 8s - loss: 2.6091 - val_loss: 2.7070
Epoch 43/50
 - 7s - loss: 2.6106 - val_loss: 2.6589
Epoch 44/50
 - 7s - loss: 2.6635 - val_loss: 2.7066
Epoch 45/50
 - 8s - loss: 2.6395 - val_loss: 2.7751
Epoch 46/50
 - 8s - loss: 2.6790 - val_loss: 2.7515
Epoch 47/50
 - 8s - loss: 2.6682 - val_loss: 2.7411
Epoch 48/50
 - 8s - loss: 2.6352 - val_loss: 2.6634
Epoch 49/50
 - 8s - loss: 2.5822 - val_loss: 2.8600
Epoch 50/50
 - 8s - loss: 2.6200 - val_loss: 2.7107
[38;2;74;176;245m[1mProfile[0m ⏱  ···· Time elapsed in [1mFold 1/3[0m: ............................... [1m458.4s[0m
[38;2;74;176;245m[1mProfile[0m ⏱  ···· Starting [1mFold 2/3[0m
Train on 1333334 samples, validate on 666666 samples
Epoch 1/50
 - 8s - loss: 2.1444 - val_loss: 6.3059
Epoch 2/50
 - 7s - loss: 0.6107 - val_loss: 1.5077
Epoch 3/50
 - 7s - loss: 0.4796 - val_loss: 0.7267
Epoch 4/50
 - 5s - loss: 0.4202 - val_loss: 0.5920
Epoch 5/50
 - 5s - loss: 0.3965 - val_loss: 0.5878
Epoch 6/50
 - 7s - loss: 0.3883 - val_loss: 0.5452
Epoch 7/50
 - 8s - loss: 0.3827 - val_loss: 0.4776
Epoch 8/50
 - 9s - loss: 0.3801 - val_loss: 0.4913
Epoch 9/50
 - 9s - loss: 0.3756 - val_loss: 0.4588
Epoch 10/50
 - 9s - loss: 0.3740 - val_loss: 0.4658
Epoch 11/50
 - 9s - loss: 0.3745 - val_loss: 0.4553
Epoch 12/50
 - 9s - loss: 0.3721 - val_loss: 0.4431
Epoch 13/50
 - 9s - loss: 0.3693 - val_loss: 0.4131
Epoch 14/50
 - 10s - loss: 0.3681 - val_loss: 0.4132
Epoch 15/50
 - 9s - loss: 0.3666 - val_loss: 0.3900
Epoch 16/50
 - 9s - loss: 0.3660 - val_loss: 0.3784
Epoch 17/50
 - 9s - loss: 0.3650 - val_loss: 0.3985
Epoch 18/50
 - 9s - loss: 0.3900 - val_loss: 0.5158
Epoch 19/50
 - 9s - loss: 0.3761 - val_loss: 0.4136
Epoch 20/50
 - 9s - loss: 0.3705 - val_loss: 0.4342
Epoch 21/50
 - 10s - loss: 0.3686 - val_loss: 0.3951
Epoch 22/50
 - 9s - loss: 0.3667 - val_loss: 0.3860
Epoch 23/50
 - 9s - loss: 0.3649 - val_loss: 0.3890
Epoch 24/50
 - 9s - loss: 0.3638 - val_loss: 0.3735
Epoch 25/50
 - 8s - loss: 0.3629 - val_loss: 0.3687
Epoch 26/50
 - 8s - loss: 0.3627 - val_loss: 0.3709
Epoch 27/50
 - 7s - loss: 0.3620 - val_loss: 0.3653
Epoch 28/50
 - 8s - loss: 0.3616 - val_loss: 0.3672
Epoch 29/50
 - 8s - loss: 0.3664 - val_loss: 0.3880
Epoch 30/50
 - 8s - loss: 0.3640 - val_loss: 0.3741
Epoch 31/50
 - 8s - loss: 0.3630 - val_loss: 0.3733
Epoch 32/50
 - 8s - loss: 0.3617 - val_loss: 0.3682
Epoch 33/50
 - 7s - loss: 0.3614 - val_loss: 0.3708
Epoch 34/50
 - 8s - loss: 0.3608 - val_loss: 0.3697
Epoch 35/50
 - 7s - loss: 0.3608 - val_loss: 0.3695
Epoch 36/50
 - 8s - loss: 0.3601 - val_loss: 0.3678
Epoch 37/50
 - 7s - loss: 0.3593 - val_loss: 0.3658
Epoch 38/50
 - 8s - loss: 0.3592 - val_loss: 0.3635
Epoch 39/50
 - 8s - loss: 0.3596 - val_loss: 0.3660
Epoch 40/50
 - 8s - loss: 0.3594 - val_loss: 0.3613
Epoch 41/50
 - 8s - loss: 0.3595 - val_loss: 0.3687
Epoch 42/50
 - 8s - loss: 0.3588 - val_loss: 0.3640
Epoch 43/50
 - 8s - loss: 0.3593 - val_loss: 0.3666
Epoch 44/50
 - 8s - loss: 0.3592 - val_loss: 0.3681
Epoch 45/50
 - 8s - loss: 0.3585 - val_loss: 0.3668
Epoch 46/50
 - 8s - loss: 0.3580 - val_loss: 0.3626
Epoch 47/50
 - 8s - loss: 0.3578 - val_loss: 0.3618
Epoch 48/50
 - 9s - loss: 0.3576 - val_loss: 0.3680
Epoch 49/50
 - 8s - loss: 0.3578 - val_loss: 0.3660
Epoch 50/50
 - 8s - loss: 0.3579 - val_loss: 0.3650
[38;2;74;176;245m[1mProfile[0m ⏱  ···· Time elapsed in [1mFold 2/3[0m: ............................... [1m428.5s[0m
[38;2;74;176;245m[1mProfile[0m ⏱  ···· Starting [1mFold 3/3[0m
Train on 1333334 samples, validate on 666666 samples
Epoch 1/50
 - 10s - loss: 2.3846 - val_loss: 4.7668
Epoch 2/50
 - 8s - loss: 0.7402 - val_loss: 1.9264
Epoch 3/50
 - 8s - loss: 0.5287 - val_loss: 1.0918
Epoch 4/50
 - 8s - loss: 0.4831 - val_loss: 0.7870
Epoch 5/50
 - 8s - loss: 0.4627 - val_loss: 0.6576
Epoch 6/50
 - 8s - loss: 0.4583 - val_loss: 0.6563
Epoch 7/50
 - 8s - loss: 0.4483 - val_loss: 0.5969
Epoch 8/50
 - 5s - loss: 0.4439 - val_loss: 0.5456
Epoch 9/50
 - 4s - loss: 0.4436 - val_loss: 0.5322
Epoch 10/50
 - 5s - loss: 0.4406 - val_loss: 0.5042
Epoch 11/50
 - 6s - loss: 0.4434 - val_loss: 0.4881
Epoch 12/50
 - 5s - loss: 0.4389 - val_loss: 0.4857
Epoch 13/50
 - 5s - loss: 0.4367 - val_loss: 0.5142
Epoch 14/50
 - 5s - loss: 0.4396 - val_loss: 0.4510
Epoch 15/50
 - 5s - loss: 0.4486 - val_loss: 0.5193
Epoch 16/50
 - 8s - loss: 0.4432 - val_loss: 0.5419
Epoch 17/50
 - 8s - loss: 0.4373 - val_loss: 0.4699
Epoch 18/50
 - 8s - loss: 0.4379 - val_loss: 0.4597
Epoch 19/50
 - 8s - loss: 0.4374 - val_loss: 0.4689
Epoch 20/50
 - 8s - loss: 0.4376 - val_loss: 0.4607
Epoch 21/50
 - 9s - loss: 0.4336 - val_loss: 0.4704
Epoch 22/50
 - 9s - loss: 0.4332 - val_loss: 0.4436
Epoch 23/50
 - 9s - loss: 0.4362 - val_loss: 0.4518
Epoch 24/50
 - 9s - loss: 0.4333 - val_loss: 0.4734
Epoch 25/50
 - 9s - loss: 0.4343 - val_loss: 0.4450
Epoch 26/50
 - 9s - loss: 0.4360 - val_loss: 0.4528
Epoch 27/50
 - 9s - loss: 0.4327 - val_loss: 0.4578
Epoch 28/50
 - 9s - loss: 0.4308 - val_loss: 0.5087
Epoch 29/50
 - 9s - loss: 0.4445 - val_loss: 0.4485
Epoch 30/50
 - 10s - loss: 0.4313 - val_loss: 0.4405
Epoch 31/50
 - 9s - loss: 0.4293 - val_loss: 0.4363
Epoch 32/50
 - 9s - loss: 0.4298 - val_loss: 0.4452
Epoch 33/50
 - 9s - loss: 0.4325 - val_loss: 0.4513
Epoch 34/50
 - 9s - loss: 0.4290 - val_loss: 0.4319
Epoch 35/50
 - 9s - loss: 0.4354 - val_loss: 0.4831
Epoch 36/50
 - 9s - loss: 0.4330 - val_loss: 0.4531
Epoch 37/50
 - 9s - loss: 0.4280 - val_loss: 0.4322
Epoch 38/50
 - 9s - loss: 0.4279 - val_loss: 0.4426
Epoch 39/50
 - 9s - loss: 0.4270 - val_loss: 0.4368
Epoch 40/50
 - 9s - loss: 0.4313 - val_loss: 0.5452
Epoch 41/50
 - 9s - loss: 0.4321 - val_loss: 0.5002
Epoch 42/50
 - 9s - loss: 0.4401 - val_loss: 0.4508
Epoch 43/50
 - 9s - loss: 0.4324 - val_loss: 0.6388
Epoch 44/50
 - 8s - loss: 0.4551 - val_loss: 0.6315
Epoch 45/50
 - 9s - loss: 0.4461 - val_loss: 0.4865
Epoch 46/50
 - 8s - loss: 0.4311 - val_loss: 0.5885
Epoch 47/50
 - 8s - loss: 0.4297 - val_loss: 0.5282
Epoch 48/50
 - 9s - loss: 0.4311 - val_loss: 0.4344
Epoch 49/50
 - 9s - loss: 0.4289 - val_loss: 0.4732
Epoch 50/50
 - 10s - loss: 0.4348 - val_loss: 0.4524
Got result 2.26181284748
Completed successfully in 1406.32 seconds. [{u'main': 2.2618128474776484}]
[38;2;74;176;245m[1mProfile[0m ⏱  ···· Time elapsed in [1mFold 3/3[0m: ............................... [1m438.9s[0m
[38;2;74;176;245m[1mProfile[0m ⏱  ·· Time elapsed in [1mClassifier-only fit, cross-validation[0m: ... [1m1326.5s[0m
[38;2;74;176;245m[1mProfile[0m ⏱  Time elapsed in [1m@main[0m: ...................................... [1m1380.6s[0m
cd: Going back to /exports/eddie3_homes_local/s1562020/work/adversarial/optimisation/experiments/classifier
