Job launching after 5.08 seconds in submission.
Running python job.
Changed into dir /exports/eddie3_homes_local/s1562020/work/adversarial/optimisation/experiments/classifier
Importing optimise.py
Running optimise.main()
INFO: Applying patch '/exports/eddie3_homes_local/s1562020/work/adversarial/optimisation/experiments/classifier/patches/patch.00000083.json'
INFO: Found 20 Intel(R) Xeon(R) CPU E5-2630 v4 @ 2.20GHz devices with 10 cores each.
Using TensorFlow backend.
INFO: Scaling classifier/lr -5 -> 1e-05
INFO: Scaling classifier/decay -6 -> 1e-06
INFO: Scaling classifier/units 7 -> 128
INFO: Writing TensorBoard logs to 'logs/tensorboard/classifier-patch.00000083/'
INFO: Running '/exports/eddie3_homes_local/s1562020/work/adversarial/run/adversarial/common.pyc'
INFO: Command-line arguments:
INFO: Configuration file contents:
INFO: Python version: 2.7.14
INFO: Numpy  version: 1.12.1
INFO: Keras  version: 2.1.5
INFO: Using keras backend: 'tensorflow'
INFO: Found  1000000 training and  1000249 test samples for signal
INFO: Found  1000000 training and 10000000 test samples for background
INFO: load_data: Selecting only training data.
INFO: Implementing gradient reversal layer in TensorFlow
INFO: Training cross-validation classifiers
Call to main function (#83)
  Parameters: {u'classifier/model/default/units': array([7]), u'classifier/compile/decay': array([-6]), u'classifier/model/default/dropout': array([ 0.46855436]), u'classifier/compile/lr': array([-5]), u'classifier/model/architecture': array([1]), u'classifier/model/default/activation': [u'relu']}
param: classifier/model/default/units
param: classifier/compile/decay
param: classifier/model/default/dropout
param: classifier/compile/lr
param: classifier/model/architecture
param: classifier/model/default/activation
- - - - - - - - - - - - - - - - - - - - - - - - - - - - - - - - - - - - - - - - 
Saving the following patch to '/exports/eddie3_homes_local/s1562020/work/adversarial/optimisation/experiments/classifier/patches/patch.00000083.json':
{u'classifier': {u'compile': {u'lr': -5, u'decay': -6}, u'model': {u'default': {u'units': 7, u'dropout': 0.46855436046874954, u'activation': u'relu'}, u'architecture': 1}, 'fit': {'epochs': 50, 'batch_size': 8192}}}
- - - - - - - - - - - - - - - - - - - - - - - - - - - - - - - - - - - - - - - - 
cd: Going to /exports/eddie3_homes_local/s1562020/work/adversarial/
[38;2;74;176;245m[1mProfile[0m ⏱  Starting [1m@main[0m
[38;2;74;176;245m[1mProfile[0m ⏱  ·· Starting [1mInitialisation[0m
[38;2;74;176;245m[1mProfile[0m ⏱  ···· Starting [1m@initialise[0m
[38;2;74;176;245m[1mProfile[0m ⏱  ···· Time elapsed in [1m@initialise[0m: .............................. [1m0.0s[0m
[38;2;74;176;245m[1mProfile[0m ⏱  ···· Starting [1m@initialise_backend[0m
[38;2;74;176;245m[1mProfile[0m ⏱  ······ Starting [1m@configure_tensorflow[0m
[38;2;74;176;245m[1mProfile[0m ⏱  ······ Time elapsed in [1m@configure_tensorflow[0m: ................. [1m16.0s[0m
[38;2;74;176;245m[1mProfile[0m ⏱  ···· Time elapsed in [1m@initialise_backend[0m: ..................... [1m17.3s[0m
{'config': './configs/default.json',
 'devices': 7,
 'folds': 3,
 'gpu': True,
 'input': './input/',
 'jobname': 'classifier-patch.00000083',
 'mode': 'gpu',
 'optimise_adversarial': False,
 'optimise_classifier': True,
 'output': './output/',
 'patches': ['/exports/eddie3_homes_local/s1562020/work/adversarial/optimisation/experiments/classifier/patches/patch.00000083.json'],
 'tensorboard': True,
 'theano': False,
 'train': False,
 'train_adversarial': False,
 'train_classifier': True,
 'verbose': False}
{u'adversary': {u'compile': {},
                u'fit': {},
                u'model': {u'architecture': [{}, {}, {}, {}],
                           u'default': {u'activation': u'relu',
                                        u'units': 64},
                           u'gmm_components': 5}},
 u'classifier': {u'compile': {u'loss': u'binary_crossentropy',
                              u'optimizer': <keras.optimizers.Adam object at 0x2b6028d292d0>},
                 u'fit': {u'batch_size': 57344,
                          u'epochs': 50,
                          u'shuffle': True,
                          'verbose': 2},
                 u'model': {u'architecture': [{}],
                            u'default': {u'activation': u'relu',
                                         u'batchnorm': True,
                                         u'dropout': 0.46855436046874954,
                                         u'units': 128}}},
 u'combined': {u'compile': {u'loss': [u'binary_crossentropy', None],
                            u'loss_weights': [1.8181818181818182e-09, 1.0],
                            u'optimizer': <keras.optimizers.Adam object at 0x2b6028d293d0>},
               u'fit': {u'batch_size': 57344,
                        u'epochs': 500,
                        u'shuffle': True,
                        'verbose': 2},
               u'model': {u'lambda_reg': 10.0,
                          u'lr_ratio': 1.8181818181818182e-09},
               u'pretrain': 10}}
  TensorFlow version: 1.4.1
[38;2;74;176;245m[1mProfile[0m ⏱  ·· Time elapsed in [1mInitialisation[0m: ............................ [1m17.5s[0m
[38;2;74;176;245m[1mProfile[0m ⏱  ·· Starting [1m@load_data[0m
[38;2;74;176;245m[1mProfile[0m ⏱  ·· Time elapsed in [1m@load_data[0m: ................................ [1m34.5s[0m
[38;2;74;176;245m[1mProfile[0m ⏱  ·· Starting [1m@get_decorrelation_variables[0m
[38;2;74;176;245m[1mProfile[0m ⏱  ·· Time elapsed in [1m@get_decorrelation_variables[0m: ............... [1m0.0s[0m
[38;2;74;176;245m[1mProfile[0m ⏱  ·· Starting [1mClassifier-only fit, cross-validation[0m
[38;2;74;176;245m[1mProfile[0m ⏱  ···· Starting [1mFold 1/3[0m
Train on 1333332 samples, validate on 666668 samples
Epoch 1/50
 - 1s - loss: 0.7972 - val_loss: 0.7733
Epoch 2/50
 - 1s - loss: 0.7940 - val_loss: 0.7733
Epoch 3/50
 - 1s - loss: 0.7908 - val_loss: 0.7707
Epoch 4/50
 - 1s - loss: 0.7877 - val_loss: 0.7680
Epoch 5/50
 - 1s - loss: 0.7850 - val_loss: 0.7654
Epoch 6/50
 - 1s - loss: 0.7826 - val_loss: 0.7631
Epoch 7/50
 - 1s - loss: 0.7786 - val_loss: 0.7604
Epoch 8/50
 - 1s - loss: 0.7756 - val_loss: 0.7572
Epoch 9/50
 - 2s - loss: 0.7731 - val_loss: 0.7552
Epoch 10/50
 - 1s - loss: 0.7705 - val_loss: 0.7520
Epoch 11/50
 - 1s - loss: 0.7673 - val_loss: 0.7488
Epoch 12/50
 - 2s - loss: 0.7646 - val_loss: 0.7472
Epoch 13/50
 - 1s - loss: 0.7620 - val_loss: 0.7447
Epoch 14/50
 - 1s - loss: 0.7591 - val_loss: 0.7420
Epoch 15/50
 - 1s - loss: 0.7563 - val_loss: 0.7393
Epoch 16/50
 - 1s - loss: 0.7534 - val_loss: 0.7369
Epoch 17/50
 - 1s - loss: 0.7507 - val_loss: 0.7344
Epoch 18/50
 - 1s - loss: 0.7486 - val_loss: 0.7318
Epoch 19/50
 - 1s - loss: 0.7460 - val_loss: 0.7292
Epoch 20/50
 - 1s - loss: 0.7438 - val_loss: 0.7274
Epoch 21/50
 - 2s - loss: 0.7411 - val_loss: 0.7247
Epoch 22/50
 - 2s - loss: 0.7384 - val_loss: 0.7225
Epoch 23/50
 - 1s - loss: 0.7362 - val_loss: 0.7203
Epoch 24/50
 - 1s - loss: 0.7334 - val_loss: 0.7181
Epoch 25/50
 - 1s - loss: 0.7314 - val_loss: 0.7159
Epoch 26/50
 - 2s - loss: 0.7292 - val_loss: 0.7137
Epoch 27/50
 - 1s - loss: 0.7266 - val_loss: 0.7113
Epoch 28/50
 - 1s - loss: 0.7241 - val_loss: 0.7091
Epoch 29/50
 - 1s - loss: 0.7225 - val_loss: 0.7070
Epoch 30/50
 - 1s - loss: 0.7194 - val_loss: 0.7050
Epoch 31/50
 - 1s - loss: 0.7175 - val_loss: 0.7028
Epoch 32/50
 - 1s - loss: 0.7154 - val_loss: 0.7007
Epoch 33/50
 - 1s - loss: 0.7134 - val_loss: 0.6987
Epoch 34/50
 - 1s - loss: 0.7109 - val_loss: 0.6966
Epoch 35/50
 - 1s - loss: 0.7088 - val_loss: 0.6945
Epoch 36/50
 - 1s - loss: 0.7066 - val_loss: 0.6926
Epoch 37/50
 - 1s - loss: 0.7041 - val_loss: 0.6906
Epoch 38/50
 - 1s - loss: 0.7028 - val_loss: 0.6887
Epoch 39/50
 - 1s - loss: 0.7000 - val_loss: 0.6868
Epoch 40/50
 - 1s - loss: 0.6983 - val_loss: 0.6849
Epoch 41/50
 - 1s - loss: 0.6962 - val_loss: 0.6829
Epoch 42/50
 - 1s - loss: 0.6943 - val_loss: 0.6808
Epoch 43/50
 - 1s - loss: 0.6923 - val_loss: 0.6789
Epoch 44/50
 - 1s - loss: 0.6897 - val_loss: 0.6774
Epoch 45/50
 - 1s - loss: 0.6881 - val_loss: 0.6751
Epoch 46/50
 - 1s - loss: 0.6863 - val_loss: 0.6731
Epoch 47/50
 - 1s - loss: 0.6848 - val_loss: 0.6712
Epoch 48/50
 - 1s - loss: 0.6826 - val_loss: 0.6698
Epoch 49/50
 - 2s - loss: 0.6806 - val_loss: 0.6681
Epoch 50/50
 - 1s - loss: 0.6786 - val_loss: 0.6662
[38;2;74;176;245m[1mProfile[0m ⏱  ···· Time elapsed in [1mFold 1/3[0m: ................................ [1m84.8s[0m
[38;2;74;176;245m[1mProfile[0m ⏱  ···· Starting [1mFold 2/3[0m
Train on 1333334 samples, validate on 666666 samples
Epoch 1/50
 - 1s - loss: 0.6873 - val_loss: 0.6791
Epoch 2/50
 - 1s - loss: 0.6759 - val_loss: 0.6681
Epoch 3/50
 - 1s - loss: 0.6674 - val_loss: 0.6590
Epoch 4/50
 - 1s - loss: 0.6600 - val_loss: 0.6534
Epoch 5/50
 - 1s - loss: 0.6549 - val_loss: 0.6481
Epoch 6/50
 - 2s - loss: 0.6504 - val_loss: 0.6443
Epoch 7/50
 - 1s - loss: 0.6461 - val_loss: 0.6408
Epoch 8/50
 - 1s - loss: 0.6416 - val_loss: 0.6399
Epoch 9/50
 - 1s - loss: 0.6385 - val_loss: 0.6322
Epoch 10/50
 - 1s - loss: 0.6353 - val_loss: 0.6320
Epoch 11/50
 - 1s - loss: 0.6319 - val_loss: 0.6283
Epoch 12/50
 - 1s - loss: 0.6286 - val_loss: 0.6242
Epoch 13/50
 - 1s - loss: 0.6259 - val_loss: 0.6212
Epoch 14/50
 - 1s - loss: 0.6237 - val_loss: 0.6184
Epoch 15/50
 - 2s - loss: 0.6210 - val_loss: 0.6170
Epoch 16/50
 - 1s - loss: 0.6186 - val_loss: 0.6130
Epoch 17/50
 - 1s - loss: 0.6167 - val_loss: 0.6112
Epoch 18/50
 - 1s - loss: 0.6141 - val_loss: 0.6107
Epoch 19/50
 - 1s - loss: 0.6122 - val_loss: 0.6099
Epoch 20/50
 - 1s - loss: 0.6099 - val_loss: 0.6052
Epoch 21/50
 - 1s - loss: 0.6080 - val_loss: 0.6042
Epoch 22/50
 - 2s - loss: 0.6059 - val_loss: 0.6000
Epoch 23/50
 - 1s - loss: 0.6040 - val_loss: 0.5995
Epoch 24/50
 - 1s - loss: 0.6023 - val_loss: 0.5978
Epoch 25/50
 - 1s - loss: 0.6004 - val_loss: 0.5957
Epoch 26/50
 - 1s - loss: 0.5984 - val_loss: 0.5949
Epoch 27/50
 - 2s - loss: 0.5973 - val_loss: 0.5930
Epoch 28/50
 - 2s - loss: 0.5951 - val_loss: 0.5937
Epoch 29/50
 - 2s - loss: 0.5942 - val_loss: 0.5897
Epoch 30/50
 - 1s - loss: 0.5920 - val_loss: 0.5881
Epoch 31/50
 - 2s - loss: 0.5909 - val_loss: 0.5866
Epoch 32/50
 - 1s - loss: 0.5900 - val_loss: 0.5858
Epoch 33/50
 - 1s - loss: 0.5880 - val_loss: 0.5832
Epoch 34/50
 - 2s - loss: 0.5862 - val_loss: 0.5828
Epoch 35/50
 - 1s - loss: 0.5849 - val_loss: 0.5812
Epoch 36/50
 - 1s - loss: 0.5832 - val_loss: 0.5813
Epoch 37/50
 - 1s - loss: 0.5825 - val_loss: 0.5777
Epoch 38/50
 - 2s - loss: 0.5811 - val_loss: 0.5781
Epoch 39/50
 - 2s - loss: 0.5795 - val_loss: 0.5752
Epoch 40/50
 - 1s - loss: 0.5782 - val_loss: 0.5742
Epoch 41/50
 - 1s - loss: 0.5770 - val_loss: 0.5724
Epoch 42/50
 - 2s - loss: 0.5754 - val_loss: 0.5704
Epoch 43/50
 - 2s - loss: 0.5740 - val_loss: 0.5687
Epoch 44/50
 - 2s - loss: 0.5735 - val_loss: 0.5684
Epoch 45/50
 - 1s - loss: 0.5721 - val_loss: 0.5668
Epoch 46/50
 - 1s - loss: 0.5706 - val_loss: 0.5662
Epoch 47/50
 - 1s - loss: 0.5693 - val_loss: 0.5641
Epoch 48/50
 - 2s - loss: 0.5688 - val_loss: 0.5638
Epoch 49/50
 - 2s - loss: 0.5674 - val_loss: 0.5633
Epoch 50/50
 - 1s - loss: 0.5665 - val_loss: 0.5613
[38;2;74;176;245m[1mProfile[0m ⏱  ···· Time elapsed in [1mFold 2/3[0m: ................................ [1m75.0s[0m
[38;2;74;176;245m[1mProfile[0m ⏱  ···· Starting [1mFold 3/3[0m
Train on 1333334 samples, validate on 666666 samples
Epoch 1/50
 - 2s - loss: 0.7666 - val_loss: 0.7459
Epoch 2/50
 - 1s - loss: 0.7517 - val_loss: 0.7341
Epoch 3/50
 - 1s - loss: 0.7399 - val_loss: 0.7254
Epoch 4/50
 - 1s - loss: 0.7320 - val_loss: 0.7179
Epoch 5/50
 - 1s - loss: 0.7248 - val_loss: 0.7112
Epoch 6/50
 - 1s - loss: 0.7187 - val_loss: 0.7064
Epoch 7/50
 - 1s - loss: 0.7130 - val_loss: 0.7010
Epoch 8/50
 - 1s - loss: 0.7077 - val_loss: 0.6970
Epoch 9/50
 - 1s - loss: 0.7030 - val_loss: 0.6927
Epoch 10/50
 - 2s - loss: 0.6989 - val_loss: 0.6884
Epoch 11/50
 - 1s - loss: 0.6950 - val_loss: 0.6853
Epoch 12/50
 - 1s - loss: 0.6908 - val_loss: 0.6827
Epoch 13/50
 - 1s - loss: 0.6877 - val_loss: 0.6783
Epoch 14/50
 - 2s - loss: 0.6841 - val_loss: 0.6757
Epoch 15/50
 - 2s - loss: 0.6805 - val_loss: 0.6733
Epoch 16/50
 - 2s - loss: 0.6775 - val_loss: 0.6705
Epoch 17/50
 - 2s - loss: 0.6747 - val_loss: 0.6664
Epoch 18/50
 - 1s - loss: 0.6715 - val_loss: 0.6653
Epoch 19/50
 - 1s - loss: 0.6691 - val_loss: 0.6621
Epoch 20/50
 - 2s - loss: 0.6665 - val_loss: 0.6594
Epoch 21/50
 - 1s - loss: 0.6638 - val_loss: 0.6555
Epoch 22/50
 - 1s - loss: 0.6614 - val_loss: 0.6537
Epoch 23/50
 - 1s - loss: 0.6586 - val_loss: 0.6510
Epoch 24/50
 - 1s - loss: 0.6562 - val_loss: 0.6494
Epoch 25/50
 - 1s - loss: 0.6544 - val_loss: 0.6470
Epoch 26/50
 - 1s - loss: 0.6517 - val_loss: 0.6450
Epoch 27/50
 - 1s - loss: 0.6500 - val_loss: 0.6424
Epoch 28/50
 - 1s - loss: 0.6477 - val_loss: 0.6400
Epoch 29/50
 - 1s - loss: 0.6454 - val_loss: 0.6384
Epoch 30/50
 - 1s - loss: 0.6434 - val_loss: 0.6361
Epoch 31/50
 - 1s - loss: 0.6415 - val_loss: 0.6311
Epoch 32/50
 - 1s - loss: 0.6391 - val_loss: 0.6347
Epoch 33/50
 - 1s - loss: 0.6371 - val_loss: 0.6308
Epoch 34/50
 - 2s - loss: 0.6358 - val_loss: 0.6297
Epoch 35/50
 - 2s - loss: 0.6340 - val_loss: 0.6290
Epoch 36/50
 - 1s - loss: 0.6317 - val_loss: 0.6270
Epoch 37/50
 - 2s - loss: 0.6300 - val_loss: 0.6242
Epoch 38/50
 - 1s - loss: 0.6281 - val_loss: 0.6219
Epoch 39/50
 - 1s - loss: 0.6266 - val_loss: 0.6214
Epoch 40/50
 - 1s - loss: 0.6248 - val_loss: 0.6199
Epoch 41/50
 - 1s - loss: 0.6233 - val_loss: 0.6187
Epoch 42/50
 - 1s - loss: 0.6217 - val_loss: 0.6170
Epoch 43/50
 - 1s - loss: 0.6201 - val_loss: 0.6148
Epoch 44/50
 - 1s - loss: 0.6189 - val_loss: 0.6128
Epoch 45/50
 - 1s - loss: 0.6173 - val_loss: 0.6117
Epoch 46/50
 - 1s - loss: 0.6155 - val_loss: 0.6116
Epoch 47/50
 - 1s - loss: 0.6138 - val_loss: 0.6082
Epoch 48/50
 - 1s - loss: 0.6122 - val_loss: 0.6074
Epoch 49/50
 - 1s - loss: 0.6112 - val_loss: 0.6066
Epoch 50/50
 - 1s - loss: 0.6099 - val_loss: 0.6047
Got result 0.653739808833
Completed successfully in 310.78 seconds. [{u'main': 0.653739808833426}]
[38;2;74;176;245m[1mProfile[0m ⏱  ···· Time elapsed in [1mFold 3/3[0m: ................................ [1m76.3s[0m
[38;2;74;176;245m[1mProfile[0m ⏱  ·· Time elapsed in [1mClassifier-only fit, cross-validation[0m: .... [1m236.7s[0m
[38;2;74;176;245m[1mProfile[0m ⏱  Time elapsed in [1m@main[0m: ....................................... [1m289.1s[0m
cd: Going back to /exports/eddie3_homes_local/s1562020/work/adversarial/optimisation/experiments/classifier
