Job launching after 3.86 seconds in submission.
Running python job.
Changed into dir /exports/eddie3_homes_local/s1562020/work/adversarial/optimisation/experiments/classifier
Importing optimise.py
Running optimise.main()
INFO: Applying patch '/exports/eddie3_homes_local/s1562020/work/adversarial/optimisation/experiments/classifier/patches/patch.00000089.json'
INFO: Found 20 Intel(R) Xeon(R) CPU E5-2630 v4 @ 2.20GHz devices with 10 cores each.
Using TensorFlow backend.
INFO: Scaling classifier/lr -5 -> 1e-05
INFO: Scaling classifier/decay -6 -> 1e-06
INFO: Scaling classifier/units 9 -> 512
INFO: Writing TensorBoard logs to 'logs/tensorboard/classifier-patch.00000089/'
INFO: Running '/exports/eddie3_homes_local/s1562020/work/adversarial/run/adversarial/common.pyc'
INFO: Command-line arguments:
INFO: Configuration file contents:
INFO: Python version: 2.7.14
INFO: Numpy  version: 1.12.1
INFO: Keras  version: 2.1.5
INFO: Using keras backend: 'tensorflow'
INFO: Found  1000000 training and  1000249 test samples for signal
INFO: Found  1000000 training and 10000000 test samples for background
INFO: load_data: Selecting only training data.
INFO: Implementing gradient reversal layer in TensorFlow
INFO: Training cross-validation classifiers
Call to main function (#89)
  Parameters: {u'classifier/model/default/units': array([9]), u'classifier/compile/decay': array([-6]), u'classifier/model/default/dropout': array([ 0.45566401]), u'classifier/compile/lr': array([-5]), u'classifier/model/architecture': array([1]), u'classifier/model/default/activation': [u'tanh']}
param: classifier/model/default/units
param: classifier/compile/decay
param: classifier/model/default/dropout
param: classifier/compile/lr
param: classifier/model/architecture
param: classifier/model/default/activation
- - - - - - - - - - - - - - - - - - - - - - - - - - - - - - - - - - - - - - - - 
Saving the following patch to '/exports/eddie3_homes_local/s1562020/work/adversarial/optimisation/experiments/classifier/patches/patch.00000089.json':
{u'classifier': {u'compile': {u'lr': -5, u'decay': -6}, u'model': {u'default': {u'units': 9, u'dropout': 0.45566400658864359, u'activation': u'tanh'}, u'architecture': 1}, 'fit': {'epochs': 50, 'batch_size': 8192}}}
- - - - - - - - - - - - - - - - - - - - - - - - - - - - - - - - - - - - - - - - 
cd: Going to /exports/eddie3_homes_local/s1562020/work/adversarial/
[38;2;74;176;245m[1mProfile[0m ⏱  Starting [1m@main[0m
[38;2;74;176;245m[1mProfile[0m ⏱  ·· Starting [1mInitialisation[0m
[38;2;74;176;245m[1mProfile[0m ⏱  ···· Starting [1m@initialise[0m
[38;2;74;176;245m[1mProfile[0m ⏱  ···· Time elapsed in [1m@initialise[0m: .............................. [1m0.0s[0m
[38;2;74;176;245m[1mProfile[0m ⏱  ···· Starting [1m@initialise_backend[0m
[38;2;74;176;245m[1mProfile[0m ⏱  ······ Starting [1m@configure_tensorflow[0m
[38;2;74;176;245m[1mProfile[0m ⏱  ······ Time elapsed in [1m@configure_tensorflow[0m: ................. [1m13.7s[0m
[38;2;74;176;245m[1mProfile[0m ⏱  ···· Time elapsed in [1m@initialise_backend[0m: ..................... [1m14.4s[0m
{'config': './configs/default.json',
 'devices': 7,
 'folds': 3,
 'gpu': True,
 'input': './input/',
 'jobname': 'classifier-patch.00000089',
 'mode': 'gpu',
 'optimise_adversarial': False,
 'optimise_classifier': True,
 'output': './output/',
 'patches': ['/exports/eddie3_homes_local/s1562020/work/adversarial/optimisation/experiments/classifier/patches/patch.00000089.json'],
 'tensorboard': True,
 'theano': False,
 'train': False,
 'train_adversarial': False,
 'train_classifier': True,
 'verbose': False}
{u'adversary': {u'compile': {},
                u'fit': {},
                u'model': {u'architecture': [{}, {}, {}, {}],
                           u'default': {u'activation': u'relu',
                                        u'units': 64},
                           u'gmm_components': 10}},
 u'classifier': {u'compile': {u'loss': u'binary_crossentropy',
                              u'optimizer': <keras.optimizers.Adam object at 0x2b0f829bd310>},
                 u'fit': {u'batch_size': 57344,
                          u'epochs': 50,
                          u'shuffle': True,
                          'verbose': 2},
                 u'model': {u'architecture': [{}],
                            u'default': {u'activation': u'tanh',
                                         u'batchnorm': True,
                                         u'dropout': 0.4556640065886436,
                                         u'units': 512}}},
 u'combined': {u'compile': {u'loss': [u'binary_crossentropy', None],
                            u'loss_weights': [1.8181818181818182e-09, 1.0],
                            u'optimizer': <keras.optimizers.Adam object at 0x2b0f829bd350>},
               u'fit': {u'batch_size': 57344,
                        u'epochs': 200,
                        u'shuffle': True,
                        'verbose': 2},
               u'model': {u'lambda_reg': 10.0,
                          u'lr_ratio': 1.8181818181818182e-09},
               u'pretrain': 10}}
  TensorFlow version: 1.4.1
[38;2;74;176;245m[1mProfile[0m ⏱  ·· Time elapsed in [1mInitialisation[0m: ............................ [1m14.5s[0m
[38;2;74;176;245m[1mProfile[0m ⏱  ·· Starting [1m@load_data[0m
[38;2;74;176;245m[1mProfile[0m ⏱  ·· Time elapsed in [1m@load_data[0m: ................................ [1m31.9s[0m
[38;2;74;176;245m[1mProfile[0m ⏱  ·· Starting [1m@get_decorrelation_variables[0m
[38;2;74;176;245m[1mProfile[0m ⏱  ·· Time elapsed in [1m@get_decorrelation_variables[0m: ............... [1m0.0s[0m
[38;2;74;176;245m[1mProfile[0m ⏱  ·· Starting [1mClassifier-only fit, cross-validation[0m
[38;2;74;176;245m[1mProfile[0m ⏱  ···· Starting [1mFold 1/3[0m
Train on 1333332 samples, validate on 666668 samples
Epoch 1/50
 - 3s - loss: 0.7148 - val_loss: 0.7034
Epoch 2/50
 - 2s - loss: 0.7062 - val_loss: 0.6956
Epoch 3/50
 - 2s - loss: 0.6973 - val_loss: 0.6869
Epoch 4/50
 - 2s - loss: 0.6892 - val_loss: 0.6795
Epoch 5/50
 - 2s - loss: 0.6816 - val_loss: 0.6724
Epoch 6/50
 - 2s - loss: 0.6742 - val_loss: 0.6656
Epoch 7/50
 - 2s - loss: 0.6670 - val_loss: 0.6590
Epoch 8/50
 - 2s - loss: 0.6605 - val_loss: 0.6531
Epoch 9/50
 - 3s - loss: 0.6541 - val_loss: 0.6467
Epoch 10/50
 - 2s - loss: 0.6481 - val_loss: 0.6412
Epoch 11/50
 - 2s - loss: 0.6422 - val_loss: 0.6367
Epoch 12/50
 - 2s - loss: 0.6365 - val_loss: 0.6312
Epoch 13/50
 - 2s - loss: 0.6316 - val_loss: 0.6257
Epoch 14/50
 - 2s - loss: 0.6263 - val_loss: 0.6217
Epoch 15/50
 - 2s - loss: 0.6217 - val_loss: 0.6171
Epoch 16/50
 - 2s - loss: 0.6170 - val_loss: 0.6126
Epoch 17/50
 - 2s - loss: 0.6129 - val_loss: 0.6085
Epoch 18/50
 - 2s - loss: 0.6081 - val_loss: 0.6042
Epoch 19/50
 - 2s - loss: 0.6045 - val_loss: 0.6002
Epoch 20/50
 - 2s - loss: 0.6007 - val_loss: 0.5960
Epoch 21/50
 - 2s - loss: 0.5969 - val_loss: 0.5942
Epoch 22/50
 - 2s - loss: 0.5932 - val_loss: 0.5905
Epoch 23/50
 - 2s - loss: 0.5896 - val_loss: 0.5871
Epoch 24/50
 - 2s - loss: 0.5865 - val_loss: 0.5837
Epoch 25/50
 - 2s - loss: 0.5831 - val_loss: 0.5813
Epoch 26/50
 - 2s - loss: 0.5802 - val_loss: 0.5787
Epoch 27/50
 - 2s - loss: 0.5771 - val_loss: 0.5757
Epoch 28/50
 - 2s - loss: 0.5745 - val_loss: 0.5733
Epoch 29/50
 - 2s - loss: 0.5717 - val_loss: 0.5701
Epoch 30/50
 - 2s - loss: 0.5689 - val_loss: 0.5670
Epoch 31/50
 - 2s - loss: 0.5662 - val_loss: 0.5659
Epoch 32/50
 - 2s - loss: 0.5634 - val_loss: 0.5629
Epoch 33/50
 - 2s - loss: 0.5611 - val_loss: 0.5599
Epoch 34/50
 - 2s - loss: 0.5585 - val_loss: 0.5574
Epoch 35/50
 - 2s - loss: 0.5563 - val_loss: 0.5559
Epoch 36/50
 - 2s - loss: 0.5538 - val_loss: 0.5537
Epoch 37/50
 - 2s - loss: 0.5515 - val_loss: 0.5497
Epoch 38/50
 - 2s - loss: 0.5491 - val_loss: 0.5504
Epoch 39/50
 - 2s - loss: 0.5477 - val_loss: 0.5482
Epoch 40/50
 - 2s - loss: 0.5457 - val_loss: 0.5450
Epoch 41/50
 - 2s - loss: 0.5434 - val_loss: 0.5424
Epoch 42/50
 - 2s - loss: 0.5417 - val_loss: 0.5410
Epoch 43/50
 - 2s - loss: 0.5398 - val_loss: 0.5403
Epoch 44/50
 - 2s - loss: 0.5376 - val_loss: 0.5365
Epoch 45/50
 - 2s - loss: 0.5360 - val_loss: 0.5350
Epoch 46/50
 - 2s - loss: 0.5342 - val_loss: 0.5327
Epoch 47/50
 - 2s - loss: 0.5327 - val_loss: 0.5338
Epoch 48/50
 - 2s - loss: 0.5308 - val_loss: 0.5312
Epoch 49/50
 - 2s - loss: 0.5295 - val_loss: 0.5303
Epoch 50/50
 - 2s - loss: 0.5279 - val_loss: 0.5278
[38;2;74;176;245m[1mProfile[0m ⏱  ···· Time elapsed in [1mFold 1/3[0m: ............................... [1m120.4s[0m
[38;2;74;176;245m[1mProfile[0m ⏱  ···· Starting [1mFold 2/3[0m
Train on 1333334 samples, validate on 666666 samples
Epoch 1/50
 - 2s - loss: 0.7063 - val_loss: 0.6758
Epoch 2/50
 - 2s - loss: 0.6710 - val_loss: 0.6497
Epoch 3/50
 - 2s - loss: 0.6476 - val_loss: 0.6319
Epoch 4/50
 - 2s - loss: 0.6309 - val_loss: 0.6181
Epoch 5/50
 - 2s - loss: 0.6176 - val_loss: 0.6065
Epoch 6/50
 - 2s - loss: 0.6067 - val_loss: 0.5978
Epoch 7/50
 - 2s - loss: 0.5969 - val_loss: 0.5894
Epoch 8/50
 - 2s - loss: 0.5889 - val_loss: 0.5819
Epoch 9/50
 - 2s - loss: 0.5818 - val_loss: 0.5757
Epoch 10/50
 - 2s - loss: 0.5751 - val_loss: 0.5698
Epoch 11/50
 - 2s - loss: 0.5693 - val_loss: 0.5643
Epoch 12/50
 - 2s - loss: 0.5640 - val_loss: 0.5596
Epoch 13/50
 - 2s - loss: 0.5591 - val_loss: 0.5547
Epoch 14/50
 - 2s - loss: 0.5550 - val_loss: 0.5510
Epoch 15/50
 - 2s - loss: 0.5505 - val_loss: 0.5477
Epoch 16/50
 - 2s - loss: 0.5471 - val_loss: 0.5444
Epoch 17/50
 - 2s - loss: 0.5434 - val_loss: 0.5406
Epoch 18/50
 - 2s - loss: 0.5403 - val_loss: 0.5379
Epoch 19/50
 - 2s - loss: 0.5375 - val_loss: 0.5353
Epoch 20/50
 - 2s - loss: 0.5344 - val_loss: 0.5319
Epoch 21/50
 - 2s - loss: 0.5315 - val_loss: 0.5293
Epoch 22/50
 - 2s - loss: 0.5290 - val_loss: 0.5276
Epoch 23/50
 - 2s - loss: 0.5266 - val_loss: 0.5242
Epoch 24/50
 - 2s - loss: 0.5247 - val_loss: 0.5228
Epoch 25/50
 - 2s - loss: 0.5222 - val_loss: 0.5195
Epoch 26/50
 - 2s - loss: 0.5203 - val_loss: 0.5196
Epoch 27/50
 - 2s - loss: 0.5185 - val_loss: 0.5186
Epoch 28/50
 - 2s - loss: 0.5165 - val_loss: 0.5174
Epoch 29/50
 - 1s - loss: 0.5152 - val_loss: 0.5152
Epoch 30/50
 - 1s - loss: 0.5133 - val_loss: 0.5137
Epoch 31/50
 - 2s - loss: 0.5120 - val_loss: 0.5110
Epoch 32/50
 - 2s - loss: 0.5109 - val_loss: 0.5090
Epoch 33/50
 - 1s - loss: 0.5093 - val_loss: 0.5093
Epoch 34/50
 - 2s - loss: 0.5074 - val_loss: 0.5074
Epoch 35/50
 - 2s - loss: 0.5064 - val_loss: 0.5042
Epoch 36/50
 - 2s - loss: 0.5053 - val_loss: 0.5047
Epoch 37/50
 - 2s - loss: 0.5042 - val_loss: 0.5033
Epoch 38/50
 - 2s - loss: 0.5031 - val_loss: 0.5021
Epoch 39/50
 - 2s - loss: 0.5018 - val_loss: 0.4946
Epoch 40/50
 - 2s - loss: 0.5010 - val_loss: 0.5006
Epoch 41/50
 - 2s - loss: 0.5003 - val_loss: 0.5001
Epoch 42/50
 - 2s - loss: 0.4990 - val_loss: 0.4978
Epoch 43/50
 - 2s - loss: 0.4979 - val_loss: 0.4972
Epoch 44/50
 - 2s - loss: 0.4974 - val_loss: 0.4960
Epoch 45/50
 - 2s - loss: 0.4968 - val_loss: 0.4953
Epoch 46/50
 - 2s - loss: 0.4956 - val_loss: 0.4923
Epoch 47/50
 - 2s - loss: 0.4948 - val_loss: 0.4974
Epoch 48/50
 - 2s - loss: 0.4941 - val_loss: 0.4936
Epoch 49/50
 - 2s - loss: 0.4937 - val_loss: 0.4927
Epoch 50/50
 - 2s - loss: 0.4929 - val_loss: 0.4939
[38;2;74;176;245m[1mProfile[0m ⏱  ···· Time elapsed in [1mFold 2/3[0m: ................................ [1m97.1s[0m
[38;2;74;176;245m[1mProfile[0m ⏱  ···· Starting [1mFold 3/3[0m
Train on 1333334 samples, validate on 666666 samples
Epoch 1/50
 - 3s - loss: 0.6644 - val_loss: 0.6430
Epoch 2/50
 - 2s - loss: 0.6275 - val_loss: 0.6170
Epoch 3/50
 - 2s - loss: 0.6057 - val_loss: 0.5995
Epoch 4/50
 - 2s - loss: 0.5909 - val_loss: 0.5877
Epoch 5/50
 - 2s - loss: 0.5800 - val_loss: 0.5771
Epoch 6/50
 - 2s - loss: 0.5710 - val_loss: 0.5694
Epoch 7/50
 - 2s - loss: 0.5635 - val_loss: 0.5624
Epoch 8/50
 - 2s - loss: 0.5569 - val_loss: 0.5561
Epoch 9/50
 - 2s - loss: 0.5516 - val_loss: 0.5510
Epoch 10/50
 - 2s - loss: 0.5465 - val_loss: 0.5474
Epoch 11/50
 - 2s - loss: 0.5414 - val_loss: 0.5426
Epoch 12/50
 - 2s - loss: 0.5375 - val_loss: 0.5375
Epoch 13/50
 - 2s - loss: 0.5340 - val_loss: 0.5346
Epoch 14/50
 - 2s - loss: 0.5304 - val_loss: 0.5315
Epoch 15/50
 - 2s - loss: 0.5274 - val_loss: 0.5268
Epoch 16/50
 - 2s - loss: 0.5244 - val_loss: 0.5257
Epoch 17/50
 - 2s - loss: 0.5217 - val_loss: 0.5209
Epoch 18/50
 - 2s - loss: 0.5193 - val_loss: 0.5199
Epoch 19/50
 - 2s - loss: 0.5171 - val_loss: 0.5170
Epoch 20/50
 - 2s - loss: 0.5147 - val_loss: 0.5150
Epoch 21/50
 - 2s - loss: 0.5127 - val_loss: 0.5146
Epoch 22/50
 - 2s - loss: 0.5107 - val_loss: 0.5123
Epoch 23/50
 - 2s - loss: 0.5091 - val_loss: 0.5095
Epoch 24/50
 - 2s - loss: 0.5071 - val_loss: 0.5081
Epoch 25/50
 - 2s - loss: 0.5059 - val_loss: 0.5072
Epoch 26/50
 - 2s - loss: 0.5047 - val_loss: 0.5055
Epoch 27/50
 - 2s - loss: 0.5034 - val_loss: 0.5035
Epoch 28/50
 - 2s - loss: 0.5020 - val_loss: 0.5016
Epoch 29/50
 - 2s - loss: 0.5005 - val_loss: 0.5018
Epoch 30/50
 - 1s - loss: 0.4993 - val_loss: 0.5010
Epoch 31/50
 - 2s - loss: 0.4982 - val_loss: 0.4993
Epoch 32/50
 - 1s - loss: 0.4970 - val_loss: 0.4982
Epoch 33/50
 - 2s - loss: 0.4961 - val_loss: 0.4964
Epoch 34/50
 - 1s - loss: 0.4954 - val_loss: 0.4975
Epoch 35/50
 - 1s - loss: 0.4945 - val_loss: 0.4979
Epoch 36/50
 - 1s - loss: 0.4933 - val_loss: 0.4959
Epoch 37/50
 - 2s - loss: 0.4928 - val_loss: 0.4933
Epoch 38/50
 - 2s - loss: 0.4922 - val_loss: 0.4931
Epoch 39/50
 - 2s - loss: 0.4911 - val_loss: 0.4933
Epoch 40/50
 - 2s - loss: 0.4905 - val_loss: 0.4907
Epoch 41/50
 - 2s - loss: 0.4897 - val_loss: 0.4916
Epoch 42/50
 - 2s - loss: 0.4891 - val_loss: 0.4908
Epoch 43/50
 - 1s - loss: 0.4888 - val_loss: 0.4895
Epoch 44/50
 - 2s - loss: 0.4883 - val_loss: 0.4900
Epoch 45/50
 - 2s - loss: 0.4875 - val_loss: 0.4884
Epoch 46/50
 - 1s - loss: 0.4870 - val_loss: 0.4881
Epoch 47/50
 - 2s - loss: 0.4863 - val_loss: 0.4865
Epoch 48/50
 - 2s - loss: 0.4857 - val_loss: 0.4867
Epoch 49/50
 - 2s - loss: 0.4858 - val_loss: 0.4864
Epoch 50/50
 - 2s - loss: 0.4854 - val_loss: 0.4859
Got result 0.52068381502
Completed successfully in 385.66 seconds. [{u'main': 0.5206838150199544}]
[38;2;74;176;245m[1mProfile[0m ⏱  ···· Time elapsed in [1mFold 3/3[0m: ............................... [1m100.6s[0m
[38;2;74;176;245m[1mProfile[0m ⏱  ·· Time elapsed in [1mClassifier-only fit, cross-validation[0m: .... [1m318.7s[0m
[38;2;74;176;245m[1mProfile[0m ⏱  Time elapsed in [1m@main[0m: ....................................... [1m365.4s[0m
cd: Going back to /exports/eddie3_homes_local/s1562020/work/adversarial/optimisation/experiments/classifier
