Job launching after 5.67 seconds in submission.
Running python job.
Changed into dir /exports/eddie3_homes_local/s1562020/work/adversarial/optimisation/experiments/classifier
Importing optimise.py
Running optimise.main()
INFO: Applying patch '/exports/eddie3_homes_local/s1562020/work/adversarial/optimisation/experiments/classifier/patches/patch.00000058.json'
INFO: Found 20 Intel(R) Xeon(R) CPU E5-2630 v4 @ 2.20GHz devices with 10 cores each.
Using TensorFlow backend.
INFO: Scaling classifier/lr -5 -> 1e-05
INFO: Scaling classifier/decay -2 -> 0.01
INFO: Scaling classifier/units 9 -> 512
INFO: Writing TensorBoard logs to 'logs/tensorboard/classifier-patch.00000058/'
INFO: Running '/exports/eddie3_homes_local/s1562020/work/adversarial/run/adversarial/common.pyc'
INFO: Command-line arguments:
INFO: Configuration file contents:
INFO: Python version: 2.7.14
INFO: Numpy  version: 1.12.1
INFO: Keras  version: 2.1.5
INFO: Using keras backend: 'tensorflow'
INFO: Found  1000000 training and  1000249 test samples for signal
INFO: Found  1000000 training and 10000000 test samples for background
INFO: load_data: Selecting only training data.
INFO: Implementing gradient reversal layer in TensorFlow
INFO: Training cross-validation classifiers
Call to main function (#58)
  Parameters: {u'classifier/model/default/units': array([9]), u'classifier/compile/decay': array([-2]), u'classifier/model/default/dropout': array([ 0.35409885]), u'classifier/compile/lr': array([-5]), u'classifier/model/architecture': array([1]), u'classifier/model/default/activation': [u'tanh']}
param: classifier/model/default/units
param: classifier/compile/decay
param: classifier/model/default/dropout
param: classifier/compile/lr
param: classifier/model/architecture
param: classifier/model/default/activation
- - - - - - - - - - - - - - - - - - - - - - - - - - - - - - - - - - - - - - - - 
Saving the following patch to '/exports/eddie3_homes_local/s1562020/work/adversarial/optimisation/experiments/classifier/patches/patch.00000058.json':
{u'classifier': {u'compile': {u'lr': -5, u'decay': -2}, u'model': {u'default': {u'units': 9, u'dropout': 0.35409884751888232, u'activation': u'tanh'}, u'architecture': 1}, 'fit': {'epochs': 50, 'batch_size': 8192}}}
- - - - - - - - - - - - - - - - - - - - - - - - - - - - - - - - - - - - - - - - 
cd: Going to /exports/eddie3_homes_local/s1562020/work/adversarial/
[38;2;74;176;245m[1mProfile[0m ⏱  Starting [1m@main[0m
[38;2;74;176;245m[1mProfile[0m ⏱  ·· Starting [1mInitialisation[0m
[38;2;74;176;245m[1mProfile[0m ⏱  ···· Starting [1m@initialise[0m
[38;2;74;176;245m[1mProfile[0m ⏱  ···· Time elapsed in [1m@initialise[0m: .............................. [1m0.0s[0m
[38;2;74;176;245m[1mProfile[0m ⏱  ···· Starting [1m@initialise_backend[0m
[38;2;74;176;245m[1mProfile[0m ⏱  ······ Starting [1m@configure_tensorflow[0m
[38;2;74;176;245m[1mProfile[0m ⏱  ······ Time elapsed in [1m@configure_tensorflow[0m: ................. [1m17.7s[0m
[38;2;74;176;245m[1mProfile[0m ⏱  ···· Time elapsed in [1m@initialise_backend[0m: ..................... [1m18.8s[0m
{'config': './configs/default.json',
 'devices': 7,
 'folds': 3,
 'gpu': True,
 'input': './input/',
 'jobname': 'classifier-patch.00000058',
 'mode': 'gpu',
 'optimise_adversarial': False,
 'optimise_classifier': True,
 'output': './output/',
 'patches': ['/exports/eddie3_homes_local/s1562020/work/adversarial/optimisation/experiments/classifier/patches/patch.00000058.json'],
 'tensorboard': True,
 'theano': False,
 'train': False,
 'train_adversarial': False,
 'train_classifier': True,
 'verbose': False}
{u'adversary': {u'compile': {},
                u'fit': {},
                u'model': {u'architecture': [{}, {}, {}, {}],
                           u'default': {u'activation': u'relu',
                                        u'units': 64},
                           u'gmm_components': 5}},
 u'classifier': {u'compile': {u'loss': u'binary_crossentropy',
                              u'optimizer': <keras.optimizers.Adam object at 0x2b4f1e890310>},
                 u'fit': {u'batch_size': 57344,
                          u'epochs': 50,
                          u'shuffle': True,
                          'verbose': 2},
                 u'model': {u'architecture': [{}],
                            u'default': {u'activation': u'tanh',
                                         u'batchnorm': True,
                                         u'dropout': 0.3540988475188823,
                                         u'units': 512}}},
 u'combined': {u'compile': {u'loss': [u'binary_crossentropy', None],
                            u'loss_weights': [1.8181818181818182e-09, 1.0],
                            u'optimizer': <keras.optimizers.Adam object at 0x2b4f1e890350>},
               u'fit': {u'batch_size': 57344,
                        u'epochs': 100,
                        u'shuffle': True,
                        'verbose': 2},
               u'model': {u'lambda_reg': 10.0,
                          u'lr_ratio': 1.8181818181818182e-09},
               u'pretrain': 10}}
  TensorFlow version: 1.4.1
[38;2;74;176;245m[1mProfile[0m ⏱  ·· Time elapsed in [1mInitialisation[0m: ............................ [1m19.0s[0m
[38;2;74;176;245m[1mProfile[0m ⏱  ·· Starting [1m@load_data[0m
[38;2;74;176;245m[1mProfile[0m ⏱  ·· Time elapsed in [1m@load_data[0m: ................................ [1m40.0s[0m
[38;2;74;176;245m[1mProfile[0m ⏱  ·· Starting [1m@get_decorrelation_variables[0m
[38;2;74;176;245m[1mProfile[0m ⏱  ·· Time elapsed in [1m@get_decorrelation_variables[0m: ............... [1m0.0s[0m
[38;2;74;176;245m[1mProfile[0m ⏱  ·· Starting [1mClassifier-only fit, cross-validation[0m
[38;2;74;176;245m[1mProfile[0m ⏱  ···· Starting [1mFold 1/3[0m
Train on 1333332 samples, validate on 666668 samples
Epoch 1/50
 - 3s - loss: 0.7132 - val_loss: 0.7035
Epoch 2/50
 - 3s - loss: 0.7061 - val_loss: 0.6976
Epoch 3/50
 - 2s - loss: 0.6999 - val_loss: 0.6927
Epoch 4/50
 - 2s - loss: 0.6950 - val_loss: 0.6885
Epoch 5/50
 - 3s - loss: 0.6909 - val_loss: 0.6848
Epoch 6/50
 - 2s - loss: 0.6873 - val_loss: 0.6816
Epoch 7/50
 - 2s - loss: 0.6839 - val_loss: 0.6787
Epoch 8/50
 - 2s - loss: 0.6810 - val_loss: 0.6761
Epoch 9/50
 - 2s - loss: 0.6784 - val_loss: 0.6739
Epoch 10/50
 - 2s - loss: 0.6761 - val_loss: 0.6717
Epoch 11/50
 - 2s - loss: 0.6740 - val_loss: 0.6697
Epoch 12/50
 - 2s - loss: 0.6719 - val_loss: 0.6675
Epoch 13/50
 - 2s - loss: 0.6701 - val_loss: 0.6661
Epoch 14/50
 - 2s - loss: 0.6683 - val_loss: 0.6647
Epoch 15/50
 - 2s - loss: 0.6667 - val_loss: 0.6632
Epoch 16/50
 - 2s - loss: 0.6651 - val_loss: 0.6620
Epoch 17/50
 - 3s - loss: 0.6638 - val_loss: 0.6604
Epoch 18/50
 - 3s - loss: 0.6623 - val_loss: 0.6590
Epoch 19/50
 - 2s - loss: 0.6611 - val_loss: 0.6581
Epoch 20/50
 - 2s - loss: 0.6599 - val_loss: 0.6565
Epoch 21/50
 - 2s - loss: 0.6587 - val_loss: 0.6560
Epoch 22/50
 - 3s - loss: 0.6576 - val_loss: 0.6549
Epoch 23/50
 - 2s - loss: 0.6565 - val_loss: 0.6539
Epoch 24/50
 - 2s - loss: 0.6555 - val_loss: 0.6528
Epoch 25/50
 - 2s - loss: 0.6546 - val_loss: 0.6519
Epoch 26/50
 - 2s - loss: 0.6537 - val_loss: 0.6510
Epoch 27/50
 - 2s - loss: 0.6526 - val_loss: 0.6504
Epoch 28/50
 - 3s - loss: 0.6520 - val_loss: 0.6498
Epoch 29/50
 - 2s - loss: 0.6513 - val_loss: 0.6492
Epoch 30/50
 - 3s - loss: 0.6503 - val_loss: 0.6480
Epoch 31/50
 - 3s - loss: 0.6497 - val_loss: 0.6471
Epoch 32/50
 - 3s - loss: 0.6487 - val_loss: 0.6467
Epoch 33/50
 - 3s - loss: 0.6482 - val_loss: 0.6454
Epoch 34/50
 - 3s - loss: 0.6472 - val_loss: 0.6456
Epoch 35/50
 - 3s - loss: 0.6467 - val_loss: 0.6445
Epoch 36/50
 - 2s - loss: 0.6460 - val_loss: 0.6438
Epoch 37/50
 - 3s - loss: 0.6454 - val_loss: 0.6435
Epoch 38/50
 - 3s - loss: 0.6446 - val_loss: 0.6433
Epoch 39/50
 - 3s - loss: 0.6444 - val_loss: 0.6427
Epoch 40/50
 - 3s - loss: 0.6438 - val_loss: 0.6417
Epoch 41/50
 - 3s - loss: 0.6429 - val_loss: 0.6410
Epoch 42/50
 - 3s - loss: 0.6425 - val_loss: 0.6404
Epoch 43/50
 - 3s - loss: 0.6420 - val_loss: 0.6400
Epoch 44/50
 - 3s - loss: 0.6412 - val_loss: 0.6398
Epoch 45/50
 - 3s - loss: 0.6409 - val_loss: 0.6389
Epoch 46/50
 - 3s - loss: 0.6404 - val_loss: 0.6392
Epoch 47/50
 - 3s - loss: 0.6399 - val_loss: 0.6386
Epoch 48/50
 - 3s - loss: 0.6394 - val_loss: 0.6378
Epoch 49/50
 - 2s - loss: 0.6391 - val_loss: 0.6373
Epoch 50/50
 - 3s - loss: 0.6385 - val_loss: 0.6368
[38;2;74;176;245m[1mProfile[0m ⏱  ···· Time elapsed in [1mFold 1/3[0m: ............................... [1m152.6s[0m
[38;2;74;176;245m[1mProfile[0m ⏱  ···· Starting [1mFold 2/3[0m
Train on 1333334 samples, validate on 666666 samples
Epoch 1/50
 - 3s - loss: 0.7211 - val_loss: 0.7096
Epoch 2/50
 - 3s - loss: 0.7179 - val_loss: 0.7071
Epoch 3/50
 - 3s - loss: 0.7154 - val_loss: 0.7029
Epoch 4/50
 - 3s - loss: 0.7137 - val_loss: 0.7019
Epoch 5/50
 - 3s - loss: 0.7119 - val_loss: 0.7022
Epoch 6/50
 - 3s - loss: 0.7107 - val_loss: 0.7004
Epoch 7/50
 - 3s - loss: 0.7090 - val_loss: 0.6993
Epoch 8/50
 - 3s - loss: 0.7079 - val_loss: 0.6981
Epoch 9/50
 - 3s - loss: 0.7067 - val_loss: 0.6959
Epoch 10/50
 - 3s - loss: 0.7058 - val_loss: 0.6954
Epoch 11/50
 - 2s - loss: 0.7047 - val_loss: 0.6946
Epoch 12/50
 - 2s - loss: 0.7038 - val_loss: 0.6941
Epoch 13/50
 - 3s - loss: 0.7029 - val_loss: 0.6937
Epoch 14/50
 - 2s - loss: 0.7020 - val_loss: 0.6939
Epoch 15/50
 - 2s - loss: 0.7015 - val_loss: 0.6923
Epoch 16/50
 - 3s - loss: 0.7009 - val_loss: 0.6921
Epoch 17/50
 - 2s - loss: 0.6995 - val_loss: 0.6911
Epoch 18/50
 - 2s - loss: 0.6993 - val_loss: 0.6903
Epoch 19/50
 - 2s - loss: 0.6985 - val_loss: 0.6902
Epoch 20/50
 - 3s - loss: 0.6979 - val_loss: 0.6894
Epoch 21/50
 - 2s - loss: 0.6974 - val_loss: 0.6887
Epoch 22/50
 - 2s - loss: 0.6963 - val_loss: 0.6877
Epoch 23/50
 - 2s - loss: 0.6957 - val_loss: 0.6870
Epoch 24/50
 - 2s - loss: 0.6956 - val_loss: 0.6872
Epoch 25/50
 - 2s - loss: 0.6947 - val_loss: 0.6867
Epoch 26/50
 - 2s - loss: 0.6945 - val_loss: 0.6860
Epoch 27/50
 - 2s - loss: 0.6936 - val_loss: 0.6852
Epoch 28/50
 - 2s - loss: 0.6935 - val_loss: 0.6844
Epoch 29/50
 - 2s - loss: 0.6927 - val_loss: 0.6850
Epoch 30/50
 - 2s - loss: 0.6925 - val_loss: 0.6842
Epoch 31/50
 - 2s - loss: 0.6918 - val_loss: 0.6838
Epoch 32/50
 - 3s - loss: 0.6913 - val_loss: 0.6831
Epoch 33/50
 - 3s - loss: 0.6912 - val_loss: 0.6831
Epoch 34/50
 - 3s - loss: 0.6905 - val_loss: 0.6823
Epoch 35/50
 - 3s - loss: 0.6899 - val_loss: 0.6822
Epoch 36/50
 - 3s - loss: 0.6899 - val_loss: 0.6817
Epoch 37/50
 - 2s - loss: 0.6890 - val_loss: 0.6811
Epoch 38/50
 - 3s - loss: 0.6889 - val_loss: 0.6806
Epoch 39/50
 - 3s - loss: 0.6881 - val_loss: 0.6804
Epoch 40/50
 - 3s - loss: 0.6881 - val_loss: 0.6805
Epoch 41/50
 - 3s - loss: 0.6876 - val_loss: 0.6800
Epoch 42/50
 - 3s - loss: 0.6873 - val_loss: 0.6799
Epoch 43/50
 - 3s - loss: 0.6869 - val_loss: 0.6794
Epoch 44/50
 - 3s - loss: 0.6866 - val_loss: 0.6786
Epoch 45/50
 - 3s - loss: 0.6863 - val_loss: 0.6788
Epoch 46/50
 - 3s - loss: 0.6857 - val_loss: 0.6786
Epoch 47/50
 - 3s - loss: 0.6858 - val_loss: 0.6778
Epoch 48/50
 - 3s - loss: 0.6850 - val_loss: 0.6773
Epoch 49/50
 - 3s - loss: 0.6850 - val_loss: 0.6779
Epoch 50/50
 - 3s - loss: 0.6844 - val_loss: 0.6768
[38;2;74;176;245m[1mProfile[0m ⏱  ···· Time elapsed in [1mFold 2/3[0m: ............................... [1m136.6s[0m
[38;2;74;176;245m[1mProfile[0m ⏱  ···· Starting [1mFold 3/3[0m
Train on 1333334 samples, validate on 666666 samples
Epoch 1/50
 - 3s - loss: 0.6811 - val_loss: 0.6800
Epoch 2/50
 - 2s - loss: 0.6792 - val_loss: 0.6791
Epoch 3/50
 - 3s - loss: 0.6777 - val_loss: 0.6781
Epoch 4/50
 - 2s - loss: 0.6765 - val_loss: 0.6766
Epoch 5/50
 - 3s - loss: 0.6755 - val_loss: 0.6761
Epoch 6/50
 - 3s - loss: 0.6748 - val_loss: 0.6740
Epoch 7/50
 - 3s - loss: 0.6738 - val_loss: 0.6740
Epoch 8/50
 - 2s - loss: 0.6733 - val_loss: 0.6737
Epoch 9/50
 - 2s - loss: 0.6729 - val_loss: 0.6728
Epoch 10/50
 - 3s - loss: 0.6721 - val_loss: 0.6723
Epoch 11/50
 - 3s - loss: 0.6713 - val_loss: 0.6723
Epoch 12/50
 - 3s - loss: 0.6707 - val_loss: 0.6710
Epoch 13/50
 - 2s - loss: 0.6703 - val_loss: 0.6708
Epoch 14/50
 - 2s - loss: 0.6698 - val_loss: 0.6706
Epoch 15/50
 - 2s - loss: 0.6693 - val_loss: 0.6693
Epoch 16/50
 - 2s - loss: 0.6688 - val_loss: 0.6695
Epoch 17/50
 - 2s - loss: 0.6684 - val_loss: 0.6688
Epoch 18/50
 - 2s - loss: 0.6680 - val_loss: 0.6683
Epoch 19/50
 - 3s - loss: 0.6675 - val_loss: 0.6676
Epoch 20/50
 - 2s - loss: 0.6669 - val_loss: 0.6683
Epoch 21/50
 - 2s - loss: 0.6665 - val_loss: 0.6675
Epoch 22/50
 - 2s - loss: 0.6660 - val_loss: 0.6670
Epoch 23/50
 - 3s - loss: 0.6659 - val_loss: 0.6662
Epoch 24/50
 - 3s - loss: 0.6652 - val_loss: 0.6659
Epoch 25/50
 - 3s - loss: 0.6652 - val_loss: 0.6658
Epoch 26/50
 - 2s - loss: 0.6650 - val_loss: 0.6657
Epoch 27/50
 - 2s - loss: 0.6645 - val_loss: 0.6651
Epoch 28/50
 - 2s - loss: 0.6641 - val_loss: 0.6651
Epoch 29/50
 - 3s - loss: 0.6638 - val_loss: 0.6647
Epoch 30/50
 - 3s - loss: 0.6634 - val_loss: 0.6641
Epoch 31/50
 - 3s - loss: 0.6631 - val_loss: 0.6638
Epoch 32/50
 - 3s - loss: 0.6628 - val_loss: 0.6635
Epoch 33/50
 - 3s - loss: 0.6621 - val_loss: 0.6635
Epoch 34/50
 - 3s - loss: 0.6623 - val_loss: 0.6630
Epoch 35/50
 - 3s - loss: 0.6621 - val_loss: 0.6632
Epoch 36/50
 - 3s - loss: 0.6612 - val_loss: 0.6624
Epoch 37/50
 - 3s - loss: 0.6614 - val_loss: 0.6620
Epoch 38/50
 - 3s - loss: 0.6611 - val_loss: 0.6619
Epoch 39/50
 - 3s - loss: 0.6607 - val_loss: 0.6613
Epoch 40/50
 - 3s - loss: 0.6604 - val_loss: 0.6616
Epoch 41/50
 - 3s - loss: 0.6601 - val_loss: 0.6610
Epoch 42/50
 - 3s - loss: 0.6599 - val_loss: 0.6611
Epoch 43/50
 - 3s - loss: 0.6597 - val_loss: 0.6605
Epoch 44/50
 - 3s - loss: 0.6596 - val_loss: 0.6608
Epoch 45/50
 - 3s - loss: 0.6593 - val_loss: 0.6598
Epoch 46/50
 - 3s - loss: 0.6589 - val_loss: 0.6600
Epoch 47/50
 - 3s - loss: 0.6586 - val_loss: 0.6598
Epoch 48/50
 - 3s - loss: 0.6583 - val_loss: 0.6600
Epoch 49/50
 - 3s - loss: 0.6582 - val_loss: 0.6592
Epoch 50/50
 - 3s - loss: 0.6581 - val_loss: 0.6590
Got result 0.673901964486
Completed successfully in 515.49 seconds. [{u'main': 0.6739019644860852}]
[38;2;74;176;245m[1mProfile[0m ⏱  ···· Time elapsed in [1mFold 3/3[0m: ............................... [1m139.9s[0m
[38;2;74;176;245m[1mProfile[0m ⏱  ·· Time elapsed in [1mClassifier-only fit, cross-validation[0m: .... [1m429.9s[0m
[38;2;74;176;245m[1mProfile[0m ⏱  Time elapsed in [1m@main[0m: ....................................... [1m489.4s[0m
cd: Going back to /exports/eddie3_homes_local/s1562020/work/adversarial/optimisation/experiments/classifier
