Job launching after 5.67 seconds in submission.
Running python job.
Changed into dir /exports/eddie3_homes_local/s1562020/work/adversarial/optimisation/experiments/classifier
Importing optimise.py
Running optimise.main()
INFO: Applying patch '/exports/eddie3_homes_local/s1562020/work/adversarial/optimisation/experiments/classifier/patches/patch.00000021.json'
INFO: Found 20 Intel(R) Xeon(R) CPU E5-2630 v4 @ 2.20GHz devices with 10 cores each.
Using TensorFlow backend.
INFO: Scaling classifier/lr -5 -> 1e-05
INFO: Scaling classifier/decay -2 -> 0.01
INFO: Scaling classifier/units 6 -> 64
INFO: Writing TensorBoard logs to 'logs/tensorboard/classifier-patch.00000021/'
INFO: Running '/exports/eddie3_homes_local/s1562020/work/adversarial/run/adversarial/common.pyc'
INFO: Command-line arguments:
INFO: Configuration file contents:
INFO: Python version: 2.7.14
INFO: Numpy  version: 1.12.1
INFO: Keras  version: 2.1.5
INFO: Using keras backend: 'tensorflow'
INFO: Found  1000000 training and  1000249 test samples for signal
INFO: Found  1000000 training and 10000000 test samples for background
INFO: load_data: Selecting only training data.
INFO: Implementing gradient reversal layer in TensorFlow
INFO: Training cross-validation classifiers
Call to main function (#21)
  Parameters: {u'classifier/model/default/units': array([6]), u'classifier/compile/decay': array([-2]), u'classifier/model/default/dropout': array([ 0.12145112]), u'classifier/compile/lr': array([-5]), u'classifier/model/architecture': array([4]), u'classifier/model/default/activation': [u'relu']}
param: classifier/model/default/units
param: classifier/compile/decay
param: classifier/model/default/dropout
param: classifier/compile/lr
param: classifier/model/architecture
param: classifier/model/default/activation
- - - - - - - - - - - - - - - - - - - - - - - - - - - - - - - - - - - - - - - - 
Saving the following patch to '/exports/eddie3_homes_local/s1562020/work/adversarial/optimisation/experiments/classifier/patches/patch.00000021.json':
{u'classifier': {u'compile': {u'lr': -5, u'decay': -2}, u'model': {u'default': {u'units': 6, u'dropout': 0.12145111800930077, u'activation': u'relu'}, u'architecture': 4}, 'fit': {'epochs': 50, 'batch_size': 8192}}}
- - - - - - - - - - - - - - - - - - - - - - - - - - - - - - - - - - - - - - - - 
cd: Going to /exports/eddie3_homes_local/s1562020/work/adversarial/
[38;2;74;176;245m[1mProfile[0m ⏱  Starting [1m@main[0m
[38;2;74;176;245m[1mProfile[0m ⏱  ·· Starting [1mInitialisation[0m
[38;2;74;176;245m[1mProfile[0m ⏱  ···· Starting [1m@initialise[0m
[38;2;74;176;245m[1mProfile[0m ⏱  ···· Time elapsed in [1m@initialise[0m: .............................. [1m0.0s[0m
[38;2;74;176;245m[1mProfile[0m ⏱  ···· Starting [1m@initialise_backend[0m
[38;2;74;176;245m[1mProfile[0m ⏱  ······ Starting [1m@configure_tensorflow[0m
[38;2;74;176;245m[1mProfile[0m ⏱  ······ Time elapsed in [1m@configure_tensorflow[0m: ................. [1m18.0s[0m
[38;2;74;176;245m[1mProfile[0m ⏱  ···· Time elapsed in [1m@initialise_backend[0m: ..................... [1m19.4s[0m
{'config': './configs/default.json',
 'devices': 7,
 'folds': 3,
 'gpu': True,
 'input': './input/',
 'jobname': 'classifier-patch.00000021',
 'mode': 'gpu',
 'optimise_adversarial': False,
 'optimise_classifier': True,
 'output': './output/',
 'patches': ['/exports/eddie3_homes_local/s1562020/work/adversarial/optimisation/experiments/classifier/patches/patch.00000021.json'],
 'tensorboard': True,
 'theano': False,
 'train': False,
 'train_adversarial': False,
 'train_classifier': True,
 'verbose': False}
{u'adversary': {u'compile': {},
                u'fit': {},
                u'model': {u'architecture': [{}, {}, {}, {}],
                           u'default': {u'activation': u'relu',
                                        u'units': 64},
                           u'gmm_components': 5}},
 u'classifier': {u'compile': {u'loss': u'binary_crossentropy',
                              u'optimizer': <keras.optimizers.Adam object at 0x2b9e89477310>},
                 u'fit': {u'batch_size': 57344,
                          u'epochs': 50,
                          u'shuffle': True,
                          'verbose': 2},
                 u'model': {u'architecture': [{}, {}, {}, {}],
                            u'default': {u'activation': u'relu',
                                         u'batchnorm': True,
                                         u'dropout': 0.12145111800930077,
                                         u'units': 64}}},
 u'combined': {u'compile': {u'loss': [u'binary_crossentropy', None],
                            u'loss_weights': [9.09090909090909e-09, 1.0],
                            u'optimizer': <keras.optimizers.Adam object at 0x2b9e89477350>},
               u'fit': {u'batch_size': 57344,
                        u'epochs': 200,
                        u'shuffle': True,
                        'verbose': 2},
               u'model': {u'lambda_reg': 10.0,
                          u'lr_ratio': 9.09090909090909e-09},
               u'pretrain': 10}}
  TensorFlow version: 1.4.1
[38;2;74;176;245m[1mProfile[0m ⏱  ·· Time elapsed in [1mInitialisation[0m: ............................ [1m19.5s[0m
[38;2;74;176;245m[1mProfile[0m ⏱  ·· Starting [1m@load_data[0m
[38;2;74;176;245m[1mProfile[0m ⏱  ·· Time elapsed in [1m@load_data[0m: ................................ [1m39.9s[0m
[38;2;74;176;245m[1mProfile[0m ⏱  ·· Starting [1m@get_decorrelation_variables[0m
[38;2;74;176;245m[1mProfile[0m ⏱  ·· Time elapsed in [1m@get_decorrelation_variables[0m: ............... [1m0.0s[0m
[38;2;74;176;245m[1mProfile[0m ⏱  ·· Starting [1mClassifier-only fit, cross-validation[0m
[38;2;74;176;245m[1mProfile[0m ⏱  ···· Starting [1mFold 1/3[0m
Train on 1333332 samples, validate on 666668 samples
Epoch 1/50
 - 4s - loss: 0.8537 - val_loss: 0.8024
Epoch 2/50
 - 3s - loss: 0.8423 - val_loss: 0.7943
Epoch 3/50
 - 2s - loss: 0.8320 - val_loss: 0.7829
Epoch 4/50
 - 2s - loss: 0.8231 - val_loss: 0.7755
Epoch 5/50
 - 2s - loss: 0.8147 - val_loss: 0.7633
Epoch 6/50
 - 2s - loss: 0.8095 - val_loss: 0.7626
Epoch 7/50
 - 2s - loss: 0.8042 - val_loss: 0.7041
Epoch 8/50
 - 2s - loss: 0.7987 - val_loss: 0.7525
Epoch 9/50
 - 2s - loss: 0.7928 - val_loss: 0.7451
Epoch 10/50
 - 2s - loss: 0.7894 - val_loss: 0.7443
Epoch 11/50
 - 2s - loss: 0.7838 - val_loss: 0.7410
Epoch 12/50
 - 2s - loss: 0.7824 - val_loss: 0.7352
Epoch 13/50
 - 3s - loss: 0.7785 - val_loss: 0.7354
Epoch 14/50
 - 3s - loss: 0.7763 - val_loss: 0.7282
Epoch 15/50
 - 3s - loss: 0.7734 - val_loss: 0.7269
Epoch 16/50
 - 3s - loss: 0.7697 - val_loss: 0.7218
Epoch 17/50
 - 3s - loss: 0.7678 - val_loss: 0.7214
Epoch 18/50
 - 3s - loss: 0.7657 - val_loss: 0.7192
Epoch 19/50
 - 2s - loss: 0.7633 - val_loss: 0.7160
Epoch 20/50
 - 2s - loss: 0.7610 - val_loss: 0.7146
Epoch 21/50
 - 2s - loss: 0.7582 - val_loss: 0.7117
Epoch 22/50
 - 2s - loss: 0.7566 - val_loss: 0.7118
Epoch 23/50
 - 2s - loss: 0.7535 - val_loss: 0.7075
Epoch 24/50
 - 2s - loss: 0.7517 - val_loss: 0.7057
Epoch 25/50
 - 2s - loss: 0.7514 - val_loss: 0.7038
Epoch 26/50
 - 2s - loss: 0.7478 - val_loss: 0.7025
Epoch 27/50
 - 3s - loss: 0.7478 - val_loss: 0.7007
Epoch 28/50
 - 3s - loss: 0.7457 - val_loss: 0.6998
Epoch 29/50
 - 3s - loss: 0.7452 - val_loss: 0.6987
Epoch 30/50
 - 2s - loss: 0.7429 - val_loss: 0.6971
Epoch 31/50
 - 2s - loss: 0.7415 - val_loss: 0.6984
Epoch 32/50
 - 2s - loss: 0.7399 - val_loss: 0.6939
Epoch 33/50
 - 2s - loss: 0.7389 - val_loss: 0.6905
Epoch 34/50
 - 2s - loss: 0.7379 - val_loss: 0.6922
Epoch 35/50
 - 3s - loss: 0.7363 - val_loss: 0.6910
Epoch 36/50
 - 2s - loss: 0.7342 - val_loss: 0.6893
Epoch 37/50
 - 3s - loss: 0.7337 - val_loss: 0.6868
Epoch 38/50
 - 3s - loss: 0.7323 - val_loss: 0.6850
Epoch 39/50
 - 3s - loss: 0.7318 - val_loss: 0.6868
Epoch 40/50
 - 2s - loss: 0.7314 - val_loss: 0.6852
Epoch 41/50
 - 3s - loss: 0.7286 - val_loss: 0.6844
Epoch 42/50
 - 3s - loss: 0.7283 - val_loss: 0.6770
Epoch 43/50
 - 3s - loss: 0.7272 - val_loss: 0.6811
Epoch 44/50
 - 2s - loss: 0.7264 - val_loss: 0.6823
Epoch 45/50
 - 2s - loss: 0.7258 - val_loss: 0.6778
Epoch 46/50
 - 2s - loss: 0.7244 - val_loss: 0.6781
Epoch 47/50
 - 2s - loss: 0.7238 - val_loss: 0.6792
Epoch 48/50
 - 3s - loss: 0.7225 - val_loss: 0.6791
Epoch 49/50
 - 3s - loss: 0.7214 - val_loss: 0.6747
Epoch 50/50
 - 2s - loss: 0.7212 - val_loss: 0.6745
[38;2;74;176;245m[1mProfile[0m ⏱  ···· Time elapsed in [1mFold 1/3[0m: ............................... [1m155.1s[0m
[38;2;74;176;245m[1mProfile[0m ⏱  ···· Starting [1mFold 2/3[0m
Train on 1333334 samples, validate on 666666 samples
Epoch 1/50
 - 4s - loss: 0.7813 - val_loss: 0.7283
Epoch 2/50
 - 2s - loss: 0.7769 - val_loss: 0.7209
Epoch 3/50
 - 2s - loss: 0.7715 - val_loss: 0.7157
Epoch 4/50
 - 2s - loss: 0.7683 - val_loss: 0.7145
Epoch 5/50
 - 2s - loss: 0.7651 - val_loss: 0.7114
Epoch 6/50
 - 3s - loss: 0.7625 - val_loss: 0.7122
Epoch 7/50
 - 3s - loss: 0.7602 - val_loss: 0.7074
Epoch 8/50
 - 2s - loss: 0.7584 - val_loss: 0.7048
Epoch 9/50
 - 2s - loss: 0.7559 - val_loss: 0.7035
Epoch 10/50
 - 2s - loss: 0.7554 - val_loss: 0.7027
Epoch 11/50
 - 2s - loss: 0.7531 - val_loss: 0.6989
Epoch 12/50
 - 2s - loss: 0.7521 - val_loss: 0.6976
Epoch 13/50
 - 2s - loss: 0.7502 - val_loss: 0.6966
Epoch 14/50
 - 2s - loss: 0.7489 - val_loss: 0.6943
Epoch 15/50
 - 2s - loss: 0.7469 - val_loss: 0.6961
Epoch 16/50
 - 3s - loss: 0.7462 - val_loss: 0.6932
Epoch 17/50
 - 3s - loss: 0.7463 - val_loss: 0.6931
Epoch 18/50
 - 2s - loss: 0.7431 - val_loss: 0.6911
Epoch 19/50
 - 3s - loss: 0.7423 - val_loss: 0.6893
Epoch 20/50
 - 3s - loss: 0.7411 - val_loss: 0.6889
Epoch 21/50
 - 2s - loss: 0.7408 - val_loss: 0.6849
Epoch 22/50
 - 3s - loss: 0.7398 - val_loss: 0.6874
Epoch 23/50
 - 2s - loss: 0.7389 - val_loss: 0.6839
Epoch 24/50
 - 2s - loss: 0.7386 - val_loss: 0.6865
Epoch 25/50
 - 2s - loss: 0.7363 - val_loss: 0.6793
Epoch 26/50
 - 2s - loss: 0.7359 - val_loss: 0.7137
Epoch 27/50
 - 2s - loss: 0.7352 - val_loss: 0.6818
Epoch 28/50
 - 2s - loss: 0.7340 - val_loss: 0.6814
Epoch 29/50
 - 3s - loss: 0.7344 - val_loss: 0.6816
Epoch 30/50
 - 2s - loss: 0.7332 - val_loss: 0.6808
Epoch 31/50
 - 2s - loss: 0.7316 - val_loss: 0.6755
Epoch 32/50
 - 2s - loss: 0.7305 - val_loss: 0.6792
Epoch 33/50
 - 2s - loss: 0.7297 - val_loss: 0.6788
Epoch 34/50
 - 2s - loss: 0.7290 - val_loss: 0.6780
Epoch 35/50
 - 3s - loss: 0.7287 - val_loss: 0.6744
Epoch 36/50
 - 2s - loss: 0.7283 - val_loss: 0.6767
Epoch 37/50
 - 2s - loss: 0.7273 - val_loss: 0.6754
Epoch 38/50
 - 2s - loss: 0.7273 - val_loss: 0.6746
Epoch 39/50
 - 3s - loss: 0.7261 - val_loss: 0.6724
Epoch 40/50
 - 3s - loss: 0.7248 - val_loss: 0.6735
Epoch 41/50
 - 3s - loss: 0.7247 - val_loss: 0.6738
Epoch 42/50
 - 2s - loss: 0.7246 - val_loss: 0.6744
Epoch 43/50
 - 2s - loss: 0.7225 - val_loss: 0.6728
Epoch 44/50
 - 3s - loss: 0.7224 - val_loss: 0.6711
Epoch 45/50
 - 2s - loss: 0.7224 - val_loss: 0.6710
Epoch 46/50
 - 3s - loss: 0.7227 - val_loss: 0.6722
Epoch 47/50
 - 2s - loss: 0.7214 - val_loss: 0.6683
Epoch 48/50
 - 2s - loss: 0.7206 - val_loss: 0.6696
Epoch 49/50
 - 3s - loss: 0.7207 - val_loss: 0.7164
Epoch 50/50
 - 3s - loss: 0.7199 - val_loss: 0.6672
[38;2;74;176;245m[1mProfile[0m ⏱  ···· Time elapsed in [1mFold 2/3[0m: ............................... [1m144.3s[0m
[38;2;74;176;245m[1mProfile[0m ⏱  ···· Starting [1mFold 3/3[0m
Train on 1333334 samples, validate on 666666 samples
Epoch 1/50
 - 5s - loss: 1.0691 - val_loss: 0.9254
Epoch 2/50
 - 3s - loss: 1.0640 - val_loss: 0.9254
Epoch 3/50
 - 3s - loss: 1.0597 - val_loss: 0.9185
Epoch 4/50
 - 2s - loss: 1.0557 - val_loss: 0.9174
Epoch 5/50
 - 3s - loss: 1.0543 - val_loss: 0.9172
Epoch 6/50
 - 3s - loss: 1.0516 - val_loss: 0.8950
Epoch 7/50
 - 3s - loss: 1.0505 - val_loss: 0.9113
Epoch 8/50
 - 3s - loss: 1.0493 - val_loss: 0.9082
Epoch 9/50
 - 3s - loss: 1.0466 - val_loss: 0.8977
Epoch 10/50
 - 2s - loss: 1.0440 - val_loss: 0.9093
Epoch 11/50
 - 2s - loss: 1.0442 - val_loss: 0.9048
Epoch 12/50
 - 2s - loss: 1.0431 - val_loss: 0.9046
Epoch 13/50
 - 3s - loss: 1.0413 - val_loss: 0.9044
Epoch 14/50
 - 2s - loss: 1.0399 - val_loss: 0.9035
Epoch 15/50
 - 2s - loss: 1.0393 - val_loss: 0.9056
Epoch 16/50
 - 2s - loss: 1.0380 - val_loss: 0.8987
Epoch 17/50
 - 2s - loss: 1.0366 - val_loss: 0.9008
Epoch 18/50
 - 2s - loss: 1.0362 - val_loss: 0.8984
Epoch 19/50
 - 2s - loss: 1.0338 - val_loss: 0.8971
Epoch 20/50
 - 2s - loss: 1.0334 - val_loss: 0.9036
Epoch 21/50
 - 2s - loss: 1.0325 - val_loss: 0.8949
Epoch 22/50
 - 2s - loss: 1.0318 - val_loss: 0.8943
Epoch 23/50
 - 2s - loss: 1.0311 - val_loss: 0.8928
Epoch 24/50
 - 2s - loss: 1.0302 - val_loss: 0.8944
Epoch 25/50
 - 2s - loss: 1.0293 - val_loss: 0.8927
Epoch 26/50
 - 2s - loss: 1.0278 - val_loss: 0.8902
Epoch 27/50
 - 2s - loss: 1.0277 - val_loss: 0.8919
Epoch 28/50
 - 3s - loss: 1.0260 - val_loss: 0.8898
Epoch 29/50
 - 2s - loss: 1.0256 - val_loss: 0.8898
Epoch 30/50
 - 2s - loss: 1.0243 - val_loss: 0.8804
Epoch 31/50
 - 2s - loss: 1.0239 - val_loss: 0.8879
Epoch 32/50
 - 2s - loss: 1.0242 - val_loss: 0.8878
Epoch 33/50
 - 2s - loss: 1.0222 - val_loss: 0.8885
Epoch 34/50
 - 2s - loss: 1.0209 - val_loss: 0.8866
Epoch 35/50
 - 2s - loss: 1.0210 - val_loss: 1.1590
Epoch 36/50
 - 2s - loss: 1.0201 - val_loss: 0.8863
Epoch 37/50
 - 2s - loss: 1.0188 - val_loss: 0.8821
Epoch 38/50
 - 2s - loss: 1.0184 - val_loss: 0.8895
Epoch 39/50
 - 2s - loss: 1.0184 - val_loss: 0.8849
Epoch 40/50
 - 2s - loss: 1.0176 - val_loss: 0.8815
Epoch 41/50
 - 2s - loss: 1.0170 - val_loss: 0.8817
Epoch 42/50
 - 2s - loss: 1.0155 - val_loss: 0.8808
Epoch 43/50
 - 2s - loss: 1.0151 - val_loss: 0.8794
Epoch 44/50
 - 2s - loss: 1.0154 - val_loss: 0.8844
Epoch 45/50
 - 2s - loss: 1.0134 - val_loss: 0.8799
Epoch 46/50
 - 2s - loss: 1.0140 - val_loss: 0.8870
Epoch 47/50
 - 2s - loss: 1.0119 - val_loss: 0.8797
Epoch 48/50
 - 2s - loss: 1.0107 - val_loss: 0.8563
Epoch 49/50
 - 2s - loss: 1.0100 - val_loss: 0.8795
Epoch 50/50
 - 2s - loss: 1.0108 - val_loss: 0.8782
Got result 0.837746300105
Completed successfully in 525.84 seconds. [{u'main': 0.8377463001053355}]
[38;2;74;176;245m[1mProfile[0m ⏱  ···· Time elapsed in [1mFold 3/3[0m: ............................... [1m139.0s[0m
[38;2;74;176;245m[1mProfile[0m ⏱  ·· Time elapsed in [1mClassifier-only fit, cross-validation[0m: .... [1m439.1s[0m
[38;2;74;176;245m[1mProfile[0m ⏱  Time elapsed in [1m@main[0m: ....................................... [1m498.7s[0m
cd: Going back to /exports/eddie3_homes_local/s1562020/work/adversarial/optimisation/experiments/classifier
