Job launching after 4.53 seconds in submission.
Running python job.
Changed into dir /exports/eddie3_homes_local/s1562020/work/adversarial/optimisation/experiments/classifier
Importing optimise.py
Running optimise.main()
INFO: Applying patch '/exports/eddie3_homes_local/s1562020/work/adversarial/optimisation/experiments/classifier/patches/patch.00000080.json'
INFO: Found 20 Intel(R) Xeon(R) CPU E5-2630 v4 @ 2.20GHz devices with 10 cores each.
Using TensorFlow backend.
INFO: Scaling classifier/lr -5 -> 1e-05
INFO: Scaling classifier/decay -2 -> 0.01
INFO: Scaling classifier/units 1 -> 2
INFO: Writing TensorBoard logs to 'logs/tensorboard/classifier-patch.00000080/'
INFO: Running '/exports/eddie3_homes_local/s1562020/work/adversarial/run/adversarial/common.pyc'
INFO: Command-line arguments:
INFO: Configuration file contents:
INFO: Python version: 2.7.14
INFO: Numpy  version: 1.12.1
INFO: Keras  version: 2.1.5
INFO: Using keras backend: 'tensorflow'
INFO: Found  1000000 training and  1000249 test samples for signal
INFO: Found  1000000 training and 10000000 test samples for background
INFO: load_data: Selecting only training data.
INFO: Implementing gradient reversal layer in TensorFlow
INFO: Training cross-validation classifiers
Call to main function (#80)
  Parameters: {u'classifier/model/default/units': array([1]), u'classifier/compile/decay': array([-2]), u'classifier/model/default/dropout': array([ 0.18708094]), u'classifier/compile/lr': array([-5]), u'classifier/model/architecture': array([1]), u'classifier/model/default/activation': [u'relu']}
param: classifier/model/default/units
param: classifier/compile/decay
param: classifier/model/default/dropout
param: classifier/compile/lr
param: classifier/model/architecture
param: classifier/model/default/activation
- - - - - - - - - - - - - - - - - - - - - - - - - - - - - - - - - - - - - - - - 
Saving the following patch to '/exports/eddie3_homes_local/s1562020/work/adversarial/optimisation/experiments/classifier/patches/patch.00000080.json':
{u'classifier': {u'compile': {u'lr': -5, u'decay': -2}, u'model': {u'default': {u'units': 1, u'dropout': 0.18708094304782821, u'activation': u'relu'}, u'architecture': 1}, 'fit': {'epochs': 50, 'batch_size': 8192}}}
- - - - - - - - - - - - - - - - - - - - - - - - - - - - - - - - - - - - - - - - 
cd: Going to /exports/eddie3_homes_local/s1562020/work/adversarial/
[38;2;74;176;245m[1mProfile[0m ⏱  Starting [1m@main[0m
[38;2;74;176;245m[1mProfile[0m ⏱  ·· Starting [1mInitialisation[0m
[38;2;74;176;245m[1mProfile[0m ⏱  ···· Starting [1m@initialise[0m
[38;2;74;176;245m[1mProfile[0m ⏱  ···· Time elapsed in [1m@initialise[0m: .............................. [1m0.0s[0m
[38;2;74;176;245m[1mProfile[0m ⏱  ···· Starting [1m@initialise_backend[0m
[38;2;74;176;245m[1mProfile[0m ⏱  ······ Starting [1m@configure_tensorflow[0m
[38;2;74;176;245m[1mProfile[0m ⏱  ······ Time elapsed in [1m@configure_tensorflow[0m: ................. [1m15.1s[0m
[38;2;74;176;245m[1mProfile[0m ⏱  ···· Time elapsed in [1m@initialise_backend[0m: ..................... [1m16.3s[0m
{'config': './configs/default.json',
 'devices': 7,
 'folds': 3,
 'gpu': True,
 'input': './input/',
 'jobname': 'classifier-patch.00000080',
 'mode': 'gpu',
 'optimise_adversarial': False,
 'optimise_classifier': True,
 'output': './output/',
 'patches': ['/exports/eddie3_homes_local/s1562020/work/adversarial/optimisation/experiments/classifier/patches/patch.00000080.json'],
 'tensorboard': True,
 'theano': False,
 'train': False,
 'train_adversarial': False,
 'train_classifier': True,
 'verbose': False}
{u'adversary': {u'compile': {},
                u'fit': {},
                u'model': {u'architecture': [{}, {}, {}, {}],
                           u'default': {u'activation': u'relu',
                                        u'units': 64},
                           u'gmm_components': 5}},
 u'classifier': {u'compile': {u'loss': u'binary_crossentropy',
                              u'optimizer': <keras.optimizers.Adam object at 0x2b882f9ab2d0>},
                 u'fit': {u'batch_size': 57344,
                          u'epochs': 50,
                          u'shuffle': True,
                          'verbose': 2},
                 u'model': {u'architecture': [{}],
                            u'default': {u'activation': u'relu',
                                         u'batchnorm': True,
                                         u'dropout': 0.1870809430478282,
                                         u'units': 2}}},
 u'combined': {u'compile': {u'loss': [u'binary_crossentropy', None],
                            u'loss_weights': [1.8181818181818182e-09, 1.0],
                            u'optimizer': <keras.optimizers.Adam object at 0x2b882f9ab3d0>},
               u'fit': {u'batch_size': 57344,
                        u'epochs': 500,
                        u'shuffle': True,
                        'verbose': 2},
               u'model': {u'lambda_reg': 10.0,
                          u'lr_ratio': 1.8181818181818182e-09},
               u'pretrain': 10}}
  TensorFlow version: 1.4.1
[38;2;74;176;245m[1mProfile[0m ⏱  ·· Time elapsed in [1mInitialisation[0m: ............................ [1m16.4s[0m
[38;2;74;176;245m[1mProfile[0m ⏱  ·· Starting [1m@load_data[0m
[38;2;74;176;245m[1mProfile[0m ⏱  ·· Time elapsed in [1m@load_data[0m: ................................ [1m33.8s[0m
[38;2;74;176;245m[1mProfile[0m ⏱  ·· Starting [1m@get_decorrelation_variables[0m
[38;2;74;176;245m[1mProfile[0m ⏱  ·· Time elapsed in [1m@get_decorrelation_variables[0m: ............... [1m0.0s[0m
[38;2;74;176;245m[1mProfile[0m ⏱  ·· Starting [1mClassifier-only fit, cross-validation[0m
[38;2;74;176;245m[1mProfile[0m ⏱  ···· Starting [1mFold 1/3[0m
Train on 1333332 samples, validate on 666668 samples
Epoch 1/50
 - 2s - loss: 0.7918 - val_loss: 0.7933
Epoch 2/50
 - 1s - loss: 0.7907 - val_loss: 0.7976
Epoch 3/50
 - 1s - loss: 0.7904 - val_loss: 0.7964
Epoch 4/50
 - 1s - loss: 0.7900 - val_loss: 0.7958
Epoch 5/50
 - 1s - loss: 0.7906 - val_loss: 0.7951
Epoch 6/50
 - 1s - loss: 0.7883 - val_loss: 0.7942
Epoch 7/50
 - 1s - loss: 0.7891 - val_loss: 0.7919
Epoch 8/50
 - 1s - loss: 0.7899 - val_loss: 0.7917
Epoch 9/50
 - 1s - loss: 0.7894 - val_loss: 0.7898
Epoch 10/50
 - 1s - loss: 0.7891 - val_loss: 0.7926
Epoch 11/50
 - 1s - loss: 0.7879 - val_loss: 0.7906
Epoch 12/50
 - 1s - loss: 0.7887 - val_loss: 0.7884
Epoch 13/50
 - 1s - loss: 0.7880 - val_loss: 0.7941
Epoch 14/50
 - 1s - loss: 0.7890 - val_loss: 0.7923
Epoch 15/50
 - 1s - loss: 0.7874 - val_loss: 0.7953
Epoch 16/50
 - 2s - loss: 0.7881 - val_loss: 0.7910
Epoch 17/50
 - 2s - loss: 0.7880 - val_loss: 0.7903
Epoch 18/50
 - 1s - loss: 0.7869 - val_loss: 0.7881
Epoch 19/50
 - 1s - loss: 0.7881 - val_loss: 0.7874
Epoch 20/50
 - 1s - loss: 0.7876 - val_loss: 0.7854
Epoch 21/50
 - 1s - loss: 0.7880 - val_loss: 0.7880
Epoch 22/50
 - 1s - loss: 0.7867 - val_loss: 0.7923
Epoch 23/50
 - 1s - loss: 0.7876 - val_loss: 0.7899
Epoch 24/50
 - 1s - loss: 0.7874 - val_loss: 0.7861
Epoch 25/50
 - 1s - loss: 0.7863 - val_loss: 0.7876
Epoch 26/50
 - 1s - loss: 0.7879 - val_loss: 0.7915
Epoch 27/50
 - 1s - loss: 0.7877 - val_loss: 0.7916
Epoch 28/50
 - 1s - loss: 0.7881 - val_loss: 0.7922
Epoch 29/50
 - 1s - loss: 0.7864 - val_loss: 0.7940
Epoch 30/50
 - 1s - loss: 0.7874 - val_loss: 0.7921
Epoch 31/50
 - 1s - loss: 0.7866 - val_loss: 0.7908
Epoch 32/50
 - 1s - loss: 0.7876 - val_loss: 0.7909
Epoch 33/50
 - 2s - loss: 0.7872 - val_loss: 0.7895
Epoch 34/50
 - 1s - loss: 0.7861 - val_loss: 0.7885
Epoch 35/50
 - 1s - loss: 0.7860 - val_loss: 0.7895
Epoch 36/50
 - 1s - loss: 0.7863 - val_loss: 0.7893
Epoch 37/50
 - 1s - loss: 0.7859 - val_loss: 0.7912
Epoch 38/50
 - 1s - loss: 0.7852 - val_loss: 0.7886
Epoch 39/50
 - 1s - loss: 0.7862 - val_loss: 0.7920
Epoch 40/50
 - 1s - loss: 0.7857 - val_loss: 0.7887
Epoch 41/50
 - 1s - loss: 0.7858 - val_loss: 0.7872
Epoch 42/50
 - 1s - loss: 0.7858 - val_loss: 0.7865
Epoch 43/50
 - 1s - loss: 0.7866 - val_loss: 0.7869
Epoch 44/50
 - 1s - loss: 0.7858 - val_loss: 0.7878
Epoch 45/50
 - 1s - loss: 0.7856 - val_loss: 0.7861
Epoch 46/50
 - 1s - loss: 0.7858 - val_loss: 0.7888
Epoch 47/50
 - 1s - loss: 0.7858 - val_loss: 0.7851
Epoch 48/50
 - 1s - loss: 0.7849 - val_loss: 0.7872
Epoch 49/50
 - 1s - loss: 0.7856 - val_loss: 0.7877
Epoch 50/50
 - 2s - loss: 0.7854 - val_loss: 0.7875
[38;2;74;176;245m[1mProfile[0m ⏱  ···· Time elapsed in [1mFold 1/3[0m: ................................ [1m85.9s[0m
[38;2;74;176;245m[1mProfile[0m ⏱  ···· Starting [1mFold 2/3[0m
Train on 1333334 samples, validate on 666666 samples
Epoch 1/50
 - 1s - loss: 0.6925 - val_loss: 0.6695
Epoch 2/50
 - 2s - loss: 0.6921 - val_loss: 0.6704
Epoch 3/50
 - 1s - loss: 0.6925 - val_loss: 0.6724
Epoch 4/50
 - 1s - loss: 0.6923 - val_loss: 0.6721
Epoch 5/50
 - 2s - loss: 0.6924 - val_loss: 0.6716
Epoch 6/50
 - 1s - loss: 0.6921 - val_loss: 0.6711
Epoch 7/50
 - 1s - loss: 0.6923 - val_loss: 0.6724
Epoch 8/50
 - 1s - loss: 0.6924 - val_loss: 0.6715
Epoch 9/50
 - 1s - loss: 0.6922 - val_loss: 0.6694
Epoch 10/50
 - 2s - loss: 0.6920 - val_loss: 0.6699
Epoch 11/50
 - 1s - loss: 0.6924 - val_loss: 0.6704
Epoch 12/50
 - 1s - loss: 0.6922 - val_loss: 0.6711
Epoch 13/50
 - 1s - loss: 0.6927 - val_loss: 0.6702
Epoch 14/50
 - 1s - loss: 0.6918 - val_loss: 0.6703
Epoch 15/50
 - 1s - loss: 0.6924 - val_loss: 0.6714
Epoch 16/50
 - 1s - loss: 0.6919 - val_loss: 0.6709
Epoch 17/50
 - 1s - loss: 0.6915 - val_loss: 0.6715
Epoch 18/50
 - 1s - loss: 0.6920 - val_loss: 0.6706
Epoch 19/50
 - 1s - loss: 0.6919 - val_loss: 0.6717
Epoch 20/50
 - 1s - loss: 0.6921 - val_loss: 0.6713
Epoch 21/50
 - 1s - loss: 0.6920 - val_loss: 0.6714
Epoch 22/50
 - 1s - loss: 0.6923 - val_loss: 0.6708
Epoch 23/50
 - 1s - loss: 0.6918 - val_loss: 0.6700
Epoch 24/50
 - 1s - loss: 0.6924 - val_loss: 0.6712
Epoch 25/50
 - 1s - loss: 0.6920 - val_loss: 0.6718
Epoch 26/50
 - 1s - loss: 0.6923 - val_loss: 0.6708
Epoch 27/50
 - 1s - loss: 0.6920 - val_loss: 0.6698
Epoch 28/50
 - 1s - loss: 0.6924 - val_loss: 0.6697
Epoch 29/50
 - 1s - loss: 0.6917 - val_loss: 0.6698
Epoch 30/50
 - 1s - loss: 0.6918 - val_loss: 0.6701
Epoch 31/50
 - 1s - loss: 0.6921 - val_loss: 0.6708
Epoch 32/50
 - 1s - loss: 0.6920 - val_loss: 0.6711
Epoch 33/50
 - 1s - loss: 0.6921 - val_loss: 0.6712
Epoch 34/50
 - 1s - loss: 0.6918 - val_loss: 0.6705
Epoch 35/50
 - 1s - loss: 0.6923 - val_loss: 0.6702
Epoch 36/50
 - 1s - loss: 0.6918 - val_loss: 0.6699
Epoch 37/50
 - 1s - loss: 0.6916 - val_loss: 0.6754
Epoch 38/50
 - 1s - loss: 0.6921 - val_loss: 0.6710
Epoch 39/50
 - 1s - loss: 0.6920 - val_loss: 0.6725
Epoch 40/50
 - 1s - loss: 0.6920 - val_loss: 0.6708
Epoch 41/50
 - 1s - loss: 0.6919 - val_loss: 0.6696
Epoch 42/50
 - 1s - loss: 0.6920 - val_loss: 0.6714
Epoch 43/50
 - 1s - loss: 0.6917 - val_loss: 0.6712
Epoch 44/50
 - 1s - loss: 0.6918 - val_loss: 0.6704
Epoch 45/50
 - 1s - loss: 0.6917 - val_loss: 0.6700
Epoch 46/50
 - 1s - loss: 0.6918 - val_loss: 0.6713
Epoch 47/50
 - 1s - loss: 0.6922 - val_loss: 0.6710
Epoch 48/50
 - 1s - loss: 0.6919 - val_loss: 0.6703
Epoch 49/50
 - 1s - loss: 0.6921 - val_loss: 0.6719
Epoch 50/50
 - 1s - loss: 0.6916 - val_loss: 0.6929
[38;2;74;176;245m[1mProfile[0m ⏱  ···· Time elapsed in [1mFold 2/3[0m: ................................ [1m62.4s[0m
[38;2;74;176;245m[1mProfile[0m ⏱  ···· Starting [1mFold 3/3[0m
Train on 1333334 samples, validate on 666666 samples
Epoch 1/50
 - 1s - loss: 0.8269 - val_loss: 0.7895
Epoch 2/50
 - 1s - loss: 0.8277 - val_loss: 0.7891
Epoch 3/50
 - 1s - loss: 0.8268 - val_loss: 0.7924
Epoch 4/50
 - 1s - loss: 0.8265 - val_loss: 0.7906
Epoch 5/50
 - 1s - loss: 0.8273 - val_loss: 0.7919
Epoch 6/50
 - 1s - loss: 0.8266 - val_loss: 0.7916
Epoch 7/50
 - 1s - loss: 0.8269 - val_loss: 0.7920
Epoch 8/50
 - 1s - loss: 0.8261 - val_loss: 0.7917
Epoch 9/50
 - 1s - loss: 0.8264 - val_loss: 0.7902
Epoch 10/50
 - 1s - loss: 0.8260 - val_loss: 0.7917
Epoch 11/50
 - 1s - loss: 0.8266 - val_loss: 0.7921
Epoch 12/50
 - 1s - loss: 0.8257 - val_loss: 0.7930
Epoch 13/50
 - 1s - loss: 0.8265 - val_loss: 0.7919
Epoch 14/50
 - 1s - loss: 0.8269 - val_loss: 0.7929
Epoch 15/50
 - 1s - loss: 0.8248 - val_loss: 0.7907
Epoch 16/50
 - 1s - loss: 0.8270 - val_loss: 0.7945
Epoch 17/50
 - 1s - loss: 0.8267 - val_loss: 0.7924
Epoch 18/50
 - 2s - loss: 0.8268 - val_loss: 0.7939
Epoch 19/50
 - 1s - loss: 0.8259 - val_loss: 0.7937
Epoch 20/50
 - 1s - loss: 0.8252 - val_loss: 0.7937
Epoch 21/50
 - 1s - loss: 0.8274 - val_loss: 0.7939
Epoch 22/50
 - 1s - loss: 0.8261 - val_loss: 0.7939
Epoch 23/50
 - 1s - loss: 0.8257 - val_loss: 0.7936
Epoch 24/50
 - 1s - loss: 0.8259 - val_loss: 0.7932
Epoch 25/50
 - 1s - loss: 0.8257 - val_loss: 0.7924
Epoch 26/50
 - 1s - loss: 0.8269 - val_loss: 0.7902
Epoch 27/50
 - 1s - loss: 0.8254 - val_loss: 0.7922
Epoch 28/50
 - 1s - loss: 0.8254 - val_loss: 0.7917
Epoch 29/50
 - 1s - loss: 0.8257 - val_loss: 0.7919
Epoch 30/50
 - 1s - loss: 0.8257 - val_loss: 0.7914
Epoch 31/50
 - 1s - loss: 0.8252 - val_loss: 0.7921
Epoch 32/50
 - 1s - loss: 0.8266 - val_loss: 0.7921
Epoch 33/50
 - 1s - loss: 0.8255 - val_loss: 0.7935
Epoch 34/50
 - 1s - loss: 0.8252 - val_loss: 0.7931
Epoch 35/50
 - 1s - loss: 0.8257 - val_loss: 0.7920
Epoch 36/50
 - 1s - loss: 0.8250 - val_loss: 0.7926
Epoch 37/50
 - 1s - loss: 0.8248 - val_loss: 0.7914
Epoch 38/50
 - 1s - loss: 0.8256 - val_loss: 0.7935
Epoch 39/50
 - 1s - loss: 0.8256 - val_loss: 0.7909
Epoch 40/50
 - 1s - loss: 0.8252 - val_loss: 0.7935
Epoch 41/50
 - 1s - loss: 0.8260 - val_loss: 0.7912
Epoch 42/50
 - 1s - loss: 0.8262 - val_loss: 0.7902
Epoch 43/50
 - 1s - loss: 0.8256 - val_loss: 0.7900
Epoch 44/50
 - 1s - loss: 0.8244 - val_loss: 0.7923
Epoch 45/50
 - 1s - loss: 0.8254 - val_loss: 0.7922
Epoch 46/50
 - 1s - loss: 0.8258 - val_loss: 0.7907
Epoch 47/50
 - 1s - loss: 0.8256 - val_loss: 0.7918
Epoch 48/50
 - 1s - loss: 0.8257 - val_loss: 0.7922
Epoch 49/50
 - 1s - loss: 0.8248 - val_loss: 0.7920
Epoch 50/50
 - 1s - loss: 0.8253 - val_loss: 0.7912
Got result 0.802689052136
Completed successfully in 286.46 seconds. [{u'main': 0.8026890521362351}]
[38;2;74;176;245m[1mProfile[0m ⏱  ···· Time elapsed in [1mFold 3/3[0m: ................................ [1m65.8s[0m
[38;2;74;176;245m[1mProfile[0m ⏱  ·· Time elapsed in [1mClassifier-only fit, cross-validation[0m: .... [1m214.8s[0m
[38;2;74;176;245m[1mProfile[0m ⏱  Time elapsed in [1m@main[0m: ....................................... [1m265.3s[0m
cd: Going back to /exports/eddie3_homes_local/s1562020/work/adversarial/optimisation/experiments/classifier
