Job launching after 4.61 seconds in submission.
Running python job.
Changed into dir /exports/eddie3_homes_local/s1562020/work/adversarial/optimisation/experiments/classifier
Importing optimise.py
Running optimise.main()
INFO: Applying patch '/exports/eddie3_homes_local/s1562020/work/adversarial/optimisation/experiments/classifier/patches/patch.00000048.json'
INFO: Found 20 Intel(R) Xeon(R) CPU E5-2630 v4 @ 2.20GHz devices with 10 cores each.
Using TensorFlow backend.
INFO: Scaling classifier/lr -2 -> 0.01
INFO: Scaling classifier/decay -6 -> 1e-06
INFO: Scaling classifier/units 8 -> 256
INFO: Writing TensorBoard logs to 'logs/tensorboard/classifier-patch.00000048/'
INFO: Running '/exports/eddie3_homes_local/s1562020/work/adversarial/run/adversarial/common.pyc'
INFO: Command-line arguments:
INFO: Configuration file contents:
INFO: Python version: 2.7.14
INFO: Numpy  version: 1.12.1
INFO: Keras  version: 2.1.5
INFO: Using keras backend: 'tensorflow'
INFO: Found  1000000 training and  1000249 test samples for signal
INFO: Found  1000000 training and 10000000 test samples for background
INFO: load_data: Selecting only training data.
INFO: Implementing gradient reversal layer in TensorFlow
INFO: Training cross-validation classifiers
Call to main function (#48)
  Parameters: {u'classifier/model/default/units': array([8]), u'classifier/compile/decay': array([-6]), u'classifier/model/default/dropout': array([ 0.5]), u'classifier/compile/lr': array([-2]), u'classifier/model/architecture': array([6]), u'classifier/model/default/activation': [u'relu']}
param: classifier/model/default/units
param: classifier/compile/decay
param: classifier/model/default/dropout
param: classifier/compile/lr
param: classifier/model/architecture
param: classifier/model/default/activation
- - - - - - - - - - - - - - - - - - - - - - - - - - - - - - - - - - - - - - - - 
Saving the following patch to '/exports/eddie3_homes_local/s1562020/work/adversarial/optimisation/experiments/classifier/patches/patch.00000048.json':
{u'classifier': {u'compile': {u'lr': -2, u'decay': -6}, u'model': {u'default': {u'units': 8, u'dropout': 0.5, u'activation': u'relu'}, u'architecture': 6}, 'fit': {'epochs': 50, 'batch_size': 8192}}}
- - - - - - - - - - - - - - - - - - - - - - - - - - - - - - - - - - - - - - - - 
cd: Going to /exports/eddie3_homes_local/s1562020/work/adversarial/
[38;2;74;176;245m[1mProfile[0m ⏱  Starting [1m@main[0m
[38;2;74;176;245m[1mProfile[0m ⏱  ·· Starting [1mInitialisation[0m
[38;2;74;176;245m[1mProfile[0m ⏱  ···· Starting [1m@initialise[0m
[38;2;74;176;245m[1mProfile[0m ⏱  ···· Time elapsed in [1m@initialise[0m: .............................. [1m0.0s[0m
[38;2;74;176;245m[1mProfile[0m ⏱  ···· Starting [1m@initialise_backend[0m
[38;2;74;176;245m[1mProfile[0m ⏱  ······ Starting [1m@configure_tensorflow[0m
[38;2;74;176;245m[1mProfile[0m ⏱  ······ Time elapsed in [1m@configure_tensorflow[0m: ................. [1m16.7s[0m
[38;2;74;176;245m[1mProfile[0m ⏱  ···· Time elapsed in [1m@initialise_backend[0m: ..................... [1m17.6s[0m
{'config': './configs/default.json',
 'devices': 7,
 'folds': 3,
 'gpu': True,
 'input': './input/',
 'jobname': 'classifier-patch.00000048',
 'mode': 'gpu',
 'optimise_adversarial': False,
 'optimise_classifier': True,
 'output': './output/',
 'patches': ['/exports/eddie3_homes_local/s1562020/work/adversarial/optimisation/experiments/classifier/patches/patch.00000048.json'],
 'tensorboard': True,
 'theano': False,
 'train': False,
 'train_adversarial': False,
 'train_classifier': True,
 'verbose': False}
{u'adversary': {u'compile': {},
                u'fit': {},
                u'model': {u'architecture': [{}, {}, {}, {}],
                           u'default': {u'activation': u'relu',
                                        u'units': 64},
                           u'gmm_components': 5}},
 u'classifier': {u'compile': {u'loss': u'binary_crossentropy',
                              u'optimizer': <keras.optimizers.Adam object at 0x2b6b06ccf310>},
                 u'fit': {u'batch_size': 57344,
                          u'epochs': 50,
                          u'shuffle': True,
                          'verbose': 2},
                 u'model': {u'architecture': [{}, {}, {}, {}, {}, {}],
                            u'default': {u'activation': u'relu',
                                         u'batchnorm': True,
                                         u'dropout': 0.5,
                                         u'units': 256}}},
 u'combined': {u'compile': {u'loss': [u'binary_crossentropy', None],
                            u'loss_weights': [4.545454545454545e-09, 1.0],
                            u'optimizer': <keras.optimizers.Adam object at 0x2b6b06ccf350>},
               u'fit': {u'batch_size': 57344,
                        u'epochs': 100,
                        u'shuffle': True,
                        'verbose': 2},
               u'model': {u'lambda_reg': 10.0,
                          u'lr_ratio': 4.545454545454545e-09},
               u'pretrain': 10}}
  TensorFlow version: 1.4.1
[38;2;74;176;245m[1mProfile[0m ⏱  ·· Time elapsed in [1mInitialisation[0m: ............................ [1m17.7s[0m
[38;2;74;176;245m[1mProfile[0m ⏱  ·· Starting [1m@load_data[0m
[38;2;74;176;245m[1mProfile[0m ⏱  ·· Time elapsed in [1m@load_data[0m: ................................ [1m34.5s[0m
[38;2;74;176;245m[1mProfile[0m ⏱  ·· Starting [1m@get_decorrelation_variables[0m
[38;2;74;176;245m[1mProfile[0m ⏱  ·· Time elapsed in [1m@get_decorrelation_variables[0m: ............... [1m0.0s[0m
[38;2;74;176;245m[1mProfile[0m ⏱  ·· Starting [1mClassifier-only fit, cross-validation[0m
[38;2;74;176;245m[1mProfile[0m ⏱  ···· Starting [1mFold 1/3[0m
Train on 1333332 samples, validate on 666668 samples
Epoch 1/50
 - 7s - loss: 0.5263 - val_loss: 0.4798
Epoch 2/50
 - 5s - loss: 0.4029 - val_loss: 0.3992
Epoch 3/50
 - 5s - loss: 0.3897 - val_loss: 0.3824
Epoch 4/50
 - 5s - loss: 0.3841 - val_loss: 0.3892
Epoch 5/50
 - 5s - loss: 0.3811 - val_loss: 0.3814
Epoch 6/50
 - 6s - loss: 0.3787 - val_loss: 0.4535
Epoch 7/50
 - 7s - loss: 0.3770 - val_loss: 0.3703
Epoch 8/50
 - 7s - loss: 0.3762 - val_loss: 0.3761
Epoch 9/50
 - 6s - loss: 0.3752 - val_loss: 0.3744
Epoch 10/50
 - 6s - loss: 0.3741 - val_loss: 0.3689
Epoch 11/50
 - 7s - loss: 0.3733 - val_loss: 0.3651
Epoch 12/50
 - 7s - loss: 0.3734 - val_loss: 0.3701
Epoch 13/50
 - 7s - loss: 0.3722 - val_loss: 0.3684
Epoch 14/50
 - 6s - loss: 0.3719 - val_loss: 0.3672
Epoch 15/50
 - 6s - loss: 0.3714 - val_loss: 0.3668
Epoch 16/50
 - 7s - loss: 0.3706 - val_loss: 0.3615
Epoch 17/50
 - 6s - loss: 0.3701 - val_loss: 0.3677
Epoch 18/50
 - 6s - loss: 0.3696 - val_loss: 0.3610
Epoch 19/50
 - 6s - loss: 0.3689 - val_loss: 0.3662
Epoch 20/50
 - 7s - loss: 0.3687 - val_loss: 0.3669
Epoch 21/50
 - 7s - loss: 0.3683 - val_loss: 0.3683
Epoch 22/50
 - 5s - loss: 0.3685 - val_loss: 0.3595
Epoch 23/50
 - 5s - loss: 0.3692 - val_loss: 0.3574
Epoch 24/50
 - 5s - loss: 0.3685 - val_loss: 0.3572
Epoch 25/50
 - 5s - loss: 0.3672 - val_loss: 0.3619
Epoch 26/50
 - 5s - loss: 0.3664 - val_loss: 0.3597
Epoch 27/50
 - 5s - loss: 0.3669 - val_loss: 0.3601
Epoch 28/50
 - 5s - loss: 0.3660 - val_loss: 0.3558
Epoch 29/50
 - 5s - loss: 0.3668 - val_loss: 0.3593
Epoch 30/50
 - 4s - loss: 0.3669 - val_loss: 0.3589
Epoch 31/50
 - 5s - loss: 0.3666 - val_loss: 0.3683
Epoch 32/50
 - 5s - loss: 0.3674 - val_loss: 0.3635
Epoch 33/50
 - 5s - loss: 0.3671 - val_loss: 0.3600
Epoch 34/50
 - 5s - loss: 0.3662 - val_loss: 0.3580
Epoch 35/50
 - 4s - loss: 0.3653 - val_loss: 0.3581
Epoch 36/50
 - 5s - loss: 0.3651 - val_loss: 0.3551
Epoch 37/50
 - 5s - loss: 0.3652 - val_loss: 0.3560
Epoch 38/50
 - 4s - loss: 0.3651 - val_loss: 0.3583
Epoch 39/50
 - 5s - loss: 0.3656 - val_loss: 0.3552
Epoch 40/50
 - 5s - loss: 0.3643 - val_loss: 0.3581
Epoch 41/50
 - 5s - loss: 0.3649 - val_loss: 0.3558
Epoch 42/50
 - 5s - loss: 0.3656 - val_loss: 0.3600
Epoch 43/50
 - 5s - loss: 0.3664 - val_loss: 0.3617
Epoch 44/50
 - 5s - loss: 0.3648 - val_loss: 0.3569
Epoch 45/50
 - 6s - loss: 0.3655 - val_loss: 0.3602
Epoch 46/50
 - 5s - loss: 0.3656 - val_loss: 0.3557
Epoch 47/50
 - 5s - loss: 0.3640 - val_loss: 0.3593
Epoch 48/50
 - 5s - loss: 0.3647 - val_loss: 0.3592
Epoch 49/50
 - 5s - loss: 0.3652 - val_loss: 0.3556
Epoch 50/50
 - 5s - loss: 0.3643 - val_loss: 0.3609
[38;2;74;176;245m[1mProfile[0m ⏱  ···· Time elapsed in [1mFold 1/3[0m: ............................... [1m311.9s[0m
[38;2;74;176;245m[1mProfile[0m ⏱  ···· Starting [1mFold 2/3[0m
Train on 1333334 samples, validate on 666666 samples
Epoch 1/50
 - 9s - loss: 1.4342 - val_loss: 1.1521
Epoch 2/50
 - 6s - loss: 0.7312 - val_loss: 0.8983
Epoch 3/50
 - 6s - loss: 0.5762 - val_loss: 0.8858
Epoch 4/50
 - 6s - loss: 0.5039 - val_loss: 0.6477
Epoch 5/50
 - 6s - loss: 0.4786 - val_loss: 0.5759
Epoch 6/50
 - 6s - loss: 0.4560 - val_loss: 0.5300
Epoch 7/50
 - 6s - loss: 0.4437 - val_loss: 0.5319
Epoch 8/50
 - 5s - loss: 0.4375 - val_loss: 0.4853
Epoch 9/50
 - 6s - loss: 0.4334 - val_loss: 0.4621
Epoch 10/50
 - 7s - loss: 0.4295 - val_loss: 0.4413
Epoch 11/50
 - 5s - loss: 0.4253 - val_loss: 0.4105
Epoch 12/50
 - 5s - loss: 0.4236 - val_loss: 0.4084
Epoch 13/50
 - 5s - loss: 0.4209 - val_loss: 0.4133
Epoch 14/50
 - 5s - loss: 0.4196 - val_loss: 0.3942
Epoch 15/50
 - 4s - loss: 0.4180 - val_loss: 0.4064
Epoch 16/50
 - 5s - loss: 0.4158 - val_loss: 0.3951
Epoch 17/50
 - 4s - loss: 0.4138 - val_loss: 0.3937
Epoch 18/50
 - 5s - loss: 0.4132 - val_loss: 0.3940
Epoch 19/50
 - 6s - loss: 0.4112 - val_loss: 0.3915
Epoch 20/50
 - 6s - loss: 0.4093 - val_loss: 0.3836
Epoch 21/50
 - 6s - loss: 0.4081 - val_loss: 0.3868
Epoch 22/50
 - 6s - loss: 0.4081 - val_loss: 0.3862
Epoch 23/50
 - 6s - loss: 0.4060 - val_loss: 0.3875
Epoch 24/50
 - 6s - loss: 0.4033 - val_loss: 0.3794
Epoch 25/50
 - 6s - loss: 0.4021 - val_loss: 0.3837
Epoch 26/50
 - 6s - loss: 0.4004 - val_loss: 0.3872
Epoch 27/50
 - 6s - loss: 0.3994 - val_loss: 0.4191
Epoch 28/50
 - 6s - loss: 0.3983 - val_loss: 0.3811
Epoch 29/50
 - 6s - loss: 0.3973 - val_loss: 0.3925
Epoch 30/50
 - 7s - loss: 0.3964 - val_loss: 0.3774
Epoch 31/50
 - 6s - loss: 0.3953 - val_loss: 0.3831
Epoch 32/50
 - 6s - loss: 0.3946 - val_loss: 0.3924
Epoch 33/50
 - 6s - loss: 0.3933 - val_loss: 0.4029
Epoch 34/50
 - 6s - loss: 0.3928 - val_loss: 0.3975
Epoch 35/50
 - 6s - loss: 0.3923 - val_loss: 0.4094
Epoch 36/50
 - 6s - loss: 0.3911 - val_loss: 0.3974
Epoch 37/50
 - 6s - loss: 0.3917 - val_loss: 0.3856
Epoch 38/50
 - 5s - loss: 0.3905 - val_loss: 0.3859
Epoch 39/50
 - 6s - loss: 0.3915 - val_loss: 0.3774
Epoch 40/50
 - 5s - loss: 0.3907 - val_loss: 0.3845
Epoch 41/50
 - 5s - loss: 0.3897 - val_loss: 0.3867
Epoch 42/50
 - 8s - loss: 0.3904 - val_loss: 0.3802
Epoch 43/50
 - 7s - loss: 0.3892 - val_loss: 0.3675
Epoch 44/50
 - 7s - loss: 0.3892 - val_loss: 0.3756
Epoch 45/50
 - 7s - loss: 0.3881 - val_loss: 0.3757
Epoch 46/50
 - 7s - loss: 0.3872 - val_loss: 0.3732
Epoch 47/50
 - 7s - loss: 0.3881 - val_loss: 0.3768
Epoch 48/50
 - 7s - loss: 0.3882 - val_loss: 0.3669
Epoch 49/50
 - 6s - loss: 0.3875 - val_loss: 0.3814
Epoch 50/50
 - 6s - loss: 0.3876 - val_loss: 0.3688
[38;2;74;176;245m[1mProfile[0m ⏱  ···· Time elapsed in [1mFold 2/3[0m: ............................... [1m329.9s[0m
[38;2;74;176;245m[1mProfile[0m ⏱  ···· Starting [1mFold 3/3[0m
Train on 1333334 samples, validate on 666666 samples
Epoch 1/50
 - 11s - loss: 1.2352 - val_loss: 1.0442
Epoch 2/50
 - 7s - loss: 0.5193 - val_loss: 0.5208
Epoch 3/50
 - 8s - loss: 0.4688 - val_loss: 0.4332
Epoch 4/50
 - 7s - loss: 0.4405 - val_loss: 0.4068
Epoch 5/50
 - 7s - loss: 0.4282 - val_loss: 0.4124
Epoch 6/50
 - 7s - loss: 0.4221 - val_loss: 0.3939
Epoch 7/50
 - 8s - loss: 0.4173 - val_loss: 0.3900
Epoch 8/50
 - 8s - loss: 0.4124 - val_loss: 0.3902
Epoch 9/50
 - 8s - loss: 0.4107 - val_loss: 0.8235
Epoch 10/50
 - 7s - loss: 0.4085 - val_loss: 0.3863
Epoch 11/50
 - 7s - loss: 0.4066 - val_loss: 0.3899
Epoch 12/50
 - 8s - loss: 0.4061 - val_loss: 0.3880
Epoch 13/50
 - 8s - loss: 0.4044 - val_loss: 0.3784
Epoch 14/50
 - 7s - loss: 0.4037 - val_loss: 0.3864
Epoch 15/50
 - 8s - loss: 0.4020 - val_loss: 0.3813
Epoch 16/50
 - 8s - loss: 0.4013 - val_loss: 0.3821
Epoch 17/50
 - 8s - loss: 0.3993 - val_loss: 0.3798
Epoch 18/50
 - 7s - loss: 0.3981 - val_loss: 0.3793
Epoch 19/50
 - 8s - loss: 0.3970 - val_loss: 0.3812
Epoch 20/50
 - 7s - loss: 0.3967 - val_loss: 0.3769
Epoch 21/50
 - 7s - loss: 0.3951 - val_loss: 0.3725
Epoch 22/50
 - 7s - loss: 0.3939 - val_loss: 0.3809
Epoch 23/50
 - 6s - loss: 0.3947 - val_loss: 0.3813
Epoch 24/50
 - 6s - loss: 0.3927 - val_loss: 0.3824
Epoch 25/50
 - 6s - loss: 0.3944 - val_loss: 0.3758
Epoch 26/50
 - 6s - loss: 0.3934 - val_loss: 0.3846
Epoch 27/50
 - 6s - loss: 0.3943 - val_loss: 0.3764
Epoch 28/50
 - 6s - loss: 0.3911 - val_loss: 0.3702
Epoch 29/50
 - 7s - loss: 0.3908 - val_loss: 0.3768
Epoch 30/50
 - 8s - loss: 0.3903 - val_loss: 0.3756
Epoch 31/50
 - 7s - loss: 0.3898 - val_loss: 0.3756
Epoch 32/50
 - 8s - loss: 0.3901 - val_loss: 0.3756
Epoch 33/50
 - 7s - loss: 0.3890 - val_loss: 0.3692
Epoch 34/50
 - 8s - loss: 0.3888 - val_loss: 0.3761
Epoch 35/50
 - 8s - loss: 0.3886 - val_loss: 0.3754
Epoch 36/50
 - 8s - loss: 0.3885 - val_loss: 0.3724
Epoch 37/50
 - 8s - loss: 0.3882 - val_loss: 0.3725
Epoch 38/50
 - 8s - loss: 0.3874 - val_loss: 0.3695
Epoch 39/50
 - 8s - loss: 0.3872 - val_loss: 0.3783
Epoch 40/50
 - 8s - loss: 0.3872 - val_loss: 0.3723
Epoch 41/50
 - 5s - loss: 0.3873 - val_loss: 0.3713
Epoch 42/50
 - 6s - loss: 0.3869 - val_loss: 0.3691
Epoch 43/50
 - 6s - loss: 0.3865 - val_loss: 0.3727
Epoch 44/50
 - 6s - loss: 0.3861 - val_loss: 0.3709
Epoch 45/50
 - 6s - loss: 0.3866 - val_loss: 0.3738
Epoch 46/50
 - 7s - loss: 0.3858 - val_loss: 0.3719
Epoch 47/50
 - 7s - loss: 0.3854 - val_loss: 0.3764
Epoch 48/50
 - 7s - loss: 0.3854 - val_loss: 0.3676
Epoch 49/50
 - 7s - loss: 0.3857 - val_loss: 0.3697
Epoch 50/50
 - 7s - loss: 0.3850 - val_loss: 0.3678
Got result 0.369304478324
Completed successfully in 1123.21 seconds. [{u'main': 0.36930447832371677}]
[38;2;74;176;245m[1mProfile[0m ⏱  ···· Time elapsed in [1mFold 3/3[0m: ............................... [1m404.3s[0m
[38;2;74;176;245m[1mProfile[0m ⏱  ·· Time elapsed in [1mClassifier-only fit, cross-validation[0m: ... [1m1046.7s[0m
[38;2;74;176;245m[1mProfile[0m ⏱  Time elapsed in [1m@main[0m: ...................................... [1m1099.2s[0m
cd: Going back to /exports/eddie3_homes_local/s1562020/work/adversarial/optimisation/experiments/classifier
