Job launching after 3.00 seconds in submission.
Running python job.
Changed into dir /exports/eddie3_homes_local/s1562020/work/adversarial/optimisation/experiments/classifier
Importing optimise.py
Running optimise.main()
INFO: Applying patch '/exports/eddie3_homes_local/s1562020/work/adversarial/optimisation/experiments/classifier/patches/patch.00000010.json'
INFO: Found 20 Intel(R) Xeon(R) CPU E5-2630 v4 @ 2.20GHz devices with 10 cores each.
Using TensorFlow backend.
INFO: Scaling classifier/lr -1 -> 0.1
INFO: Scaling classifier/decay -4 -> 0.0001
INFO: Scaling classifier/units 5 -> 32
INFO: Writing TensorBoard logs to 'logs/tensorboard/classifier-patch.00000010/'
INFO: Running '/exports/eddie3_homes_local/s1562020/work/adversarial/run/adversarial/common.pyc'
INFO: Command-line arguments:
INFO: Configuration file contents:
INFO: Python version: 2.7.14
INFO: Numpy  version: 1.12.1
INFO: Keras  version: 2.1.5
INFO: Using keras backend: 'tensorflow'
INFO: Found  1000000 training and  1000249 test samples for signal
INFO: Found  1000000 training and 10000000 test samples for background
INFO: load_data: Selecting only training data.
INFO: Implementing gradient reversal layer in TensorFlow
INFO: Training cross-validation classifiers
Call to main function (#10)
  Parameters: {u'classifier/model/default/units': array([5]), u'classifier/compile/decay': array([-4]), u'classifier/model/default/dropout': array([ 0.]), u'classifier/compile/lr': array([-1]), u'classifier/model/architecture': array([2]), u'classifier/model/default/activation': [u'tanh']}
param: classifier/model/default/units
param: classifier/compile/decay
param: classifier/model/default/dropout
param: classifier/compile/lr
param: classifier/model/architecture
param: classifier/model/default/activation
- - - - - - - - - - - - - - - - - - - - - - - - - - - - - - - - - - - - - - - - 
Saving the following patch to '/exports/eddie3_homes_local/s1562020/work/adversarial/optimisation/experiments/classifier/patches/patch.00000010.json':
{u'classifier': {u'compile': {u'lr': -1, u'decay': -4}, u'model': {u'default': {u'units': 5, u'dropout': 0.0, u'activation': u'tanh'}, u'architecture': 2}, 'fit': {'epochs': 50, 'batch_size': 8192}}}
- - - - - - - - - - - - - - - - - - - - - - - - - - - - - - - - - - - - - - - - 
cd: Going to /exports/eddie3_homes_local/s1562020/work/adversarial/
[38;2;74;176;245m[1mProfile[0m ⏱  Starting [1m@main[0m
[38;2;74;176;245m[1mProfile[0m ⏱  ·· Starting [1mInitialisation[0m
[38;2;74;176;245m[1mProfile[0m ⏱  ···· Starting [1m@initialise[0m
[38;2;74;176;245m[1mProfile[0m ⏱  ···· Time elapsed in [1m@initialise[0m: .............................. [1m0.0s[0m
[38;2;74;176;245m[1mProfile[0m ⏱  ···· Starting [1m@initialise_backend[0m
[38;2;74;176;245m[1mProfile[0m ⏱  ······ Starting [1m@configure_tensorflow[0m
[38;2;74;176;245m[1mProfile[0m ⏱  ······ Time elapsed in [1m@configure_tensorflow[0m: ................. [1m13.9s[0m
[38;2;74;176;245m[1mProfile[0m ⏱  ···· Time elapsed in [1m@initialise_backend[0m: ..................... [1m14.8s[0m
{'config': './configs/default.json',
 'devices': 7,
 'folds': 3,
 'gpu': True,
 'input': './input/',
 'jobname': 'classifier-patch.00000010',
 'mode': 'gpu',
 'optimise_adversarial': False,
 'optimise_classifier': True,
 'output': './output/',
 'patches': ['/exports/eddie3_homes_local/s1562020/work/adversarial/optimisation/experiments/classifier/patches/patch.00000010.json'],
 'tensorboard': True,
 'theano': False,
 'train': False,
 'train_adversarial': False,
 'train_classifier': True,
 'verbose': False}
{u'adversary': {u'compile': {},
                u'fit': {},
                u'model': {u'architecture': [{}, {}, {}, {}],
                           u'default': {u'activation': u'relu',
                                        u'units': 64},
                           u'gmm_components': 5}},
 u'classifier': {u'compile': {u'loss': u'binary_crossentropy',
                              u'optimizer': <keras.optimizers.Adam object at 0x2b5cc6ef1310>},
                 u'fit': {u'batch_size': 57344,
                          u'epochs': 50,
                          u'shuffle': True,
                          'verbose': 2},
                 u'model': {u'architecture': [{}, {}],
                            u'default': {u'activation': u'tanh',
                                         u'batchnorm': True,
                                         u'dropout': 0.0,
                                         u'units': 32}}},
 u'combined': {u'compile': {u'loss': [u'binary_crossentropy', None],
                            u'loss_weights': [9.090909090909091e-10, 1.0],
                            u'optimizer': <keras.optimizers.Adam object at 0x2b5cc6ef1350>},
               u'fit': {u'batch_size': 57344,
                        u'epochs': 200,
                        u'shuffle': True,
                        'verbose': 2},
               u'model': {u'lambda_reg': 10.0,
                          u'lr_ratio': 9.090909090909091e-10},
               u'pretrain': 20}}
  TensorFlow version: 1.4.1
[38;2;74;176;245m[1mProfile[0m ⏱  ·· Time elapsed in [1mInitialisation[0m: ............................ [1m14.9s[0m
[38;2;74;176;245m[1mProfile[0m ⏱  ·· Starting [1m@load_data[0m
[38;2;74;176;245m[1mProfile[0m ⏱  ·· Time elapsed in [1m@load_data[0m: ................................ [1m32.5s[0m
[38;2;74;176;245m[1mProfile[0m ⏱  ·· Starting [1m@get_decorrelation_variables[0m
[38;2;74;176;245m[1mProfile[0m ⏱  ·· Time elapsed in [1m@get_decorrelation_variables[0m: ............... [1m0.0s[0m
[38;2;74;176;245m[1mProfile[0m ⏱  ·· Starting [1mClassifier-only fit, cross-validation[0m
[38;2;74;176;245m[1mProfile[0m ⏱  ···· Starting [1mFold 1/3[0m
Train on 1333332 samples, validate on 666668 samples
Epoch 1/50
 - 2s - loss: 0.5111 - val_loss: 0.4419
Epoch 2/50
 - 2s - loss: 0.4028 - val_loss: 0.3999
Epoch 3/50
 - 2s - loss: 0.3820 - val_loss: 0.3924
Epoch 4/50
 - 2s - loss: 0.3765 - val_loss: 0.3874
Epoch 5/50
 - 2s - loss: 0.3730 - val_loss: 0.3907
Epoch 6/50
 - 2s - loss: 0.3702 - val_loss: 0.4063
Epoch 7/50
 - 2s - loss: 0.3696 - val_loss: 0.3897
Epoch 8/50
 - 2s - loss: 0.3659 - val_loss: 0.3885
Epoch 9/50
 - 2s - loss: 0.3644 - val_loss: 0.3927
Epoch 10/50
 - 2s - loss: 0.3647 - val_loss: 0.3946
Epoch 11/50
 - 2s - loss: 0.3640 - val_loss: 0.3740
Epoch 12/50
 - 2s - loss: 0.3627 - val_loss: 0.3690
Epoch 13/50
 - 2s - loss: 0.3612 - val_loss: 0.3790
Epoch 14/50
 - 2s - loss: 0.3607 - val_loss: 0.3702
Epoch 15/50
 - 2s - loss: 0.3600 - val_loss: 0.3777
Epoch 16/50
 - 2s - loss: 0.3600 - val_loss: 0.3954
Epoch 17/50
 - 2s - loss: 0.3600 - val_loss: 0.3603
Epoch 18/50
 - 2s - loss: 0.3578 - val_loss: 0.3695
Epoch 19/50
 - 3s - loss: 0.3575 - val_loss: 0.3902
Epoch 20/50
 - 2s - loss: 0.3594 - val_loss: 0.3637
Epoch 21/50
 - 2s - loss: 0.3573 - val_loss: 0.3985
Epoch 22/50
 - 2s - loss: 0.3578 - val_loss: 0.3677
Epoch 23/50
 - 2s - loss: 0.3578 - val_loss: 0.4062
Epoch 24/50
 - 2s - loss: 0.3592 - val_loss: 0.3794
Epoch 25/50
 - 2s - loss: 0.3581 - val_loss: 0.3670
Epoch 26/50
 - 2s - loss: 0.3560 - val_loss: 0.3683
Epoch 27/50
 - 2s - loss: 0.3546 - val_loss: 0.3680
Epoch 28/50
 - 2s - loss: 0.3556 - val_loss: 0.3813
Epoch 29/50
 - 3s - loss: 0.3554 - val_loss: 0.3659
Epoch 30/50
 - 2s - loss: 0.3550 - val_loss: 0.3773
Epoch 31/50
 - 2s - loss: 0.3541 - val_loss: 0.3641
Epoch 32/50
 - 2s - loss: 0.3565 - val_loss: 0.3861
Epoch 33/50
 - 2s - loss: 0.3560 - val_loss: 0.3817
Epoch 34/50
 - 2s - loss: 0.3548 - val_loss: 0.3745
Epoch 35/50
 - 2s - loss: 0.3544 - val_loss: 0.3656
Epoch 36/50
 - 2s - loss: 0.3555 - val_loss: 0.3710
Epoch 37/50
 - 2s - loss: 0.3536 - val_loss: 0.3811
Epoch 38/50
 - 2s - loss: 0.3538 - val_loss: 0.3655
Epoch 39/50
 - 2s - loss: 0.3536 - val_loss: 0.3801
Epoch 40/50
 - 2s - loss: 0.3541 - val_loss: 0.3615
Epoch 41/50
 - 2s - loss: 0.3536 - val_loss: 0.3770
Epoch 42/50
 - 2s - loss: 0.3535 - val_loss: 0.3751
Epoch 43/50
 - 2s - loss: 0.3531 - val_loss: 0.3814
Epoch 44/50
 - 2s - loss: 0.3535 - val_loss: 0.3780
Epoch 45/50
 - 2s - loss: 0.3527 - val_loss: 0.3633
Epoch 46/50
 - 2s - loss: 0.3531 - val_loss: 0.3804
Epoch 47/50
 - 2s - loss: 0.3525 - val_loss: 0.3760
Epoch 48/50
 - 2s - loss: 0.3541 - val_loss: 0.3658
Epoch 49/50
 - 2s - loss: 0.3543 - val_loss: 0.4002
Epoch 50/50
 - 2s - loss: 0.3547 - val_loss: 0.3624
[38;2;74;176;245m[1mProfile[0m ⏱  ···· Time elapsed in [1mFold 1/3[0m: ............................... [1m118.4s[0m
[38;2;74;176;245m[1mProfile[0m ⏱  ···· Starting [1mFold 2/3[0m
Train on 1333334 samples, validate on 666666 samples
Epoch 1/50
 - 3s - loss: 0.8897 - val_loss: 0.5830
Epoch 2/50
 - 2s - loss: 0.5087 - val_loss: 0.4908
Epoch 3/50
 - 2s - loss: 0.4744 - val_loss: 0.4696
Epoch 4/50
 - 2s - loss: 0.4641 - val_loss: 0.4662
Epoch 5/50
 - 2s - loss: 0.4513 - val_loss: 0.4561
Epoch 6/50
 - 2s - loss: 0.4416 - val_loss: 0.4438
Epoch 7/50
 - 2s - loss: 0.4396 - val_loss: 0.4476
Epoch 8/50
 - 2s - loss: 0.4365 - val_loss: 0.4434
Epoch 9/50
 - 2s - loss: 0.4322 - val_loss: 0.4371
Epoch 10/50
 - 2s - loss: 0.4329 - val_loss: 0.4290
Epoch 11/50
 - 2s - loss: 0.4266 - val_loss: 0.4282
Epoch 12/50
 - 2s - loss: 0.4264 - val_loss: 0.4323
Epoch 13/50
 - 2s - loss: 0.4273 - val_loss: 0.4289
Epoch 14/50
 - 2s - loss: 0.4222 - val_loss: 0.4259
Epoch 15/50
 - 2s - loss: 0.4209 - val_loss: 0.4203
Epoch 16/50
 - 2s - loss: 0.4180 - val_loss: 0.4295
Epoch 17/50
 - 2s - loss: 0.4135 - val_loss: 0.4181
Epoch 18/50
 - 2s - loss: 0.4129 - val_loss: 0.4191
Epoch 19/50
 - 2s - loss: 0.4093 - val_loss: 0.4284
Epoch 20/50
 - 2s - loss: 0.4166 - val_loss: 0.4130
Epoch 21/50
 - 2s - loss: 0.4103 - val_loss: 0.4091
Epoch 22/50
 - 2s - loss: 0.4065 - val_loss: 0.4150
Epoch 23/50
 - 2s - loss: 0.4062 - val_loss: 0.4046
Epoch 24/50
 - 2s - loss: 0.4037 - val_loss: 0.4027
Epoch 25/50
 - 2s - loss: 0.4033 - val_loss: 0.4074
Epoch 26/50
 - 2s - loss: 0.4031 - val_loss: 0.4038
Epoch 27/50
 - 2s - loss: 0.4065 - val_loss: 0.4042
Epoch 28/50
 - 2s - loss: 0.4008 - val_loss: 0.4078
Epoch 29/50
 - 2s - loss: 0.4038 - val_loss: 0.4016
Epoch 30/50
 - 2s - loss: 0.4015 - val_loss: 0.3992
Epoch 31/50
 - 2s - loss: 0.4003 - val_loss: 0.4108
Epoch 32/50
 - 2s - loss: 0.4017 - val_loss: 0.4034
Epoch 33/50
 - 2s - loss: 0.4002 - val_loss: 0.4017
Epoch 34/50
 - 2s - loss: 0.3994 - val_loss: 0.4018
Epoch 35/50
 - 2s - loss: 0.3989 - val_loss: 0.3968
Epoch 36/50
 - 2s - loss: 0.3975 - val_loss: 0.4004
Epoch 37/50
 - 2s - loss: 0.3964 - val_loss: 0.4005
Epoch 38/50
 - 2s - loss: 0.3964 - val_loss: 0.4013
Epoch 39/50
 - 2s - loss: 0.4011 - val_loss: 0.3976
Epoch 40/50
 - 2s - loss: 0.3977 - val_loss: 0.3991
Epoch 41/50
 - 2s - loss: 0.3974 - val_loss: 0.3991
Epoch 42/50
 - 2s - loss: 0.3973 - val_loss: 0.3973
Epoch 43/50
 - 2s - loss: 0.3964 - val_loss: 0.3938
Epoch 44/50
 - 2s - loss: 0.3956 - val_loss: 0.3973
Epoch 45/50
 - 2s - loss: 0.3965 - val_loss: 0.3941
Epoch 46/50
 - 2s - loss: 0.3964 - val_loss: 0.4015
Epoch 47/50
 - 2s - loss: 0.4039 - val_loss: 0.3942
Epoch 48/50
 - 2s - loss: 0.3962 - val_loss: 0.4044
Epoch 49/50
 - 2s - loss: 0.3962 - val_loss: 0.3984
Epoch 50/50
 - 2s - loss: 0.3953 - val_loss: 0.3949
[38;2;74;176;245m[1mProfile[0m ⏱  ···· Time elapsed in [1mFold 2/3[0m: ............................... [1m112.8s[0m
[38;2;74;176;245m[1mProfile[0m ⏱  ···· Starting [1mFold 3/3[0m
Train on 1333334 samples, validate on 666666 samples
Epoch 1/50
 - 3s - loss: 0.8121 - val_loss: 0.6499
Epoch 2/50
 - 2s - loss: 0.5563 - val_loss: 0.4930
Epoch 3/50
 - 2s - loss: 0.4697 - val_loss: 0.4662
Epoch 4/50
 - 2s - loss: 0.4562 - val_loss: 0.4500
Epoch 5/50
 - 3s - loss: 0.4500 - val_loss: 0.4591
Epoch 6/50
 - 3s - loss: 0.4476 - val_loss: 0.4450
Epoch 7/50
 - 2s - loss: 0.4470 - val_loss: 0.4586
Epoch 8/50
 - 2s - loss: 0.4494 - val_loss: 0.4483
Epoch 9/50
 - 2s - loss: 0.4395 - val_loss: 0.4401
Epoch 10/50
 - 2s - loss: 0.4401 - val_loss: 0.4425
Epoch 11/50
 - 2s - loss: 0.4363 - val_loss: 0.4324
Epoch 12/50
 - 2s - loss: 0.4380 - val_loss: 0.4383
Epoch 13/50
 - 2s - loss: 0.4325 - val_loss: 0.4377
Epoch 14/50
 - 2s - loss: 0.4281 - val_loss: 0.4282
Epoch 15/50
 - 2s - loss: 0.4246 - val_loss: 0.4248
Epoch 16/50
 - 2s - loss: 0.4232 - val_loss: 0.4266
Epoch 17/50
 - 2s - loss: 0.4225 - val_loss: 0.4286
Epoch 18/50
 - 2s - loss: 0.4278 - val_loss: 0.4244
Epoch 19/50
 - 2s - loss: 0.4217 - val_loss: 0.4259
Epoch 20/50
 - 2s - loss: 0.4217 - val_loss: 0.4348
Epoch 21/50
 - 2s - loss: 0.4262 - val_loss: 0.4226
Epoch 22/50
 - 2s - loss: 0.4203 - val_loss: 0.4238
Epoch 23/50
 - 2s - loss: 0.4214 - val_loss: 0.4205
Epoch 24/50
 - 2s - loss: 0.4168 - val_loss: 0.4198
Epoch 25/50
 - 2s - loss: 0.4154 - val_loss: 0.4156
Epoch 26/50
 - 2s - loss: 0.4130 - val_loss: 0.4175
Epoch 27/50
 - 2s - loss: 0.4126 - val_loss: 0.4121
Epoch 28/50
 - 2s - loss: 0.4108 - val_loss: 0.4163
Epoch 29/50
 - 2s - loss: 0.4095 - val_loss: 0.4112
Epoch 30/50
 - 2s - loss: 0.4216 - val_loss: 0.4948
Epoch 31/50
 - 2s - loss: 0.4348 - val_loss: 0.4212
Epoch 32/50
 - 2s - loss: 0.4173 - val_loss: 0.4179
Epoch 33/50
 - 2s - loss: 0.4132 - val_loss: 0.4139
Epoch 34/50
 - 2s - loss: 0.4108 - val_loss: 0.4177
Epoch 35/50
 - 2s - loss: 0.4113 - val_loss: 0.4139
Epoch 36/50
 - 2s - loss: 0.4143 - val_loss: 0.4198
Epoch 37/50
 - 2s - loss: 0.4117 - val_loss: 0.4095
Epoch 38/50
 - 2s - loss: 0.4104 - val_loss: 0.4109
Epoch 39/50
 - 2s - loss: 0.4126 - val_loss: 0.4101
Epoch 40/50
 - 2s - loss: 0.4106 - val_loss: 0.4160
Epoch 41/50
 - 2s - loss: 0.4102 - val_loss: 0.4191
Epoch 42/50
 - 2s - loss: 0.4079 - val_loss: 0.4131
Epoch 43/50
 - 2s - loss: 0.4067 - val_loss: 0.4107
Epoch 44/50
 - 2s - loss: 0.4077 - val_loss: 0.4096
Epoch 45/50
 - 2s - loss: 0.4112 - val_loss: 0.4365
Epoch 46/50
 - 2s - loss: 0.4163 - val_loss: 0.4300
Epoch 47/50
 - 2s - loss: 0.4129 - val_loss: 0.4068
Epoch 48/50
 - 2s - loss: 0.4073 - val_loss: 0.4071
Epoch 49/50
 - 2s - loss: 0.4065 - val_loss: 0.4125
Epoch 50/50
 - 2s - loss: 0.4072 - val_loss: 0.4071
Got result 0.407004390035
Completed successfully in 410.79 seconds. [{u'main': 0.4070043900351749}]
[38;2;74;176;245m[1mProfile[0m ⏱  ···· Time elapsed in [1mFold 3/3[0m: ............................... [1m115.1s[0m
[38;2;74;176;245m[1mProfile[0m ⏱  ·· Time elapsed in [1mClassifier-only fit, cross-validation[0m: .... [1m346.9s[0m
[38;2;74;176;245m[1mProfile[0m ⏱  Time elapsed in [1m@main[0m: ....................................... [1m394.6s[0m
cd: Going back to /exports/eddie3_homes_local/s1562020/work/adversarial/optimisation/experiments/classifier
