Job launching after 4.74 seconds in submission.
Running python job.
Changed into dir /exports/eddie3_homes_local/s1562020/work/adversarial/optimisation/experiments/classifier
Importing optimise.py
Running optimise.main()
INFO: Applying patch '/exports/eddie3_homes_local/s1562020/work/adversarial/optimisation/experiments/classifier/patches/patch.00000071.json'
INFO: Found 20 Intel(R) Xeon(R) CPU E5-2630 v4 @ 2.20GHz devices with 10 cores each.
Using TensorFlow backend.
INFO: Scaling classifier/lr -1 -> 0.1
INFO: Scaling classifier/decay -4 -> 0.0001
INFO: Scaling classifier/units 1 -> 2
INFO: Writing TensorBoard logs to 'logs/tensorboard/classifier-patch.00000071/'
INFO: Running '/exports/eddie3_homes_local/s1562020/work/adversarial/run/adversarial/common.pyc'
INFO: Command-line arguments:
INFO: Configuration file contents:
INFO: Python version: 2.7.14
INFO: Numpy  version: 1.12.1
INFO: Keras  version: 2.1.5
INFO: Using keras backend: 'tensorflow'
INFO: Found  1000000 training and  1000249 test samples for signal
INFO: Found  1000000 training and 10000000 test samples for background
INFO: load_data: Selecting only training data.
INFO: Implementing gradient reversal layer in TensorFlow
INFO: Training cross-validation classifiers
Call to main function (#71)
  Parameters: {u'classifier/model/default/units': array([1]), u'classifier/compile/decay': array([-4]), u'classifier/model/default/dropout': array([ 0.20471703]), u'classifier/compile/lr': array([-1]), u'classifier/model/architecture': array([1]), u'classifier/model/default/activation': [u'relu']}
param: classifier/model/default/units
param: classifier/compile/decay
param: classifier/model/default/dropout
param: classifier/compile/lr
param: classifier/model/architecture
param: classifier/model/default/activation
- - - - - - - - - - - - - - - - - - - - - - - - - - - - - - - - - - - - - - - - 
Saving the following patch to '/exports/eddie3_homes_local/s1562020/work/adversarial/optimisation/experiments/classifier/patches/patch.00000071.json':
{u'classifier': {u'compile': {u'lr': -1, u'decay': -4}, u'model': {u'default': {u'units': 1, u'dropout': 0.20471702948981632, u'activation': u'relu'}, u'architecture': 1}, 'fit': {'epochs': 50, 'batch_size': 8192}}}
- - - - - - - - - - - - - - - - - - - - - - - - - - - - - - - - - - - - - - - - 
cd: Going to /exports/eddie3_homes_local/s1562020/work/adversarial/
[38;2;74;176;245m[1mProfile[0m ⏱  Starting [1m@main[0m
[38;2;74;176;245m[1mProfile[0m ⏱  ·· Starting [1mInitialisation[0m
[38;2;74;176;245m[1mProfile[0m ⏱  ···· Starting [1m@initialise[0m
[38;2;74;176;245m[1mProfile[0m ⏱  ···· Time elapsed in [1m@initialise[0m: .............................. [1m0.0s[0m
[38;2;74;176;245m[1mProfile[0m ⏱  ···· Starting [1m@initialise_backend[0m
[38;2;74;176;245m[1mProfile[0m ⏱  ······ Starting [1m@configure_tensorflow[0m
[38;2;74;176;245m[1mProfile[0m ⏱  ······ Time elapsed in [1m@configure_tensorflow[0m: ................. [1m15.7s[0m
[38;2;74;176;245m[1mProfile[0m ⏱  ···· Time elapsed in [1m@initialise_backend[0m: ..................... [1m17.0s[0m
{'config': './configs/default.json',
 'devices': 7,
 'folds': 3,
 'gpu': True,
 'input': './input/',
 'jobname': 'classifier-patch.00000071',
 'mode': 'gpu',
 'optimise_adversarial': False,
 'optimise_classifier': True,
 'output': './output/',
 'patches': ['/exports/eddie3_homes_local/s1562020/work/adversarial/optimisation/experiments/classifier/patches/patch.00000071.json'],
 'tensorboard': True,
 'theano': False,
 'train': False,
 'train_adversarial': False,
 'train_classifier': True,
 'verbose': False}
{u'adversary': {u'compile': {},
                u'fit': {},
                u'model': {u'architecture': [{}, {}, {}, {}],
                           u'default': {u'activation': u'relu',
                                        u'units': 64},
                           u'gmm_components': 5}},
 u'classifier': {u'compile': {u'loss': u'binary_crossentropy',
                              u'optimizer': <keras.optimizers.Adam object at 0x2b50b350d310>},
                 u'fit': {u'batch_size': 57344,
                          u'epochs': 50,
                          u'shuffle': True,
                          'verbose': 2},
                 u'model': {u'architecture': [{}],
                            u'default': {u'activation': u'relu',
                                         u'batchnorm': True,
                                         u'dropout': 0.20471702948981632,
                                         u'units': 2}}},
 u'combined': {u'compile': {u'loss': [u'binary_crossentropy', None],
                            u'loss_weights': [1.8181818181818182e-09, 1.0],
                            u'optimizer': <keras.optimizers.Adam object at 0x2b50b350d350>},
               u'fit': {u'batch_size': 57344,
                        u'epochs': 500,
                        u'shuffle': True,
                        'verbose': 2},
               u'model': {u'lambda_reg': 10.0,
                          u'lr_ratio': 1.8181818181818182e-09},
               u'pretrain': 10}}
  TensorFlow version: 1.4.1
[38;2;74;176;245m[1mProfile[0m ⏱  ·· Time elapsed in [1mInitialisation[0m: ............................ [1m17.2s[0m
[38;2;74;176;245m[1mProfile[0m ⏱  ·· Starting [1m@load_data[0m
[38;2;74;176;245m[1mProfile[0m ⏱  ·· Time elapsed in [1m@load_data[0m: ................................ [1m37.5s[0m
[38;2;74;176;245m[1mProfile[0m ⏱  ·· Starting [1m@get_decorrelation_variables[0m
[38;2;74;176;245m[1mProfile[0m ⏱  ·· Time elapsed in [1m@get_decorrelation_variables[0m: ............... [1m0.0s[0m
[38;2;74;176;245m[1mProfile[0m ⏱  ·· Starting [1mClassifier-only fit, cross-validation[0m
[38;2;74;176;245m[1mProfile[0m ⏱  ···· Starting [1mFold 1/3[0m
Train on 1333332 samples, validate on 666668 samples
Epoch 1/50
 - 2s - loss: 0.5681 - val_loss: 0.4849
Epoch 2/50
 - 2s - loss: 0.5216 - val_loss: 0.4960
Epoch 3/50
 - 2s - loss: 0.5197 - val_loss: 0.4842
Epoch 4/50
 - 2s - loss: 0.5189 - val_loss: 0.4852
Epoch 5/50
 - 2s - loss: 0.5203 - val_loss: 0.4820
Epoch 6/50
 - 2s - loss: 0.5186 - val_loss: 0.4887
Epoch 7/50
 - 2s - loss: 0.5185 - val_loss: 0.4846
Epoch 8/50
 - 2s - loss: 0.5188 - val_loss: 0.4911
Epoch 9/50
 - 2s - loss: 0.5187 - val_loss: 0.4856
Epoch 10/50
 - 2s - loss: 0.5180 - val_loss: 0.4829
Epoch 11/50
 - 2s - loss: 0.5187 - val_loss: 0.4859
Epoch 12/50
 - 1s - loss: 0.5184 - val_loss: 0.4839
Epoch 13/50
 - 3s - loss: 0.5186 - val_loss: 0.4833
Epoch 14/50
 - 2s - loss: 0.5193 - val_loss: 0.4886
Epoch 15/50
 - 2s - loss: 0.5202 - val_loss: 0.4923
Epoch 16/50
 - 1s - loss: 0.5186 - val_loss: 0.4855
Epoch 17/50
 - 1s - loss: 0.5184 - val_loss: 0.4830
Epoch 18/50
 - 1s - loss: 0.5182 - val_loss: 0.4834
Epoch 19/50
 - 2s - loss: 0.5187 - val_loss: 0.4849
Epoch 20/50
 - 1s - loss: 0.5185 - val_loss: 0.4785
Epoch 21/50
 - 1s - loss: 0.5201 - val_loss: 0.4834
Epoch 22/50
 - 2s - loss: 0.5181 - val_loss: 0.4817
Epoch 23/50
 - 1s - loss: 0.5198 - val_loss: 0.4805
Epoch 24/50
 - 1s - loss: 0.5191 - val_loss: 0.4835
Epoch 25/50
 - 1s - loss: 0.5194 - val_loss: 0.4901
Epoch 26/50
 - 2s - loss: 0.5185 - val_loss: 0.4828
Epoch 27/50
 - 1s - loss: 0.5191 - val_loss: 0.4845
Epoch 28/50
 - 2s - loss: 0.5184 - val_loss: 0.4868
Epoch 29/50
 - 2s - loss: 0.5188 - val_loss: 0.4816
Epoch 30/50
 - 2s - loss: 0.5183 - val_loss: 0.4814
Epoch 31/50
 - 2s - loss: 0.5194 - val_loss: 0.4863
Epoch 32/50
 - 1s - loss: 0.5196 - val_loss: 0.4853
Epoch 33/50
 - 1s - loss: 0.5213 - val_loss: 0.4861
Epoch 34/50
 - 1s - loss: 0.5196 - val_loss: 0.4869
Epoch 35/50
 - 1s - loss: 0.5190 - val_loss: 0.4858
Epoch 36/50
 - 2s - loss: 0.5199 - val_loss: 0.4844
Epoch 37/50
 - 2s - loss: 0.5199 - val_loss: 0.4818
Epoch 38/50
 - 1s - loss: 0.5194 - val_loss: 0.4801
Epoch 39/50
 - 1s - loss: 0.5179 - val_loss: 0.4872
Epoch 40/50
 - 1s - loss: 0.5194 - val_loss: 0.4867
Epoch 41/50
 - 1s - loss: 0.5194 - val_loss: 0.4856
Epoch 42/50
 - 2s - loss: 0.5186 - val_loss: 0.4878
Epoch 43/50
 - 2s - loss: 0.5192 - val_loss: 0.4833
Epoch 44/50
 - 1s - loss: 0.5190 - val_loss: 0.4884
Epoch 45/50
 - 1s - loss: 0.5184 - val_loss: 0.4858
Epoch 46/50
 - 1s - loss: 0.5189 - val_loss: 0.4826
Epoch 47/50
 - 2s - loss: 0.5189 - val_loss: 0.4903
Epoch 48/50
 - 1s - loss: 0.5185 - val_loss: 0.4890
Epoch 49/50
 - 1s - loss: 0.5184 - val_loss: 0.4804
Epoch 50/50
 - 1s - loss: 0.5196 - val_loss: 0.4827
[38;2;74;176;245m[1mProfile[0m ⏱  ···· Time elapsed in [1mFold 1/3[0m: ............................... [1m104.1s[0m
[38;2;74;176;245m[1mProfile[0m ⏱  ···· Starting [1mFold 2/3[0m
Train on 1333334 samples, validate on 666666 samples
Epoch 1/50
 - 2s - loss: 0.5551 - val_loss: 0.4776
Epoch 2/50
 - 2s - loss: 0.5170 - val_loss: 0.4786
Epoch 3/50
 - 1s - loss: 0.5119 - val_loss: 0.4825
Epoch 4/50
 - 1s - loss: 0.5107 - val_loss: 0.4748
Epoch 5/50
 - 1s - loss: 0.5118 - val_loss: 0.4780
Epoch 6/50
 - 2s - loss: 0.5121 - val_loss: 0.4694
Epoch 7/50
 - 1s - loss: 0.5116 - val_loss: 0.4781
Epoch 8/50
 - 1s - loss: 0.5121 - val_loss: 0.4842
Epoch 9/50
 - 2s - loss: 0.5118 - val_loss: 0.4785
Epoch 10/50
 - 1s - loss: 0.5109 - val_loss: 0.4719
Epoch 11/50
 - 1s - loss: 0.5107 - val_loss: 0.4822
Epoch 12/50
 - 1s - loss: 0.5115 - val_loss: 0.4745
Epoch 13/50
 - 1s - loss: 0.5122 - val_loss: 0.4756
Epoch 14/50
 - 1s - loss: 0.5124 - val_loss: 0.4732
Epoch 15/50
 - 1s - loss: 0.5111 - val_loss: 0.4754
Epoch 16/50
 - 1s - loss: 0.5110 - val_loss: 0.4751
Epoch 17/50
 - 1s - loss: 0.5105 - val_loss: 0.4809
Epoch 18/50
 - 2s - loss: 0.5112 - val_loss: 0.4723
Epoch 19/50
 - 1s - loss: 0.5115 - val_loss: 0.4871
Epoch 20/50
 - 1s - loss: 0.5114 - val_loss: 0.4807
Epoch 21/50
 - 1s - loss: 0.5113 - val_loss: 0.4668
Epoch 22/50
 - 2s - loss: 0.5116 - val_loss: 0.4777
Epoch 23/50
 - 2s - loss: 0.5109 - val_loss: 0.4702
Epoch 24/50
 - 2s - loss: 0.5114 - val_loss: 0.4810
Epoch 25/50
 - 2s - loss: 0.5108 - val_loss: 0.4801
Epoch 26/50
 - 2s - loss: 0.5111 - val_loss: 0.4725
Epoch 27/50
 - 2s - loss: 0.5112 - val_loss: 0.4730
Epoch 28/50
 - 2s - loss: 0.5111 - val_loss: 0.4721
Epoch 29/50
 - 2s - loss: 0.5114 - val_loss: 0.4664
Epoch 30/50
 - 1s - loss: 0.5106 - val_loss: 0.4747
Epoch 31/50
 - 2s - loss: 0.5119 - val_loss: 0.4754
Epoch 32/50
 - 2s - loss: 0.5126 - val_loss: 0.4803
Epoch 33/50
 - 1s - loss: 0.5115 - val_loss: 0.4807
Epoch 34/50
 - 2s - loss: 0.5113 - val_loss: 0.4842
Epoch 35/50
 - 2s - loss: 0.5115 - val_loss: 0.4775
Epoch 36/50
 - 2s - loss: 0.5115 - val_loss: 0.4738
Epoch 37/50
 - 2s - loss: 0.5111 - val_loss: 0.4708
Epoch 38/50
 - 2s - loss: 0.5112 - val_loss: 0.4780
Epoch 39/50
 - 2s - loss: 0.5118 - val_loss: 0.4847
Epoch 40/50
 - 2s - loss: 0.5121 - val_loss: 0.4762
Epoch 41/50
 - 2s - loss: 0.5111 - val_loss: 0.4853
Epoch 42/50
 - 2s - loss: 0.5124 - val_loss: 0.4862
Epoch 43/50
 - 2s - loss: 0.5122 - val_loss: 0.4791
Epoch 44/50
 - 2s - loss: 0.5114 - val_loss: 0.4807
Epoch 45/50
 - 2s - loss: 0.5121 - val_loss: 0.4812
Epoch 46/50
 - 2s - loss: 0.5120 - val_loss: 0.4757
Epoch 47/50
 - 2s - loss: 0.5116 - val_loss: 0.4772
Epoch 48/50
 - 1s - loss: 0.5113 - val_loss: 0.4722
Epoch 49/50
 - 2s - loss: 0.5119 - val_loss: 0.4769
Epoch 50/50
 - 1s - loss: 0.5110 - val_loss: 0.4778
[38;2;74;176;245m[1mProfile[0m ⏱  ···· Time elapsed in [1mFold 2/3[0m: ................................ [1m83.5s[0m
[38;2;74;176;245m[1mProfile[0m ⏱  ···· Starting [1mFold 3/3[0m
Train on 1333334 samples, validate on 666666 samples
Epoch 1/50
 - 2s - loss: 0.6246 - val_loss: 0.5592
Epoch 2/50
 - 1s - loss: 0.5558 - val_loss: 0.8513
Epoch 3/50
 - 1s - loss: 0.5311 - val_loss: 0.4887
Epoch 4/50
 - 2s - loss: 0.5209 - val_loss: 0.4969
Epoch 5/50
 - 2s - loss: 0.5214 - val_loss: 0.4893
Epoch 6/50
 - 2s - loss: 0.5198 - val_loss: 0.4862
Epoch 7/50
 - 1s - loss: 0.5193 - val_loss: 0.4850
Epoch 8/50
 - 2s - loss: 0.5187 - val_loss: 0.4841
Epoch 9/50
 - 1s - loss: 0.5189 - val_loss: 0.4876
Epoch 10/50
 - 2s - loss: 0.5192 - val_loss: 0.4922
Epoch 11/50
 - 2s - loss: 0.5205 - val_loss: 0.4828
Epoch 12/50
 - 2s - loss: 0.5187 - val_loss: 0.4872
Epoch 13/50
 - 2s - loss: 0.5192 - val_loss: 0.4893
Epoch 14/50
 - 2s - loss: 0.5198 - val_loss: 0.4959
Epoch 15/50
 - 2s - loss: 0.5197 - val_loss: 0.4846
Epoch 16/50
 - 2s - loss: 0.5191 - val_loss: 0.4822
Epoch 17/50
 - 1s - loss: 0.5191 - val_loss: 0.4876
Epoch 18/50
 - 2s - loss: 0.5191 - val_loss: 0.4824
Epoch 19/50
 - 2s - loss: 0.5195 - val_loss: 0.4866
Epoch 20/50
 - 2s - loss: 0.5192 - val_loss: 0.4799
Epoch 21/50
 - 1s - loss: 0.5194 - val_loss: 0.4841
Epoch 22/50
 - 2s - loss: 0.5180 - val_loss: 0.4848
Epoch 23/50
 - 2s - loss: 0.5192 - val_loss: 0.4873
Epoch 24/50
 - 2s - loss: 0.5186 - val_loss: 0.4842
Epoch 25/50
 - 2s - loss: 0.5179 - val_loss: 0.4836
Epoch 26/50
 - 2s - loss: 0.5190 - val_loss: 0.4876
Epoch 27/50
 - 2s - loss: 0.5192 - val_loss: 0.4798
Epoch 28/50
 - 2s - loss: 0.5189 - val_loss: 0.4899
Epoch 29/50
 - 2s - loss: 0.5189 - val_loss: 0.4839
Epoch 30/50
 - 2s - loss: 0.5189 - val_loss: 0.4810
Epoch 31/50
 - 2s - loss: 0.5183 - val_loss: 0.4808
Epoch 32/50
 - 2s - loss: 0.5198 - val_loss: 0.4855
Epoch 33/50
 - 2s - loss: 0.5198 - val_loss: 0.4931
Epoch 34/50
 - 2s - loss: 0.5194 - val_loss: 0.4836
Epoch 35/50
 - 2s - loss: 0.5196 - val_loss: 0.4811
Epoch 36/50
 - 2s - loss: 0.5189 - val_loss: 0.4857
Epoch 37/50
 - 2s - loss: 0.5202 - val_loss: 0.4841
Epoch 38/50
 - 2s - loss: 0.5188 - val_loss: 0.4849
Epoch 39/50
 - 2s - loss: 0.5196 - val_loss: 0.4873
Epoch 40/50
 - 2s - loss: 0.5199 - val_loss: 0.4857
Epoch 41/50
 - 2s - loss: 0.5186 - val_loss: 0.4856
Epoch 42/50
 - 2s - loss: 0.5190 - val_loss: 0.4857
Epoch 43/50
 - 2s - loss: 0.5190 - val_loss: 0.4843
Epoch 44/50
 - 2s - loss: 0.5184 - val_loss: 0.4828
Epoch 45/50
 - 2s - loss: 0.5182 - val_loss: 0.4788
Epoch 46/50
 - 2s - loss: 0.5194 - val_loss: 0.4867
Epoch 47/50
 - 2s - loss: 0.5190 - val_loss: 0.4828
Epoch 48/50
 - 2s - loss: 0.5194 - val_loss: 0.4869
Epoch 49/50
 - 2s - loss: 0.5197 - val_loss: 0.4861
Epoch 50/50
 - 2s - loss: 0.5193 - val_loss: 0.4832
Got result 0.483690706656
Completed successfully in 361.33 seconds. [{u'main': 0.4836907066560745}]
[38;2;74;176;245m[1mProfile[0m ⏱  ···· Time elapsed in [1mFold 3/3[0m: ................................ [1m94.4s[0m
[38;2;74;176;245m[1mProfile[0m ⏱  ·· Time elapsed in [1mClassifier-only fit, cross-validation[0m: .... [1m282.7s[0m
[38;2;74;176;245m[1mProfile[0m ⏱  Time elapsed in [1m@main[0m: ....................................... [1m337.7s[0m
cd: Going back to /exports/eddie3_homes_local/s1562020/work/adversarial/optimisation/experiments/classifier
