Job launching after 5.42 seconds in submission.
Running python job.
Changed into dir /exports/eddie3_homes_local/s1562020/work/adversarial/optimisation/experiments/classifier
Importing optimise.py
Running optimise.main()
INFO: Applying patch '/exports/eddie3_homes_local/s1562020/work/adversarial/optimisation/experiments/classifier/patches/patch.00000041.json'
INFO: Found 20 Intel(R) Xeon(R) CPU E5-2630 v4 @ 2.20GHz devices with 10 cores each.
Using TensorFlow backend.
INFO: Scaling classifier/lr -1 -> 0.1
INFO: Scaling classifier/decay -2 -> 0.01
INFO: Scaling classifier/units 9 -> 512
INFO: Writing TensorBoard logs to 'logs/tensorboard/classifier-patch.00000041/'
INFO: Running '/exports/eddie3_homes_local/s1562020/work/adversarial/run/adversarial/common.pyc'
INFO: Command-line arguments:
INFO: Configuration file contents:
INFO: Python version: 2.7.14
INFO: Numpy  version: 1.12.1
INFO: Keras  version: 2.1.5
INFO: Using keras backend: 'tensorflow'
INFO: Found  1000000 training and  1000249 test samples for signal
INFO: Found  1000000 training and 10000000 test samples for background
INFO: load_data: Selecting only training data.
INFO: Implementing gradient reversal layer in TensorFlow
INFO: Training cross-validation classifiers
Call to main function (#41)
  Parameters: {u'classifier/model/default/units': array([9]), u'classifier/compile/decay': array([-2]), u'classifier/model/default/dropout': array([ 0.]), u'classifier/compile/lr': array([-1]), u'classifier/model/architecture': array([6]), u'classifier/model/default/activation': [u'relu']}
param: classifier/model/default/units
param: classifier/compile/decay
param: classifier/model/default/dropout
param: classifier/compile/lr
param: classifier/model/architecture
param: classifier/model/default/activation
- - - - - - - - - - - - - - - - - - - - - - - - - - - - - - - - - - - - - - - - 
Saving the following patch to '/exports/eddie3_homes_local/s1562020/work/adversarial/optimisation/experiments/classifier/patches/patch.00000041.json':
{u'classifier': {u'compile': {u'lr': -1, u'decay': -2}, u'model': {u'default': {u'units': 9, u'dropout': 0.0, u'activation': u'relu'}, u'architecture': 6}, 'fit': {'epochs': 50, 'batch_size': 8192}}}
- - - - - - - - - - - - - - - - - - - - - - - - - - - - - - - - - - - - - - - - 
cd: Going to /exports/eddie3_homes_local/s1562020/work/adversarial/
[38;2;74;176;245m[1mProfile[0m ⏱  Starting [1m@main[0m
[38;2;74;176;245m[1mProfile[0m ⏱  ·· Starting [1mInitialisation[0m
[38;2;74;176;245m[1mProfile[0m ⏱  ···· Starting [1m@initialise[0m
[38;2;74;176;245m[1mProfile[0m ⏱  ···· Time elapsed in [1m@initialise[0m: .............................. [1m0.0s[0m
[38;2;74;176;245m[1mProfile[0m ⏱  ···· Starting [1m@initialise_backend[0m
[38;2;74;176;245m[1mProfile[0m ⏱  ······ Starting [1m@configure_tensorflow[0m
[38;2;74;176;245m[1mProfile[0m ⏱  ······ Time elapsed in [1m@configure_tensorflow[0m: ................. [1m19.9s[0m
[38;2;74;176;245m[1mProfile[0m ⏱  ···· Time elapsed in [1m@initialise_backend[0m: ..................... [1m20.9s[0m
{'config': './configs/default.json',
 'devices': 7,
 'folds': 3,
 'gpu': True,
 'input': './input/',
 'jobname': 'classifier-patch.00000041',
 'mode': 'gpu',
 'optimise_adversarial': False,
 'optimise_classifier': True,
 'output': './output/',
 'patches': ['/exports/eddie3_homes_local/s1562020/work/adversarial/optimisation/experiments/classifier/patches/patch.00000041.json'],
 'tensorboard': True,
 'theano': False,
 'train': False,
 'train_adversarial': False,
 'train_classifier': True,
 'verbose': False}
{u'adversary': {u'compile': {},
                u'fit': {},
                u'model': {u'architecture': [{}, {}, {}, {}],
                           u'default': {u'activation': u'relu',
                                        u'units': 64},
                           u'gmm_components': 5}},
 u'classifier': {u'compile': {u'loss': u'binary_crossentropy',
                              u'optimizer': <keras.optimizers.Adam object at 0x2ba377926310>},
                 u'fit': {u'batch_size': 57344,
                          u'epochs': 50,
                          u'shuffle': True,
                          'verbose': 2},
                 u'model': {u'architecture': [{}, {}, {}, {}, {}, {}],
                            u'default': {u'activation': u'relu',
                                         u'batchnorm': True,
                                         u'dropout': 0.0,
                                         u'units': 512}}},
 u'combined': {u'compile': {u'loss': [u'binary_crossentropy', None],
                            u'loss_weights': [4.545454545454545e-09, 1.0],
                            u'optimizer': <keras.optimizers.Adam object at 0x2ba377926350>},
               u'fit': {u'batch_size': 57344,
                        u'epochs': 100,
                        u'shuffle': True,
                        'verbose': 2},
               u'model': {u'lambda_reg': 10.0,
                          u'lr_ratio': 4.545454545454545e-09},
               u'pretrain': 10}}
  TensorFlow version: 1.4.1
[38;2;74;176;245m[1mProfile[0m ⏱  ·· Time elapsed in [1mInitialisation[0m: ............................ [1m21.1s[0m
[38;2;74;176;245m[1mProfile[0m ⏱  ·· Starting [1m@load_data[0m
[38;2;74;176;245m[1mProfile[0m ⏱  ·· Time elapsed in [1m@load_data[0m: ................................ [1m34.6s[0m
[38;2;74;176;245m[1mProfile[0m ⏱  ·· Starting [1m@get_decorrelation_variables[0m
[38;2;74;176;245m[1mProfile[0m ⏱  ·· Time elapsed in [1m@get_decorrelation_variables[0m: ............... [1m0.0s[0m
[38;2;74;176;245m[1mProfile[0m ⏱  ·· Starting [1mClassifier-only fit, cross-validation[0m
[38;2;74;176;245m[1mProfile[0m ⏱  ···· Starting [1mFold 1/3[0m
Train on 1333332 samples, validate on 666668 samples
Epoch 1/50
 - 11s - loss: 4.1477 - val_loss: 3.4736
Epoch 2/50
 - 9s - loss: 3.5051 - val_loss: 3.4106
Epoch 3/50
 - 10s - loss: 3.6114 - val_loss: 3.2691
Epoch 4/50
 - 10s - loss: 3.4665 - val_loss: 3.8491
Epoch 5/50
 - 10s - loss: 3.4318 - val_loss: 3.2335
Epoch 6/50
 - 10s - loss: 3.4507 - val_loss: 3.9114
Epoch 7/50
 - 10s - loss: 3.3548 - val_loss: 3.4538
Epoch 8/50
 - 10s - loss: 3.2272 - val_loss: 3.2448
Epoch 9/50
 - 10s - loss: 3.2621 - val_loss: 3.3413
Epoch 10/50
 - 11s - loss: 3.2688 - val_loss: 3.2678
Epoch 11/50
 - 10s - loss: 3.2497 - val_loss: 3.3530
Epoch 12/50
 - 11s - loss: 3.2983 - val_loss: 3.3419
Epoch 13/50
 - 10s - loss: 3.2227 - val_loss: 3.1623
Epoch 14/50
 - 10s - loss: 3.1317 - val_loss: 3.8370
Epoch 15/50
 - 10s - loss: 3.1411 - val_loss: 3.0456
Epoch 16/50
 - 10s - loss: 3.1397 - val_loss: 3.7713
Epoch 17/50
 - 10s - loss: 3.1633 - val_loss: 3.1573
Epoch 18/50
 - 9s - loss: 3.0537 - val_loss: 3.0616
Epoch 19/50
 - 8s - loss: 3.0199 - val_loss: 3.1264
Epoch 20/50
 - 9s - loss: 3.0038 - val_loss: 3.0282
Epoch 21/50
 - 8s - loss: 3.0117 - val_loss: 7.9742
Epoch 22/50
 - 9s - loss: 3.0408 - val_loss: 3.2296
Epoch 23/50
 - 9s - loss: 3.0018 - val_loss: 3.0083
Epoch 24/50
 - 9s - loss: 2.9804 - val_loss: 3.0799
Epoch 25/50
 - 9s - loss: 3.0558 - val_loss: 3.1677
Epoch 26/50
 - 9s - loss: 2.9899 - val_loss: 3.0362
Epoch 27/50
 - 9s - loss: 2.9786 - val_loss: 3.3254
Epoch 28/50
 - 9s - loss: 3.1202 - val_loss: 3.0252
Epoch 29/50
 - 9s - loss: 2.9578 - val_loss: 3.0247
Epoch 30/50
 - 9s - loss: 2.9565 - val_loss: 3.0895
Epoch 31/50
 - 8s - loss: 2.9442 - val_loss: 2.9880
Epoch 32/50
 - 9s - loss: 2.9803 - val_loss: 3.5055
Epoch 33/50
 - 9s - loss: 3.1793 - val_loss: 3.5866
Epoch 34/50
 - 9s - loss: 3.1941 - val_loss: 3.2615
Epoch 35/50
 - 9s - loss: 3.1051 - val_loss: 3.2031
Epoch 36/50
 - 9s - loss: 2.9762 - val_loss: 2.8876
Epoch 37/50
 - 11s - loss: 2.8881 - val_loss: 2.9335
Epoch 38/50
 - 10s - loss: 2.9070 - val_loss: 2.9611
Epoch 39/50
 - 9s - loss: 2.9545 - val_loss: 2.9692
Epoch 40/50
 - 8s - loss: 2.9523 - val_loss: 2.9406
Epoch 41/50
 - 8s - loss: 2.9163 - val_loss: 2.9269
Epoch 42/50
 - 8s - loss: 2.9336 - val_loss: 3.1305
Epoch 43/50
 - 7s - loss: 3.0192 - val_loss: 3.2702
Epoch 44/50
 - 7s - loss: 2.9820 - val_loss: 3.0238
Epoch 45/50
 - 9s - loss: 2.8997 - val_loss: 2.8813
Epoch 46/50
 - 9s - loss: 2.9154 - val_loss: 3.0368
Epoch 47/50
 - 9s - loss: 2.9717 - val_loss: 3.0872
Epoch 48/50
 - 9s - loss: 3.0238 - val_loss: 3.0954
Epoch 49/50
 - 9s - loss: 3.0896 - val_loss: 2.9607
Epoch 50/50
 - 8s - loss: 2.9230 - val_loss: 2.9609
[38;2;74;176;245m[1mProfile[0m ⏱  ···· Time elapsed in [1mFold 1/3[0m: ............................... [1m513.5s[0m
[38;2;74;176;245m[1mProfile[0m ⏱  ···· Starting [1mFold 2/3[0m
Train on 1333334 samples, validate on 666666 samples
Epoch 1/50
 - 10s - loss: 2.4113 - val_loss: 7.2714
Epoch 2/50
 - 9s - loss: 0.6688 - val_loss: 0.8299
Epoch 3/50
 - 9s - loss: 0.6144 - val_loss: 0.6595
Epoch 4/50
 - 10s - loss: 0.5941 - val_loss: 0.9397
Epoch 5/50
 - 10s - loss: 0.5678 - val_loss: 0.7598
Epoch 6/50
 - 11s - loss: 0.5515 - val_loss: 0.7620
Epoch 7/50
 - 11s - loss: 0.5437 - val_loss: 0.7224
Epoch 8/50
 - 11s - loss: 0.5397 - val_loss: 0.7038
Epoch 9/50
 - 10s - loss: 0.5375 - val_loss: 0.6921
Epoch 10/50
 - 10s - loss: 0.5354 - val_loss: 0.6845
Epoch 11/50
 - 10s - loss: 0.5337 - val_loss: 0.6528
Epoch 12/50
 - 10s - loss: 0.5336 - val_loss: 0.6056
Epoch 13/50
 - 11s - loss: 0.5337 - val_loss: 0.6352
Epoch 14/50
 - 11s - loss: 0.5325 - val_loss: 0.5841
Epoch 15/50
 - 11s - loss: 0.5316 - val_loss: 0.5902
Epoch 16/50
 - 11s - loss: 0.5311 - val_loss: 0.5887
Epoch 17/50
 - 11s - loss: 0.5297 - val_loss: 0.5695
Epoch 18/50
 - 10s - loss: 0.5294 - val_loss: 0.5614
Epoch 19/50
 - 11s - loss: 0.5294 - val_loss: 0.5765
Epoch 20/50
 - 10s - loss: 0.5283 - val_loss: 0.5752
Epoch 21/50
 - 11s - loss: 0.5279 - val_loss: 0.5692
Epoch 22/50
 - 10s - loss: 0.5275 - val_loss: 0.5760
Epoch 23/50
 - 11s - loss: 0.5275 - val_loss: 0.5554
Epoch 24/50
 - 10s - loss: 0.5268 - val_loss: 0.5534
Epoch 25/50
 - 10s - loss: 0.5265 - val_loss: 0.5690
Epoch 26/50
 - 9s - loss: 0.5259 - val_loss: 0.5442
Epoch 27/50
 - 9s - loss: 0.5258 - val_loss: 0.5578
Epoch 28/50
 - 9s - loss: 0.5257 - val_loss: 0.5475
Epoch 29/50
 - 10s - loss: 0.5252 - val_loss: 0.5639
Epoch 30/50
 - 11s - loss: 0.5252 - val_loss: 0.5646
Epoch 31/50
 - 10s - loss: 0.5250 - val_loss: 0.5501
Epoch 32/50
 - 9s - loss: 0.5243 - val_loss: 0.5374
Epoch 33/50
 - 9s - loss: 0.5248 - val_loss: 0.5429
Epoch 34/50
 - 9s - loss: 0.5248 - val_loss: 8.0482
Epoch 35/50
 - 9s - loss: 0.5238 - val_loss: 0.5451
Epoch 36/50
 - 9s - loss: 0.5247 - val_loss: 0.5298
Epoch 37/50
 - 9s - loss: 0.5240 - val_loss: 0.5318
Epoch 38/50
 - 9s - loss: 0.5237 - val_loss: 0.5296
Epoch 39/50
 - 9s - loss: 0.5229 - val_loss: 0.5305
Epoch 40/50
 - 9s - loss: 0.5225 - val_loss: 0.5315
Epoch 41/50
 - 9s - loss: 0.5224 - val_loss: 0.5381
Epoch 42/50
 - 9s - loss: 0.5223 - val_loss: 0.5303
Epoch 43/50
 - 10s - loss: 0.5219 - val_loss: 0.5331
Epoch 44/50
 - 9s - loss: 0.5219 - val_loss: 0.5231
Epoch 45/50
 - 9s - loss: 0.5221 - val_loss: 0.5323
Epoch 46/50
 - 10s - loss: 0.5218 - val_loss: 0.5294
Epoch 47/50
 - 9s - loss: 0.5214 - val_loss: 0.5313
Epoch 48/50
 - 9s - loss: 0.5216 - val_loss: 0.5253
Epoch 49/50
 - 10s - loss: 0.5214 - val_loss: 0.5276
Epoch 50/50
 - 10s - loss: 0.5211 - val_loss: 0.5261
[38;2;74;176;245m[1mProfile[0m ⏱  ···· Time elapsed in [1mFold 2/3[0m: ............................... [1m526.0s[0m
[38;2;74;176;245m[1mProfile[0m ⏱  ···· Starting [1mFold 3/3[0m
Train on 1333334 samples, validate on 666666 samples
Epoch 1/50
 - 9s - loss: 2.2011 - val_loss: 3.3908
Epoch 2/50
 - 6s - loss: 0.7355 - val_loss: 1.6678
Epoch 3/50
 - 7s - loss: 0.6338 - val_loss: 1.6322
Epoch 4/50
 - 7s - loss: 0.6197 - val_loss: 0.7587
Epoch 5/50
 - 8s - loss: 0.5829 - val_loss: 0.8043
Epoch 6/50
 - 7s - loss: 0.5593 - val_loss: 0.8756
Epoch 7/50
 - 8s - loss: 0.5468 - val_loss: 0.7522
Epoch 8/50
 - 7s - loss: 0.5414 - val_loss: 0.7068
Epoch 9/50
 - 8s - loss: 0.5385 - val_loss: 0.6497
Epoch 10/50
 - 8s - loss: 0.5377 - val_loss: 0.6042
Epoch 11/50
 - 7s - loss: 0.5482 - val_loss: 0.6131
Epoch 12/50
 - 8s - loss: 0.5367 - val_loss: 0.6120
Epoch 13/50
 - 7s - loss: 0.5323 - val_loss: 0.5898
Epoch 14/50
 - 8s - loss: 0.5314 - val_loss: 0.5721
Epoch 15/50
 - 6s - loss: 0.5305 - val_loss: 0.5656
Epoch 16/50
 - 6s - loss: 0.5299 - val_loss: 0.5603
Epoch 17/50
 - 7s - loss: 0.5293 - val_loss: 0.5583
Epoch 18/50
 - 6s - loss: 0.5276 - val_loss: 0.5445
Epoch 19/50
 - 6s - loss: 0.5273 - val_loss: 0.5570
Epoch 20/50
 - 8s - loss: 0.5273 - val_loss: 0.5444
Epoch 21/50
 - 8s - loss: 0.5277 - val_loss: 0.5381
Epoch 22/50
 - 8s - loss: 0.5262 - val_loss: 0.5373
Epoch 23/50
 - 8s - loss: 0.5263 - val_loss: 0.5488
Epoch 24/50
 - 8s - loss: 0.5249 - val_loss: 0.5376
Epoch 25/50
 - 8s - loss: 0.5258 - val_loss: 0.5362
Epoch 26/50
 - 8s - loss: 0.5261 - val_loss: 0.5415
Epoch 27/50
 - 8s - loss: 0.5251 - val_loss: 0.5617
Epoch 28/50
 - 8s - loss: 0.5246 - val_loss: 0.5356
Epoch 29/50
 - 7s - loss: 0.5235 - val_loss: 0.5435
Epoch 30/50
 - 8s - loss: 0.5236 - val_loss: 0.5331
Epoch 31/50
 - 8s - loss: 0.5235 - val_loss: 0.5325
Epoch 32/50
 - 8s - loss: 0.5234 - val_loss: 0.5353
Epoch 33/50
 - 8s - loss: 0.5226 - val_loss: 0.5376
Epoch 34/50
 - 8s - loss: 0.5221 - val_loss: 0.5430
Epoch 35/50
 - 8s - loss: 0.5225 - val_loss: 0.5412
Epoch 36/50
 - 7s - loss: 0.5220 - val_loss: 0.5369
Epoch 37/50
 - 8s - loss: 0.5368 - val_loss: 0.6048
Epoch 38/50
 - 7s - loss: 0.5295 - val_loss: 0.5500
Epoch 39/50
 - 8s - loss: 0.5257 - val_loss: 0.5357
Epoch 40/50
 - 8s - loss: 0.5244 - val_loss: 0.5335
Epoch 41/50
 - 7s - loss: 0.5230 - val_loss: 0.5306
Epoch 42/50
 - 8s - loss: 0.5230 - val_loss: 0.5331
Epoch 43/50
 - 7s - loss: 0.5223 - val_loss: 0.5308
Epoch 44/50
 - 8s - loss: 0.5214 - val_loss: 0.5411
Epoch 45/50
 - 7s - loss: 0.5217 - val_loss: 0.5397
Epoch 46/50
 - 7s - loss: 0.5211 - val_loss: 0.5476
Epoch 47/50
 - 8s - loss: 0.5206 - val_loss: 0.5345
Epoch 48/50
 - 7s - loss: 0.5202 - val_loss: 0.5299
Epoch 49/50
 - 7s - loss: 0.5203 - val_loss: 0.5527
Epoch 50/50
 - 7s - loss: 0.5209 - val_loss: 0.5371
Got result 2.48659812256
Completed successfully in 1537.55 seconds. [{u'main': 2.486598122564487}]
[38;2;74;176;245m[1mProfile[0m ⏱  ···· Time elapsed in [1mFold 3/3[0m: ............................... [1m415.1s[0m
[38;2;74;176;245m[1mProfile[0m ⏱  ·· Time elapsed in [1mClassifier-only fit, cross-validation[0m: ... [1m1455.2s[0m
[38;2;74;176;245m[1mProfile[0m ⏱  Time elapsed in [1m@main[0m: ...................................... [1m1511.3s[0m
cd: Going back to /exports/eddie3_homes_local/s1562020/work/adversarial/optimisation/experiments/classifier
