Job launching after 4.51 seconds in submission.
Running python job.
Changed into dir /exports/eddie3_homes_local/s1562020/work/adversarial/optimisation/experiments/classifier
Importing optimise.py
Running optimise.main()
INFO: Applying patch '/exports/eddie3_homes_local/s1562020/work/adversarial/optimisation/experiments/classifier/patches/patch.00000104.json'
INFO: Found 20 Intel(R) Xeon(R) CPU E5-2630 v4 @ 2.20GHz devices with 10 cores each.
Using TensorFlow backend.
INFO: Scaling classifier/lr -5 -> 1e-05
INFO: Scaling classifier/decay -6 -> 1e-06
INFO: Scaling classifier/units 9 -> 512
INFO: Writing TensorBoard logs to 'logs/tensorboard/classifier-patch.00000104/'
INFO: Running '/exports/eddie3_homes_local/s1562020/work/adversarial/run/adversarial/common.pyc'
INFO: Command-line arguments:
INFO: Configuration file contents:
INFO: Python version: 2.7.14
INFO: Numpy  version: 1.12.1
INFO: Keras  version: 2.1.5
INFO: Using keras backend: 'tensorflow'
INFO: Found  1000000 training and  1000249 test samples for signal
INFO: Found  1000000 training and 10000000 test samples for background
INFO: load_data: Selecting only training data.
INFO: Implementing gradient reversal layer in TensorFlow
INFO: Training cross-validation classifiers
Call to main function (#104)
  Parameters: {u'classifier/model/default/units': array([9]), u'classifier/compile/decay': array([-6]), u'classifier/model/default/dropout': array([ 0.47051653]), u'classifier/compile/lr': array([-5]), u'classifier/model/architecture': array([1]), u'classifier/model/default/activation': [u'tanh']}
param: classifier/model/default/units
param: classifier/compile/decay
param: classifier/model/default/dropout
param: classifier/compile/lr
param: classifier/model/architecture
param: classifier/model/default/activation
- - - - - - - - - - - - - - - - - - - - - - - - - - - - - - - - - - - - - - - - 
Saving the following patch to '/exports/eddie3_homes_local/s1562020/work/adversarial/optimisation/experiments/classifier/patches/patch.00000104.json':
{u'classifier': {u'compile': {u'lr': -5, u'decay': -6}, u'model': {u'default': {u'units': 9, u'dropout': 0.47051653312719077, u'activation': u'tanh'}, u'architecture': 1}, 'fit': {'epochs': 50, 'batch_size': 8192}}}
- - - - - - - - - - - - - - - - - - - - - - - - - - - - - - - - - - - - - - - - 
cd: Going to /exports/eddie3_homes_local/s1562020/work/adversarial/
[38;2;74;176;245m[1mProfile[0m ⏱  Starting [1m@main[0m
[38;2;74;176;245m[1mProfile[0m ⏱  ·· Starting [1mInitialisation[0m
[38;2;74;176;245m[1mProfile[0m ⏱  ···· Starting [1m@initialise[0m
[38;2;74;176;245m[1mProfile[0m ⏱  ···· Time elapsed in [1m@initialise[0m: .............................. [1m0.0s[0m
[38;2;74;176;245m[1mProfile[0m ⏱  ···· Starting [1m@initialise_backend[0m
[38;2;74;176;245m[1mProfile[0m ⏱  ······ Starting [1m@configure_tensorflow[0m
[38;2;74;176;245m[1mProfile[0m ⏱  ······ Time elapsed in [1m@configure_tensorflow[0m: ................. [1m14.7s[0m
[38;2;74;176;245m[1mProfile[0m ⏱  ···· Time elapsed in [1m@initialise_backend[0m: ..................... [1m15.6s[0m
{'config': './configs/default.json',
 'devices': 7,
 'folds': 3,
 'gpu': True,
 'input': './input/',
 'jobname': 'classifier-patch.00000104',
 'mode': 'gpu',
 'optimise_adversarial': False,
 'optimise_classifier': True,
 'output': './output/',
 'patches': ['/exports/eddie3_homes_local/s1562020/work/adversarial/optimisation/experiments/classifier/patches/patch.00000104.json'],
 'tensorboard': True,
 'theano': False,
 'train': False,
 'train_adversarial': False,
 'train_classifier': True,
 'verbose': False}
{u'adversary': {u'compile': {},
                u'fit': {},
                u'model': {u'architecture': [{}, {}, {}, {}],
                           u'default': {u'activation': u'relu',
                                        u'units': 64},
                           u'gmm_components': 10}},
 u'classifier': {u'compile': {u'loss': u'binary_crossentropy',
                              u'optimizer': <keras.optimizers.Adam object at 0x2b9654ee9310>},
                 u'fit': {u'batch_size': 57344,
                          u'epochs': 50,
                          u'shuffle': True,
                          'verbose': 2},
                 u'model': {u'architecture': [{}],
                            u'default': {u'activation': u'tanh',
                                         u'batchnorm': True,
                                         u'dropout': 0.4705165331271908,
                                         u'units': 512}}},
 u'combined': {u'compile': {u'loss': [u'binary_crossentropy', None],
                            u'loss_weights': [9.090909090909091e-10, 1.0],
                            u'optimizer': <keras.optimizers.Adam object at 0x2b9654ee9350>},
               u'fit': {u'batch_size': 57344,
                        u'epochs': 500,
                        u'shuffle': True,
                        'verbose': 2},
               u'model': {u'lambda_reg': 10.0,
                          u'lr_ratio': 9.090909090909091e-10},
               u'pretrain': 10}}
  TensorFlow version: 1.4.1
[38;2;74;176;245m[1mProfile[0m ⏱  ·· Time elapsed in [1mInitialisation[0m: ............................ [1m15.7s[0m
[38;2;74;176;245m[1mProfile[0m ⏱  ·· Starting [1m@load_data[0m
[38;2;74;176;245m[1mProfile[0m ⏱  ·· Time elapsed in [1m@load_data[0m: ................................ [1m33.3s[0m
[38;2;74;176;245m[1mProfile[0m ⏱  ·· Starting [1m@get_decorrelation_variables[0m
[38;2;74;176;245m[1mProfile[0m ⏱  ·· Time elapsed in [1m@get_decorrelation_variables[0m: ............... [1m0.0s[0m
[38;2;74;176;245m[1mProfile[0m ⏱  ·· Starting [1mClassifier-only fit, cross-validation[0m
[38;2;74;176;245m[1mProfile[0m ⏱  ···· Starting [1mFold 1/3[0m
Train on 1333332 samples, validate on 666668 samples
Epoch 1/50
 - 2s - loss: 0.7150 - val_loss: 0.7032
Epoch 2/50
 - 1s - loss: 0.7065 - val_loss: 0.6947
Epoch 3/50
 - 1s - loss: 0.6976 - val_loss: 0.6869
Epoch 4/50
 - 1s - loss: 0.6895 - val_loss: 0.6795
Epoch 5/50
 - 1s - loss: 0.6819 - val_loss: 0.6724
Epoch 6/50
 - 1s - loss: 0.6745 - val_loss: 0.6656
Epoch 7/50
 - 1s - loss: 0.6673 - val_loss: 0.6590
Epoch 8/50
 - 1s - loss: 0.6608 - val_loss: 0.6527
Epoch 9/50
 - 2s - loss: 0.6544 - val_loss: 0.6467
Epoch 10/50
 - 2s - loss: 0.6484 - val_loss: 0.6412
Epoch 11/50
 - 2s - loss: 0.6426 - val_loss: 0.6360
Epoch 12/50
 - 1s - loss: 0.6368 - val_loss: 0.6312
Epoch 13/50
 - 2s - loss: 0.6319 - val_loss: 0.6266
Epoch 14/50
 - 1s - loss: 0.6267 - val_loss: 0.6217
Epoch 15/50
 - 1s - loss: 0.6220 - val_loss: 0.6171
Epoch 16/50
 - 1s - loss: 0.6174 - val_loss: 0.6126
Epoch 17/50
 - 1s - loss: 0.6133 - val_loss: 0.6092
Epoch 18/50
 - 2s - loss: 0.6084 - val_loss: 0.6041
Epoch 19/50
 - 2s - loss: 0.6049 - val_loss: 0.6002
Epoch 20/50
 - 1s - loss: 0.6009 - val_loss: 0.5960
Epoch 21/50
 - 1s - loss: 0.5973 - val_loss: 0.5932
Epoch 22/50
 - 1s - loss: 0.5936 - val_loss: 0.5900
Epoch 23/50
 - 2s - loss: 0.5899 - val_loss: 0.5881
Epoch 24/50
 - 2s - loss: 0.5868 - val_loss: 0.5837
Epoch 25/50
 - 1s - loss: 0.5835 - val_loss: 0.5813
Epoch 26/50
 - 1s - loss: 0.5805 - val_loss: 0.5776
Epoch 27/50
 - 2s - loss: 0.5774 - val_loss: 0.5757
Epoch 28/50
 - 2s - loss: 0.5748 - val_loss: 0.5733
Epoch 29/50
 - 1s - loss: 0.5720 - val_loss: 0.5699
Epoch 30/50
 - 1s - loss: 0.5692 - val_loss: 0.5670
Epoch 31/50
 - 1s - loss: 0.5665 - val_loss: 0.5659
Epoch 32/50
 - 1s - loss: 0.5637 - val_loss: 0.5629
Epoch 33/50
 - 1s - loss: 0.5615 - val_loss: 0.5599
Epoch 34/50
 - 1s - loss: 0.5588 - val_loss: 0.5586
Epoch 35/50
 - 1s - loss: 0.5567 - val_loss: 0.5554
Epoch 36/50
 - 2s - loss: 0.5541 - val_loss: 0.5548
Epoch 37/50
 - 1s - loss: 0.5518 - val_loss: 0.5512
Epoch 38/50
 - 1s - loss: 0.5494 - val_loss: 0.5490
Epoch 39/50
 - 1s - loss: 0.5481 - val_loss: 0.5478
Epoch 40/50
 - 2s - loss: 0.5460 - val_loss: 0.5450
Epoch 41/50
 - 1s - loss: 0.5437 - val_loss: 0.5429
Epoch 42/50
 - 2s - loss: 0.5420 - val_loss: 0.5422
Epoch 43/50
 - 2s - loss: 0.5401 - val_loss: 0.5387
Epoch 44/50
 - 2s - loss: 0.5379 - val_loss: 0.5353
Epoch 45/50
 - 1s - loss: 0.5363 - val_loss: 0.5350
Epoch 46/50
 - 1s - loss: 0.5345 - val_loss: 0.5350
Epoch 47/50
 - 1s - loss: 0.5330 - val_loss: 0.5313
Epoch 48/50
 - 1s - loss: 0.5311 - val_loss: 0.5317
Epoch 49/50
 - 1s - loss: 0.5298 - val_loss: 0.5312
Epoch 50/50
 - 2s - loss: 0.5282 - val_loss: 0.5278
[38;2;74;176;245m[1mProfile[0m ⏱  ···· Time elapsed in [1mFold 1/3[0m: ............................... [1m101.1s[0m
[38;2;74;176;245m[1mProfile[0m ⏱  ···· Starting [1mFold 2/3[0m
Train on 1333334 samples, validate on 666666 samples
Epoch 1/50
 - 2s - loss: 0.7066 - val_loss: 0.6760
Epoch 2/50
 - 1s - loss: 0.6713 - val_loss: 0.6497
Epoch 3/50
 - 2s - loss: 0.6480 - val_loss: 0.6321
Epoch 4/50
 - 1s - loss: 0.6313 - val_loss: 0.6179
Epoch 5/50
 - 1s - loss: 0.6179 - val_loss: 0.6068
Epoch 6/50
 - 1s - loss: 0.6070 - val_loss: 0.5982
Epoch 7/50
 - 1s - loss: 0.5973 - val_loss: 0.5888
Epoch 8/50
 - 1s - loss: 0.5892 - val_loss: 0.5833
Epoch 9/50
 - 1s - loss: 0.5821 - val_loss: 0.5769
Epoch 10/50
 - 1s - loss: 0.5755 - val_loss: 0.5690
Epoch 11/50
 - 2s - loss: 0.5696 - val_loss: 0.5651
Epoch 12/50
 - 1s - loss: 0.5643 - val_loss: 0.5596
Epoch 13/50
 - 1s - loss: 0.5595 - val_loss: 0.5561
Epoch 14/50
 - 2s - loss: 0.5554 - val_loss: 0.5510
Epoch 15/50
 - 2s - loss: 0.5509 - val_loss: 0.5471
Epoch 16/50
 - 2s - loss: 0.5474 - val_loss: 0.5455
Epoch 17/50
 - 1s - loss: 0.5438 - val_loss: 0.5403
Epoch 18/50
 - 2s - loss: 0.5407 - val_loss: 0.5380
Epoch 19/50
 - 1s - loss: 0.5379 - val_loss: 0.5353
Epoch 20/50
 - 2s - loss: 0.5347 - val_loss: 0.5324
Epoch 21/50
 - 1s - loss: 0.5319 - val_loss: 0.5293
Epoch 22/50
 - 1s - loss: 0.5294 - val_loss: 0.5277
Epoch 23/50
 - 1s - loss: 0.5269 - val_loss: 0.5248
Epoch 24/50
 - 1s - loss: 0.5251 - val_loss: 0.5226
Epoch 25/50
 - 1s - loss: 0.5225 - val_loss: 0.5206
Epoch 26/50
 - 1s - loss: 0.5206 - val_loss: 0.5193
Epoch 27/50
 - 1s - loss: 0.5189 - val_loss: 0.5174
Epoch 28/50
 - 1s - loss: 0.5168 - val_loss: 0.5174
Epoch 29/50
 - 1s - loss: 0.5155 - val_loss: 0.5134
Epoch 30/50
 - 1s - loss: 0.5137 - val_loss: 0.5132
Epoch 31/50
 - 1s - loss: 0.5123 - val_loss: 0.5110
Epoch 32/50
 - 1s - loss: 0.5112 - val_loss: 0.5091
Epoch 33/50
 - 1s - loss: 0.5096 - val_loss: 0.5079
Epoch 34/50
 - 1s - loss: 0.5078 - val_loss: 0.5075
Epoch 35/50
 - 1s - loss: 0.5067 - val_loss: 0.5069
Epoch 36/50
 - 1s - loss: 0.5056 - val_loss: 0.5061
Epoch 37/50
 - 1s - loss: 0.5045 - val_loss: 0.5050
Epoch 38/50
 - 1s - loss: 0.5035 - val_loss: 0.5021
Epoch 39/50
 - 1s - loss: 0.5022 - val_loss: 0.5023
Epoch 40/50
 - 1s - loss: 0.5013 - val_loss: 0.5006
Epoch 41/50
 - 1s - loss: 0.5007 - val_loss: 0.4992
Epoch 42/50
 - 1s - loss: 0.4993 - val_loss: 0.4978
Epoch 43/50
 - 1s - loss: 0.4982 - val_loss: 0.4972
Epoch 44/50
 - 1s - loss: 0.4978 - val_loss: 0.4957
Epoch 45/50
 - 1s - loss: 0.4971 - val_loss: 0.4960
Epoch 46/50
 - 1s - loss: 0.4959 - val_loss: 0.4944
Epoch 47/50
 - 1s - loss: 0.4951 - val_loss: 0.4943
Epoch 48/50
 - 2s - loss: 0.4944 - val_loss: 0.4936
Epoch 49/50
 - 1s - loss: 0.4940 - val_loss: 0.4927
Epoch 50/50
 - 1s - loss: 0.4933 - val_loss: 0.4920
[38;2;74;176;245m[1mProfile[0m ⏱  ···· Time elapsed in [1mFold 2/3[0m: ................................ [1m73.4s[0m
[38;2;74;176;245m[1mProfile[0m ⏱  ···· Starting [1mFold 3/3[0m
Train on 1333334 samples, validate on 666666 samples
Epoch 1/50
 - 2s - loss: 0.6647 - val_loss: 0.6430
Epoch 2/50
 - 1s - loss: 0.6279 - val_loss: 0.6170
Epoch 3/50
 - 1s - loss: 0.6061 - val_loss: 0.5971
Epoch 4/50
 - 2s - loss: 0.5912 - val_loss: 0.5866
Epoch 5/50
 - 1s - loss: 0.5803 - val_loss: 0.5778
Epoch 6/50
 - 2s - loss: 0.5713 - val_loss: 0.5694
Epoch 7/50
 - 1s - loss: 0.5638 - val_loss: 0.5628
Epoch 8/50
 - 1s - loss: 0.5572 - val_loss: 0.5556
Epoch 9/50
 - 1s - loss: 0.5519 - val_loss: 0.5508
Epoch 10/50
 - 1s - loss: 0.5468 - val_loss: 0.5462
Epoch 11/50
 - 1s - loss: 0.5417 - val_loss: 0.5412
Epoch 12/50
 - 1s - loss: 0.5379 - val_loss: 0.5388
Epoch 13/50
 - 1s - loss: 0.5343 - val_loss: 0.5348
Epoch 14/50
 - 2s - loss: 0.5307 - val_loss: 0.5306
Epoch 15/50
 - 1s - loss: 0.5278 - val_loss: 0.5257
Epoch 16/50
 - 1s - loss: 0.5248 - val_loss: 0.5257
Epoch 17/50
 - 1s - loss: 0.5220 - val_loss: 0.5248
Epoch 18/50
 - 1s - loss: 0.5197 - val_loss: 0.5200
Epoch 19/50
 - 1s - loss: 0.5174 - val_loss: 0.5170
Epoch 20/50
 - 1s - loss: 0.5150 - val_loss: 0.5177
Epoch 21/50
 - 1s - loss: 0.5130 - val_loss: 0.5116
Epoch 22/50
 - 1s - loss: 0.5110 - val_loss: 0.5109
Epoch 23/50
 - 1s - loss: 0.5094 - val_loss: 0.5094
Epoch 24/50
 - 1s - loss: 0.5075 - val_loss: 0.5081
Epoch 25/50
 - 1s - loss: 0.5062 - val_loss: 0.5065
Epoch 26/50
 - 1s - loss: 0.5050 - val_loss: 0.5050
Epoch 27/50
 - 1s - loss: 0.5037 - val_loss: 0.5042
Epoch 28/50
 - 1s - loss: 0.5023 - val_loss: 0.5036
Epoch 29/50
 - 1s - loss: 0.5008 - val_loss: 0.5018
Epoch 30/50
 - 1s - loss: 0.4996 - val_loss: 0.4988
Epoch 31/50
 - 1s - loss: 0.4985 - val_loss: 0.4993
Epoch 32/50
 - 1s - loss: 0.4972 - val_loss: 0.4995
Epoch 33/50
 - 1s - loss: 0.4964 - val_loss: 0.4964
Epoch 34/50
 - 1s - loss: 0.4957 - val_loss: 0.4957
Epoch 35/50
 - 1s - loss: 0.4948 - val_loss: 0.4955
Epoch 36/50
 - 1s - loss: 0.4936 - val_loss: 0.4961
Epoch 37/50
 - 1s - loss: 0.4932 - val_loss: 0.4941
Epoch 38/50
 - 1s - loss: 0.4925 - val_loss: 0.4931
Epoch 39/50
 - 1s - loss: 0.4913 - val_loss: 0.4924
Epoch 40/50
 - 2s - loss: 0.4908 - val_loss: 0.4907
Epoch 41/50
 - 1s - loss: 0.4900 - val_loss: 0.4922
Epoch 42/50
 - 1s - loss: 0.4893 - val_loss: 0.4908
Epoch 43/50
 - 1s - loss: 0.4890 - val_loss: 0.4908
Epoch 44/50
 - 1s - loss: 0.4887 - val_loss: 0.4888
Epoch 45/50
 - 1s - loss: 0.4877 - val_loss: 0.4897
Epoch 46/50
 - 1s - loss: 0.4872 - val_loss: 0.4892
Epoch 47/50
 - 1s - loss: 0.4866 - val_loss: 0.4878
Epoch 48/50
 - 1s - loss: 0.4860 - val_loss: 0.4867
Epoch 49/50
 - 1s - loss: 0.4861 - val_loss: 0.4864
Epoch 50/50
 - 2s - loss: 0.4857 - val_loss: 0.4873
Got result 0.520449805128
Completed successfully in 320.84 seconds. [{u'main': 0.5204498051282243}]
[38;2;74;176;245m[1mProfile[0m ⏱  ···· Time elapsed in [1mFold 3/3[0m: ................................ [1m74.8s[0m
[38;2;74;176;245m[1mProfile[0m ⏱  ·· Time elapsed in [1mClassifier-only fit, cross-validation[0m: .... [1m249.9s[0m
[38;2;74;176;245m[1mProfile[0m ⏱  Time elapsed in [1m@main[0m: ....................................... [1m299.2s[0m
cd: Going back to /exports/eddie3_homes_local/s1562020/work/adversarial/optimisation/experiments/classifier
