Job launching after 5.92 seconds in submission.
Running python job.
Changed into dir /exports/eddie3_homes_local/s1562020/work/adversarial/optimisation/experiments/classifier
Importing optimise.py
Running optimise.main()
INFO: Applying patch '/exports/eddie3_homes_local/s1562020/work/adversarial/optimisation/experiments/classifier/patches/patch.00000064.json'
INFO: Found 20 Intel(R) Xeon(R) CPU E5-2630 v4 @ 2.20GHz devices with 10 cores each.
Using TensorFlow backend.
INFO: Scaling classifier/lr -5 -> 1e-05
INFO: Scaling classifier/decay -6 -> 1e-06
INFO: Scaling classifier/units 9 -> 512
INFO: Writing TensorBoard logs to 'logs/tensorboard/classifier-patch.00000064/'
INFO: Running '/exports/eddie3_homes_local/s1562020/work/adversarial/run/adversarial/common.pyc'
INFO: Command-line arguments:
INFO: Configuration file contents:
INFO: Python version: 2.7.14
INFO: Numpy  version: 1.12.1
INFO: Keras  version: 2.1.5
INFO: Using keras backend: 'tensorflow'
INFO: Found  1000000 training and  1000249 test samples for signal
INFO: Found  1000000 training and 10000000 test samples for background
INFO: load_data: Selecting only training data.
INFO: Implementing gradient reversal layer in TensorFlow
INFO: Training cross-validation classifiers
Call to main function (#64)
  Parameters: {u'classifier/model/default/units': array([9]), u'classifier/compile/decay': array([-6]), u'classifier/model/default/dropout': array([ 0.43673404]), u'classifier/compile/lr': array([-5]), u'classifier/model/architecture': array([6]), u'classifier/model/default/activation': [u'tanh']}
param: classifier/model/default/units
param: classifier/compile/decay
param: classifier/model/default/dropout
param: classifier/compile/lr
param: classifier/model/architecture
param: classifier/model/default/activation
- - - - - - - - - - - - - - - - - - - - - - - - - - - - - - - - - - - - - - - - 
Saving the following patch to '/exports/eddie3_homes_local/s1562020/work/adversarial/optimisation/experiments/classifier/patches/patch.00000064.json':
{u'classifier': {u'compile': {u'lr': -5, u'decay': -6}, u'model': {u'default': {u'units': 9, u'dropout': 0.43673404205111377, u'activation': u'tanh'}, u'architecture': 6}, 'fit': {'epochs': 50, 'batch_size': 8192}}}
- - - - - - - - - - - - - - - - - - - - - - - - - - - - - - - - - - - - - - - - 
cd: Going to /exports/eddie3_homes_local/s1562020/work/adversarial/
[38;2;74;176;245m[1mProfile[0m ⏱  Starting [1m@main[0m
[38;2;74;176;245m[1mProfile[0m ⏱  ·· Starting [1mInitialisation[0m
[38;2;74;176;245m[1mProfile[0m ⏱  ···· Starting [1m@initialise[0m
[38;2;74;176;245m[1mProfile[0m ⏱  ···· Time elapsed in [1m@initialise[0m: .............................. [1m0.0s[0m
[38;2;74;176;245m[1mProfile[0m ⏱  ···· Starting [1m@initialise_backend[0m
[38;2;74;176;245m[1mProfile[0m ⏱  ······ Starting [1m@configure_tensorflow[0m
[38;2;74;176;245m[1mProfile[0m ⏱  ······ Time elapsed in [1m@configure_tensorflow[0m: ................. [1m18.2s[0m
[38;2;74;176;245m[1mProfile[0m ⏱  ···· Time elapsed in [1m@initialise_backend[0m: ..................... [1m19.5s[0m
{'config': './configs/default.json',
 'devices': 7,
 'folds': 3,
 'gpu': True,
 'input': './input/',
 'jobname': 'classifier-patch.00000064',
 'mode': 'gpu',
 'optimise_adversarial': False,
 'optimise_classifier': True,
 'output': './output/',
 'patches': ['/exports/eddie3_homes_local/s1562020/work/adversarial/optimisation/experiments/classifier/patches/patch.00000064.json'],
 'tensorboard': True,
 'theano': False,
 'train': False,
 'train_adversarial': False,
 'train_classifier': True,
 'verbose': False}
{u'adversary': {u'compile': {},
                u'fit': {},
                u'model': {u'architecture': [{}, {}, {}, {}],
                           u'default': {u'activation': u'relu',
                                        u'units': 64},
                           u'gmm_components': 5}},
 u'classifier': {u'compile': {u'loss': u'binary_crossentropy',
                              u'optimizer': <keras.optimizers.Adam object at 0x2ae6d3858310>},
                 u'fit': {u'batch_size': 57344,
                          u'epochs': 50,
                          u'shuffle': True,
                          'verbose': 2},
                 u'model': {u'architecture': [{}, {}, {}, {}, {}, {}],
                            u'default': {u'activation': u'tanh',
                                         u'batchnorm': True,
                                         u'dropout': 0.43673404205111377,
                                         u'units': 512}}},
 u'combined': {u'compile': {u'loss': [u'binary_crossentropy', None],
                            u'loss_weights': [1.8181818181818182e-09, 1.0],
                            u'optimizer': <keras.optimizers.Adam object at 0x2ae6d3858350>},
               u'fit': {u'batch_size': 57344,
                        u'epochs': 100,
                        u'shuffle': True,
                        'verbose': 2},
               u'model': {u'lambda_reg': 10.0,
                          u'lr_ratio': 1.8181818181818182e-09},
               u'pretrain': 10}}
  TensorFlow version: 1.4.1
[38;2;74;176;245m[1mProfile[0m ⏱  ·· Time elapsed in [1mInitialisation[0m: ............................ [1m19.6s[0m
[38;2;74;176;245m[1mProfile[0m ⏱  ·· Starting [1m@load_data[0m
[38;2;74;176;245m[1mProfile[0m ⏱  ·· Time elapsed in [1m@load_data[0m: ................................ [1m33.9s[0m
[38;2;74;176;245m[1mProfile[0m ⏱  ·· Starting [1m@get_decorrelation_variables[0m
[38;2;74;176;245m[1mProfile[0m ⏱  ·· Time elapsed in [1m@get_decorrelation_variables[0m: ............... [1m0.0s[0m
[38;2;74;176;245m[1mProfile[0m ⏱  ·· Starting [1mClassifier-only fit, cross-validation[0m
[38;2;74;176;245m[1mProfile[0m ⏱  ···· Starting [1mFold 1/3[0m
Train on 1333332 samples, validate on 666668 samples
Epoch 1/50
 - 11s - loss: 0.7519 - val_loss: 0.5176
Epoch 2/50
 - 7s - loss: 0.6517 - val_loss: 0.6213
Epoch 3/50
 - 8s - loss: 0.6090 - val_loss: 0.6941
Epoch 4/50
 - 7s - loss: 0.5899 - val_loss: 0.7276
Epoch 5/50
 - 8s - loss: 0.5781 - val_loss: 0.7413
Epoch 6/50
 - 8s - loss: 0.5701 - val_loss: 0.7467
Epoch 7/50
 - 7s - loss: 0.5643 - val_loss: 0.7422
Epoch 8/50
 - 7s - loss: 0.5588 - val_loss: 7.9742
Epoch 9/50
 - 8s - loss: 0.5545 - val_loss: 0.7379
Epoch 10/50
 - 8s - loss: 0.5503 - val_loss: 0.7271
Epoch 11/50
 - 8s - loss: 0.5484 - val_loss: 0.7228
Epoch 12/50
 - 8s - loss: 0.5454 - val_loss: 0.7200
Epoch 13/50
 - 7s - loss: 0.5428 - val_loss: 0.7130
Epoch 14/50
 - 7s - loss: 0.5395 - val_loss: 0.7120
Epoch 15/50
 - 9s - loss: 0.5375 - val_loss: 0.7088
Epoch 16/50
 - 10s - loss: 0.5346 - val_loss: 0.7056
Epoch 17/50
 - 10s - loss: 0.5340 - val_loss: 0.6997
Epoch 18/50
 - 10s - loss: 0.5312 - val_loss: 0.6950
Epoch 19/50
 - 7s - loss: 0.5299 - val_loss: 0.6929
Epoch 20/50
 - 8s - loss: 0.5290 - val_loss: 0.6932
Epoch 21/50
 - 7s - loss: 0.5273 - val_loss: 0.6900
Epoch 22/50
 - 7s - loss: 0.5263 - val_loss: 0.6831
Epoch 23/50
 - 7s - loss: 0.5243 - val_loss: 0.6843
Epoch 24/50
 - 7s - loss: 0.5240 - val_loss: 0.6794
Epoch 25/50
 - 8s - loss: 0.5232 - val_loss: 0.6754
Epoch 26/50
 - 7s - loss: 0.5214 - val_loss: 0.6721
Epoch 27/50
 - 7s - loss: 0.5215 - val_loss: 0.6703
Epoch 28/50
 - 7s - loss: 0.5196 - val_loss: 0.6680
Epoch 29/50
 - 7s - loss: 0.5199 - val_loss: 0.6662
Epoch 30/50
 - 7s - loss: 0.5184 - val_loss: 0.6624
Epoch 31/50
 - 7s - loss: 0.5177 - val_loss: 0.6636
Epoch 32/50
 - 7s - loss: 0.5169 - val_loss: 0.6593
Epoch 33/50
 - 8s - loss: 0.5162 - val_loss: 0.6545
Epoch 34/50
 - 8s - loss: 0.5162 - val_loss: 0.6544
Epoch 35/50
 - 7s - loss: 0.5156 - val_loss: 7.9742
Epoch 36/50
 - 7s - loss: 0.5141 - val_loss: 0.6528
Epoch 37/50
 - 9s - loss: 0.5143 - val_loss: 0.6485
Epoch 38/50
 - 9s - loss: 0.5133 - val_loss: 0.6480
Epoch 39/50
 - 10s - loss: 0.5121 - val_loss: 0.6481
Epoch 40/50
 - 9s - loss: 0.5123 - val_loss: 0.6445
Epoch 41/50
 - 9s - loss: 0.5109 - val_loss: 0.6452
Epoch 42/50
 - 10s - loss: 0.5104 - val_loss: 0.6422
Epoch 43/50
 - 9s - loss: 0.5100 - val_loss: 0.6403
Epoch 44/50
 - 10s - loss: 0.5101 - val_loss: 0.6490
Epoch 45/50
 - 10s - loss: 0.5089 - val_loss: 0.6384
Epoch 46/50
 - 10s - loss: 0.5095 - val_loss: 0.6383
Epoch 47/50
 - 10s - loss: 0.5094 - val_loss: 0.6353
Epoch 48/50
 - 10s - loss: 0.5081 - val_loss: 0.6373
Epoch 49/50
 - 10s - loss: 0.5078 - val_loss: 0.6341
Epoch 50/50
 - 10s - loss: 0.5081 - val_loss: 0.6350
[38;2;74;176;245m[1mProfile[0m ⏱  ···· Time elapsed in [1mFold 1/3[0m: ............................... [1m458.7s[0m
[38;2;74;176;245m[1mProfile[0m ⏱  ···· Starting [1mFold 2/3[0m
Train on 1333334 samples, validate on 666666 samples
Epoch 1/50
 - 12s - loss: 0.6505 - val_loss: 0.7957
Epoch 2/50
 - 10s - loss: 0.5633 - val_loss: 0.7076
Epoch 3/50
 - 10s - loss: 0.5468 - val_loss: 0.6989
Epoch 4/50
 - 10s - loss: 0.5392 - val_loss: 0.6882
Epoch 5/50
 - 10s - loss: 0.5353 - val_loss: 0.6772
Epoch 6/50
 - 10s - loss: 0.5309 - val_loss: 0.6704
Epoch 7/50
 - 10s - loss: 0.5275 - val_loss: 0.6595
Epoch 8/50
 - 9s - loss: 0.5252 - val_loss: 0.6548
Epoch 9/50
 - 9s - loss: 0.5238 - val_loss: 0.6479
Epoch 10/50
 - 7s - loss: 0.5225 - val_loss: 0.6455
Epoch 11/50
 - 7s - loss: 0.5203 - val_loss: 0.6409
Epoch 12/50
 - 8s - loss: 0.5186 - val_loss: 0.6324
Epoch 13/50
 - 7s - loss: 0.5163 - val_loss: 0.6326
Epoch 14/50
 - 7s - loss: 0.5164 - val_loss: 0.6285
Epoch 15/50
 - 8s - loss: 0.5155 - val_loss: 0.6257
Epoch 16/50
 - 9s - loss: 0.5143 - val_loss: 0.6226
Epoch 17/50
 - 9s - loss: 0.5140 - val_loss: 0.6218
Epoch 18/50
 - 9s - loss: 0.5130 - val_loss: 0.6198
Epoch 19/50
 - 8s - loss: 0.5126 - val_loss: 0.6198
Epoch 20/50
 - 9s - loss: 0.5114 - val_loss: 0.6155
Epoch 21/50
 - 9s - loss: 0.5103 - val_loss: 0.6167
Epoch 22/50
 - 8s - loss: 0.5100 - val_loss: 0.6104
Epoch 23/50
 - 8s - loss: 0.5100 - val_loss: 0.6096
Epoch 24/50
 - 8s - loss: 0.5091 - val_loss: 0.6109
Epoch 25/50
 - 8s - loss: 0.5079 - val_loss: 0.6065
Epoch 26/50
 - 8s - loss: 0.5077 - val_loss: 0.6091
Epoch 27/50
 - 9s - loss: 0.5071 - val_loss: 0.6068
Epoch 28/50
 - 8s - loss: 0.5071 - val_loss: 0.6046
Epoch 29/50
 - 9s - loss: 0.5058 - val_loss: 0.6052
Epoch 30/50
 - 9s - loss: 0.5057 - val_loss: 0.6061
Epoch 31/50
 - 9s - loss: 0.5050 - val_loss: 0.6018
Epoch 32/50
 - 9s - loss: 0.5054 - val_loss: 0.6685
Epoch 33/50
 - 8s - loss: 0.5041 - val_loss: 0.6012
Epoch 34/50
 - 8s - loss: 0.5038 - val_loss: 0.6009
Epoch 35/50
 - 7s - loss: 0.5032 - val_loss: 0.6069
Epoch 36/50
 - 8s - loss: 0.5036 - val_loss: 0.5979
Epoch 37/50
 - 9s - loss: 0.5035 - val_loss: 0.6006
Epoch 38/50
 - 10s - loss: 0.5020 - val_loss: 0.5980
Epoch 39/50
 - 10s - loss: 0.5020 - val_loss: 0.5983
Epoch 40/50
 - 10s - loss: 0.5013 - val_loss: 0.5974
Epoch 41/50
 - 9s - loss: 0.5009 - val_loss: 0.5959
Epoch 42/50
 - 10s - loss: 0.5011 - val_loss: 0.5952
Epoch 43/50
 - 10s - loss: 0.4995 - val_loss: 0.5978
Epoch 44/50
 - 10s - loss: 0.4997 - val_loss: 0.5965
Epoch 45/50
 - 10s - loss: 0.4989 - val_loss: 0.5971
Epoch 46/50
 - 10s - loss: 0.4985 - val_loss: 0.6033
Epoch 47/50
 - 9s - loss: 0.4984 - val_loss: 0.5984
Epoch 48/50
 - 10s - loss: 0.4975 - val_loss: 0.5948
Epoch 49/50
 - 10s - loss: 0.4980 - val_loss: 0.5872
Epoch 50/50
 - 9s - loss: 0.4974 - val_loss: 0.5942
[38;2;74;176;245m[1mProfile[0m ⏱  ···· Time elapsed in [1mFold 2/3[0m: ............................... [1m483.0s[0m
[38;2;74;176;245m[1mProfile[0m ⏱  ···· Starting [1mFold 3/3[0m
Train on 1333334 samples, validate on 666666 samples
Epoch 1/50
 - 13s - loss: 0.6426 - val_loss: 0.7915
Epoch 2/50
 - 10s - loss: 0.5565 - val_loss: 0.7003
Epoch 3/50
 - 10s - loss: 0.5413 - val_loss: 0.7138
Epoch 4/50
 - 10s - loss: 0.5338 - val_loss: 0.6829
Epoch 5/50
 - 10s - loss: 0.5290 - val_loss: 0.7178
Epoch 6/50
 - 10s - loss: 0.5262 - val_loss: 0.6698
Epoch 7/50
 - 10s - loss: 0.5230 - val_loss: 0.6596
Epoch 8/50
 - 10s - loss: 0.5204 - val_loss: 0.6537
Epoch 9/50
 - 9s - loss: 0.5186 - val_loss: 0.6676
Epoch 10/50
 - 7s - loss: 0.5166 - val_loss: 0.6491
Epoch 11/50
 - 8s - loss: 0.5161 - val_loss: 0.6419
Epoch 12/50
 - 9s - loss: 0.5143 - val_loss: 0.6722
Epoch 13/50
 - 7s - loss: 0.5143 - val_loss: 0.6371
Epoch 14/50
 - 8s - loss: 0.5132 - val_loss: 0.6352
Epoch 15/50
 - 8s - loss: 0.5129 - val_loss: 0.6331
Epoch 16/50
 - 10s - loss: 0.5109 - val_loss: 0.6303
Epoch 17/50
 - 10s - loss: 0.5103 - val_loss: 0.6458
Epoch 18/50
 - 9s - loss: 0.5089 - val_loss: 0.6261
Epoch 19/50
 - 9s - loss: 0.5085 - val_loss: 0.6218
Epoch 20/50
 - 9s - loss: 0.5079 - val_loss: 0.6316
Epoch 21/50
 - 9s - loss: 0.5072 - val_loss: 0.6231
Epoch 22/50
 - 9s - loss: 0.5075 - val_loss: 8.0056
Epoch 23/50
 - 9s - loss: 0.5064 - val_loss: 0.6234
Epoch 24/50
 - 10s - loss: 0.5054 - val_loss: 0.6228
Epoch 25/50
 - 10s - loss: 0.5047 - val_loss: 0.6205
Epoch 26/50
 - 10s - loss: 0.5051 - val_loss: 0.6187
Epoch 27/50
 - 10s - loss: 0.5040 - val_loss: 0.6161
Epoch 28/50
 - 10s - loss: 0.5032 - val_loss: 0.6228
Epoch 29/50
 - 9s - loss: 0.5019 - val_loss: 0.6182
Epoch 30/50
 - 8s - loss: 0.5021 - val_loss: 0.6157
Epoch 31/50
 - 8s - loss: 0.5015 - val_loss: 0.6179
Epoch 32/50
 - 8s - loss: 0.5004 - val_loss: 0.6133
Epoch 33/50
 - 8s - loss: 0.5011 - val_loss: 0.6170
Epoch 34/50
 - 8s - loss: 0.5006 - val_loss: 0.6100
Epoch 35/50
 - 8s - loss: 0.4992 - val_loss: 0.6150
Epoch 36/50
 - 9s - loss: 0.4995 - val_loss: 0.6118
Epoch 37/50
 - 10s - loss: 0.4998 - val_loss: 0.6118
Epoch 38/50
 - 10s - loss: 0.4980 - val_loss: 0.6079
Epoch 39/50
 - 11s - loss: 0.4976 - val_loss: 0.6115
Epoch 40/50
 - 10s - loss: 0.4977 - val_loss: 0.6055
Epoch 41/50
 - 10s - loss: 0.4971 - val_loss: 0.6044
Epoch 42/50
 - 9s - loss: 0.4971 - val_loss: 0.6083
Epoch 43/50
 - 9s - loss: 0.4963 - val_loss: 0.6049
Epoch 44/50
 - 9s - loss: 0.4953 - val_loss: 0.6072
Epoch 45/50
 - 9s - loss: 0.4953 - val_loss: 0.6020
Epoch 46/50
 - 9s - loss: 0.4953 - val_loss: 0.6019
Epoch 47/50
 - 9s - loss: 0.4955 - val_loss: 0.6143
Epoch 48/50
 - 9s - loss: 0.4939 - val_loss: 0.6034
Epoch 49/50
 - 9s - loss: 0.4932 - val_loss: 0.5976
Epoch 50/50
 - 9s - loss: 0.4932 - val_loss: 0.6008
Got result 0.627890298445
Completed successfully in 1530.07 seconds. [{u'main': 0.6278902984452494}]
[38;2;74;176;245m[1mProfile[0m ⏱  ···· Time elapsed in [1mFold 3/3[0m: ............................... [1m508.2s[0m
[38;2;74;176;245m[1mProfile[0m ⏱  ·· Time elapsed in [1mClassifier-only fit, cross-validation[0m: ... [1m1450.6s[0m
[38;2;74;176;245m[1mProfile[0m ⏱  Time elapsed in [1m@main[0m: ...................................... [1m1504.6s[0m
cd: Going back to /exports/eddie3_homes_local/s1562020/work/adversarial/optimisation/experiments/classifier
