Job launching after 5.54 seconds in submission.
Running python job.
Changed into dir /exports/eddie3_homes_local/s1562020/work/adversarial/optimisation/experiments/classifier
Importing optimise.py
Running optimise.main()
INFO: Applying patch '/exports/eddie3_homes_local/s1562020/work/adversarial/optimisation/experiments/classifier/patches/patch.00000074.json'
INFO: Found 20 Intel(R) Xeon(R) CPU E5-2630 v4 @ 2.20GHz devices with 10 cores each.
Using TensorFlow backend.
INFO: Scaling classifier/lr -5 -> 1e-05
INFO: Scaling classifier/decay -6 -> 1e-06
INFO: Scaling classifier/units 9 -> 512
INFO: Writing TensorBoard logs to 'logs/tensorboard/classifier-patch.00000074/'
INFO: Running '/exports/eddie3_homes_local/s1562020/work/adversarial/run/adversarial/common.pyc'
INFO: Command-line arguments:
INFO: Configuration file contents:
INFO: Python version: 2.7.14
INFO: Numpy  version: 1.12.1
INFO: Keras  version: 2.1.5
INFO: Using keras backend: 'tensorflow'
INFO: Found  1000000 training and  1000249 test samples for signal
INFO: Found  1000000 training and 10000000 test samples for background
INFO: load_data: Selecting only training data.
INFO: Implementing gradient reversal layer in TensorFlow
INFO: Training cross-validation classifiers
Call to main function (#74)
  Parameters: {u'classifier/model/default/units': array([9]), u'classifier/compile/decay': array([-6]), u'classifier/model/default/dropout': array([ 0.44265278]), u'classifier/compile/lr': array([-5]), u'classifier/model/architecture': array([6]), u'classifier/model/default/activation': [u'relu']}
param: classifier/model/default/units
param: classifier/compile/decay
param: classifier/model/default/dropout
param: classifier/compile/lr
param: classifier/model/architecture
param: classifier/model/default/activation
- - - - - - - - - - - - - - - - - - - - - - - - - - - - - - - - - - - - - - - - 
Saving the following patch to '/exports/eddie3_homes_local/s1562020/work/adversarial/optimisation/experiments/classifier/patches/patch.00000074.json':
{u'classifier': {u'compile': {u'lr': -5, u'decay': -6}, u'model': {u'default': {u'units': 9, u'dropout': 0.44265277616508314, u'activation': u'relu'}, u'architecture': 6}, 'fit': {'epochs': 50, 'batch_size': 8192}}}
- - - - - - - - - - - - - - - - - - - - - - - - - - - - - - - - - - - - - - - - 
cd: Going to /exports/eddie3_homes_local/s1562020/work/adversarial/
[38;2;74;176;245m[1mProfile[0m ⏱  Starting [1m@main[0m
[38;2;74;176;245m[1mProfile[0m ⏱  ·· Starting [1mInitialisation[0m
[38;2;74;176;245m[1mProfile[0m ⏱  ···· Starting [1m@initialise[0m
[38;2;74;176;245m[1mProfile[0m ⏱  ···· Time elapsed in [1m@initialise[0m: .............................. [1m0.0s[0m
[38;2;74;176;245m[1mProfile[0m ⏱  ···· Starting [1m@initialise_backend[0m
[38;2;74;176;245m[1mProfile[0m ⏱  ······ Starting [1m@configure_tensorflow[0m
[38;2;74;176;245m[1mProfile[0m ⏱  ······ Time elapsed in [1m@configure_tensorflow[0m: ................. [1m16.5s[0m
[38;2;74;176;245m[1mProfile[0m ⏱  ···· Time elapsed in [1m@initialise_backend[0m: ..................... [1m17.6s[0m
{'config': './configs/default.json',
 'devices': 7,
 'folds': 3,
 'gpu': True,
 'input': './input/',
 'jobname': 'classifier-patch.00000074',
 'mode': 'gpu',
 'optimise_adversarial': False,
 'optimise_classifier': True,
 'output': './output/',
 'patches': ['/exports/eddie3_homes_local/s1562020/work/adversarial/optimisation/experiments/classifier/patches/patch.00000074.json'],
 'tensorboard': True,
 'theano': False,
 'train': False,
 'train_adversarial': False,
 'train_classifier': True,
 'verbose': False}
{u'adversary': {u'compile': {},
                u'fit': {},
                u'model': {u'architecture': [{}, {}, {}, {}],
                           u'default': {u'activation': u'relu',
                                        u'units': 64},
                           u'gmm_components': 5}},
 u'classifier': {u'compile': {u'loss': u'binary_crossentropy',
                              u'optimizer': <keras.optimizers.Adam object at 0x2b5786285310>},
                 u'fit': {u'batch_size': 57344,
                          u'epochs': 50,
                          u'shuffle': True,
                          'verbose': 2},
                 u'model': {u'architecture': [{}, {}, {}, {}, {}, {}],
                            u'default': {u'activation': u'relu',
                                         u'batchnorm': True,
                                         u'dropout': 0.44265277616508314,
                                         u'units': 512}}},
 u'combined': {u'compile': {u'loss': [u'binary_crossentropy', None],
                            u'loss_weights': [1.8181818181818182e-09, 1.0],
                            u'optimizer': <keras.optimizers.Adam object at 0x2b5786285350>},
               u'fit': {u'batch_size': 57344,
                        u'epochs': 500,
                        u'shuffle': True,
                        'verbose': 2},
               u'model': {u'lambda_reg': 10.0,
                          u'lr_ratio': 1.8181818181818182e-09},
               u'pretrain': 10}}
  TensorFlow version: 1.4.1
[38;2;74;176;245m[1mProfile[0m ⏱  ·· Time elapsed in [1mInitialisation[0m: ............................ [1m17.8s[0m
[38;2;74;176;245m[1mProfile[0m ⏱  ·· Starting [1m@load_data[0m
[38;2;74;176;245m[1mProfile[0m ⏱  ·· Time elapsed in [1m@load_data[0m: ................................ [1m36.8s[0m
[38;2;74;176;245m[1mProfile[0m ⏱  ·· Starting [1m@get_decorrelation_variables[0m
[38;2;74;176;245m[1mProfile[0m ⏱  ·· Time elapsed in [1m@get_decorrelation_variables[0m: ............... [1m0.0s[0m
[38;2;74;176;245m[1mProfile[0m ⏱  ·· Starting [1mClassifier-only fit, cross-validation[0m
[38;2;74;176;245m[1mProfile[0m ⏱  ···· Starting [1mFold 1/3[0m
Train on 1333332 samples, validate on 666668 samples
Epoch 1/50
 - 11s - loss: 0.8136 - val_loss: 0.6691
Epoch 2/50
 - 9s - loss: 0.7660 - val_loss: 0.6769
Epoch 3/50
 - 9s - loss: 0.7328 - val_loss: 0.6708
Epoch 4/50
 - 9s - loss: 0.7040 - val_loss: 0.6547
Epoch 5/50
 - 9s - loss: 0.6786 - val_loss: 0.6372
Epoch 6/50
 - 8s - loss: 0.6551 - val_loss: 0.6181
Epoch 7/50
 - 8s - loss: 0.6352 - val_loss: 0.5876
Epoch 8/50
 - 9s - loss: 0.6178 - val_loss: 0.5714
Epoch 9/50
 - 8s - loss: 0.6024 - val_loss: 0.5606
Epoch 10/50
 - 9s - loss: 0.5912 - val_loss: 0.5483
Epoch 11/50
 - 10s - loss: 0.5815 - val_loss: 0.5392
Epoch 12/50
 - 9s - loss: 0.5731 - val_loss: 0.5214
Epoch 13/50
 - 10s - loss: 0.5651 - val_loss: 0.5281
Epoch 14/50
 - 10s - loss: 0.5594 - val_loss: 0.5294
Epoch 15/50
 - 11s - loss: 0.5533 - val_loss: 0.5251
Epoch 16/50
 - 11s - loss: 0.5488 - val_loss: 0.5218
Epoch 17/50
 - 10s - loss: 0.5448 - val_loss: 0.5163
Epoch 18/50
 - 10s - loss: 0.5422 - val_loss: 0.5177
Epoch 19/50
 - 10s - loss: 0.5376 - val_loss: 0.5164
Epoch 20/50
 - 11s - loss: 0.5347 - val_loss: 0.5150
Epoch 21/50
 - 10s - loss: 0.5299 - val_loss: 0.5162
Epoch 22/50
 - 11s - loss: 0.5280 - val_loss: 0.5144
Epoch 23/50
 - 10s - loss: 0.5250 - val_loss: 0.5135
Epoch 24/50
 - 11s - loss: 0.5222 - val_loss: 0.5114
Epoch 25/50
 - 12s - loss: 0.5197 - val_loss: 0.5125
Epoch 26/50
 - 12s - loss: 0.5164 - val_loss: 0.5133
Epoch 27/50
 - 13s - loss: 0.5159 - val_loss: 0.5125
Epoch 28/50
 - 13s - loss: 0.5136 - val_loss: 0.5159
Epoch 29/50
 - 12s - loss: 0.5115 - val_loss: 0.5105
Epoch 30/50
 - 13s - loss: 0.5088 - val_loss: 0.5117
Epoch 31/50
 - 12s - loss: 0.5077 - val_loss: 0.5082
Epoch 32/50
 - 13s - loss: 0.5055 - val_loss: 0.5090
Epoch 33/50
 - 13s - loss: 0.5030 - val_loss: 0.5077
Epoch 34/50
 - 13s - loss: 0.5019 - val_loss: 0.5639
Epoch 35/50
 - 12s - loss: 0.5005 - val_loss: 0.5041
Epoch 36/50
 - 13s - loss: 0.4989 - val_loss: 0.5061
Epoch 37/50
 - 12s - loss: 0.4971 - val_loss: 0.5067
Epoch 38/50
 - 10s - loss: 0.4955 - val_loss: 0.5073
Epoch 39/50
 - 11s - loss: 0.4944 - val_loss: 0.5120
Epoch 40/50
 - 11s - loss: 0.4927 - val_loss: 0.5086
Epoch 41/50
 - 12s - loss: 0.4915 - val_loss: 0.5043
Epoch 42/50
 - 12s - loss: 0.4908 - val_loss: 0.5087
Epoch 43/50
 - 13s - loss: 0.4888 - val_loss: 0.5090
Epoch 44/50
 - 13s - loss: 0.4871 - val_loss: 0.5088
Epoch 45/50
 - 12s - loss: 0.4867 - val_loss: 0.5068
Epoch 46/50
 - 10s - loss: 0.4855 - val_loss: 0.5073
Epoch 47/50
 - 11s - loss: 0.4844 - val_loss: 0.5052
Epoch 48/50
 - 10s - loss: 0.4820 - val_loss: 0.5053
Epoch 49/50
 - 11s - loss: 0.4824 - val_loss: 0.5056
Epoch 50/50
 - 13s - loss: 0.4805 - val_loss: 0.5050
[38;2;74;176;245m[1mProfile[0m ⏱  ···· Time elapsed in [1mFold 1/3[0m: ............................... [1m594.0s[0m
[38;2;74;176;245m[1mProfile[0m ⏱  ···· Starting [1mFold 2/3[0m
Train on 1333334 samples, validate on 666666 samples
Epoch 1/50
 - 16s - loss: 0.8311 - val_loss: 0.7647
Epoch 2/50
 - 13s - loss: 0.6762 - val_loss: 0.5624
Epoch 3/50
 - 13s - loss: 0.6072 - val_loss: 0.5277
Epoch 4/50
 - 13s - loss: 0.5766 - val_loss: 0.5075
Epoch 5/50
 - 13s - loss: 0.5602 - val_loss: 0.5011
Epoch 6/50
 - 12s - loss: 0.5485 - val_loss: 0.4967
Epoch 7/50
 - 13s - loss: 0.5413 - val_loss: 0.4949
Epoch 8/50
 - 13s - loss: 0.5332 - val_loss: 0.4924
Epoch 9/50
 - 13s - loss: 0.5300 - val_loss: 0.4897
Epoch 10/50
 - 13s - loss: 0.5252 - val_loss: 0.4914
Epoch 11/50
 - 11s - loss: 0.5212 - val_loss: 0.4887
Epoch 12/50
 - 12s - loss: 0.5164 - val_loss: 0.4894
Epoch 13/50
 - 11s - loss: 0.5128 - val_loss: 0.4882
Epoch 14/50
 - 12s - loss: 0.5097 - val_loss: 0.4887
Epoch 15/50
 - 13s - loss: 0.5078 - val_loss: 0.4883
Epoch 16/50
 - 13s - loss: 0.5046 - val_loss: 0.4865
Epoch 17/50
 - 13s - loss: 0.5030 - val_loss: 0.4885
Epoch 18/50
 - 13s - loss: 0.4993 - val_loss: 0.4895
Epoch 19/50
 - 13s - loss: 0.4973 - val_loss: 0.4875
Epoch 20/50
 - 13s - loss: 0.4955 - val_loss: 0.4902
Epoch 21/50
 - 12s - loss: 0.4940 - val_loss: 0.4896
Epoch 22/50
 - 11s - loss: 0.4918 - val_loss: 0.4892
Epoch 23/50
 - 11s - loss: 0.4895 - val_loss: 0.4940
Epoch 24/50
 - 11s - loss: 0.4872 - val_loss: 0.4908
Epoch 25/50
 - 13s - loss: 0.4868 - val_loss: 0.4875
Epoch 26/50
 - 13s - loss: 0.4850 - val_loss: 0.4940
Epoch 27/50
 - 13s - loss: 0.4842 - val_loss: 0.4870
Epoch 28/50
 - 13s - loss: 0.4819 - val_loss: 0.4872
Epoch 29/50
 - 14s - loss: 0.4809 - val_loss: 0.4860
Epoch 30/50
 - 13s - loss: 0.4796 - val_loss: 0.4852
Epoch 31/50
 - 13s - loss: 0.4783 - val_loss: 0.4877
Epoch 32/50
 - 13s - loss: 0.4765 - val_loss: 0.4870
Epoch 33/50
 - 13s - loss: 0.4750 - val_loss: 0.4908
Epoch 34/50
 - 13s - loss: 0.4739 - val_loss: 0.4849
Epoch 35/50
 - 13s - loss: 0.4726 - val_loss: 0.4888
Epoch 36/50
 - 13s - loss: 0.4713 - val_loss: 0.4869
Epoch 37/50
 - 12s - loss: 0.4706 - val_loss: 0.4842
Epoch 38/50
 - 11s - loss: 0.4689 - val_loss: 0.4884
Epoch 39/50
 - 12s - loss: 0.4675 - val_loss: 0.4863
Epoch 40/50
 - 11s - loss: 0.4661 - val_loss: 0.4865
Epoch 41/50
 - 11s - loss: 0.4660 - val_loss: 0.4845
Epoch 42/50
 - 13s - loss: 0.4651 - val_loss: 0.4842
Epoch 43/50
 - 13s - loss: 0.4630 - val_loss: 0.4844
Epoch 44/50
 - 13s - loss: 0.4619 - val_loss: 0.4933
Epoch 45/50
 - 13s - loss: 0.4613 - val_loss: 0.4849
Epoch 46/50
 - 11s - loss: 0.4612 - val_loss: 0.4812
Epoch 47/50
 - 12s - loss: 0.4591 - val_loss: 0.4819
Epoch 48/50
 - 11s - loss: 0.4588 - val_loss: 0.4877
Epoch 49/50
 - 11s - loss: 0.4580 - val_loss: 0.4852
Epoch 50/50
 - 13s - loss: 0.4569 - val_loss: 0.4845
[38;2;74;176;245m[1mProfile[0m ⏱  ···· Time elapsed in [1mFold 2/3[0m: ............................... [1m658.7s[0m
[38;2;74;176;245m[1mProfile[0m ⏱  ···· Starting [1mFold 3/3[0m
Train on 1333334 samples, validate on 666666 samples
Epoch 1/50
 - 15s - loss: 0.7477 - val_loss: 0.7047
Epoch 2/50
 - 13s - loss: 0.6161 - val_loss: 0.6356
Epoch 3/50
 - 13s - loss: 0.5721 - val_loss: 0.6010
Epoch 4/50
 - 13s - loss: 0.5490 - val_loss: 0.5898
Epoch 5/50
 - 13s - loss: 0.5366 - val_loss: 0.5778
Epoch 6/50
 - 13s - loss: 0.5279 - val_loss: 0.5809
Epoch 7/50
 - 13s - loss: 0.5200 - val_loss: 0.5680
Epoch 8/50
 - 13s - loss: 0.5150 - val_loss: 0.5671
Epoch 9/50
 - 12s - loss: 0.5104 - val_loss: 0.5689
Epoch 10/50
 - 11s - loss: 0.5067 - val_loss: 0.5600
Epoch 11/50
 - 10s - loss: 0.5019 - val_loss: 0.5617
Epoch 12/50
 - 11s - loss: 0.4994 - val_loss: 0.5578
Epoch 13/50
 - 13s - loss: 0.4964 - val_loss: 0.5484
Epoch 14/50
 - 12s - loss: 0.4937 - val_loss: 0.5531
Epoch 15/50
 - 13s - loss: 0.4915 - val_loss: 0.5491
Epoch 16/50
 - 13s - loss: 0.4890 - val_loss: 0.5456
Epoch 17/50
 - 13s - loss: 0.4868 - val_loss: 0.5433
Epoch 18/50
 - 13s - loss: 0.4840 - val_loss: 0.5388
Epoch 19/50
 - 13s - loss: 0.4822 - val_loss: 0.5370
Epoch 20/50
 - 13s - loss: 0.4807 - val_loss: 0.5349
Epoch 21/50
 - 12s - loss: 0.4782 - val_loss: 0.5331
Epoch 22/50
 - 11s - loss: 0.4775 - val_loss: 0.5331
Epoch 23/50
 - 11s - loss: 0.4755 - val_loss: 0.5330
Epoch 24/50
 - 11s - loss: 0.4745 - val_loss: 0.5279
Epoch 25/50
 - 12s - loss: 0.4720 - val_loss: 0.5278
Epoch 26/50
 - 13s - loss: 0.4712 - val_loss: 0.5258
Epoch 27/50
 - 13s - loss: 0.4697 - val_loss: 0.5244
Epoch 28/50
 - 13s - loss: 0.4670 - val_loss: 0.5224
Epoch 29/50
 - 13s - loss: 0.4664 - val_loss: 0.5229
Epoch 30/50
 - 12s - loss: 0.4654 - val_loss: 0.6944
Epoch 31/50
 - 13s - loss: 0.4637 - val_loss: 0.5192
Epoch 32/50
 - 13s - loss: 0.4633 - val_loss: 0.5150
Epoch 33/50
 - 13s - loss: 0.4616 - val_loss: 0.5153
Epoch 34/50
 - 13s - loss: 0.4601 - val_loss: 0.5160
Epoch 35/50
 - 13s - loss: 0.4589 - val_loss: 0.5092
Epoch 36/50
 - 12s - loss: 0.4587 - val_loss: 0.5093
Epoch 37/50
 - 12s - loss: 0.4568 - val_loss: 0.5083
Epoch 38/50
 - 10s - loss: 0.4555 - val_loss: 0.5099
Epoch 39/50
 - 11s - loss: 0.4550 - val_loss: 0.5080
Epoch 40/50
 - 11s - loss: 0.4534 - val_loss: 0.5108
Epoch 41/50
 - 11s - loss: 0.4528 - val_loss: 0.5064
Epoch 42/50
 - 11s - loss: 0.4512 - val_loss: 0.5063
Epoch 43/50
 - 11s - loss: 0.4513 - val_loss: 0.5078
Epoch 44/50
 - 10s - loss: 0.4492 - val_loss: 0.5070
Epoch 45/50
 - 9s - loss: 0.4485 - val_loss: 0.5051
Epoch 46/50
 - 9s - loss: 0.4483 - val_loss: 0.5045
Epoch 47/50
 - 9s - loss: 0.4461 - val_loss: 0.5035
Epoch 48/50
 - 8s - loss: 0.4455 - val_loss: 0.5039
Epoch 49/50
 - 9s - loss: 0.4445 - val_loss: 0.5058
Epoch 50/50
 - 9s - loss: 0.4434 - val_loss: 0.5018
Got result 0.506145869153
Completed successfully in 1966.68 seconds. [{u'main': 0.5061458691531691}]
[38;2;74;176;245m[1mProfile[0m ⏱  ···· Time elapsed in [1mFold 3/3[0m: ............................... [1m632.2s[0m
[38;2;74;176;245m[1mProfile[0m ⏱  ·· Time elapsed in [1mClassifier-only fit, cross-validation[0m: ... [1m1885.6s[0m
[38;2;74;176;245m[1mProfile[0m ⏱  Time elapsed in [1m@main[0m: ...................................... [1m1940.4s[0m
cd: Going back to /exports/eddie3_homes_local/s1562020/work/adversarial/optimisation/experiments/classifier
