Job launching after 3.13 seconds in submission.
Running python job.
Changed into dir /exports/eddie3_homes_local/s1562020/work/adversarial/optimisation/experiments/classifier
Importing optimise.py
Running optimise.main()
INFO: Applying patch '/exports/eddie3_homes_local/s1562020/work/adversarial/optimisation/experiments/classifier/patches/patch.00000011.json'
INFO: Found 20 Intel(R) Xeon(R) CPU E5-2630 v4 @ 2.20GHz devices with 10 cores each.
Using TensorFlow backend.
INFO: Scaling classifier/lr -1 -> 0.1
INFO: Scaling classifier/decay -2 -> 0.01
INFO: Scaling classifier/units 1 -> 2
INFO: Writing TensorBoard logs to 'logs/tensorboard/classifier-patch.00000011/'
INFO: Running '/exports/eddie3_homes_local/s1562020/work/adversarial/run/adversarial/common.pyc'
INFO: Command-line arguments:
INFO: Configuration file contents:
INFO: Python version: 2.7.14
INFO: Numpy  version: 1.12.1
INFO: Keras  version: 2.1.5
INFO: Using keras backend: 'tensorflow'
INFO: Found  1000000 training and  1000249 test samples for signal
INFO: Found  1000000 training and 10000000 test samples for background
INFO: load_data: Selecting only training data.
INFO: Implementing gradient reversal layer in TensorFlow
INFO: Training cross-validation classifiers
Call to main function (#11)
  Parameters: {u'classifier/model/default/units': array([1]), u'classifier/compile/decay': array([-2]), u'classifier/model/default/dropout': array([ 0.4896916]), u'classifier/compile/lr': array([-1]), u'classifier/model/architecture': array([1]), u'classifier/model/default/activation': [u'tanh']}
param: classifier/model/default/units
param: classifier/compile/decay
param: classifier/model/default/dropout
param: classifier/compile/lr
param: classifier/model/architecture
param: classifier/model/default/activation
- - - - - - - - - - - - - - - - - - - - - - - - - - - - - - - - - - - - - - - - 
Saving the following patch to '/exports/eddie3_homes_local/s1562020/work/adversarial/optimisation/experiments/classifier/patches/patch.00000011.json':
{u'classifier': {u'compile': {u'lr': -1, u'decay': -2}, u'model': {u'default': {u'units': 1, u'dropout': 0.48969159951515545, u'activation': u'tanh'}, u'architecture': 1}, 'fit': {'epochs': 50, 'batch_size': 8192}}}
- - - - - - - - - - - - - - - - - - - - - - - - - - - - - - - - - - - - - - - - 
cd: Going to /exports/eddie3_homes_local/s1562020/work/adversarial/
[38;2;74;176;245m[1mProfile[0m ⏱  Starting [1m@main[0m
[38;2;74;176;245m[1mProfile[0m ⏱  ·· Starting [1mInitialisation[0m
[38;2;74;176;245m[1mProfile[0m ⏱  ···· Starting [1m@initialise[0m
[38;2;74;176;245m[1mProfile[0m ⏱  ···· Time elapsed in [1m@initialise[0m: .............................. [1m0.0s[0m
[38;2;74;176;245m[1mProfile[0m ⏱  ···· Starting [1m@initialise_backend[0m
[38;2;74;176;245m[1mProfile[0m ⏱  ······ Starting [1m@configure_tensorflow[0m
[38;2;74;176;245m[1mProfile[0m ⏱  ······ Time elapsed in [1m@configure_tensorflow[0m: ................. [1m11.4s[0m
[38;2;74;176;245m[1mProfile[0m ⏱  ···· Time elapsed in [1m@initialise_backend[0m: ..................... [1m12.0s[0m
{'config': './configs/default.json',
 'devices': 7,
 'folds': 3,
 'gpu': True,
 'input': './input/',
 'jobname': 'classifier-patch.00000011',
 'mode': 'gpu',
 'optimise_adversarial': False,
 'optimise_classifier': True,
 'output': './output/',
 'patches': ['/exports/eddie3_homes_local/s1562020/work/adversarial/optimisation/experiments/classifier/patches/patch.00000011.json'],
 'tensorboard': True,
 'theano': False,
 'train': False,
 'train_adversarial': False,
 'train_classifier': True,
 'verbose': False}
{u'adversary': {u'compile': {},
                u'fit': {},
                u'model': {u'architecture': [{}, {}, {}, {}],
                           u'default': {u'activation': u'relu',
                                        u'units': 64},
                           u'gmm_components': 5}},
 u'classifier': {u'compile': {u'loss': u'binary_crossentropy',
                              u'optimizer': <keras.optimizers.Adam object at 0x2b13b62d8310>},
                 u'fit': {u'batch_size': 57344,
                          u'epochs': 50,
                          u'shuffle': True,
                          'verbose': 2},
                 u'model': {u'architecture': [{}],
                            u'default': {u'activation': u'tanh',
                                         u'batchnorm': True,
                                         u'dropout': 0.48969159951515545,
                                         u'units': 2}}},
 u'combined': {u'compile': {u'loss': [u'binary_crossentropy', None],
                            u'loss_weights': [9.090909090909091e-10, 1.0],
                            u'optimizer': <keras.optimizers.Adam object at 0x2b13b62d8350>},
               u'fit': {u'batch_size': 57344,
                        u'epochs': 200,
                        u'shuffle': True,
                        'verbose': 2},
               u'model': {u'lambda_reg': 10.0,
                          u'lr_ratio': 9.090909090909091e-10},
               u'pretrain': 20}}
  TensorFlow version: 1.4.1
[38;2;74;176;245m[1mProfile[0m ⏱  ·· Time elapsed in [1mInitialisation[0m: ............................ [1m12.2s[0m
[38;2;74;176;245m[1mProfile[0m ⏱  ·· Starting [1m@load_data[0m
[38;2;74;176;245m[1mProfile[0m ⏱  ·· Time elapsed in [1m@load_data[0m: ................................ [1m29.7s[0m
[38;2;74;176;245m[1mProfile[0m ⏱  ·· Starting [1m@get_decorrelation_variables[0m
[38;2;74;176;245m[1mProfile[0m ⏱  ·· Time elapsed in [1m@get_decorrelation_variables[0m: ............... [1m0.0s[0m
[38;2;74;176;245m[1mProfile[0m ⏱  ·· Starting [1mClassifier-only fit, cross-validation[0m
[38;2;74;176;245m[1mProfile[0m ⏱  ···· Starting [1mFold 1/3[0m
Train on 1333332 samples, validate on 666668 samples
Epoch 1/50
 - 2s - loss: 0.5734 - val_loss: 0.4873
Epoch 2/50
 - 2s - loss: 0.5421 - val_loss: 0.4885
Epoch 3/50
 - 2s - loss: 0.5356 - val_loss: 0.4880
Epoch 4/50
 - 2s - loss: 0.5322 - val_loss: 0.4843
Epoch 5/50
 - 2s - loss: 0.5330 - val_loss: 0.4887
Epoch 6/50
 - 2s - loss: 0.5319 - val_loss: 0.4899
Epoch 7/50
 - 2s - loss: 0.5317 - val_loss: 0.4823
Epoch 8/50
 - 2s - loss: 0.5323 - val_loss: 0.4843
Epoch 9/50
 - 2s - loss: 0.5327 - val_loss: 0.4864
Epoch 10/50
 - 2s - loss: 0.5317 - val_loss: 0.4797
Epoch 11/50
 - 2s - loss: 0.5324 - val_loss: 0.4880
Epoch 12/50
 - 2s - loss: 0.5320 - val_loss: 0.4819
Epoch 13/50
 - 2s - loss: 0.5322 - val_loss: 0.4829
Epoch 14/50
 - 2s - loss: 0.5328 - val_loss: 0.4829
Epoch 15/50
 - 2s - loss: 0.5324 - val_loss: 0.4820
Epoch 16/50
 - 2s - loss: 0.5314 - val_loss: 0.4857
Epoch 17/50
 - 2s - loss: 0.5321 - val_loss: 0.4853
Epoch 18/50
 - 2s - loss: 0.5315 - val_loss: 0.4802
Epoch 19/50
 - 2s - loss: 0.5321 - val_loss: 0.4771
Epoch 20/50
 - 2s - loss: 0.5317 - val_loss: 0.4826
Epoch 21/50
 - 2s - loss: 0.5339 - val_loss: 0.4798
Epoch 22/50
 - 2s - loss: 0.5324 - val_loss: 0.4814
Epoch 23/50
 - 2s - loss: 0.5325 - val_loss: 0.4846
Epoch 24/50
 - 2s - loss: 0.5325 - val_loss: 0.4849
Epoch 25/50
 - 2s - loss: 0.5319 - val_loss: 0.4859
Epoch 26/50
 - 2s - loss: 0.5317 - val_loss: 0.4856
Epoch 27/50
 - 2s - loss: 0.5328 - val_loss: 0.4863
Epoch 28/50
 - 2s - loss: 0.5319 - val_loss: 0.4798
Epoch 29/50
 - 2s - loss: 0.5318 - val_loss: 0.4828
Epoch 30/50
 - 2s - loss: 0.5312 - val_loss: 0.4839
Epoch 31/50
 - 2s - loss: 0.5324 - val_loss: 0.4832
Epoch 32/50
 - 2s - loss: 0.5323 - val_loss: 0.4815
Epoch 33/50
 - 2s - loss: 0.5323 - val_loss: 0.4812
Epoch 34/50
 - 2s - loss: 0.5320 - val_loss: 0.4810
Epoch 35/50
 - 2s - loss: 0.5318 - val_loss: 0.4834
Epoch 36/50
 - 2s - loss: 0.5319 - val_loss: 0.4821
Epoch 37/50
 - 2s - loss: 0.5320 - val_loss: 0.4827
Epoch 38/50
 - 2s - loss: 0.5321 - val_loss: 0.4824
Epoch 39/50
 - 2s - loss: 0.5320 - val_loss: 0.4827
Epoch 40/50
 - 2s - loss: 0.5326 - val_loss: 0.4836
Epoch 41/50
 - 2s - loss: 0.5320 - val_loss: 0.4858
Epoch 42/50
 - 2s - loss: 0.5323 - val_loss: 0.4840
Epoch 43/50
 - 2s - loss: 0.5331 - val_loss: 0.4852
Epoch 44/50
 - 2s - loss: 0.5323 - val_loss: 0.4827
Epoch 45/50
 - 2s - loss: 0.5317 - val_loss: 0.4873
Epoch 46/50
 - 2s - loss: 0.5318 - val_loss: 0.4792
Epoch 47/50
 - 2s - loss: 0.5326 - val_loss: 0.4861
Epoch 48/50
 - 2s - loss: 0.5315 - val_loss: 0.4818
Epoch 49/50
 - 2s - loss: 0.5313 - val_loss: 0.4840
Epoch 50/50
 - 2s - loss: 0.5315 - val_loss: 0.4830
[38;2;74;176;245m[1mProfile[0m ⏱  ···· Time elapsed in [1mFold 1/3[0m: ............................... [1m103.2s[0m
[38;2;74;176;245m[1mProfile[0m ⏱  ···· Starting [1mFold 2/3[0m
Train on 1333334 samples, validate on 666666 samples
Epoch 1/50
 - 2s - loss: 0.6120 - val_loss: 0.5151
Epoch 2/50
 - 2s - loss: 0.5463 - val_loss: 0.4905
Epoch 3/50
 - 2s - loss: 0.5404 - val_loss: 0.4838
Epoch 4/50
 - 2s - loss: 0.5366 - val_loss: 0.4844
Epoch 5/50
 - 2s - loss: 0.5344 - val_loss: 0.4826
Epoch 6/50
 - 2s - loss: 0.5337 - val_loss: 0.4835
Epoch 7/50
 - 2s - loss: 0.5326 - val_loss: 0.4794
Epoch 8/50
 - 2s - loss: 0.5334 - val_loss: 0.4870
Epoch 9/50
 - 2s - loss: 0.5327 - val_loss: 0.4795
Epoch 10/50
 - 2s - loss: 0.5325 - val_loss: 0.4801
Epoch 11/50
 - 2s - loss: 0.5326 - val_loss: 0.4828
Epoch 12/50
 - 2s - loss: 0.5326 - val_loss: 0.4800
Epoch 13/50
 - 2s - loss: 0.5328 - val_loss: 0.4800
Epoch 14/50
 - 2s - loss: 0.5324 - val_loss: 0.4805
Epoch 15/50
 - 2s - loss: 0.5326 - val_loss: 0.4849
Epoch 16/50
 - 2s - loss: 0.5322 - val_loss: 0.4806
Epoch 17/50
 - 2s - loss: 0.5333 - val_loss: 0.4828
Epoch 18/50
 - 2s - loss: 0.5324 - val_loss: 0.4835
Epoch 19/50
 - 2s - loss: 0.5322 - val_loss: 0.4785
Epoch 20/50
 - 2s - loss: 0.5318 - val_loss: 0.4826
Epoch 21/50
 - 2s - loss: 0.5329 - val_loss: 0.4808
Epoch 22/50
 - 2s - loss: 0.5327 - val_loss: 0.4836
Epoch 23/50
 - 2s - loss: 0.5325 - val_loss: 0.4838
Epoch 24/50
 - 2s - loss: 0.5322 - val_loss: 0.4798
Epoch 25/50
 - 2s - loss: 0.5325 - val_loss: 0.4809
Epoch 26/50
 - 2s - loss: 0.5319 - val_loss: 0.4770
Epoch 27/50
 - 2s - loss: 0.5326 - val_loss: 0.4774
Epoch 28/50
 - 2s - loss: 0.5321 - val_loss: 0.4720
Epoch 29/50
 - 2s - loss: 0.5328 - val_loss: 0.4812
Epoch 30/50
 - 2s - loss: 0.5327 - val_loss: 0.4808
Epoch 31/50
 - 2s - loss: 0.5333 - val_loss: 0.4813
Epoch 32/50
 - 2s - loss: 0.5329 - val_loss: 0.4817
Epoch 33/50
 - 2s - loss: 0.5325 - val_loss: 0.4828
Epoch 34/50
 - 2s - loss: 0.5323 - val_loss: 0.4795
Epoch 35/50
 - 2s - loss: 0.5329 - val_loss: 0.4789
Epoch 36/50
 - 2s - loss: 0.5317 - val_loss: 0.4780
Epoch 37/50
 - 2s - loss: 0.5330 - val_loss: 0.4826
Epoch 38/50
 - 2s - loss: 0.5324 - val_loss: 0.4818
Epoch 39/50
 - 2s - loss: 0.5331 - val_loss: 0.4823
Epoch 40/50
 - 2s - loss: 0.5327 - val_loss: 0.4822
Epoch 41/50
 - 2s - loss: 0.5326 - val_loss: 0.4776
Epoch 42/50
 - 2s - loss: 0.5331 - val_loss: 0.4767
Epoch 43/50
 - 2s - loss: 0.5326 - val_loss: 0.4805
Epoch 44/50
 - 2s - loss: 0.5328 - val_loss: 0.4801
Epoch 45/50
 - 2s - loss: 0.5326 - val_loss: 0.4816
Epoch 46/50
 - 2s - loss: 0.5325 - val_loss: 0.4776
Epoch 47/50
 - 2s - loss: 0.5330 - val_loss: 0.4819
Epoch 48/50
 - 2s - loss: 0.5331 - val_loss: 0.4840
Epoch 49/50
 - 2s - loss: 0.5332 - val_loss: 0.4805
Epoch 50/50
 - 2s - loss: 0.5321 - val_loss: 0.4802
[38;2;74;176;245m[1mProfile[0m ⏱  ···· Time elapsed in [1mFold 2/3[0m: ................................ [1m98.3s[0m
[38;2;74;176;245m[1mProfile[0m ⏱  ···· Starting [1mFold 3/3[0m
Train on 1333334 samples, validate on 666666 samples
Epoch 1/50
 - 2s - loss: 0.6128 - val_loss: 0.5083
Epoch 2/50
 - 2s - loss: 0.5428 - val_loss: 0.4878
Epoch 3/50
 - 2s - loss: 0.5362 - val_loss: 0.4895
Epoch 4/50
 - 2s - loss: 0.5344 - val_loss: 0.4853
Epoch 5/50
 - 2s - loss: 0.5344 - val_loss: 0.4879
Epoch 6/50
 - 2s - loss: 0.5335 - val_loss: 0.4868
Epoch 7/50
 - 2s - loss: 0.5333 - val_loss: 0.4794
Epoch 8/50
 - 2s - loss: 0.5330 - val_loss: 0.4827
Epoch 9/50
 - 2s - loss: 0.5327 - val_loss: 0.4821
Epoch 10/50
 - 2s - loss: 0.5322 - val_loss: 0.4813
Epoch 11/50
 - 2s - loss: 0.5334 - val_loss: 0.4829
Epoch 12/50
 - 2s - loss: 0.5321 - val_loss: 0.4841
Epoch 13/50
 - 2s - loss: 0.5321 - val_loss: 0.4821
Epoch 14/50
 - 2s - loss: 0.5330 - val_loss: 0.4819
Epoch 15/50
 - 2s - loss: 0.5322 - val_loss: 0.4798
Epoch 16/50
 - 2s - loss: 0.5319 - val_loss: 0.4828
Epoch 17/50
 - 2s - loss: 0.5320 - val_loss: 0.4807
Epoch 18/50
 - 2s - loss: 0.5322 - val_loss: 0.4807
Epoch 19/50
 - 2s - loss: 0.5322 - val_loss: 0.4865
Epoch 20/50
 - 3s - loss: 0.5324 - val_loss: 0.4835
Epoch 21/50
 - 2s - loss: 0.5322 - val_loss: 0.4822
Epoch 22/50
 - 2s - loss: 0.5313 - val_loss: 0.4827
Epoch 23/50
 - 2s - loss: 0.5316 - val_loss: 0.4837
Epoch 24/50
 - 2s - loss: 0.5324 - val_loss: 0.4838
Epoch 25/50
 - 2s - loss: 0.5319 - val_loss: 0.4798
Epoch 26/50
 - 2s - loss: 0.5318 - val_loss: 0.4810
Epoch 27/50
 - 2s - loss: 0.5315 - val_loss: 0.4802
Epoch 28/50
 - 2s - loss: 0.5331 - val_loss: 0.4837
Epoch 29/50
 - 2s - loss: 0.5317 - val_loss: 0.4799
Epoch 30/50
 - 2s - loss: 0.5324 - val_loss: 0.4798
Epoch 31/50
 - 2s - loss: 0.5314 - val_loss: 0.4812
Epoch 32/50
 - 2s - loss: 0.5321 - val_loss: 0.4841
Epoch 33/50
 - 2s - loss: 0.5325 - val_loss: 0.4839
Epoch 34/50
 - 2s - loss: 0.5322 - val_loss: 0.4836
Epoch 35/50
 - 2s - loss: 0.5318 - val_loss: 0.4851
Epoch 36/50
 - 2s - loss: 0.5322 - val_loss: 0.4837
Epoch 37/50
 - 2s - loss: 0.5316 - val_loss: 0.4803
Epoch 38/50
 - 2s - loss: 0.5327 - val_loss: 0.4815
Epoch 39/50
 - 2s - loss: 0.5321 - val_loss: 0.4850
Epoch 40/50
 - 2s - loss: 0.5324 - val_loss: 0.4833
Epoch 41/50
 - 2s - loss: 0.5328 - val_loss: 0.4823
Epoch 42/50
 - 1s - loss: 0.5321 - val_loss: 0.4818
Epoch 43/50
 - 2s - loss: 0.5324 - val_loss: 0.4817
Epoch 44/50
 - 2s - loss: 0.5315 - val_loss: 0.4832
Epoch 45/50
 - 2s - loss: 0.5321 - val_loss: 0.4814
Epoch 46/50
 - 2s - loss: 0.5326 - val_loss: 0.4820
Epoch 47/50
 - 2s - loss: 0.5317 - val_loss: 0.4817
Epoch 48/50
 - 2s - loss: 0.5318 - val_loss: 0.4842
Epoch 49/50
 - 2s - loss: 0.5320 - val_loss: 0.4816
Epoch 50/50
 - 2s - loss: 0.5317 - val_loss: 0.4820
Got result 0.482867051625
Completed successfully in 361.00 seconds. [{u'main': 0.4828670516249886}]
[38;2;74;176;245m[1mProfile[0m ⏱  ···· Time elapsed in [1mFold 3/3[0m: ................................ [1m98.2s[0m
[38;2;74;176;245m[1mProfile[0m ⏱  ·· Time elapsed in [1mClassifier-only fit, cross-validation[0m: .... [1m300.3s[0m
[38;2;74;176;245m[1mProfile[0m ⏱  Time elapsed in [1m@main[0m: ....................................... [1m342.4s[0m
cd: Going back to /exports/eddie3_homes_local/s1562020/work/adversarial/optimisation/experiments/classifier
