Job launching after 5.11 seconds in submission.
Running python job.
Changed into dir /exports/eddie3_homes_local/s1562020/work/adversarial/optimisation/experiments/classifier
Importing optimise.py
Running optimise.main()
INFO: Applying patch '/exports/eddie3_homes_local/s1562020/work/adversarial/optimisation/experiments/classifier/patches/patch.00000079.json'
INFO: Found 20 Intel(R) Xeon(R) CPU E5-2630 v4 @ 2.20GHz devices with 10 cores each.
Using TensorFlow backend.
INFO: Scaling classifier/lr -1 -> 0.1
INFO: Scaling classifier/decay -6 -> 1e-06
INFO: Scaling classifier/units 9 -> 512
INFO: Writing TensorBoard logs to 'logs/tensorboard/classifier-patch.00000079/'
INFO: Running '/exports/eddie3_homes_local/s1562020/work/adversarial/run/adversarial/common.pyc'
INFO: Command-line arguments:
INFO: Configuration file contents:
INFO: Python version: 2.7.14
INFO: Numpy  version: 1.12.1
INFO: Keras  version: 2.1.5
INFO: Using keras backend: 'tensorflow'
INFO: Found  1000000 training and  1000249 test samples for signal
INFO: Found  1000000 training and 10000000 test samples for background
INFO: load_data: Selecting only training data.
INFO: Implementing gradient reversal layer in TensorFlow
INFO: Training cross-validation classifiers
Call to main function (#79)
  Parameters: {u'classifier/model/default/units': array([9]), u'classifier/compile/decay': array([-6]), u'classifier/model/default/dropout': array([ 0.48157293]), u'classifier/compile/lr': array([-1]), u'classifier/model/architecture': array([1]), u'classifier/model/default/activation': [u'relu']}
param: classifier/model/default/units
param: classifier/compile/decay
param: classifier/model/default/dropout
param: classifier/compile/lr
param: classifier/model/architecture
param: classifier/model/default/activation
- - - - - - - - - - - - - - - - - - - - - - - - - - - - - - - - - - - - - - - - 
Saving the following patch to '/exports/eddie3_homes_local/s1562020/work/adversarial/optimisation/experiments/classifier/patches/patch.00000079.json':
{u'classifier': {u'compile': {u'lr': -1, u'decay': -6}, u'model': {u'default': {u'units': 9, u'dropout': 0.48157292741642643, u'activation': u'relu'}, u'architecture': 1}, 'fit': {'epochs': 50, 'batch_size': 8192}}}
- - - - - - - - - - - - - - - - - - - - - - - - - - - - - - - - - - - - - - - - 
cd: Going to /exports/eddie3_homes_local/s1562020/work/adversarial/
[38;2;74;176;245m[1mProfile[0m ⏱  Starting [1m@main[0m
[38;2;74;176;245m[1mProfile[0m ⏱  ·· Starting [1mInitialisation[0m
[38;2;74;176;245m[1mProfile[0m ⏱  ···· Starting [1m@initialise[0m
[38;2;74;176;245m[1mProfile[0m ⏱  ···· Time elapsed in [1m@initialise[0m: .............................. [1m0.0s[0m
[38;2;74;176;245m[1mProfile[0m ⏱  ···· Starting [1m@initialise_backend[0m
[38;2;74;176;245m[1mProfile[0m ⏱  ······ Starting [1m@configure_tensorflow[0m
[38;2;74;176;245m[1mProfile[0m ⏱  ······ Time elapsed in [1m@configure_tensorflow[0m: ................. [1m14.6s[0m
[38;2;74;176;245m[1mProfile[0m ⏱  ···· Time elapsed in [1m@initialise_backend[0m: ..................... [1m15.4s[0m
{'config': './configs/default.json',
 'devices': 7,
 'folds': 3,
 'gpu': True,
 'input': './input/',
 'jobname': 'classifier-patch.00000079',
 'mode': 'gpu',
 'optimise_adversarial': False,
 'optimise_classifier': True,
 'output': './output/',
 'patches': ['/exports/eddie3_homes_local/s1562020/work/adversarial/optimisation/experiments/classifier/patches/patch.00000079.json'],
 'tensorboard': True,
 'theano': False,
 'train': False,
 'train_adversarial': False,
 'train_classifier': True,
 'verbose': False}
{u'adversary': {u'compile': {},
                u'fit': {},
                u'model': {u'architecture': [{}, {}, {}, {}],
                           u'default': {u'activation': u'relu',
                                        u'units': 64},
                           u'gmm_components': 5}},
 u'classifier': {u'compile': {u'loss': u'binary_crossentropy',
                              u'optimizer': <keras.optimizers.Adam object at 0x2b4384fc82d0>},
                 u'fit': {u'batch_size': 57344,
                          u'epochs': 50,
                          u'shuffle': True,
                          'verbose': 2},
                 u'model': {u'architecture': [{}],
                            u'default': {u'activation': u'relu',
                                         u'batchnorm': True,
                                         u'dropout': 0.48157292741642643,
                                         u'units': 512}}},
 u'combined': {u'compile': {u'loss': [u'binary_crossentropy', None],
                            u'loss_weights': [1.8181818181818182e-09, 1.0],
                            u'optimizer': <keras.optimizers.Adam object at 0x2b4384fc83d0>},
               u'fit': {u'batch_size': 57344,
                        u'epochs': 500,
                        u'shuffle': True,
                        'verbose': 2},
               u'model': {u'lambda_reg': 10.0,
                          u'lr_ratio': 1.8181818181818182e-09},
               u'pretrain': 10}}
  TensorFlow version: 1.4.1
[38;2;74;176;245m[1mProfile[0m ⏱  ·· Time elapsed in [1mInitialisation[0m: ............................ [1m15.5s[0m
[38;2;74;176;245m[1mProfile[0m ⏱  ·· Starting [1m@load_data[0m
[38;2;74;176;245m[1mProfile[0m ⏱  ·· Time elapsed in [1m@load_data[0m: ................................ [1m31.6s[0m
[38;2;74;176;245m[1mProfile[0m ⏱  ·· Starting [1m@get_decorrelation_variables[0m
[38;2;74;176;245m[1mProfile[0m ⏱  ·· Time elapsed in [1m@get_decorrelation_variables[0m: ............... [1m0.0s[0m
[38;2;74;176;245m[1mProfile[0m ⏱  ·· Starting [1mClassifier-only fit, cross-validation[0m
[38;2;74;176;245m[1mProfile[0m ⏱  ···· Starting [1mFold 1/3[0m
Train on 1333332 samples, validate on 666668 samples
Epoch 1/50
 - 2s - loss: 0.6776 - val_loss: 0.4495
Epoch 2/50
 - 2s - loss: 0.4373 - val_loss: 0.3990
Epoch 3/50
 - 2s - loss: 0.4083 - val_loss: 0.3912
Epoch 4/50
 - 2s - loss: 0.4031 - val_loss: 0.3919
Epoch 5/50
 - 2s - loss: 0.4003 - val_loss: 0.3896
Epoch 6/50
 - 2s - loss: 0.3978 - val_loss: 0.3914
Epoch 7/50
 - 2s - loss: 0.3961 - val_loss: 0.3908
Epoch 8/50
 - 2s - loss: 0.3970 - val_loss: 0.3818
Epoch 9/50
 - 2s - loss: 0.3935 - val_loss: 0.3942
Epoch 10/50
 - 2s - loss: 0.3942 - val_loss: 0.3829
Epoch 11/50
 - 2s - loss: 0.3943 - val_loss: 0.3855
Epoch 12/50
 - 2s - loss: 0.3920 - val_loss: 0.3851
Epoch 13/50
 - 2s - loss: 0.3959 - val_loss: 0.3853
Epoch 14/50
 - 2s - loss: 0.3926 - val_loss: 0.3865
Epoch 15/50
 - 2s - loss: 0.3920 - val_loss: 0.3977
Epoch 16/50
 - 2s - loss: 0.3947 - val_loss: 0.3832
Epoch 17/50
 - 2s - loss: 0.3908 - val_loss: 0.3810
Epoch 18/50
 - 2s - loss: 0.3883 - val_loss: 0.3795
Epoch 19/50
 - 2s - loss: 0.3901 - val_loss: 0.3809
Epoch 20/50
 - 2s - loss: 0.3893 - val_loss: 0.3867
Epoch 21/50
 - 2s - loss: 0.3921 - val_loss: 0.3755
Epoch 22/50
 - 2s - loss: 0.3892 - val_loss: 0.3776
Epoch 23/50
 - 2s - loss: 0.3917 - val_loss: 0.3870
Epoch 24/50
 - 2s - loss: 0.3894 - val_loss: 0.3781
Epoch 25/50
 - 2s - loss: 0.3946 - val_loss: 0.3885
Epoch 26/50
 - 2s - loss: 0.3927 - val_loss: 0.3825
Epoch 27/50
 - 2s - loss: 0.3900 - val_loss: 0.3752
Epoch 28/50
 - 2s - loss: 0.3893 - val_loss: 0.3806
Epoch 29/50
 - 2s - loss: 0.3888 - val_loss: 0.3779
Epoch 30/50
 - 2s - loss: 0.3882 - val_loss: 0.3746
Epoch 31/50
 - 2s - loss: 0.3875 - val_loss: 0.3795
Epoch 32/50
 - 2s - loss: 0.3905 - val_loss: 0.3815
Epoch 33/50
 - 2s - loss: 0.3896 - val_loss: 0.3764
Epoch 34/50
 - 2s - loss: 0.3934 - val_loss: 0.3788
Epoch 35/50
 - 1s - loss: 0.3898 - val_loss: 0.3788
Epoch 36/50
 - 1s - loss: 0.3883 - val_loss: 0.3785
Epoch 37/50
 - 1s - loss: 0.3883 - val_loss: 0.3759
Epoch 38/50
 - 2s - loss: 0.3874 - val_loss: 0.3795
Epoch 39/50
 - 2s - loss: 0.3883 - val_loss: 0.3798
Epoch 40/50
 - 2s - loss: 0.3922 - val_loss: 0.3825
Epoch 41/50
 - 2s - loss: 0.3894 - val_loss: 0.3849
Epoch 42/50
 - 2s - loss: 0.3945 - val_loss: 0.3942
Epoch 43/50
 - 2s - loss: 0.3913 - val_loss: 0.3895
Epoch 44/50
 - 1s - loss: 0.3898 - val_loss: 0.3983
Epoch 45/50
 - 2s - loss: 0.3946 - val_loss: 0.3880
Epoch 46/50
 - 1s - loss: 0.3910 - val_loss: 0.3908
Epoch 47/50
 - 1s - loss: 0.3940 - val_loss: 0.3934
Epoch 48/50
 - 1s - loss: 0.3929 - val_loss: 0.3884
Epoch 49/50
 - 2s - loss: 0.3916 - val_loss: 0.3842
Epoch 50/50
 - 1s - loss: 0.3941 - val_loss: 0.3859
[38;2;74;176;245m[1mProfile[0m ⏱  ···· Time elapsed in [1mFold 1/3[0m: ............................... [1m113.4s[0m
[38;2;74;176;245m[1mProfile[0m ⏱  ···· Starting [1mFold 2/3[0m
Train on 1333334 samples, validate on 666666 samples
Epoch 1/50
 - 2s - loss: 7.6061 - val_loss: 8.0482
Epoch 2/50
 - 2s - loss: 8.0612 - val_loss: 8.0482
Epoch 3/50
 - 1s - loss: 8.0612 - val_loss: 8.0482
Epoch 4/50
 - 2s - loss: 8.0612 - val_loss: 8.0482
Epoch 5/50
 - 2s - loss: 8.0612 - val_loss: 8.0482
Epoch 6/50
 - 1s - loss: 8.0612 - val_loss: 8.0482
Epoch 7/50
 - 2s - loss: 8.0612 - val_loss: 8.0482
Epoch 8/50
 - 2s - loss: 8.0612 - val_loss: 8.0482
Epoch 9/50
 - 2s - loss: 8.0612 - val_loss: 8.0482
Epoch 10/50
 - 1s - loss: 8.0612 - val_loss: 8.0482
Epoch 11/50
 - 1s - loss: 8.0612 - val_loss: 8.0482
Epoch 12/50
 - 2s - loss: 8.0612 - val_loss: 8.0482
Epoch 13/50
 - 2s - loss: 8.0612 - val_loss: 8.0482
Epoch 14/50
 - 1s - loss: 8.0612 - val_loss: 8.0482
Epoch 15/50
 - 2s - loss: 8.0612 - val_loss: 8.0482
Epoch 16/50
 - 2s - loss: 8.0612 - val_loss: 8.0482
Epoch 17/50
 - 1s - loss: 8.0612 - val_loss: 8.0482
Epoch 18/50
 - 2s - loss: 8.0612 - val_loss: 8.0482
Epoch 19/50
 - 2s - loss: 8.0612 - val_loss: 8.0482
Epoch 20/50
 - 2s - loss: 8.0612 - val_loss: 8.0482
Epoch 21/50
 - 2s - loss: 8.0612 - val_loss: 8.0482
Epoch 22/50
 - 1s - loss: 8.0612 - val_loss: 8.0482
Epoch 23/50
 - 2s - loss: 8.0612 - val_loss: 8.0482
Epoch 24/50
 - 1s - loss: 8.0612 - val_loss: 8.0482
Epoch 25/50
 - 1s - loss: 8.0612 - val_loss: 8.0482
Epoch 26/50
 - 2s - loss: 8.0612 - val_loss: 8.0482
Epoch 27/50
 - 1s - loss: 8.0612 - val_loss: 8.0482
Epoch 28/50
 - 1s - loss: 8.0612 - val_loss: 8.0482
Epoch 29/50
 - 2s - loss: 8.0612 - val_loss: 8.0482
Epoch 30/50
 - 2s - loss: 8.0612 - val_loss: 8.0482
Epoch 31/50
 - 1s - loss: 8.0612 - val_loss: 8.0482
Epoch 32/50
 - 1s - loss: 8.0612 - val_loss: 8.0482
Epoch 33/50
 - 3s - loss: 8.0612 - val_loss: 8.0482
Epoch 34/50
 - 2s - loss: 8.0612 - val_loss: 8.0482
Epoch 35/50
 - 1s - loss: 8.0612 - val_loss: 8.0482
Epoch 36/50
 - 2s - loss: 8.0612 - val_loss: 8.0482
Epoch 37/50
 - 1s - loss: 8.0612 - val_loss: 1.3459
Epoch 38/50
 - 1s - loss: 8.0612 - val_loss: 8.0482
Epoch 39/50
 - 2s - loss: 8.0612 - val_loss: 8.0482
Epoch 40/50
 - 2s - loss: 8.0612 - val_loss: 8.0482
Epoch 41/50
 - 1s - loss: 8.0612 - val_loss: 8.0482
Epoch 42/50
 - 2s - loss: 8.0612 - val_loss: 8.0482
Epoch 43/50
 - 1s - loss: 8.0612 - val_loss: 8.0482
Epoch 44/50
 - 2s - loss: 8.0612 - val_loss: 8.0482
Epoch 45/50
 - 2s - loss: 8.0612 - val_loss: 8.0482
Epoch 46/50
 - 1s - loss: 8.0612 - val_loss: 8.0482
Epoch 47/50
 - 2s - loss: 8.0612 - val_loss: 8.0482
Epoch 48/50
 - 2s - loss: 8.0612 - val_loss: 8.0482
Epoch 49/50
 - 2s - loss: 8.0612 - val_loss: 8.0482
Epoch 50/50
 - 1s - loss: 8.0612 - val_loss: 8.0482
[38;2;74;176;245m[1mProfile[0m ⏱  ···· Time elapsed in [1mFold 2/3[0m: ................................ [1m85.0s[0m
[38;2;74;176;245m[1mProfile[0m ⏱  ···· Starting [1mFold 3/3[0m
Train on 1333334 samples, validate on 666666 samples
Epoch 1/50
 - 2s - loss: 4.2662 - val_loss: 3.2332
Epoch 2/50
 - 2s - loss: 3.2560 - val_loss: 3.0333
Epoch 3/50
 - 1s - loss: 3.0554 - val_loss: 2.9604
Epoch 4/50
 - 2s - loss: 3.2152 - val_loss: 3.1546
Epoch 5/50
 - 1s - loss: 3.1248 - val_loss: 2.9467
Epoch 6/50
 - 1s - loss: 3.0254 - val_loss: 2.9441
Epoch 7/50
 - 1s - loss: 3.0523 - val_loss: 3.0404
Epoch 8/50
 - 1s - loss: 2.9719 - val_loss: 2.9489
Epoch 9/50
 - 1s - loss: 2.9921 - val_loss: 3.0215
Epoch 10/50
 - 1s - loss: 2.9864 - val_loss: 2.9443
Epoch 11/50
 - 1s - loss: 2.9041 - val_loss: 2.8852
Epoch 12/50
 - 1s - loss: 2.9060 - val_loss: 2.8060
Epoch 13/50
 - 1s - loss: 2.8613 - val_loss: 2.8501
Epoch 14/50
 - 1s - loss: 2.8580 - val_loss: 2.7383
Epoch 15/50
 - 1s - loss: 2.8611 - val_loss: 2.7676
Epoch 16/50
 - 2s - loss: 2.8066 - val_loss: 2.7835
Epoch 17/50
 - 2s - loss: 2.9054 - val_loss: 2.7942
Epoch 18/50
 - 2s - loss: 2.8625 - val_loss: 2.8314
Epoch 19/50
 - 1s - loss: 2.8210 - val_loss: 2.7120
Epoch 20/50
 - 1s - loss: 2.8387 - val_loss: 2.7347
Epoch 21/50
 - 1s - loss: 2.9086 - val_loss: 2.9181
Epoch 22/50
 - 1s - loss: 2.8894 - val_loss: 2.7602
Epoch 23/50
 - 1s - loss: 2.8053 - val_loss: 2.6711
Epoch 24/50
 - 1s - loss: 2.9061 - val_loss: 2.8170
Epoch 25/50
 - 1s - loss: 2.8491 - val_loss: 2.8427
Epoch 26/50
 - 1s - loss: 2.9062 - val_loss: 2.9133
Epoch 27/50
 - 1s - loss: 2.9577 - val_loss: 2.8160
Epoch 28/50
 - 1s - loss: 2.8006 - val_loss: 2.6794
Epoch 29/50
 - 2s - loss: 2.7951 - val_loss: 2.6680
Epoch 30/50
 - 1s - loss: 2.7340 - val_loss: 2.6602
Epoch 31/50
 - 1s - loss: 2.7314 - val_loss: 2.6229
Epoch 32/50
 - 1s - loss: 2.7206 - val_loss: 2.7809
Epoch 33/50
 - 1s - loss: 2.7924 - val_loss: 2.6794
Epoch 34/50
 - 1s - loss: 2.7440 - val_loss: 2.7063
Epoch 35/50
 - 1s - loss: 2.7917 - val_loss: 2.6734
Epoch 36/50
 - 1s - loss: 2.8497 - val_loss: 2.6777
Epoch 37/50
 - 1s - loss: 2.7414 - val_loss: 2.6162
Epoch 38/50
 - 1s - loss: 2.7515 - val_loss: 2.6232
Epoch 39/50
 - 1s - loss: 2.7074 - val_loss: 2.6719
Epoch 40/50
 - 1s - loss: 2.7200 - val_loss: 2.6563
Epoch 41/50
 - 1s - loss: 2.7263 - val_loss: 2.6927
Epoch 42/50
 - 1s - loss: 2.7555 - val_loss: 2.6874
Epoch 43/50
 - 1s - loss: 2.7197 - val_loss: 2.6681
Epoch 44/50
 - 1s - loss: 3.0116 - val_loss: 2.8133
Epoch 45/50
 - 1s - loss: 2.8359 - val_loss: 2.7489
Epoch 46/50
 - 1s - loss: 2.7943 - val_loss: 2.7725
Epoch 47/50
 - 1s - loss: 2.7549 - val_loss: 2.6861
Epoch 48/50
 - 1s - loss: 2.7622 - val_loss: 2.6673
Epoch 49/50
 - 2s - loss: 2.7612 - val_loss: 2.7395
Epoch 50/50
 - 1s - loss: 2.7926 - val_loss: 2.7045
Got result 6.92122978531
Completed successfully in 343.84 seconds. [{u'main': 6.921229785308583}]
[38;2;74;176;245m[1mProfile[0m ⏱  ···· Time elapsed in [1mFold 3/3[0m: ................................ [1m75.6s[0m
[38;2;74;176;245m[1mProfile[0m ⏱  ·· Time elapsed in [1mClassifier-only fit, cross-validation[0m: .... [1m274.7s[0m
[38;2;74;176;245m[1mProfile[0m ⏱  Time elapsed in [1m@main[0m: ....................................... [1m322.1s[0m
cd: Going back to /exports/eddie3_homes_local/s1562020/work/adversarial/optimisation/experiments/classifier
