Job launching after 4.81 seconds in submission.
Running python job.
Changed into dir /exports/eddie3_homes_local/s1562020/work/adversarial/optimisation/experiments/classifier
Importing optimise.py
Running optimise.main()
INFO: Applying patch '/exports/eddie3_homes_local/s1562020/work/adversarial/optimisation/experiments/classifier/patches/patch.00000028.json'
INFO: Found 20 Intel(R) Xeon(R) CPU E5-2630 v4 @ 2.20GHz devices with 10 cores each.
Using TensorFlow backend.
INFO: Scaling classifier/lr -3 -> 0.001
INFO: Scaling classifier/decay -2 -> 0.01
INFO: Scaling classifier/units 9 -> 512
INFO: Writing TensorBoard logs to 'logs/tensorboard/classifier-patch.00000028/'
INFO: Running '/exports/eddie3_homes_local/s1562020/work/adversarial/run/adversarial/common.pyc'
INFO: Command-line arguments:
INFO: Configuration file contents:
INFO: Python version: 2.7.14
INFO: Numpy  version: 1.12.1
INFO: Keras  version: 2.1.5
INFO: Using keras backend: 'tensorflow'
INFO: Found  1000000 training and  1000249 test samples for signal
INFO: Found  1000000 training and 10000000 test samples for background
INFO: load_data: Selecting only training data.
INFO: Implementing gradient reversal layer in TensorFlow
INFO: Training cross-validation classifiers
Call to main function (#28)
  Parameters: {u'classifier/model/default/units': array([9]), u'classifier/compile/decay': array([-2]), u'classifier/model/default/dropout': array([ 0.]), u'classifier/compile/lr': array([-3]), u'classifier/model/architecture': array([6]), u'classifier/model/default/activation': [u'relu']}
param: classifier/model/default/units
param: classifier/compile/decay
param: classifier/model/default/dropout
param: classifier/compile/lr
param: classifier/model/architecture
param: classifier/model/default/activation
- - - - - - - - - - - - - - - - - - - - - - - - - - - - - - - - - - - - - - - - 
Saving the following patch to '/exports/eddie3_homes_local/s1562020/work/adversarial/optimisation/experiments/classifier/patches/patch.00000028.json':
{u'classifier': {u'compile': {u'lr': -3, u'decay': -2}, u'model': {u'default': {u'units': 9, u'dropout': 0.0, u'activation': u'relu'}, u'architecture': 6}, 'fit': {'epochs': 50, 'batch_size': 8192}}}
- - - - - - - - - - - - - - - - - - - - - - - - - - - - - - - - - - - - - - - - 
cd: Going to /exports/eddie3_homes_local/s1562020/work/adversarial/
[38;2;74;176;245m[1mProfile[0m ⏱  Starting [1m@main[0m
[38;2;74;176;245m[1mProfile[0m ⏱  ·· Starting [1mInitialisation[0m
[38;2;74;176;245m[1mProfile[0m ⏱  ···· Starting [1m@initialise[0m
[38;2;74;176;245m[1mProfile[0m ⏱  ···· Time elapsed in [1m@initialise[0m: .............................. [1m0.0s[0m
[38;2;74;176;245m[1mProfile[0m ⏱  ···· Starting [1m@initialise_backend[0m
[38;2;74;176;245m[1mProfile[0m ⏱  ······ Starting [1m@configure_tensorflow[0m
[38;2;74;176;245m[1mProfile[0m ⏱  ······ Time elapsed in [1m@configure_tensorflow[0m: ................. [1m16.2s[0m
[38;2;74;176;245m[1mProfile[0m ⏱  ···· Time elapsed in [1m@initialise_backend[0m: ..................... [1m17.2s[0m
{'config': './configs/default.json',
 'devices': 7,
 'folds': 3,
 'gpu': True,
 'input': './input/',
 'jobname': 'classifier-patch.00000028',
 'mode': 'gpu',
 'optimise_adversarial': False,
 'optimise_classifier': True,
 'output': './output/',
 'patches': ['/exports/eddie3_homes_local/s1562020/work/adversarial/optimisation/experiments/classifier/patches/patch.00000028.json'],
 'tensorboard': True,
 'theano': False,
 'train': False,
 'train_adversarial': False,
 'train_classifier': True,
 'verbose': False}
{u'adversary': {u'compile': {},
                u'fit': {},
                u'model': {u'architecture': [{}, {}, {}, {}],
                           u'default': {u'activation': u'relu',
                                        u'units': 64},
                           u'gmm_components': 5}},
 u'classifier': {u'compile': {u'loss': u'binary_crossentropy',
                              u'optimizer': <keras.optimizers.Adam object at 0x2b89d47e1310>},
                 u'fit': {u'batch_size': 57344,
                          u'epochs': 50,
                          u'shuffle': True,
                          'verbose': 2},
                 u'model': {u'architecture': [{}, {}, {}, {}, {}, {}],
                            u'default': {u'activation': u'relu',
                                         u'batchnorm': True,
                                         u'dropout': 0.0,
                                         u'units': 512}}},
 u'combined': {u'compile': {u'loss': [u'binary_crossentropy', None],
                            u'loss_weights': [1.8181818181818182e-09, 1.0],
                            u'optimizer': <keras.optimizers.Adam object at 0x2b89d47e1350>},
               u'fit': {u'batch_size': 57344,
                        u'epochs': 100,
                        u'shuffle': True,
                        'verbose': 2},
               u'model': {u'lambda_reg': 10.0,
                          u'lr_ratio': 1.8181818181818182e-09},
               u'pretrain': 10}}
  TensorFlow version: 1.4.1
[38;2;74;176;245m[1mProfile[0m ⏱  ·· Time elapsed in [1mInitialisation[0m: ............................ [1m17.3s[0m
[38;2;74;176;245m[1mProfile[0m ⏱  ·· Starting [1m@load_data[0m
[38;2;74;176;245m[1mProfile[0m ⏱  ·· Time elapsed in [1m@load_data[0m: ................................ [1m36.5s[0m
[38;2;74;176;245m[1mProfile[0m ⏱  ·· Starting [1m@get_decorrelation_variables[0m
[38;2;74;176;245m[1mProfile[0m ⏱  ·· Time elapsed in [1m@get_decorrelation_variables[0m: ............... [1m0.0s[0m
[38;2;74;176;245m[1mProfile[0m ⏱  ·· Starting [1mClassifier-only fit, cross-validation[0m
[38;2;74;176;245m[1mProfile[0m ⏱  ···· Starting [1mFold 1/3[0m
Train on 1333332 samples, validate on 666668 samples
Epoch 1/50
 - 8s - loss: 0.4330 - val_loss: 0.3864
Epoch 2/50
 - 6s - loss: 0.3653 - val_loss: 0.3731
Epoch 3/50
 - 6s - loss: 0.3589 - val_loss: 0.3654
Epoch 4/50
 - 6s - loss: 0.3560 - val_loss: 0.3719
Epoch 5/50
 - 6s - loss: 0.3538 - val_loss: 0.3628
Epoch 6/50
 - 6s - loss: 0.3525 - val_loss: 0.3641
Epoch 7/50
 - 6s - loss: 0.3512 - val_loss: 0.3572
Epoch 8/50
 - 6s - loss: 0.3502 - val_loss: 0.3623
Epoch 9/50
 - 5s - loss: 0.3494 - val_loss: 0.3599
Epoch 10/50
 - 5s - loss: 0.3486 - val_loss: 0.3628
Epoch 11/50
 - 6s - loss: 0.3474 - val_loss: 0.3584
Epoch 12/50
 - 6s - loss: 0.3470 - val_loss: 0.3621
Epoch 13/50
 - 6s - loss: 0.3461 - val_loss: 0.3597
Epoch 14/50
 - 6s - loss: 0.3457 - val_loss: 0.3667
Epoch 15/50
 - 6s - loss: 0.3450 - val_loss: 0.3660
Epoch 16/50
 - 6s - loss: 0.3443 - val_loss: 0.3674
Epoch 17/50
 - 6s - loss: 0.3438 - val_loss: 0.3613
Epoch 18/50
 - 6s - loss: 0.3434 - val_loss: 0.3635
Epoch 19/50
 - 6s - loss: 0.3428 - val_loss: 0.3605
Epoch 20/50
 - 6s - loss: 0.3422 - val_loss: 0.3639
Epoch 21/50
 - 6s - loss: 0.3418 - val_loss: 0.3635
Epoch 22/50
 - 6s - loss: 0.3415 - val_loss: 0.3649
Epoch 23/50
 - 5s - loss: 0.3407 - val_loss: 0.3627
Epoch 24/50
 - 6s - loss: 0.3401 - val_loss: 0.3608
Epoch 25/50
 - 6s - loss: 0.3398 - val_loss: 0.3598
Epoch 26/50
 - 6s - loss: 0.3392 - val_loss: 0.3652
Epoch 27/50
 - 7s - loss: 0.3389 - val_loss: 0.3658
Epoch 28/50
 - 6s - loss: 0.3385 - val_loss: 0.3638
Epoch 29/50
 - 6s - loss: 0.3381 - val_loss: 0.3613
Epoch 30/50
 - 6s - loss: 0.3374 - val_loss: 0.3626
Epoch 31/50
 - 6s - loss: 0.3374 - val_loss: 0.3596
Epoch 32/50
 - 6s - loss: 0.3367 - val_loss: 0.3633
Epoch 33/50
 - 6s - loss: 0.3362 - val_loss: 0.3663
Epoch 34/50
 - 6s - loss: 0.3360 - val_loss: 0.3587
Epoch 35/50
 - 6s - loss: 0.3359 - val_loss: 0.3716
Epoch 36/50
 - 5s - loss: 0.3350 - val_loss: 0.3606
Epoch 37/50
 - 5s - loss: 0.3350 - val_loss: 0.3649
Epoch 38/50
 - 5s - loss: 0.3343 - val_loss: 0.3744
Epoch 39/50
 - 6s - loss: 0.3339 - val_loss: 0.3609
Epoch 40/50
 - 6s - loss: 0.3334 - val_loss: 0.3669
Epoch 41/50
 - 6s - loss: 0.3330 - val_loss: 0.3723
Epoch 42/50
 - 6s - loss: 0.3329 - val_loss: 0.3685
Epoch 43/50
 - 6s - loss: 0.3323 - val_loss: 0.3636
Epoch 44/50
 - 6s - loss: 0.3322 - val_loss: 0.3650
Epoch 45/50
 - 6s - loss: 0.3319 - val_loss: 0.3647
Epoch 46/50
 - 5s - loss: 0.3316 - val_loss: 0.3669
Epoch 47/50
 - 5s - loss: 0.3311 - val_loss: 0.3612
Epoch 48/50
 - 5s - loss: 0.3305 - val_loss: 0.3667
Epoch 49/50
 - 5s - loss: 0.3307 - val_loss: 0.3667
Epoch 50/50
 - 5s - loss: 0.3303 - val_loss: 0.3691
[38;2;74;176;245m[1mProfile[0m ⏱  ···· Time elapsed in [1mFold 1/3[0m: ............................... [1m332.1s[0m
[38;2;74;176;245m[1mProfile[0m ⏱  ···· Starting [1mFold 2/3[0m
Train on 1333334 samples, validate on 666666 samples
Epoch 1/50
 - 8s - loss: 0.4360 - val_loss: 0.3814
Epoch 2/50
 - 6s - loss: 0.3681 - val_loss: 0.3655
Epoch 3/50
 - 5s - loss: 0.3603 - val_loss: 0.3663
Epoch 4/50
 - 5s - loss: 0.3568 - val_loss: 0.3612
Epoch 5/50
 - 5s - loss: 0.3547 - val_loss: 0.3612
Epoch 6/50
 - 5s - loss: 0.3533 - val_loss: 0.3607
Epoch 7/50
 - 5s - loss: 0.3519 - val_loss: 0.3614
Epoch 8/50
 - 4s - loss: 0.3509 - val_loss: 0.3599
Epoch 9/50
 - 4s - loss: 0.3501 - val_loss: 0.3618
Epoch 10/50
 - 4s - loss: 0.3493 - val_loss: 0.3583
Epoch 11/50
 - 4s - loss: 0.3489 - val_loss: 0.3714
Epoch 12/50
 - 4s - loss: 0.3479 - val_loss: 0.3631
Epoch 13/50
 - 5s - loss: 0.3471 - val_loss: 0.3631
Epoch 14/50
 - 4s - loss: 0.3468 - val_loss: 0.3602
Epoch 15/50
 - 4s - loss: 0.3462 - val_loss: 0.3655
Epoch 16/50
 - 5s - loss: 0.3458 - val_loss: 0.3578
Epoch 17/50
 - 4s - loss: 0.3450 - val_loss: 0.3584
Epoch 18/50
 - 5s - loss: 0.3446 - val_loss: 0.3622
Epoch 19/50
 - 4s - loss: 0.3442 - val_loss: 0.3590
Epoch 20/50
 - 5s - loss: 0.3437 - val_loss: 0.3646
Epoch 21/50
 - 4s - loss: 0.3433 - val_loss: 0.3653
Epoch 22/50
 - 5s - loss: 0.3429 - val_loss: 0.3622
Epoch 23/50
 - 4s - loss: 0.3424 - val_loss: 0.3583
Epoch 24/50
 - 5s - loss: 0.3422 - val_loss: 0.3617
Epoch 25/50
 - 5s - loss: 0.3419 - val_loss: 0.3594
Epoch 26/50
 - 5s - loss: 0.3415 - val_loss: 0.3543
Epoch 27/50
 - 4s - loss: 0.3410 - val_loss: 0.3600
Epoch 28/50
 - 4s - loss: 0.3405 - val_loss: 0.3604
Epoch 29/50
 - 5s - loss: 0.3405 - val_loss: 0.3600
Epoch 30/50
 - 5s - loss: 0.3402 - val_loss: 0.3625
Epoch 31/50
 - 5s - loss: 0.3396 - val_loss: 0.3574
Epoch 32/50
 - 4s - loss: 0.3393 - val_loss: 0.3714
Epoch 33/50
 - 4s - loss: 0.3388 - val_loss: 0.3646
Epoch 34/50
 - 4s - loss: 0.3383 - val_loss: 0.3665
Epoch 35/50
 - 4s - loss: 0.3384 - val_loss: 0.3580
Epoch 36/50
 - 4s - loss: 0.3379 - val_loss: 0.3570
Epoch 37/50
 - 4s - loss: 0.3376 - val_loss: 0.3594
Epoch 38/50
 - 4s - loss: 0.3373 - val_loss: 0.3752
Epoch 39/50
 - 4s - loss: 0.3368 - val_loss: 0.3670
Epoch 40/50
 - 5s - loss: 0.3365 - val_loss: 0.3542
Epoch 41/50
 - 5s - loss: 0.3365 - val_loss: 0.3619
Epoch 42/50
 - 5s - loss: 0.3363 - val_loss: 0.3617
Epoch 43/50
 - 5s - loss: 0.3357 - val_loss: 0.3631
Epoch 44/50
 - 5s - loss: 0.3354 - val_loss: 0.3663
Epoch 45/50
 - 5s - loss: 0.3355 - val_loss: 0.3607
Epoch 46/50
 - 5s - loss: 0.3350 - val_loss: 0.7405
Epoch 47/50
 - 5s - loss: 0.3348 - val_loss: 0.3602
Epoch 48/50
 - 5s - loss: 0.3345 - val_loss: 0.3545
Epoch 49/50
 - 5s - loss: 0.3341 - val_loss: 0.3637
Epoch 50/50
 - 6s - loss: 0.3338 - val_loss: 0.3674
[38;2;74;176;245m[1mProfile[0m ⏱  ···· Time elapsed in [1mFold 2/3[0m: ............................... [1m262.3s[0m
[38;2;74;176;245m[1mProfile[0m ⏱  ···· Starting [1mFold 3/3[0m
Train on 1333334 samples, validate on 666666 samples
Epoch 1/50
 - 8s - loss: 0.4450 - val_loss: 0.7728
Epoch 2/50
 - 5s - loss: 0.3721 - val_loss: 0.7067
Epoch 3/50
 - 5s - loss: 0.3626 - val_loss: 0.3646
Epoch 4/50
 - 5s - loss: 0.3588 - val_loss: 0.3659
Epoch 5/50
 - 5s - loss: 0.3564 - val_loss: 0.3626
Epoch 6/50
 - 5s - loss: 0.3545 - val_loss: 0.3660
Epoch 7/50
 - 5s - loss: 0.3532 - val_loss: 0.3652
Epoch 8/50
 - 5s - loss: 0.3520 - val_loss: 0.3608
Epoch 9/50
 - 5s - loss: 0.3510 - val_loss: 0.3658
Epoch 10/50
 - 5s - loss: 0.3500 - val_loss: 0.3665
Epoch 11/50
 - 5s - loss: 0.3494 - val_loss: 0.3657
Epoch 12/50
 - 5s - loss: 0.3487 - val_loss: 0.3669
Epoch 13/50
 - 5s - loss: 0.3480 - val_loss: 0.3665
Epoch 14/50
 - 5s - loss: 0.3474 - val_loss: 0.3669
Epoch 15/50
 - 5s - loss: 0.3469 - val_loss: 0.3634
Epoch 16/50
 - 5s - loss: 0.3463 - val_loss: 0.3639
Epoch 17/50
 - 5s - loss: 0.3459 - val_loss: 0.3614
Epoch 18/50
 - 4s - loss: 0.3452 - val_loss: 0.3635
Epoch 19/50
 - 5s - loss: 0.3448 - val_loss: 0.3633
Epoch 20/50
 - 5s - loss: 0.3448 - val_loss: 0.3628
Epoch 21/50
 - 5s - loss: 0.3442 - val_loss: 0.3632
Epoch 22/50
 - 5s - loss: 0.3436 - val_loss: 0.3624
Epoch 23/50
 - 5s - loss: 0.3432 - val_loss: 0.3630
Epoch 24/50
 - 5s - loss: 0.3427 - val_loss: 0.3632
Epoch 25/50
 - 4s - loss: 0.3426 - val_loss: 0.3650
Epoch 26/50
 - 4s - loss: 0.3422 - val_loss: 0.3646
Epoch 27/50
 - 5s - loss: 0.3420 - val_loss: 0.3617
Epoch 28/50
 - 4s - loss: 0.3416 - val_loss: 0.3628
Epoch 29/50
 - 5s - loss: 0.3410 - val_loss: 0.3639
Epoch 30/50
 - 5s - loss: 0.3406 - val_loss: 0.3628
Epoch 31/50
 - 5s - loss: 0.3405 - val_loss: 0.3635
Epoch 32/50
 - 4s - loss: 0.3401 - val_loss: 0.3649
Epoch 33/50
 - 5s - loss: 0.3402 - val_loss: 0.3633
Epoch 34/50
 - 4s - loss: 0.3396 - val_loss: 0.3639
Epoch 35/50
 - 5s - loss: 0.3395 - val_loss: 0.3639
Epoch 36/50
 - 4s - loss: 0.3392 - val_loss: 0.3607
Epoch 37/50
 - 4s - loss: 0.3388 - val_loss: 0.3634
Epoch 38/50
 - 4s - loss: 0.3384 - val_loss: 0.3646
Epoch 39/50
 - 5s - loss: 0.3379 - val_loss: 0.3646
Epoch 40/50
 - 4s - loss: 0.3377 - val_loss: 0.3658
Epoch 41/50
 - 4s - loss: 0.3377 - val_loss: 0.3638
Epoch 42/50
 - 5s - loss: 0.3375 - val_loss: 0.3658
Epoch 43/50
 - 4s - loss: 0.3371 - val_loss: 0.3631
Epoch 44/50
 - 4s - loss: 0.3369 - val_loss: 0.3652
Epoch 45/50
 - 4s - loss: 0.3366 - val_loss: 0.3637
Epoch 46/50
 - 4s - loss: 0.3364 - val_loss: 0.3770
Epoch 47/50
 - 4s - loss: 0.3361 - val_loss: 0.3687
Epoch 48/50
 - 4s - loss: 0.3361 - val_loss: 0.3669
Epoch 49/50
 - 5s - loss: 0.3357 - val_loss: 0.3633
Epoch 50/50
 - 5s - loss: 0.3354 - val_loss: 0.3643
Got result 0.368898123432
Completed successfully in 944.65 seconds. [{u'main': 0.36889812343164674}]
[38;2;74;176;245m[1mProfile[0m ⏱  ···· Time elapsed in [1mFold 3/3[0m: ............................... [1m270.8s[0m
[38;2;74;176;245m[1mProfile[0m ⏱  ·· Time elapsed in [1mClassifier-only fit, cross-validation[0m: .... [1m866.0s[0m
[38;2;74;176;245m[1mProfile[0m ⏱  Time elapsed in [1m@main[0m: ....................................... [1m920.1s[0m
cd: Going back to /exports/eddie3_homes_local/s1562020/work/adversarial/optimisation/experiments/classifier
