Job launching after 5.47 seconds in submission.
Running python job.
Changed into dir /exports/eddie3_homes_local/s1562020/work/adversarial/optimisation/experiments/classifier
Importing optimise.py
Running optimise.main()
INFO: Applying patch '/exports/eddie3_homes_local/s1562020/work/adversarial/optimisation/experiments/classifier/patches/patch.00000016.json'
INFO: Found 20 Intel(R) Xeon(R) CPU E5-2630 v4 @ 2.20GHz devices with 10 cores each.
Using TensorFlow backend.
INFO: Scaling classifier/lr -5 -> 1e-05
INFO: Scaling classifier/decay -2 -> 0.01
INFO: Scaling classifier/units 4 -> 16
INFO: Writing TensorBoard logs to 'logs/tensorboard/classifier-patch.00000016/'
INFO: Running '/exports/eddie3_homes_local/s1562020/work/adversarial/run/adversarial/common.pyc'
INFO: Command-line arguments:
INFO: Configuration file contents:
INFO: Python version: 2.7.14
INFO: Numpy  version: 1.12.1
INFO: Keras  version: 2.1.5
INFO: Using keras backend: 'tensorflow'
INFO: Found  1000000 training and  1000249 test samples for signal
INFO: Found  1000000 training and 10000000 test samples for background
INFO: load_data: Selecting only training data.
INFO: Implementing gradient reversal layer in TensorFlow
INFO: Training cross-validation classifiers
Call to main function (#16)
  Parameters: {u'classifier/model/default/units': array([4]), u'classifier/compile/decay': array([-2]), u'classifier/model/default/dropout': array([ 0.5]), u'classifier/compile/lr': array([-5]), u'classifier/model/architecture': array([1]), u'classifier/model/default/activation': [u'tanh']}
param: classifier/model/default/units
param: classifier/compile/decay
param: classifier/model/default/dropout
param: classifier/compile/lr
param: classifier/model/architecture
param: classifier/model/default/activation
- - - - - - - - - - - - - - - - - - - - - - - - - - - - - - - - - - - - - - - - 
Saving the following patch to '/exports/eddie3_homes_local/s1562020/work/adversarial/optimisation/experiments/classifier/patches/patch.00000016.json':
{u'classifier': {u'compile': {u'lr': -5, u'decay': -2}, u'model': {u'default': {u'units': 4, u'dropout': 0.5, u'activation': u'tanh'}, u'architecture': 1}, 'fit': {'epochs': 50, 'batch_size': 8192}}}
- - - - - - - - - - - - - - - - - - - - - - - - - - - - - - - - - - - - - - - - 
cd: Going to /exports/eddie3_homes_local/s1562020/work/adversarial/
[38;2;74;176;245m[1mProfile[0m ⏱  Starting [1m@main[0m
[38;2;74;176;245m[1mProfile[0m ⏱  ·· Starting [1mInitialisation[0m
[38;2;74;176;245m[1mProfile[0m ⏱  ···· Starting [1m@initialise[0m
[38;2;74;176;245m[1mProfile[0m ⏱  ···· Time elapsed in [1m@initialise[0m: .............................. [1m0.0s[0m
[38;2;74;176;245m[1mProfile[0m ⏱  ···· Starting [1m@initialise_backend[0m
[38;2;74;176;245m[1mProfile[0m ⏱  ······ Starting [1m@configure_tensorflow[0m
[38;2;74;176;245m[1mProfile[0m ⏱  ······ Time elapsed in [1m@configure_tensorflow[0m: ................. [1m18.8s[0m
[38;2;74;176;245m[1mProfile[0m ⏱  ···· Time elapsed in [1m@initialise_backend[0m: ..................... [1m20.0s[0m
{'config': './configs/default.json',
 'devices': 7,
 'folds': 3,
 'gpu': True,
 'input': './input/',
 'jobname': 'classifier-patch.00000016',
 'mode': 'gpu',
 'optimise_adversarial': False,
 'optimise_classifier': True,
 'output': './output/',
 'patches': ['/exports/eddie3_homes_local/s1562020/work/adversarial/optimisation/experiments/classifier/patches/patch.00000016.json'],
 'tensorboard': True,
 'theano': False,
 'train': False,
 'train_adversarial': False,
 'train_classifier': True,
 'verbose': False}
{u'adversary': {u'compile': {},
                u'fit': {},
                u'model': {u'architecture': [{}, {}, {}, {}],
                           u'default': {u'activation': u'relu',
                                        u'units': 64},
                           u'gmm_components': 5}},
 u'classifier': {u'compile': {u'loss': u'binary_crossentropy',
                              u'optimizer': <keras.optimizers.Adam object at 0x2af5b0359310>},
                 u'fit': {u'batch_size': 57344,
                          u'epochs': 50,
                          u'shuffle': True,
                          'verbose': 2},
                 u'model': {u'architecture': [{}],
                            u'default': {u'activation': u'tanh',
                                         u'batchnorm': True,
                                         u'dropout': 0.5,
                                         u'units': 16}}},
 u'combined': {u'compile': {u'loss': [u'binary_crossentropy', None],
                            u'loss_weights': [9.090909090909091e-10, 1.0],
                            u'optimizer': <keras.optimizers.Adam object at 0x2af5b0359350>},
               u'fit': {u'batch_size': 57344,
                        u'epochs': 200,
                        u'shuffle': True,
                        'verbose': 2},
               u'model': {u'lambda_reg': 10.0,
                          u'lr_ratio': 9.090909090909091e-10},
               u'pretrain': 10}}
  TensorFlow version: 1.4.1
[38;2;74;176;245m[1mProfile[0m ⏱  ·· Time elapsed in [1mInitialisation[0m: ............................ [1m20.2s[0m
[38;2;74;176;245m[1mProfile[0m ⏱  ·· Starting [1m@load_data[0m
[38;2;74;176;245m[1mProfile[0m ⏱  ·· Time elapsed in [1m@load_data[0m: ................................ [1m45.3s[0m
[38;2;74;176;245m[1mProfile[0m ⏱  ·· Starting [1m@get_decorrelation_variables[0m
[38;2;74;176;245m[1mProfile[0m ⏱  ·· Time elapsed in [1m@get_decorrelation_variables[0m: ............... [1m0.0s[0m
[38;2;74;176;245m[1mProfile[0m ⏱  ·· Starting [1mClassifier-only fit, cross-validation[0m
[38;2;74;176;245m[1mProfile[0m ⏱  ···· Starting [1mFold 1/3[0m
Train on 1333332 samples, validate on 666668 samples
Epoch 1/50
 - 2s - loss: 0.7313 - val_loss: 0.6625
Epoch 2/50
 - 1s - loss: 0.7313 - val_loss: 0.6638
Epoch 3/50
 - 1s - loss: 0.7308 - val_loss: 7.9742
Epoch 4/50
 - 1s - loss: 0.7294 - val_loss: 0.6611
Epoch 5/50
 - 1s - loss: 0.7293 - val_loss: 0.6593
Epoch 6/50
 - 1s - loss: 0.7269 - val_loss: 0.6622
Epoch 7/50
 - 1s - loss: 0.7280 - val_loss: 0.6602
Epoch 8/50
 - 1s - loss: 0.7273 - val_loss: 0.6577
Epoch 9/50
 - 1s - loss: 0.7271 - val_loss: 0.6585
Epoch 10/50
 - 1s - loss: 0.7273 - val_loss: 0.6680
Epoch 11/50
 - 1s - loss: 0.7262 - val_loss: 0.6544
Epoch 12/50
 - 1s - loss: 0.7267 - val_loss: 0.6609
Epoch 13/50
 - 1s - loss: 0.7265 - val_loss: 0.6617
Epoch 14/50
 - 2s - loss: 0.7260 - val_loss: 0.6599
Epoch 15/50
 - 2s - loss: 0.7256 - val_loss: 0.6594
Epoch 16/50
 - 1s - loss: 0.7253 - val_loss: 0.6611
Epoch 17/50
 - 1s - loss: 0.7269 - val_loss: 0.6580
Epoch 18/50
 - 1s - loss: 0.7260 - val_loss: 0.6655
Epoch 19/50
 - 1s - loss: 0.7260 - val_loss: 0.6561
Epoch 20/50
 - 1s - loss: 0.7252 - val_loss: 0.6615
Epoch 21/50
 - 1s - loss: 0.7245 - val_loss: 0.6575
Epoch 22/50
 - 1s - loss: 0.7244 - val_loss: 0.6562
Epoch 23/50
 - 1s - loss: 0.7248 - val_loss: 0.6579
Epoch 24/50
 - 1s - loss: 0.7249 - val_loss: 0.6564
Epoch 25/50
 - 1s - loss: 0.7245 - val_loss: 0.6530
Epoch 26/50
 - 1s - loss: 0.7235 - val_loss: 0.6560
Epoch 27/50
 - 1s - loss: 0.7244 - val_loss: 0.6478
Epoch 28/50
 - 1s - loss: 0.7245 - val_loss: 0.6569
Epoch 29/50
 - 1s - loss: 0.7243 - val_loss: 0.6569
Epoch 30/50
 - 1s - loss: 0.7242 - val_loss: 0.6577
Epoch 31/50
 - 1s - loss: 0.7239 - val_loss: 0.6549
Epoch 32/50
 - 1s - loss: 0.7236 - val_loss: 0.6582
Epoch 33/50
 - 1s - loss: 0.7240 - val_loss: 0.6566
Epoch 34/50
 - 1s - loss: 0.7232 - val_loss: 0.6595
Epoch 35/50
 - 1s - loss: 0.7237 - val_loss: 0.6591
Epoch 36/50
 - 1s - loss: 0.7228 - val_loss: 0.6548
Epoch 37/50
 - 1s - loss: 0.7232 - val_loss: 0.6564
Epoch 38/50
 - 1s - loss: 0.7232 - val_loss: 0.6471
Epoch 39/50
 - 1s - loss: 0.7228 - val_loss: 0.6554
Epoch 40/50
 - 1s - loss: 0.7230 - val_loss: 0.6603
Epoch 41/50
 - 2s - loss: 0.7227 - val_loss: 0.6553
Epoch 42/50
 - 1s - loss: 0.7230 - val_loss: 0.6602
Epoch 43/50
 - 1s - loss: 0.7231 - val_loss: 0.6609
Epoch 44/50
 - 1s - loss: 0.7223 - val_loss: 0.6550
Epoch 45/50
 - 1s - loss: 0.7228 - val_loss: 7.9742
Epoch 46/50
 - 1s - loss: 0.7229 - val_loss: 0.6588
Epoch 47/50
 - 1s - loss: 0.7230 - val_loss: 0.6542
Epoch 48/50
 - 1s - loss: 0.7220 - val_loss: 0.6554
Epoch 49/50
 - 1s - loss: 0.7220 - val_loss: 0.6558
Epoch 50/50
 - 1s - loss: 0.7228 - val_loss: 0.6544
[38;2;74;176;245m[1mProfile[0m ⏱  ···· Time elapsed in [1mFold 1/3[0m: ................................ [1m88.9s[0m
[38;2;74;176;245m[1mProfile[0m ⏱  ···· Starting [1mFold 2/3[0m
Train on 1333334 samples, validate on 666666 samples
Epoch 1/50
 - 2s - loss: 0.7534 - val_loss: 0.7246
Epoch 2/50
 - 1s - loss: 0.7535 - val_loss: 0.7205
Epoch 3/50
 - 1s - loss: 0.7528 - val_loss: 0.7228
Epoch 4/50
 - 1s - loss: 0.7522 - val_loss: 0.7162
Epoch 5/50
 - 1s - loss: 0.7517 - val_loss: 0.7224
Epoch 6/50
 - 1s - loss: 0.7522 - val_loss: 0.7218
Epoch 7/50
 - 1s - loss: 0.7524 - val_loss: 0.7215
Epoch 8/50
 - 1s - loss: 0.7516 - val_loss: 0.7253
Epoch 9/50
 - 1s - loss: 0.7512 - val_loss: 0.7248
Epoch 10/50
 - 1s - loss: 0.7506 - val_loss: 0.7241
Epoch 11/50
 - 1s - loss: 0.7516 - val_loss: 0.7227
Epoch 12/50
 - 1s - loss: 0.7510 - val_loss: 0.7213
Epoch 13/50
 - 1s - loss: 0.7501 - val_loss: 0.7208
Epoch 14/50
 - 1s - loss: 0.7506 - val_loss: 0.7207
Epoch 15/50
 - 1s - loss: 0.7495 - val_loss: 0.7198
Epoch 16/50
 - 1s - loss: 0.7502 - val_loss: 0.7222
Epoch 17/50
 - 1s - loss: 0.7500 - val_loss: 0.7200
Epoch 18/50
 - 2s - loss: 0.7500 - val_loss: 0.7115
Epoch 19/50
 - 1s - loss: 0.7499 - val_loss: 0.7211
Epoch 20/50
 - 1s - loss: 0.7499 - val_loss: 0.7206
Epoch 21/50
 - 1s - loss: 0.7490 - val_loss: 0.7198
Epoch 22/50
 - 2s - loss: 0.7506 - val_loss: 0.7213
Epoch 23/50
 - 1s - loss: 0.7490 - val_loss: 0.7197
Epoch 24/50
 - 1s - loss: 0.7492 - val_loss: 0.7194
Epoch 25/50
 - 1s - loss: 0.7497 - val_loss: 0.7196
Epoch 26/50
 - 1s - loss: 0.7494 - val_loss: 0.7175
Epoch 27/50
 - 1s - loss: 0.7492 - val_loss: 0.7197
Epoch 28/50
 - 1s - loss: 0.7485 - val_loss: 0.7219
Epoch 29/50
 - 2s - loss: 0.7492 - val_loss: 0.7214
Epoch 30/50
 - 1s - loss: 0.7487 - val_loss: 0.7195
Epoch 31/50
 - 1s - loss: 0.7492 - val_loss: 0.7194
Epoch 32/50
 - 2s - loss: 0.7491 - val_loss: 0.7187
Epoch 33/50
 - 1s - loss: 0.7486 - val_loss: 0.7189
Epoch 34/50
 - 1s - loss: 0.7485 - val_loss: 0.7192
Epoch 35/50
 - 1s - loss: 0.7485 - val_loss: 7.9767
Epoch 36/50
 - 1s - loss: 0.7479 - val_loss: 0.7209
Epoch 37/50
 - 1s - loss: 0.7484 - val_loss: 0.7196
Epoch 38/50
 - 1s - loss: 0.7485 - val_loss: 0.7207
Epoch 39/50
 - 1s - loss: 0.7484 - val_loss: 0.7199
Epoch 40/50
 - 1s - loss: 0.7478 - val_loss: 0.7178
Epoch 41/50
 - 1s - loss: 0.7483 - val_loss: 0.7184
Epoch 42/50
 - 1s - loss: 0.7481 - val_loss: 0.7192
Epoch 43/50
 - 1s - loss: 0.7480 - val_loss: 0.7180
Epoch 44/50
 - 1s - loss: 0.7467 - val_loss: 0.7181
Epoch 45/50
 - 1s - loss: 0.7476 - val_loss: 0.7237
Epoch 46/50
 - 1s - loss: 0.7483 - val_loss: 0.7174
Epoch 47/50
 - 1s - loss: 0.7481 - val_loss: 0.7180
Epoch 48/50
 - 1s - loss: 0.7481 - val_loss: 0.7180
Epoch 49/50
 - 1s - loss: 0.7478 - val_loss: 0.7163
Epoch 50/50
 - 1s - loss: 0.7481 - val_loss: 0.7238
[38;2;74;176;245m[1mProfile[0m ⏱  ···· Time elapsed in [1mFold 2/3[0m: ................................ [1m70.2s[0m
[38;2;74;176;245m[1mProfile[0m ⏱  ···· Starting [1mFold 3/3[0m
Train on 1333334 samples, validate on 666666 samples
Epoch 1/50
 - 2s - loss: 0.8169 - val_loss: 0.7570
Epoch 2/50
 - 1s - loss: 0.8170 - val_loss: 0.7574
Epoch 3/50
 - 1s - loss: 0.8159 - val_loss: 0.7559
Epoch 4/50
 - 1s - loss: 0.8171 - val_loss: 0.7555
Epoch 5/50
 - 1s - loss: 0.8159 - val_loss: 0.7550
Epoch 6/50
 - 1s - loss: 0.8152 - val_loss: 0.7544
Epoch 7/50
 - 1s - loss: 0.8165 - val_loss: 0.7542
Epoch 8/50
 - 1s - loss: 0.8149 - val_loss: 0.7532
Epoch 9/50
 - 1s - loss: 0.8167 - val_loss: 0.7538
Epoch 10/50
 - 1s - loss: 0.8169 - val_loss: 0.7536
Epoch 11/50
 - 1s - loss: 0.8155 - val_loss: 0.7529
Epoch 12/50
 - 1s - loss: 0.8152 - val_loss: 0.7559
Epoch 13/50
 - 1s - loss: 0.8154 - val_loss: 0.7534
Epoch 14/50
 - 1s - loss: 0.8154 - val_loss: 0.7541
Epoch 15/50
 - 1s - loss: 0.8149 - val_loss: 0.7541
Epoch 16/50
 - 1s - loss: 0.8147 - val_loss: 0.7572
Epoch 17/50
 - 1s - loss: 0.8142 - val_loss: 0.7527
Epoch 18/50
 - 1s - loss: 0.8148 - val_loss: 0.7526
Epoch 19/50
 - 1s - loss: 0.8150 - val_loss: 0.7519
Epoch 20/50
 - 1s - loss: 0.8151 - val_loss: 0.7522
Epoch 21/50
 - 1s - loss: 0.8151 - val_loss: 0.7518
Epoch 22/50
 - 1s - loss: 0.8142 - val_loss: 0.7544
Epoch 23/50
 - 2s - loss: 0.8141 - val_loss: 0.7520
Epoch 24/50
 - 1s - loss: 0.8139 - val_loss: 0.7528
Epoch 25/50
 - 1s - loss: 0.8150 - val_loss: 0.7522
Epoch 26/50
 - 1s - loss: 0.8146 - val_loss: 0.7519
Epoch 27/50
 - 1s - loss: 0.8153 - val_loss: 0.7523
Epoch 28/50
 - 1s - loss: 0.8153 - val_loss: 0.7528
Epoch 29/50
 - 1s - loss: 0.8149 - val_loss: 0.7542
Epoch 30/50
 - 1s - loss: 0.8136 - val_loss: 0.7487
Epoch 31/50
 - 1s - loss: 0.8153 - val_loss: 0.7519
Epoch 32/50
 - 1s - loss: 0.8139 - val_loss: 0.7520
Epoch 33/50
 - 1s - loss: 0.8141 - val_loss: 0.7513
Epoch 34/50
 - 1s - loss: 0.8144 - val_loss: 0.7528
Epoch 35/50
 - 1s - loss: 0.8140 - val_loss: 0.7514
Epoch 36/50
 - 1s - loss: 0.8140 - val_loss: 0.7517
Epoch 37/50
 - 1s - loss: 0.8143 - val_loss: 0.7522
Epoch 38/50
 - 1s - loss: 0.8139 - val_loss: 0.7533
Epoch 39/50
 - 1s - loss: 0.8139 - val_loss: 0.7545
Epoch 40/50
 - 2s - loss: 0.8141 - val_loss: 0.7511
Epoch 41/50
 - 1s - loss: 0.8139 - val_loss: 0.7524
Epoch 42/50
 - 1s - loss: 0.8131 - val_loss: 0.7522
Epoch 43/50
 - 1s - loss: 0.8144 - val_loss: 0.7516
Epoch 44/50
 - 1s - loss: 0.8136 - val_loss: 0.7513
Epoch 45/50
 - 2s - loss: 0.8133 - val_loss: 0.7515
Epoch 46/50
 - 1s - loss: 0.8127 - val_loss: 0.7517
Epoch 47/50
 - 2s - loss: 0.8137 - val_loss: 0.7507
Epoch 48/50
 - 1s - loss: 0.8125 - val_loss: 0.7516
Epoch 49/50
 - 1s - loss: 0.8135 - val_loss: 0.7514
Epoch 50/50
 - 1s - loss: 0.8132 - val_loss: 0.7514
Got result 0.750698878937
Completed successfully in 324.20 seconds. [{u'main': 0.7506988789369581}]
[38;2;74;176;245m[1mProfile[0m ⏱  ···· Time elapsed in [1mFold 3/3[0m: ................................ [1m72.3s[0m
[38;2;74;176;245m[1mProfile[0m ⏱  ·· Time elapsed in [1mClassifier-only fit, cross-validation[0m: .... [1m232.0s[0m
[38;2;74;176;245m[1mProfile[0m ⏱  Time elapsed in [1m@main[0m: ....................................... [1m297.8s[0m
cd: Going back to /exports/eddie3_homes_local/s1562020/work/adversarial/optimisation/experiments/classifier
