Job launching after 5.45 seconds in submission.
Running python job.
Changed into dir /exports/eddie3_homes_local/s1562020/work/adversarial/optimisation/experiments/classifier
Importing optimise.py
Running optimise.main()
INFO: Applying patch '/exports/eddie3_homes_local/s1562020/work/adversarial/optimisation/experiments/classifier/patches/patch.00000030.json'
INFO: Found 20 Intel(R) Xeon(R) CPU E5-2630 v4 @ 2.20GHz devices with 10 cores each.
Using TensorFlow backend.
INFO: Scaling classifier/lr -1 -> 0.1
INFO: Scaling classifier/decay -2 -> 0.01
INFO: Scaling classifier/units 9 -> 512
INFO: Writing TensorBoard logs to 'logs/tensorboard/classifier-patch.00000030/'
INFO: Running '/exports/eddie3_homes_local/s1562020/work/adversarial/run/adversarial/common.pyc'
INFO: Command-line arguments:
INFO: Configuration file contents:
INFO: Python version: 2.7.14
INFO: Numpy  version: 1.12.1
INFO: Keras  version: 2.1.5
INFO: Using keras backend: 'tensorflow'
INFO: Found  1000000 training and  1000249 test samples for signal
INFO: Found  1000000 training and 10000000 test samples for background
INFO: load_data: Selecting only training data.
INFO: Implementing gradient reversal layer in TensorFlow
INFO: Training cross-validation classifiers
Call to main function (#30)
  Parameters: {u'classifier/model/default/units': array([9]), u'classifier/compile/decay': array([-2]), u'classifier/model/default/dropout': array([ 0.]), u'classifier/compile/lr': array([-1]), u'classifier/model/architecture': array([1]), u'classifier/model/default/activation': [u'tanh']}
param: classifier/model/default/units
param: classifier/compile/decay
param: classifier/model/default/dropout
param: classifier/compile/lr
param: classifier/model/architecture
param: classifier/model/default/activation
- - - - - - - - - - - - - - - - - - - - - - - - - - - - - - - - - - - - - - - - 
Saving the following patch to '/exports/eddie3_homes_local/s1562020/work/adversarial/optimisation/experiments/classifier/patches/patch.00000030.json':
{u'classifier': {u'compile': {u'lr': -1, u'decay': -2}, u'model': {u'default': {u'units': 9, u'dropout': 0.0, u'activation': u'tanh'}, u'architecture': 1}, 'fit': {'epochs': 50, 'batch_size': 8192}}}
- - - - - - - - - - - - - - - - - - - - - - - - - - - - - - - - - - - - - - - - 
cd: Going to /exports/eddie3_homes_local/s1562020/work/adversarial/
[38;2;74;176;245m[1mProfile[0m ⏱  Starting [1m@main[0m
[38;2;74;176;245m[1mProfile[0m ⏱  ·· Starting [1mInitialisation[0m
[38;2;74;176;245m[1mProfile[0m ⏱  ···· Starting [1m@initialise[0m
[38;2;74;176;245m[1mProfile[0m ⏱  ···· Time elapsed in [1m@initialise[0m: .............................. [1m0.0s[0m
[38;2;74;176;245m[1mProfile[0m ⏱  ···· Starting [1m@initialise_backend[0m
[38;2;74;176;245m[1mProfile[0m ⏱  ······ Starting [1m@configure_tensorflow[0m
[38;2;74;176;245m[1mProfile[0m ⏱  ······ Time elapsed in [1m@configure_tensorflow[0m: ................. [1m17.4s[0m
[38;2;74;176;245m[1mProfile[0m ⏱  ···· Time elapsed in [1m@initialise_backend[0m: ..................... [1m18.5s[0m
{'config': './configs/default.json',
 'devices': 7,
 'folds': 3,
 'gpu': True,
 'input': './input/',
 'jobname': 'classifier-patch.00000030',
 'mode': 'gpu',
 'optimise_adversarial': False,
 'optimise_classifier': True,
 'output': './output/',
 'patches': ['/exports/eddie3_homes_local/s1562020/work/adversarial/optimisation/experiments/classifier/patches/patch.00000030.json'],
 'tensorboard': True,
 'theano': False,
 'train': False,
 'train_adversarial': False,
 'train_classifier': True,
 'verbose': False}
{u'adversary': {u'compile': {},
                u'fit': {},
                u'model': {u'architecture': [{}, {}, {}, {}],
                           u'default': {u'activation': u'relu',
                                        u'units': 64},
                           u'gmm_components': 5}},
 u'classifier': {u'compile': {u'loss': u'binary_crossentropy',
                              u'optimizer': <keras.optimizers.Adam object at 0x2b3f35e09310>},
                 u'fit': {u'batch_size': 57344,
                          u'epochs': 50,
                          u'shuffle': True,
                          'verbose': 2},
                 u'model': {u'architecture': [{}],
                            u'default': {u'activation': u'tanh',
                                         u'batchnorm': True,
                                         u'dropout': 0.0,
                                         u'units': 512}}},
 u'combined': {u'compile': {u'loss': [u'binary_crossentropy', None],
                            u'loss_weights': [1.8181818181818182e-09, 1.0],
                            u'optimizer': <keras.optimizers.Adam object at 0x2b3f35e09350>},
               u'fit': {u'batch_size': 57344,
                        u'epochs': 100,
                        u'shuffle': True,
                        'verbose': 2},
               u'model': {u'lambda_reg': 10.0,
                          u'lr_ratio': 1.8181818181818182e-09},
               u'pretrain': 10}}
  TensorFlow version: 1.4.1
[38;2;74;176;245m[1mProfile[0m ⏱  ·· Time elapsed in [1mInitialisation[0m: ............................ [1m18.5s[0m
[38;2;74;176;245m[1mProfile[0m ⏱  ·· Starting [1m@load_data[0m
[38;2;74;176;245m[1mProfile[0m ⏱  ·· Time elapsed in [1m@load_data[0m: ................................ [1m41.7s[0m
[38;2;74;176;245m[1mProfile[0m ⏱  ·· Starting [1m@get_decorrelation_variables[0m
[38;2;74;176;245m[1mProfile[0m ⏱  ·· Time elapsed in [1m@get_decorrelation_variables[0m: ............... [1m0.0s[0m
[38;2;74;176;245m[1mProfile[0m ⏱  ·· Starting [1mClassifier-only fit, cross-validation[0m
[38;2;74;176;245m[1mProfile[0m ⏱  ···· Starting [1mFold 1/3[0m
Train on 1333332 samples, validate on 666668 samples
Epoch 1/50
 - 2s - loss: 0.9495 - val_loss: 0.5380
Epoch 2/50
 - 2s - loss: 0.5496 - val_loss: 0.4753
Epoch 3/50
 - 2s - loss: 0.4598 - val_loss: 0.4509
Epoch 4/50
 - 2s - loss: 0.4444 - val_loss: 0.4434
Epoch 5/50
 - 2s - loss: 0.4297 - val_loss: 0.4204
Epoch 6/50
 - 2s - loss: 0.4078 - val_loss: 0.4051
Epoch 7/50
 - 2s - loss: 0.3938 - val_loss: 0.3912
Epoch 8/50
 - 2s - loss: 0.3877 - val_loss: 0.3864
Epoch 9/50
 - 2s - loss: 0.3838 - val_loss: 0.3858
Epoch 10/50
 - 2s - loss: 0.3827 - val_loss: 0.3809
Epoch 11/50
 - 2s - loss: 0.3794 - val_loss: 0.3807
Epoch 12/50
 - 2s - loss: 0.3766 - val_loss: 0.3834
Epoch 13/50
 - 2s - loss: 0.3758 - val_loss: 0.3830
Epoch 14/50
 - 2s - loss: 0.3752 - val_loss: 0.3825
Epoch 15/50
 - 2s - loss: 0.3764 - val_loss: 0.3796
Epoch 16/50
 - 1s - loss: 0.3744 - val_loss: 0.3735
Epoch 17/50
 - 2s - loss: 0.3730 - val_loss: 0.3732
Epoch 18/50
 - 2s - loss: 0.3725 - val_loss: 0.3721
Epoch 19/50
 - 2s - loss: 0.3730 - val_loss: 0.3709
Epoch 20/50
 - 2s - loss: 0.3729 - val_loss: 0.3743
Epoch 21/50
 - 1s - loss: 0.3727 - val_loss: 0.3714
Epoch 22/50
 - 1s - loss: 0.3714 - val_loss: 0.3730
Epoch 23/50
 - 2s - loss: 0.3713 - val_loss: 0.3738
Epoch 24/50
 - 2s - loss: 0.3706 - val_loss: 0.3722
Epoch 25/50
 - 2s - loss: 0.3705 - val_loss: 0.3712
Epoch 26/50
 - 2s - loss: 0.3706 - val_loss: 0.3733
Epoch 27/50
 - 1s - loss: 0.3702 - val_loss: 0.3700
Epoch 28/50
 - 2s - loss: 0.3697 - val_loss: 0.3737
Epoch 29/50
 - 2s - loss: 0.3694 - val_loss: 0.3737
Epoch 30/50
 - 2s - loss: 0.3692 - val_loss: 0.3700
Epoch 31/50
 - 2s - loss: 0.3700 - val_loss: 0.3800
Epoch 32/50
 - 2s - loss: 0.3700 - val_loss: 0.3691
Epoch 33/50
 - 2s - loss: 0.3687 - val_loss: 0.3730
Epoch 34/50
 - 2s - loss: 0.3687 - val_loss: 0.3696
Epoch 35/50
 - 3s - loss: 0.3681 - val_loss: 0.3676
Epoch 36/50
 - 2s - loss: 0.3681 - val_loss: 0.3737
Epoch 37/50
 - 1s - loss: 0.3682 - val_loss: 0.3688
Epoch 38/50
 - 2s - loss: 0.3674 - val_loss: 0.3705
Epoch 39/50
 - 2s - loss: 0.3685 - val_loss: 0.3706
Epoch 40/50
 - 2s - loss: 0.3675 - val_loss: 0.3723
Epoch 41/50
 - 2s - loss: 0.3678 - val_loss: 0.3683
Epoch 42/50
 - 2s - loss: 0.3678 - val_loss: 0.3689
Epoch 43/50
 - 2s - loss: 0.3683 - val_loss: 0.3687
Epoch 44/50
 - 2s - loss: 0.3674 - val_loss: 0.3758
Epoch 45/50
 - 1s - loss: 0.3683 - val_loss: 0.3678
Epoch 46/50
 - 2s - loss: 0.3670 - val_loss: 0.3722
Epoch 47/50
 - 1s - loss: 0.3669 - val_loss: 0.3698
Epoch 48/50
 - 1s - loss: 0.3667 - val_loss: 0.3671
Epoch 49/50
 - 2s - loss: 0.3665 - val_loss: 0.3696
Epoch 50/50
 - 1s - loss: 0.3666 - val_loss: 0.3688
[38;2;74;176;245m[1mProfile[0m ⏱  ···· Time elapsed in [1mFold 1/3[0m: ............................... [1m109.3s[0m
[38;2;74;176;245m[1mProfile[0m ⏱  ···· Starting [1mFold 2/3[0m
Train on 1333334 samples, validate on 666666 samples
Epoch 1/50
 - 2s - loss: 0.5311 - val_loss: 0.4703
Epoch 2/50
 - 1s - loss: 0.4706 - val_loss: 0.4724
Epoch 3/50
 - 2s - loss: 0.4634 - val_loss: 0.4576
Epoch 4/50
 - 2s - loss: 0.4524 - val_loss: 0.4493
Epoch 5/50
 - 1s - loss: 0.4300 - val_loss: 0.4221
Epoch 6/50
 - 2s - loss: 0.4021 - val_loss: 0.3898
Epoch 7/50
 - 2s - loss: 0.3863 - val_loss: 0.3785
Epoch 8/50
 - 2s - loss: 0.3812 - val_loss: 0.3826
Epoch 9/50
 - 2s - loss: 0.3793 - val_loss: 0.3801
Epoch 10/50
 - 2s - loss: 0.3780 - val_loss: 0.3753
Epoch 11/50
 - 2s - loss: 0.3751 - val_loss: 0.3757
Epoch 12/50
 - 2s - loss: 0.3742 - val_loss: 0.3744
Epoch 13/50
 - 2s - loss: 0.3730 - val_loss: 0.3791
Epoch 14/50
 - 2s - loss: 0.3733 - val_loss: 0.3762
Epoch 15/50
 - 2s - loss: 0.3720 - val_loss: 0.3695
Epoch 16/50
 - 2s - loss: 0.3712 - val_loss: 0.3754
Epoch 17/50
 - 2s - loss: 0.3725 - val_loss: 0.3713
Epoch 18/50
 - 2s - loss: 0.3707 - val_loss: 0.3763
Epoch 19/50
 - 1s - loss: 0.3703 - val_loss: 0.3706
Epoch 20/50
 - 2s - loss: 0.3698 - val_loss: 0.3741
Epoch 21/50
 - 2s - loss: 0.3704 - val_loss: 0.3688
Epoch 22/50
 - 1s - loss: 0.3705 - val_loss: 0.3681
Epoch 23/50
 - 2s - loss: 0.3689 - val_loss: 0.3674
Epoch 24/50
 - 2s - loss: 0.3701 - val_loss: 0.3738
Epoch 25/50
 - 1s - loss: 0.3695 - val_loss: 0.3767
Epoch 26/50
 - 2s - loss: 0.3689 - val_loss: 0.3725
Epoch 27/50
 - 2s - loss: 0.3683 - val_loss: 0.3703
Epoch 28/50
 - 1s - loss: 0.3676 - val_loss: 0.3690
Epoch 29/50
 - 2s - loss: 0.3677 - val_loss: 0.3683
Epoch 30/50
 - 2s - loss: 0.3675 - val_loss: 0.3697
Epoch 31/50
 - 2s - loss: 0.3671 - val_loss: 0.3669
Epoch 32/50
 - 2s - loss: 0.3675 - val_loss: 0.3735
Epoch 33/50
 - 2s - loss: 0.3672 - val_loss: 0.3671
Epoch 34/50
 - 3s - loss: 0.3670 - val_loss: 0.3702
Epoch 35/50
 - 2s - loss: 0.3670 - val_loss: 0.3678
Epoch 36/50
 - 1s - loss: 0.3664 - val_loss: 0.3679
Epoch 37/50
 - 1s - loss: 0.3662 - val_loss: 0.3676
Epoch 38/50
 - 1s - loss: 0.3663 - val_loss: 0.3662
Epoch 39/50
 - 1s - loss: 0.3664 - val_loss: 0.3709
Epoch 40/50
 - 1s - loss: 0.3668 - val_loss: 0.3659
Epoch 41/50
 - 1s - loss: 0.3654 - val_loss: 0.3695
Epoch 42/50
 - 1s - loss: 0.3668 - val_loss: 0.3686
Epoch 43/50
 - 2s - loss: 0.3656 - val_loss: 0.3669
Epoch 44/50
 - 1s - loss: 0.3657 - val_loss: 0.3690
Epoch 45/50
 - 1s - loss: 0.3668 - val_loss: 0.3702
Epoch 46/50
 - 2s - loss: 0.3670 - val_loss: 0.3662
Epoch 47/50
 - 2s - loss: 0.3657 - val_loss: 0.3676
Epoch 48/50
 - 1s - loss: 0.3648 - val_loss: 0.3684
Epoch 49/50
 - 1s - loss: 0.3647 - val_loss: 0.3642
Epoch 50/50
 - 1s - loss: 0.3645 - val_loss: 0.3657
[38;2;74;176;245m[1mProfile[0m ⏱  ···· Time elapsed in [1mFold 2/3[0m: ................................ [1m88.3s[0m
[38;2;74;176;245m[1mProfile[0m ⏱  ···· Starting [1mFold 3/3[0m
Train on 1333334 samples, validate on 666666 samples
Epoch 1/50
 - 2s - loss: 0.5037 - val_loss: 0.4893
Epoch 2/50
 - 1s - loss: 0.4724 - val_loss: 0.4753
Epoch 3/50
 - 1s - loss: 0.4680 - val_loss: 0.4711
Epoch 4/50
 - 1s - loss: 0.4596 - val_loss: 0.4554
Epoch 5/50
 - 1s - loss: 0.4431 - val_loss: 0.4337
Epoch 6/50
 - 1s - loss: 0.4173 - val_loss: 0.4047
Epoch 7/50
 - 1s - loss: 0.3961 - val_loss: 0.3937
Epoch 8/50
 - 2s - loss: 0.3865 - val_loss: 0.3835
Epoch 9/50
 - 2s - loss: 0.3816 - val_loss: 0.3819
Epoch 10/50
 - 2s - loss: 0.3783 - val_loss: 0.3793
Epoch 11/50
 - 2s - loss: 0.3765 - val_loss: 0.3811
Epoch 12/50
 - 2s - loss: 0.3749 - val_loss: 0.3796
Epoch 13/50
 - 2s - loss: 0.3743 - val_loss: 0.3751
Epoch 14/50
 - 2s - loss: 0.3742 - val_loss: 0.3784
Epoch 15/50
 - 2s - loss: 0.3728 - val_loss: 0.3734
Epoch 16/50
 - 2s - loss: 0.3716 - val_loss: 0.3742
Epoch 17/50
 - 2s - loss: 0.3708 - val_loss: 0.3733
Epoch 18/50
 - 2s - loss: 0.3704 - val_loss: 0.3715
Epoch 19/50
 - 2s - loss: 0.3704 - val_loss: 0.3706
Epoch 20/50
 - 2s - loss: 0.3694 - val_loss: 0.3738
Epoch 21/50
 - 2s - loss: 0.3695 - val_loss: 0.3727
Epoch 22/50
 - 2s - loss: 0.3684 - val_loss: 0.3755
Epoch 23/50
 - 2s - loss: 0.3690 - val_loss: 0.3705
Epoch 24/50
 - 2s - loss: 0.3682 - val_loss: 0.3695
Epoch 25/50
 - 2s - loss: 0.3680 - val_loss: 0.3750
Epoch 26/50
 - 2s - loss: 0.3684 - val_loss: 0.3704
Epoch 27/50
 - 2s - loss: 0.3678 - val_loss: 0.3691
Epoch 28/50
 - 2s - loss: 0.3682 - val_loss: 0.3727
Epoch 29/50
 - 2s - loss: 0.3675 - val_loss: 0.3703
Epoch 30/50
 - 2s - loss: 0.3670 - val_loss: 0.3695
Epoch 31/50
 - 2s - loss: 0.3665 - val_loss: 0.3675
Epoch 32/50
 - 2s - loss: 0.3666 - val_loss: 0.3696
Epoch 33/50
 - 2s - loss: 0.3669 - val_loss: 0.3682
Epoch 34/50
 - 2s - loss: 0.3665 - val_loss: 0.3736
Epoch 35/50
 - 2s - loss: 0.3669 - val_loss: 0.3674
Epoch 36/50
 - 2s - loss: 0.3662 - val_loss: 0.3724
Epoch 37/50
 - 2s - loss: 0.3660 - val_loss: 0.3680
Epoch 38/50
 - 2s - loss: 0.3657 - val_loss: 0.3688
Epoch 39/50
 - 2s - loss: 0.3657 - val_loss: 0.3695
Epoch 40/50
 - 2s - loss: 0.3659 - val_loss: 0.3675
Epoch 41/50
 - 2s - loss: 0.3658 - val_loss: 0.3682
Epoch 42/50
 - 2s - loss: 0.3653 - val_loss: 0.3681
Epoch 43/50
 - 2s - loss: 0.3653 - val_loss: 0.3687
Epoch 44/50
 - 2s - loss: 0.3650 - val_loss: 0.3669
Epoch 45/50
 - 2s - loss: 0.3657 - val_loss: 0.3664
Epoch 46/50
 - 2s - loss: 0.3650 - val_loss: 0.3657
Epoch 47/50
 - 2s - loss: 0.3646 - val_loss: 0.3672
Epoch 48/50
 - 2s - loss: 0.3644 - val_loss: 0.3663
Epoch 49/50
 - 2s - loss: 0.3647 - val_loss: 0.3687
Epoch 50/50
 - 2s - loss: 0.3645 - val_loss: 0.3678
Got result 0.368707615772
Completed successfully in 373.43 seconds. [{u'main': 0.36870761577246314}]
[38;2;74;176;245m[1mProfile[0m ⏱  ···· Time elapsed in [1mFold 3/3[0m: ................................ [1m90.3s[0m
[38;2;74;176;245m[1mProfile[0m ⏱  ·· Time elapsed in [1mClassifier-only fit, cross-validation[0m: .... [1m288.6s[0m
[38;2;74;176;245m[1mProfile[0m ⏱  Time elapsed in [1m@main[0m: ....................................... [1m349.1s[0m
cd: Going back to /exports/eddie3_homes_local/s1562020/work/adversarial/optimisation/experiments/classifier
