Job launching after 5.35 seconds in submission.
Running python job.
Changed into dir /exports/eddie3_homes_local/s1562020/work/adversarial/optimisation/experiments/classifier
Importing optimise.py
Running optimise.main()
INFO: Applying patch '/exports/eddie3_homes_local/s1562020/work/adversarial/optimisation/experiments/classifier/patches/patch.00000053.json'
INFO: Found 20 Intel(R) Xeon(R) CPU E5-2630 v4 @ 2.20GHz devices with 10 cores each.
Using TensorFlow backend.
INFO: Scaling classifier/lr -5 -> 1e-05
INFO: Scaling classifier/decay -6 -> 1e-06
INFO: Scaling classifier/units 9 -> 512
INFO: Writing TensorBoard logs to 'logs/tensorboard/classifier-patch.00000053/'
INFO: Running '/exports/eddie3_homes_local/s1562020/work/adversarial/run/adversarial/common.pyc'
INFO: Command-line arguments:
INFO: Configuration file contents:
INFO: Python version: 2.7.14
INFO: Numpy  version: 1.12.1
INFO: Keras  version: 2.1.5
INFO: Using keras backend: 'tensorflow'
INFO: Found  1000000 training and  1000249 test samples for signal
INFO: Found  1000000 training and 10000000 test samples for background
INFO: load_data: Selecting only training data.
INFO: Implementing gradient reversal layer in TensorFlow
INFO: Training cross-validation classifiers
Call to main function (#53)
  Parameters: {u'classifier/model/default/units': array([9]), u'classifier/compile/decay': array([-6]), u'classifier/model/default/dropout': array([ 0.27721175]), u'classifier/compile/lr': array([-5]), u'classifier/model/architecture': array([6]), u'classifier/model/default/activation': [u'tanh']}
param: classifier/model/default/units
param: classifier/compile/decay
param: classifier/model/default/dropout
param: classifier/compile/lr
param: classifier/model/architecture
param: classifier/model/default/activation
- - - - - - - - - - - - - - - - - - - - - - - - - - - - - - - - - - - - - - - - 
Saving the following patch to '/exports/eddie3_homes_local/s1562020/work/adversarial/optimisation/experiments/classifier/patches/patch.00000053.json':
{u'classifier': {u'compile': {u'lr': -5, u'decay': -6}, u'model': {u'default': {u'units': 9, u'dropout': 0.27721175144323329, u'activation': u'tanh'}, u'architecture': 6}, 'fit': {'epochs': 50, 'batch_size': 8192}}}
- - - - - - - - - - - - - - - - - - - - - - - - - - - - - - - - - - - - - - - - 
cd: Going to /exports/eddie3_homes_local/s1562020/work/adversarial/
[38;2;74;176;245m[1mProfile[0m ⏱  Starting [1m@main[0m
[38;2;74;176;245m[1mProfile[0m ⏱  ·· Starting [1mInitialisation[0m
[38;2;74;176;245m[1mProfile[0m ⏱  ···· Starting [1m@initialise[0m
[38;2;74;176;245m[1mProfile[0m ⏱  ···· Time elapsed in [1m@initialise[0m: .............................. [1m0.0s[0m
[38;2;74;176;245m[1mProfile[0m ⏱  ···· Starting [1m@initialise_backend[0m
[38;2;74;176;245m[1mProfile[0m ⏱  ······ Starting [1m@configure_tensorflow[0m
[38;2;74;176;245m[1mProfile[0m ⏱  ······ Time elapsed in [1m@configure_tensorflow[0m: ................. [1m18.2s[0m
[38;2;74;176;245m[1mProfile[0m ⏱  ···· Time elapsed in [1m@initialise_backend[0m: ..................... [1m19.0s[0m
{'config': './configs/default.json',
 'devices': 7,
 'folds': 3,
 'gpu': True,
 'input': './input/',
 'jobname': 'classifier-patch.00000053',
 'mode': 'gpu',
 'optimise_adversarial': False,
 'optimise_classifier': True,
 'output': './output/',
 'patches': ['/exports/eddie3_homes_local/s1562020/work/adversarial/optimisation/experiments/classifier/patches/patch.00000053.json'],
 'tensorboard': True,
 'theano': False,
 'train': False,
 'train_adversarial': False,
 'train_classifier': True,
 'verbose': False}
{u'adversary': {u'compile': {},
                u'fit': {},
                u'model': {u'architecture': [{}, {}, {}, {}],
                           u'default': {u'activation': u'relu',
                                        u'units': 64},
                           u'gmm_components': 5}},
 u'classifier': {u'compile': {u'loss': u'binary_crossentropy',
                              u'optimizer': <keras.optimizers.Adam object at 0x2b13df1db310>},
                 u'fit': {u'batch_size': 57344,
                          u'epochs': 50,
                          u'shuffle': True,
                          'verbose': 2},
                 u'model': {u'architecture': [{}, {}, {}, {}, {}, {}],
                            u'default': {u'activation': u'tanh',
                                         u'batchnorm': True,
                                         u'dropout': 0.2772117514432333,
                                         u'units': 512}}},
 u'combined': {u'compile': {u'loss': [u'binary_crossentropy', None],
                            u'loss_weights': [1.8181818181818182e-09, 1.0],
                            u'optimizer': <keras.optimizers.Adam object at 0x2b13df1db350>},
               u'fit': {u'batch_size': 57344,
                        u'epochs': 100,
                        u'shuffle': True,
                        'verbose': 2},
               u'model': {u'lambda_reg': 10.0,
                          u'lr_ratio': 1.8181818181818182e-09},
               u'pretrain': 10}}
  TensorFlow version: 1.4.1
[38;2;74;176;245m[1mProfile[0m ⏱  ·· Time elapsed in [1mInitialisation[0m: ............................ [1m19.2s[0m
[38;2;74;176;245m[1mProfile[0m ⏱  ·· Starting [1m@load_data[0m
[38;2;74;176;245m[1mProfile[0m ⏱  ·· Time elapsed in [1m@load_data[0m: ................................ [1m36.1s[0m
[38;2;74;176;245m[1mProfile[0m ⏱  ·· Starting [1m@get_decorrelation_variables[0m
[38;2;74;176;245m[1mProfile[0m ⏱  ·· Time elapsed in [1m@get_decorrelation_variables[0m: ............... [1m0.0s[0m
[38;2;74;176;245m[1mProfile[0m ⏱  ·· Starting [1mClassifier-only fit, cross-validation[0m
[38;2;74;176;245m[1mProfile[0m ⏱  ···· Starting [1mFold 1/3[0m
Train on 1333332 samples, validate on 666668 samples
Epoch 1/50
 - 13s - loss: 0.6645 - val_loss: 0.5184
Epoch 2/50
 - 11s - loss: 0.5637 - val_loss: 0.5783
Epoch 3/50
 - 11s - loss: 0.5441 - val_loss: 0.5790
Epoch 4/50
 - 10s - loss: 0.5357 - val_loss: 0.5769
Epoch 5/50
 - 11s - loss: 0.5308 - val_loss: 0.5709
Epoch 6/50
 - 11s - loss: 0.5260 - val_loss: 0.5700
Epoch 7/50
 - 12s - loss: 0.5217 - val_loss: 0.5668
Epoch 8/50
 - 12s - loss: 0.5189 - val_loss: 0.5627
Epoch 9/50
 - 10s - loss: 0.5162 - val_loss: 0.5605
Epoch 10/50
 - 10s - loss: 0.5135 - val_loss: 0.5586
Epoch 11/50
 - 9s - loss: 0.5104 - val_loss: 0.5552
Epoch 12/50
 - 9s - loss: 0.5089 - val_loss: 0.5532
Epoch 13/50
 - 10s - loss: 0.5071 - val_loss: 0.5505
Epoch 14/50
 - 9s - loss: 0.5048 - val_loss: 0.5492
Epoch 15/50
 - 10s - loss: 0.5035 - val_loss: 0.5632
Epoch 16/50
 - 9s - loss: 0.5021 - val_loss: 0.5434
Epoch 17/50
 - 9s - loss: 0.4998 - val_loss: 0.5387
Epoch 18/50
 - 9s - loss: 0.4991 - val_loss: 0.5367
Epoch 19/50
 - 7s - loss: 0.4983 - val_loss: 0.5342
Epoch 20/50
 - 6s - loss: 0.4966 - val_loss: 0.5330
Epoch 21/50
 - 6s - loss: 0.4965 - val_loss: 0.5293
Epoch 22/50
 - 6s - loss: 0.4948 - val_loss: 0.5272
Epoch 23/50
 - 6s - loss: 0.4932 - val_loss: 0.5258
Epoch 24/50
 - 5s - loss: 0.4932 - val_loss: 0.5226
Epoch 25/50
 - 5s - loss: 0.4926 - val_loss: 0.5207
Epoch 26/50
 - 7s - loss: 0.4909 - val_loss: 0.5191
Epoch 27/50
 - 7s - loss: 0.4903 - val_loss: 0.5186
Epoch 28/50
 - 8s - loss: 0.4890 - val_loss: 0.5141
Epoch 29/50
 - 7s - loss: 0.4895 - val_loss: 0.5129
Epoch 30/50
 - 7s - loss: 0.4886 - val_loss: 0.5098
Epoch 31/50
 - 9s - loss: 0.4879 - val_loss: 0.5097
Epoch 32/50
 - 10s - loss: 0.4867 - val_loss: 0.5067
Epoch 33/50
 - 9s - loss: 0.4864 - val_loss: 0.5255
Epoch 34/50
 - 10s - loss: 0.4856 - val_loss: 0.5300
Epoch 35/50
 - 9s - loss: 0.4845 - val_loss: 0.5026
Epoch 36/50
 - 9s - loss: 0.4837 - val_loss: 0.5016
Epoch 37/50
 - 10s - loss: 0.4836 - val_loss: 0.4985
Epoch 38/50
 - 10s - loss: 0.4831 - val_loss: 0.4996
Epoch 39/50
 - 10s - loss: 0.4821 - val_loss: 0.4971
Epoch 40/50
 - 10s - loss: 0.4812 - val_loss: 0.4965
Epoch 41/50
 - 10s - loss: 0.4803 - val_loss: 0.4953
Epoch 42/50
 - 10s - loss: 0.4797 - val_loss: 0.4928
Epoch 43/50
 - 9s - loss: 0.4790 - val_loss: 0.4931
Epoch 44/50
 - 10s - loss: 0.4792 - val_loss: 0.4900
Epoch 45/50
 - 10s - loss: 0.4783 - val_loss: 0.4891
Epoch 46/50
 - 10s - loss: 0.4776 - val_loss: 0.4886
Epoch 47/50
 - 10s - loss: 0.4773 - val_loss: 0.4885
Epoch 48/50
 - 10s - loss: 0.4762 - val_loss: 0.4889
Epoch 49/50
 - 10s - loss: 0.4761 - val_loss: 0.4861
Epoch 50/50
 - 9s - loss: 0.4753 - val_loss: 0.4856
[38;2;74;176;245m[1mProfile[0m ⏱  ···· Time elapsed in [1mFold 1/3[0m: ............................... [1m505.6s[0m
[38;2;74;176;245m[1mProfile[0m ⏱  ···· Starting [1mFold 2/3[0m
Train on 1333334 samples, validate on 666666 samples
Epoch 1/50
 - 13s - loss: 0.5821 - val_loss: 0.5821
Epoch 2/50
 - 9s - loss: 0.5211 - val_loss: 0.5308
Epoch 3/50
 - 9s - loss: 0.5106 - val_loss: 0.5287
Epoch 4/50
 - 9s - loss: 0.5063 - val_loss: 0.5215
Epoch 5/50
 - 10s - loss: 0.5022 - val_loss: 0.5149
Epoch 6/50
 - 9s - loss: 0.4988 - val_loss: 0.5105
Epoch 7/50
 - 9s - loss: 0.4957 - val_loss: 0.5043
Epoch 8/50
 - 10s - loss: 0.4942 - val_loss: 0.4999
Epoch 9/50
 - 9s - loss: 0.4928 - val_loss: 0.4966
Epoch 10/50
 - 9s - loss: 0.4913 - val_loss: 0.4941
Epoch 11/50
 - 7s - loss: 0.4893 - val_loss: 0.4904
Epoch 12/50
 - 8s - loss: 0.4878 - val_loss: 0.4896
Epoch 13/50
 - 7s - loss: 0.4858 - val_loss: 0.4907
Epoch 14/50
 - 7s - loss: 0.4855 - val_loss: 0.4865
Epoch 15/50
 - 7s - loss: 0.4835 - val_loss: 0.4855
Epoch 16/50
 - 8s - loss: 0.4830 - val_loss: 0.4818
Epoch 17/50
 - 5s - loss: 0.4818 - val_loss: 0.4812
Epoch 18/50
 - 5s - loss: 0.4808 - val_loss: 0.4803
Epoch 19/50
 - 6s - loss: 0.4795 - val_loss: 0.4788
Epoch 20/50
 - 6s - loss: 0.4783 - val_loss: 0.5193
Epoch 21/50
 - 5s - loss: 0.4774 - val_loss: 0.4770
Epoch 22/50
 - 5s - loss: 0.4774 - val_loss: 0.4764
Epoch 23/50
 - 7s - loss: 0.4756 - val_loss: 0.4791
Epoch 24/50
 - 7s - loss: 0.4746 - val_loss: 0.4750
Epoch 25/50
 - 7s - loss: 0.4741 - val_loss: 0.4734
Epoch 26/50
 - 7s - loss: 0.4728 - val_loss: 0.4747
Epoch 27/50
 - 7s - loss: 0.4732 - val_loss: 0.4728
Epoch 28/50
 - 8s - loss: 0.4712 - val_loss: 0.4721
Epoch 29/50
 - 7s - loss: 0.4708 - val_loss: 0.4783
Epoch 30/50
 - 7s - loss: 0.4698 - val_loss: 0.4734
Epoch 31/50
 - 8s - loss: 0.4691 - val_loss: 0.4720
Epoch 32/50
 - 7s - loss: 0.4686 - val_loss: 0.4698
Epoch 33/50
 - 7s - loss: 0.4681 - val_loss: 0.4689
Epoch 34/50
 - 8s - loss: 0.4665 - val_loss: 0.4697
Epoch 35/50
 - 8s - loss: 0.4661 - val_loss: 0.4701
Epoch 36/50
 - 8s - loss: 0.4660 - val_loss: 0.4680
Epoch 37/50
 - 8s - loss: 0.4648 - val_loss: 0.4688
Epoch 38/50
 - 8s - loss: 0.4637 - val_loss: 0.4665
Epoch 39/50
 - 7s - loss: 0.4636 - val_loss: 0.4709
Epoch 40/50
 - 9s - loss: 0.4629 - val_loss: 0.4676
Epoch 41/50
 - 10s - loss: 0.4614 - val_loss: 0.4652
Epoch 42/50
 - 10s - loss: 0.4608 - val_loss: 0.4692
Epoch 43/50
 - 11s - loss: 0.4602 - val_loss: 0.4657
Epoch 44/50
 - 10s - loss: 0.4598 - val_loss: 0.4644
Epoch 45/50
 - 11s - loss: 0.4596 - val_loss: 0.4638
Epoch 46/50
 - 10s - loss: 0.4583 - val_loss: 0.4639
Epoch 47/50
 - 10s - loss: 0.4579 - val_loss: 0.4618
Epoch 48/50
 - 10s - loss: 0.4571 - val_loss: 0.4668
Epoch 49/50
 - 10s - loss: 0.4566 - val_loss: 0.4623
Epoch 50/50
 - 11s - loss: 0.4560 - val_loss: 0.4622
[38;2;74;176;245m[1mProfile[0m ⏱  ···· Time elapsed in [1mFold 2/3[0m: ............................... [1m452.4s[0m
[38;2;74;176;245m[1mProfile[0m ⏱  ···· Starting [1mFold 3/3[0m
Train on 1333334 samples, validate on 666666 samples
Epoch 1/50
 - 14s - loss: 0.5780 - val_loss: 0.5798
Epoch 2/50
 - 10s - loss: 0.5181 - val_loss: 0.5378
Epoch 3/50
 - 10s - loss: 0.5080 - val_loss: 0.5380
Epoch 4/50
 - 10s - loss: 0.5021 - val_loss: 0.5259
Epoch 5/50
 - 10s - loss: 0.4987 - val_loss: 0.5135
Epoch 6/50
 - 9s - loss: 0.4956 - val_loss: 0.5103
Epoch 7/50
 - 9s - loss: 0.4930 - val_loss: 0.5085
Epoch 8/50
 - 10s - loss: 0.4910 - val_loss: 0.6155
Epoch 9/50
 - 10s - loss: 0.4892 - val_loss: 0.4961
Epoch 10/50
 - 8s - loss: 0.4867 - val_loss: 0.4965
Epoch 11/50
 - 8s - loss: 0.4861 - val_loss: 0.4919
Epoch 12/50
 - 9s - loss: 0.4844 - val_loss: 0.4907
Epoch 13/50
 - 8s - loss: 0.4836 - val_loss: 0.4907
Epoch 14/50
 - 8s - loss: 0.4821 - val_loss: 0.4856
Epoch 15/50
 - 10s - loss: 0.4815 - val_loss: 0.4874
Epoch 16/50
 - 10s - loss: 0.4794 - val_loss: 0.4838
Epoch 17/50
 - 11s - loss: 0.4783 - val_loss: 0.4846
Epoch 18/50
 - 10s - loss: 0.4771 - val_loss: 0.4838
Epoch 19/50
 - 10s - loss: 0.4759 - val_loss: 0.4769
Epoch 20/50
 - 10s - loss: 0.4752 - val_loss: 0.4791
Epoch 21/50
 - 10s - loss: 0.4739 - val_loss: 0.4778
Epoch 22/50
 - 9s - loss: 0.4728 - val_loss: 0.4834
Epoch 23/50
 - 10s - loss: 0.4720 - val_loss: 0.4768
Epoch 24/50
 - 10s - loss: 0.4707 - val_loss: 0.4761
Epoch 25/50
 - 7s - loss: 0.4704 - val_loss: 0.4768
Epoch 26/50
 - 8s - loss: 0.4696 - val_loss: 0.4758
Epoch 27/50
 - 7s - loss: 0.4683 - val_loss: 0.4765
Epoch 28/50
 - 8s - loss: 0.4674 - val_loss: 0.4785
Epoch 29/50
 - 9s - loss: 0.4666 - val_loss: 0.4793
Epoch 30/50
 - 9s - loss: 0.4649 - val_loss: 0.4748
Epoch 31/50
 - 9s - loss: 0.4647 - val_loss: 0.4723
Epoch 32/50
 - 9s - loss: 0.4637 - val_loss: 0.4728
Epoch 33/50
 - 9s - loss: 0.4632 - val_loss: 0.4717
Epoch 34/50
 - 9s - loss: 0.4631 - val_loss: 0.4749
Epoch 35/50
 - 9s - loss: 0.4618 - val_loss: 0.4674
Epoch 36/50
 - 8s - loss: 0.4612 - val_loss: 0.4724
Epoch 37/50
 - 9s - loss: 0.4608 - val_loss: 0.4703
Epoch 38/50
 - 9s - loss: 0.4595 - val_loss: 0.4687
Epoch 39/50
 - 9s - loss: 0.4588 - val_loss: 0.4711
Epoch 40/50
 - 9s - loss: 0.4586 - val_loss: 0.4722
Epoch 41/50
 - 9s - loss: 0.4574 - val_loss: 0.4673
Epoch 42/50
 - 9s - loss: 0.4571 - val_loss: 0.4716
Epoch 43/50
 - 10s - loss: 0.4565 - val_loss: 0.4703
Epoch 44/50
 - 9s - loss: 0.4562 - val_loss: 0.4671
Epoch 45/50
 - 10s - loss: 0.4551 - val_loss: 0.4666
Epoch 46/50
 - 10s - loss: 0.4549 - val_loss: 0.4687
Epoch 47/50
 - 10s - loss: 0.4540 - val_loss: 0.4651
Epoch 48/50
 - 10s - loss: 0.4531 - val_loss: 0.4643
Epoch 49/50
 - 10s - loss: 0.4524 - val_loss: 0.4617
Epoch 50/50
 - 10s - loss: 0.4521 - val_loss: 0.4623
Got result 0.481042431707
Completed successfully in 1556.68 seconds. [{u'main': 0.48104243170714334}]
[38;2;74;176;245m[1mProfile[0m ⏱  ···· Time elapsed in [1mFold 3/3[0m: ............................... [1m515.5s[0m
[38;2;74;176;245m[1mProfile[0m ⏱  ·· Time elapsed in [1mClassifier-only fit, cross-validation[0m: ... [1m1474.4s[0m
[38;2;74;176;245m[1mProfile[0m ⏱  Time elapsed in [1m@main[0m: ...................................... [1m1530.1s[0m
cd: Going back to /exports/eddie3_homes_local/s1562020/work/adversarial/optimisation/experiments/classifier
