Job launching after 4.88 seconds in submission.
Running python job.
Changed into dir /exports/eddie3_homes_local/s1562020/work/adversarial/optimisation/experiments/classifier
Importing optimise.py
Running optimise.main()
INFO: Applying patch '/exports/eddie3_homes_local/s1562020/work/adversarial/optimisation/experiments/classifier/patches/patch.00000024.json'
INFO: Found 20 Intel(R) Xeon(R) CPU E5-2630 v4 @ 2.20GHz devices with 10 cores each.
Using TensorFlow backend.
INFO: Scaling classifier/lr -1 -> 0.1
INFO: Scaling classifier/decay -2 -> 0.01
INFO: Scaling classifier/units 2 -> 4
INFO: Writing TensorBoard logs to 'logs/tensorboard/classifier-patch.00000024/'
INFO: Running '/exports/eddie3_homes_local/s1562020/work/adversarial/run/adversarial/common.pyc'
INFO: Command-line arguments:
INFO: Configuration file contents:
INFO: Python version: 2.7.14
INFO: Numpy  version: 1.12.1
INFO: Keras  version: 2.1.5
INFO: Using keras backend: 'tensorflow'
INFO: Found  1000000 training and  1000249 test samples for signal
INFO: Found  1000000 training and 10000000 test samples for background
INFO: load_data: Selecting only training data.
INFO: Implementing gradient reversal layer in TensorFlow
INFO: Training cross-validation classifiers
Call to main function (#24)
  Parameters: {u'classifier/model/default/units': array([2]), u'classifier/compile/decay': array([-2]), u'classifier/model/default/dropout': array([ 0.]), u'classifier/compile/lr': array([-1]), u'classifier/model/architecture': array([1]), u'classifier/model/default/activation': [u'relu']}
param: classifier/model/default/units
param: classifier/compile/decay
param: classifier/model/default/dropout
param: classifier/compile/lr
param: classifier/model/architecture
param: classifier/model/default/activation
- - - - - - - - - - - - - - - - - - - - - - - - - - - - - - - - - - - - - - - - 
Saving the following patch to '/exports/eddie3_homes_local/s1562020/work/adversarial/optimisation/experiments/classifier/patches/patch.00000024.json':
{u'classifier': {u'compile': {u'lr': -1, u'decay': -2}, u'model': {u'default': {u'units': 2, u'dropout': 0.0, u'activation': u'relu'}, u'architecture': 1}, 'fit': {'epochs': 50, 'batch_size': 8192}}}
- - - - - - - - - - - - - - - - - - - - - - - - - - - - - - - - - - - - - - - - 
cd: Going to /exports/eddie3_homes_local/s1562020/work/adversarial/
[38;2;74;176;245m[1mProfile[0m ⏱  Starting [1m@main[0m
[38;2;74;176;245m[1mProfile[0m ⏱  ·· Starting [1mInitialisation[0m
[38;2;74;176;245m[1mProfile[0m ⏱  ···· Starting [1m@initialise[0m
[38;2;74;176;245m[1mProfile[0m ⏱  ···· Time elapsed in [1m@initialise[0m: .............................. [1m0.0s[0m
[38;2;74;176;245m[1mProfile[0m ⏱  ···· Starting [1m@initialise_backend[0m
[38;2;74;176;245m[1mProfile[0m ⏱  ······ Starting [1m@configure_tensorflow[0m
[38;2;74;176;245m[1mProfile[0m ⏱  ······ Time elapsed in [1m@configure_tensorflow[0m: ................. [1m16.2s[0m
[38;2;74;176;245m[1mProfile[0m ⏱  ···· Time elapsed in [1m@initialise_backend[0m: ..................... [1m17.3s[0m
{'config': './configs/default.json',
 'devices': 7,
 'folds': 3,
 'gpu': True,
 'input': './input/',
 'jobname': 'classifier-patch.00000024',
 'mode': 'gpu',
 'optimise_adversarial': False,
 'optimise_classifier': True,
 'output': './output/',
 'patches': ['/exports/eddie3_homes_local/s1562020/work/adversarial/optimisation/experiments/classifier/patches/patch.00000024.json'],
 'tensorboard': True,
 'theano': False,
 'train': False,
 'train_adversarial': False,
 'train_classifier': True,
 'verbose': False}
{u'adversary': {u'compile': {},
                u'fit': {},
                u'model': {u'architecture': [{}, {}, {}, {}],
                           u'default': {u'activation': u'relu',
                                        u'units': 64},
                           u'gmm_components': 5}},
 u'classifier': {u'compile': {u'loss': u'binary_crossentropy',
                              u'optimizer': <keras.optimizers.Adam object at 0x2b792f9d8310>},
                 u'fit': {u'batch_size': 57344,
                          u'epochs': 50,
                          u'shuffle': True,
                          'verbose': 2},
                 u'model': {u'architecture': [{}],
                            u'default': {u'activation': u'relu',
                                         u'batchnorm': True,
                                         u'dropout': 0.0,
                                         u'units': 4}}},
 u'combined': {u'compile': {u'loss': [u'binary_crossentropy', None],
                            u'loss_weights': [9.09090909090909e-09, 1.0],
                            u'optimizer': <keras.optimizers.Adam object at 0x2b792f9d8350>},
               u'fit': {u'batch_size': 57344,
                        u'epochs': 200,
                        u'shuffle': True,
                        'verbose': 2},
               u'model': {u'lambda_reg': 10.0,
                          u'lr_ratio': 9.09090909090909e-09},
               u'pretrain': 10}}
  TensorFlow version: 1.4.1
[38;2;74;176;245m[1mProfile[0m ⏱  ·· Time elapsed in [1mInitialisation[0m: ............................ [1m17.4s[0m
[38;2;74;176;245m[1mProfile[0m ⏱  ·· Starting [1m@load_data[0m
[38;2;74;176;245m[1mProfile[0m ⏱  ·· Time elapsed in [1m@load_data[0m: ................................ [1m32.2s[0m
[38;2;74;176;245m[1mProfile[0m ⏱  ·· Starting [1m@get_decorrelation_variables[0m
[38;2;74;176;245m[1mProfile[0m ⏱  ·· Time elapsed in [1m@get_decorrelation_variables[0m: ............... [1m0.0s[0m
[38;2;74;176;245m[1mProfile[0m ⏱  ·· Starting [1mClassifier-only fit, cross-validation[0m
[38;2;74;176;245m[1mProfile[0m ⏱  ···· Starting [1mFold 1/3[0m
Train on 1333332 samples, validate on 666668 samples
Epoch 1/50
 - 2s - loss: 0.5430 - val_loss: 0.4814
Epoch 2/50
 - 1s - loss: 0.4568 - val_loss: 0.4453
Epoch 3/50
 - 1s - loss: 0.4327 - val_loss: 0.4158
Epoch 4/50
 - 1s - loss: 0.4026 - val_loss: 0.3992
Epoch 5/50
 - 1s - loss: 0.3943 - val_loss: 0.3953
Epoch 6/50
 - 2s - loss: 0.3903 - val_loss: 0.3956
Epoch 7/50
 - 2s - loss: 0.3901 - val_loss: 0.3905
Epoch 8/50
 - 1s - loss: 0.3887 - val_loss: 0.3883
Epoch 9/50
 - 2s - loss: 0.3881 - val_loss: 0.3881
Epoch 10/50
 - 1s - loss: 0.3877 - val_loss: 0.3890
Epoch 11/50
 - 2s - loss: 0.3876 - val_loss: 0.3924
Epoch 12/50
 - 2s - loss: 0.3871 - val_loss: 0.3914
Epoch 13/50
 - 2s - loss: 0.3873 - val_loss: 0.3891
Epoch 14/50
 - 2s - loss: 0.3867 - val_loss: 0.3905
Epoch 15/50
 - 2s - loss: 0.3872 - val_loss: 0.3887
Epoch 16/50
 - 2s - loss: 0.3870 - val_loss: 0.3888
Epoch 17/50
 - 2s - loss: 0.3861 - val_loss: 0.3874
Epoch 18/50
 - 1s - loss: 0.3862 - val_loss: 0.3889
Epoch 19/50
 - 1s - loss: 0.3863 - val_loss: 0.3853
Epoch 20/50
 - 1s - loss: 0.3859 - val_loss: 0.3929
Epoch 21/50
 - 2s - loss: 0.3869 - val_loss: 0.3888
Epoch 22/50
 - 1s - loss: 0.3860 - val_loss: 0.3862
Epoch 23/50
 - 2s - loss: 0.3861 - val_loss: 0.3887
Epoch 24/50
 - 1s - loss: 0.3861 - val_loss: 0.3867
Epoch 25/50
 - 2s - loss: 0.3854 - val_loss: 0.3894
Epoch 26/50
 - 2s - loss: 0.3856 - val_loss: 0.3900
Epoch 27/50
 - 1s - loss: 0.3856 - val_loss: 0.3874
Epoch 28/50
 - 2s - loss: 0.3852 - val_loss: 0.3876
Epoch 29/50
 - 1s - loss: 0.3854 - val_loss: 0.3861
Epoch 30/50
 - 1s - loss: 0.3854 - val_loss: 0.3869
Epoch 31/50
 - 1s - loss: 0.3855 - val_loss: 0.3884
Epoch 32/50
 - 2s - loss: 0.3856 - val_loss: 0.3869
Epoch 33/50
 - 1s - loss: 0.3853 - val_loss: 0.3871
Epoch 34/50
 - 2s - loss: 0.3852 - val_loss: 0.3860
Epoch 35/50
 - 1s - loss: 0.3852 - val_loss: 0.3917
Epoch 36/50
 - 1s - loss: 0.3850 - val_loss: 0.3859
Epoch 37/50
 - 1s - loss: 0.3853 - val_loss: 0.3852
Epoch 38/50
 - 1s - loss: 0.3850 - val_loss: 0.3861
Epoch 39/50
 - 1s - loss: 0.3854 - val_loss: 0.3854
Epoch 40/50
 - 1s - loss: 0.3854 - val_loss: 0.3851
Epoch 41/50
 - 1s - loss: 0.3853 - val_loss: 0.3861
Epoch 42/50
 - 1s - loss: 0.3853 - val_loss: 0.3858
Epoch 43/50
 - 1s - loss: 0.3850 - val_loss: 0.3860
Epoch 44/50
 - 1s - loss: 0.3850 - val_loss: 0.3862
Epoch 45/50
 - 1s - loss: 0.3855 - val_loss: 0.3892
Epoch 46/50
 - 1s - loss: 0.3853 - val_loss: 0.3848
Epoch 47/50
 - 1s - loss: 0.3851 - val_loss: 0.3860
Epoch 48/50
 - 1s - loss: 0.3850 - val_loss: 0.3885
Epoch 49/50
 - 1s - loss: 0.3852 - val_loss: 0.3855
Epoch 50/50
 - 1s - loss: 0.3850 - val_loss: 0.3894
[38;2;74;176;245m[1mProfile[0m ⏱  ···· Time elapsed in [1mFold 1/3[0m: ................................ [1m97.7s[0m
[38;2;74;176;245m[1mProfile[0m ⏱  ···· Starting [1mFold 2/3[0m
Train on 1333334 samples, validate on 666666 samples
Epoch 1/50
 - 2s - loss: 0.5212 - val_loss: 0.4557
Epoch 2/50
 - 2s - loss: 0.4480 - val_loss: 0.4450
Epoch 3/50
 - 2s - loss: 0.4393 - val_loss: 0.4368
Epoch 4/50
 - 2s - loss: 0.4339 - val_loss: 0.4323
Epoch 5/50
 - 2s - loss: 0.4296 - val_loss: 0.4287
Epoch 6/50
 - 1s - loss: 0.4246 - val_loss: 0.4233
Epoch 7/50
 - 1s - loss: 0.4192 - val_loss: 0.4166
Epoch 8/50
 - 1s - loss: 0.4139 - val_loss: 0.4129
Epoch 9/50
 - 2s - loss: 0.4083 - val_loss: 0.4067
Epoch 10/50
 - 2s - loss: 0.4024 - val_loss: 0.4012
Epoch 11/50
 - 2s - loss: 0.3981 - val_loss: 0.3963
Epoch 12/50
 - 2s - loss: 0.3957 - val_loss: 0.3932
Epoch 13/50
 - 1s - loss: 0.3933 - val_loss: 0.3927
Epoch 14/50
 - 2s - loss: 0.3923 - val_loss: 0.3918
Epoch 15/50
 - 1s - loss: 0.3909 - val_loss: 0.3913
Epoch 16/50
 - 1s - loss: 0.3897 - val_loss: 0.3937
Epoch 17/50
 - 1s - loss: 0.3897 - val_loss: 0.3895
Epoch 18/50
 - 1s - loss: 0.3888 - val_loss: 0.3910
Epoch 19/50
 - 1s - loss: 0.3889 - val_loss: 0.3882
Epoch 20/50
 - 1s - loss: 0.3882 - val_loss: 0.3893
Epoch 21/50
 - 1s - loss: 0.3876 - val_loss: 0.3872
Epoch 22/50
 - 2s - loss: 0.3875 - val_loss: 0.3876
Epoch 23/50
 - 1s - loss: 0.3871 - val_loss: 0.3893
Epoch 24/50
 - 1s - loss: 0.3869 - val_loss: 0.3872
Epoch 25/50
 - 1s - loss: 0.3868 - val_loss: 0.3864
Epoch 26/50
 - 2s - loss: 0.3867 - val_loss: 0.3863
Epoch 27/50
 - 1s - loss: 0.3866 - val_loss: 0.3864
Epoch 28/50
 - 1s - loss: 0.3864 - val_loss: 0.3851
Epoch 29/50
 - 1s - loss: 0.3867 - val_loss: 0.3872
Epoch 30/50
 - 1s - loss: 0.3863 - val_loss: 0.3863
Epoch 31/50
 - 1s - loss: 0.3863 - val_loss: 0.3871
Epoch 32/50
 - 1s - loss: 0.3863 - val_loss: 0.3845
Epoch 33/50
 - 1s - loss: 0.3863 - val_loss: 0.3855
Epoch 34/50
 - 1s - loss: 0.3863 - val_loss: 0.3855
Epoch 35/50
 - 1s - loss: 0.3863 - val_loss: 0.3904
Epoch 36/50
 - 1s - loss: 0.3864 - val_loss: 0.3860
Epoch 37/50
 - 1s - loss: 0.3861 - val_loss: 0.3880
Epoch 38/50
 - 1s - loss: 0.3863 - val_loss: 0.3872
Epoch 39/50
 - 1s - loss: 0.3862 - val_loss: 0.3865
Epoch 40/50
 - 1s - loss: 0.3859 - val_loss: 0.3859
Epoch 41/50
 - 1s - loss: 0.3858 - val_loss: 0.3863
Epoch 42/50
 - 1s - loss: 0.3861 - val_loss: 0.3849
Epoch 43/50
 - 1s - loss: 0.3858 - val_loss: 0.3873
Epoch 44/50
 - 1s - loss: 0.3860 - val_loss: 0.3876
Epoch 45/50
 - 1s - loss: 0.3861 - val_loss: 0.3872
Epoch 46/50
 - 1s - loss: 0.3860 - val_loss: 0.3852
Epoch 47/50
 - 1s - loss: 0.3858 - val_loss: 0.3865
Epoch 48/50
 - 2s - loss: 0.3858 - val_loss: 0.3877
Epoch 49/50
 - 1s - loss: 0.3862 - val_loss: 0.3871
Epoch 50/50
 - 1s - loss: 0.3858 - val_loss: 0.3863
[38;2;74;176;245m[1mProfile[0m ⏱  ···· Time elapsed in [1mFold 2/3[0m: ................................ [1m72.0s[0m
[38;2;74;176;245m[1mProfile[0m ⏱  ···· Starting [1mFold 3/3[0m
Train on 1333334 samples, validate on 666666 samples
Epoch 1/50
 - 1s - loss: 0.6489 - val_loss: 0.5325
Epoch 2/50
 - 1s - loss: 0.5073 - val_loss: 0.4912
Epoch 3/50
 - 1s - loss: 0.4795 - val_loss: 0.4794
Epoch 4/50
 - 1s - loss: 0.4694 - val_loss: 0.4669
Epoch 5/50
 - 1s - loss: 0.4647 - val_loss: 0.4671
Epoch 6/50
 - 1s - loss: 0.4610 - val_loss: 0.4639
Epoch 7/50
 - 1s - loss: 0.4576 - val_loss: 0.4570
Epoch 8/50
 - 1s - loss: 0.4534 - val_loss: 0.4528
Epoch 9/50
 - 1s - loss: 0.4485 - val_loss: 0.4461
Epoch 10/50
 - 1s - loss: 0.4402 - val_loss: 0.4356
Epoch 11/50
 - 1s - loss: 0.4274 - val_loss: 0.4235
Epoch 12/50
 - 1s - loss: 0.4137 - val_loss: 0.4095
Epoch 13/50
 - 1s - loss: 0.4041 - val_loss: 0.4038
Epoch 14/50
 - 1s - loss: 0.3984 - val_loss: 0.4004
Epoch 15/50
 - 1s - loss: 0.3952 - val_loss: 0.3953
Epoch 16/50
 - 1s - loss: 0.3934 - val_loss: 0.3951
Epoch 17/50
 - 1s - loss: 0.3924 - val_loss: 0.3946
Epoch 18/50
 - 1s - loss: 0.3919 - val_loss: 0.3939
Epoch 19/50
 - 1s - loss: 0.3913 - val_loss: 0.3933
Epoch 20/50
 - 1s - loss: 0.3909 - val_loss: 0.3919
Epoch 21/50
 - 1s - loss: 0.3907 - val_loss: 0.3932
Epoch 22/50
 - 1s - loss: 0.3904 - val_loss: 0.3941
Epoch 23/50
 - 1s - loss: 0.3909 - val_loss: 0.3956
Epoch 24/50
 - 1s - loss: 0.3901 - val_loss: 0.3937
Epoch 25/50
 - 1s - loss: 0.3900 - val_loss: 0.3928
Epoch 26/50
 - 1s - loss: 0.3898 - val_loss: 0.3939
Epoch 27/50
 - 1s - loss: 0.3900 - val_loss: 0.3922
Epoch 28/50
 - 1s - loss: 0.3901 - val_loss: 0.3929
Epoch 29/50
 - 1s - loss: 0.3900 - val_loss: 0.3917
Epoch 30/50
 - 1s - loss: 0.3899 - val_loss: 0.3924
Epoch 31/50
 - 1s - loss: 0.3897 - val_loss: 0.3914
Epoch 32/50
 - 1s - loss: 0.3895 - val_loss: 0.3935
Epoch 33/50
 - 1s - loss: 0.3897 - val_loss: 0.3932
Epoch 34/50
 - 1s - loss: 0.3897 - val_loss: 0.3899
Epoch 35/50
 - 1s - loss: 0.3897 - val_loss: 0.3923
Epoch 36/50
 - 1s - loss: 0.3892 - val_loss: 0.3930
Epoch 37/50
 - 1s - loss: 0.3895 - val_loss: 0.3917
Epoch 38/50
 - 1s - loss: 0.3892 - val_loss: 0.3914
Epoch 39/50
 - 1s - loss: 0.3890 - val_loss: 0.3914
Epoch 40/50
 - 1s - loss: 0.3893 - val_loss: 0.3911
Epoch 41/50
 - 2s - loss: 0.3889 - val_loss: 0.3944
Epoch 42/50
 - 1s - loss: 0.3888 - val_loss: 0.3876
Epoch 43/50
 - 1s - loss: 0.3891 - val_loss: 0.3914
Epoch 44/50
 - 1s - loss: 0.3888 - val_loss: 0.3881
Epoch 45/50
 - 1s - loss: 0.3889 - val_loss: 0.3914
Epoch 46/50
 - 1s - loss: 0.3888 - val_loss: 0.3920
Epoch 47/50
 - 1s - loss: 0.3884 - val_loss: 0.3924
Epoch 48/50
 - 1s - loss: 0.3888 - val_loss: 0.3963
Epoch 49/50
 - 1s - loss: 0.3890 - val_loss: 0.3921
Epoch 50/50
 - 1s - loss: 0.3888 - val_loss: 0.3922
Got result 0.391738918141
Completed successfully in 305.32 seconds. [{u'main': 0.3917389181411886}]
[38;2;74;176;245m[1mProfile[0m ⏱  ···· Time elapsed in [1mFold 3/3[0m: ................................ [1m62.1s[0m
[38;2;74;176;245m[1mProfile[0m ⏱  ·· Time elapsed in [1mClassifier-only fit, cross-validation[0m: .... [1m232.6s[0m
[38;2;74;176;245m[1mProfile[0m ⏱  Time elapsed in [1m@main[0m: ....................................... [1m282.5s[0m
cd: Going back to /exports/eddie3_homes_local/s1562020/work/adversarial/optimisation/experiments/classifier
