Job launching after 0.61 seconds in submission.
Running python job.
Changed into dir /exports/eddie3_homes_local/s1562020/work/adversarial/optimisation/experiments/classifier
Importing optimise.py
Running optimise.main()
INFO: Applying patch '/exports/eddie3_homes_local/s1562020/work/adversarial/optimisation/experiments/classifier/patches/patch.00000005.json'
INFO: Found 20 Intel(R) Xeon(R) CPU E5-2630 v4 @ 2.20GHz devices with 10 cores each.
Using TensorFlow backend.
INFO: Scaling classifier/lr -4 -> 0.0001
INFO: Scaling classifier/decay -5 -> 1e-05
INFO: Scaling classifier/units 8 -> 256
INFO: Writing TensorBoard logs to 'logs/tensorboard/classifier-patch.00000005/'
INFO: Running '/exports/eddie3_homes_local/s1562020/work/adversarial/run/adversarial/common.pyc'
INFO: Command-line arguments:
INFO: Configuration file contents:
INFO: Python version: 2.7.14
INFO: Numpy  version: 1.12.1
INFO: Keras  version: 2.1.5
INFO: Using keras backend: 'tensorflow'
INFO: Found  1000000 training and  1000249 test samples for signal
INFO: Found  1000000 training and 10000000 test samples for background
INFO: load_data: Selecting only training data.
INFO: Implementing gradient reversal layer in TensorFlow
INFO: Training cross-validation classifiers
Call to main function (#5)
  Parameters: {u'classifier/model/default/units': array([8]), u'classifier/compile/decay': array([-5]), u'classifier/model/default/dropout': array([ 0.1875]), u'classifier/compile/lr': array([-4]), u'classifier/model/architecture': array([4]), u'classifier/model/default/activation': [u'relu']}
param: classifier/model/default/units
param: classifier/compile/decay
param: classifier/model/default/dropout
param: classifier/compile/lr
param: classifier/model/architecture
param: classifier/model/default/activation
- - - - - - - - - - - - - - - - - - - - - - - - - - - - - - - - - - - - - - - - 
Saving the following patch to '/exports/eddie3_homes_local/s1562020/work/adversarial/optimisation/experiments/classifier/patches/patch.00000005.json':
{u'classifier': {u'compile': {u'lr': -4, u'decay': -5}, u'model': {u'default': {u'units': 8, u'dropout': 0.1875, u'activation': u'relu'}, u'architecture': 4}, 'fit': {'epochs': 50, 'batch_size': 8192}}}
- - - - - - - - - - - - - - - - - - - - - - - - - - - - - - - - - - - - - - - - 
mkdir: Creating output directory:
  /exports/eddie3_homes_local/s1562020/work/adversarial/optimisation/experiments/classifier/patches
cd: Going to /exports/eddie3_homes_local/s1562020/work/adversarial/
[38;2;74;176;245m[1mProfile[0m ⏱  Starting [1m@main[0m
[38;2;74;176;245m[1mProfile[0m ⏱  ·· Starting [1mInitialisation[0m
[38;2;74;176;245m[1mProfile[0m ⏱  ···· Starting [1m@initialise[0m
[38;2;74;176;245m[1mProfile[0m ⏱  ···· Time elapsed in [1m@initialise[0m: .............................. [1m0.0s[0m
[38;2;74;176;245m[1mProfile[0m ⏱  ···· Starting [1m@initialise_backend[0m
[38;2;74;176;245m[1mProfile[0m ⏱  ······ Starting [1m@configure_tensorflow[0m
[38;2;74;176;245m[1mProfile[0m ⏱  ······ Time elapsed in [1m@configure_tensorflow[0m: ................. [1m49.6s[0m
[38;2;74;176;245m[1mProfile[0m ⏱  ···· Time elapsed in [1m@initialise_backend[0m: ..................... [1m50.8s[0m
{'config': './configs/default.json',
 'devices': 7,
 'folds': 3,
 'gpu': True,
 'input': './input/',
 'jobname': 'classifier-patch.00000005',
 'mode': 'gpu',
 'optimise_adversarial': False,
 'optimise_classifier': True,
 'output': './output/',
 'patches': ['/exports/eddie3_homes_local/s1562020/work/adversarial/optimisation/experiments/classifier/patches/patch.00000005.json'],
 'tensorboard': True,
 'theano': False,
 'train': False,
 'train_adversarial': False,
 'train_classifier': True,
 'verbose': False}
{u'adversary': {u'compile': {},
                u'fit': {},
                u'model': {u'architecture': [{}, {}, {}, {}],
                           u'default': {u'activation': u'relu',
                                        u'units': 64},
                           u'gmm_components': 5}},
 u'classifier': {u'compile': {u'loss': u'binary_crossentropy',
                              u'optimizer': <keras.optimizers.Adam object at 0x2ad9fb3ce150>},
                 u'fit': {u'batch_size': 57344,
                          u'epochs': 50,
                          u'shuffle': True,
                          'verbose': 2},
                 u'model': {u'architecture': [{}, {}, {}, {}],
                            u'default': {u'activation': u'relu',
                                         u'batchnorm': True,
                                         u'dropout': 0.1875,
                                         u'units': 256}}},
 u'combined': {u'compile': {u'loss': [u'binary_crossentropy', None],
                            u'loss_weights': [9.090909090909091e-10, 1.0],
                            u'optimizer': <keras.optimizers.Adam object at 0x2ad9fb3ce190>},
               u'fit': {u'batch_size': 57344,
                        u'epochs': 100,
                        u'shuffle': True,
                        'verbose': 2},
               u'model': {u'lambda_reg': 10.0,
                          u'lr_ratio': 9.090909090909091e-10},
               u'pretrain': 20}}
  TensorFlow version: 1.4.1
[38;2;74;176;245m[1mProfile[0m ⏱  ·· Time elapsed in [1mInitialisation[0m: ............................ [1m51.0s[0m
[38;2;74;176;245m[1mProfile[0m ⏱  ·· Starting [1m@load_data[0m
[38;2;74;176;245m[1mProfile[0m ⏱  ·· Time elapsed in [1m@load_data[0m: ................................ [1m34.4s[0m
[38;2;74;176;245m[1mProfile[0m ⏱  ·· Starting [1m@get_decorrelation_variables[0m
[38;2;74;176;245m[1mProfile[0m ⏱  ·· Time elapsed in [1m@get_decorrelation_variables[0m: ............... [1m0.0s[0m
[38;2;74;176;245m[1mProfile[0m ⏱  ·· Starting [1mClassifier-only fit, cross-validation[0m
[38;2;74;176;245m[1mProfile[0m ⏱  ···· Starting [1mFold 1/3[0m
Train on 1333332 samples, validate on 666668 samples
Epoch 1/50
 - 5s - loss: 0.6122 - val_loss: 0.4699
Epoch 2/50
 - 3s - loss: 0.4983 - val_loss: 0.4485
Epoch 3/50
 - 3s - loss: 0.4778 - val_loss: 0.4348
Epoch 4/50
 - 3s - loss: 0.4652 - val_loss: 0.4320
Epoch 5/50
 - 3s - loss: 0.4569 - val_loss: 0.4174
Epoch 6/50
 - 3s - loss: 0.4478 - val_loss: 0.4110
Epoch 7/50
 - 3s - loss: 0.4395 - val_loss: 0.4109
Epoch 8/50
 - 3s - loss: 0.4315 - val_loss: 0.3993
Epoch 9/50
 - 3s - loss: 0.4251 - val_loss: 0.3931
Epoch 10/50
 - 3s - loss: 0.4197 - val_loss: 0.3907
Epoch 11/50
 - 4s - loss: 0.4151 - val_loss: 0.3879
Epoch 12/50
 - 3s - loss: 0.4114 - val_loss: 0.3858
Epoch 13/50
 - 3s - loss: 0.4087 - val_loss: 0.3835
Epoch 14/50
 - 3s - loss: 0.4052 - val_loss: 0.3802
Epoch 15/50
 - 3s - loss: 0.4032 - val_loss: 0.3811
Epoch 16/50
 - 4s - loss: 0.4015 - val_loss: 0.3790
Epoch 17/50
 - 3s - loss: 0.4002 - val_loss: 0.3772
Epoch 18/50
 - 3s - loss: 0.3982 - val_loss: 0.3788
Epoch 19/50
 - 3s - loss: 0.3959 - val_loss: 0.3772
Epoch 20/50
 - 3s - loss: 0.3953 - val_loss: 0.3767
Epoch 21/50
 - 3s - loss: 0.3937 - val_loss: 0.3772
Epoch 22/50
 - 3s - loss: 0.3928 - val_loss: 0.3763
Epoch 23/50
 - 3s - loss: 0.3910 - val_loss: 0.3753
Epoch 24/50
 - 4s - loss: 0.3907 - val_loss: 0.3737
Epoch 25/50
 - 3s - loss: 0.3894 - val_loss: 0.3749
Epoch 26/50
 - 3s - loss: 0.3887 - val_loss: 0.3744
Epoch 27/50
 - 3s - loss: 0.3880 - val_loss: 0.3750
Epoch 28/50
 - 3s - loss: 0.3868 - val_loss: 0.3746
Epoch 29/50
 - 3s - loss: 0.3866 - val_loss: 0.3753
Epoch 30/50
 - 3s - loss: 0.3857 - val_loss: 0.3748
Epoch 31/50
 - 3s - loss: 0.3851 - val_loss: 0.3749
Epoch 32/50
 - 3s - loss: 0.3847 - val_loss: 0.3754
Epoch 33/50
 - 3s - loss: 0.3842 - val_loss: 0.3748
Epoch 34/50
 - 3s - loss: 0.3835 - val_loss: 0.3734
Epoch 35/50
 - 3s - loss: 0.3831 - val_loss: 0.3734
Epoch 36/50
 - 3s - loss: 0.3821 - val_loss: 0.3738
Epoch 37/50
 - 4s - loss: 0.3817 - val_loss: 0.3726
Epoch 38/50
 - 4s - loss: 0.3808 - val_loss: 0.3710
Epoch 39/50
 - 4s - loss: 0.3806 - val_loss: 0.3747
Epoch 40/50
 - 4s - loss: 0.3802 - val_loss: 0.3717
Epoch 41/50
 - 4s - loss: 0.3798 - val_loss: 0.3734
Epoch 42/50
 - 3s - loss: 0.3793 - val_loss: 0.3718
Epoch 43/50
 - 4s - loss: 0.3789 - val_loss: 0.3712
Epoch 44/50
 - 4s - loss: 0.3785 - val_loss: 0.3711
Epoch 45/50
 - 3s - loss: 0.3787 - val_loss: 0.3719
Epoch 46/50
 - 3s - loss: 0.3777 - val_loss: 0.8318
Epoch 47/50
 - 3s - loss: 0.3776 - val_loss: 0.3735
Epoch 48/50
 - 3s - loss: 0.3770 - val_loss: 0.3714
Epoch 49/50
 - 3s - loss: 0.3767 - val_loss: 0.3708
Epoch 50/50
 - 3s - loss: 0.3765 - val_loss: 0.3714
[38;2;74;176;245m[1mProfile[0m ⏱  ···· Time elapsed in [1mFold 1/3[0m: ............................... [1m225.1s[0m
[38;2;74;176;245m[1mProfile[0m ⏱  ···· Starting [1mFold 2/3[0m
Train on 1333334 samples, validate on 666666 samples
Epoch 1/50
 - 5s - loss: 0.5151 - val_loss: 0.4335
Epoch 2/50
 - 3s - loss: 0.4437 - val_loss: 0.4074
Epoch 3/50
 - 3s - loss: 0.4212 - val_loss: 0.3930
Epoch 4/50
 - 3s - loss: 0.4081 - val_loss: 0.3826
Epoch 5/50
 - 3s - loss: 0.4010 - val_loss: 0.3772
Epoch 6/50
 - 3s - loss: 0.3970 - val_loss: 0.3756
Epoch 7/50
 - 3s - loss: 0.3939 - val_loss: 0.3764
Epoch 8/50
 - 3s - loss: 0.3914 - val_loss: 0.3721
Epoch 9/50
 - 4s - loss: 0.3896 - val_loss: 0.3744
Epoch 10/50
 - 4s - loss: 0.3877 - val_loss: 0.3713
Epoch 11/50
 - 3s - loss: 0.3862 - val_loss: 0.3710
Epoch 12/50
 - 3s - loss: 0.3845 - val_loss: 0.3683
Epoch 13/50
 - 3s - loss: 0.3837 - val_loss: 0.3712
Epoch 14/50
 - 3s - loss: 0.3831 - val_loss: 0.3723
Epoch 15/50
 - 3s - loss: 0.3822 - val_loss: 0.3713
Epoch 16/50
 - 3s - loss: 0.3815 - val_loss: 0.3721
Epoch 17/50
 - 3s - loss: 0.3802 - val_loss: 0.3704
Epoch 18/50
 - 3s - loss: 0.3800 - val_loss: 0.3738
Epoch 19/50
 - 3s - loss: 0.3796 - val_loss: 0.3770
Epoch 20/50
 - 3s - loss: 0.3786 - val_loss: 0.3716
Epoch 21/50
 - 3s - loss: 0.3783 - val_loss: 0.3721
Epoch 22/50
 - 3s - loss: 0.3777 - val_loss: 0.3745
Epoch 23/50
 - 3s - loss: 0.3769 - val_loss: 0.3726
Epoch 24/50
 - 3s - loss: 0.3767 - val_loss: 0.3716
Epoch 25/50
 - 3s - loss: 0.3762 - val_loss: 0.3653
Epoch 26/50
 - 3s - loss: 0.3761 - val_loss: 0.3711
Epoch 27/50
 - 3s - loss: 0.3750 - val_loss: 0.3705
Epoch 28/50
 - 3s - loss: 0.3752 - val_loss: 0.3691
Epoch 29/50
 - 3s - loss: 0.3750 - val_loss: 0.3722
Epoch 30/50
 - 3s - loss: 0.3740 - val_loss: 0.3699
Epoch 31/50
 - 3s - loss: 0.3738 - val_loss: 0.3680
Epoch 32/50
 - 3s - loss: 0.3736 - val_loss: 0.3675
Epoch 33/50
 - 3s - loss: 0.3729 - val_loss: 0.3714
Epoch 34/50
 - 3s - loss: 0.3731 - val_loss: 0.3698
Epoch 35/50
 - 3s - loss: 0.3725 - val_loss: 0.3759
Epoch 36/50
 - 3s - loss: 0.3725 - val_loss: 0.3677
Epoch 37/50
 - 3s - loss: 0.3722 - val_loss: 0.3682
Epoch 38/50
 - 3s - loss: 0.3717 - val_loss: 0.3690
Epoch 39/50
 - 3s - loss: 0.3715 - val_loss: 0.3707
Epoch 40/50
 - 3s - loss: 0.3712 - val_loss: 0.3710
Epoch 41/50
 - 3s - loss: 0.3711 - val_loss: 0.3622
Epoch 42/50
 - 3s - loss: 0.3708 - val_loss: 0.3719
Epoch 43/50
 - 3s - loss: 0.3708 - val_loss: 0.3717
Epoch 44/50
 - 3s - loss: 0.3705 - val_loss: 0.3707
Epoch 45/50
 - 3s - loss: 0.3704 - val_loss: 0.3718
Epoch 46/50
 - 3s - loss: 0.3702 - val_loss: 0.3732
Epoch 47/50
 - 3s - loss: 0.3701 - val_loss: 0.3698
Epoch 48/50
 - 3s - loss: 0.3696 - val_loss: 0.3695
Epoch 49/50
 - 3s - loss: 0.3697 - val_loss: 0.3694
Epoch 50/50
 - 3s - loss: 0.3693 - val_loss: 0.7540
[38;2;74;176;245m[1mProfile[0m ⏱  ···· Time elapsed in [1mFold 2/3[0m: ............................... [1m174.2s[0m
[38;2;74;176;245m[1mProfile[0m ⏱  ···· Starting [1mFold 3/3[0m
Train on 1333334 samples, validate on 666666 samples
Epoch 1/50
 - 5s - loss: 0.5518 - val_loss: 0.4359
Epoch 2/50
 - 3s - loss: 0.4501 - val_loss: 0.4040
Epoch 3/50
 - 3s - loss: 0.4252 - val_loss: 0.3869
Epoch 4/50
 - 3s - loss: 0.4123 - val_loss: 0.3801
Epoch 5/50
 - 3s - loss: 0.4052 - val_loss: 0.3768
Epoch 6/50
 - 3s - loss: 0.3996 - val_loss: 0.3749
Epoch 7/50
 - 3s - loss: 0.3962 - val_loss: 0.3747
Epoch 8/50
 - 3s - loss: 0.3941 - val_loss: 0.3731
Epoch 9/50
 - 3s - loss: 0.3914 - val_loss: 0.3711
Epoch 10/50
 - 3s - loss: 0.3902 - val_loss: 0.3799
Epoch 11/50
 - 3s - loss: 0.3882 - val_loss: 0.3773
Epoch 12/50
 - 3s - loss: 0.3872 - val_loss: 0.3733
Epoch 13/50
 - 3s - loss: 0.3854 - val_loss: 0.3715
Epoch 14/50
 - 3s - loss: 0.3841 - val_loss: 0.3728
Epoch 15/50
 - 3s - loss: 0.3837 - val_loss: 0.3742
Epoch 16/50
 - 3s - loss: 0.3824 - val_loss: 0.3712
Epoch 17/50
 - 3s - loss: 0.3820 - val_loss: 0.3688
Epoch 18/50
 - 3s - loss: 0.3812 - val_loss: 0.3723
Epoch 19/50
 - 3s - loss: 0.3806 - val_loss: 0.3701
Epoch 20/50
 - 3s - loss: 0.3797 - val_loss: 0.3708
Epoch 21/50
 - 3s - loss: 0.3792 - val_loss: 0.3696
Epoch 22/50
 - 3s - loss: 0.3791 - val_loss: 0.3701
Epoch 23/50
 - 3s - loss: 0.3786 - val_loss: 0.3689
Epoch 24/50
 - 3s - loss: 0.3776 - val_loss: 0.3681
Epoch 25/50
 - 4s - loss: 0.3780 - val_loss: 0.3693
Epoch 26/50
 - 4s - loss: 0.3769 - val_loss: 0.3715
Epoch 27/50
 - 4s - loss: 0.3766 - val_loss: 0.3711
Epoch 28/50
 - 4s - loss: 0.3762 - val_loss: 0.3688
Epoch 29/50
 - 4s - loss: 0.3757 - val_loss: 0.3695
Epoch 30/50
 - 4s - loss: 0.3757 - val_loss: 0.3714
Epoch 31/50
 - 4s - loss: 0.3752 - val_loss: 0.3692
Epoch 32/50
 - 4s - loss: 0.3748 - val_loss: 0.3683
Epoch 33/50
 - 4s - loss: 0.3747 - val_loss: 0.3674
Epoch 34/50
 - 4s - loss: 0.3745 - val_loss: 0.3674
Epoch 35/50
 - 4s - loss: 0.3740 - val_loss: 0.3687
Epoch 36/50
 - 4s - loss: 0.3737 - val_loss: 0.3631
Epoch 37/50
 - 4s - loss: 0.3734 - val_loss: 0.3662
Epoch 38/50
 - 5s - loss: 0.3731 - val_loss: 0.3666
Epoch 39/50
 - 5s - loss: 0.3730 - val_loss: 0.3676
Epoch 40/50
 - 5s - loss: 0.3724 - val_loss: 0.3678
Epoch 41/50
 - 5s - loss: 0.3722 - val_loss: 0.3696
Epoch 42/50
 - 5s - loss: 0.3717 - val_loss: 0.3695
Epoch 43/50
 - 5s - loss: 0.3717 - val_loss: 0.3705
Epoch 44/50
 - 5s - loss: 0.3721 - val_loss: 0.3689
Epoch 45/50
 - 5s - loss: 0.3716 - val_loss: 0.3679
Epoch 46/50
 - 4s - loss: 0.3712 - val_loss: 0.3680
Epoch 47/50
 - 4s - loss: 0.3712 - val_loss: 0.3691
Epoch 48/50
 - 4s - loss: 0.3710 - val_loss: 0.3682
Epoch 49/50
 - 4s - loss: 0.3709 - val_loss: 0.3668
Epoch 50/50
 - 4s - loss: 0.3700 - val_loss: 0.3679
Got result 0.678975312016
Completed successfully in 717.24 seconds. [{u'main': 0.6789753120156155}]
[38;2;74;176;245m[1mProfile[0m ⏱  ···· Time elapsed in [1mFold 3/3[0m: ............................... [1m206.7s[0m
[38;2;74;176;245m[1mProfile[0m ⏱  ·· Time elapsed in [1mClassifier-only fit, cross-validation[0m: .... [1m606.5s[0m
[38;2;74;176;245m[1mProfile[0m ⏱  Time elapsed in [1m@main[0m: ....................................... [1m692.2s[0m
cd: Going back to /exports/eddie3_homes_local/s1562020/work/adversarial/optimisation/experiments/classifier
