Job launching after 5.90 seconds in submission.
Running python job.
Changed into dir /exports/eddie3_homes_local/s1562020/work/adversarial/optimisation/experiments/classifier
Importing optimise.py
Running optimise.main()
INFO: Applying patch '/exports/eddie3_homes_local/s1562020/work/adversarial/optimisation/experiments/classifier/patches/patch.00000034.json'
INFO: Found 20 Intel(R) Xeon(R) CPU E5-2630 v4 @ 2.20GHz devices with 10 cores each.
Using TensorFlow backend.
INFO: Scaling classifier/lr -1 -> 0.1
INFO: Scaling classifier/decay -2 -> 0.01
INFO: Scaling classifier/units 9 -> 512
INFO: Writing TensorBoard logs to 'logs/tensorboard/classifier-patch.00000034/'
INFO: Running '/exports/eddie3_homes_local/s1562020/work/adversarial/run/adversarial/common.pyc'
INFO: Command-line arguments:
INFO: Configuration file contents:
INFO: Python version: 2.7.14
INFO: Numpy  version: 1.12.1
INFO: Keras  version: 2.1.5
INFO: Using keras backend: 'tensorflow'
INFO: Found  1000000 training and  1000249 test samples for signal
INFO: Found  1000000 training and 10000000 test samples for background
INFO: load_data: Selecting only training data.
INFO: Implementing gradient reversal layer in TensorFlow
INFO: Training cross-validation classifiers
Call to main function (#34)
  Parameters: {u'classifier/model/default/units': array([9]), u'classifier/compile/decay': array([-2]), u'classifier/model/default/dropout': array([ 0.30993504]), u'classifier/compile/lr': array([-1]), u'classifier/model/architecture': array([5]), u'classifier/model/default/activation': [u'tanh']}
param: classifier/model/default/units
param: classifier/compile/decay
param: classifier/model/default/dropout
param: classifier/compile/lr
param: classifier/model/architecture
param: classifier/model/default/activation
- - - - - - - - - - - - - - - - - - - - - - - - - - - - - - - - - - - - - - - - 
Saving the following patch to '/exports/eddie3_homes_local/s1562020/work/adversarial/optimisation/experiments/classifier/patches/patch.00000034.json':
{u'classifier': {u'compile': {u'lr': -1, u'decay': -2}, u'model': {u'default': {u'units': 9, u'dropout': 0.3099350369842242, u'activation': u'tanh'}, u'architecture': 5}, 'fit': {'epochs': 50, 'batch_size': 8192}}}
- - - - - - - - - - - - - - - - - - - - - - - - - - - - - - - - - - - - - - - - 
cd: Going to /exports/eddie3_homes_local/s1562020/work/adversarial/
[38;2;74;176;245m[1mProfile[0m ⏱  Starting [1m@main[0m
[38;2;74;176;245m[1mProfile[0m ⏱  ·· Starting [1mInitialisation[0m
[38;2;74;176;245m[1mProfile[0m ⏱  ···· Starting [1m@initialise[0m
[38;2;74;176;245m[1mProfile[0m ⏱  ···· Time elapsed in [1m@initialise[0m: .............................. [1m0.0s[0m
[38;2;74;176;245m[1mProfile[0m ⏱  ···· Starting [1m@initialise_backend[0m
[38;2;74;176;245m[1mProfile[0m ⏱  ······ Starting [1m@configure_tensorflow[0m
[38;2;74;176;245m[1mProfile[0m ⏱  ······ Time elapsed in [1m@configure_tensorflow[0m: ................. [1m16.3s[0m
[38;2;74;176;245m[1mProfile[0m ⏱  ···· Time elapsed in [1m@initialise_backend[0m: ..................... [1m17.2s[0m
{'config': './configs/default.json',
 'devices': 7,
 'folds': 3,
 'gpu': True,
 'input': './input/',
 'jobname': 'classifier-patch.00000034',
 'mode': 'gpu',
 'optimise_adversarial': False,
 'optimise_classifier': True,
 'output': './output/',
 'patches': ['/exports/eddie3_homes_local/s1562020/work/adversarial/optimisation/experiments/classifier/patches/patch.00000034.json'],
 'tensorboard': True,
 'theano': False,
 'train': False,
 'train_adversarial': False,
 'train_classifier': True,
 'verbose': False}
{u'adversary': {u'compile': {},
                u'fit': {},
                u'model': {u'architecture': [{}, {}, {}, {}],
                           u'default': {u'activation': u'relu',
                                        u'units': 64},
                           u'gmm_components': 5}},
 u'classifier': {u'compile': {u'loss': u'binary_crossentropy',
                              u'optimizer': <keras.optimizers.Adam object at 0x2b322c259310>},
                 u'fit': {u'batch_size': 57344,
                          u'epochs': 50,
                          u'shuffle': True,
                          'verbose': 2},
                 u'model': {u'architecture': [{}, {}, {}, {}, {}],
                            u'default': {u'activation': u'tanh',
                                         u'batchnorm': True,
                                         u'dropout': 0.3099350369842242,
                                         u'units': 512}}},
 u'combined': {u'compile': {u'loss': [u'binary_crossentropy', None],
                            u'loss_weights': [1.8181818181818182e-09, 1.0],
                            u'optimizer': <keras.optimizers.Adam object at 0x2b322c259350>},
               u'fit': {u'batch_size': 57344,
                        u'epochs': 100,
                        u'shuffle': True,
                        'verbose': 2},
               u'model': {u'lambda_reg': 10.0,
                          u'lr_ratio': 1.8181818181818182e-09},
               u'pretrain': 10}}
  TensorFlow version: 1.4.1
[38;2;74;176;245m[1mProfile[0m ⏱  ·· Time elapsed in [1mInitialisation[0m: ............................ [1m17.3s[0m
[38;2;74;176;245m[1mProfile[0m ⏱  ·· Starting [1m@load_data[0m
[38;2;74;176;245m[1mProfile[0m ⏱  ·· Time elapsed in [1m@load_data[0m: ................................ [1m41.1s[0m
[38;2;74;176;245m[1mProfile[0m ⏱  ·· Starting [1m@get_decorrelation_variables[0m
[38;2;74;176;245m[1mProfile[0m ⏱  ·· Time elapsed in [1m@get_decorrelation_variables[0m: ............... [1m0.0s[0m
[38;2;74;176;245m[1mProfile[0m ⏱  ·· Starting [1mClassifier-only fit, cross-validation[0m
[38;2;74;176;245m[1mProfile[0m ⏱  ···· Starting [1mFold 1/3[0m
Train on 1333332 samples, validate on 666668 samples
Epoch 1/50
 - 8s - loss: 2.3058 - val_loss: 0.8090
Epoch 2/50
 - 5s - loss: 0.6678 - val_loss: 0.7536
Epoch 3/50
 - 5s - loss: 0.5229 - val_loss: 0.5945
Epoch 4/50
 - 5s - loss: 0.4814 - val_loss: 0.5334
Epoch 5/50
 - 5s - loss: 0.4728 - val_loss: 0.5299
Epoch 6/50
 - 5s - loss: 0.4682 - val_loss: 0.4756
Epoch 7/50
 - 5s - loss: 0.4625 - val_loss: 0.4455
Epoch 8/50
 - 5s - loss: 0.4579 - val_loss: 0.4431
Epoch 9/50
 - 5s - loss: 0.4538 - val_loss: 0.4374
Epoch 10/50
 - 5s - loss: 0.4508 - val_loss: 0.4359
Epoch 11/50
 - 5s - loss: 0.4481 - val_loss: 0.4343
Epoch 12/50
 - 5s - loss: 0.4446 - val_loss: 0.4300
Epoch 13/50
 - 5s - loss: 0.4433 - val_loss: 0.4324
Epoch 14/50
 - 5s - loss: 0.4406 - val_loss: 0.4270
Epoch 15/50
 - 5s - loss: 0.4385 - val_loss: 0.4264
Epoch 16/50
 - 5s - loss: 0.4364 - val_loss: 0.4254
Epoch 17/50
 - 5s - loss: 0.4344 - val_loss: 0.4225
Epoch 18/50
 - 5s - loss: 0.4327 - val_loss: 0.4277
Epoch 19/50
 - 6s - loss: 0.4312 - val_loss: 0.4199
Epoch 20/50
 - 6s - loss: 0.4300 - val_loss: 0.4171
Epoch 21/50
 - 6s - loss: 0.4279 - val_loss: 0.4163
Epoch 22/50
 - 6s - loss: 0.4262 - val_loss: 0.4146
Epoch 23/50
 - 6s - loss: 0.4238 - val_loss: 0.4117
Epoch 24/50
 - 6s - loss: 0.4223 - val_loss: 0.4084
Epoch 25/50
 - 6s - loss: 0.4201 - val_loss: 0.4080
Epoch 26/50
 - 6s - loss: 0.4194 - val_loss: 0.4073
Epoch 27/50
 - 6s - loss: 0.4181 - val_loss: 0.4107
Epoch 28/50
 - 6s - loss: 0.4171 - val_loss: 0.4083
Epoch 29/50
 - 7s - loss: 0.4155 - val_loss: 0.4045
Epoch 30/50
 - 7s - loss: 0.4142 - val_loss: 0.4022
Epoch 31/50
 - 7s - loss: 0.4141 - val_loss: 0.4024
Epoch 32/50
 - 7s - loss: 0.4135 - val_loss: 0.4056
Epoch 33/50
 - 7s - loss: 0.4131 - val_loss: 0.4017
Epoch 34/50
 - 7s - loss: 0.4117 - val_loss: 0.3992
Epoch 35/50
 - 7s - loss: 0.4109 - val_loss: 0.4007
Epoch 36/50
 - 7s - loss: 0.4110 - val_loss: 0.3998
Epoch 37/50
 - 8s - loss: 0.4106 - val_loss: 0.3979
Epoch 38/50
 - 7s - loss: 0.4094 - val_loss: 0.3975
Epoch 39/50
 - 6s - loss: 0.4088 - val_loss: 0.3988
Epoch 40/50
 - 7s - loss: 0.4091 - val_loss: 0.3987
Epoch 41/50
 - 7s - loss: 0.4083 - val_loss: 0.3963
Epoch 42/50
 - 7s - loss: 0.4078 - val_loss: 0.3967
Epoch 43/50
 - 7s - loss: 0.4077 - val_loss: 0.3949
Epoch 44/50
 - 7s - loss: 0.4068 - val_loss: 0.3957
Epoch 45/50
 - 7s - loss: 0.4068 - val_loss: 0.3985
Epoch 46/50
 - 7s - loss: 0.4066 - val_loss: 0.3963
Epoch 47/50
 - 7s - loss: 0.4059 - val_loss: 0.3935
Epoch 48/50
 - 7s - loss: 0.4058 - val_loss: 0.3946
Epoch 49/50
 - 6s - loss: 0.4053 - val_loss: 0.3944
Epoch 50/50
 - 6s - loss: 0.4051 - val_loss: 0.3985
[38;2;74;176;245m[1mProfile[0m ⏱  ···· Time elapsed in [1mFold 1/3[0m: ............................... [1m344.0s[0m
[38;2;74;176;245m[1mProfile[0m ⏱  ···· Starting [1mFold 2/3[0m
Train on 1333334 samples, validate on 666666 samples
Epoch 1/50
 - 9s - loss: 1.6318 - val_loss: 0.7476
Epoch 2/50
 - 6s - loss: 0.6829 - val_loss: 0.6484
Epoch 3/50
 - 6s - loss: 0.5589 - val_loss: 0.4868
Epoch 4/50
 - 6s - loss: 0.4934 - val_loss: 0.4562
Epoch 5/50
 - 6s - loss: 0.4616 - val_loss: 0.4536
Epoch 6/50
 - 7s - loss: 0.4469 - val_loss: 0.4367
Epoch 7/50
 - 6s - loss: 0.4378 - val_loss: 0.4243
Epoch 8/50
 - 6s - loss: 0.4323 - val_loss: 0.4146
Epoch 9/50
 - 6s - loss: 0.4270 - val_loss: 0.4151
Epoch 10/50
 - 7s - loss: 0.4223 - val_loss: 0.4148
Epoch 11/50
 - 7s - loss: 0.4191 - val_loss: 0.4091
Epoch 12/50
 - 6s - loss: 0.4169 - val_loss: 0.4089
Epoch 13/50
 - 6s - loss: 0.4140 - val_loss: 0.4044
Epoch 14/50
 - 6s - loss: 0.4113 - val_loss: 0.4076
Epoch 15/50
 - 6s - loss: 0.4092 - val_loss: 0.4014
Epoch 16/50
 - 5s - loss: 0.4078 - val_loss: 0.3973
Epoch 17/50
 - 6s - loss: 0.4061 - val_loss: 0.3928
Epoch 18/50
 - 5s - loss: 0.4049 - val_loss: 0.3940
Epoch 19/50
 - 5s - loss: 0.4034 - val_loss: 0.3958
Epoch 20/50
 - 7s - loss: 0.4019 - val_loss: 0.3881
Epoch 21/50
 - 7s - loss: 0.4017 - val_loss: 0.3923
Epoch 22/50
 - 7s - loss: 0.4004 - val_loss: 0.3933
Epoch 23/50
 - 7s - loss: 0.3997 - val_loss: 0.3911
Epoch 24/50
 - 7s - loss: 0.3981 - val_loss: 0.3897
Epoch 25/50
 - 7s - loss: 0.3980 - val_loss: 0.3895
Epoch 26/50
 - 7s - loss: 0.3966 - val_loss: 0.3871
Epoch 27/50
 - 7s - loss: 0.3965 - val_loss: 0.3862
Epoch 28/50
 - 7s - loss: 0.3959 - val_loss: 0.3882
Epoch 29/50
 - 7s - loss: 0.3948 - val_loss: 0.3882
Epoch 30/50
 - 7s - loss: 0.3945 - val_loss: 0.3825
Epoch 31/50
 - 7s - loss: 0.3933 - val_loss: 0.3849
Epoch 32/50
 - 7s - loss: 0.3934 - val_loss: 0.3827
Epoch 33/50
 - 7s - loss: 0.3926 - val_loss: 7.9767
Epoch 34/50
 - 5s - loss: 0.3921 - val_loss: 0.3810
Epoch 35/50
 - 6s - loss: 0.3918 - val_loss: 0.3860
Epoch 36/50
 - 5s - loss: 0.3914 - val_loss: 0.3836
Epoch 37/50
 - 6s - loss: 0.3905 - val_loss: 0.3799
Epoch 38/50
 - 7s - loss: 0.3901 - val_loss: 0.3812
Epoch 39/50
 - 7s - loss: 0.3906 - val_loss: 0.3807
Epoch 40/50
 - 9s - loss: 0.3894 - val_loss: 0.3807
Epoch 41/50
 - 9s - loss: 0.3891 - val_loss: 0.3835
Epoch 42/50
 - 11s - loss: 0.3887 - val_loss: 0.3788
Epoch 43/50
 - 11s - loss: 0.3890 - val_loss: 0.3782
Epoch 44/50
 - 11s - loss: 0.3890 - val_loss: 0.3784
Epoch 45/50
 - 11s - loss: 0.3887 - val_loss: 0.3787
Epoch 46/50
 - 10s - loss: 0.3883 - val_loss: 0.3781
Epoch 47/50
 - 11s - loss: 0.3878 - val_loss: 0.3785
Epoch 48/50
 - 11s - loss: 0.3880 - val_loss: 0.3802
Epoch 49/50
 - 11s - loss: 0.3873 - val_loss: 0.3807
Epoch 50/50
 - 11s - loss: 0.3867 - val_loss: 0.3797
[38;2;74;176;245m[1mProfile[0m ⏱  ···· Time elapsed in [1mFold 2/3[0m: ............................... [1m399.0s[0m
[38;2;74;176;245m[1mProfile[0m ⏱  ···· Starting [1mFold 3/3[0m
Train on 1333334 samples, validate on 666666 samples
Epoch 1/50
 - 15s - loss: 1.1374 - val_loss: 0.5722
Epoch 2/50
 - 10s - loss: 0.5285 - val_loss: 0.5192
Epoch 3/50
 - 11s - loss: 0.4902 - val_loss: 0.4720
Epoch 4/50
 - 11s - loss: 0.4748 - val_loss: 0.4573
Epoch 5/50
 - 11s - loss: 0.4629 - val_loss: 0.4517
Epoch 6/50
 - 11s - loss: 0.4544 - val_loss: 0.4496
Epoch 7/50
 - 11s - loss: 0.4446 - val_loss: 0.4415
Epoch 8/50
 - 11s - loss: 0.4326 - val_loss: 0.4353
Epoch 9/50
 - 11s - loss: 0.4213 - val_loss: 0.4489
Epoch 10/50
 - 10s - loss: 0.4134 - val_loss: 0.4296
Epoch 11/50
 - 11s - loss: 0.4081 - val_loss: 0.4268
Epoch 12/50
 - 11s - loss: 0.4048 - val_loss: 0.4110
Epoch 13/50
 - 11s - loss: 0.4016 - val_loss: 0.4058
Epoch 14/50
 - 11s - loss: 0.3996 - val_loss: 0.4057
Epoch 15/50
 - 11s - loss: 0.3977 - val_loss: 0.3941
Epoch 16/50
 - 9s - loss: 0.3955 - val_loss: 0.3916
Epoch 17/50
 - 9s - loss: 0.3941 - val_loss: 0.3967
Epoch 18/50
 - 10s - loss: 0.3934 - val_loss: 0.3940
Epoch 19/50
 - 10s - loss: 0.3925 - val_loss: 0.3881
Epoch 20/50
 - 9s - loss: 0.3909 - val_loss: 0.3843
Epoch 21/50
 - 9s - loss: 0.3904 - val_loss: 0.3846
Epoch 22/50
 - 9s - loss: 0.3896 - val_loss: 0.3808
Epoch 23/50
 - 9s - loss: 0.3891 - val_loss: 0.3830
Epoch 24/50
 - 10s - loss: 0.3882 - val_loss: 0.3834
Epoch 25/50
 - 9s - loss: 0.3871 - val_loss: 0.3780
Epoch 26/50
 - 9s - loss: 0.3869 - val_loss: 0.3820
Epoch 27/50
 - 8s - loss: 0.3864 - val_loss: 0.3815
Epoch 28/50
 - 8s - loss: 0.3859 - val_loss: 0.3807
Epoch 29/50
 - 8s - loss: 0.3853 - val_loss: 0.3823
Epoch 30/50
 - 7s - loss: 0.3851 - val_loss: 0.3814
Epoch 31/50
 - 7s - loss: 0.3840 - val_loss: 0.3814
Epoch 32/50
 - 9s - loss: 0.3840 - val_loss: 0.3790
Epoch 33/50
 - 7s - loss: 0.3833 - val_loss: 0.3776
Epoch 34/50
 - 6s - loss: 0.3830 - val_loss: 0.3774
Epoch 35/50
 - 9s - loss: 0.3825 - val_loss: 0.3767
Epoch 36/50
 - 10s - loss: 0.3822 - val_loss: 0.3742
Epoch 37/50
 - 12s - loss: 0.3817 - val_loss: 0.3775
Epoch 38/50
 - 11s - loss: 0.3820 - val_loss: 0.3773
Epoch 39/50
 - 11s - loss: 0.3811 - val_loss: 0.3771
Epoch 40/50
 - 11s - loss: 0.3805 - val_loss: 0.3794
Epoch 41/50
 - 11s - loss: 0.3804 - val_loss: 0.3744
Epoch 42/50
 - 12s - loss: 0.3799 - val_loss: 0.3774
Epoch 43/50
 - 11s - loss: 0.3796 - val_loss: 0.3767
Epoch 44/50
 - 11s - loss: 0.3794 - val_loss: 0.3778
Epoch 45/50
 - 11s - loss: 0.3795 - val_loss: 0.3749
Epoch 46/50
 - 11s - loss: 0.3787 - val_loss: 0.3787
Epoch 47/50
 - 11s - loss: 0.3785 - val_loss: 0.3766
Epoch 48/50
 - 11s - loss: 0.3781 - val_loss: 0.3749
Epoch 49/50
 - 11s - loss: 0.3780 - val_loss: 0.3721
Epoch 50/50
 - 11s - loss: 0.3777 - val_loss: 0.3752
Got result 0.394595687407
Completed successfully in 1372.53 seconds. [{u'main': 0.39459568740744555}]
[38;2;74;176;245m[1mProfile[0m ⏱  ···· Time elapsed in [1mFold 3/3[0m: ............................... [1m543.9s[0m
[38;2;74;176;245m[1mProfile[0m ⏱  ·· Time elapsed in [1mClassifier-only fit, cross-validation[0m: ... [1m1287.6s[0m
[38;2;74;176;245m[1mProfile[0m ⏱  Time elapsed in [1m@main[0m: ...................................... [1m1346.3s[0m
cd: Going back to /exports/eddie3_homes_local/s1562020/work/adversarial/optimisation/experiments/classifier
