Job launching after 4.25 seconds in submission.
Running python job.
Changed into dir /exports/eddie3_homes_local/s1562020/work/adversarial/optimisation/experiments/classifier
Importing optimise.py
Running optimise.main()
INFO: Applying patch '/exports/eddie3_homes_local/s1562020/work/adversarial/optimisation/experiments/classifier/patches/patch.00000012.json'
INFO: Found 20 Intel(R) Xeon(R) CPU E5-2630 v4 @ 2.20GHz devices with 10 cores each.
Using TensorFlow backend.
INFO: Scaling classifier/lr -1 -> 0.1
INFO: Scaling classifier/decay -2 -> 0.01
INFO: Scaling classifier/units 1 -> 2
INFO: Writing TensorBoard logs to 'logs/tensorboard/classifier-patch.00000012/'
INFO: Running '/exports/eddie3_homes_local/s1562020/work/adversarial/run/adversarial/common.pyc'
INFO: Command-line arguments:
INFO: Configuration file contents:
INFO: Python version: 2.7.14
INFO: Numpy  version: 1.12.1
INFO: Keras  version: 2.1.5
INFO: Using keras backend: 'tensorflow'
INFO: Found  1000000 training and  1000249 test samples for signal
INFO: Found  1000000 training and 10000000 test samples for background
INFO: load_data: Selecting only training data.
INFO: Implementing gradient reversal layer in TensorFlow
INFO: Training cross-validation classifiers
Call to main function (#12)
  Parameters: {u'classifier/model/default/units': array([1]), u'classifier/compile/decay': array([-2]), u'classifier/model/default/dropout': array([ 0.5]), u'classifier/compile/lr': array([-1]), u'classifier/model/architecture': array([6]), u'classifier/model/default/activation': [u'relu']}
param: classifier/model/default/units
param: classifier/compile/decay
param: classifier/model/default/dropout
param: classifier/compile/lr
param: classifier/model/architecture
param: classifier/model/default/activation
- - - - - - - - - - - - - - - - - - - - - - - - - - - - - - - - - - - - - - - - 
Saving the following patch to '/exports/eddie3_homes_local/s1562020/work/adversarial/optimisation/experiments/classifier/patches/patch.00000012.json':
{u'classifier': {u'compile': {u'lr': -1, u'decay': -2}, u'model': {u'default': {u'units': 1, u'dropout': 0.5, u'activation': u'relu'}, u'architecture': 6}, 'fit': {'epochs': 50, 'batch_size': 8192}}}
- - - - - - - - - - - - - - - - - - - - - - - - - - - - - - - - - - - - - - - - 
cd: Going to /exports/eddie3_homes_local/s1562020/work/adversarial/
[38;2;74;176;245m[1mProfile[0m ⏱  Starting [1m@main[0m
[38;2;74;176;245m[1mProfile[0m ⏱  ·· Starting [1mInitialisation[0m
[38;2;74;176;245m[1mProfile[0m ⏱  ···· Starting [1m@initialise[0m
[38;2;74;176;245m[1mProfile[0m ⏱  ···· Time elapsed in [1m@initialise[0m: .............................. [1m0.0s[0m
[38;2;74;176;245m[1mProfile[0m ⏱  ···· Starting [1m@initialise_backend[0m
[38;2;74;176;245m[1mProfile[0m ⏱  ······ Starting [1m@configure_tensorflow[0m
[38;2;74;176;245m[1mProfile[0m ⏱  ······ Time elapsed in [1m@configure_tensorflow[0m: ................. [1m15.2s[0m
[38;2;74;176;245m[1mProfile[0m ⏱  ···· Time elapsed in [1m@initialise_backend[0m: ..................... [1m16.1s[0m
{'config': './configs/default.json',
 'devices': 7,
 'folds': 3,
 'gpu': True,
 'input': './input/',
 'jobname': 'classifier-patch.00000012',
 'mode': 'gpu',
 'optimise_adversarial': False,
 'optimise_classifier': True,
 'output': './output/',
 'patches': ['/exports/eddie3_homes_local/s1562020/work/adversarial/optimisation/experiments/classifier/patches/patch.00000012.json'],
 'tensorboard': True,
 'theano': False,
 'train': False,
 'train_adversarial': False,
 'train_classifier': True,
 'verbose': False}
{u'adversary': {u'compile': {},
                u'fit': {},
                u'model': {u'architecture': [{}, {}, {}, {}],
                           u'default': {u'activation': u'relu',
                                        u'units': 64},
                           u'gmm_components': 5}},
 u'classifier': {u'compile': {u'loss': u'binary_crossentropy',
                              u'optimizer': <keras.optimizers.Adam object at 0x2ae343f92310>},
                 u'fit': {u'batch_size': 57344,
                          u'epochs': 50,
                          u'shuffle': True,
                          'verbose': 2},
                 u'model': {u'architecture': [{}, {}, {}, {}, {}, {}],
                            u'default': {u'activation': u'relu',
                                         u'batchnorm': True,
                                         u'dropout': 0.5,
                                         u'units': 2}}},
 u'combined': {u'compile': {u'loss': [u'binary_crossentropy', None],
                            u'loss_weights': [9.090909090909091e-10, 1.0],
                            u'optimizer': <keras.optimizers.Adam object at 0x2ae343f92350>},
               u'fit': {u'batch_size': 57344,
                        u'epochs': 200,
                        u'shuffle': True,
                        'verbose': 2},
               u'model': {u'lambda_reg': 10.0,
                          u'lr_ratio': 9.090909090909091e-10},
               u'pretrain': 10}}
  TensorFlow version: 1.4.1
[38;2;74;176;245m[1mProfile[0m ⏱  ·· Time elapsed in [1mInitialisation[0m: ............................ [1m16.2s[0m
[38;2;74;176;245m[1mProfile[0m ⏱  ·· Starting [1m@load_data[0m
[38;2;74;176;245m[1mProfile[0m ⏱  ·· Time elapsed in [1m@load_data[0m: ................................ [1m36.4s[0m
[38;2;74;176;245m[1mProfile[0m ⏱  ·· Starting [1m@get_decorrelation_variables[0m
[38;2;74;176;245m[1mProfile[0m ⏱  ·· Time elapsed in [1m@get_decorrelation_variables[0m: ............... [1m0.0s[0m
[38;2;74;176;245m[1mProfile[0m ⏱  ·· Starting [1mClassifier-only fit, cross-validation[0m
[38;2;74;176;245m[1mProfile[0m ⏱  ···· Starting [1mFold 1/3[0m
Train on 1333332 samples, validate on 666668 samples
Epoch 1/50
 - 7s - loss: 0.6947 - val_loss: 0.6940
Epoch 2/50
 - 3s - loss: 0.6937 - val_loss: 0.6938
Epoch 3/50
 - 3s - loss: 0.6936 - val_loss: 0.6938
Epoch 4/50
 - 3s - loss: 0.6937 - val_loss: 0.6938
Epoch 5/50
 - 3s - loss: 0.6937 - val_loss: 0.6938
Epoch 6/50
 - 3s - loss: 0.6937 - val_loss: 0.6938
Epoch 7/50
 - 3s - loss: 0.6937 - val_loss: 0.6938
Epoch 8/50
 - 3s - loss: 0.6937 - val_loss: 0.6938
Epoch 9/50
 - 4s - loss: 0.6936 - val_loss: 0.6938
Epoch 10/50
 - 3s - loss: 0.6937 - val_loss: 0.6938
Epoch 11/50
 - 3s - loss: 0.6936 - val_loss: 0.6938
Epoch 12/50
 - 3s - loss: 0.6936 - val_loss: 0.6938
Epoch 13/50
 - 4s - loss: 0.6937 - val_loss: 0.6938
Epoch 14/50
 - 4s - loss: 0.6937 - val_loss: 0.6938
Epoch 15/50
 - 4s - loss: 0.6936 - val_loss: 0.6938
Epoch 16/50
 - 3s - loss: 0.6937 - val_loss: 0.6938
Epoch 17/50
 - 3s - loss: 0.6937 - val_loss: 0.6938
Epoch 18/50
 - 3s - loss: 0.6936 - val_loss: 0.6938
Epoch 19/50
 - 3s - loss: 0.6936 - val_loss: 0.6938
Epoch 20/50
 - 4s - loss: 0.6936 - val_loss: 0.6938
Epoch 21/50
 - 4s - loss: 0.6936 - val_loss: 0.6938
Epoch 22/50
 - 3s - loss: 0.6937 - val_loss: 0.6938
Epoch 23/50
 - 3s - loss: 0.6937 - val_loss: 0.6938
Epoch 24/50
 - 3s - loss: 0.6936 - val_loss: 0.6938
Epoch 25/50
 - 4s - loss: 0.6937 - val_loss: 0.6938
Epoch 26/50
 - 4s - loss: 0.6936 - val_loss: 0.6938
Epoch 27/50
 - 4s - loss: 0.6936 - val_loss: 0.6938
Epoch 28/50
 - 4s - loss: 0.6936 - val_loss: 0.6938
Epoch 29/50
 - 3s - loss: 0.6936 - val_loss: 0.6938
Epoch 30/50
 - 4s - loss: 0.6936 - val_loss: 0.6938
Epoch 31/50
 - 4s - loss: 0.6936 - val_loss: 0.6938
Epoch 32/50
 - 4s - loss: 0.6936 - val_loss: 0.6938
Epoch 33/50
 - 4s - loss: 0.6936 - val_loss: 0.6938
Epoch 34/50
 - 4s - loss: 0.6936 - val_loss: 0.6938
Epoch 35/50
 - 3s - loss: 0.6937 - val_loss: 0.6938
Epoch 36/50
 - 4s - loss: 0.6936 - val_loss: 0.6938
Epoch 37/50
 - 4s - loss: 0.6936 - val_loss: 0.6938
Epoch 38/50
 - 4s - loss: 0.6936 - val_loss: 0.6938
Epoch 39/50
 - 4s - loss: 0.6936 - val_loss: 0.6938
Epoch 40/50
 - 4s - loss: 0.6936 - val_loss: 0.6938
Epoch 41/50
 - 4s - loss: 0.6936 - val_loss: 0.6938
Epoch 42/50
 - 4s - loss: 0.6936 - val_loss: 0.6938
Epoch 43/50
 - 3s - loss: 0.6936 - val_loss: 0.6938
Epoch 44/50
 - 4s - loss: 0.6936 - val_loss: 0.6938
Epoch 45/50
 - 4s - loss: 0.6936 - val_loss: 0.6938
Epoch 46/50
 - 4s - loss: 0.6936 - val_loss: 0.6938
Epoch 47/50
 - 4s - loss: 0.6936 - val_loss: 0.6938
Epoch 48/50
 - 4s - loss: 0.6936 - val_loss: 0.6938
Epoch 49/50
 - 4s - loss: 0.6936 - val_loss: 0.6938
Epoch 50/50
 - 4s - loss: 0.6936 - val_loss: 0.6938
[38;2;74;176;245m[1mProfile[0m ⏱  ···· Time elapsed in [1mFold 1/3[0m: ............................... [1m228.9s[0m
[38;2;74;176;245m[1mProfile[0m ⏱  ···· Starting [1mFold 2/3[0m
Train on 1333334 samples, validate on 666666 samples
Epoch 1/50
 - 7s - loss: 0.6962 - val_loss: 0.6930
Epoch 2/50
 - 4s - loss: 0.6927 - val_loss: 0.6929
Epoch 3/50
 - 4s - loss: 0.6924 - val_loss: 0.6929
Epoch 4/50
 - 3s - loss: 0.6917 - val_loss: 0.6929
Epoch 5/50
 - 4s - loss: 0.6912 - val_loss: 0.6929
Epoch 6/50
 - 3s - loss: 0.6910 - val_loss: 0.6929
Epoch 7/50
 - 3s - loss: 0.6909 - val_loss: 0.6929
Epoch 8/50
 - 3s - loss: 0.6908 - val_loss: 0.6929
Epoch 9/50
 - 4s - loss: 0.6909 - val_loss: 0.6929
Epoch 10/50
 - 4s - loss: 0.6908 - val_loss: 0.6929
Epoch 11/50
 - 3s - loss: 0.6909 - val_loss: 0.6929
Epoch 12/50
 - 3s - loss: 0.6908 - val_loss: 0.6929
Epoch 13/50
 - 3s - loss: 0.6908 - val_loss: 0.6929
Epoch 14/50
 - 3s - loss: 0.6906 - val_loss: 0.6929
Epoch 15/50
 - 3s - loss: 0.6908 - val_loss: 0.6929
Epoch 16/50
 - 3s - loss: 0.6906 - val_loss: 0.6929
Epoch 17/50
 - 3s - loss: 0.6907 - val_loss: 0.6929
Epoch 18/50
 - 3s - loss: 0.6907 - val_loss: 0.6929
Epoch 19/50
 - 3s - loss: 0.6908 - val_loss: 0.6929
Epoch 20/50
 - 4s - loss: 0.6908 - val_loss: 0.6929
Epoch 21/50
 - 4s - loss: 0.6907 - val_loss: 0.6929
Epoch 22/50
 - 4s - loss: 0.6907 - val_loss: 0.6929
Epoch 23/50
 - 3s - loss: 0.6908 - val_loss: 0.6929
Epoch 24/50
 - 3s - loss: 0.6909 - val_loss: 0.6929
Epoch 25/50
 - 3s - loss: 0.6907 - val_loss: 0.6929
Epoch 26/50
 - 3s - loss: 0.6908 - val_loss: 0.6929
Epoch 27/50
 - 4s - loss: 0.6907 - val_loss: 0.6929
Epoch 28/50
 - 4s - loss: 0.6909 - val_loss: 0.6929
Epoch 29/50
 - 3s - loss: 0.6909 - val_loss: 0.6929
Epoch 30/50
 - 4s - loss: 0.6908 - val_loss: 0.6929
Epoch 31/50
 - 3s - loss: 0.6908 - val_loss: 0.6929
Epoch 32/50
 - 3s - loss: 0.6907 - val_loss: 0.6929
Epoch 33/50
 - 4s - loss: 0.6908 - val_loss: 0.6929
Epoch 34/50
 - 3s - loss: 0.6907 - val_loss: 0.6929
Epoch 35/50
 - 3s - loss: 0.6909 - val_loss: 0.6929
Epoch 36/50
 - 4s - loss: 0.6908 - val_loss: 0.6930
Epoch 37/50
 - 4s - loss: 0.6908 - val_loss: 0.6929
Epoch 38/50
 - 3s - loss: 0.6906 - val_loss: 0.6929
Epoch 39/50
 - 4s - loss: 0.6908 - val_loss: 0.6929
Epoch 40/50
 - 3s - loss: 0.6907 - val_loss: 0.6929
Epoch 41/50
 - 4s - loss: 0.6907 - val_loss: 0.6929
Epoch 42/50
 - 4s - loss: 0.6908 - val_loss: 0.6929
Epoch 43/50
 - 4s - loss: 0.6907 - val_loss: 0.6929
Epoch 44/50
 - 4s - loss: 0.6907 - val_loss: 0.6929
Epoch 45/50
 - 4s - loss: 0.6907 - val_loss: 0.6929
Epoch 46/50
 - 3s - loss: 0.6906 - val_loss: 0.6929
Epoch 47/50
 - 3s - loss: 0.6904 - val_loss: 0.6928
Epoch 48/50
 - 3s - loss: 0.6902 - val_loss: 0.6924
Epoch 49/50
 - 3s - loss: 0.6899 - val_loss: 0.6919
Epoch 50/50
 - 4s - loss: 0.6896 - val_loss: 0.6911
[38;2;74;176;245m[1mProfile[0m ⏱  ···· Time elapsed in [1mFold 2/3[0m: ............................... [1m211.6s[0m
[38;2;74;176;245m[1mProfile[0m ⏱  ···· Starting [1mFold 3/3[0m
Train on 1333334 samples, validate on 666666 samples
Epoch 1/50
 - 6s - loss: 0.7519 - val_loss: 0.6991
Epoch 2/50
 - 4s - loss: 0.6940 - val_loss: 0.6944
Epoch 3/50
 - 4s - loss: 0.6928 - val_loss: 0.6944
Epoch 4/50
 - 3s - loss: 0.6928 - val_loss: 0.6944
Epoch 5/50
 - 4s - loss: 0.6926 - val_loss: 0.6944
Epoch 6/50
 - 4s - loss: 0.6925 - val_loss: 0.6944
Epoch 7/50
 - 3s - loss: 0.6925 - val_loss: 0.6944
Epoch 8/50
 - 4s - loss: 0.6924 - val_loss: 0.6944
Epoch 9/50
 - 3s - loss: 0.6924 - val_loss: 0.6944
Epoch 10/50
 - 4s - loss: 0.6924 - val_loss: 0.6944
Epoch 11/50
 - 4s - loss: 0.6923 - val_loss: 0.6944
Epoch 12/50
 - 4s - loss: 0.6924 - val_loss: 0.6944
Epoch 13/50
 - 4s - loss: 0.6922 - val_loss: 0.6944
Epoch 14/50
 - 4s - loss: 0.6922 - val_loss: 0.6944
Epoch 15/50
 - 3s - loss: 0.6923 - val_loss: 0.6944
Epoch 16/50
 - 4s - loss: 0.6922 - val_loss: 0.6944
Epoch 17/50
 - 4s - loss: 0.6922 - val_loss: 0.6944
Epoch 18/50
 - 4s - loss: 0.6921 - val_loss: 0.6944
Epoch 19/50
 - 3s - loss: 0.6923 - val_loss: 0.6944
Epoch 20/50
 - 3s - loss: 0.6923 - val_loss: 0.6944
Epoch 21/50
 - 4s - loss: 0.6922 - val_loss: 0.6944
Epoch 22/50
 - 4s - loss: 0.6922 - val_loss: 0.6944
Epoch 23/50
 - 3s - loss: 0.6921 - val_loss: 0.6944
Epoch 24/50
 - 3s - loss: 0.6922 - val_loss: 0.6944
Epoch 25/50
 - 4s - loss: 0.6922 - val_loss: 0.6944
Epoch 26/50
 - 4s - loss: 0.6921 - val_loss: 0.6944
Epoch 27/50
 - 4s - loss: 0.6921 - val_loss: 0.6944
Epoch 28/50
 - 4s - loss: 0.6923 - val_loss: 0.6944
Epoch 29/50
 - 4s - loss: 0.6922 - val_loss: 0.6944
Epoch 30/50
 - 4s - loss: 0.6921 - val_loss: 0.6944
Epoch 31/50
 - 4s - loss: 0.6922 - val_loss: 0.6944
Epoch 32/50
 - 4s - loss: 0.6921 - val_loss: 0.6944
Epoch 33/50
 - 4s - loss: 0.6921 - val_loss: 0.6944
Epoch 34/50
 - 4s - loss: 0.6923 - val_loss: 0.6944
Epoch 35/50
 - 4s - loss: 0.6920 - val_loss: 0.6944
Epoch 36/50
 - 4s - loss: 0.6921 - val_loss: 0.6944
Epoch 37/50
 - 4s - loss: 0.6921 - val_loss: 0.6944
Epoch 38/50
 - 4s - loss: 0.6922 - val_loss: 0.6944
Epoch 39/50
 - 5s - loss: 0.6921 - val_loss: 0.6944
Epoch 40/50
 - 4s - loss: 0.6921 - val_loss: 0.6944
Epoch 41/50
 - 4s - loss: 0.6922 - val_loss: 0.6944
Epoch 42/50
 - 4s - loss: 0.6921 - val_loss: 0.6944
Epoch 43/50
 - 4s - loss: 0.6921 - val_loss: 0.6944
Epoch 44/50
 - 4s - loss: 0.6922 - val_loss: 0.6944
Epoch 45/50
 - 4s - loss: 0.6921 - val_loss: 0.6944
Epoch 46/50
 - 4s - loss: 0.6921 - val_loss: 0.6944
Epoch 47/50
 - 4s - loss: 0.6923 - val_loss: 0.6944
Epoch 48/50
 - 4s - loss: 0.6921 - val_loss: 0.6944
Epoch 49/50
 - 4s - loss: 0.6922 - val_loss: 0.6944
Epoch 50/50
 - 4s - loss: 0.6921 - val_loss: 0.6944
Got result 0.694483648564
Completed successfully in 747.87 seconds. [{u'main': 0.6944836485643007}]
[38;2;74;176;245m[1mProfile[0m ⏱  ···· Time elapsed in [1mFold 3/3[0m: ............................... [1m232.2s[0m
[38;2;74;176;245m[1mProfile[0m ⏱  ·· Time elapsed in [1mClassifier-only fit, cross-validation[0m: .... [1m673.4s[0m
[38;2;74;176;245m[1mProfile[0m ⏱  Time elapsed in [1m@main[0m: ....................................... [1m726.3s[0m
cd: Going back to /exports/eddie3_homes_local/s1562020/work/adversarial/optimisation/experiments/classifier
