Job launching after 5.48 seconds in submission.
Running python job.
Changed into dir /exports/eddie3_homes_local/s1562020/work/adversarial/optimisation/experiments/classifier
Importing optimise.py
Running optimise.main()
INFO: Applying patch '/exports/eddie3_homes_local/s1562020/work/adversarial/optimisation/experiments/classifier/patches/patch.00000045.json'
INFO: Found 20 Intel(R) Xeon(R) CPU E5-2630 v4 @ 2.20GHz devices with 10 cores each.
Using TensorFlow backend.
INFO: Scaling classifier/lr -1 -> 0.1
INFO: Scaling classifier/decay -2 -> 0.01
INFO: Scaling classifier/units 1 -> 2
INFO: Writing TensorBoard logs to 'logs/tensorboard/classifier-patch.00000045/'
INFO: Running '/exports/eddie3_homes_local/s1562020/work/adversarial/run/adversarial/common.pyc'
INFO: Command-line arguments:
INFO: Configuration file contents:
INFO: Python version: 2.7.14
INFO: Numpy  version: 1.12.1
INFO: Keras  version: 2.1.5
INFO: Using keras backend: 'tensorflow'
INFO: Found  1000000 training and  1000249 test samples for signal
INFO: Found  1000000 training and 10000000 test samples for background
INFO: load_data: Selecting only training data.
INFO: Implementing gradient reversal layer in TensorFlow
INFO: Training cross-validation classifiers
Call to main function (#45)
  Parameters: {u'classifier/model/default/units': array([1]), u'classifier/compile/decay': array([-2]), u'classifier/model/default/dropout': array([ 0.5]), u'classifier/compile/lr': array([-1]), u'classifier/model/architecture': array([1]), u'classifier/model/default/activation': [u'tanh']}
param: classifier/model/default/units
param: classifier/compile/decay
param: classifier/model/default/dropout
param: classifier/compile/lr
param: classifier/model/architecture
param: classifier/model/default/activation
- - - - - - - - - - - - - - - - - - - - - - - - - - - - - - - - - - - - - - - - 
Saving the following patch to '/exports/eddie3_homes_local/s1562020/work/adversarial/optimisation/experiments/classifier/patches/patch.00000045.json':
{u'classifier': {u'compile': {u'lr': -1, u'decay': -2}, u'model': {u'default': {u'units': 1, u'dropout': 0.5, u'activation': u'tanh'}, u'architecture': 1}, 'fit': {'epochs': 50, 'batch_size': 8192}}}
- - - - - - - - - - - - - - - - - - - - - - - - - - - - - - - - - - - - - - - - 
cd: Going to /exports/eddie3_homes_local/s1562020/work/adversarial/
[38;2;74;176;245m[1mProfile[0m ⏱  Starting [1m@main[0m
[38;2;74;176;245m[1mProfile[0m ⏱  ·· Starting [1mInitialisation[0m
[38;2;74;176;245m[1mProfile[0m ⏱  ···· Starting [1m@initialise[0m
[38;2;74;176;245m[1mProfile[0m ⏱  ···· Time elapsed in [1m@initialise[0m: .............................. [1m0.0s[0m
[38;2;74;176;245m[1mProfile[0m ⏱  ···· Starting [1m@initialise_backend[0m
[38;2;74;176;245m[1mProfile[0m ⏱  ······ Starting [1m@configure_tensorflow[0m
[38;2;74;176;245m[1mProfile[0m ⏱  ······ Time elapsed in [1m@configure_tensorflow[0m: ................. [1m18.7s[0m
[38;2;74;176;245m[1mProfile[0m ⏱  ···· Time elapsed in [1m@initialise_backend[0m: ..................... [1m19.8s[0m
{'config': './configs/default.json',
 'devices': 7,
 'folds': 3,
 'gpu': True,
 'input': './input/',
 'jobname': 'classifier-patch.00000045',
 'mode': 'gpu',
 'optimise_adversarial': False,
 'optimise_classifier': True,
 'output': './output/',
 'patches': ['/exports/eddie3_homes_local/s1562020/work/adversarial/optimisation/experiments/classifier/patches/patch.00000045.json'],
 'tensorboard': True,
 'theano': False,
 'train': False,
 'train_adversarial': False,
 'train_classifier': True,
 'verbose': False}
{u'adversary': {u'compile': {},
                u'fit': {},
                u'model': {u'architecture': [{}, {}, {}, {}],
                           u'default': {u'activation': u'relu',
                                        u'units': 64},
                           u'gmm_components': 5}},
 u'classifier': {u'compile': {u'loss': u'binary_crossentropy',
                              u'optimizer': <keras.optimizers.Adam object at 0x2af059c38310>},
                 u'fit': {u'batch_size': 57344,
                          u'epochs': 50,
                          u'shuffle': True,
                          'verbose': 2},
                 u'model': {u'architecture': [{}],
                            u'default': {u'activation': u'tanh',
                                         u'batchnorm': True,
                                         u'dropout': 0.5,
                                         u'units': 2}}},
 u'combined': {u'compile': {u'loss': [u'binary_crossentropy', None],
                            u'loss_weights': [4.545454545454545e-09, 1.0],
                            u'optimizer': <keras.optimizers.Adam object at 0x2af059c38350>},
               u'fit': {u'batch_size': 57344,
                        u'epochs': 100,
                        u'shuffle': True,
                        'verbose': 2},
               u'model': {u'lambda_reg': 10.0,
                          u'lr_ratio': 4.545454545454545e-09},
               u'pretrain': 10}}
  TensorFlow version: 1.4.1
[38;2;74;176;245m[1mProfile[0m ⏱  ·· Time elapsed in [1mInitialisation[0m: ............................ [1m20.0s[0m
[38;2;74;176;245m[1mProfile[0m ⏱  ·· Starting [1m@load_data[0m
[38;2;74;176;245m[1mProfile[0m ⏱  ·· Time elapsed in [1m@load_data[0m: ................................ [1m37.4s[0m
[38;2;74;176;245m[1mProfile[0m ⏱  ·· Starting [1m@get_decorrelation_variables[0m
[38;2;74;176;245m[1mProfile[0m ⏱  ·· Time elapsed in [1m@get_decorrelation_variables[0m: ............... [1m0.0s[0m
[38;2;74;176;245m[1mProfile[0m ⏱  ·· Starting [1mClassifier-only fit, cross-validation[0m
[38;2;74;176;245m[1mProfile[0m ⏱  ···· Starting [1mFold 1/3[0m
Train on 1333332 samples, validate on 666668 samples
Epoch 1/50
 - 2s - loss: 0.5759 - val_loss: 0.4894
Epoch 2/50
 - 2s - loss: 0.5447 - val_loss: 0.4911
Epoch 3/50
 - 2s - loss: 0.5381 - val_loss: 0.4862
Epoch 4/50
 - 2s - loss: 0.5343 - val_loss: 0.4862
Epoch 5/50
 - 2s - loss: 0.5352 - val_loss: 0.4934
Epoch 6/50
 - 2s - loss: 0.5341 - val_loss: 0.4917
Epoch 7/50
 - 2s - loss: 0.5339 - val_loss: 0.4847
Epoch 8/50
 - 2s - loss: 0.5343 - val_loss: 0.4819
Epoch 9/50
 - 2s - loss: 0.5350 - val_loss: 0.4877
Epoch 10/50
 - 2s - loss: 0.5339 - val_loss: 0.4805
Epoch 11/50
 - 2s - loss: 0.5347 - val_loss: 0.4889
Epoch 12/50
 - 2s - loss: 0.5340 - val_loss: 0.4832
Epoch 13/50
 - 2s - loss: 0.5345 - val_loss: 0.4844
Epoch 14/50
 - 2s - loss: 0.5350 - val_loss: 0.4833
Epoch 15/50
 - 2s - loss: 0.5345 - val_loss: 0.4826
Epoch 16/50
 - 2s - loss: 0.5334 - val_loss: 0.4843
Epoch 17/50
 - 2s - loss: 0.5342 - val_loss: 0.4863
Epoch 18/50
 - 2s - loss: 0.5334 - val_loss: 0.4865
Epoch 19/50
 - 2s - loss: 0.5341 - val_loss: 0.4781
Epoch 20/50
 - 2s - loss: 0.5337 - val_loss: 0.4901
Epoch 21/50
 - 2s - loss: 0.5359 - val_loss: 0.4791
Epoch 22/50
 - 2s - loss: 0.5344 - val_loss: 0.4836
Epoch 23/50
 - 2s - loss: 0.5346 - val_loss: 0.4855
Epoch 24/50
 - 2s - loss: 0.5345 - val_loss: 0.4862
Epoch 25/50
 - 2s - loss: 0.5338 - val_loss: 0.4830
Epoch 26/50
 - 2s - loss: 0.5340 - val_loss: 0.4879
Epoch 27/50
 - 2s - loss: 0.5348 - val_loss: 0.4874
Epoch 28/50
 - 2s - loss: 0.5338 - val_loss: 0.4829
Epoch 29/50
 - 2s - loss: 0.5339 - val_loss: 0.4832
Epoch 30/50
 - 2s - loss: 0.5333 - val_loss: 0.4848
Epoch 31/50
 - 2s - loss: 0.5345 - val_loss: 0.4825
Epoch 32/50
 - 2s - loss: 0.5345 - val_loss: 0.4832
Epoch 33/50
 - 2s - loss: 0.5345 - val_loss: 0.4859
Epoch 34/50
 - 2s - loss: 0.5342 - val_loss: 0.4856
Epoch 35/50
 - 2s - loss: 0.5340 - val_loss: 0.4819
Epoch 36/50
 - 2s - loss: 0.5340 - val_loss: 0.4850
Epoch 37/50
 - 2s - loss: 0.5341 - val_loss: 0.4862
Epoch 38/50
 - 2s - loss: 0.5343 - val_loss: 0.4832
Epoch 39/50
 - 2s - loss: 0.5342 - val_loss: 0.4807
Epoch 40/50
 - 2s - loss: 0.5346 - val_loss: 0.4803
Epoch 41/50
 - 2s - loss: 0.5342 - val_loss: 0.4890
Epoch 42/50
 - 2s - loss: 0.5345 - val_loss: 0.4860
Epoch 43/50
 - 2s - loss: 0.5352 - val_loss: 0.4884
Epoch 44/50
 - 2s - loss: 0.5344 - val_loss: 0.4811
Epoch 45/50
 - 2s - loss: 0.5337 - val_loss: 0.4845
Epoch 46/50
 - 2s - loss: 0.5339 - val_loss: 0.4841
Epoch 47/50
 - 2s - loss: 0.5346 - val_loss: 0.4871
Epoch 48/50
 - 2s - loss: 0.5335 - val_loss: 0.4828
Epoch 49/50
 - 2s - loss: 0.5335 - val_loss: 0.4799
Epoch 50/50
 - 2s - loss: 0.5336 - val_loss: 0.4840
[38;2;74;176;245m[1mProfile[0m ⏱  ···· Time elapsed in [1mFold 1/3[0m: ............................... [1m125.3s[0m
[38;2;74;176;245m[1mProfile[0m ⏱  ···· Starting [1mFold 2/3[0m
Train on 1333334 samples, validate on 666666 samples
Epoch 1/50
 - 2s - loss: 0.6136 - val_loss: 0.5106
Epoch 2/50
 - 2s - loss: 0.5484 - val_loss: 0.4918
Epoch 3/50
 - 2s - loss: 0.5425 - val_loss: 0.4905
Epoch 4/50
 - 2s - loss: 0.5386 - val_loss: 0.4868
Epoch 5/50
 - 2s - loss: 0.5363 - val_loss: 0.4823
Epoch 6/50
 - 2s - loss: 0.5356 - val_loss: 0.4860
Epoch 7/50
 - 2s - loss: 0.5347 - val_loss: 0.4821
Epoch 8/50
 - 2s - loss: 0.5354 - val_loss: 0.4821
Epoch 9/50
 - 2s - loss: 0.5350 - val_loss: 0.4806
Epoch 10/50
 - 2s - loss: 0.5346 - val_loss: 0.4831
Epoch 11/50
 - 2s - loss: 0.5347 - val_loss: 0.4867
Epoch 12/50
 - 2s - loss: 0.5347 - val_loss: 0.4825
Epoch 13/50
 - 2s - loss: 0.5349 - val_loss: 0.4804
Epoch 14/50
 - 2s - loss: 0.5345 - val_loss: 0.4814
Epoch 15/50
 - 2s - loss: 0.5347 - val_loss: 0.4856
Epoch 16/50
 - 2s - loss: 0.5343 - val_loss: 0.4814
Epoch 17/50
 - 2s - loss: 0.5356 - val_loss: 0.4838
Epoch 18/50
 - 2s - loss: 0.5346 - val_loss: 0.4844
Epoch 19/50
 - 2s - loss: 0.5344 - val_loss: 0.4818
Epoch 20/50
 - 2s - loss: 0.5338 - val_loss: 0.4834
Epoch 21/50
 - 2s - loss: 0.5352 - val_loss: 0.4824
Epoch 22/50
 - 2s - loss: 0.5348 - val_loss: 0.4854
Epoch 23/50
 - 2s - loss: 0.5345 - val_loss: 0.4805
Epoch 24/50
 - 2s - loss: 0.5343 - val_loss: 0.4830
Epoch 25/50
 - 2s - loss: 0.5345 - val_loss: 0.4822
Epoch 26/50
 - 2s - loss: 0.5340 - val_loss: 0.4814
Epoch 27/50
 - 2s - loss: 0.5347 - val_loss: 0.4812
Epoch 28/50
 - 2s - loss: 0.5343 - val_loss: 0.4851
Epoch 29/50
 - 2s - loss: 0.5348 - val_loss: 0.4815
Epoch 30/50
 - 2s - loss: 0.5347 - val_loss: 0.4831
Epoch 31/50
 - 2s - loss: 0.5353 - val_loss: 0.4851
Epoch 32/50
 - 2s - loss: 0.5350 - val_loss: 0.4820
Epoch 33/50
 - 2s - loss: 0.5345 - val_loss: 0.4811
Epoch 34/50
 - 2s - loss: 0.5343 - val_loss: 0.4804
Epoch 35/50
 - 2s - loss: 0.5350 - val_loss: 0.4808
Epoch 36/50
 - 2s - loss: 0.5338 - val_loss: 0.4803
Epoch 37/50
 - 2s - loss: 0.5351 - val_loss: 0.4836
Epoch 38/50
 - 2s - loss: 0.5345 - val_loss: 0.4853
Epoch 39/50
 - 2s - loss: 0.5352 - val_loss: 0.4832
Epoch 40/50
 - 2s - loss: 0.5348 - val_loss: 0.4835
Epoch 41/50
 - 2s - loss: 0.5349 - val_loss: 0.4791
Epoch 42/50
 - 2s - loss: 0.5351 - val_loss: 0.4807
Epoch 43/50
 - 2s - loss: 0.5347 - val_loss: 0.4799
Epoch 44/50
 - 2s - loss: 0.5349 - val_loss: 0.4798
Epoch 45/50
 - 2s - loss: 0.5347 - val_loss: 0.4811
Epoch 46/50
 - 2s - loss: 0.5346 - val_loss: 0.4769
Epoch 47/50
 - 2s - loss: 0.5351 - val_loss: 0.4798
Epoch 48/50
 - 2s - loss: 0.5351 - val_loss: 0.4832
Epoch 49/50
 - 2s - loss: 0.5353 - val_loss: 0.4825
Epoch 50/50
 - 2s - loss: 0.5342 - val_loss: 0.4784
[38;2;74;176;245m[1mProfile[0m ⏱  ···· Time elapsed in [1mFold 2/3[0m: ............................... [1m105.2s[0m
[38;2;74;176;245m[1mProfile[0m ⏱  ···· Starting [1mFold 3/3[0m
Train on 1333334 samples, validate on 666666 samples
Epoch 1/50
 - 2s - loss: 0.6154 - val_loss: 0.5078
Epoch 2/50
 - 2s - loss: 0.5449 - val_loss: 0.4845
Epoch 3/50
 - 2s - loss: 0.5383 - val_loss: 0.4866
Epoch 4/50
 - 2s - loss: 0.5364 - val_loss: 0.4863
Epoch 5/50
 - 2s - loss: 0.5365 - val_loss: 0.4890
Epoch 6/50
 - 2s - loss: 0.5357 - val_loss: 0.4866
Epoch 7/50
 - 2s - loss: 0.5353 - val_loss: 0.4804
Epoch 8/50
 - 2s - loss: 0.5350 - val_loss: 0.4826
Epoch 9/50
 - 2s - loss: 0.5349 - val_loss: 0.4829
Epoch 10/50
 - 2s - loss: 0.5343 - val_loss: 0.4817
Epoch 11/50
 - 2s - loss: 0.5354 - val_loss: 0.4844
Epoch 12/50
 - 2s - loss: 0.5342 - val_loss: 0.4813
Epoch 13/50
 - 2s - loss: 0.5342 - val_loss: 0.4827
Epoch 14/50
 - 2s - loss: 0.5351 - val_loss: 0.4853
Epoch 15/50
 - 2s - loss: 0.5344 - val_loss: 0.4832
Epoch 16/50
 - 2s - loss: 0.5339 - val_loss: 0.4838
Epoch 17/50
 - 2s - loss: 0.5341 - val_loss: 0.4819
Epoch 18/50
 - 2s - loss: 0.5344 - val_loss: 0.4809
Epoch 19/50
 - 2s - loss: 0.5343 - val_loss: 0.4825
Epoch 20/50
 - 2s - loss: 0.5344 - val_loss: 0.4825
Epoch 21/50
 - 2s - loss: 0.5342 - val_loss: 0.4860
Epoch 22/50
 - 2s - loss: 0.5333 - val_loss: 0.4835
Epoch 23/50
 - 2s - loss: 0.5335 - val_loss: 0.4815
Epoch 24/50
 - 2s - loss: 0.5345 - val_loss: 0.4845
Epoch 25/50
 - 2s - loss: 0.5338 - val_loss: 0.4820
Epoch 26/50
 - 2s - loss: 0.5338 - val_loss: 0.4830
Epoch 27/50
 - 2s - loss: 0.5335 - val_loss: 0.4811
Epoch 28/50
 - 2s - loss: 0.5352 - val_loss: 0.4832
Epoch 29/50
 - 2s - loss: 0.5339 - val_loss: 0.4815
Epoch 30/50
 - 2s - loss: 0.5345 - val_loss: 0.4826
Epoch 31/50
 - 2s - loss: 0.5335 - val_loss: 0.4822
Epoch 32/50
 - 2s - loss: 0.5341 - val_loss: 0.4846
Epoch 33/50
 - 2s - loss: 0.5345 - val_loss: 0.4828
Epoch 34/50
 - 2s - loss: 0.5343 - val_loss: 0.4808
Epoch 35/50
 - 2s - loss: 0.5339 - val_loss: 0.4856
Epoch 36/50
 - 2s - loss: 0.5344 - val_loss: 0.4843
Epoch 37/50
 - 2s - loss: 0.5339 - val_loss: 0.4847
Epoch 38/50
 - 1s - loss: 0.5347 - val_loss: 0.4820
Epoch 39/50
 - 1s - loss: 0.5341 - val_loss: 0.4824
Epoch 40/50
 - 1s - loss: 0.5345 - val_loss: 8.0056
Epoch 41/50
 - 2s - loss: 0.5348 - val_loss: 0.4814
Epoch 42/50
 - 2s - loss: 0.5342 - val_loss: 0.4815
Epoch 43/50
 - 1s - loss: 0.5347 - val_loss: 0.4838
Epoch 44/50
 - 1s - loss: 0.5334 - val_loss: 0.4832
Epoch 45/50
 - 1s - loss: 0.5343 - val_loss: 0.4826
Epoch 46/50
 - 2s - loss: 0.5347 - val_loss: 0.4814
Epoch 47/50
 - 1s - loss: 0.5337 - val_loss: 0.4827
Epoch 48/50
 - 1s - loss: 0.5340 - val_loss: 0.4850
Epoch 49/50
 - 1s - loss: 0.5341 - val_loss: 0.4838
Epoch 50/50
 - 1s - loss: 0.5338 - val_loss: 0.4851
Got result 0.485437906286
Completed successfully in 411.52 seconds. [{u'main': 0.485437906285955}]
[38;2;74;176;245m[1mProfile[0m ⏱  ···· Time elapsed in [1mFold 3/3[0m: ................................ [1m96.8s[0m
[38;2;74;176;245m[1mProfile[0m ⏱  ·· Time elapsed in [1mClassifier-only fit, cross-validation[0m: .... [1m328.1s[0m
[38;2;74;176;245m[1mProfile[0m ⏱  Time elapsed in [1m@main[0m: ....................................... [1m385.8s[0m
cd: Going back to /exports/eddie3_homes_local/s1562020/work/adversarial/optimisation/experiments/classifier
