Job launching after 4.49 seconds in submission.
Running python job.
Changed into dir /exports/eddie3_homes_local/s1562020/work/adversarial/optimisation/experiments/classifier
Importing optimise.py
Running optimise.main()
INFO: Applying patch '/exports/eddie3_homes_local/s1562020/work/adversarial/optimisation/experiments/classifier/patches/patch.00000049.json'
INFO: Found 20 Intel(R) Xeon(R) CPU E5-2630 v4 @ 2.20GHz devices with 10 cores each.
Using TensorFlow backend.
INFO: Scaling classifier/lr -1 -> 0.1
INFO: Scaling classifier/decay -3 -> 0.001
INFO: Scaling classifier/units 9 -> 512
INFO: Writing TensorBoard logs to 'logs/tensorboard/classifier-patch.00000049/'
INFO: Running '/exports/eddie3_homes_local/s1562020/work/adversarial/run/adversarial/common.pyc'
INFO: Command-line arguments:
INFO: Configuration file contents:
INFO: Python version: 2.7.14
INFO: Numpy  version: 1.12.1
INFO: Keras  version: 2.1.5
INFO: Using keras backend: 'tensorflow'
INFO: Found  1000000 training and  1000249 test samples for signal
INFO: Found  1000000 training and 10000000 test samples for background
INFO: load_data: Selecting only training data.
INFO: Implementing gradient reversal layer in TensorFlow
INFO: Training cross-validation classifiers
Call to main function (#49)
  Parameters: {u'classifier/model/default/units': array([9]), u'classifier/compile/decay': array([-3]), u'classifier/model/default/dropout': array([ 0.36692859]), u'classifier/compile/lr': array([-1]), u'classifier/model/architecture': array([5]), u'classifier/model/default/activation': [u'tanh']}
param: classifier/model/default/units
param: classifier/compile/decay
param: classifier/model/default/dropout
param: classifier/compile/lr
param: classifier/model/architecture
param: classifier/model/default/activation
- - - - - - - - - - - - - - - - - - - - - - - - - - - - - - - - - - - - - - - - 
Saving the following patch to '/exports/eddie3_homes_local/s1562020/work/adversarial/optimisation/experiments/classifier/patches/patch.00000049.json':
{u'classifier': {u'compile': {u'lr': -1, u'decay': -3}, u'model': {u'default': {u'units': 9, u'dropout': 0.36692858562920305, u'activation': u'tanh'}, u'architecture': 5}, 'fit': {'epochs': 50, 'batch_size': 8192}}}
- - - - - - - - - - - - - - - - - - - - - - - - - - - - - - - - - - - - - - - - 
cd: Going to /exports/eddie3_homes_local/s1562020/work/adversarial/
[38;2;74;176;245m[1mProfile[0m ⏱  Starting [1m@main[0m
[38;2;74;176;245m[1mProfile[0m ⏱  ·· Starting [1mInitialisation[0m
[38;2;74;176;245m[1mProfile[0m ⏱  ···· Starting [1m@initialise[0m
[38;2;74;176;245m[1mProfile[0m ⏱  ···· Time elapsed in [1m@initialise[0m: .............................. [1m0.0s[0m
[38;2;74;176;245m[1mProfile[0m ⏱  ···· Starting [1m@initialise_backend[0m
[38;2;74;176;245m[1mProfile[0m ⏱  ······ Starting [1m@configure_tensorflow[0m
[38;2;74;176;245m[1mProfile[0m ⏱  ······ Time elapsed in [1m@configure_tensorflow[0m: ................. [1m16.6s[0m
[38;2;74;176;245m[1mProfile[0m ⏱  ···· Time elapsed in [1m@initialise_backend[0m: ..................... [1m17.5s[0m
{'config': './configs/default.json',
 'devices': 7,
 'folds': 3,
 'gpu': True,
 'input': './input/',
 'jobname': 'classifier-patch.00000049',
 'mode': 'gpu',
 'optimise_adversarial': False,
 'optimise_classifier': True,
 'output': './output/',
 'patches': ['/exports/eddie3_homes_local/s1562020/work/adversarial/optimisation/experiments/classifier/patches/patch.00000049.json'],
 'tensorboard': True,
 'theano': False,
 'train': False,
 'train_adversarial': False,
 'train_classifier': True,
 'verbose': False}
{u'adversary': {u'compile': {},
                u'fit': {},
                u'model': {u'architecture': [{}, {}, {}, {}],
                           u'default': {u'activation': u'relu',
                                        u'units': 64},
                           u'gmm_components': 5}},
 u'classifier': {u'compile': {u'loss': u'binary_crossentropy',
                              u'optimizer': <keras.optimizers.Adam object at 0x2ad241390310>},
                 u'fit': {u'batch_size': 57344,
                          u'epochs': 50,
                          u'shuffle': True,
                          'verbose': 2},
                 u'model': {u'architecture': [{}, {}, {}, {}, {}],
                            u'default': {u'activation': u'tanh',
                                         u'batchnorm': True,
                                         u'dropout': 0.36692858562920305,
                                         u'units': 512}}},
 u'combined': {u'compile': {u'loss': [u'binary_crossentropy', None],
                            u'loss_weights': [4.545454545454545e-09, 1.0],
                            u'optimizer': <keras.optimizers.Adam object at 0x2ad241390350>},
               u'fit': {u'batch_size': 57344,
                        u'epochs': 100,
                        u'shuffle': True,
                        'verbose': 2},
               u'model': {u'lambda_reg': 10.0,
                          u'lr_ratio': 4.545454545454545e-09},
               u'pretrain': 10}}
  TensorFlow version: 1.4.1
[38;2;74;176;245m[1mProfile[0m ⏱  ·· Time elapsed in [1mInitialisation[0m: ............................ [1m17.6s[0m
[38;2;74;176;245m[1mProfile[0m ⏱  ·· Starting [1m@load_data[0m
[38;2;74;176;245m[1mProfile[0m ⏱  ·· Time elapsed in [1m@load_data[0m: ................................ [1m34.5s[0m
[38;2;74;176;245m[1mProfile[0m ⏱  ·· Starting [1m@get_decorrelation_variables[0m
[38;2;74;176;245m[1mProfile[0m ⏱  ·· Time elapsed in [1m@get_decorrelation_variables[0m: ............... [1m0.0s[0m
[38;2;74;176;245m[1mProfile[0m ⏱  ·· Starting [1mClassifier-only fit, cross-validation[0m
[38;2;74;176;245m[1mProfile[0m ⏱  ···· Starting [1mFold 1/3[0m
Train on 1333332 samples, validate on 666668 samples
Epoch 1/50
 - 10s - loss: 1.9649 - val_loss: 1.2069
Epoch 2/50
 - 8s - loss: 0.8859 - val_loss: 1.0791
Epoch 3/50
 - 8s - loss: 0.6623 - val_loss: 0.5274
Epoch 4/50
 - 8s - loss: 0.5065 - val_loss: 0.4775
Epoch 5/50
 - 8s - loss: 0.4777 - val_loss: 0.4598
Epoch 6/50
 - 8s - loss: 0.4664 - val_loss: 0.4527
Epoch 7/50
 - 8s - loss: 0.4599 - val_loss: 0.4475
Epoch 8/50
 - 8s - loss: 0.4825 - val_loss: 0.5110
Epoch 9/50
 - 8s - loss: 0.4681 - val_loss: 0.5127
Epoch 10/50
 - 8s - loss: 0.4566 - val_loss: 0.4335
Epoch 11/50
 - 8s - loss: 0.4370 - val_loss: 0.4236
Epoch 12/50
 - 8s - loss: 0.5460 - val_loss: 0.5806
Epoch 13/50
 - 6s - loss: 0.6641 - val_loss: 0.5772
Epoch 14/50
 - 6s - loss: 0.5274 - val_loss: 0.4250
Epoch 15/50
 - 6s - loss: 0.4348 - val_loss: 0.4045
Epoch 16/50
 - 6s - loss: 0.4177 - val_loss: 0.4031
Epoch 17/50
 - 6s - loss: 0.4101 - val_loss: 0.3969
Epoch 18/50
 - 6s - loss: 0.4109 - val_loss: 0.3933
Epoch 19/50
 - 5s - loss: 0.4065 - val_loss: 0.3925
Epoch 20/50
 - 6s - loss: 0.4058 - val_loss: 0.3924
Epoch 21/50
 - 6s - loss: 0.4043 - val_loss: 0.3923
Epoch 22/50
 - 6s - loss: 0.4012 - val_loss: 0.3895
Epoch 23/50
 - 6s - loss: 0.4062 - val_loss: 0.3895
Epoch 24/50
 - 6s - loss: 0.4029 - val_loss: 0.3964
Epoch 25/50
 - 5s - loss: 0.4003 - val_loss: 0.3983
Epoch 26/50
 - 5s - loss: 0.3990 - val_loss: 0.3865
Epoch 27/50
 - 6s - loss: 0.3975 - val_loss: 0.3910
Epoch 28/50
 - 6s - loss: 0.3976 - val_loss: 0.3845
Epoch 29/50
 - 6s - loss: 0.3952 - val_loss: 0.3868
Epoch 30/50
 - 6s - loss: 0.3963 - val_loss: 0.3879
Epoch 31/50
 - 6s - loss: 0.3953 - val_loss: 0.3843
Epoch 32/50
 - 6s - loss: 0.3954 - val_loss: 0.3890
Epoch 33/50
 - 6s - loss: 0.3942 - val_loss: 0.3818
Epoch 34/50
 - 6s - loss: 0.3951 - val_loss: 0.4129
Epoch 35/50
 - 6s - loss: 0.4016 - val_loss: 0.3832
Epoch 36/50
 - 6s - loss: 0.3963 - val_loss: 0.3833
Epoch 37/50
 - 5s - loss: 0.3928 - val_loss: 0.3847
Epoch 38/50
 - 5s - loss: 0.3962 - val_loss: 0.3889
Epoch 39/50
 - 6s - loss: 0.3957 - val_loss: 0.3872
Epoch 40/50
 - 6s - loss: 0.3935 - val_loss: 0.3830
Epoch 41/50
 - 6s - loss: 0.3912 - val_loss: 0.3872
Epoch 42/50
 - 6s - loss: 0.3908 - val_loss: 0.3904
Epoch 43/50
 - 8s - loss: 0.3916 - val_loss: 0.3782
Epoch 44/50
 - 8s - loss: 0.3933 - val_loss: 0.3865
Epoch 45/50
 - 7s - loss: 0.3937 - val_loss: 0.3851
Epoch 46/50
 - 7s - loss: 0.3924 - val_loss: 0.3783
Epoch 47/50
 - 8s - loss: 0.3915 - val_loss: 0.3775
Epoch 48/50
 - 7s - loss: 0.3906 - val_loss: 0.3775
Epoch 49/50
 - 8s - loss: 0.3890 - val_loss: 0.3776
Epoch 50/50
 - 8s - loss: 0.3912 - val_loss: 0.3790
[38;2;74;176;245m[1mProfile[0m ⏱  ···· Time elapsed in [1mFold 1/3[0m: ............................... [1m380.8s[0m
[38;2;74;176;245m[1mProfile[0m ⏱  ···· Starting [1mFold 2/3[0m
Train on 1333334 samples, validate on 666666 samples
Epoch 1/50
 - 10s - loss: 4.6404 - val_loss: 3.5300
Epoch 2/50
 - 7s - loss: 3.6848 - val_loss: 6.5658
Epoch 3/50
 - 7s - loss: 3.6582 - val_loss: 3.1506
Epoch 4/50
 - 7s - loss: 3.4946 - val_loss: 1.8594
Epoch 5/50
 - 7s - loss: 2.8134 - val_loss: 1.6161
Epoch 6/50
 - 7s - loss: 1.8319 - val_loss: 1.1198
Epoch 7/50
 - 7s - loss: 1.1738 - val_loss: 1.0514
Epoch 8/50
 - 7s - loss: 1.0678 - val_loss: 1.0990
Epoch 9/50
 - 7s - loss: 0.7744 - val_loss: 0.6643
Epoch 10/50
 - 8s - loss: 0.7359 - val_loss: 0.5550
Epoch 11/50
 - 7s - loss: 0.6090 - val_loss: 0.6275
Epoch 12/50
 - 7s - loss: 0.5627 - val_loss: 0.5505
Epoch 13/50
 - 7s - loss: 0.6184 - val_loss: 0.5354
Epoch 14/50
 - 8s - loss: 0.5683 - val_loss: 0.5711
Epoch 15/50
 - 7s - loss: 0.5527 - val_loss: 0.4867
Epoch 16/50
 - 7s - loss: 0.5274 - val_loss: 0.4908
Epoch 17/50
 - 8s - loss: 0.5228 - val_loss: 0.4878
Epoch 18/50
 - 7s - loss: 0.5199 - val_loss: 0.4964
Epoch 19/50
 - 7s - loss: 0.5217 - val_loss: 0.4885
Epoch 20/50
 - 9s - loss: 0.5196 - val_loss: 0.5080
Epoch 21/50
 - 9s - loss: 0.5375 - val_loss: 0.5667
Epoch 22/50
 - 9s - loss: 0.5560 - val_loss: 0.5251
Epoch 23/50
 - 9s - loss: 0.5522 - val_loss: 0.5699
Epoch 24/50
 - 9s - loss: 0.5449 - val_loss: 0.4963
Epoch 25/50
 - 8s - loss: 0.5312 - val_loss: 0.5241
Epoch 26/50
 - 7s - loss: 0.5258 - val_loss: 0.4903
Epoch 27/50
 - 6s - loss: 0.5204 - val_loss: 0.4953
Epoch 28/50
 - 6s - loss: 0.5150 - val_loss: 0.4813
Epoch 29/50
 - 7s - loss: 0.5121 - val_loss: 0.4732
Epoch 30/50
 - 8s - loss: 0.5104 - val_loss: 0.4819
Epoch 31/50
 - 8s - loss: 0.5101 - val_loss: 0.4755
Epoch 32/50
 - 8s - loss: 0.5106 - val_loss: 0.4760
Epoch 33/50
 - 9s - loss: 0.5066 - val_loss: 0.4722
Epoch 34/50
 - 9s - loss: 0.5056 - val_loss: 0.4698
Epoch 35/50
 - 9s - loss: 0.5015 - val_loss: 0.4682
Epoch 36/50
 - 9s - loss: 0.5013 - val_loss: 0.4707
Epoch 37/50
 - 9s - loss: 0.4996 - val_loss: 0.4702
Epoch 38/50
 - 9s - loss: 0.4981 - val_loss: 0.4706
Epoch 39/50
 - 9s - loss: 0.4944 - val_loss: 0.4661
Epoch 40/50
 - 9s - loss: 0.4939 - val_loss: 0.4721
Epoch 41/50
 - 9s - loss: 0.4920 - val_loss: 0.4644
Epoch 42/50
 - 9s - loss: 0.4903 - val_loss: 0.4623
Epoch 43/50
 - 10s - loss: 0.4884 - val_loss: 0.4622
Epoch 44/50
 - 9s - loss: 0.4872 - val_loss: 0.4602
Epoch 45/50
 - 9s - loss: 0.4868 - val_loss: 0.4606
Epoch 46/50
 - 10s - loss: 0.4848 - val_loss: 0.4637
Epoch 47/50
 - 9s - loss: 0.4868 - val_loss: 0.4617
Epoch 48/50
 - 10s - loss: 0.4842 - val_loss: 0.4590
Epoch 49/50
 - 9s - loss: 0.4849 - val_loss: 0.4715
Epoch 50/50
 - 10s - loss: 0.4873 - val_loss: 0.4667
[38;2;74;176;245m[1mProfile[0m ⏱  ···· Time elapsed in [1mFold 2/3[0m: ............................... [1m442.0s[0m
[38;2;74;176;245m[1mProfile[0m ⏱  ···· Starting [1mFold 3/3[0m
Train on 1333334 samples, validate on 666666 samples
Epoch 1/50
 - 12s - loss: 4.8776 - val_loss: 2.7059
Epoch 2/50
 - 9s - loss: 3.4319 - val_loss: 4.8958
Epoch 3/50
 - 9s - loss: 3.4164 - val_loss: 2.9024
Epoch 4/50
 - 9s - loss: 1.8638 - val_loss: 0.8237
Epoch 5/50
 - 9s - loss: 1.1584 - val_loss: 0.7236
Epoch 6/50
 - 9s - loss: 2.0904 - val_loss: 1.2810
Epoch 7/50
 - 9s - loss: 1.6499 - val_loss: 1.0671
Epoch 8/50
 - 10s - loss: 0.9024 - val_loss: 0.5237
Epoch 9/50
 - 9s - loss: 0.5383 - val_loss: 0.4955
Epoch 10/50
 - 9s - loss: 0.4979 - val_loss: 0.4828
Epoch 11/50
 - 7s - loss: 0.4915 - val_loss: 0.4714
Epoch 12/50
 - 8s - loss: 0.4871 - val_loss: 0.4715
Epoch 13/50
 - 7s - loss: 0.4864 - val_loss: 0.4722
Epoch 14/50
 - 7s - loss: 0.4877 - val_loss: 0.4766
Epoch 15/50
 - 8s - loss: 0.4874 - val_loss: 0.4719
Epoch 16/50
 - 8s - loss: 0.4854 - val_loss: 0.4736
Epoch 17/50
 - 7s - loss: 0.4831 - val_loss: 0.4678
Epoch 18/50
 - 8s - loss: 0.4817 - val_loss: 0.4677
Epoch 19/50
 - 7s - loss: 0.4818 - val_loss: 0.4677
Epoch 20/50
 - 7s - loss: 0.4795 - val_loss: 0.4621
Epoch 21/50
 - 8s - loss: 0.4784 - val_loss: 0.4677
Epoch 22/50
 - 8s - loss: 0.4808 - val_loss: 0.4765
Epoch 23/50
 - 9s - loss: 0.4798 - val_loss: 0.4715
Epoch 24/50
 - 7s - loss: 0.4754 - val_loss: 0.4645
Epoch 25/50
 - 8s - loss: 0.4764 - val_loss: 0.4641
Epoch 26/50
 - 8s - loss: 0.4779 - val_loss: 0.4708
Epoch 27/50
 - 8s - loss: 0.4779 - val_loss: 0.4671
Epoch 28/50
 - 8s - loss: 0.4744 - val_loss: 0.4612
Epoch 29/50
 - 7s - loss: 0.4722 - val_loss: 0.4686
Epoch 30/50
 - 7s - loss: 0.4702 - val_loss: 0.4557
Epoch 31/50
 - 8s - loss: 0.4696 - val_loss: 0.4591
Epoch 32/50
 - 7s - loss: 0.4694 - val_loss: 0.4567
Epoch 33/50
 - 7s - loss: 0.4682 - val_loss: 0.4559
Epoch 34/50
 - 7s - loss: 0.4673 - val_loss: 0.4598
Epoch 35/50
 - 7s - loss: 0.4671 - val_loss: 0.4556
Epoch 36/50
 - 7s - loss: 0.4656 - val_loss: 0.4567
Epoch 37/50
 - 8s - loss: 0.4662 - val_loss: 0.4618
Epoch 38/50
 - 8s - loss: 0.4667 - val_loss: 0.4537
Epoch 39/50
 - 7s - loss: 0.4637 - val_loss: 0.4522
Epoch 40/50
 - 7s - loss: 0.4640 - val_loss: 0.4502
Epoch 41/50
 - 9s - loss: 0.4619 - val_loss: 0.4481
Epoch 42/50
 - 9s - loss: 0.4607 - val_loss: 0.4502
Epoch 43/50
 - 9s - loss: 0.4605 - val_loss: 0.4541
Epoch 44/50
 - 10s - loss: 0.4598 - val_loss: 0.4530
Epoch 45/50
 - 9s - loss: 0.4609 - val_loss: 0.4522
Epoch 46/50
 - 9s - loss: 0.4615 - val_loss: 0.4534
Epoch 47/50
 - 10s - loss: 0.4599 - val_loss: 0.4525
Epoch 48/50
 - 10s - loss: 0.4580 - val_loss: 0.4502
Epoch 49/50
 - 10s - loss: 0.4568 - val_loss: 0.4495
Epoch 50/50
 - 10s - loss: 0.4560 - val_loss: 0.4474
Got result 0.468677437902
Completed successfully in 1353.17 seconds. [{u'main': 0.46867743790197647}]
[38;2;74;176;245m[1mProfile[0m ⏱  ···· Time elapsed in [1mFold 3/3[0m: ............................... [1m451.7s[0m
[38;2;74;176;245m[1mProfile[0m ⏱  ·· Time elapsed in [1mClassifier-only fit, cross-validation[0m: ... [1m1275.2s[0m
[38;2;74;176;245m[1mProfile[0m ⏱  Time elapsed in [1m@main[0m: ...................................... [1m1327.7s[0m
cd: Going back to /exports/eddie3_homes_local/s1562020/work/adversarial/optimisation/experiments/classifier
