Job launching after 4.51 seconds in submission.
Running python job.
Changed into dir /exports/eddie3_homes_local/s1562020/work/adversarial/optimisation/experiments/classifier
Importing optimise.py
Running optimise.main()
INFO: Applying patch '/exports/eddie3_homes_local/s1562020/work/adversarial/optimisation/experiments/classifier/patches/patch.00000035.json'
INFO: Found 20 Intel(R) Xeon(R) CPU E5-2630 v4 @ 2.20GHz devices with 10 cores each.
Using TensorFlow backend.
INFO: Scaling classifier/lr -1 -> 0.1
INFO: Scaling classifier/decay -2 -> 0.01
INFO: Scaling classifier/units 7 -> 128
INFO: Writing TensorBoard logs to 'logs/tensorboard/classifier-patch.00000035/'
INFO: Running '/exports/eddie3_homes_local/s1562020/work/adversarial/run/adversarial/common.pyc'
INFO: Command-line arguments:
INFO: Configuration file contents:
INFO: Python version: 2.7.14
INFO: Numpy  version: 1.12.1
INFO: Keras  version: 2.1.5
INFO: Using keras backend: 'tensorflow'
INFO: Found  1000000 training and  1000249 test samples for signal
INFO: Found  1000000 training and 10000000 test samples for background
INFO: load_data: Selecting only training data.
INFO: Implementing gradient reversal layer in TensorFlow
INFO: Training cross-validation classifiers
Call to main function (#35)
  Parameters: {u'classifier/model/default/units': array([7]), u'classifier/compile/decay': array([-2]), u'classifier/model/default/dropout': array([ 0.]), u'classifier/compile/lr': array([-1]), u'classifier/model/architecture': array([3]), u'classifier/model/default/activation': [u'relu']}
param: classifier/model/default/units
param: classifier/compile/decay
param: classifier/model/default/dropout
param: classifier/compile/lr
param: classifier/model/architecture
param: classifier/model/default/activation
- - - - - - - - - - - - - - - - - - - - - - - - - - - - - - - - - - - - - - - - 
Saving the following patch to '/exports/eddie3_homes_local/s1562020/work/adversarial/optimisation/experiments/classifier/patches/patch.00000035.json':
{u'classifier': {u'compile': {u'lr': -1, u'decay': -2}, u'model': {u'default': {u'units': 7, u'dropout': 0.0, u'activation': u'relu'}, u'architecture': 3}, 'fit': {'epochs': 50, 'batch_size': 8192}}}
- - - - - - - - - - - - - - - - - - - - - - - - - - - - - - - - - - - - - - - - 
cd: Going to /exports/eddie3_homes_local/s1562020/work/adversarial/
[38;2;74;176;245m[1mProfile[0m ⏱  Starting [1m@main[0m
[38;2;74;176;245m[1mProfile[0m ⏱  ·· Starting [1mInitialisation[0m
[38;2;74;176;245m[1mProfile[0m ⏱  ···· Starting [1m@initialise[0m
[38;2;74;176;245m[1mProfile[0m ⏱  ···· Time elapsed in [1m@initialise[0m: .............................. [1m0.0s[0m
[38;2;74;176;245m[1mProfile[0m ⏱  ···· Starting [1m@initialise_backend[0m
[38;2;74;176;245m[1mProfile[0m ⏱  ······ Starting [1m@configure_tensorflow[0m
[38;2;74;176;245m[1mProfile[0m ⏱  ······ Time elapsed in [1m@configure_tensorflow[0m: ................. [1m19.4s[0m
[38;2;74;176;245m[1mProfile[0m ⏱  ···· Time elapsed in [1m@initialise_backend[0m: ..................... [1m20.6s[0m
{'config': './configs/default.json',
 'devices': 7,
 'folds': 3,
 'gpu': True,
 'input': './input/',
 'jobname': 'classifier-patch.00000035',
 'mode': 'gpu',
 'optimise_adversarial': False,
 'optimise_classifier': True,
 'output': './output/',
 'patches': ['/exports/eddie3_homes_local/s1562020/work/adversarial/optimisation/experiments/classifier/patches/patch.00000035.json'],
 'tensorboard': True,
 'theano': False,
 'train': False,
 'train_adversarial': False,
 'train_classifier': True,
 'verbose': False}
{u'adversary': {u'compile': {},
                u'fit': {},
                u'model': {u'architecture': [{}, {}, {}, {}],
                           u'default': {u'activation': u'relu',
                                        u'units': 64},
                           u'gmm_components': 5}},
 u'classifier': {u'compile': {u'loss': u'binary_crossentropy',
                              u'optimizer': <keras.optimizers.Adam object at 0x2b37bc03f310>},
                 u'fit': {u'batch_size': 57344,
                          u'epochs': 50,
                          u'shuffle': True,
                          'verbose': 2},
                 u'model': {u'architecture': [{}, {}, {}],
                            u'default': {u'activation': u'relu',
                                         u'batchnorm': True,
                                         u'dropout': 0.0,
                                         u'units': 128}}},
 u'combined': {u'compile': {u'loss': [u'binary_crossentropy', None],
                            u'loss_weights': [1.8181818181818182e-09, 1.0],
                            u'optimizer': <keras.optimizers.Adam object at 0x2b37bc03f350>},
               u'fit': {u'batch_size': 57344,
                        u'epochs': 100,
                        u'shuffle': True,
                        'verbose': 2},
               u'model': {u'lambda_reg': 10.0,
                          u'lr_ratio': 1.8181818181818182e-09},
               u'pretrain': 10}}
  TensorFlow version: 1.4.1
[38;2;74;176;245m[1mProfile[0m ⏱  ·· Time elapsed in [1mInitialisation[0m: ............................ [1m20.7s[0m
[38;2;74;176;245m[1mProfile[0m ⏱  ·· Starting [1m@load_data[0m
[38;2;74;176;245m[1mProfile[0m ⏱  ·· Time elapsed in [1m@load_data[0m: ................................ [1m36.5s[0m
[38;2;74;176;245m[1mProfile[0m ⏱  ·· Starting [1m@get_decorrelation_variables[0m
[38;2;74;176;245m[1mProfile[0m ⏱  ·· Time elapsed in [1m@get_decorrelation_variables[0m: ............... [1m0.0s[0m
[38;2;74;176;245m[1mProfile[0m ⏱  ·· Starting [1mClassifier-only fit, cross-validation[0m
[38;2;74;176;245m[1mProfile[0m ⏱  ···· Starting [1mFold 1/3[0m
Train on 1333332 samples, validate on 666668 samples
Epoch 1/50
 - 3s - loss: 1.6362 - val_loss: 0.6392
Epoch 2/50
 - 2s - loss: 0.4565 - val_loss: 0.4410
Epoch 3/50
 - 2s - loss: 0.4006 - val_loss: 2.6909
Epoch 4/50
 - 2s - loss: 0.3908 - val_loss: 0.4470
Epoch 5/50
 - 2s - loss: 0.3885 - val_loss: 0.4632
Epoch 6/50
 - 2s - loss: 0.3850 - val_loss: 0.4788
Epoch 7/50
 - 2s - loss: 0.3837 - val_loss: 0.4741
Epoch 8/50
 - 2s - loss: 0.3823 - val_loss: 0.4295
Epoch 9/50
 - 2s - loss: 0.3813 - val_loss: 0.3993
Epoch 10/50
 - 2s - loss: 0.3790 - val_loss: 0.4011
Epoch 11/50
 - 2s - loss: 0.3777 - val_loss: 0.4035
Epoch 12/50
 - 2s - loss: 0.3775 - val_loss: 0.4108
Epoch 13/50
 - 2s - loss: 0.3774 - val_loss: 0.3824
Epoch 14/50
 - 2s - loss: 0.3760 - val_loss: 0.3981
Epoch 15/50
 - 2s - loss: 0.3754 - val_loss: 0.3826
Epoch 16/50
 - 2s - loss: 0.3744 - val_loss: 0.3914
Epoch 17/50
 - 2s - loss: 0.3734 - val_loss: 0.3854
Epoch 18/50
 - 2s - loss: 0.3729 - val_loss: 0.3882
Epoch 19/50
 - 3s - loss: 0.3727 - val_loss: 0.3851
Epoch 20/50
 - 2s - loss: 0.3716 - val_loss: 0.3822
Epoch 21/50
 - 2s - loss: 0.3708 - val_loss: 0.3876
Epoch 22/50
 - 2s - loss: 0.3698 - val_loss: 0.3844
Epoch 23/50
 - 2s - loss: 0.3697 - val_loss: 0.3797
Epoch 24/50
 - 2s - loss: 0.3692 - val_loss: 0.3833
Epoch 25/50
 - 2s - loss: 0.3681 - val_loss: 0.3941
Epoch 26/50
 - 2s - loss: 0.3679 - val_loss: 0.3999
Epoch 27/50
 - 2s - loss: 0.3678 - val_loss: 0.3862
Epoch 28/50
 - 2s - loss: 0.3679 - val_loss: 0.4170
Epoch 29/50
 - 2s - loss: 0.3671 - val_loss: 0.3911
Epoch 30/50
 - 2s - loss: 0.3663 - val_loss: 0.3906
Epoch 31/50
 - 2s - loss: 0.3668 - val_loss: 0.4183
Epoch 32/50
 - 2s - loss: 0.3666 - val_loss: 0.4071
Epoch 33/50
 - 2s - loss: 0.3660 - val_loss: 0.3960
Epoch 34/50
 - 3s - loss: 0.3659 - val_loss: 0.3825
Epoch 35/50
 - 3s - loss: 0.3658 - val_loss: 0.4003
Epoch 36/50
 - 3s - loss: 0.3656 - val_loss: 0.3991
Epoch 37/50
 - 2s - loss: 0.3652 - val_loss: 0.3999
Epoch 38/50
 - 2s - loss: 0.3660 - val_loss: 0.4040
Epoch 39/50
 - 2s - loss: 0.3656 - val_loss: 0.3936
Epoch 40/50
 - 2s - loss: 0.3649 - val_loss: 0.3881
Epoch 41/50
 - 2s - loss: 0.3650 - val_loss: 0.3911
Epoch 42/50
 - 2s - loss: 0.3648 - val_loss: 0.3780
Epoch 43/50
 - 3s - loss: 0.3645 - val_loss: 0.3863
Epoch 44/50
 - 2s - loss: 0.3646 - val_loss: 0.3903
Epoch 45/50
 - 2s - loss: 0.3645 - val_loss: 0.3973
Epoch 46/50
 - 2s - loss: 0.3650 - val_loss: 0.3889
Epoch 47/50
 - 2s - loss: 0.3646 - val_loss: 0.3894
Epoch 48/50
 - 3s - loss: 0.3643 - val_loss: 0.3907
Epoch 49/50
 - 3s - loss: 0.3643 - val_loss: 0.3686
Epoch 50/50
 - 2s - loss: 0.3641 - val_loss: 0.3729
[38;2;74;176;245m[1mProfile[0m ⏱  ···· Time elapsed in [1mFold 1/3[0m: ............................... [1m148.9s[0m
[38;2;74;176;245m[1mProfile[0m ⏱  ···· Starting [1mFold 2/3[0m
Train on 1333334 samples, validate on 666666 samples
Epoch 1/50
 - 4s - loss: 0.6292 - val_loss: 0.4622
Epoch 2/50
 - 3s - loss: 0.4002 - val_loss: 0.4041
Epoch 3/50
 - 3s - loss: 0.3779 - val_loss: 0.3889
Epoch 4/50
 - 3s - loss: 0.3717 - val_loss: 0.3758
Epoch 5/50
 - 3s - loss: 0.3688 - val_loss: 0.3767
Epoch 6/50
 - 3s - loss: 0.3672 - val_loss: 0.3708
Epoch 7/50
 - 3s - loss: 0.3652 - val_loss: 0.3699
Epoch 8/50
 - 3s - loss: 0.3638 - val_loss: 0.3689
Epoch 9/50
 - 3s - loss: 0.3628 - val_loss: 0.3728
Epoch 10/50
 - 3s - loss: 0.3621 - val_loss: 0.3696
Epoch 11/50
 - 2s - loss: 0.3613 - val_loss: 0.3662
Epoch 12/50
 - 3s - loss: 0.3607 - val_loss: 0.3654
Epoch 13/50
 - 3s - loss: 0.3605 - val_loss: 0.3737
Epoch 14/50
 - 3s - loss: 0.3604 - val_loss: 0.3697
Epoch 15/50
 - 3s - loss: 0.3591 - val_loss: 0.3699
Epoch 16/50
 - 3s - loss: 0.3584 - val_loss: 0.3693
Epoch 17/50
 - 3s - loss: 0.3579 - val_loss: 0.3645
Epoch 18/50
 - 3s - loss: 0.3576 - val_loss: 0.3642
Epoch 19/50
 - 3s - loss: 0.3570 - val_loss: 0.3675
Epoch 20/50
 - 3s - loss: 0.3570 - val_loss: 0.3675
Epoch 21/50
 - 3s - loss: 0.3568 - val_loss: 0.3645
Epoch 22/50
 - 3s - loss: 0.3563 - val_loss: 0.3650
Epoch 23/50
 - 3s - loss: 0.3562 - val_loss: 0.3645
Epoch 24/50
 - 3s - loss: 0.3550 - val_loss: 0.3640
Epoch 25/50
 - 3s - loss: 0.3547 - val_loss: 0.3598
Epoch 26/50
 - 3s - loss: 0.3546 - val_loss: 0.3663
Epoch 27/50
 - 3s - loss: 0.3537 - val_loss: 0.3621
Epoch 28/50
 - 3s - loss: 0.3537 - val_loss: 0.3652
Epoch 29/50
 - 3s - loss: 0.3534 - val_loss: 0.3617
Epoch 30/50
 - 2s - loss: 0.3528 - val_loss: 0.3655
Epoch 31/50
 - 3s - loss: 0.3527 - val_loss: 0.3656
Epoch 32/50
 - 4s - loss: 0.3526 - val_loss: 0.3579
Epoch 33/50
 - 3s - loss: 0.3526 - val_loss: 0.3632
Epoch 34/50
 - 3s - loss: 0.3518 - val_loss: 0.3645
Epoch 35/50
 - 3s - loss: 0.3516 - val_loss: 0.3649
Epoch 36/50
 - 3s - loss: 0.3518 - val_loss: 0.3586
Epoch 37/50
 - 3s - loss: 0.3515 - val_loss: 0.3593
Epoch 38/50
 - 3s - loss: 0.3510 - val_loss: 0.3567
Epoch 39/50
 - 3s - loss: 0.3509 - val_loss: 0.3621
Epoch 40/50
 - 3s - loss: 0.3508 - val_loss: 0.3580
Epoch 41/50
 - 3s - loss: 0.3509 - val_loss: 0.3604
Epoch 42/50
 - 3s - loss: 0.3509 - val_loss: 0.3617
Epoch 43/50
 - 3s - loss: 0.3506 - val_loss: 0.3588
Epoch 44/50
 - 3s - loss: 0.3503 - val_loss: 0.3639
Epoch 45/50
 - 3s - loss: 0.3500 - val_loss: 0.3638
Epoch 46/50
 - 2s - loss: 0.3499 - val_loss: 0.3656
Epoch 47/50
 - 3s - loss: 0.3500 - val_loss: 0.3591
Epoch 48/50
 - 3s - loss: 0.3498 - val_loss: 0.3591
Epoch 49/50
 - 3s - loss: 0.3498 - val_loss: 0.3591
Epoch 50/50
 - 3s - loss: 0.3495 - val_loss: 0.3519
[38;2;74;176;245m[1mProfile[0m ⏱  ···· Time elapsed in [1mFold 2/3[0m: ............................... [1m151.9s[0m
[38;2;74;176;245m[1mProfile[0m ⏱  ···· Starting [1mFold 3/3[0m
Train on 1333334 samples, validate on 666666 samples
Epoch 1/50
 - 3s - loss: 0.5072 - val_loss: 0.4065
Epoch 2/50
 - 2s - loss: 0.3783 - val_loss: 0.3792
Epoch 3/50
 - 2s - loss: 0.3685 - val_loss: 0.7066
Epoch 4/50
 - 3s - loss: 0.3655 - val_loss: 0.3690
Epoch 5/50
 - 2s - loss: 0.3634 - val_loss: 0.3685
Epoch 6/50
 - 2s - loss: 0.3617 - val_loss: 0.3700
Epoch 7/50
 - 2s - loss: 0.3610 - val_loss: 0.3679
Epoch 8/50
 - 2s - loss: 0.3594 - val_loss: 0.3688
Epoch 9/50
 - 2s - loss: 0.3577 - val_loss: 0.3686
Epoch 10/50
 - 2s - loss: 0.3574 - val_loss: 0.8599
Epoch 11/50
 - 2s - loss: 0.3569 - val_loss: 0.3716
Epoch 12/50
 - 2s - loss: 0.3556 - val_loss: 0.3657
Epoch 13/50
 - 2s - loss: 0.3546 - val_loss: 0.3695
Epoch 14/50
 - 3s - loss: 0.3541 - val_loss: 0.3648
Epoch 15/50
 - 2s - loss: 0.3534 - val_loss: 0.3627
Epoch 16/50
 - 3s - loss: 0.3529 - val_loss: 0.3629
Epoch 17/50
 - 2s - loss: 0.3521 - val_loss: 0.3698
Epoch 18/50
 - 2s - loss: 0.3518 - val_loss: 0.3611
Epoch 19/50
 - 2s - loss: 0.3512 - val_loss: 0.3682
Epoch 20/50
 - 3s - loss: 0.3512 - val_loss: 0.3657
Epoch 21/50
 - 2s - loss: 0.3504 - val_loss: 0.3608
Epoch 22/50
 - 2s - loss: 0.3503 - val_loss: 0.3601
Epoch 23/50
 - 3s - loss: 0.3499 - val_loss: 0.3638
Epoch 24/50
 - 3s - loss: 0.3495 - val_loss: 0.3594
Epoch 25/50
 - 2s - loss: 0.3499 - val_loss: 0.3595
Epoch 26/50
 - 3s - loss: 0.3489 - val_loss: 0.3670
Epoch 27/50
 - 2s - loss: 0.3486 - val_loss: 0.3552
Epoch 28/50
 - 2s - loss: 0.3483 - val_loss: 0.3589
Epoch 29/50
 - 2s - loss: 0.3480 - val_loss: 0.3559
Epoch 30/50
 - 3s - loss: 0.3481 - val_loss: 0.3553
Epoch 31/50
 - 2s - loss: 0.3477 - val_loss: 0.3554
Epoch 32/50
 - 2s - loss: 0.3478 - val_loss: 0.3612
Epoch 33/50
 - 2s - loss: 0.3476 - val_loss: 0.3582
Epoch 34/50
 - 3s - loss: 0.3473 - val_loss: 0.3591
Epoch 35/50
 - 2s - loss: 0.3471 - val_loss: 0.3559
Epoch 36/50
 - 3s - loss: 0.3470 - val_loss: 0.3530
Epoch 37/50
 - 2s - loss: 0.3470 - val_loss: 0.3574
Epoch 38/50
 - 3s - loss: 0.3469 - val_loss: 0.3555
Epoch 39/50
 - 2s - loss: 0.3470 - val_loss: 0.3525
Epoch 40/50
 - 3s - loss: 0.3467 - val_loss: 0.3546
Epoch 41/50
 - 3s - loss: 0.3464 - val_loss: 0.3560
Epoch 42/50
 - 2s - loss: 0.3462 - val_loss: 0.3573
Epoch 43/50
 - 2s - loss: 0.3460 - val_loss: 0.3554
Epoch 44/50
 - 3s - loss: 0.3458 - val_loss: 0.3528
Epoch 45/50
 - 3s - loss: 0.3458 - val_loss: 0.3600
Epoch 46/50
 - 2s - loss: 0.3456 - val_loss: 0.3528
Epoch 47/50
 - 2s - loss: 0.3456 - val_loss: 0.3568
Epoch 48/50
 - 3s - loss: 0.3458 - val_loss: 0.3557
Epoch 49/50
 - 3s - loss: 0.3456 - val_loss: 0.3521
Epoch 50/50
 - 2s - loss: 0.3449 - val_loss: 0.3565
Got result 0.369477464979
Completed successfully in 520.55 seconds. [{u'main': 0.36947746497928413}]
[38;2;74;176;245m[1mProfile[0m ⏱  ···· Time elapsed in [1mFold 3/3[0m: ............................... [1m137.4s[0m
[38;2;74;176;245m[1mProfile[0m ⏱  ·· Time elapsed in [1mClassifier-only fit, cross-validation[0m: .... [1m438.9s[0m
[38;2;74;176;245m[1mProfile[0m ⏱  Time elapsed in [1m@main[0m: ....................................... [1m496.5s[0m
cd: Going back to /exports/eddie3_homes_local/s1562020/work/adversarial/optimisation/experiments/classifier
