Job launching after 5.06 seconds in submission.
Running python job.
Changed into dir /exports/eddie3_homes_local/s1562020/work/adversarial/optimisation/experiments/classifier
Importing optimise.py
Running optimise.main()
INFO: Applying patch '/exports/eddie3_homes_local/s1562020/work/adversarial/optimisation/experiments/classifier/patches/patch.00000090.json'
INFO: Found 20 Intel(R) Xeon(R) CPU E5-2630 v4 @ 2.20GHz devices with 10 cores each.
Using TensorFlow backend.
INFO: Scaling classifier/lr -1 -> 0.1
INFO: Scaling classifier/decay -2 -> 0.01
INFO: Scaling classifier/units 9 -> 512
INFO: Writing TensorBoard logs to 'logs/tensorboard/classifier-patch.00000090/'
INFO: Running '/exports/eddie3_homes_local/s1562020/work/adversarial/run/adversarial/common.pyc'
INFO: Command-line arguments:
INFO: Configuration file contents:
INFO: Python version: 2.7.14
INFO: Numpy  version: 1.12.1
INFO: Keras  version: 2.1.5
INFO: Using keras backend: 'tensorflow'
INFO: Found  1000000 training and  1000249 test samples for signal
INFO: Found  1000000 training and 10000000 test samples for background
INFO: load_data: Selecting only training data.
INFO: Implementing gradient reversal layer in TensorFlow
INFO: Training cross-validation classifiers
Call to main function (#90)
  Parameters: {u'classifier/model/default/units': array([9]), u'classifier/compile/decay': array([-2]), u'classifier/model/default/dropout': array([ 0.49714345]), u'classifier/compile/lr': array([-1]), u'classifier/model/architecture': array([1]), u'classifier/model/default/activation': [u'tanh']}
param: classifier/model/default/units
param: classifier/compile/decay
param: classifier/model/default/dropout
param: classifier/compile/lr
param: classifier/model/architecture
param: classifier/model/default/activation
- - - - - - - - - - - - - - - - - - - - - - - - - - - - - - - - - - - - - - - - 
Saving the following patch to '/exports/eddie3_homes_local/s1562020/work/adversarial/optimisation/experiments/classifier/patches/patch.00000090.json':
{u'classifier': {u'compile': {u'lr': -1, u'decay': -2}, u'model': {u'default': {u'units': 9, u'dropout': 0.49714345137561844, u'activation': u'tanh'}, u'architecture': 1}, 'fit': {'epochs': 50, 'batch_size': 8192}}}
- - - - - - - - - - - - - - - - - - - - - - - - - - - - - - - - - - - - - - - - 
cd: Going to /exports/eddie3_homes_local/s1562020/work/adversarial/
[38;2;74;176;245m[1mProfile[0m ⏱  Starting [1m@main[0m
[38;2;74;176;245m[1mProfile[0m ⏱  ·· Starting [1mInitialisation[0m
[38;2;74;176;245m[1mProfile[0m ⏱  ···· Starting [1m@initialise[0m
[38;2;74;176;245m[1mProfile[0m ⏱  ···· Time elapsed in [1m@initialise[0m: .............................. [1m0.0s[0m
[38;2;74;176;245m[1mProfile[0m ⏱  ···· Starting [1m@initialise_backend[0m
[38;2;74;176;245m[1mProfile[0m ⏱  ······ Starting [1m@configure_tensorflow[0m
[38;2;74;176;245m[1mProfile[0m ⏱  ······ Time elapsed in [1m@configure_tensorflow[0m: ................. [1m13.5s[0m
[38;2;74;176;245m[1mProfile[0m ⏱  ···· Time elapsed in [1m@initialise_backend[0m: ..................... [1m14.4s[0m
{'config': './configs/default.json',
 'devices': 7,
 'folds': 3,
 'gpu': True,
 'input': './input/',
 'jobname': 'classifier-patch.00000090',
 'mode': 'gpu',
 'optimise_adversarial': False,
 'optimise_classifier': True,
 'output': './output/',
 'patches': ['/exports/eddie3_homes_local/s1562020/work/adversarial/optimisation/experiments/classifier/patches/patch.00000090.json'],
 'tensorboard': True,
 'theano': False,
 'train': False,
 'train_adversarial': False,
 'train_classifier': True,
 'verbose': False}
{u'adversary': {u'compile': {},
                u'fit': {},
                u'model': {u'architecture': [{}, {}, {}, {}],
                           u'default': {u'activation': u'relu',
                                        u'units': 64},
                           u'gmm_components': 10}},
 u'classifier': {u'compile': {u'loss': u'binary_crossentropy',
                              u'optimizer': <keras.optimizers.Adam object at 0x2ac01ec0f310>},
                 u'fit': {u'batch_size': 57344,
                          u'epochs': 50,
                          u'shuffle': True,
                          'verbose': 2},
                 u'model': {u'architecture': [{}],
                            u'default': {u'activation': u'tanh',
                                         u'batchnorm': True,
                                         u'dropout': 0.49714345137561844,
                                         u'units': 512}}},
 u'combined': {u'compile': {u'loss': [u'binary_crossentropy', None],
                            u'loss_weights': [1.8181818181818182e-09, 1.0],
                            u'optimizer': <keras.optimizers.Adam object at 0x2ac01ec0f350>},
               u'fit': {u'batch_size': 57344,
                        u'epochs': 200,
                        u'shuffle': True,
                        'verbose': 2},
               u'model': {u'lambda_reg': 10.0,
                          u'lr_ratio': 1.8181818181818182e-09},
               u'pretrain': 10}}
  TensorFlow version: 1.4.1
[38;2;74;176;245m[1mProfile[0m ⏱  ·· Time elapsed in [1mInitialisation[0m: ............................ [1m14.6s[0m
[38;2;74;176;245m[1mProfile[0m ⏱  ·· Starting [1m@load_data[0m
[38;2;74;176;245m[1mProfile[0m ⏱  ·· Time elapsed in [1m@load_data[0m: ................................ [1m33.9s[0m
[38;2;74;176;245m[1mProfile[0m ⏱  ·· Starting [1m@get_decorrelation_variables[0m
[38;2;74;176;245m[1mProfile[0m ⏱  ·· Time elapsed in [1m@get_decorrelation_variables[0m: ............... [1m0.0s[0m
[38;2;74;176;245m[1mProfile[0m ⏱  ·· Starting [1mClassifier-only fit, cross-validation[0m
[38;2;74;176;245m[1mProfile[0m ⏱  ···· Starting [1mFold 1/3[0m
Train on 1333332 samples, validate on 666668 samples
Epoch 1/50
 - 2s - loss: 1.6041 - val_loss: 0.5013
Epoch 2/50
 - 2s - loss: 0.5285 - val_loss: 0.4820
Epoch 3/50
 - 2s - loss: 0.4824 - val_loss: 0.4694
Epoch 4/50
 - 2s - loss: 0.4728 - val_loss: 0.4723
Epoch 5/50
 - 2s - loss: 0.4702 - val_loss: 0.4591
Epoch 6/50
 - 2s - loss: 0.4628 - val_loss: 0.4560
Epoch 7/50
 - 2s - loss: 0.4578 - val_loss: 0.4503
Epoch 8/50
 - 2s - loss: 0.4525 - val_loss: 0.4417
Epoch 9/50
 - 2s - loss: 0.4475 - val_loss: 0.4326
Epoch 10/50
 - 2s - loss: 0.4406 - val_loss: 0.4243
Epoch 11/50
 - 2s - loss: 0.4348 - val_loss: 0.4171
Epoch 12/50
 - 2s - loss: 0.4294 - val_loss: 0.4172
Epoch 13/50
 - 2s - loss: 0.4256 - val_loss: 0.4141
Epoch 14/50
 - 2s - loss: 0.4222 - val_loss: 0.4057
Epoch 15/50
 - 2s - loss: 0.4200 - val_loss: 0.4042
Epoch 16/50
 - 2s - loss: 0.4180 - val_loss: 0.4035
Epoch 17/50
 - 2s - loss: 0.4142 - val_loss: 0.3977
Epoch 18/50
 - 2s - loss: 0.4118 - val_loss: 0.3944
Epoch 19/50
 - 2s - loss: 0.4116 - val_loss: 0.3947
Epoch 20/50
 - 2s - loss: 0.4105 - val_loss: 0.3950
Epoch 21/50
 - 2s - loss: 0.4112 - val_loss: 0.3941
Epoch 22/50
 - 2s - loss: 0.4074 - val_loss: 0.3919
Epoch 23/50
 - 2s - loss: 0.4065 - val_loss: 0.3914
Epoch 24/50
 - 2s - loss: 0.4061 - val_loss: 0.3901
Epoch 25/50
 - 2s - loss: 0.4046 - val_loss: 0.3906
Epoch 26/50
 - 2s - loss: 0.4041 - val_loss: 0.3937
Epoch 27/50
 - 2s - loss: 0.4034 - val_loss: 0.3881
Epoch 28/50
 - 2s - loss: 0.4022 - val_loss: 0.3909
Epoch 29/50
 - 2s - loss: 0.4018 - val_loss: 0.3907
Epoch 30/50
 - 2s - loss: 0.4014 - val_loss: 0.3851
Epoch 31/50
 - 2s - loss: 0.4009 - val_loss: 0.3903
Epoch 32/50
 - 2s - loss: 0.4009 - val_loss: 0.3898
Epoch 33/50
 - 2s - loss: 0.3998 - val_loss: 0.3872
Epoch 34/50
 - 2s - loss: 0.3994 - val_loss: 0.3858
Epoch 35/50
 - 2s - loss: 0.3986 - val_loss: 0.3859
Epoch 36/50
 - 2s - loss: 0.3989 - val_loss: 0.3857
Epoch 37/50
 - 2s - loss: 0.3984 - val_loss: 0.3856
Epoch 38/50
 - 2s - loss: 0.3978 - val_loss: 0.3866
Epoch 39/50
 - 3s - loss: 0.3977 - val_loss: 0.3838
Epoch 40/50
 - 2s - loss: 0.3967 - val_loss: 0.3871
Epoch 41/50
 - 2s - loss: 0.3973 - val_loss: 0.3847
Epoch 42/50
 - 2s - loss: 0.3969 - val_loss: 0.3833
Epoch 43/50
 - 2s - loss: 0.3965 - val_loss: 0.3840
Epoch 44/50
 - 2s - loss: 0.3955 - val_loss: 0.3852
Epoch 45/50
 - 2s - loss: 0.3959 - val_loss: 0.3815
Epoch 46/50
 - 2s - loss: 0.3950 - val_loss: 0.3849
Epoch 47/50
 - 2s - loss: 0.3948 - val_loss: 0.3879
Epoch 48/50
 - 2s - loss: 0.3948 - val_loss: 0.3825
Epoch 49/50
 - 2s - loss: 0.3945 - val_loss: 0.3820
Epoch 50/50
 - 2s - loss: 0.3940 - val_loss: 0.3814
[38;2;74;176;245m[1mProfile[0m ⏱  ···· Time elapsed in [1mFold 1/3[0m: ............................... [1m117.4s[0m
[38;2;74;176;245m[1mProfile[0m ⏱  ···· Starting [1mFold 2/3[0m
Train on 1333334 samples, validate on 666666 samples
Epoch 1/50
 - 2s - loss: 0.5331 - val_loss: 0.4781
Epoch 2/50
 - 2s - loss: 0.4729 - val_loss: 0.4751
Epoch 3/50
 - 1s - loss: 0.4702 - val_loss: 0.4677
Epoch 4/50
 - 1s - loss: 0.4666 - val_loss: 0.4649
Epoch 5/50
 - 1s - loss: 0.4643 - val_loss: 0.4621
Epoch 6/50
 - 2s - loss: 0.4586 - val_loss: 0.4488
Epoch 7/50
 - 2s - loss: 0.4474 - val_loss: 0.4327
Epoch 8/50
 - 2s - loss: 0.4373 - val_loss: 0.4155
Epoch 9/50
 - 2s - loss: 0.4286 - val_loss: 0.4100
Epoch 10/50
 - 2s - loss: 0.4214 - val_loss: 0.4000
Epoch 11/50
 - 2s - loss: 0.4160 - val_loss: 0.3991
Epoch 12/50
 - 2s - loss: 0.4131 - val_loss: 0.3948
Epoch 13/50
 - 2s - loss: 0.4097 - val_loss: 0.3936
Epoch 14/50
 - 2s - loss: 0.4088 - val_loss: 0.3901
Epoch 15/50
 - 2s - loss: 0.4059 - val_loss: 0.3907
Epoch 16/50
 - 2s - loss: 0.4044 - val_loss: 0.3935
Epoch 17/50
 - 2s - loss: 0.4031 - val_loss: 0.3877
Epoch 18/50
 - 2s - loss: 0.4017 - val_loss: 0.3901
Epoch 19/50
 - 2s - loss: 0.4008 - val_loss: 0.3833
Epoch 20/50
 - 2s - loss: 0.3998 - val_loss: 0.3848
Epoch 21/50
 - 2s - loss: 0.3993 - val_loss: 0.3828
Epoch 22/50
 - 2s - loss: 0.3987 - val_loss: 0.3835
Epoch 23/50
 - 2s - loss: 0.3968 - val_loss: 0.3827
Epoch 24/50
 - 2s - loss: 0.3981 - val_loss: 0.3890
Epoch 25/50
 - 2s - loss: 0.3965 - val_loss: 0.3824
Epoch 26/50
 - 2s - loss: 0.3953 - val_loss: 0.3845
Epoch 27/50
 - 2s - loss: 0.3950 - val_loss: 0.3817
Epoch 28/50
 - 2s - loss: 0.3941 - val_loss: 0.3820
Epoch 29/50
 - 2s - loss: 0.3939 - val_loss: 0.3803
Epoch 30/50
 - 2s - loss: 0.3928 - val_loss: 0.3819
Epoch 31/50
 - 2s - loss: 0.3925 - val_loss: 0.3806
Epoch 32/50
 - 2s - loss: 0.3924 - val_loss: 0.3840
Epoch 33/50
 - 2s - loss: 0.3924 - val_loss: 0.3785
Epoch 34/50
 - 2s - loss: 0.3919 - val_loss: 0.3795
Epoch 35/50
 - 2s - loss: 0.3922 - val_loss: 0.3801
Epoch 36/50
 - 2s - loss: 0.3908 - val_loss: 0.3783
Epoch 37/50
 - 2s - loss: 0.3906 - val_loss: 0.3807
Epoch 38/50
 - 2s - loss: 0.3908 - val_loss: 0.3775
Epoch 39/50
 - 2s - loss: 0.3897 - val_loss: 0.3808
Epoch 40/50
 - 2s - loss: 0.3903 - val_loss: 0.3768
Epoch 41/50
 - 2s - loss: 0.3887 - val_loss: 0.3814
Epoch 42/50
 - 2s - loss: 0.3901 - val_loss: 0.3771
Epoch 43/50
 - 2s - loss: 0.3881 - val_loss: 0.3761
Epoch 44/50
 - 2s - loss: 0.3882 - val_loss: 0.3797
Epoch 45/50
 - 2s - loss: 0.3891 - val_loss: 0.3769
Epoch 46/50
 - 2s - loss: 0.3889 - val_loss: 0.3747
Epoch 47/50
 - 2s - loss: 0.3883 - val_loss: 0.3796
Epoch 48/50
 - 2s - loss: 0.3874 - val_loss: 0.3765
Epoch 49/50
 - 2s - loss: 0.3871 - val_loss: 0.3754
Epoch 50/50
 - 2s - loss: 0.3869 - val_loss: 0.3758
[38;2;74;176;245m[1mProfile[0m ⏱  ···· Time elapsed in [1mFold 2/3[0m: ................................ [1m94.9s[0m
[38;2;74;176;245m[1mProfile[0m ⏱  ···· Starting [1mFold 3/3[0m
Train on 1333334 samples, validate on 666666 samples
Epoch 1/50
 - 2s - loss: 0.5061 - val_loss: 0.4918
Epoch 2/50
 - 2s - loss: 0.4750 - val_loss: 0.4835
Epoch 3/50
 - 2s - loss: 0.4718 - val_loss: 0.4703
Epoch 4/50
 - 2s - loss: 0.4700 - val_loss: 0.4701
Epoch 5/50
 - 2s - loss: 0.4681 - val_loss: 0.4627
Epoch 6/50
 - 3s - loss: 0.4624 - val_loss: 0.4553
Epoch 7/50
 - 2s - loss: 0.4549 - val_loss: 0.4416
Epoch 8/50
 - 2s - loss: 0.4472 - val_loss: 0.4304
Epoch 9/50
 - 2s - loss: 0.4397 - val_loss: 0.4201
Epoch 10/50
 - 2s - loss: 0.4330 - val_loss: 0.4148
Epoch 11/50
 - 2s - loss: 0.4280 - val_loss: 0.4078
Epoch 12/50
 - 3s - loss: 0.4231 - val_loss: 0.4023
Epoch 13/50
 - 2s - loss: 0.4196 - val_loss: 0.4026
Epoch 14/50
 - 2s - loss: 0.4162 - val_loss: 0.4010
Epoch 15/50
 - 2s - loss: 0.4144 - val_loss: 0.3946
Epoch 16/50
 - 2s - loss: 0.4113 - val_loss: 0.3946
Epoch 17/50
 - 2s - loss: 0.4091 - val_loss: 0.3957
Epoch 18/50
 - 2s - loss: 0.4077 - val_loss: 0.3911
Epoch 19/50
 - 2s - loss: 0.4069 - val_loss: 0.3905
Epoch 20/50
 - 2s - loss: 0.4050 - val_loss: 0.3871
Epoch 21/50
 - 2s - loss: 0.4046 - val_loss: 0.3906
Epoch 22/50
 - 2s - loss: 0.4028 - val_loss: 0.3877
Epoch 23/50
 - 2s - loss: 0.4020 - val_loss: 0.3878
Epoch 24/50
 - 2s - loss: 0.4008 - val_loss: 0.3865
Epoch 25/50
 - 2s - loss: 0.4003 - val_loss: 0.3871
Epoch 26/50
 - 2s - loss: 0.3996 - val_loss: 0.3861
Epoch 27/50
 - 2s - loss: 0.3987 - val_loss: 0.3839
Epoch 28/50
 - 2s - loss: 0.3988 - val_loss: 0.3858
Epoch 29/50
 - 2s - loss: 0.3971 - val_loss: 0.3809
Epoch 30/50
 - 2s - loss: 0.3967 - val_loss: 0.3837
Epoch 31/50
 - 2s - loss: 0.3954 - val_loss: 0.3852
Epoch 32/50
 - 2s - loss: 0.3943 - val_loss: 0.3813
Epoch 33/50
 - 2s - loss: 0.3947 - val_loss: 0.3818
Epoch 34/50
 - 2s - loss: 0.3946 - val_loss: 0.3878
Epoch 35/50
 - 2s - loss: 0.3940 - val_loss: 0.3832
Epoch 36/50
 - 2s - loss: 0.3934 - val_loss: 0.3832
Epoch 37/50
 - 2s - loss: 0.3931 - val_loss: 0.3821
Epoch 38/50
 - 3s - loss: 0.3933 - val_loss: 0.3801
Epoch 39/50
 - 2s - loss: 0.3920 - val_loss: 0.3790
Epoch 40/50
 - 2s - loss: 0.3928 - val_loss: 0.3799
Epoch 41/50
 - 2s - loss: 0.3918 - val_loss: 0.3818
Epoch 42/50
 - 2s - loss: 0.3905 - val_loss: 0.3827
Epoch 43/50
 - 3s - loss: 0.3908 - val_loss: 0.3798
Epoch 44/50
 - 2s - loss: 0.3907 - val_loss: 0.3808
Epoch 45/50
 - 2s - loss: 0.3906 - val_loss: 0.3795
Epoch 46/50
 - 2s - loss: 0.3897 - val_loss: 0.3797
Epoch 47/50
 - 3s - loss: 0.3896 - val_loss: 0.3778
Epoch 48/50
 - 2s - loss: 0.3896 - val_loss: 0.3793
Epoch 49/50
 - 2s - loss: 0.3894 - val_loss: 0.3787
Epoch 50/50
 - 2s - loss: 0.3887 - val_loss: 0.3787
Got result 0.380916403376
Completed successfully in 400.24 seconds. [{u'main': 0.38091640337616}]
[38;2;74;176;245m[1mProfile[0m ⏱  ···· Time elapsed in [1mFold 3/3[0m: ............................... [1m118.1s[0m
[38;2;74;176;245m[1mProfile[0m ⏱  ·· Time elapsed in [1mClassifier-only fit, cross-validation[0m: .... [1m331.0s[0m
[38;2;74;176;245m[1mProfile[0m ⏱  Time elapsed in [1m@main[0m: ....................................... [1m379.8s[0m
cd: Going back to /exports/eddie3_homes_local/s1562020/work/adversarial/optimisation/experiments/classifier
