Job launching after 6.03 seconds in submission.
Running python job.
Changed into dir /exports/eddie3_homes_local/s1562020/work/adversarial/optimisation/experiments/classifier
Importing optimise.py
Running optimise.main()
INFO: Applying patch '/exports/eddie3_homes_local/s1562020/work/adversarial/optimisation/experiments/classifier/patches/patch.00000051.json'
INFO: Found 20 Intel(R) Xeon(R) CPU E5-2630 v4 @ 2.20GHz devices with 10 cores each.
Using TensorFlow backend.
INFO: Scaling classifier/lr -5 -> 1e-05
INFO: Scaling classifier/decay -6 -> 1e-06
INFO: Scaling classifier/units 9 -> 512
INFO: Writing TensorBoard logs to 'logs/tensorboard/classifier-patch.00000051/'
INFO: Running '/exports/eddie3_homes_local/s1562020/work/adversarial/run/adversarial/common.pyc'
INFO: Command-line arguments:
INFO: Configuration file contents:
INFO: Python version: 2.7.14
INFO: Numpy  version: 1.12.1
INFO: Keras  version: 2.1.5
INFO: Using keras backend: 'tensorflow'
INFO: Found  1000000 training and  1000249 test samples for signal
INFO: Found  1000000 training and 10000000 test samples for background
INFO: load_data: Selecting only training data.
INFO: Implementing gradient reversal layer in TensorFlow
INFO: Training cross-validation classifiers
Call to main function (#51)
  Parameters: {u'classifier/model/default/units': array([9]), u'classifier/compile/decay': array([-6]), u'classifier/model/default/dropout': array([ 0.]), u'classifier/compile/lr': array([-5]), u'classifier/model/architecture': array([6]), u'classifier/model/default/activation': [u'tanh']}
param: classifier/model/default/units
param: classifier/compile/decay
param: classifier/model/default/dropout
param: classifier/compile/lr
param: classifier/model/architecture
param: classifier/model/default/activation
- - - - - - - - - - - - - - - - - - - - - - - - - - - - - - - - - - - - - - - - 
Saving the following patch to '/exports/eddie3_homes_local/s1562020/work/adversarial/optimisation/experiments/classifier/patches/patch.00000051.json':
{u'classifier': {u'compile': {u'lr': -5, u'decay': -6}, u'model': {u'default': {u'units': 9, u'dropout': 0.0, u'activation': u'tanh'}, u'architecture': 6}, 'fit': {'epochs': 50, 'batch_size': 8192}}}
- - - - - - - - - - - - - - - - - - - - - - - - - - - - - - - - - - - - - - - - 
cd: Going to /exports/eddie3_homes_local/s1562020/work/adversarial/
[38;2;74;176;245m[1mProfile[0m ⏱  Starting [1m@main[0m
[38;2;74;176;245m[1mProfile[0m ⏱  ·· Starting [1mInitialisation[0m
[38;2;74;176;245m[1mProfile[0m ⏱  ···· Starting [1m@initialise[0m
[38;2;74;176;245m[1mProfile[0m ⏱  ···· Time elapsed in [1m@initialise[0m: .............................. [1m0.0s[0m
[38;2;74;176;245m[1mProfile[0m ⏱  ···· Starting [1m@initialise_backend[0m
[38;2;74;176;245m[1mProfile[0m ⏱  ······ Starting [1m@configure_tensorflow[0m
[38;2;74;176;245m[1mProfile[0m ⏱  ······ Time elapsed in [1m@configure_tensorflow[0m: ................. [1m17.8s[0m
[38;2;74;176;245m[1mProfile[0m ⏱  ···· Time elapsed in [1m@initialise_backend[0m: ..................... [1m18.9s[0m
{'config': './configs/default.json',
 'devices': 7,
 'folds': 3,
 'gpu': True,
 'input': './input/',
 'jobname': 'classifier-patch.00000051',
 'mode': 'gpu',
 'optimise_adversarial': False,
 'optimise_classifier': True,
 'output': './output/',
 'patches': ['/exports/eddie3_homes_local/s1562020/work/adversarial/optimisation/experiments/classifier/patches/patch.00000051.json'],
 'tensorboard': True,
 'theano': False,
 'train': False,
 'train_adversarial': False,
 'train_classifier': True,
 'verbose': False}
{u'adversary': {u'compile': {},
                u'fit': {},
                u'model': {u'architecture': [{}, {}, {}, {}],
                           u'default': {u'activation': u'relu',
                                        u'units': 64},
                           u'gmm_components': 5}},
 u'classifier': {u'compile': {u'loss': u'binary_crossentropy',
                              u'optimizer': <keras.optimizers.Adam object at 0x2aee2a258310>},
                 u'fit': {u'batch_size': 57344,
                          u'epochs': 50,
                          u'shuffle': True,
                          'verbose': 2},
                 u'model': {u'architecture': [{}, {}, {}, {}, {}, {}],
                            u'default': {u'activation': u'tanh',
                                         u'batchnorm': True,
                                         u'dropout': 0.0,
                                         u'units': 512}}},
 u'combined': {u'compile': {u'loss': [u'binary_crossentropy', None],
                            u'loss_weights': [1.8181818181818182e-09, 1.0],
                            u'optimizer': <keras.optimizers.Adam object at 0x2aee2a258350>},
               u'fit': {u'batch_size': 57344,
                        u'epochs': 100,
                        u'shuffle': True,
                        'verbose': 2},
               u'model': {u'lambda_reg': 10.0,
                          u'lr_ratio': 1.8181818181818182e-09},
               u'pretrain': 10}}
  TensorFlow version: 1.4.1
[38;2;74;176;245m[1mProfile[0m ⏱  ·· Time elapsed in [1mInitialisation[0m: ............................ [1m19.1s[0m
[38;2;74;176;245m[1mProfile[0m ⏱  ·· Starting [1m@load_data[0m
[38;2;74;176;245m[1mProfile[0m ⏱  ·· Time elapsed in [1m@load_data[0m: ................................ [1m37.9s[0m
[38;2;74;176;245m[1mProfile[0m ⏱  ·· Starting [1m@get_decorrelation_variables[0m
[38;2;74;176;245m[1mProfile[0m ⏱  ·· Time elapsed in [1m@get_decorrelation_variables[0m: ............... [1m0.0s[0m
[38;2;74;176;245m[1mProfile[0m ⏱  ·· Starting [1mClassifier-only fit, cross-validation[0m
[38;2;74;176;245m[1mProfile[0m ⏱  ···· Starting [1mFold 1/3[0m
Train on 1333332 samples, validate on 666668 samples
Epoch 1/50
 - 10s - loss: 0.5025 - val_loss: 0.4652
Epoch 2/50
 - 8s - loss: 0.4538 - val_loss: 0.4495
Epoch 3/50
 - 8s - loss: 0.4402 - val_loss: 0.4544
Epoch 4/50
 - 8s - loss: 0.4319 - val_loss: 0.4402
Epoch 5/50
 - 8s - loss: 0.4252 - val_loss: 0.4319
Epoch 6/50
 - 8s - loss: 0.4199 - val_loss: 0.4278
Epoch 7/50
 - 7s - loss: 0.4149 - val_loss: 0.4192
Epoch 8/50
 - 7s - loss: 0.4103 - val_loss: 0.4222
Epoch 9/50
 - 5s - loss: 0.4062 - val_loss: 0.4102
Epoch 10/50
 - 5s - loss: 0.4023 - val_loss: 0.4037
Epoch 11/50
 - 7s - loss: 0.3986 - val_loss: 0.4067
Epoch 12/50
 - 7s - loss: 0.3947 - val_loss: 0.4091
Epoch 13/50
 - 7s - loss: 0.3914 - val_loss: 0.4183
Epoch 14/50
 - 7s - loss: 0.3881 - val_loss: 0.4084
Epoch 15/50
 - 7s - loss: 0.3851 - val_loss: 0.4048
Epoch 16/50
 - 8s - loss: 0.3822 - val_loss: 0.3861
Epoch 17/50
 - 9s - loss: 0.3797 - val_loss: 0.3974
Epoch 18/50
 - 9s - loss: 0.3773 - val_loss: 0.3909
Epoch 19/50
 - 9s - loss: 0.3754 - val_loss: 0.3886
Epoch 20/50
 - 9s - loss: 0.3732 - val_loss: 0.3888
Epoch 21/50
 - 8s - loss: 0.3717 - val_loss: 0.3742
Epoch 22/50
 - 8s - loss: 0.3702 - val_loss: 0.3869
Epoch 23/50
 - 9s - loss: 0.3686 - val_loss: 0.3806
Epoch 24/50
 - 8s - loss: 0.3676 - val_loss: 0.3771
Epoch 25/50
 - 9s - loss: 0.3669 - val_loss: 0.3814
Epoch 26/50
 - 9s - loss: 0.3656 - val_loss: 0.3812
Epoch 27/50
 - 10s - loss: 0.3649 - val_loss: 0.3794
Epoch 28/50
 - 8s - loss: 0.3640 - val_loss: 0.3732
Epoch 29/50
 - 9s - loss: 0.3636 - val_loss: 0.3728
Epoch 30/50
 - 9s - loss: 0.3629 - val_loss: 0.3732
Epoch 31/50
 - 9s - loss: 0.3626 - val_loss: 0.3667
Epoch 32/50
 - 9s - loss: 0.3621 - val_loss: 0.3727
Epoch 33/50
 - 8s - loss: 0.3616 - val_loss: 0.3704
Epoch 34/50
 - 8s - loss: 0.3612 - val_loss: 0.3696
Epoch 35/50
 - 7s - loss: 0.3609 - val_loss: 0.3698
Epoch 36/50
 - 7s - loss: 0.3604 - val_loss: 0.3701
Epoch 37/50
 - 7s - loss: 0.3600 - val_loss: 0.3677
Epoch 38/50
 - 7s - loss: 0.3598 - val_loss: 0.3690
Epoch 39/50
 - 7s - loss: 0.3596 - val_loss: 0.3713
Epoch 40/50
 - 8s - loss: 0.3592 - val_loss: 0.3702
Epoch 41/50
 - 9s - loss: 0.3589 - val_loss: 0.3689
Epoch 42/50
 - 9s - loss: 0.3588 - val_loss: 0.3639
Epoch 43/50
 - 8s - loss: 0.3585 - val_loss: 0.3693
Epoch 44/50
 - 9s - loss: 0.3585 - val_loss: 0.3672
Epoch 45/50
 - 9s - loss: 0.3585 - val_loss: 0.3707
Epoch 46/50
 - 9s - loss: 0.3581 - val_loss: 0.3633
Epoch 47/50
 - 9s - loss: 0.3578 - val_loss: 0.3655
Epoch 48/50
 - 9s - loss: 0.3575 - val_loss: 0.3707
Epoch 49/50
 - 8s - loss: 0.3573 - val_loss: 0.3676
Epoch 50/50
 - 8s - loss: 0.3571 - val_loss: 0.3701
[38;2;74;176;245m[1mProfile[0m ⏱  ···· Time elapsed in [1mFold 1/3[0m: ............................... [1m451.3s[0m
[38;2;74;176;245m[1mProfile[0m ⏱  ···· Starting [1mFold 2/3[0m
Train on 1333334 samples, validate on 666666 samples
Epoch 1/50
 - 11s - loss: 0.4803 - val_loss: 7.9767
Epoch 2/50
 - 8s - loss: 0.4255 - val_loss: 0.4212
Epoch 3/50
 - 7s - loss: 0.4126 - val_loss: 0.4165
Epoch 4/50
 - 7s - loss: 0.4043 - val_loss: 0.4109
Epoch 5/50
 - 6s - loss: 0.3977 - val_loss: 7.9767
Epoch 6/50
 - 7s - loss: 0.3922 - val_loss: 0.4016
Epoch 7/50
 - 7s - loss: 0.3874 - val_loss: 0.4012
Epoch 8/50
 - 7s - loss: 0.3833 - val_loss: 0.4003
Epoch 9/50
 - 8s - loss: 0.3796 - val_loss: 0.4050
Epoch 10/50
 - 8s - loss: 0.3766 - val_loss: 0.3888
Epoch 11/50
 - 7s - loss: 0.3739 - val_loss: 0.3915
Epoch 12/50
 - 7s - loss: 0.3716 - val_loss: 0.3893
Epoch 13/50
 - 7s - loss: 0.3697 - val_loss: 0.3833
Epoch 14/50
 - 7s - loss: 0.3685 - val_loss: 0.3813
Epoch 15/50
 - 7s - loss: 0.3669 - val_loss: 0.3874
Epoch 16/50
 - 7s - loss: 0.3658 - val_loss: 0.3827
Epoch 17/50
 - 7s - loss: 0.3645 - val_loss: 0.3737
Epoch 18/50
 - 7s - loss: 0.3638 - val_loss: 0.3727
Epoch 19/50
 - 7s - loss: 0.3630 - val_loss: 0.3790
Epoch 20/50
 - 7s - loss: 0.3624 - val_loss: 0.3757
Epoch 21/50
 - 7s - loss: 0.3618 - val_loss: 0.3726
Epoch 22/50
 - 7s - loss: 0.3614 - val_loss: 0.3660
Epoch 23/50
 - 7s - loss: 0.3608 - val_loss: 0.3696
Epoch 24/50
 - 7s - loss: 0.3604 - val_loss: 0.3702
Epoch 25/50
 - 8s - loss: 0.3599 - val_loss: 0.3679
Epoch 26/50
 - 7s - loss: 0.3597 - val_loss: 0.3673
Epoch 27/50
 - 7s - loss: 0.3592 - val_loss: 0.3664
Epoch 28/50
 - 8s - loss: 0.3589 - val_loss: 0.3668
Epoch 29/50
 - 8s - loss: 0.3587 - val_loss: 0.3633
Epoch 30/50
 - 8s - loss: 0.3584 - val_loss: 0.3625
Epoch 31/50
 - 9s - loss: 0.3582 - val_loss: 0.3626
Epoch 32/50
 - 8s - loss: 0.3579 - val_loss: 0.3626
Epoch 33/50
 - 8s - loss: 0.3577 - val_loss: 0.3631
Epoch 34/50
 - 9s - loss: 0.3573 - val_loss: 0.3624
Epoch 35/50
 - 9s - loss: 0.3573 - val_loss: 0.3649
Epoch 36/50
 - 9s - loss: 0.3571 - val_loss: 0.3646
Epoch 37/50
 - 9s - loss: 0.3570 - val_loss: 0.3651
Epoch 38/50
 - 9s - loss: 0.3567 - val_loss: 0.3679
Epoch 39/50
 - 7s - loss: 0.3566 - val_loss: 0.3631
Epoch 40/50
 - 8s - loss: 0.3561 - val_loss: 0.3620
Epoch 41/50
 - 8s - loss: 0.3562 - val_loss: 0.3682
Epoch 42/50
 - 7s - loss: 0.3560 - val_loss: 0.3687
Epoch 43/50
 - 8s - loss: 0.3560 - val_loss: 0.3660
Epoch 44/50
 - 7s - loss: 0.3556 - val_loss: 0.3621
Epoch 45/50
 - 7s - loss: 0.3557 - val_loss: 0.3606
Epoch 46/50
 - 8s - loss: 0.3557 - val_loss: 0.3578
Epoch 47/50
 - 8s - loss: 0.3554 - val_loss: 0.3627
Epoch 48/50
 - 7s - loss: 0.3553 - val_loss: 0.3621
Epoch 49/50
 - 7s - loss: 0.3552 - val_loss: 0.3695
Epoch 50/50
 - 8s - loss: 0.3549 - val_loss: 0.3575
[38;2;74;176;245m[1mProfile[0m ⏱  ···· Time elapsed in [1mFold 2/3[0m: ............................... [1m412.8s[0m
[38;2;74;176;245m[1mProfile[0m ⏱  ···· Starting [1mFold 3/3[0m
Train on 1333334 samples, validate on 666666 samples
Epoch 1/50
 - 8s - loss: 0.4758 - val_loss: 0.4479
Epoch 2/50
 - 6s - loss: 0.4255 - val_loss: 0.4207
Epoch 3/50
 - 6s - loss: 0.4116 - val_loss: 0.4118
Epoch 4/50
 - 7s - loss: 0.4021 - val_loss: 0.4310
Epoch 5/50
 - 6s - loss: 0.3941 - val_loss: 0.4283
Epoch 6/50
 - 6s - loss: 0.3876 - val_loss: 0.4089
Epoch 7/50
 - 8s - loss: 0.3823 - val_loss: 0.3950
Epoch 8/50
 - 8s - loss: 0.3777 - val_loss: 0.4084
Epoch 9/50
 - 8s - loss: 0.3738 - val_loss: 8.0056
Epoch 10/50
 - 7s - loss: 0.3706 - val_loss: 0.3956
Epoch 11/50
 - 7s - loss: 0.3685 - val_loss: 0.3838
Epoch 12/50
 - 8s - loss: 0.3670 - val_loss: 0.3871
Epoch 13/50
 - 7s - loss: 0.3651 - val_loss: 0.3765
Epoch 14/50
 - 8s - loss: 0.3641 - val_loss: 0.3932
Epoch 15/50
 - 8s - loss: 0.3631 - val_loss: 0.3771
Epoch 16/50
 - 8s - loss: 0.3623 - val_loss: 0.3714
Epoch 17/50
 - 8s - loss: 0.3619 - val_loss: 0.3848
Epoch 18/50
 - 8s - loss: 0.3610 - val_loss: 0.3737
Epoch 19/50
 - 8s - loss: 0.3605 - val_loss: 0.3762
Epoch 20/50
 - 8s - loss: 0.3601 - val_loss: 0.3650
Epoch 21/50
 - 8s - loss: 0.3596 - val_loss: 0.3748
Epoch 22/50
 - 9s - loss: 0.3589 - val_loss: 0.3717
Epoch 23/50
 - 8s - loss: 0.3586 - val_loss: 0.3675
Epoch 24/50
 - 8s - loss: 0.3584 - val_loss: 0.3683
Epoch 25/50
 - 8s - loss: 0.3581 - val_loss: 0.3689
Epoch 26/50
 - 8s - loss: 0.3578 - val_loss: 0.3687
Epoch 27/50
 - 8s - loss: 0.3576 - val_loss: 0.3657
Epoch 28/50
 - 8s - loss: 0.3572 - val_loss: 0.3635
Epoch 29/50
 - 8s - loss: 0.3570 - val_loss: 0.3636
Epoch 30/50
 - 8s - loss: 0.3567 - val_loss: 0.3686
Epoch 31/50
 - 7s - loss: 0.3567 - val_loss: 0.3670
Epoch 32/50
 - 6s - loss: 0.3563 - val_loss: 0.3606
Epoch 33/50
 - 6s - loss: 0.3563 - val_loss: 0.3655
Epoch 34/50
 - 7s - loss: 0.3560 - val_loss: 0.3603
Epoch 35/50
 - 6s - loss: 0.3560 - val_loss: 0.3665
Epoch 36/50
 - 6s - loss: 0.3559 - val_loss: 0.3635
Epoch 37/50
 - 6s - loss: 0.3554 - val_loss: 0.3623
Epoch 38/50
 - 7s - loss: 0.3553 - val_loss: 0.3621
Epoch 39/50
 - 7s - loss: 0.3551 - val_loss: 0.3667
Epoch 40/50
 - 8s - loss: 0.3549 - val_loss: 0.3627
Epoch 41/50
 - 7s - loss: 0.3549 - val_loss: 0.3647
Epoch 42/50
 - 8s - loss: 0.3550 - val_loss: 0.3639
Epoch 43/50
 - 8s - loss: 0.3545 - val_loss: 0.3687
Epoch 44/50
 - 7s - loss: 0.3544 - val_loss: 0.3647
Epoch 45/50
 - 7s - loss: 0.3545 - val_loss: 0.3660
Epoch 46/50
 - 8s - loss: 0.3543 - val_loss: 0.3660
Epoch 47/50
 - 7s - loss: 0.3543 - val_loss: 0.3665
Epoch 48/50
 - 8s - loss: 0.3543 - val_loss: 0.3757
Epoch 49/50
 - 7s - loss: 0.3540 - val_loss: 0.3681
Epoch 50/50
 - 7s - loss: 0.3542 - val_loss: 0.3609
Got result 0.368131581913
Completed successfully in 1354.99 seconds. [{u'main': 0.3681315819131938}]
[38;2;74;176;245m[1mProfile[0m ⏱  ···· Time elapsed in [1mFold 3/3[0m: ............................... [1m406.5s[0m
[38;2;74;176;245m[1mProfile[0m ⏱  ·· Time elapsed in [1mClassifier-only fit, cross-validation[0m: ... [1m1271.4s[0m
[38;2;74;176;245m[1mProfile[0m ⏱  Time elapsed in [1m@main[0m: ...................................... [1m1328.8s[0m
cd: Going back to /exports/eddie3_homes_local/s1562020/work/adversarial/optimisation/experiments/classifier
