Job launching after 1.46 seconds in submission.
Running python job.
Changed into dir /exports/eddie3_homes_local/s1562020/work/adversarial/optimisation/experiments/classifier
Importing optimise.py
Running optimise.main()
INFO: Applying patch '/exports/eddie3_homes_local/s1562020/work/adversarial/optimisation/experiments/classifier/patches/patch.00000002.json'
INFO: Found 20 Intel(R) Xeon(R) CPU E5-2630 v4 @ 2.20GHz devices with 10 cores each.
Using TensorFlow backend.
INFO: Scaling classifier/lr -3 -> 0.001
INFO: Scaling classifier/decay -4 -> 0.0001
INFO: Scaling classifier/units 5 -> 32
INFO: Writing TensorBoard logs to 'logs/tensorboard/classifier-patch.00000002/'
INFO: Running '/exports/eddie3_homes_local/s1562020/work/adversarial/run/adversarial/common.pyc'
INFO: Command-line arguments:
INFO: Configuration file contents:
INFO: Python version: 2.7.14
INFO: Numpy  version: 1.12.1
INFO: Keras  version: 2.1.5
INFO: Using keras backend: 'tensorflow'
INFO: Found  1000000 training and  1000249 test samples for signal
INFO: Found  1000000 training and 10000000 test samples for background
INFO: load_data: Selecting only training data.
INFO: Implementing gradient reversal layer in TensorFlow
INFO: Training cross-validation classifiers
Call to main function (#2)
  Parameters: {u'classifier/model/default/units': array([5]), u'classifier/compile/decay': array([-4]), u'classifier/model/default/dropout': array([ 0.25]), u'classifier/compile/lr': array([-3]), u'classifier/model/architecture': array([3]), u'classifier/model/default/activation': [u'tanh']}
param: classifier/model/default/units
param: classifier/compile/decay
param: classifier/model/default/dropout
param: classifier/compile/lr
param: classifier/model/architecture
param: classifier/model/default/activation
- - - - - - - - - - - - - - - - - - - - - - - - - - - - - - - - - - - - - - - - 
Saving the following patch to '/exports/eddie3_homes_local/s1562020/work/adversarial/optimisation/experiments/classifier/patches/patch.00000002.json':
{u'classifier': {u'compile': {u'lr': -3, u'decay': -4}, u'model': {u'default': {u'units': 5, u'dropout': 0.25, u'activation': u'tanh'}, u'architecture': 3}, 'fit': {'epochs': 50, 'batch_size': 8192}}}
- - - - - - - - - - - - - - - - - - - - - - - - - - - - - - - - - - - - - - - - 
mkdir: Creating output directory:
  /exports/eddie3_homes_local/s1562020/work/adversarial/optimisation/experiments/classifier/patches
cd: Going to /exports/eddie3_homes_local/s1562020/work/adversarial/
[38;2;74;176;245m[1mProfile[0m ⏱  Starting [1m@main[0m
[38;2;74;176;245m[1mProfile[0m ⏱  ·· Starting [1mInitialisation[0m
[38;2;74;176;245m[1mProfile[0m ⏱  ···· Starting [1m@initialise[0m
[38;2;74;176;245m[1mProfile[0m ⏱  ···· Time elapsed in [1m@initialise[0m: .............................. [1m0.0s[0m
[38;2;74;176;245m[1mProfile[0m ⏱  ···· Starting [1m@initialise_backend[0m
[38;2;74;176;245m[1mProfile[0m ⏱  ······ Starting [1m@configure_tensorflow[0m
[38;2;74;176;245m[1mProfile[0m ⏱  ······ Time elapsed in [1m@configure_tensorflow[0m: ................. [1m49.5s[0m
[38;2;74;176;245m[1mProfile[0m ⏱  ···· Time elapsed in [1m@initialise_backend[0m: ..................... [1m50.8s[0m
{'config': './configs/default.json',
 'devices': 7,
 'folds': 3,
 'gpu': True,
 'input': './input/',
 'jobname': 'classifier-patch.00000002',
 'mode': 'gpu',
 'optimise_adversarial': False,
 'optimise_classifier': True,
 'output': './output/',
 'patches': ['/exports/eddie3_homes_local/s1562020/work/adversarial/optimisation/experiments/classifier/patches/patch.00000002.json'],
 'tensorboard': True,
 'theano': False,
 'train': False,
 'train_adversarial': False,
 'train_classifier': True,
 'verbose': False}
{u'adversary': {u'compile': {},
                u'fit': {},
                u'model': {u'architecture': [{}, {}, {}, {}],
                           u'default': {u'activation': u'relu',
                                        u'units': 64},
                           u'gmm_components': 5}},
 u'classifier': {u'compile': {u'loss': u'binary_crossentropy',
                              u'optimizer': <keras.optimizers.Adam object at 0x2aeb12bd5150>},
                 u'fit': {u'batch_size': 57344,
                          u'epochs': 50,
                          u'shuffle': True,
                          'verbose': 2},
                 u'model': {u'architecture': [{}, {}, {}],
                            u'default': {u'activation': u'tanh',
                                         u'batchnorm': True,
                                         u'dropout': 0.25,
                                         u'units': 32}}},
 u'combined': {u'compile': {u'loss': [u'binary_crossentropy', None],
                            u'loss_weights': [9.090909090909091e-10, 1.0],
                            u'optimizer': <keras.optimizers.Adam object at 0x2aeb12bd5190>},
               u'fit': {u'batch_size': 57344,
                        u'epochs': 100,
                        u'shuffle': True,
                        'verbose': 2},
               u'model': {u'lambda_reg': 10.0,
                          u'lr_ratio': 9.090909090909091e-10},
               u'pretrain': 20}}
  TensorFlow version: 1.4.1
[38;2;74;176;245m[1mProfile[0m ⏱  ·· Time elapsed in [1mInitialisation[0m: ............................ [1m51.0s[0m
[38;2;74;176;245m[1mProfile[0m ⏱  ·· Starting [1m@load_data[0m
[38;2;74;176;245m[1mProfile[0m ⏱  ·· Time elapsed in [1m@load_data[0m: ................................ [1m34.5s[0m
[38;2;74;176;245m[1mProfile[0m ⏱  ·· Starting [1m@get_decorrelation_variables[0m
[38;2;74;176;245m[1mProfile[0m ⏱  ·· Time elapsed in [1m@get_decorrelation_variables[0m: ............... [1m0.0s[0m
[38;2;74;176;245m[1mProfile[0m ⏱  ·· Starting [1mClassifier-only fit, cross-validation[0m
[38;2;74;176;245m[1mProfile[0m ⏱  ···· Starting [1mFold 1/3[0m
Train on 1333332 samples, validate on 666668 samples
Epoch 1/50
 - 3s - loss: 0.6050 - val_loss: 0.4802
Epoch 2/50
 - 2s - loss: 0.5214 - val_loss: 0.4715
Epoch 3/50
 - 2s - loss: 0.5045 - val_loss: 0.4617
Epoch 4/50
 - 2s - loss: 0.4935 - val_loss: 0.4691
Epoch 5/50
 - 2s - loss: 0.4870 - val_loss: 0.4597
Epoch 6/50
 - 3s - loss: 0.4813 - val_loss: 0.4531
Epoch 7/50
 - 2s - loss: 0.4755 - val_loss: 0.4528
Epoch 8/50
 - 2s - loss: 0.4706 - val_loss: 0.4453
Epoch 9/50
 - 2s - loss: 0.4638 - val_loss: 0.4389
Epoch 10/50
 - 2s - loss: 0.4573 - val_loss: 0.4324
Epoch 11/50
 - 2s - loss: 0.4505 - val_loss: 0.4264
Epoch 12/50
 - 2s - loss: 0.4437 - val_loss: 0.4238
Epoch 13/50
 - 2s - loss: 0.4369 - val_loss: 0.4243
Epoch 14/50
 - 2s - loss: 0.4319 - val_loss: 0.4201
Epoch 15/50
 - 2s - loss: 0.4275 - val_loss: 0.4139
Epoch 16/50
 - 2s - loss: 0.4240 - val_loss: 0.4134
Epoch 17/50
 - 2s - loss: 0.4210 - val_loss: 0.4118
Epoch 18/50
 - 2s - loss: 0.4182 - val_loss: 0.4084
Epoch 19/50
 - 2s - loss: 0.4158 - val_loss: 0.4024
Epoch 20/50
 - 2s - loss: 0.4146 - val_loss: 0.3986
Epoch 21/50
 - 2s - loss: 0.4127 - val_loss: 0.3944
Epoch 22/50
 - 2s - loss: 0.4115 - val_loss: 0.3953
Epoch 23/50
 - 2s - loss: 0.4096 - val_loss: 0.3945
Epoch 24/50
 - 2s - loss: 0.4092 - val_loss: 0.3923
Epoch 25/50
 - 2s - loss: 0.4083 - val_loss: 0.3892
Epoch 26/50
 - 2s - loss: 0.4070 - val_loss: 0.3899
Epoch 27/50
 - 2s - loss: 0.4065 - val_loss: 0.3886
Epoch 28/50
 - 2s - loss: 0.4056 - val_loss: 0.3857
Epoch 29/50
 - 2s - loss: 0.4046 - val_loss: 0.3875
Epoch 30/50
 - 2s - loss: 0.4042 - val_loss: 0.3858
Epoch 31/50
 - 2s - loss: 0.4038 - val_loss: 0.3834
Epoch 32/50
 - 2s - loss: 0.4036 - val_loss: 0.3850
Epoch 33/50
 - 2s - loss: 0.4026 - val_loss: 0.3854
Epoch 34/50
 - 2s - loss: 0.4020 - val_loss: 0.3883
Epoch 35/50
 - 2s - loss: 0.4018 - val_loss: 0.3842
Epoch 36/50
 - 2s - loss: 0.4011 - val_loss: 0.3850
Epoch 37/50
 - 2s - loss: 0.4008 - val_loss: 0.3831
Epoch 38/50
 - 2s - loss: 0.4006 - val_loss: 0.3843
Epoch 39/50
 - 2s - loss: 0.4007 - val_loss: 0.3832
Epoch 40/50
 - 2s - loss: 0.3996 - val_loss: 0.3823
Epoch 41/50
 - 2s - loss: 0.3992 - val_loss: 0.3816
Epoch 42/50
 - 2s - loss: 0.3994 - val_loss: 0.3810
Epoch 43/50
 - 2s - loss: 0.3990 - val_loss: 0.3818
Epoch 44/50
 - 2s - loss: 0.3980 - val_loss: 0.3805
Epoch 45/50
 - 2s - loss: 0.3981 - val_loss: 0.3854
Epoch 46/50
 - 2s - loss: 0.3984 - val_loss: 0.3828
Epoch 47/50
 - 2s - loss: 0.3974 - val_loss: 0.3825
Epoch 48/50
 - 2s - loss: 0.3975 - val_loss: 0.3812
Epoch 49/50
 - 2s - loss: 0.3969 - val_loss: 0.3804
Epoch 50/50
 - 2s - loss: 0.3965 - val_loss: 0.3802
[38;2;74;176;245m[1mProfile[0m ⏱  ···· Time elapsed in [1mFold 1/3[0m: ............................... [1m161.4s[0m
[38;2;74;176;245m[1mProfile[0m ⏱  ···· Starting [1mFold 2/3[0m
Train on 1333334 samples, validate on 666666 samples
Epoch 1/50
 - 4s - loss: 0.5265 - val_loss: 0.4754
Epoch 2/50
 - 2s - loss: 0.4772 - val_loss: 0.4509
Epoch 3/50
 - 2s - loss: 0.4629 - val_loss: 0.4492
Epoch 4/50
 - 2s - loss: 0.4468 - val_loss: 0.4309
Epoch 5/50
 - 2s - loss: 0.4309 - val_loss: 0.4460
Epoch 6/50
 - 2s - loss: 0.4223 - val_loss: 0.4463
Epoch 7/50
 - 2s - loss: 0.4158 - val_loss: 0.4423
Epoch 8/50
 - 2s - loss: 0.4127 - val_loss: 0.4304
Epoch 9/50
 - 2s - loss: 0.4101 - val_loss: 0.4156
Epoch 10/50
 - 2s - loss: 0.4085 - val_loss: 0.4110
Epoch 11/50
 - 2s - loss: 0.4071 - val_loss: 0.3999
Epoch 12/50
 - 2s - loss: 0.4050 - val_loss: 0.3981
Epoch 13/50
 - 2s - loss: 0.4041 - val_loss: 0.3936
Epoch 14/50
 - 2s - loss: 0.4032 - val_loss: 0.3945
Epoch 15/50
 - 2s - loss: 0.4015 - val_loss: 0.3930
Epoch 16/50
 - 2s - loss: 0.4013 - val_loss: 0.3878
Epoch 17/50
 - 2s - loss: 0.4004 - val_loss: 0.3864
Epoch 18/50
 - 2s - loss: 0.4002 - val_loss: 0.3856
Epoch 19/50
 - 2s - loss: 0.3994 - val_loss: 0.3839
Epoch 20/50
 - 2s - loss: 0.3985 - val_loss: 0.3836
Epoch 21/50
 - 2s - loss: 0.3979 - val_loss: 0.3798
Epoch 22/50
 - 2s - loss: 0.3980 - val_loss: 0.3812
Epoch 23/50
 - 2s - loss: 0.3973 - val_loss: 0.3836
Epoch 24/50
 - 2s - loss: 0.3969 - val_loss: 0.3816
Epoch 25/50
 - 2s - loss: 0.3966 - val_loss: 0.3794
Epoch 26/50
 - 2s - loss: 0.3966 - val_loss: 0.3830
Epoch 27/50
 - 2s - loss: 0.3956 - val_loss: 0.3777
Epoch 28/50
 - 2s - loss: 0.3955 - val_loss: 0.3792
Epoch 29/50
 - 2s - loss: 0.3956 - val_loss: 0.3780
Epoch 30/50
 - 2s - loss: 0.3947 - val_loss: 0.3762
Epoch 31/50
 - 2s - loss: 0.3949 - val_loss: 0.3777
Epoch 32/50
 - 2s - loss: 0.3944 - val_loss: 0.3819
Epoch 33/50
 - 2s - loss: 0.3944 - val_loss: 0.3762
Epoch 34/50
 - 2s - loss: 0.3941 - val_loss: 0.3781
Epoch 35/50
 - 2s - loss: 0.3938 - val_loss: 0.3779
Epoch 36/50
 - 2s - loss: 0.3936 - val_loss: 0.3778
Epoch 37/50
 - 2s - loss: 0.3934 - val_loss: 0.3766
Epoch 38/50
 - 2s - loss: 0.3936 - val_loss: 0.3774
Epoch 39/50
 - 2s - loss: 0.3927 - val_loss: 0.3748
Epoch 40/50
 - 2s - loss: 0.3928 - val_loss: 0.3792
Epoch 41/50
 - 2s - loss: 0.3926 - val_loss: 0.3771
Epoch 42/50
 - 2s - loss: 0.3930 - val_loss: 0.3763
Epoch 43/50
 - 3s - loss: 0.3925 - val_loss: 0.3811
Epoch 44/50
 - 2s - loss: 0.3921 - val_loss: 0.3761
Epoch 45/50
 - 2s - loss: 0.3924 - val_loss: 0.3749
Epoch 46/50
 - 2s - loss: 0.3922 - val_loss: 0.3775
Epoch 47/50
 - 2s - loss: 0.3921 - val_loss: 0.3744
Epoch 48/50
 - 2s - loss: 0.3916 - val_loss: 0.3772
Epoch 49/50
 - 2s - loss: 0.3917 - val_loss: 0.3769
Epoch 50/50
 - 2s - loss: 0.3917 - val_loss: 0.3761
[38;2;74;176;245m[1mProfile[0m ⏱  ···· Time elapsed in [1mFold 2/3[0m: ............................... [1m124.2s[0m
[38;2;74;176;245m[1mProfile[0m ⏱  ···· Starting [1mFold 3/3[0m
Train on 1333334 samples, validate on 666666 samples
Epoch 1/50
 - 3s - loss: 0.5724 - val_loss: 0.4710
Epoch 2/50
 - 2s - loss: 0.4872 - val_loss: 0.4623
Epoch 3/50
 - 2s - loss: 0.4750 - val_loss: 0.4533
Epoch 4/50
 - 2s - loss: 0.4644 - val_loss: 0.4397
Epoch 5/50
 - 2s - loss: 0.4524 - val_loss: 0.4332
Epoch 6/50
 - 2s - loss: 0.4388 - val_loss: 8.0056
Epoch 7/50
 - 2s - loss: 0.4280 - val_loss: 0.4481
Epoch 8/50
 - 2s - loss: 0.4212 - val_loss: 0.4387
Epoch 9/50
 - 2s - loss: 0.4170 - val_loss: 0.4265
Epoch 10/50
 - 2s - loss: 0.4137 - val_loss: 8.0056
Epoch 11/50
 - 2s - loss: 0.4117 - val_loss: 0.4124
Epoch 12/50
 - 2s - loss: 0.4100 - val_loss: 0.4067
Epoch 13/50
 - 2s - loss: 0.4086 - val_loss: 0.4009
Epoch 14/50
 - 2s - loss: 0.4069 - val_loss: 0.3985
Epoch 15/50
 - 2s - loss: 0.4056 - val_loss: 0.3942
Epoch 16/50
 - 2s - loss: 0.4053 - val_loss: 0.3923
Epoch 17/50
 - 2s - loss: 0.4037 - val_loss: 0.3927
Epoch 18/50
 - 2s - loss: 0.4034 - val_loss: 0.3879
Epoch 19/50
 - 2s - loss: 0.4027 - val_loss: 0.3884
Epoch 20/50
 - 2s - loss: 0.4025 - val_loss: 0.3879
Epoch 21/50
 - 2s - loss: 0.4016 - val_loss: 0.3883
Epoch 22/50
 - 2s - loss: 0.4010 - val_loss: 0.3849
Epoch 23/50
 - 2s - loss: 0.4005 - val_loss: 0.3855
Epoch 24/50
 - 2s - loss: 0.4002 - val_loss: 0.3846
Epoch 25/50
 - 2s - loss: 0.3996 - val_loss: 0.3836
Epoch 26/50
 - 2s - loss: 0.3992 - val_loss: 0.3831
Epoch 27/50
 - 2s - loss: 0.3991 - val_loss: 0.3853
Epoch 28/50
 - 2s - loss: 0.3982 - val_loss: 0.3819
Epoch 29/50
 - 2s - loss: 0.3984 - val_loss: 0.3829
Epoch 30/50
 - 2s - loss: 0.3978 - val_loss: 0.3825
Epoch 31/50
 - 2s - loss: 0.3975 - val_loss: 0.3828
Epoch 32/50
 - 2s - loss: 0.3976 - val_loss: 0.3839
Epoch 33/50
 - 2s - loss: 0.3972 - val_loss: 0.3818
Epoch 34/50
 - 2s - loss: 0.3968 - val_loss: 0.3803
Epoch 35/50
 - 2s - loss: 0.3968 - val_loss: 0.3816
Epoch 36/50
 - 2s - loss: 0.3964 - val_loss: 0.3800
Epoch 37/50
 - 2s - loss: 0.3964 - val_loss: 0.3832
Epoch 38/50
 - 2s - loss: 0.3964 - val_loss: 0.3804
Epoch 39/50
 - 2s - loss: 0.3960 - val_loss: 0.3807
Epoch 40/50
 - 2s - loss: 0.3959 - val_loss: 0.3816
Epoch 41/50
 - 2s - loss: 0.3954 - val_loss: 0.3814
Epoch 42/50
 - 2s - loss: 0.3955 - val_loss: 0.3848
Epoch 43/50
 - 2s - loss: 0.3955 - val_loss: 0.3809
Epoch 44/50
 - 2s - loss: 0.3952 - val_loss: 0.3797
Epoch 45/50
 - 2s - loss: 0.3954 - val_loss: 0.3826
Epoch 46/50
 - 2s - loss: 0.3950 - val_loss: 0.3812
Epoch 47/50
 - 2s - loss: 0.3948 - val_loss: 0.3802
Epoch 48/50
 - 2s - loss: 0.3948 - val_loss: 0.3861
Epoch 49/50
 - 2s - loss: 0.3949 - val_loss: 0.3810
Epoch 50/50
 - 2s - loss: 0.3942 - val_loss: 0.3819
Got result 0.381865641661
Completed successfully in 514.75 seconds. [{u'main': 0.3818656416607438}]
[38;2;74;176;245m[1mProfile[0m ⏱  ···· Time elapsed in [1mFold 3/3[0m: ............................... [1m117.8s[0m
[38;2;74;176;245m[1mProfile[0m ⏱  ·· Time elapsed in [1mClassifier-only fit, cross-validation[0m: .... [1m403.9s[0m
[38;2;74;176;245m[1mProfile[0m ⏱  Time elapsed in [1m@main[0m: ....................................... [1m489.7s[0m
cd: Going back to /exports/eddie3_homes_local/s1562020/work/adversarial/optimisation/experiments/classifier
