Job launching after 3.82 seconds in submission.
Running python job.
Changed into dir /exports/eddie3_homes_local/s1562020/work/adversarial/optimisation/experiments/classifier
Importing optimise.py
Running optimise.main()
INFO: Applying patch '/exports/eddie3_homes_local/s1562020/work/adversarial/optimisation/experiments/classifier/patches/patch.00000099.json'
INFO: Found 20 Intel(R) Xeon(R) CPU E5-2630 v4 @ 2.20GHz devices with 10 cores each.
Using TensorFlow backend.
INFO: Scaling classifier/lr -5 -> 1e-05
INFO: Scaling classifier/decay -2 -> 0.01
INFO: Scaling classifier/units 9 -> 512
INFO: Writing TensorBoard logs to 'logs/tensorboard/classifier-patch.00000099/'
INFO: Running '/exports/eddie3_homes_local/s1562020/work/adversarial/run/adversarial/common.pyc'
INFO: Command-line arguments:
INFO: Configuration file contents:
INFO: Python version: 2.7.14
INFO: Numpy  version: 1.12.1
INFO: Keras  version: 2.1.5
INFO: Using keras backend: 'tensorflow'
INFO: Found  1000000 training and  1000249 test samples for signal
INFO: Found  1000000 training and 10000000 test samples for background
INFO: load_data: Selecting only training data.
INFO: Implementing gradient reversal layer in TensorFlow
INFO: Training cross-validation classifiers
Call to main function (#99)
  Parameters: {u'classifier/model/default/units': array([9]), u'classifier/compile/decay': array([-2]), u'classifier/model/default/dropout': array([ 0.49964702]), u'classifier/compile/lr': array([-5]), u'classifier/model/architecture': array([1]), u'classifier/model/default/activation': [u'relu']}
param: classifier/model/default/units
param: classifier/compile/decay
param: classifier/model/default/dropout
param: classifier/compile/lr
param: classifier/model/architecture
param: classifier/model/default/activation
- - - - - - - - - - - - - - - - - - - - - - - - - - - - - - - - - - - - - - - - 
Saving the following patch to '/exports/eddie3_homes_local/s1562020/work/adversarial/optimisation/experiments/classifier/patches/patch.00000099.json':
{u'classifier': {u'compile': {u'lr': -5, u'decay': -2}, u'model': {u'default': {u'units': 9, u'dropout': 0.49964702042027587, u'activation': u'relu'}, u'architecture': 1}, 'fit': {'epochs': 50, 'batch_size': 8192}}}
- - - - - - - - - - - - - - - - - - - - - - - - - - - - - - - - - - - - - - - - 
cd: Going to /exports/eddie3_homes_local/s1562020/work/adversarial/
[38;2;74;176;245m[1mProfile[0m ⏱  Starting [1m@main[0m
[38;2;74;176;245m[1mProfile[0m ⏱  ·· Starting [1mInitialisation[0m
[38;2;74;176;245m[1mProfile[0m ⏱  ···· Starting [1m@initialise[0m
[38;2;74;176;245m[1mProfile[0m ⏱  ···· Time elapsed in [1m@initialise[0m: .............................. [1m0.0s[0m
[38;2;74;176;245m[1mProfile[0m ⏱  ···· Starting [1m@initialise_backend[0m
[38;2;74;176;245m[1mProfile[0m ⏱  ······ Starting [1m@configure_tensorflow[0m
[38;2;74;176;245m[1mProfile[0m ⏱  ······ Time elapsed in [1m@configure_tensorflow[0m: ................. [1m14.2s[0m
[38;2;74;176;245m[1mProfile[0m ⏱  ···· Time elapsed in [1m@initialise_backend[0m: ..................... [1m15.1s[0m
{'config': './configs/default.json',
 'devices': 7,
 'folds': 3,
 'gpu': True,
 'input': './input/',
 'jobname': 'classifier-patch.00000099',
 'mode': 'gpu',
 'optimise_adversarial': False,
 'optimise_classifier': True,
 'output': './output/',
 'patches': ['/exports/eddie3_homes_local/s1562020/work/adversarial/optimisation/experiments/classifier/patches/patch.00000099.json'],
 'tensorboard': True,
 'theano': False,
 'train': False,
 'train_adversarial': False,
 'train_classifier': True,
 'verbose': False}
{u'adversary': {u'compile': {},
                u'fit': {},
                u'model': {u'architecture': [{}, {}, {}, {}],
                           u'default': {u'activation': u'relu',
                                        u'units': 64},
                           u'gmm_components': 10}},
 u'classifier': {u'compile': {u'loss': u'binary_crossentropy',
                              u'optimizer': <keras.optimizers.Adam object at 0x2b9f2c03f310>},
                 u'fit': {u'batch_size': 57344,
                          u'epochs': 50,
                          u'shuffle': True,
                          'verbose': 2},
                 u'model': {u'architecture': [{}],
                            u'default': {u'activation': u'relu',
                                         u'batchnorm': True,
                                         u'dropout': 0.49964702042027587,
                                         u'units': 512}}},
 u'combined': {u'compile': {u'loss': [u'binary_crossentropy', None],
                            u'loss_weights': [9.090909090909091e-10, 1.0],
                            u'optimizer': <keras.optimizers.Adam object at 0x2b9f2c03f350>},
               u'fit': {u'batch_size': 57344,
                        u'epochs': 500,
                        u'shuffle': True,
                        'verbose': 2},
               u'model': {u'lambda_reg': 10.0,
                          u'lr_ratio': 9.090909090909091e-10},
               u'pretrain': 10}}
  TensorFlow version: 1.4.1
[38;2;74;176;245m[1mProfile[0m ⏱  ·· Time elapsed in [1mInitialisation[0m: ............................ [1m15.3s[0m
[38;2;74;176;245m[1mProfile[0m ⏱  ·· Starting [1m@load_data[0m
[38;2;74;176;245m[1mProfile[0m ⏱  ·· Time elapsed in [1m@load_data[0m: ................................ [1m31.8s[0m
[38;2;74;176;245m[1mProfile[0m ⏱  ·· Starting [1m@get_decorrelation_variables[0m
[38;2;74;176;245m[1mProfile[0m ⏱  ·· Time elapsed in [1m@get_decorrelation_variables[0m: ............... [1m0.0s[0m
[38;2;74;176;245m[1mProfile[0m ⏱  ·· Starting [1mClassifier-only fit, cross-validation[0m
[38;2;74;176;245m[1mProfile[0m ⏱  ···· Starting [1mFold 1/3[0m
Train on 1333332 samples, validate on 666668 samples
Epoch 1/50
 - 3s - loss: 0.7000 - val_loss: 0.6944
Epoch 2/50
 - 2s - loss: 0.6962 - val_loss: 0.6910
Epoch 3/50
 - 2s - loss: 0.6928 - val_loss: 0.6879
Epoch 4/50
 - 2s - loss: 0.6899 - val_loss: 0.6856
Epoch 5/50
 - 2s - loss: 0.6876 - val_loss: 0.6833
Epoch 6/50
 - 2s - loss: 0.6854 - val_loss: 0.6816
Epoch 7/50
 - 2s - loss: 0.6833 - val_loss: 0.6798
Epoch 8/50
 - 2s - loss: 0.6819 - val_loss: 0.6781
Epoch 9/50
 - 2s - loss: 0.6804 - val_loss: 0.6766
Epoch 10/50
 - 2s - loss: 0.6789 - val_loss: 0.6756
Epoch 11/50
 - 2s - loss: 0.6775 - val_loss: 0.6734
Epoch 12/50
 - 2s - loss: 0.6761 - val_loss: 0.6731
Epoch 13/50
 - 2s - loss: 0.6753 - val_loss: 0.6725
Epoch 14/50
 - 2s - loss: 0.6741 - val_loss: 0.6714
Epoch 15/50
 - 2s - loss: 0.6730 - val_loss: 0.6704
Epoch 16/50
 - 2s - loss: 0.6722 - val_loss: 0.6695
Epoch 17/50
 - 2s - loss: 0.6715 - val_loss: 0.6686
Epoch 18/50
 - 2s - loss: 0.6703 - val_loss: 0.6677
Epoch 19/50
 - 2s - loss: 0.6699 - val_loss: 0.6673
Epoch 20/50
 - 2s - loss: 0.6689 - val_loss: 0.6665
Epoch 21/50
 - 2s - loss: 0.6683 - val_loss: 0.6660
Epoch 22/50
 - 2s - loss: 0.6675 - val_loss: 0.6652
Epoch 23/50
 - 2s - loss: 0.6667 - val_loss: 0.6645
Epoch 24/50
 - 2s - loss: 0.6664 - val_loss: 0.6638
Epoch 25/50
 - 2s - loss: 0.6657 - val_loss: 0.6632
Epoch 26/50
 - 2s - loss: 0.6651 - val_loss: 0.6630
Epoch 27/50
 - 2s - loss: 0.6645 - val_loss: 0.6625
Epoch 28/50
 - 2s - loss: 0.6641 - val_loss: 0.6617
Epoch 29/50
 - 2s - loss: 0.6637 - val_loss: 0.6617
Epoch 30/50
 - 2s - loss: 0.6629 - val_loss: 0.6611
Epoch 31/50
 - 2s - loss: 0.6626 - val_loss: 0.6607
Epoch 32/50
 - 2s - loss: 0.6618 - val_loss: 0.6601
Epoch 33/50
 - 2s - loss: 0.6617 - val_loss: 0.6600
Epoch 34/50
 - 3s - loss: 0.6609 - val_loss: 0.6589
Epoch 35/50
 - 2s - loss: 0.6605 - val_loss: 0.6586
Epoch 36/50
 - 2s - loss: 0.6602 - val_loss: 0.6586
Epoch 37/50
 - 2s - loss: 0.6595 - val_loss: 0.6579
Epoch 38/50
 - 2s - loss: 0.6592 - val_loss: 0.6567
Epoch 39/50
 - 2s - loss: 0.6591 - val_loss: 0.6570
Epoch 40/50
 - 2s - loss: 0.6586 - val_loss: 0.6567
Epoch 41/50
 - 2s - loss: 0.6583 - val_loss: 0.6567
Epoch 42/50
 - 2s - loss: 0.6580 - val_loss: 0.6559
Epoch 43/50
 - 2s - loss: 0.6575 - val_loss: 0.6555
Epoch 44/50
 - 2s - loss: 0.6569 - val_loss: 0.6550
Epoch 45/50
 - 2s - loss: 0.6566 - val_loss: 0.6547
Epoch 46/50
 - 2s - loss: 0.6565 - val_loss: 0.6548
Epoch 47/50
 - 2s - loss: 0.6561 - val_loss: 0.6540
Epoch 48/50
 - 2s - loss: 0.6555 - val_loss: 0.6543
Epoch 49/50
 - 2s - loss: 0.6555 - val_loss: 0.6536
Epoch 50/50
 - 2s - loss: 0.6552 - val_loss: 0.6527
[38;2;74;176;245m[1mProfile[0m ⏱  ···· Time elapsed in [1mFold 1/3[0m: ............................... [1m133.5s[0m
[38;2;74;176;245m[1mProfile[0m ⏱  ···· Starting [1mFold 2/3[0m
Train on 1333334 samples, validate on 666666 samples
Epoch 1/50
 - 2s - loss: 0.7031 - val_loss: 0.6945
Epoch 2/50
 - 2s - loss: 0.7012 - val_loss: 0.6934
Epoch 3/50
 - 2s - loss: 0.6998 - val_loss: 0.6926
Epoch 4/50
 - 2s - loss: 0.6986 - val_loss: 0.6919
Epoch 5/50
 - 2s - loss: 0.6978 - val_loss: 0.6908
Epoch 6/50
 - 2s - loss: 0.6970 - val_loss: 0.6904
Epoch 7/50
 - 2s - loss: 0.6959 - val_loss: 0.6894
Epoch 8/50
 - 2s - loss: 0.6956 - val_loss: 0.6887
Epoch 9/50
 - 2s - loss: 0.6946 - val_loss: 0.6880
Epoch 10/50
 - 2s - loss: 0.6942 - val_loss: 0.6872
Epoch 11/50
 - 2s - loss: 0.6936 - val_loss: 0.6870
Epoch 12/50
 - 2s - loss: 0.6930 - val_loss: 0.6867
Epoch 13/50
 - 2s - loss: 0.6925 - val_loss: 0.6858
Epoch 14/50
 - 2s - loss: 0.6920 - val_loss: 0.6856
Epoch 15/50
 - 2s - loss: 0.6916 - val_loss: 0.6849
Epoch 16/50
 - 2s - loss: 0.6912 - val_loss: 0.6847
Epoch 17/50
 - 2s - loss: 0.6906 - val_loss: 0.6844
Epoch 18/50
 - 2s - loss: 0.6903 - val_loss: 0.6839
Epoch 19/50
 - 2s - loss: 0.6899 - val_loss: 0.6836
Epoch 20/50
 - 2s - loss: 0.6894 - val_loss: 0.6832
Epoch 21/50
 - 2s - loss: 0.6891 - val_loss: 0.6829
Epoch 22/50
 - 2s - loss: 0.6886 - val_loss: 0.6825
Epoch 23/50
 - 2s - loss: 0.6882 - val_loss: 0.6824
Epoch 24/50
 - 2s - loss: 0.6881 - val_loss: 0.6820
Epoch 25/50
 - 2s - loss: 0.6876 - val_loss: 0.6816
Epoch 26/50
 - 2s - loss: 0.6875 - val_loss: 0.6812
Epoch 27/50
 - 2s - loss: 0.6868 - val_loss: 0.6809
Epoch 28/50
 - 2s - loss: 0.6867 - val_loss: 0.6805
Epoch 29/50
 - 2s - loss: 0.6861 - val_loss: 0.6805
Epoch 30/50
 - 2s - loss: 0.6863 - val_loss: 0.6801
Epoch 31/50
 - 2s - loss: 0.6857 - val_loss: 0.6799
Epoch 32/50
 - 2s - loss: 0.6856 - val_loss: 0.6796
Epoch 33/50
 - 2s - loss: 0.6854 - val_loss: 0.6794
Epoch 34/50
 - 2s - loss: 0.6850 - val_loss: 0.6791
Epoch 35/50
 - 2s - loss: 0.6846 - val_loss: 0.6788
Epoch 36/50
 - 2s - loss: 0.6847 - val_loss: 0.6785
Epoch 37/50
 - 1s - loss: 0.6840 - val_loss: 0.6783
Epoch 38/50
 - 2s - loss: 0.6840 - val_loss: 0.6781
Epoch 39/50
 - 1s - loss: 0.6838 - val_loss: 0.6781
Epoch 40/50
 - 1s - loss: 0.6836 - val_loss: 0.6778
Epoch 41/50
 - 1s - loss: 0.6834 - val_loss: 0.6776
Epoch 42/50
 - 1s - loss: 0.6830 - val_loss: 0.6774
Epoch 43/50
 - 1s - loss: 0.6826 - val_loss: 0.6772
Epoch 44/50
 - 1s - loss: 0.6828 - val_loss: 0.6769
Epoch 45/50
 - 1s - loss: 0.6823 - val_loss: 0.6768
Epoch 46/50
 - 1s - loss: 0.6821 - val_loss: 0.6766
Epoch 47/50
 - 1s - loss: 0.6821 - val_loss: 0.6764
Epoch 48/50
 - 1s - loss: 0.6816 - val_loss: 0.6762
Epoch 49/50
 - 1s - loss: 0.6816 - val_loss: 0.6760
Epoch 50/50
 - 1s - loss: 0.6813 - val_loss: 0.6758
[38;2;74;176;245m[1mProfile[0m ⏱  ···· Time elapsed in [1mFold 2/3[0m: ................................ [1m92.4s[0m
[38;2;74;176;245m[1mProfile[0m ⏱  ···· Starting [1mFold 3/3[0m
Train on 1333334 samples, validate on 666666 samples
Epoch 1/50
 - 2s - loss: 0.6925 - val_loss: 0.6912
Epoch 2/50
 - 1s - loss: 0.6913 - val_loss: 0.6903
Epoch 3/50
 - 1s - loss: 0.6903 - val_loss: 0.6896
Epoch 4/50
 - 1s - loss: 0.6897 - val_loss: 0.6889
Epoch 5/50
 - 1s - loss: 0.6892 - val_loss: 0.6883
Epoch 6/50
 - 1s - loss: 0.6887 - val_loss: 0.6857
Epoch 7/50
 - 1s - loss: 0.6882 - val_loss: 0.6874
Epoch 8/50
 - 1s - loss: 0.6878 - val_loss: 0.6869
Epoch 9/50
 - 1s - loss: 0.6874 - val_loss: 0.6866
Epoch 10/50
 - 2s - loss: 0.6872 - val_loss: 0.6862
Epoch 11/50
 - 1s - loss: 0.6864 - val_loss: 0.6857
Epoch 12/50
 - 1s - loss: 0.6861 - val_loss: 0.6857
Epoch 13/50
 - 1s - loss: 0.6859 - val_loss: 0.6855
Epoch 14/50
 - 1s - loss: 0.6856 - val_loss: 0.6849
Epoch 15/50
 - 2s - loss: 0.6853 - val_loss: 0.6849
Epoch 16/50
 - 1s - loss: 0.6852 - val_loss: 0.6845
Epoch 17/50
 - 2s - loss: 0.6848 - val_loss: 0.6841
Epoch 18/50
 - 2s - loss: 0.6846 - val_loss: 0.6838
Epoch 19/50
 - 2s - loss: 0.6844 - val_loss: 0.6837
Epoch 20/50
 - 2s - loss: 0.6841 - val_loss: 0.6837
Epoch 21/50
 - 2s - loss: 0.6837 - val_loss: 0.6832
Epoch 22/50
 - 2s - loss: 0.6836 - val_loss: 0.6831
Epoch 23/50
 - 2s - loss: 0.6834 - val_loss: 0.6826
Epoch 24/50
 - 2s - loss: 0.6832 - val_loss: 0.6824
Epoch 25/50
 - 2s - loss: 0.6830 - val_loss: 0.6823
Epoch 26/50
 - 2s - loss: 0.6830 - val_loss: 0.6821
Epoch 27/50
 - 2s - loss: 0.6826 - val_loss: 0.6821
Epoch 28/50
 - 2s - loss: 0.6824 - val_loss: 0.6819
Epoch 29/50
 - 3s - loss: 0.6822 - val_loss: 0.6815
Epoch 30/50
 - 2s - loss: 0.6818 - val_loss: 0.6814
Epoch 31/50
 - 2s - loss: 0.6817 - val_loss: 0.6815
Epoch 32/50
 - 2s - loss: 0.6814 - val_loss: 0.6810
Epoch 33/50
 - 2s - loss: 0.6812 - val_loss: 0.6809
Epoch 34/50
 - 2s - loss: 0.6812 - val_loss: 0.6806
Epoch 35/50
 - 2s - loss: 0.6812 - val_loss: 0.6805
Epoch 36/50
 - 2s - loss: 0.6808 - val_loss: 0.6800
Epoch 37/50
 - 2s - loss: 0.6808 - val_loss: 0.6800
Epoch 38/50
 - 2s - loss: 0.6807 - val_loss: 0.6801
Epoch 39/50
 - 2s - loss: 0.6804 - val_loss: 0.6797
Epoch 40/50
 - 2s - loss: 0.6803 - val_loss: 0.6795
Epoch 41/50
 - 2s - loss: 0.6799 - val_loss: 0.6795
Epoch 42/50
 - 2s - loss: 0.6799 - val_loss: 0.6794
Epoch 43/50
 - 2s - loss: 0.6797 - val_loss: 0.6794
Epoch 44/50
 - 2s - loss: 0.6797 - val_loss: 0.6790
Epoch 45/50
 - 2s - loss: 0.6792 - val_loss: 0.6789
Epoch 46/50
 - 2s - loss: 0.6792 - val_loss: 0.6788
Epoch 47/50
 - 2s - loss: 0.6790 - val_loss: 0.6790
Epoch 48/50
 - 2s - loss: 0.6788 - val_loss: 0.6787
Epoch 49/50
 - 2s - loss: 0.6787 - val_loss: 0.6784
Epoch 50/50
 - 2s - loss: 0.6788 - val_loss: 0.6783
Got result 0.68049133456
Completed successfully in 386.90 seconds. [{u'main': 0.6804913345597805}]
[38;2;74;176;245m[1mProfile[0m ⏱  ···· Time elapsed in [1mFold 3/3[0m: ................................ [1m92.2s[0m
[38;2;74;176;245m[1mProfile[0m ⏱  ·· Time elapsed in [1mClassifier-only fit, cross-validation[0m: .... [1m318.7s[0m
[38;2;74;176;245m[1mProfile[0m ⏱  Time elapsed in [1m@main[0m: ....................................... [1m366.0s[0m
cd: Going back to /exports/eddie3_homes_local/s1562020/work/adversarial/optimisation/experiments/classifier
