Job launching after 3.92 seconds in submission.
Running python job.
Changed into dir /exports/eddie3_homes_local/s1562020/work/adversarial/optimisation/experiments/classifier
Importing optimise.py
Running optimise.main()
INFO: Applying patch '/exports/eddie3_homes_local/s1562020/work/adversarial/optimisation/experiments/classifier/patches/patch.00000098.json'
INFO: Found 20 Intel(R) Xeon(R) CPU E5-2630 v4 @ 2.20GHz devices with 10 cores each.
Using TensorFlow backend.
INFO: Scaling classifier/lr -1 -> 0.1
INFO: Scaling classifier/decay -6 -> 1e-06
INFO: Scaling classifier/units 9 -> 512
INFO: Writing TensorBoard logs to 'logs/tensorboard/classifier-patch.00000098/'
INFO: Running '/exports/eddie3_homes_local/s1562020/work/adversarial/run/adversarial/common.pyc'
INFO: Command-line arguments:
INFO: Configuration file contents:
INFO: Python version: 2.7.14
INFO: Numpy  version: 1.12.1
INFO: Keras  version: 2.1.5
INFO: Using keras backend: 'tensorflow'
INFO: Found  1000000 training and  1000249 test samples for signal
INFO: Found  1000000 training and 10000000 test samples for background
INFO: load_data: Selecting only training data.
INFO: Implementing gradient reversal layer in TensorFlow
INFO: Training cross-validation classifiers
Call to main function (#98)
  Parameters: {u'classifier/model/default/units': array([9]), u'classifier/compile/decay': array([-6]), u'classifier/model/default/dropout': array([ 0.49882407]), u'classifier/compile/lr': array([-1]), u'classifier/model/architecture': array([1]), u'classifier/model/default/activation': [u'tanh']}
param: classifier/model/default/units
param: classifier/compile/decay
param: classifier/model/default/dropout
param: classifier/compile/lr
param: classifier/model/architecture
param: classifier/model/default/activation
- - - - - - - - - - - - - - - - - - - - - - - - - - - - - - - - - - - - - - - - 
Saving the following patch to '/exports/eddie3_homes_local/s1562020/work/adversarial/optimisation/experiments/classifier/patches/patch.00000098.json':
{u'classifier': {u'compile': {u'lr': -1, u'decay': -6}, u'model': {u'default': {u'units': 9, u'dropout': 0.49882406661406842, u'activation': u'tanh'}, u'architecture': 1}, 'fit': {'epochs': 50, 'batch_size': 8192}}}
- - - - - - - - - - - - - - - - - - - - - - - - - - - - - - - - - - - - - - - - 
cd: Going to /exports/eddie3_homes_local/s1562020/work/adversarial/
[38;2;74;176;245m[1mProfile[0m ⏱  Starting [1m@main[0m
[38;2;74;176;245m[1mProfile[0m ⏱  ·· Starting [1mInitialisation[0m
[38;2;74;176;245m[1mProfile[0m ⏱  ···· Starting [1m@initialise[0m
[38;2;74;176;245m[1mProfile[0m ⏱  ···· Time elapsed in [1m@initialise[0m: .............................. [1m0.0s[0m
[38;2;74;176;245m[1mProfile[0m ⏱  ···· Starting [1m@initialise_backend[0m
[38;2;74;176;245m[1mProfile[0m ⏱  ······ Starting [1m@configure_tensorflow[0m
[38;2;74;176;245m[1mProfile[0m ⏱  ······ Time elapsed in [1m@configure_tensorflow[0m: ................. [1m13.7s[0m
[38;2;74;176;245m[1mProfile[0m ⏱  ···· Time elapsed in [1m@initialise_backend[0m: ..................... [1m14.7s[0m
{'config': './configs/default.json',
 'devices': 7,
 'folds': 3,
 'gpu': True,
 'input': './input/',
 'jobname': 'classifier-patch.00000098',
 'mode': 'gpu',
 'optimise_adversarial': False,
 'optimise_classifier': True,
 'output': './output/',
 'patches': ['/exports/eddie3_homes_local/s1562020/work/adversarial/optimisation/experiments/classifier/patches/patch.00000098.json'],
 'tensorboard': True,
 'theano': False,
 'train': False,
 'train_adversarial': False,
 'train_classifier': True,
 'verbose': False}
{u'adversary': {u'compile': {},
                u'fit': {},
                u'model': {u'architecture': [{}, {}, {}, {}],
                           u'default': {u'activation': u'relu',
                                        u'units': 64},
                           u'gmm_components': 10}},
 u'classifier': {u'compile': {u'loss': u'binary_crossentropy',
                              u'optimizer': <keras.optimizers.Adam object at 0x2b665167f310>},
                 u'fit': {u'batch_size': 57344,
                          u'epochs': 50,
                          u'shuffle': True,
                          'verbose': 2},
                 u'model': {u'architecture': [{}],
                            u'default': {u'activation': u'tanh',
                                         u'batchnorm': True,
                                         u'dropout': 0.4988240666140684,
                                         u'units': 512}}},
 u'combined': {u'compile': {u'loss': [u'binary_crossentropy', None],
                            u'loss_weights': [1.8181818181818182e-09, 1.0],
                            u'optimizer': <keras.optimizers.Adam object at 0x2b665167f350>},
               u'fit': {u'batch_size': 57344,
                        u'epochs': 200,
                        u'shuffle': True,
                        'verbose': 2},
               u'model': {u'lambda_reg': 10.0,
                          u'lr_ratio': 1.8181818181818182e-09},
               u'pretrain': 10}}
  TensorFlow version: 1.4.1
[38;2;74;176;245m[1mProfile[0m ⏱  ·· Time elapsed in [1mInitialisation[0m: ............................ [1m14.8s[0m
[38;2;74;176;245m[1mProfile[0m ⏱  ·· Starting [1m@load_data[0m
[38;2;74;176;245m[1mProfile[0m ⏱  ·· Time elapsed in [1m@load_data[0m: ................................ [1m32.0s[0m
[38;2;74;176;245m[1mProfile[0m ⏱  ·· Starting [1m@get_decorrelation_variables[0m
[38;2;74;176;245m[1mProfile[0m ⏱  ·· Time elapsed in [1m@get_decorrelation_variables[0m: ............... [1m0.0s[0m
[38;2;74;176;245m[1mProfile[0m ⏱  ·· Starting [1mClassifier-only fit, cross-validation[0m
[38;2;74;176;245m[1mProfile[0m ⏱  ···· Starting [1mFold 1/3[0m
Train on 1333332 samples, validate on 666668 samples
Epoch 1/50
 - 3s - loss: 0.9766 - val_loss: 0.5060
Epoch 2/50
 - 2s - loss: 0.5111 - val_loss: 0.4807
Epoch 3/50
 - 3s - loss: 0.4701 - val_loss: 0.4599
Epoch 4/50
 - 2s - loss: 0.4589 - val_loss: 0.4529
Epoch 5/50
 - 2s - loss: 0.4495 - val_loss: 0.4330
Epoch 6/50
 - 2s - loss: 0.4291 - val_loss: 0.4089
Epoch 7/50
 - 2s - loss: 0.4171 - val_loss: 0.4028
Epoch 8/50
 - 2s - loss: 0.4096 - val_loss: 0.3930
Epoch 9/50
 - 2s - loss: 0.4072 - val_loss: 0.3994
Epoch 10/50
 - 2s - loss: 0.4129 - val_loss: 0.4045
Epoch 11/50
 - 2s - loss: 0.4145 - val_loss: 0.3966
Epoch 12/50
 - 2s - loss: 0.4049 - val_loss: 0.3954
Epoch 13/50
 - 2s - loss: 0.4079 - val_loss: 0.3865
Epoch 14/50
 - 2s - loss: 0.3993 - val_loss: 0.3926
Epoch 15/50
 - 2s - loss: 0.3993 - val_loss: 0.4019
Epoch 16/50
 - 2s - loss: 0.4209 - val_loss: 0.4045
Epoch 17/50
 - 2s - loss: 0.4018 - val_loss: 0.3836
Epoch 18/50
 - 2s - loss: 0.3948 - val_loss: 0.3847
Epoch 19/50
 - 2s - loss: 0.3983 - val_loss: 0.3916
Epoch 20/50
 - 2s - loss: 0.4256 - val_loss: 0.3842
Epoch 21/50
 - 2s - loss: 0.3999 - val_loss: 0.4024
Epoch 22/50
 - 2s - loss: 0.3954 - val_loss: 0.3837
Epoch 23/50
 - 2s - loss: 0.3949 - val_loss: 0.3820
Epoch 24/50
 - 2s - loss: 0.3914 - val_loss: 0.3790
Epoch 25/50
 - 2s - loss: 0.3930 - val_loss: 0.3796
Epoch 26/50
 - 2s - loss: 0.3929 - val_loss: 0.3802
Epoch 27/50
 - 2s - loss: 0.3925 - val_loss: 0.3850
Epoch 28/50
 - 2s - loss: 0.3956 - val_loss: 0.3830
Epoch 29/50
 - 2s - loss: 0.3945 - val_loss: 0.3864
Epoch 30/50
 - 2s - loss: 0.3946 - val_loss: 0.3847
Epoch 31/50
 - 2s - loss: 0.3897 - val_loss: 0.3830
Epoch 32/50
 - 2s - loss: 0.3904 - val_loss: 0.3751
Epoch 33/50
 - 2s - loss: 0.3889 - val_loss: 0.3854
Epoch 34/50
 - 2s - loss: 0.4054 - val_loss: 0.3800
Epoch 35/50
 - 2s - loss: 0.3962 - val_loss: 0.3773
Epoch 36/50
 - 2s - loss: 0.3886 - val_loss: 0.3890
Epoch 37/50
 - 2s - loss: 0.3910 - val_loss: 0.3806
Epoch 38/50
 - 2s - loss: 0.4008 - val_loss: 0.3865
Epoch 39/50
 - 2s - loss: 0.3917 - val_loss: 0.3773
Epoch 40/50
 - 2s - loss: 0.3978 - val_loss: 0.4330
Epoch 41/50
 - 2s - loss: 0.4057 - val_loss: 0.3822
Epoch 42/50
 - 2s - loss: 0.3917 - val_loss: 0.3779
Epoch 43/50
 - 2s - loss: 0.4049 - val_loss: 0.4089
Epoch 44/50
 - 2s - loss: 0.3959 - val_loss: 0.3959
Epoch 45/50
 - 2s - loss: 0.3950 - val_loss: 0.3860
Epoch 46/50
 - 2s - loss: 0.3940 - val_loss: 0.3871
Epoch 47/50
 - 2s - loss: 0.3958 - val_loss: 0.3809
Epoch 48/50
 - 3s - loss: 0.3898 - val_loss: 0.3828
Epoch 49/50
 - 2s - loss: 0.3923 - val_loss: 0.3976
Epoch 50/50
 - 2s - loss: 0.3969 - val_loss: 0.3831
[38;2;74;176;245m[1mProfile[0m ⏱  ···· Time elapsed in [1mFold 1/3[0m: ............................... [1m133.2s[0m
[38;2;74;176;245m[1mProfile[0m ⏱  ···· Starting [1mFold 2/3[0m
Train on 1333334 samples, validate on 666666 samples
Epoch 1/50
 - 2s - loss: 6.9167 - val_loss: 6.3088
Epoch 2/50
 - 2s - loss: 5.2260 - val_loss: 3.5918
Epoch 3/50
 - 2s - loss: 3.3473 - val_loss: 2.9702
Epoch 4/50
 - 2s - loss: 3.0133 - val_loss: 2.8496
Epoch 5/50
 - 2s - loss: 2.9426 - val_loss: 2.8083
Epoch 6/50
 - 2s - loss: 2.8627 - val_loss: 2.6200
Epoch 7/50
 - 2s - loss: 2.7810 - val_loss: 2.5316
Epoch 8/50
 - 2s - loss: 2.6931 - val_loss: 2.5287
Epoch 9/50
 - 2s - loss: 2.6506 - val_loss: 2.4608
Epoch 10/50
 - 2s - loss: 2.6195 - val_loss: 2.4426
Epoch 11/50
 - 2s - loss: 2.5931 - val_loss: 2.4048
Epoch 12/50
 - 2s - loss: 2.5728 - val_loss: 2.4709
Epoch 13/50
 - 2s - loss: 2.5178 - val_loss: 2.3175
Epoch 14/50
 - 2s - loss: 2.4833 - val_loss: 2.5837
Epoch 15/50
 - 2s - loss: 2.3822 - val_loss: 1.7575
Epoch 16/50
 - 2s - loss: 2.9359 - val_loss: 2.6637
Epoch 17/50
 - 2s - loss: 2.6046 - val_loss: 2.3604
Epoch 18/50
 - 2s - loss: 2.4760 - val_loss: 2.2573
Epoch 19/50
 - 2s - loss: 2.4008 - val_loss: 2.1436
Epoch 20/50
 - 2s - loss: 2.2007 - val_loss: 1.3641
Epoch 21/50
 - 2s - loss: 2.9148 - val_loss: 2.8066
Epoch 22/50
 - 2s - loss: 2.6591 - val_loss: 2.3145
Epoch 23/50
 - 2s - loss: 2.4271 - val_loss: 2.1449
Epoch 24/50
 - 2s - loss: 2.3076 - val_loss: 1.9211
Epoch 25/50
 - 2s - loss: 2.2028 - val_loss: 2.6011
Epoch 26/50
 - 2s - loss: 2.7945 - val_loss: 2.4659
Epoch 27/50
 - 2s - loss: 2.3024 - val_loss: 1.5803
Epoch 28/50
 - 2s - loss: 2.1405 - val_loss: 1.9384
Epoch 29/50
 - 2s - loss: 1.9492 - val_loss: 1.3630
Epoch 30/50
 - 2s - loss: 2.3021 - val_loss: 2.1669
Epoch 31/50
 - 2s - loss: 2.0338 - val_loss: 1.1803
Epoch 32/50
 - 2s - loss: 2.3274 - val_loss: 2.2569
Epoch 33/50
 - 2s - loss: 2.0865 - val_loss: 1.1993
Epoch 34/50
 - 2s - loss: 1.8648 - val_loss: 2.0311
Epoch 35/50
 - 2s - loss: 1.6327 - val_loss: 2.3196
Epoch 36/50
 - 2s - loss: 1.6611 - val_loss: 2.7772
Epoch 37/50
 - 2s - loss: 1.8313 - val_loss: 1.3293
Epoch 38/50
 - 2s - loss: 1.3342 - val_loss: 1.8772
Epoch 39/50
 - 2s - loss: 1.3455 - val_loss: 0.7202
Epoch 40/50
 - 2s - loss: 1.0341 - val_loss: 0.4636
Epoch 41/50
 - 2s - loss: 0.9248 - val_loss: 0.9048
Epoch 42/50
 - 2s - loss: 0.6587 - val_loss: 0.4367
Epoch 43/50
 - 2s - loss: 0.6938 - val_loss: 1.1323
Epoch 44/50
 - 2s - loss: 0.8439 - val_loss: 0.5659
Epoch 45/50
 - 2s - loss: 0.5468 - val_loss: 0.6889
Epoch 46/50
 - 2s - loss: 0.6571 - val_loss: 0.5738
Epoch 47/50
 - 2s - loss: 0.6159 - val_loss: 0.5576
Epoch 48/50
 - 2s - loss: 0.5959 - val_loss: 0.5720
Epoch 49/50
 - 2s - loss: 0.4766 - val_loss: 0.4010
Epoch 50/50
 - 2s - loss: 0.4749 - val_loss: 0.5088
[38;2;74;176;245m[1mProfile[0m ⏱  ···· Time elapsed in [1mFold 2/3[0m: ............................... [1m115.4s[0m
[38;2;74;176;245m[1mProfile[0m ⏱  ···· Starting [1mFold 3/3[0m
Train on 1333334 samples, validate on 666666 samples
Epoch 1/50
 - 3s - loss: 5.3301 - val_loss: 3.7694
Epoch 2/50
 - 2s - loss: 3.3987 - val_loss: 3.2398
Epoch 3/50
 - 2s - loss: 3.2213 - val_loss: 3.0957
Epoch 4/50
 - 3s - loss: 3.1278 - val_loss: 3.0056
Epoch 5/50
 - 2s - loss: 3.0668 - val_loss: 2.8864
Epoch 6/50
 - 2s - loss: 3.0034 - val_loss: 2.7974
Epoch 7/50
 - 2s - loss: 2.9057 - val_loss: 2.6453
Epoch 8/50
 - 2s - loss: 2.7729 - val_loss: 2.5274
Epoch 9/50
 - 2s - loss: 2.6384 - val_loss: 2.3798
Epoch 10/50
 - 2s - loss: 2.6268 - val_loss: 4.4126
Epoch 11/50
 - 2s - loss: 3.1787 - val_loss: 3.0036
Epoch 12/50
 - 2s - loss: 2.8964 - val_loss: 2.6521
Epoch 13/50
 - 2s - loss: 2.7002 - val_loss: 2.4517
Epoch 14/50
 - 2s - loss: 2.5993 - val_loss: 2.3450
Epoch 15/50
 - 2s - loss: 2.4320 - val_loss: 1.9100
Epoch 16/50
 - 2s - loss: 3.0141 - val_loss: 8.0056
Epoch 17/50
 - 2s - loss: 2.9069 - val_loss: 2.5906
Epoch 18/50
 - 2s - loss: 2.6919 - val_loss: 2.4252
Epoch 19/50
 - 2s - loss: 2.5684 - val_loss: 2.3194
Epoch 20/50
 - 2s - loss: 2.4249 - val_loss: 1.9771
Epoch 21/50
 - 2s - loss: 2.1077 - val_loss: 3.0334
Epoch 22/50
 - 2s - loss: 2.8446 - val_loss: 2.3319
Epoch 23/50
 - 2s - loss: 2.3962 - val_loss: 2.0544
Epoch 24/50
 - 2s - loss: 2.1562 - val_loss: 1.4542
Epoch 25/50
 - 2s - loss: 2.0439 - val_loss: 1.8578
Epoch 26/50
 - 2s - loss: 1.7570 - val_loss: 1.9804
Epoch 27/50
 - 2s - loss: 2.0132 - val_loss: 1.7055
Epoch 28/50
 - 2s - loss: 2.2240 - val_loss: 2.6911
Epoch 29/50
 - 2s - loss: 2.6455 - val_loss: 2.1891
Epoch 30/50
 - 2s - loss: 2.2499 - val_loss: 1.7563
Epoch 31/50
 - 2s - loss: 1.9212 - val_loss: 1.0175
Epoch 32/50
 - 2s - loss: 1.5974 - val_loss: 1.2570
Epoch 33/50
 - 2s - loss: 1.5242 - val_loss: 1.7718
Epoch 34/50
 - 2s - loss: 1.4949 - val_loss: 0.7934
Epoch 35/50
 - 2s - loss: 1.1847 - val_loss: 0.5493
Epoch 36/50
 - 2s - loss: 1.1304 - val_loss: 0.9480
Epoch 37/50
 - 2s - loss: 1.1244 - val_loss: 0.8876
Epoch 38/50
 - 2s - loss: 0.9713 - val_loss: 0.7837
Epoch 39/50
 - 2s - loss: 0.7412 - val_loss: 0.8591
Epoch 40/50
 - 2s - loss: 0.6130 - val_loss: 0.4661
Epoch 41/50
 - 2s - loss: 0.6430 - val_loss: 0.4397
Epoch 42/50
 - 2s - loss: 0.6213 - val_loss: 0.5026
Epoch 43/50
 - 2s - loss: 0.5584 - val_loss: 0.6650
Epoch 44/50
 - 2s - loss: 0.5248 - val_loss: 0.4006
Epoch 45/50
 - 2s - loss: 0.4540 - val_loss: 0.4002
Epoch 46/50
 - 2s - loss: 0.4528 - val_loss: 0.3971
Epoch 47/50
 - 2s - loss: 0.4279 - val_loss: 0.3870
Epoch 48/50
 - 2s - loss: 0.4181 - val_loss: 0.4271
Epoch 49/50
 - 2s - loss: 0.4435 - val_loss: 0.3909
Epoch 50/50
 - 2s - loss: 0.4164 - val_loss: 0.3966
Got result 0.485890705843
Completed successfully in 424.34 seconds. [{u'main': 0.4858907058427701}]
[38;2;74;176;245m[1mProfile[0m ⏱  ···· Time elapsed in [1mFold 3/3[0m: ............................... [1m107.1s[0m
[38;2;74;176;245m[1mProfile[0m ⏱  ·· Time elapsed in [1mClassifier-only fit, cross-validation[0m: .... [1m356.3s[0m
[38;2;74;176;245m[1mProfile[0m ⏱  Time elapsed in [1m@main[0m: ....................................... [1m403.4s[0m
cd: Going back to /exports/eddie3_homes_local/s1562020/work/adversarial/optimisation/experiments/classifier
