Job launching after 5.04 seconds in submission.
Running python job.
Changed into dir /exports/eddie3_homes_local/s1562020/work/adversarial/optimisation/experiments/classifier
Importing optimise.py
Running optimise.main()
INFO: Applying patch '/exports/eddie3_homes_local/s1562020/work/adversarial/optimisation/experiments/classifier/patches/patch.00000037.json'
INFO: Found 20 Intel(R) Xeon(R) CPU E5-2630 v4 @ 2.20GHz devices with 10 cores each.
Using TensorFlow backend.
INFO: Scaling classifier/lr -3 -> 0.001
INFO: Scaling classifier/decay -2 -> 0.01
INFO: Scaling classifier/units 9 -> 512
INFO: Writing TensorBoard logs to 'logs/tensorboard/classifier-patch.00000037/'
INFO: Running '/exports/eddie3_homes_local/s1562020/work/adversarial/run/adversarial/common.pyc'
INFO: Command-line arguments:
INFO: Configuration file contents:
INFO: Python version: 2.7.14
INFO: Numpy  version: 1.12.1
INFO: Keras  version: 2.1.5
INFO: Using keras backend: 'tensorflow'
INFO: Found  1000000 training and  1000249 test samples for signal
INFO: Found  1000000 training and 10000000 test samples for background
INFO: load_data: Selecting only training data.
INFO: Implementing gradient reversal layer in TensorFlow
INFO: Training cross-validation classifiers
Call to main function (#37)
  Parameters: {u'classifier/model/default/units': array([9]), u'classifier/compile/decay': array([-2]), u'classifier/model/default/dropout': array([ 0.]), u'classifier/compile/lr': array([-3]), u'classifier/model/architecture': array([1]), u'classifier/model/default/activation': [u'tanh']}
param: classifier/model/default/units
param: classifier/compile/decay
param: classifier/model/default/dropout
param: classifier/compile/lr
param: classifier/model/architecture
param: classifier/model/default/activation
- - - - - - - - - - - - - - - - - - - - - - - - - - - - - - - - - - - - - - - - 
Saving the following patch to '/exports/eddie3_homes_local/s1562020/work/adversarial/optimisation/experiments/classifier/patches/patch.00000037.json':
{u'classifier': {u'compile': {u'lr': -3, u'decay': -2}, u'model': {u'default': {u'units': 9, u'dropout': 0.0, u'activation': u'tanh'}, u'architecture': 1}, 'fit': {'epochs': 50, 'batch_size': 8192}}}
- - - - - - - - - - - - - - - - - - - - - - - - - - - - - - - - - - - - - - - - 
cd: Going to /exports/eddie3_homes_local/s1562020/work/adversarial/
[38;2;74;176;245m[1mProfile[0m ⏱  Starting [1m@main[0m
[38;2;74;176;245m[1mProfile[0m ⏱  ·· Starting [1mInitialisation[0m
[38;2;74;176;245m[1mProfile[0m ⏱  ···· Starting [1m@initialise[0m
[38;2;74;176;245m[1mProfile[0m ⏱  ···· Time elapsed in [1m@initialise[0m: .............................. [1m0.0s[0m
[38;2;74;176;245m[1mProfile[0m ⏱  ···· Starting [1m@initialise_backend[0m
[38;2;74;176;245m[1mProfile[0m ⏱  ······ Starting [1m@configure_tensorflow[0m
[38;2;74;176;245m[1mProfile[0m ⏱  ······ Time elapsed in [1m@configure_tensorflow[0m: ................. [1m17.5s[0m
[38;2;74;176;245m[1mProfile[0m ⏱  ···· Time elapsed in [1m@initialise_backend[0m: ..................... [1m18.8s[0m
{'config': './configs/default.json',
 'devices': 7,
 'folds': 3,
 'gpu': True,
 'input': './input/',
 'jobname': 'classifier-patch.00000037',
 'mode': 'gpu',
 'optimise_adversarial': False,
 'optimise_classifier': True,
 'output': './output/',
 'patches': ['/exports/eddie3_homes_local/s1562020/work/adversarial/optimisation/experiments/classifier/patches/patch.00000037.json'],
 'tensorboard': True,
 'theano': False,
 'train': False,
 'train_adversarial': False,
 'train_classifier': True,
 'verbose': False}
{u'adversary': {u'compile': {},
                u'fit': {},
                u'model': {u'architecture': [{}, {}, {}, {}],
                           u'default': {u'activation': u'relu',
                                        u'units': 64},
                           u'gmm_components': 5}},
 u'classifier': {u'compile': {u'loss': u'binary_crossentropy',
                              u'optimizer': <keras.optimizers.Adam object at 0x2b70345eb310>},
                 u'fit': {u'batch_size': 57344,
                          u'epochs': 50,
                          u'shuffle': True,
                          'verbose': 2},
                 u'model': {u'architecture': [{}],
                            u'default': {u'activation': u'tanh',
                                         u'batchnorm': True,
                                         u'dropout': 0.0,
                                         u'units': 512}}},
 u'combined': {u'compile': {u'loss': [u'binary_crossentropy', None],
                            u'loss_weights': [1.8181818181818182e-09, 1.0],
                            u'optimizer': <keras.optimizers.Adam object at 0x2b70345eb350>},
               u'fit': {u'batch_size': 57344,
                        u'epochs': 100,
                        u'shuffle': True,
                        'verbose': 2},
               u'model': {u'lambda_reg': 10.0,
                          u'lr_ratio': 1.8181818181818182e-09},
               u'pretrain': 10}}
  TensorFlow version: 1.4.1
[38;2;74;176;245m[1mProfile[0m ⏱  ·· Time elapsed in [1mInitialisation[0m: ............................ [1m18.9s[0m
[38;2;74;176;245m[1mProfile[0m ⏱  ·· Starting [1m@load_data[0m
[38;2;74;176;245m[1mProfile[0m ⏱  ·· Time elapsed in [1m@load_data[0m: ................................ [1m37.3s[0m
[38;2;74;176;245m[1mProfile[0m ⏱  ·· Starting [1m@get_decorrelation_variables[0m
[38;2;74;176;245m[1mProfile[0m ⏱  ·· Time elapsed in [1m@get_decorrelation_variables[0m: ............... [1m0.0s[0m
[38;2;74;176;245m[1mProfile[0m ⏱  ·· Starting [1mClassifier-only fit, cross-validation[0m
[38;2;74;176;245m[1mProfile[0m ⏱  ···· Starting [1mFold 1/3[0m
Train on 1333332 samples, validate on 666668 samples
Epoch 1/50
 - 2s - loss: 0.5568 - val_loss: 0.4874
Epoch 2/50
 - 2s - loss: 0.4786 - val_loss: 0.4796
Epoch 3/50
 - 2s - loss: 0.4724 - val_loss: 0.4711
Epoch 4/50
 - 2s - loss: 0.4718 - val_loss: 0.4768
Epoch 5/50
 - 2s - loss: 0.4719 - val_loss: 0.4760
Epoch 6/50
 - 2s - loss: 0.4714 - val_loss: 0.4763
Epoch 7/50
 - 2s - loss: 0.4718 - val_loss: 0.4745
Epoch 8/50
 - 2s - loss: 0.4718 - val_loss: 0.4729
Epoch 9/50
 - 2s - loss: 0.4714 - val_loss: 0.4730
Epoch 10/50
 - 2s - loss: 0.4713 - val_loss: 0.4732
Epoch 11/50
 - 2s - loss: 0.4716 - val_loss: 0.4724
Epoch 12/50
 - 2s - loss: 0.4713 - val_loss: 0.4751
Epoch 13/50
 - 2s - loss: 0.4713 - val_loss: 0.4764
Epoch 14/50
 - 2s - loss: 0.4713 - val_loss: 0.4756
Epoch 15/50
 - 2s - loss: 0.4715 - val_loss: 0.4742
Epoch 16/50
 - 2s - loss: 0.4711 - val_loss: 0.4737
Epoch 17/50
 - 2s - loss: 0.4712 - val_loss: 0.4735
Epoch 18/50
 - 2s - loss: 0.4708 - val_loss: 0.4728
Epoch 19/50
 - 2s - loss: 0.4711 - val_loss: 0.4776
Epoch 20/50
 - 2s - loss: 0.4709 - val_loss: 0.4712
Epoch 21/50
 - 2s - loss: 0.4714 - val_loss: 0.4728
Epoch 22/50
 - 2s - loss: 0.4709 - val_loss: 0.4745
Epoch 23/50
 - 2s - loss: 0.4708 - val_loss: 0.4733
Epoch 24/50
 - 2s - loss: 0.4709 - val_loss: 0.4725
Epoch 25/50
 - 2s - loss: 0.4706 - val_loss: 0.4728
Epoch 26/50
 - 2s - loss: 0.4704 - val_loss: 0.4746
Epoch 27/50
 - 2s - loss: 0.4705 - val_loss: 0.4735
Epoch 28/50
 - 2s - loss: 0.4704 - val_loss: 0.4733
Epoch 29/50
 - 2s - loss: 0.4704 - val_loss: 0.4740
Epoch 30/50
 - 2s - loss: 0.4705 - val_loss: 0.4741
Epoch 31/50
 - 2s - loss: 0.4705 - val_loss: 0.4754
Epoch 32/50
 - 2s - loss: 0.4705 - val_loss: 0.4744
Epoch 33/50
 - 2s - loss: 0.4703 - val_loss: 0.4749
Epoch 34/50
 - 2s - loss: 0.4700 - val_loss: 0.4730
Epoch 35/50
 - 2s - loss: 0.4702 - val_loss: 0.4709
Epoch 36/50
 - 2s - loss: 0.4700 - val_loss: 0.4735
Epoch 37/50
 - 2s - loss: 0.4700 - val_loss: 0.4726
Epoch 38/50
 - 2s - loss: 0.4699 - val_loss: 0.4735
Epoch 39/50
 - 2s - loss: 0.4699 - val_loss: 0.4725
Epoch 40/50
 - 2s - loss: 0.4699 - val_loss: 0.4724
Epoch 41/50
 - 2s - loss: 0.4702 - val_loss: 0.4745
Epoch 42/50
 - 2s - loss: 0.4697 - val_loss: 0.4715
Epoch 43/50
 - 3s - loss: 0.4697 - val_loss: 0.4776
Epoch 44/50
 - 2s - loss: 0.4695 - val_loss: 0.4724
Epoch 45/50
 - 2s - loss: 0.4694 - val_loss: 0.4731
Epoch 46/50
 - 2s - loss: 0.4696 - val_loss: 0.4727
Epoch 47/50
 - 2s - loss: 0.4694 - val_loss: 0.4705
Epoch 48/50
 - 2s - loss: 0.4692 - val_loss: 0.4727
Epoch 49/50
 - 2s - loss: 0.4692 - val_loss: 0.4728
Epoch 50/50
 - 2s - loss: 0.4691 - val_loss: 0.4716
[38;2;74;176;245m[1mProfile[0m ⏱  ···· Time elapsed in [1mFold 1/3[0m: ............................... [1m128.0s[0m
[38;2;74;176;245m[1mProfile[0m ⏱  ···· Starting [1mFold 2/3[0m
Train on 1333334 samples, validate on 666666 samples
Epoch 1/50
 - 3s - loss: 0.6211 - val_loss: 0.5455
Epoch 2/50
 - 2s - loss: 0.5154 - val_loss: 0.4990
Epoch 3/50
 - 2s - loss: 0.4894 - val_loss: 0.4873
Epoch 4/50
 - 2s - loss: 0.4804 - val_loss: 0.4805
Epoch 5/50
 - 2s - loss: 0.4768 - val_loss: 0.4787
Epoch 6/50
 - 2s - loss: 0.4748 - val_loss: 0.4785
Epoch 7/50
 - 2s - loss: 0.4738 - val_loss: 0.4763
Epoch 8/50
 - 2s - loss: 0.4731 - val_loss: 0.4760
Epoch 9/50
 - 2s - loss: 0.4728 - val_loss: 0.4741
Epoch 10/50
 - 2s - loss: 0.4725 - val_loss: 0.4770
Epoch 11/50
 - 2s - loss: 0.4723 - val_loss: 0.4768
Epoch 12/50
 - 2s - loss: 0.4723 - val_loss: 0.4746
Epoch 13/50
 - 2s - loss: 0.4719 - val_loss: 0.4740
Epoch 14/50
 - 2s - loss: 0.4721 - val_loss: 0.4745
Epoch 15/50
 - 2s - loss: 0.4719 - val_loss: 0.4732
Epoch 16/50
 - 2s - loss: 0.4720 - val_loss: 0.4729
Epoch 17/50
 - 2s - loss: 0.4720 - val_loss: 0.4732
Epoch 18/50
 - 2s - loss: 0.4719 - val_loss: 0.4748
Epoch 19/50
 - 2s - loss: 0.4721 - val_loss: 0.4725
Epoch 20/50
 - 2s - loss: 0.4718 - val_loss: 0.4739
Epoch 21/50
 - 2s - loss: 0.4716 - val_loss: 0.4738
Epoch 22/50
 - 2s - loss: 0.4717 - val_loss: 0.4740
Epoch 23/50
 - 2s - loss: 0.4715 - val_loss: 0.4723
Epoch 24/50
 - 2s - loss: 0.4716 - val_loss: 0.4730
Epoch 25/50
 - 2s - loss: 0.4716 - val_loss: 0.4730
Epoch 26/50
 - 2s - loss: 0.4716 - val_loss: 0.4751
Epoch 27/50
 - 2s - loss: 0.4719 - val_loss: 0.4736
Epoch 28/50
 - 2s - loss: 0.4715 - val_loss: 0.4763
Epoch 29/50
 - 2s - loss: 0.4717 - val_loss: 0.4758
Epoch 30/50
 - 2s - loss: 0.4717 - val_loss: 0.4747
Epoch 31/50
 - 2s - loss: 0.4718 - val_loss: 0.4729
Epoch 32/50
 - 2s - loss: 0.4720 - val_loss: 0.4730
Epoch 33/50
 - 1s - loss: 0.4717 - val_loss: 0.4752
Epoch 34/50
 - 1s - loss: 0.4715 - val_loss: 0.4742
Epoch 35/50
 - 2s - loss: 0.4714 - val_loss: 0.4748
Epoch 36/50
 - 2s - loss: 0.4716 - val_loss: 0.4738
Epoch 37/50
 - 1s - loss: 0.4715 - val_loss: 0.4751
Epoch 38/50
 - 2s - loss: 0.4714 - val_loss: 0.4747
Epoch 39/50
 - 2s - loss: 0.4714 - val_loss: 0.4744
Epoch 40/50
 - 2s - loss: 0.4715 - val_loss: 0.4734
Epoch 41/50
 - 2s - loss: 0.4716 - val_loss: 0.4728
Epoch 42/50
 - 2s - loss: 0.4716 - val_loss: 0.4735
Epoch 43/50
 - 1s - loss: 0.4713 - val_loss: 0.4725
Epoch 44/50
 - 1s - loss: 0.4715 - val_loss: 0.4746
Epoch 45/50
 - 1s - loss: 0.4715 - val_loss: 0.4723
Epoch 46/50
 - 1s - loss: 0.4714 - val_loss: 0.4810
Epoch 47/50
 - 1s - loss: 0.4712 - val_loss: 0.4740
Epoch 48/50
 - 1s - loss: 0.4714 - val_loss: 0.4727
Epoch 49/50
 - 1s - loss: 0.4713 - val_loss: 0.4754
Epoch 50/50
 - 1s - loss: 0.4714 - val_loss: 0.4771
[38;2;74;176;245m[1mProfile[0m ⏱  ···· Time elapsed in [1mFold 2/3[0m: ............................... [1m100.0s[0m
[38;2;74;176;245m[1mProfile[0m ⏱  ···· Starting [1mFold 3/3[0m
Train on 1333334 samples, validate on 666666 samples
Epoch 1/50
 - 2s - loss: 0.6164 - val_loss: 0.5681
Epoch 2/50
 - 2s - loss: 0.5395 - val_loss: 0.5301
Epoch 3/50
 - 2s - loss: 0.5105 - val_loss: 0.5064
Epoch 4/50
 - 2s - loss: 0.4962 - val_loss: 0.4970
Epoch 5/50
 - 2s - loss: 0.4884 - val_loss: 0.4917
Epoch 6/50
 - 2s - loss: 0.4832 - val_loss: 0.4846
Epoch 7/50
 - 2s - loss: 0.4803 - val_loss: 0.4845
Epoch 8/50
 - 2s - loss: 0.4776 - val_loss: 0.4821
Epoch 9/50
 - 2s - loss: 0.4765 - val_loss: 0.4808
Epoch 10/50
 - 2s - loss: 0.4751 - val_loss: 0.4805
Epoch 11/50
 - 2s - loss: 0.4743 - val_loss: 0.4797
Epoch 12/50
 - 2s - loss: 0.4737 - val_loss: 0.4774
Epoch 13/50
 - 2s - loss: 0.4735 - val_loss: 0.4779
Epoch 14/50
 - 2s - loss: 0.4730 - val_loss: 0.4780
Epoch 15/50
 - 2s - loss: 0.4727 - val_loss: 0.4763
Epoch 16/50
 - 2s - loss: 0.4725 - val_loss: 0.4771
Epoch 17/50
 - 2s - loss: 0.4723 - val_loss: 0.4797
Epoch 18/50
 - 2s - loss: 0.4722 - val_loss: 0.4792
Epoch 19/50
 - 2s - loss: 0.4722 - val_loss: 0.4783
Epoch 20/50
 - 2s - loss: 0.4720 - val_loss: 0.4769
Epoch 21/50
 - 2s - loss: 0.4721 - val_loss: 0.4739
Epoch 22/50
 - 2s - loss: 0.4717 - val_loss: 0.4738
Epoch 23/50
 - 2s - loss: 0.4720 - val_loss: 0.4742
Epoch 24/50
 - 2s - loss: 0.4716 - val_loss: 0.4743
Epoch 25/50
 - 2s - loss: 0.4718 - val_loss: 0.4744
Epoch 26/50
 - 2s - loss: 0.4718 - val_loss: 0.4748
Epoch 27/50
 - 2s - loss: 0.4719 - val_loss: 0.4747
Epoch 28/50
 - 2s - loss: 0.4720 - val_loss: 0.4754
Epoch 29/50
 - 2s - loss: 0.4717 - val_loss: 0.4747
Epoch 30/50
 - 2s - loss: 0.4718 - val_loss: 0.4767
Epoch 31/50
 - 2s - loss: 0.4716 - val_loss: 0.4741
Epoch 32/50
 - 2s - loss: 0.4717 - val_loss: 0.4744
Epoch 33/50
 - 2s - loss: 0.4718 - val_loss: 0.4760
Epoch 34/50
 - 3s - loss: 0.4718 - val_loss: 0.4743
Epoch 35/50
 - 2s - loss: 0.4718 - val_loss: 0.4760
Epoch 36/50
 - 2s - loss: 0.4717 - val_loss: 0.4761
Epoch 37/50
 - 2s - loss: 0.4717 - val_loss: 0.4740
Epoch 38/50
 - 2s - loss: 0.4717 - val_loss: 0.4745
Epoch 39/50
 - 2s - loss: 0.4715 - val_loss: 0.4746
Epoch 40/50
 - 2s - loss: 0.4716 - val_loss: 0.4762
Epoch 41/50
 - 2s - loss: 0.4715 - val_loss: 0.4752
Epoch 42/50
 - 2s - loss: 0.4715 - val_loss: 0.4733
Epoch 43/50
 - 2s - loss: 0.4718 - val_loss: 0.4743
Epoch 44/50
 - 2s - loss: 0.4716 - val_loss: 0.4753
Epoch 45/50
 - 2s - loss: 0.4716 - val_loss: 0.4729
Epoch 46/50
 - 2s - loss: 0.4716 - val_loss: 0.4768
Epoch 47/50
 - 2s - loss: 0.4712 - val_loss: 0.4751
Epoch 48/50
 - 2s - loss: 0.4714 - val_loss: 0.4736
Epoch 49/50
 - 2s - loss: 0.4718 - val_loss: 0.4733
Epoch 50/50
 - 2s - loss: 0.4716 - val_loss: 0.4757
Got result 0.477135009537
Completed successfully in 418.29 seconds. [{u'main': 0.47713500953697446}]
[38;2;74;176;245m[1mProfile[0m ⏱  ···· Time elapsed in [1mFold 3/3[0m: ............................... [1m105.0s[0m
[38;2;74;176;245m[1mProfile[0m ⏱  ·· Time elapsed in [1mClassifier-only fit, cross-validation[0m: .... [1m333.8s[0m
[38;2;74;176;245m[1mProfile[0m ⏱  Time elapsed in [1m@main[0m: ....................................... [1m390.4s[0m
cd: Going back to /exports/eddie3_homes_local/s1562020/work/adversarial/optimisation/experiments/classifier
