Job launching after 4.27 seconds in submission.
Running python job.
Changed into dir /exports/eddie3_homes_local/s1562020/work/adversarial/optimisation/experiments/classifier
Importing optimise.py
Running optimise.main()
INFO: Applying patch '/exports/eddie3_homes_local/s1562020/work/adversarial/optimisation/experiments/classifier/patches/patch.00000023.json'
INFO: Found 20 Intel(R) Xeon(R) CPU E5-2630 v4 @ 2.20GHz devices with 10 cores each.
Using TensorFlow backend.
INFO: Scaling classifier/lr -2 -> 0.01
INFO: Scaling classifier/decay -2 -> 0.01
INFO: Scaling classifier/units 6 -> 64
INFO: Writing TensorBoard logs to 'logs/tensorboard/classifier-patch.00000023/'
INFO: Running '/exports/eddie3_homes_local/s1562020/work/adversarial/run/adversarial/common.pyc'
INFO: Command-line arguments:
INFO: Configuration file contents:
INFO: Python version: 2.7.14
INFO: Numpy  version: 1.12.1
INFO: Keras  version: 2.1.5
INFO: Using keras backend: 'tensorflow'
INFO: Found  1000000 training and  1000249 test samples for signal
INFO: Found  1000000 training and 10000000 test samples for background
INFO: load_data: Selecting only training data.
INFO: Implementing gradient reversal layer in TensorFlow
INFO: Training cross-validation classifiers
Call to main function (#23)
  Parameters: {u'classifier/model/default/units': array([6]), u'classifier/compile/decay': array([-2]), u'classifier/model/default/dropout': array([ 0.]), u'classifier/compile/lr': array([-2]), u'classifier/model/architecture': array([1]), u'classifier/model/default/activation': [u'tanh']}
param: classifier/model/default/units
param: classifier/compile/decay
param: classifier/model/default/dropout
param: classifier/compile/lr
param: classifier/model/architecture
param: classifier/model/default/activation
- - - - - - - - - - - - - - - - - - - - - - - - - - - - - - - - - - - - - - - - 
Saving the following patch to '/exports/eddie3_homes_local/s1562020/work/adversarial/optimisation/experiments/classifier/patches/patch.00000023.json':
{u'classifier': {u'compile': {u'lr': -2, u'decay': -2}, u'model': {u'default': {u'units': 6, u'dropout': 0.0, u'activation': u'tanh'}, u'architecture': 1}, 'fit': {'epochs': 50, 'batch_size': 8192}}}
- - - - - - - - - - - - - - - - - - - - - - - - - - - - - - - - - - - - - - - - 
cd: Going to /exports/eddie3_homes_local/s1562020/work/adversarial/
[38;2;74;176;245m[1mProfile[0m ⏱  Starting [1m@main[0m
[38;2;74;176;245m[1mProfile[0m ⏱  ·· Starting [1mInitialisation[0m
[38;2;74;176;245m[1mProfile[0m ⏱  ···· Starting [1m@initialise[0m
[38;2;74;176;245m[1mProfile[0m ⏱  ···· Time elapsed in [1m@initialise[0m: .............................. [1m0.1s[0m
[38;2;74;176;245m[1mProfile[0m ⏱  ···· Starting [1m@initialise_backend[0m
[38;2;74;176;245m[1mProfile[0m ⏱  ······ Starting [1m@configure_tensorflow[0m
[38;2;74;176;245m[1mProfile[0m ⏱  ······ Time elapsed in [1m@configure_tensorflow[0m: ................. [1m17.0s[0m
[38;2;74;176;245m[1mProfile[0m ⏱  ···· Time elapsed in [1m@initialise_backend[0m: ..................... [1m18.2s[0m
{'config': './configs/default.json',
 'devices': 7,
 'folds': 3,
 'gpu': True,
 'input': './input/',
 'jobname': 'classifier-patch.00000023',
 'mode': 'gpu',
 'optimise_adversarial': False,
 'optimise_classifier': True,
 'output': './output/',
 'patches': ['/exports/eddie3_homes_local/s1562020/work/adversarial/optimisation/experiments/classifier/patches/patch.00000023.json'],
 'tensorboard': True,
 'theano': False,
 'train': False,
 'train_adversarial': False,
 'train_classifier': True,
 'verbose': False}
{u'adversary': {u'compile': {},
                u'fit': {},
                u'model': {u'architecture': [{}, {}, {}, {}],
                           u'default': {u'activation': u'relu',
                                        u'units': 64},
                           u'gmm_components': 5}},
 u'classifier': {u'compile': {u'loss': u'binary_crossentropy',
                              u'optimizer': <keras.optimizers.Adam object at 0x2b3d9bd73310>},
                 u'fit': {u'batch_size': 57344,
                          u'epochs': 50,
                          u'shuffle': True,
                          'verbose': 2},
                 u'model': {u'architecture': [{}],
                            u'default': {u'activation': u'tanh',
                                         u'batchnorm': True,
                                         u'dropout': 0.0,
                                         u'units': 64}}},
 u'combined': {u'compile': {u'loss': [u'binary_crossentropy', None],
                            u'loss_weights': [9.09090909090909e-09, 1.0],
                            u'optimizer': <keras.optimizers.Adam object at 0x2b3d9bd73350>},
               u'fit': {u'batch_size': 57344,
                        u'epochs': 200,
                        u'shuffle': True,
                        'verbose': 2},
               u'model': {u'lambda_reg': 10.0,
                          u'lr_ratio': 9.09090909090909e-09},
               u'pretrain': 10}}
  TensorFlow version: 1.4.1
[38;2;74;176;245m[1mProfile[0m ⏱  ·· Time elapsed in [1mInitialisation[0m: ............................ [1m18.4s[0m
[38;2;74;176;245m[1mProfile[0m ⏱  ·· Starting [1m@load_data[0m
[38;2;74;176;245m[1mProfile[0m ⏱  ·· Time elapsed in [1m@load_data[0m: ................................ [1m35.1s[0m
[38;2;74;176;245m[1mProfile[0m ⏱  ·· Starting [1m@get_decorrelation_variables[0m
[38;2;74;176;245m[1mProfile[0m ⏱  ·· Time elapsed in [1m@get_decorrelation_variables[0m: ............... [1m0.0s[0m
[38;2;74;176;245m[1mProfile[0m ⏱  ·· Starting [1mClassifier-only fit, cross-validation[0m
[38;2;74;176;245m[1mProfile[0m ⏱  ···· Starting [1mFold 1/3[0m
Train on 1333332 samples, validate on 666668 samples
Epoch 1/50
 - 2s - loss: 0.5596 - val_loss: 0.4783
Epoch 2/50
 - 1s - loss: 0.4674 - val_loss: 0.4661
Epoch 3/50
 - 1s - loss: 0.4607 - val_loss: 0.4616
Epoch 4/50
 - 2s - loss: 0.4556 - val_loss: 0.4505
Epoch 5/50
 - 2s - loss: 0.4513 - val_loss: 0.4515
Epoch 6/50
 - 1s - loss: 0.4463 - val_loss: 0.4475
Epoch 7/50
 - 2s - loss: 0.4428 - val_loss: 0.4454
Epoch 8/50
 - 1s - loss: 0.4387 - val_loss: 0.4392
Epoch 9/50
 - 2s - loss: 0.4342 - val_loss: 0.4338
Epoch 10/50
 - 2s - loss: 0.4301 - val_loss: 0.4288
Epoch 11/50
 - 1s - loss: 0.4262 - val_loss: 0.4264
Epoch 12/50
 - 1s - loss: 0.4217 - val_loss: 0.4192
Epoch 13/50
 - 2s - loss: 0.4174 - val_loss: 0.4169
Epoch 14/50
 - 1s - loss: 0.4127 - val_loss: 0.4115
Epoch 15/50
 - 1s - loss: 0.4083 - val_loss: 0.4073
Epoch 16/50
 - 1s - loss: 0.4035 - val_loss: 0.4034
Epoch 17/50
 - 1s - loss: 0.3994 - val_loss: 0.3992
Epoch 18/50
 - 2s - loss: 0.3954 - val_loss: 0.3944
Epoch 19/50
 - 2s - loss: 0.3924 - val_loss: 0.3903
Epoch 20/50
 - 2s - loss: 0.3895 - val_loss: 0.3925
Epoch 21/50
 - 1s - loss: 0.3879 - val_loss: 0.3918
Epoch 22/50
 - 1s - loss: 0.3854 - val_loss: 0.3873
Epoch 23/50
 - 2s - loss: 0.3840 - val_loss: 0.3861
Epoch 24/50
 - 1s - loss: 0.3828 - val_loss: 0.3826
Epoch 25/50
 - 1s - loss: 0.3813 - val_loss: 0.3822
Epoch 26/50
 - 2s - loss: 0.3803 - val_loss: 0.3819
Epoch 27/50
 - 1s - loss: 0.3796 - val_loss: 0.3790
Epoch 28/50
 - 1s - loss: 0.3788 - val_loss: 0.3810
Epoch 29/50
 - 1s - loss: 0.3783 - val_loss: 0.3811
Epoch 30/50
 - 2s - loss: 0.3776 - val_loss: 0.3791
Epoch 31/50
 - 1s - loss: 0.3770 - val_loss: 0.3768
Epoch 32/50
 - 1s - loss: 0.3766 - val_loss: 0.3778
Epoch 33/50
 - 1s - loss: 0.3761 - val_loss: 0.3786
Epoch 34/50
 - 1s - loss: 0.3755 - val_loss: 0.3760
Epoch 35/50
 - 1s - loss: 0.3752 - val_loss: 0.3770
Epoch 36/50
 - 2s - loss: 0.3746 - val_loss: 0.3760
Epoch 37/50
 - 1s - loss: 0.3743 - val_loss: 0.3757
Epoch 38/50
 - 1s - loss: 0.3738 - val_loss: 0.3738
Epoch 39/50
 - 1s - loss: 0.3738 - val_loss: 0.3746
Epoch 40/50
 - 1s - loss: 0.3734 - val_loss: 0.3735
Epoch 41/50
 - 1s - loss: 0.3732 - val_loss: 0.3744
Epoch 42/50
 - 1s - loss: 0.3728 - val_loss: 0.3772
Epoch 43/50
 - 1s - loss: 0.3725 - val_loss: 0.3735
Epoch 44/50
 - 1s - loss: 0.3722 - val_loss: 0.3712
Epoch 45/50
 - 1s - loss: 0.3721 - val_loss: 0.3731
Epoch 46/50
 - 1s - loss: 0.3719 - val_loss: 0.3715
Epoch 47/50
 - 1s - loss: 0.3717 - val_loss: 0.3728
Epoch 48/50
 - 1s - loss: 0.3714 - val_loss: 0.3729
Epoch 49/50
 - 1s - loss: 0.3713 - val_loss: 0.3721
Epoch 50/50
 - 1s - loss: 0.3711 - val_loss: 0.3727
[38;2;74;176;245m[1mProfile[0m ⏱  ···· Time elapsed in [1mFold 1/3[0m: ................................ [1m96.3s[0m
[38;2;74;176;245m[1mProfile[0m ⏱  ···· Starting [1mFold 2/3[0m
Train on 1333334 samples, validate on 666666 samples
Epoch 1/50
 - 1s - loss: 0.5844 - val_loss: 0.5036
Epoch 2/50
 - 1s - loss: 0.4751 - val_loss: 0.4741
Epoch 3/50
 - 1s - loss: 0.4694 - val_loss: 0.4679
Epoch 4/50
 - 1s - loss: 0.4674 - val_loss: 0.4671
Epoch 5/50
 - 1s - loss: 0.4661 - val_loss: 0.4678
Epoch 6/50
 - 1s - loss: 0.4649 - val_loss: 0.4664
Epoch 7/50
 - 1s - loss: 0.4633 - val_loss: 0.4626
Epoch 8/50
 - 1s - loss: 0.4616 - val_loss: 0.4665
Epoch 9/50
 - 1s - loss: 0.4600 - val_loss: 0.4601
Epoch 10/50
 - 1s - loss: 0.4584 - val_loss: 0.4610
Epoch 11/50
 - 2s - loss: 0.4567 - val_loss: 0.4588
Epoch 12/50
 - 2s - loss: 0.4551 - val_loss: 0.4591
Epoch 13/50
 - 1s - loss: 0.4531 - val_loss: 0.4534
Epoch 14/50
 - 1s - loss: 0.4516 - val_loss: 0.4539
Epoch 15/50
 - 1s - loss: 0.4498 - val_loss: 0.4526
Epoch 16/50
 - 1s - loss: 0.4482 - val_loss: 0.4491
Epoch 17/50
 - 1s - loss: 0.4467 - val_loss: 0.4484
Epoch 18/50
 - 1s - loss: 0.4450 - val_loss: 0.4464
Epoch 19/50
 - 1s - loss: 0.4436 - val_loss: 0.4438
Epoch 20/50
 - 1s - loss: 0.4418 - val_loss: 0.4417
Epoch 21/50
 - 1s - loss: 0.4401 - val_loss: 0.4400
Epoch 22/50
 - 1s - loss: 0.4388 - val_loss: 0.4371
Epoch 23/50
 - 1s - loss: 0.4370 - val_loss: 0.4393
Epoch 24/50
 - 1s - loss: 0.4357 - val_loss: 0.4355
Epoch 25/50
 - 1s - loss: 0.4342 - val_loss: 0.4330
Epoch 26/50
 - 1s - loss: 0.4328 - val_loss: 0.4336
Epoch 27/50
 - 1s - loss: 0.4315 - val_loss: 0.4321
Epoch 28/50
 - 2s - loss: 0.4297 - val_loss: 0.4330
Epoch 29/50
 - 1s - loss: 0.4285 - val_loss: 0.4283
Epoch 30/50
 - 1s - loss: 0.4271 - val_loss: 0.4284
Epoch 31/50
 - 1s - loss: 0.4256 - val_loss: 0.4255
Epoch 32/50
 - 2s - loss: 0.4242 - val_loss: 0.4237
Epoch 33/50
 - 1s - loss: 0.4224 - val_loss: 0.4222
Epoch 34/50
 - 1s - loss: 0.4208 - val_loss: 0.4212
Epoch 35/50
 - 1s - loss: 0.4193 - val_loss: 0.4212
Epoch 36/50
 - 1s - loss: 0.4177 - val_loss: 0.4196
Epoch 37/50
 - 2s - loss: 0.4161 - val_loss: 0.4175
Epoch 38/50
 - 1s - loss: 0.4145 - val_loss: 0.4157
Epoch 39/50
 - 1s - loss: 0.4129 - val_loss: 0.4138
Epoch 40/50
 - 1s - loss: 0.4114 - val_loss: 0.4104
Epoch 41/50
 - 1s - loss: 0.4099 - val_loss: 0.4090
Epoch 42/50
 - 1s - loss: 0.4085 - val_loss: 0.4073
Epoch 43/50
 - 1s - loss: 0.4068 - val_loss: 0.4067
Epoch 44/50
 - 1s - loss: 0.4054 - val_loss: 0.4061
Epoch 45/50
 - 1s - loss: 0.4041 - val_loss: 0.4038
Epoch 46/50
 - 1s - loss: 0.4026 - val_loss: 0.4050
Epoch 47/50
 - 1s - loss: 0.4011 - val_loss: 0.4020
Epoch 48/50
 - 1s - loss: 0.3999 - val_loss: 0.4001
Epoch 49/50
 - 2s - loss: 0.3987 - val_loss: 0.3987
Epoch 50/50
 - 1s - loss: 0.3975 - val_loss: 0.3975
[38;2;74;176;245m[1mProfile[0m ⏱  ···· Time elapsed in [1mFold 2/3[0m: ................................ [1m75.3s[0m
[38;2;74;176;245m[1mProfile[0m ⏱  ···· Starting [1mFold 3/3[0m
Train on 1333334 samples, validate on 666666 samples
Epoch 1/50
 - 2s - loss: 0.5964 - val_loss: 0.5088
Epoch 2/50
 - 1s - loss: 0.4849 - val_loss: 0.4819
Epoch 3/50
 - 1s - loss: 0.4710 - val_loss: 0.4794
Epoch 4/50
 - 1s - loss: 0.4670 - val_loss: 0.4705
Epoch 5/50
 - 2s - loss: 0.4657 - val_loss: 0.4667
Epoch 6/50
 - 1s - loss: 0.4644 - val_loss: 0.4684
Epoch 7/50
 - 1s - loss: 0.4637 - val_loss: 0.4636
Epoch 8/50
 - 1s - loss: 0.4623 - val_loss: 0.4658
Epoch 9/50
 - 1s - loss: 0.4618 - val_loss: 0.4640
Epoch 10/50
 - 1s - loss: 0.4606 - val_loss: 0.4631
Epoch 11/50
 - 1s - loss: 0.4597 - val_loss: 0.4614
Epoch 12/50
 - 1s - loss: 0.4586 - val_loss: 0.4615
Epoch 13/50
 - 2s - loss: 0.4580 - val_loss: 0.4604
Epoch 14/50
 - 1s - loss: 0.4570 - val_loss: 0.4607
Epoch 15/50
 - 1s - loss: 0.4559 - val_loss: 0.4587
Epoch 16/50
 - 2s - loss: 0.4550 - val_loss: 0.4575
Epoch 17/50
 - 2s - loss: 0.4540 - val_loss: 0.4565
Epoch 18/50
 - 1s - loss: 0.4531 - val_loss: 0.4562
Epoch 19/50
 - 2s - loss: 0.4521 - val_loss: 0.4529
Epoch 20/50
 - 2s - loss: 0.4512 - val_loss: 0.4471
Epoch 21/50
 - 2s - loss: 0.4504 - val_loss: 0.4527
Epoch 22/50
 - 2s - loss: 0.4491 - val_loss: 0.4512
Epoch 23/50
 - 1s - loss: 0.4485 - val_loss: 0.4494
Epoch 24/50
 - 2s - loss: 0.4473 - val_loss: 0.4452
Epoch 25/50
 - 2s - loss: 0.4467 - val_loss: 0.4481
Epoch 26/50
 - 2s - loss: 0.4457 - val_loss: 0.4513
Epoch 27/50
 - 2s - loss: 0.4451 - val_loss: 0.4457
Epoch 28/50
 - 1s - loss: 0.4444 - val_loss: 0.4465
Epoch 29/50
 - 2s - loss: 0.4433 - val_loss: 0.4449
Epoch 30/50
 - 2s - loss: 0.4427 - val_loss: 0.4449
Epoch 31/50
 - 1s - loss: 0.4417 - val_loss: 0.4434
Epoch 32/50
 - 1s - loss: 0.4410 - val_loss: 0.4448
Epoch 33/50
 - 2s - loss: 0.4404 - val_loss: 0.4421
Epoch 34/50
 - 1s - loss: 0.4395 - val_loss: 0.4423
Epoch 35/50
 - 2s - loss: 0.4387 - val_loss: 0.4418
Epoch 36/50
 - 1s - loss: 0.4379 - val_loss: 0.4404
Epoch 37/50
 - 1s - loss: 0.4372 - val_loss: 0.4407
Epoch 38/50
 - 1s - loss: 0.4364 - val_loss: 0.4363
Epoch 39/50
 - 1s - loss: 0.4355 - val_loss: 0.4366
Epoch 40/50
 - 2s - loss: 0.4347 - val_loss: 0.4372
Epoch 41/50
 - 1s - loss: 0.4338 - val_loss: 0.4363
Epoch 42/50
 - 1s - loss: 0.4330 - val_loss: 0.4355
Epoch 43/50
 - 1s - loss: 0.4325 - val_loss: 0.4346
Epoch 44/50
 - 1s - loss: 0.4314 - val_loss: 0.4332
Epoch 45/50
 - 1s - loss: 0.4307 - val_loss: 0.4310
Epoch 46/50
 - 1s - loss: 0.4299 - val_loss: 0.4322
Epoch 47/50
 - 1s - loss: 0.4286 - val_loss: 0.4318
Epoch 48/50
 - 1s - loss: 0.4280 - val_loss: 0.4299
Epoch 49/50
 - 1s - loss: 0.4275 - val_loss: 0.4289
Epoch 50/50
 - 1s - loss: 0.4264 - val_loss: 0.4284
Got result 0.422296264986
Completed successfully in 332.20 seconds. [{u'main': 0.42229626498648265}]
[38;2;74;176;245m[1mProfile[0m ⏱  ···· Time elapsed in [1mFold 3/3[0m: ................................ [1m79.5s[0m
[38;2;74;176;245m[1mProfile[0m ⏱  ·· Time elapsed in [1mClassifier-only fit, cross-validation[0m: .... [1m251.7s[0m
[38;2;74;176;245m[1mProfile[0m ⏱  Time elapsed in [1m@main[0m: ....................................... [1m305.6s[0m
cd: Going back to /exports/eddie3_homes_local/s1562020/work/adversarial/optimisation/experiments/classifier
