Job launching after 5.42 seconds in submission.
Running python job.
Changed into dir /exports/eddie3_homes_local/s1562020/work/adversarial/optimisation/experiments/classifier
Importing optimise.py
Running optimise.main()
INFO: Applying patch '/exports/eddie3_homes_local/s1562020/work/adversarial/optimisation/experiments/classifier/patches/patch.00000057.json'
INFO: Found 20 Intel(R) Xeon(R) CPU E5-2630 v4 @ 2.20GHz devices with 10 cores each.
Using TensorFlow backend.
INFO: Scaling classifier/lr -5 -> 1e-05
INFO: Scaling classifier/decay -2 -> 0.01
INFO: Scaling classifier/units 1 -> 2
INFO: Writing TensorBoard logs to 'logs/tensorboard/classifier-patch.00000057/'
INFO: Running '/exports/eddie3_homes_local/s1562020/work/adversarial/run/adversarial/common.pyc'
INFO: Command-line arguments:
INFO: Configuration file contents:
INFO: Python version: 2.7.14
INFO: Numpy  version: 1.12.1
INFO: Keras  version: 2.1.5
INFO: Using keras backend: 'tensorflow'
INFO: Found  1000000 training and  1000249 test samples for signal
INFO: Found  1000000 training and 10000000 test samples for background
INFO: load_data: Selecting only training data.
INFO: Implementing gradient reversal layer in TensorFlow
INFO: Training cross-validation classifiers
Call to main function (#57)
  Parameters: {u'classifier/model/default/units': array([1]), u'classifier/compile/decay': array([-2]), u'classifier/model/default/dropout': array([ 0.37491936]), u'classifier/compile/lr': array([-5]), u'classifier/model/architecture': array([6]), u'classifier/model/default/activation': [u'tanh']}
param: classifier/model/default/units
param: classifier/compile/decay
param: classifier/model/default/dropout
param: classifier/compile/lr
param: classifier/model/architecture
param: classifier/model/default/activation
- - - - - - - - - - - - - - - - - - - - - - - - - - - - - - - - - - - - - - - - 
Saving the following patch to '/exports/eddie3_homes_local/s1562020/work/adversarial/optimisation/experiments/classifier/patches/patch.00000057.json':
{u'classifier': {u'compile': {u'lr': -5, u'decay': -2}, u'model': {u'default': {u'units': 1, u'dropout': 0.3749193561592401, u'activation': u'tanh'}, u'architecture': 6}, 'fit': {'epochs': 50, 'batch_size': 8192}}}
- - - - - - - - - - - - - - - - - - - - - - - - - - - - - - - - - - - - - - - - 
cd: Going to /exports/eddie3_homes_local/s1562020/work/adversarial/
[38;2;74;176;245m[1mProfile[0m ⏱  Starting [1m@main[0m
[38;2;74;176;245m[1mProfile[0m ⏱  ·· Starting [1mInitialisation[0m
[38;2;74;176;245m[1mProfile[0m ⏱  ···· Starting [1m@initialise[0m
[38;2;74;176;245m[1mProfile[0m ⏱  ···· Time elapsed in [1m@initialise[0m: .............................. [1m0.0s[0m
[38;2;74;176;245m[1mProfile[0m ⏱  ···· Starting [1m@initialise_backend[0m
[38;2;74;176;245m[1mProfile[0m ⏱  ······ Starting [1m@configure_tensorflow[0m
[38;2;74;176;245m[1mProfile[0m ⏱  ······ Time elapsed in [1m@configure_tensorflow[0m: ................. [1m18.1s[0m
[38;2;74;176;245m[1mProfile[0m ⏱  ···· Time elapsed in [1m@initialise_backend[0m: ..................... [1m19.2s[0m
{'config': './configs/default.json',
 'devices': 7,
 'folds': 3,
 'gpu': True,
 'input': './input/',
 'jobname': 'classifier-patch.00000057',
 'mode': 'gpu',
 'optimise_adversarial': False,
 'optimise_classifier': True,
 'output': './output/',
 'patches': ['/exports/eddie3_homes_local/s1562020/work/adversarial/optimisation/experiments/classifier/patches/patch.00000057.json'],
 'tensorboard': True,
 'theano': False,
 'train': False,
 'train_adversarial': False,
 'train_classifier': True,
 'verbose': False}
{u'adversary': {u'compile': {},
                u'fit': {},
                u'model': {u'architecture': [{}, {}, {}, {}],
                           u'default': {u'activation': u'relu',
                                        u'units': 64},
                           u'gmm_components': 5}},
 u'classifier': {u'compile': {u'loss': u'binary_crossentropy',
                              u'optimizer': <keras.optimizers.Adam object at 0x2ada79188310>},
                 u'fit': {u'batch_size': 57344,
                          u'epochs': 50,
                          u'shuffle': True,
                          'verbose': 2},
                 u'model': {u'architecture': [{}, {}, {}, {}, {}, {}],
                            u'default': {u'activation': u'tanh',
                                         u'batchnorm': True,
                                         u'dropout': 0.3749193561592401,
                                         u'units': 2}}},
 u'combined': {u'compile': {u'loss': [u'binary_crossentropy', None],
                            u'loss_weights': [1.8181818181818182e-09, 1.0],
                            u'optimizer': <keras.optimizers.Adam object at 0x2ada79188350>},
               u'fit': {u'batch_size': 57344,
                        u'epochs': 100,
                        u'shuffle': True,
                        'verbose': 2},
               u'model': {u'lambda_reg': 10.0,
                          u'lr_ratio': 1.8181818181818182e-09},
               u'pretrain': 10}}
  TensorFlow version: 1.4.1
[38;2;74;176;245m[1mProfile[0m ⏱  ·· Time elapsed in [1mInitialisation[0m: ............................ [1m19.3s[0m
[38;2;74;176;245m[1mProfile[0m ⏱  ·· Starting [1m@load_data[0m
[38;2;74;176;245m[1mProfile[0m ⏱  ·· Time elapsed in [1m@load_data[0m: ................................ [1m37.4s[0m
[38;2;74;176;245m[1mProfile[0m ⏱  ·· Starting [1m@get_decorrelation_variables[0m
[38;2;74;176;245m[1mProfile[0m ⏱  ·· Time elapsed in [1m@get_decorrelation_variables[0m: ............... [1m0.0s[0m
[38;2;74;176;245m[1mProfile[0m ⏱  ·· Starting [1mClassifier-only fit, cross-validation[0m
[38;2;74;176;245m[1mProfile[0m ⏱  ···· Starting [1mFold 1/3[0m
Train on 1333332 samples, validate on 666668 samples
Epoch 1/50
 - 6s - loss: 0.7258 - val_loss: 0.6937
Epoch 2/50
 - 3s - loss: 0.7257 - val_loss: 0.6921
Epoch 3/50
 - 4s - loss: 0.7255 - val_loss: 0.6923
Epoch 4/50
 - 3s - loss: 0.7249 - val_loss: 0.6921
Epoch 5/50
 - 4s - loss: 0.7249 - val_loss: 0.6924
Epoch 6/50
 - 3s - loss: 0.7246 - val_loss: 0.6932
Epoch 7/50
 - 3s - loss: 0.7252 - val_loss: 0.6921
Epoch 8/50
 - 3s - loss: 0.7249 - val_loss: 0.6922
Epoch 9/50
 - 3s - loss: 0.7249 - val_loss: 0.6923
Epoch 10/50
 - 4s - loss: 0.7250 - val_loss: 0.6925
Epoch 11/50
 - 3s - loss: 0.7253 - val_loss: 0.6924
Epoch 12/50
 - 3s - loss: 0.7251 - val_loss: 0.6924
Epoch 13/50
 - 3s - loss: 0.7242 - val_loss: 0.6930
Epoch 14/50
 - 2s - loss: 0.7241 - val_loss: 0.6929
Epoch 15/50
 - 2s - loss: 0.7255 - val_loss: 0.6912
Epoch 16/50
 - 3s - loss: 0.7251 - val_loss: 0.6962
Epoch 17/50
 - 3s - loss: 0.7250 - val_loss: 0.6922
Epoch 18/50
 - 3s - loss: 0.7244 - val_loss: 0.6926
Epoch 19/50
 - 3s - loss: 0.7246 - val_loss: 0.6920
Epoch 20/50
 - 3s - loss: 0.7250 - val_loss: 0.6916
Epoch 21/50
 - 3s - loss: 0.7247 - val_loss: 0.6914
Epoch 22/50
 - 3s - loss: 0.7245 - val_loss: 0.6923
Epoch 23/50
 - 3s - loss: 0.7255 - val_loss: 0.6919
Epoch 24/50
 - 3s - loss: 0.7249 - val_loss: 0.6918
Epoch 25/50
 - 3s - loss: 0.7254 - val_loss: 0.6920
Epoch 26/50
 - 3s - loss: 0.7251 - val_loss: 0.6919
Epoch 27/50
 - 3s - loss: 0.7246 - val_loss: 0.6915
Epoch 28/50
 - 3s - loss: 0.7247 - val_loss: 0.6914
Epoch 29/50
 - 3s - loss: 0.7246 - val_loss: 0.6919
Epoch 30/50
 - 4s - loss: 0.7246 - val_loss: 0.6914
Epoch 31/50
 - 3s - loss: 0.7244 - val_loss: 0.6918
Epoch 32/50
 - 3s - loss: 0.7239 - val_loss: 7.9742
Epoch 33/50
 - 3s - loss: 0.7236 - val_loss: 0.6913
Epoch 34/50
 - 3s - loss: 0.7245 - val_loss: 0.6927
Epoch 35/50
 - 3s - loss: 0.7242 - val_loss: 0.6923
Epoch 36/50
 - 3s - loss: 0.7247 - val_loss: 0.6924
Epoch 37/50
 - 3s - loss: 0.7249 - val_loss: 0.6925
Epoch 38/50
 - 3s - loss: 0.7249 - val_loss: 0.6912
Epoch 39/50
 - 3s - loss: 0.7250 - val_loss: 0.6915
Epoch 40/50
 - 3s - loss: 0.7250 - val_loss: 7.9742
Epoch 41/50
 - 3s - loss: 0.7244 - val_loss: 0.6979
Epoch 42/50
 - 4s - loss: 0.7245 - val_loss: 0.6914
Epoch 43/50
 - 3s - loss: 0.7243 - val_loss: 0.6924
Epoch 44/50
 - 3s - loss: 0.7243 - val_loss: 0.6922
Epoch 45/50
 - 3s - loss: 0.7244 - val_loss: 0.6915
Epoch 46/50
 - 3s - loss: 0.7250 - val_loss: 0.6916
Epoch 47/50
 - 3s - loss: 0.7239 - val_loss: 0.6923
Epoch 48/50
 - 3s - loss: 0.7240 - val_loss: 0.6920
Epoch 49/50
 - 3s - loss: 0.7246 - val_loss: 0.6918
Epoch 50/50
 - 3s - loss: 0.7248 - val_loss: 0.6919
[38;2;74;176;245m[1mProfile[0m ⏱  ···· Time elapsed in [1mFold 1/3[0m: ............................... [1m210.8s[0m
[38;2;74;176;245m[1mProfile[0m ⏱  ···· Starting [1mFold 2/3[0m
Train on 1333334 samples, validate on 666666 samples
Epoch 1/50
 - 7s - loss: 0.7092 - val_loss: 0.6694
Epoch 2/50
 - 4s - loss: 0.7091 - val_loss: 0.6693
Epoch 3/50
 - 4s - loss: 0.7085 - val_loss: 0.6686
Epoch 4/50
 - 4s - loss: 0.7087 - val_loss: 0.6685
Epoch 5/50
 - 4s - loss: 0.7083 - val_loss: 0.6687
Epoch 6/50
 - 4s - loss: 0.7085 - val_loss: 0.6689
Epoch 7/50
 - 4s - loss: 0.7087 - val_loss: 0.6677
Epoch 8/50
 - 4s - loss: 0.7078 - val_loss: 0.6662
Epoch 9/50
 - 4s - loss: 0.7088 - val_loss: 0.6690
Epoch 10/50
 - 4s - loss: 0.7079 - val_loss: 0.6700
Epoch 11/50
 - 4s - loss: 0.7086 - val_loss: 0.6692
Epoch 12/50
 - 4s - loss: 0.7082 - val_loss: 0.6687
Epoch 13/50
 - 4s - loss: 0.7084 - val_loss: 0.6683
Epoch 14/50
 - 4s - loss: 0.7085 - val_loss: 0.6685
Epoch 15/50
 - 4s - loss: 0.7085 - val_loss: 7.9767
Epoch 16/50
 - 4s - loss: 0.7083 - val_loss: 0.6689
Epoch 17/50
 - 4s - loss: 0.7090 - val_loss: 0.6682
Epoch 18/50
 - 3s - loss: 0.7084 - val_loss: 0.6682
Epoch 19/50
 - 4s - loss: 0.7082 - val_loss: 0.6683
Epoch 20/50
 - 4s - loss: 0.7086 - val_loss: 0.6683
Epoch 21/50
 - 4s - loss: 0.7083 - val_loss: 0.6685
Epoch 22/50
 - 4s - loss: 0.7091 - val_loss: 0.6685
Epoch 23/50
 - 4s - loss: 0.7086 - val_loss: 0.6688
Epoch 24/50
 - 4s - loss: 0.7085 - val_loss: 0.6685
Epoch 25/50
 - 4s - loss: 0.7086 - val_loss: 0.6687
Epoch 26/50
 - 3s - loss: 0.7082 - val_loss: 0.6674
Epoch 27/50
 - 4s - loss: 0.7083 - val_loss: 0.6675
Epoch 28/50
 - 3s - loss: 0.7084 - val_loss: 0.6687
Epoch 29/50
 - 4s - loss: 0.7087 - val_loss: 0.6691
Epoch 30/50
 - 3s - loss: 0.7083 - val_loss: 0.6692
Epoch 31/50
 - 4s - loss: 0.7083 - val_loss: 0.6684
Epoch 32/50
 - 4s - loss: 0.7084 - val_loss: 0.6685
Epoch 33/50
 - 3s - loss: 0.7082 - val_loss: 0.6680
Epoch 34/50
 - 3s - loss: 0.7082 - val_loss: 0.6691
Epoch 35/50
 - 4s - loss: 0.7078 - val_loss: 0.6692
Epoch 36/50
 - 4s - loss: 0.7084 - val_loss: 0.6686
Epoch 37/50
 - 4s - loss: 0.7080 - val_loss: 0.6685
Epoch 38/50
 - 3s - loss: 0.7087 - val_loss: 0.6690
Epoch 39/50
 - 3s - loss: 0.7084 - val_loss: 0.6688
Epoch 40/50
 - 4s - loss: 0.7082 - val_loss: 0.6687
Epoch 41/50
 - 4s - loss: 0.7087 - val_loss: 0.6686
Epoch 42/50
 - 4s - loss: 0.7080 - val_loss: 0.6684
Epoch 43/50
 - 4s - loss: 0.7088 - val_loss: 0.6687
Epoch 44/50
 - 4s - loss: 0.7083 - val_loss: 0.6678
Epoch 45/50
 - 4s - loss: 0.7088 - val_loss: 0.6684
Epoch 46/50
 - 3s - loss: 0.7081 - val_loss: 0.6687
Epoch 47/50
 - 4s - loss: 0.7090 - val_loss: 0.6686
Epoch 48/50
 - 4s - loss: 0.7089 - val_loss: 0.6681
Epoch 49/50
 - 4s - loss: 0.7090 - val_loss: 0.6687
Epoch 50/50
 - 4s - loss: 0.7083 - val_loss: 0.6679
[38;2;74;176;245m[1mProfile[0m ⏱  ···· Time elapsed in [1mFold 2/3[0m: ............................... [1m222.6s[0m
[38;2;74;176;245m[1mProfile[0m ⏱  ···· Starting [1mFold 3/3[0m
Train on 1333334 samples, validate on 666666 samples
Epoch 1/50
 - 6s - loss: 0.7786 - val_loss: 0.7223
Epoch 2/50
 - 4s - loss: 0.7783 - val_loss: 0.7236
Epoch 3/50
 - 3s - loss: 0.7784 - val_loss: 0.7180
Epoch 4/50
 - 3s - loss: 0.7775 - val_loss: 0.7194
Epoch 5/50
 - 3s - loss: 0.7765 - val_loss: 0.7194
Epoch 6/50
 - 4s - loss: 0.7769 - val_loss: 0.7214
Epoch 7/50
 - 4s - loss: 0.7784 - val_loss: 0.7223
Epoch 8/50
 - 3s - loss: 0.7765 - val_loss: 0.7223
Epoch 9/50
 - 3s - loss: 0.7775 - val_loss: 0.7229
Epoch 10/50
 - 3s - loss: 0.7779 - val_loss: 0.7223
Epoch 11/50
 - 3s - loss: 0.7779 - val_loss: 0.7220
Epoch 12/50
 - 4s - loss: 0.7771 - val_loss: 0.7221
Epoch 13/50
 - 3s - loss: 0.7781 - val_loss: 0.7222
Epoch 14/50
 - 3s - loss: 0.7764 - val_loss: 0.7223
Epoch 15/50
 - 4s - loss: 0.7772 - val_loss: 0.7214
Epoch 16/50
 - 4s - loss: 0.7775 - val_loss: 0.7190
Epoch 17/50
 - 4s - loss: 0.7779 - val_loss: 0.7214
Epoch 18/50
 - 4s - loss: 0.7775 - val_loss: 0.7203
Epoch 19/50
 - 4s - loss: 0.7784 - val_loss: 0.7209
Epoch 20/50
 - 4s - loss: 0.7764 - val_loss: 0.7200
Epoch 21/50
 - 4s - loss: 0.7770 - val_loss: 0.7200
Epoch 22/50
 - 4s - loss: 0.7768 - val_loss: 0.7209
Epoch 23/50
 - 4s - loss: 0.7773 - val_loss: 0.7202
Epoch 24/50
 - 4s - loss: 0.7777 - val_loss: 8.0056
Epoch 25/50
 - 4s - loss: 0.7774 - val_loss: 0.7208
Epoch 26/50
 - 4s - loss: 0.7780 - val_loss: 0.7193
Epoch 27/50
 - 4s - loss: 0.7782 - val_loss: 0.7167
Epoch 28/50
 - 4s - loss: 0.7768 - val_loss: 0.6999
Epoch 29/50
 - 4s - loss: 0.7770 - val_loss: 0.7207
Epoch 30/50
 - 4s - loss: 0.7778 - val_loss: 0.7204
Epoch 31/50
 - 4s - loss: 0.7765 - val_loss: 0.7203
Epoch 32/50
 - 4s - loss: 0.7769 - val_loss: 0.7202
Epoch 33/50
 - 4s - loss: 0.7782 - val_loss: 0.7199
Epoch 34/50
 - 4s - loss: 0.7770 - val_loss: 0.7193
Epoch 35/50
 - 4s - loss: 0.7781 - val_loss: 0.7192
Epoch 36/50
 - 4s - loss: 0.7774 - val_loss: 0.7194
Epoch 37/50
 - 4s - loss: 0.7769 - val_loss: 0.7196
Epoch 38/50
 - 4s - loss: 0.7774 - val_loss: 0.7203
Epoch 39/50
 - 4s - loss: 0.7770 - val_loss: 0.7200
Epoch 40/50
 - 4s - loss: 0.7776 - val_loss: 0.7204
Epoch 41/50
 - 3s - loss: 0.7766 - val_loss: 0.7198
Epoch 42/50
 - 3s - loss: 0.7759 - val_loss: 0.7206
Epoch 43/50
 - 4s - loss: 0.7773 - val_loss: 0.7201
Epoch 44/50
 - 3s - loss: 0.7775 - val_loss: 0.7223
Epoch 45/50
 - 3s - loss: 0.7772 - val_loss: 0.7201
Epoch 46/50
 - 3s - loss: 0.7769 - val_loss: 0.7228
Epoch 47/50
 - 3s - loss: 0.7769 - val_loss: 0.7199
Epoch 48/50
 - 3s - loss: 0.7762 - val_loss: 0.7202
Epoch 49/50
 - 4s - loss: 0.7772 - val_loss: 0.7203
Epoch 50/50
 - 4s - loss: 0.7759 - val_loss: 0.7201
Got result 0.714642453978
Completed successfully in 746.96 seconds. [{u'main': 0.7146424539776716}]
[38;2;74;176;245m[1mProfile[0m ⏱  ···· Time elapsed in [1mFold 3/3[0m: ............................... [1m227.8s[0m
[38;2;74;176;245m[1mProfile[0m ⏱  ·· Time elapsed in [1mClassifier-only fit, cross-validation[0m: .... [1m662.2s[0m
[38;2;74;176;245m[1mProfile[0m ⏱  Time elapsed in [1m@main[0m: ....................................... [1m719.5s[0m
cd: Going back to /exports/eddie3_homes_local/s1562020/work/adversarial/optimisation/experiments/classifier
