Job launching after 4.39 seconds in submission.
Running python job.
Changed into dir /exports/eddie3_homes_local/s1562020/work/adversarial/optimisation/experiments/classifier
Importing optimise.py
Running optimise.main()
INFO: Applying patch '/exports/eddie3_homes_local/s1562020/work/adversarial/optimisation/experiments/classifier/patches/patch.00000006.json'
INFO: Found 20 Intel(R) Xeon(R) CPU E5-2630 v4 @ 2.20GHz devices with 10 cores each.
Using TensorFlow backend.
INFO: Scaling classifier/lr -1 -> 0.1
INFO: Scaling classifier/decay -2 -> 0.01
INFO: Scaling classifier/units 4 -> 16
INFO: Writing TensorBoard logs to 'logs/tensorboard/classifier-patch.00000006/'
INFO: Running '/exports/eddie3_homes_local/s1562020/work/adversarial/run/adversarial/common.pyc'
INFO: Command-line arguments:
INFO: Configuration file contents:
INFO: Python version: 2.7.14
INFO: Numpy  version: 1.12.1
INFO: Keras  version: 2.1.5
INFO: Using keras backend: 'tensorflow'
INFO: Found  1000000 training and  1000249 test samples for signal
INFO: Found  1000000 training and 10000000 test samples for background
INFO: load_data: Selecting only training data.
INFO: Implementing gradient reversal layer in TensorFlow
INFO: Training cross-validation classifiers
Call to main function (#6)
  Parameters: {u'classifier/model/default/units': array([4]), u'classifier/compile/decay': array([-2]), u'classifier/model/default/dropout': array([ 0.4375]), u'classifier/compile/lr': array([-1]), u'classifier/model/architecture': array([1]), u'classifier/model/default/activation': [u'relu']}
param: classifier/model/default/units
param: classifier/compile/decay
param: classifier/model/default/dropout
param: classifier/compile/lr
param: classifier/model/architecture
param: classifier/model/default/activation
- - - - - - - - - - - - - - - - - - - - - - - - - - - - - - - - - - - - - - - - 
Saving the following patch to '/exports/eddie3_homes_local/s1562020/work/adversarial/optimisation/experiments/classifier/patches/patch.00000006.json':
{u'classifier': {u'compile': {u'lr': -1, u'decay': -2}, u'model': {u'default': {u'units': 4, u'dropout': 0.4375, u'activation': u'relu'}, u'architecture': 1}, 'fit': {'epochs': 50, 'batch_size': 8192}}}
- - - - - - - - - - - - - - - - - - - - - - - - - - - - - - - - - - - - - - - - 
cd: Going to /exports/eddie3_homes_local/s1562020/work/adversarial/
[38;2;74;176;245m[1mProfile[0m ⏱  Starting [1m@main[0m
[38;2;74;176;245m[1mProfile[0m ⏱  ·· Starting [1mInitialisation[0m
[38;2;74;176;245m[1mProfile[0m ⏱  ···· Starting [1m@initialise[0m
[38;2;74;176;245m[1mProfile[0m ⏱  ···· Time elapsed in [1m@initialise[0m: .............................. [1m0.0s[0m
[38;2;74;176;245m[1mProfile[0m ⏱  ···· Starting [1m@initialise_backend[0m
[38;2;74;176;245m[1mProfile[0m ⏱  ······ Starting [1m@configure_tensorflow[0m
[38;2;74;176;245m[1mProfile[0m ⏱  ······ Time elapsed in [1m@configure_tensorflow[0m: ................. [1m15.3s[0m
[38;2;74;176;245m[1mProfile[0m ⏱  ···· Time elapsed in [1m@initialise_backend[0m: ..................... [1m16.2s[0m
{'config': './configs/default.json',
 'devices': 7,
 'folds': 3,
 'gpu': True,
 'input': './input/',
 'jobname': 'classifier-patch.00000006',
 'mode': 'gpu',
 'optimise_adversarial': False,
 'optimise_classifier': True,
 'output': './output/',
 'patches': ['/exports/eddie3_homes_local/s1562020/work/adversarial/optimisation/experiments/classifier/patches/patch.00000006.json'],
 'tensorboard': True,
 'theano': False,
 'train': False,
 'train_adversarial': False,
 'train_classifier': True,
 'verbose': False}
{u'adversary': {u'compile': {},
                u'fit': {},
                u'model': {u'architecture': [{}, {}, {}, {}],
                           u'default': {u'activation': u'relu',
                                        u'units': 64},
                           u'gmm_components': 5}},
 u'classifier': {u'compile': {u'loss': u'binary_crossentropy',
                              u'optimizer': <keras.optimizers.Adam object at 0x2b5a4cb562d0>},
                 u'fit': {u'batch_size': 57344,
                          u'epochs': 50,
                          u'shuffle': True,
                          'verbose': 2},
                 u'model': {u'architecture': [{}],
                            u'default': {u'activation': u'relu',
                                         u'batchnorm': True,
                                         u'dropout': 0.4375,
                                         u'units': 16}}},
 u'combined': {u'compile': {u'loss': [u'binary_crossentropy', None],
                            u'loss_weights': [9.090909090909091e-10, 1.0],
                            u'optimizer': <keras.optimizers.Adam object at 0x2b5a4cb56310>},
               u'fit': {u'batch_size': 57344,
                        u'epochs': 200,
                        u'shuffle': True,
                        'verbose': 2},
               u'model': {u'lambda_reg': 10.0,
                          u'lr_ratio': 9.090909090909091e-10},
               u'pretrain': 20}}
  TensorFlow version: 1.4.1
[38;2;74;176;245m[1mProfile[0m ⏱  ·· Time elapsed in [1mInitialisation[0m: ............................ [1m16.3s[0m
[38;2;74;176;245m[1mProfile[0m ⏱  ·· Starting [1m@load_data[0m
[38;2;74;176;245m[1mProfile[0m ⏱  ·· Time elapsed in [1m@load_data[0m: ................................ [1m33.4s[0m
[38;2;74;176;245m[1mProfile[0m ⏱  ·· Starting [1m@get_decorrelation_variables[0m
[38;2;74;176;245m[1mProfile[0m ⏱  ·· Time elapsed in [1m@get_decorrelation_variables[0m: ............... [1m0.0s[0m
[38;2;74;176;245m[1mProfile[0m ⏱  ·· Starting [1mClassifier-only fit, cross-validation[0m
[38;2;74;176;245m[1mProfile[0m ⏱  ···· Starting [1mFold 1/3[0m
Train on 1333332 samples, validate on 666668 samples
Epoch 1/50
 - 2s - loss: 0.5129 - val_loss: 0.4439
Epoch 2/50
 - 1s - loss: 0.4660 - val_loss: 0.4244
Epoch 3/50
 - 1s - loss: 0.4525 - val_loss: 0.4147
Epoch 4/50
 - 1s - loss: 0.4469 - val_loss: 0.4181
Epoch 5/50
 - 1s - loss: 0.4452 - val_loss: 0.4113
Epoch 6/50
 - 1s - loss: 0.4431 - val_loss: 0.4120
Epoch 7/50
 - 1s - loss: 0.4439 - val_loss: 0.4107
Epoch 8/50
 - 1s - loss: 0.4432 - val_loss: 0.4104
Epoch 9/50
 - 1s - loss: 0.4422 - val_loss: 0.4107
Epoch 10/50
 - 1s - loss: 0.4418 - val_loss: 0.4128
Epoch 11/50
 - 1s - loss: 0.4424 - val_loss: 0.4104
Epoch 12/50
 - 1s - loss: 0.4420 - val_loss: 0.4108
Epoch 13/50
 - 1s - loss: 0.4423 - val_loss: 0.4105
Epoch 14/50
 - 1s - loss: 0.4416 - val_loss: 0.4108
Epoch 15/50
 - 2s - loss: 0.4421 - val_loss: 0.4138
Epoch 16/50
 - 1s - loss: 0.4416 - val_loss: 0.4128
Epoch 17/50
 - 1s - loss: 0.4411 - val_loss: 0.4105
Epoch 18/50
 - 1s - loss: 0.4405 - val_loss: 0.4079
Epoch 19/50
 - 1s - loss: 0.4405 - val_loss: 0.4085
Epoch 20/50
 - 1s - loss: 0.4412 - val_loss: 0.4097
Epoch 21/50
 - 1s - loss: 0.4409 - val_loss: 0.4094
Epoch 22/50
 - 1s - loss: 0.4403 - val_loss: 0.4090
Epoch 23/50
 - 1s - loss: 0.4408 - val_loss: 0.4097
Epoch 24/50
 - 1s - loss: 0.4414 - val_loss: 0.4089
Epoch 25/50
 - 1s - loss: 0.4403 - val_loss: 0.4113
Epoch 26/50
 - 1s - loss: 0.4408 - val_loss: 0.4091
Epoch 27/50
 - 1s - loss: 0.4401 - val_loss: 0.4077
Epoch 28/50
 - 1s - loss: 0.4405 - val_loss: 0.4094
Epoch 29/50
 - 1s - loss: 0.4403 - val_loss: 0.4075
Epoch 30/50
 - 1s - loss: 0.4400 - val_loss: 0.4082
Epoch 31/50
 - 1s - loss: 0.4402 - val_loss: 0.4116
Epoch 32/50
 - 1s - loss: 0.4405 - val_loss: 0.4089
Epoch 33/50
 - 1s - loss: 0.4401 - val_loss: 0.4088
Epoch 34/50
 - 1s - loss: 0.4403 - val_loss: 0.4092
Epoch 35/50
 - 1s - loss: 0.4408 - val_loss: 0.4096
Epoch 36/50
 - 1s - loss: 0.4402 - val_loss: 0.4081
Epoch 37/50
 - 1s - loss: 0.4400 - val_loss: 0.4100
Epoch 38/50
 - 1s - loss: 0.4402 - val_loss: 0.4093
Epoch 39/50
 - 1s - loss: 0.4405 - val_loss: 0.4067
Epoch 40/50
 - 1s - loss: 0.4407 - val_loss: 0.4091
Epoch 41/50
 - 1s - loss: 0.4401 - val_loss: 0.4122
Epoch 42/50
 - 1s - loss: 0.4397 - val_loss: 0.4086
Epoch 43/50
 - 1s - loss: 0.4402 - val_loss: 0.4100
Epoch 44/50
 - 1s - loss: 0.4400 - val_loss: 0.4084
Epoch 45/50
 - 1s - loss: 0.4406 - val_loss: 0.4178
Epoch 46/50
 - 1s - loss: 0.4405 - val_loss: 0.4086
Epoch 47/50
 - 1s - loss: 0.4396 - val_loss: 0.4090
Epoch 48/50
 - 1s - loss: 0.4404 - val_loss: 0.4084
Epoch 49/50
 - 1s - loss: 0.4399 - val_loss: 0.4085
Epoch 50/50
 - 1s - loss: 0.4401 - val_loss: 0.4105
[38;2;74;176;245m[1mProfile[0m ⏱  ···· Time elapsed in [1mFold 1/3[0m: ................................ [1m80.4s[0m
[38;2;74;176;245m[1mProfile[0m ⏱  ···· Starting [1mFold 2/3[0m
Train on 1333334 samples, validate on 666666 samples
Epoch 1/50
 - 2s - loss: 0.5444 - val_loss: 0.4580
Epoch 2/50
 - 1s - loss: 0.4795 - val_loss: 0.4435
Epoch 3/50
 - 1s - loss: 0.4690 - val_loss: 0.4430
Epoch 4/50
 - 1s - loss: 0.4637 - val_loss: 0.4386
Epoch 5/50
 - 1s - loss: 0.4569 - val_loss: 0.4262
Epoch 6/50
 - 1s - loss: 0.4496 - val_loss: 0.4187
Epoch 7/50
 - 1s - loss: 0.4462 - val_loss: 0.4114
Epoch 8/50
 - 1s - loss: 0.4449 - val_loss: 0.4097
Epoch 9/50
 - 1s - loss: 0.4431 - val_loss: 0.4088
Epoch 10/50
 - 1s - loss: 0.4427 - val_loss: 0.4113
Epoch 11/50
 - 1s - loss: 0.4429 - val_loss: 0.4096
Epoch 12/50
 - 1s - loss: 0.4421 - val_loss: 0.4081
Epoch 13/50
 - 1s - loss: 0.4419 - val_loss: 0.4063
Epoch 14/50
 - 1s - loss: 0.4415 - val_loss: 0.4095
Epoch 15/50
 - 1s - loss: 0.4412 - val_loss: 0.4079
Epoch 16/50
 - 1s - loss: 0.4416 - val_loss: 0.4076
Epoch 17/50
 - 1s - loss: 0.4413 - val_loss: 0.4063
Epoch 18/50
 - 1s - loss: 0.4411 - val_loss: 0.4107
Epoch 19/50
 - 1s - loss: 0.4414 - val_loss: 0.4054
Epoch 20/50
 - 1s - loss: 0.4405 - val_loss: 0.4087
Epoch 21/50
 - 1s - loss: 0.4398 - val_loss: 0.4071
Epoch 22/50
 - 1s - loss: 0.4397 - val_loss: 0.4058
Epoch 23/50
 - 1s - loss: 0.4400 - val_loss: 0.4059
Epoch 24/50
 - 1s - loss: 0.4398 - val_loss: 0.4044
Epoch 25/50
 - 1s - loss: 0.4398 - val_loss: 0.4046
Epoch 26/50
 - 1s - loss: 0.4394 - val_loss: 0.4028
Epoch 27/50
 - 1s - loss: 0.4391 - val_loss: 0.4050
Epoch 28/50
 - 1s - loss: 0.4395 - val_loss: 0.4077
Epoch 29/50
 - 1s - loss: 0.4390 - val_loss: 0.4050
Epoch 30/50
 - 1s - loss: 0.4397 - val_loss: 0.4046
Epoch 31/50
 - 1s - loss: 0.4395 - val_loss: 0.4064
Epoch 32/50
 - 2s - loss: 0.4391 - val_loss: 0.4052
Epoch 33/50
 - 2s - loss: 0.4387 - val_loss: 0.4050
Epoch 34/50
 - 2s - loss: 0.4392 - val_loss: 0.4048
Epoch 35/50
 - 2s - loss: 0.4395 - val_loss: 0.4066
Epoch 36/50
 - 2s - loss: 0.4390 - val_loss: 0.4059
Epoch 37/50
 - 2s - loss: 0.4395 - val_loss: 0.4073
Epoch 38/50
 - 1s - loss: 0.4382 - val_loss: 0.4080
Epoch 39/50
 - 2s - loss: 0.4392 - val_loss: 0.4048
Epoch 40/50
 - 2s - loss: 0.4397 - val_loss: 0.4048
Epoch 41/50
 - 2s - loss: 0.4392 - val_loss: 0.4033
Epoch 42/50
 - 2s - loss: 0.4394 - val_loss: 0.4046
Epoch 43/50
 - 2s - loss: 0.4391 - val_loss: 0.4061
Epoch 44/50
 - 2s - loss: 0.4388 - val_loss: 0.4051
Epoch 45/50
 - 2s - loss: 0.4388 - val_loss: 0.4035
Epoch 46/50
 - 2s - loss: 0.4383 - val_loss: 0.4040
Epoch 47/50
 - 1s - loss: 0.4392 - val_loss: 0.4062
Epoch 48/50
 - 2s - loss: 0.4387 - val_loss: 0.4051
Epoch 49/50
 - 1s - loss: 0.4393 - val_loss: 0.4028
Epoch 50/50
 - 2s - loss: 0.4390 - val_loss: 0.4050
[38;2;74;176;245m[1mProfile[0m ⏱  ···· Time elapsed in [1mFold 2/3[0m: ................................ [1m78.0s[0m
[38;2;74;176;245m[1mProfile[0m ⏱  ···· Starting [1mFold 3/3[0m
Train on 1333334 samples, validate on 666666 samples
Epoch 1/50
 - 2s - loss: 0.6139 - val_loss: 0.5023
Epoch 2/50
 - 2s - loss: 0.5080 - val_loss: 0.4669
Epoch 3/50
 - 2s - loss: 0.4852 - val_loss: 0.4545
Epoch 4/50
 - 2s - loss: 0.4778 - val_loss: 0.4525
Epoch 5/50
 - 2s - loss: 0.4744 - val_loss: 0.4489
Epoch 6/50
 - 1s - loss: 0.4727 - val_loss: 0.4517
Epoch 7/50
 - 1s - loss: 0.4715 - val_loss: 0.4464
Epoch 8/50
 - 2s - loss: 0.4700 - val_loss: 0.4450
Epoch 9/50
 - 2s - loss: 0.4698 - val_loss: 0.4453
Epoch 10/50
 - 2s - loss: 0.4680 - val_loss: 0.4436
Epoch 11/50
 - 2s - loss: 0.4680 - val_loss: 0.4425
Epoch 12/50
 - 2s - loss: 0.4669 - val_loss: 0.4415
Epoch 13/50
 - 2s - loss: 0.4656 - val_loss: 0.4425
Epoch 14/50
 - 2s - loss: 0.4651 - val_loss: 0.4416
Epoch 15/50
 - 2s - loss: 0.4644 - val_loss: 0.4357
Epoch 16/50
 - 2s - loss: 0.4613 - val_loss: 0.4347
Epoch 17/50
 - 2s - loss: 0.4592 - val_loss: 0.4308
Epoch 18/50
 - 2s - loss: 0.4570 - val_loss: 0.4269
Epoch 19/50
 - 2s - loss: 0.4550 - val_loss: 0.4265
Epoch 20/50
 - 2s - loss: 0.4534 - val_loss: 0.4230
Epoch 21/50
 - 2s - loss: 0.4528 - val_loss: 0.4230
Epoch 22/50
 - 2s - loss: 0.4516 - val_loss: 0.4226
Epoch 23/50
 - 2s - loss: 0.4506 - val_loss: 0.4197
Epoch 24/50
 - 2s - loss: 0.4499 - val_loss: 0.4183
Epoch 25/50
 - 2s - loss: 0.4489 - val_loss: 0.4151
Epoch 26/50
 - 2s - loss: 0.4484 - val_loss: 0.4155
Epoch 27/50
 - 2s - loss: 0.4479 - val_loss: 0.4156
Epoch 28/50
 - 2s - loss: 0.4477 - val_loss: 0.4142
Epoch 29/50
 - 2s - loss: 0.4464 - val_loss: 0.4113
Epoch 30/50
 - 2s - loss: 0.4467 - val_loss: 0.4126
Epoch 31/50
 - 2s - loss: 0.4459 - val_loss: 0.4115
Epoch 32/50
 - 2s - loss: 0.4457 - val_loss: 0.4114
Epoch 33/50
 - 2s - loss: 0.4452 - val_loss: 0.4114
Epoch 34/50
 - 2s - loss: 0.4455 - val_loss: 0.4103
Epoch 35/50
 - 2s - loss: 0.4461 - val_loss: 0.4115
Epoch 36/50
 - 2s - loss: 0.4453 - val_loss: 0.4118
Epoch 37/50
 - 2s - loss: 0.4449 - val_loss: 0.4090
Epoch 38/50
 - 2s - loss: 0.4454 - val_loss: 0.4096
Epoch 39/50
 - 2s - loss: 0.4448 - val_loss: 0.4099
Epoch 40/50
 - 1s - loss: 0.4447 - val_loss: 0.4106
Epoch 41/50
 - 2s - loss: 0.4449 - val_loss: 0.4112
Epoch 42/50
 - 2s - loss: 0.4445 - val_loss: 0.4093
Epoch 43/50
 - 2s - loss: 0.4441 - val_loss: 0.4108
Epoch 44/50
 - 2s - loss: 0.4438 - val_loss: 0.4094
Epoch 45/50
 - 1s - loss: 0.4448 - val_loss: 0.4103
Epoch 46/50
 - 1s - loss: 0.4444 - val_loss: 0.4091
Epoch 47/50
 - 2s - loss: 0.4439 - val_loss: 0.4103
Epoch 48/50
 - 1s - loss: 0.4438 - val_loss: 0.4100
Epoch 49/50
 - 2s - loss: 0.4442 - val_loss: 0.4098
Epoch 50/50
 - 1s - loss: 0.4432 - val_loss: 0.4103
Got result 0.411195762066
Completed successfully in 326.87 seconds. [{u'main': 0.4111957620662612}]
[38;2;74;176;245m[1mProfile[0m ⏱  ···· Time elapsed in [1mFold 3/3[0m: ................................ [1m96.3s[0m
[38;2;74;176;245m[1mProfile[0m ⏱  ·· Time elapsed in [1mClassifier-only fit, cross-validation[0m: .... [1m255.2s[0m
[38;2;74;176;245m[1mProfile[0m ⏱  Time elapsed in [1m@main[0m: ....................................... [1m305.5s[0m
cd: Going back to /exports/eddie3_homes_local/s1562020/work/adversarial/optimisation/experiments/classifier
