Job launching after 3.67 seconds in submission.
Running python job.
Changed into dir /exports/eddie3_homes_local/s1562020/work/adversarial/optimisation/experiments/classifier
Importing optimise.py
Running optimise.main()
INFO: Applying patch '/exports/eddie3_homes_local/s1562020/work/adversarial/optimisation/experiments/classifier/patches/patch.00000013.json'
INFO: Found 20 Intel(R) Xeon(R) CPU E5-2630 v4 @ 2.20GHz devices with 10 cores each.
Using TensorFlow backend.
INFO: Scaling classifier/lr -1 -> 0.1
INFO: Scaling classifier/decay -2 -> 0.01
INFO: Scaling classifier/units 6 -> 64
INFO: Writing TensorBoard logs to 'logs/tensorboard/classifier-patch.00000013/'
INFO: Running '/exports/eddie3_homes_local/s1562020/work/adversarial/run/adversarial/common.pyc'
INFO: Command-line arguments:
INFO: Configuration file contents:
INFO: Python version: 2.7.14
INFO: Numpy  version: 1.12.1
INFO: Keras  version: 2.1.5
INFO: Using keras backend: 'tensorflow'
INFO: Found  1000000 training and  1000249 test samples for signal
INFO: Found  1000000 training and 10000000 test samples for background
INFO: load_data: Selecting only training data.
INFO: Implementing gradient reversal layer in TensorFlow
INFO: Training cross-validation classifiers
Call to main function (#13)
  Parameters: {u'classifier/model/default/units': array([6]), u'classifier/compile/decay': array([-2]), u'classifier/model/default/dropout': array([ 0.44712129]), u'classifier/compile/lr': array([-1]), u'classifier/model/architecture': array([1]), u'classifier/model/default/activation': [u'relu']}
param: classifier/model/default/units
param: classifier/compile/decay
param: classifier/model/default/dropout
param: classifier/compile/lr
param: classifier/model/architecture
param: classifier/model/default/activation
- - - - - - - - - - - - - - - - - - - - - - - - - - - - - - - - - - - - - - - - 
Saving the following patch to '/exports/eddie3_homes_local/s1562020/work/adversarial/optimisation/experiments/classifier/patches/patch.00000013.json':
{u'classifier': {u'compile': {u'lr': -1, u'decay': -2}, u'model': {u'default': {u'units': 6, u'dropout': 0.44712128529475964, u'activation': u'relu'}, u'architecture': 1}, 'fit': {'epochs': 50, 'batch_size': 8192}}}
- - - - - - - - - - - - - - - - - - - - - - - - - - - - - - - - - - - - - - - - 
cd: Going to /exports/eddie3_homes_local/s1562020/work/adversarial/
[38;2;74;176;245m[1mProfile[0m ⏱  Starting [1m@main[0m
[38;2;74;176;245m[1mProfile[0m ⏱  ·· Starting [1mInitialisation[0m
[38;2;74;176;245m[1mProfile[0m ⏱  ···· Starting [1m@initialise[0m
[38;2;74;176;245m[1mProfile[0m ⏱  ···· Time elapsed in [1m@initialise[0m: .............................. [1m0.0s[0m
[38;2;74;176;245m[1mProfile[0m ⏱  ···· Starting [1m@initialise_backend[0m
[38;2;74;176;245m[1mProfile[0m ⏱  ······ Starting [1m@configure_tensorflow[0m
[38;2;74;176;245m[1mProfile[0m ⏱  ······ Time elapsed in [1m@configure_tensorflow[0m: ................. [1m16.7s[0m
[38;2;74;176;245m[1mProfile[0m ⏱  ···· Time elapsed in [1m@initialise_backend[0m: ..................... [1m17.7s[0m
{'config': './configs/default.json',
 'devices': 7,
 'folds': 3,
 'gpu': True,
 'input': './input/',
 'jobname': 'classifier-patch.00000013',
 'mode': 'gpu',
 'optimise_adversarial': False,
 'optimise_classifier': True,
 'output': './output/',
 'patches': ['/exports/eddie3_homes_local/s1562020/work/adversarial/optimisation/experiments/classifier/patches/patch.00000013.json'],
 'tensorboard': True,
 'theano': False,
 'train': False,
 'train_adversarial': False,
 'train_classifier': True,
 'verbose': False}
{u'adversary': {u'compile': {},
                u'fit': {},
                u'model': {u'architecture': [{}, {}, {}, {}],
                           u'default': {u'activation': u'relu',
                                        u'units': 64},
                           u'gmm_components': 5}},
 u'classifier': {u'compile': {u'loss': u'binary_crossentropy',
                              u'optimizer': <keras.optimizers.Adam object at 0x2b20e1cc9310>},
                 u'fit': {u'batch_size': 57344,
                          u'epochs': 50,
                          u'shuffle': True,
                          'verbose': 2},
                 u'model': {u'architecture': [{}],
                            u'default': {u'activation': u'relu',
                                         u'batchnorm': True,
                                         u'dropout': 0.44712128529475964,
                                         u'units': 64}}},
 u'combined': {u'compile': {u'loss': [u'binary_crossentropy', None],
                            u'loss_weights': [9.090909090909091e-10, 1.0],
                            u'optimizer': <keras.optimizers.Adam object at 0x2b20e1cc9350>},
               u'fit': {u'batch_size': 57344,
                        u'epochs': 200,
                        u'shuffle': True,
                        'verbose': 2},
               u'model': {u'lambda_reg': 10.0,
                          u'lr_ratio': 9.090909090909091e-10},
               u'pretrain': 10}}
  TensorFlow version: 1.4.1
[38;2;74;176;245m[1mProfile[0m ⏱  ·· Time elapsed in [1mInitialisation[0m: ............................ [1m17.8s[0m
[38;2;74;176;245m[1mProfile[0m ⏱  ·· Starting [1m@load_data[0m
[38;2;74;176;245m[1mProfile[0m ⏱  ·· Time elapsed in [1m@load_data[0m: ................................ [1m44.6s[0m
[38;2;74;176;245m[1mProfile[0m ⏱  ·· Starting [1m@get_decorrelation_variables[0m
[38;2;74;176;245m[1mProfile[0m ⏱  ·· Time elapsed in [1m@get_decorrelation_variables[0m: ............... [1m0.0s[0m
[38;2;74;176;245m[1mProfile[0m ⏱  ·· Starting [1mClassifier-only fit, cross-validation[0m
[38;2;74;176;245m[1mProfile[0m ⏱  ···· Starting [1mFold 1/3[0m
Train on 1333332 samples, validate on 666668 samples
Epoch 1/50
 - 2s - loss: 0.4986 - val_loss: 0.4284
Epoch 2/50
 - 2s - loss: 0.4325 - val_loss: 0.4040
Epoch 3/50
 - 2s - loss: 0.4202 - val_loss: 0.3987
Epoch 4/50
 - 2s - loss: 0.4161 - val_loss: 0.4002
Epoch 5/50
 - 2s - loss: 0.4145 - val_loss: 0.3964
Epoch 6/50
 - 2s - loss: 0.4126 - val_loss: 0.3936
Epoch 7/50
 - 2s - loss: 0.4115 - val_loss: 0.3932
Epoch 8/50
 - 2s - loss: 0.4101 - val_loss: 0.3936
Epoch 9/50
 - 2s - loss: 0.4091 - val_loss: 0.3894
Epoch 10/50
 - 2s - loss: 0.4088 - val_loss: 0.3895
Epoch 11/50
 - 2s - loss: 0.4088 - val_loss: 0.3899
Epoch 12/50
 - 2s - loss: 0.4084 - val_loss: 0.3895
Epoch 13/50
 - 2s - loss: 0.4079 - val_loss: 0.3896
Epoch 14/50
 - 3s - loss: 0.4080 - val_loss: 0.3893
Epoch 15/50
 - 2s - loss: 0.4074 - val_loss: 0.3884
Epoch 16/50
 - 2s - loss: 0.4067 - val_loss: 0.3887
Epoch 17/50
 - 2s - loss: 0.4056 - val_loss: 0.3884
Epoch 18/50
 - 2s - loss: 0.4052 - val_loss: 0.3854
Epoch 19/50
 - 2s - loss: 0.4055 - val_loss: 0.3869
Epoch 20/50
 - 2s - loss: 0.4046 - val_loss: 0.3880
Epoch 21/50
 - 2s - loss: 0.4066 - val_loss: 0.3892
Epoch 22/50
 - 2s - loss: 0.4052 - val_loss: 0.3878
Epoch 23/50
 - 2s - loss: 0.4057 - val_loss: 0.3857
Epoch 24/50
 - 2s - loss: 0.4057 - val_loss: 0.3856
Epoch 25/50
 - 2s - loss: 0.4040 - val_loss: 0.3865
Epoch 26/50
 - 2s - loss: 0.4035 - val_loss: 0.3855
Epoch 27/50
 - 3s - loss: 0.4044 - val_loss: 0.3858
Epoch 28/50
 - 2s - loss: 0.4040 - val_loss: 0.3864
Epoch 29/50
 - 2s - loss: 0.4029 - val_loss: 0.3863
Epoch 30/50
 - 2s - loss: 0.4038 - val_loss: 0.3849
Epoch 31/50
 - 2s - loss: 0.4032 - val_loss: 0.3854
Epoch 32/50
 - 2s - loss: 0.4046 - val_loss: 0.3859
Epoch 33/50
 - 2s - loss: 0.4037 - val_loss: 0.3858
Epoch 34/50
 - 2s - loss: 0.4034 - val_loss: 0.3865
Epoch 35/50
 - 2s - loss: 0.4033 - val_loss: 0.3849
Epoch 36/50
 - 2s - loss: 0.4026 - val_loss: 0.3840
Epoch 37/50
 - 2s - loss: 0.4035 - val_loss: 0.3843
Epoch 38/50
 - 2s - loss: 0.4030 - val_loss: 0.3851
Epoch 39/50
 - 2s - loss: 0.4033 - val_loss: 0.3836
Epoch 40/50
 - 2s - loss: 0.4033 - val_loss: 0.3838
Epoch 41/50
 - 2s - loss: 0.4033 - val_loss: 0.3884
Epoch 42/50
 - 2s - loss: 0.4030 - val_loss: 0.3860
Epoch 43/50
 - 2s - loss: 0.4027 - val_loss: 0.3854
Epoch 44/50
 - 2s - loss: 0.4030 - val_loss: 0.3839
Epoch 45/50
 - 2s - loss: 0.4028 - val_loss: 0.3840
Epoch 46/50
 - 2s - loss: 0.4026 - val_loss: 0.3835
Epoch 47/50
 - 2s - loss: 0.4024 - val_loss: 0.3843
Epoch 48/50
 - 2s - loss: 0.4025 - val_loss: 0.3844
Epoch 49/50
 - 3s - loss: 0.4034 - val_loss: 0.3836
Epoch 50/50
 - 2s - loss: 0.4028 - val_loss: 0.3842
[38;2;74;176;245m[1mProfile[0m ⏱  ···· Time elapsed in [1mFold 1/3[0m: ............................... [1m127.8s[0m
[38;2;74;176;245m[1mProfile[0m ⏱  ···· Starting [1mFold 2/3[0m
Train on 1333334 samples, validate on 666666 samples
Epoch 1/50
 - 2s - loss: 0.5002 - val_loss: 0.4428
Epoch 2/50
 - 2s - loss: 0.4408 - val_loss: 0.4163
Epoch 3/50
 - 2s - loss: 0.4222 - val_loss: 0.3947
Epoch 4/50
 - 2s - loss: 0.4122 - val_loss: 0.3944
Epoch 5/50
 - 3s - loss: 0.4096 - val_loss: 0.3902
Epoch 6/50
 - 2s - loss: 0.4080 - val_loss: 0.3912
Epoch 7/50
 - 2s - loss: 0.4066 - val_loss: 0.3901
Epoch 8/50
 - 2s - loss: 0.4063 - val_loss: 0.3898
Epoch 9/50
 - 2s - loss: 0.4052 - val_loss: 0.3870
Epoch 10/50
 - 2s - loss: 0.4047 - val_loss: 0.3864
Epoch 11/50
 - 2s - loss: 0.4046 - val_loss: 0.3879
Epoch 12/50
 - 2s - loss: 0.4047 - val_loss: 0.3857
Epoch 13/50
 - 2s - loss: 0.4047 - val_loss: 0.3849
Epoch 14/50
 - 2s - loss: 0.4047 - val_loss: 0.3895
Epoch 15/50
 - 2s - loss: 0.4035 - val_loss: 0.3883
Epoch 16/50
 - 2s - loss: 0.4040 - val_loss: 0.3889
Epoch 17/50
 - 2s - loss: 0.4043 - val_loss: 0.3856
Epoch 18/50
 - 2s - loss: 0.4034 - val_loss: 0.3874
Epoch 19/50
 - 2s - loss: 0.4037 - val_loss: 0.3853
Epoch 20/50
 - 2s - loss: 0.4032 - val_loss: 0.3858
Epoch 21/50
 - 2s - loss: 0.4032 - val_loss: 0.3856
Epoch 22/50
 - 2s - loss: 0.4037 - val_loss: 0.3856
Epoch 23/50
 - 2s - loss: 0.4032 - val_loss: 0.3865
Epoch 24/50
 - 2s - loss: 0.4029 - val_loss: 0.3857
Epoch 25/50
 - 2s - loss: 0.4033 - val_loss: 0.3846
Epoch 26/50
 - 2s - loss: 0.4031 - val_loss: 0.3858
Epoch 27/50
 - 2s - loss: 0.4032 - val_loss: 0.3842
Epoch 28/50
 - 2s - loss: 0.4029 - val_loss: 0.3870
Epoch 29/50
 - 2s - loss: 0.4031 - val_loss: 0.3867
Epoch 30/50
 - 2s - loss: 0.4029 - val_loss: 0.3866
Epoch 31/50
 - 2s - loss: 0.4030 - val_loss: 0.3864
Epoch 32/50
 - 2s - loss: 0.4030 - val_loss: 0.3850
Epoch 33/50
 - 2s - loss: 0.4030 - val_loss: 0.3870
Epoch 34/50
 - 2s - loss: 0.4030 - val_loss: 0.3856
Epoch 35/50
 - 2s - loss: 0.4032 - val_loss: 0.3887
Epoch 36/50
 - 2s - loss: 0.4027 - val_loss: 0.3847
Epoch 37/50
 - 2s - loss: 0.4031 - val_loss: 0.3880
Epoch 38/50
 - 2s - loss: 0.4026 - val_loss: 0.3891
Epoch 39/50
 - 2s - loss: 0.4027 - val_loss: 0.3835
Epoch 40/50
 - 2s - loss: 0.4025 - val_loss: 0.3848
Epoch 41/50
 - 2s - loss: 0.4026 - val_loss: 0.3855
Epoch 42/50
 - 2s - loss: 0.4025 - val_loss: 0.3833
Epoch 43/50
 - 2s - loss: 0.4021 - val_loss: 0.3856
Epoch 44/50
 - 2s - loss: 0.4028 - val_loss: 0.3854
Epoch 45/50
 - 2s - loss: 0.4026 - val_loss: 0.3845
Epoch 46/50
 - 2s - loss: 0.4024 - val_loss: 0.3837
Epoch 47/50
 - 2s - loss: 0.4022 - val_loss: 0.3858
Epoch 48/50
 - 2s - loss: 0.4022 - val_loss: 0.3854
Epoch 49/50
 - 2s - loss: 0.4026 - val_loss: 0.3866
Epoch 50/50
 - 2s - loss: 0.4021 - val_loss: 0.3827
[38;2;74;176;245m[1mProfile[0m ⏱  ···· Time elapsed in [1mFold 2/3[0m: ............................... [1m108.6s[0m
[38;2;74;176;245m[1mProfile[0m ⏱  ···· Starting [1mFold 3/3[0m
Train on 1333334 samples, validate on 666666 samples
Epoch 1/50
 - 2s - loss: 0.5107 - val_loss: 0.4488
Epoch 2/50
 - 2s - loss: 0.4507 - val_loss: 0.4356
Epoch 3/50
 - 2s - loss: 0.4373 - val_loss: 0.4213
Epoch 4/50
 - 2s - loss: 0.4263 - val_loss: 0.4065
Epoch 5/50
 - 2s - loss: 0.4174 - val_loss: 0.3993
Epoch 6/50
 - 2s - loss: 0.4125 - val_loss: 0.3986
Epoch 7/50
 - 2s - loss: 0.4111 - val_loss: 0.3941
Epoch 8/50
 - 2s - loss: 0.4095 - val_loss: 0.3941
Epoch 9/50
 - 2s - loss: 0.4090 - val_loss: 0.3935
Epoch 10/50
 - 2s - loss: 0.4088 - val_loss: 0.3934
Epoch 11/50
 - 2s - loss: 0.4084 - val_loss: 0.3924
Epoch 12/50
 - 2s - loss: 0.4074 - val_loss: 0.3911
Epoch 13/50
 - 2s - loss: 0.4073 - val_loss: 0.3929
Epoch 14/50
 - 2s - loss: 0.4069 - val_loss: 0.3916
Epoch 15/50
 - 2s - loss: 0.4062 - val_loss: 0.3894
Epoch 16/50
 - 2s - loss: 0.4059 - val_loss: 0.3927
Epoch 17/50
 - 2s - loss: 0.4055 - val_loss: 0.3899
Epoch 18/50
 - 2s - loss: 0.4058 - val_loss: 0.3889
Epoch 19/50
 - 2s - loss: 0.4051 - val_loss: 0.3897
Epoch 20/50
 - 2s - loss: 0.4053 - val_loss: 0.3881
Epoch 21/50
 - 2s - loss: 0.4049 - val_loss: 0.3903
Epoch 22/50
 - 2s - loss: 0.4042 - val_loss: 0.3890
Epoch 23/50
 - 2s - loss: 0.4041 - val_loss: 0.3920
Epoch 24/50
 - 2s - loss: 0.4039 - val_loss: 0.3881
Epoch 25/50
 - 2s - loss: 0.4040 - val_loss: 0.3874
Epoch 26/50
 - 2s - loss: 0.4038 - val_loss: 0.3873
Epoch 27/50
 - 2s - loss: 0.4035 - val_loss: 0.3867
Epoch 28/50
 - 2s - loss: 0.4042 - val_loss: 0.3883
Epoch 29/50
 - 2s - loss: 0.4038 - val_loss: 0.3855
Epoch 30/50
 - 2s - loss: 0.4034 - val_loss: 0.3877
Epoch 31/50
 - 2s - loss: 0.4029 - val_loss: 0.3861
Epoch 32/50
 - 2s - loss: 0.4035 - val_loss: 0.3882
Epoch 33/50
 - 2s - loss: 0.4030 - val_loss: 0.3884
Epoch 34/50
 - 2s - loss: 0.4033 - val_loss: 0.3873
Epoch 35/50
 - 2s - loss: 0.4024 - val_loss: 0.3877
Epoch 36/50
 - 2s - loss: 0.4028 - val_loss: 0.3877
Epoch 37/50
 - 3s - loss: 0.4028 - val_loss: 0.3861
Epoch 38/50
 - 2s - loss: 0.4025 - val_loss: 0.3876
Epoch 39/50
 - 2s - loss: 0.4027 - val_loss: 0.3855
Epoch 40/50
 - 2s - loss: 0.4027 - val_loss: 0.3881
Epoch 41/50
 - 2s - loss: 0.4020 - val_loss: 0.3877
Epoch 42/50
 - 2s - loss: 0.4024 - val_loss: 0.3867
Epoch 43/50
 - 2s - loss: 0.4021 - val_loss: 0.3862
Epoch 44/50
 - 2s - loss: 0.4020 - val_loss: 0.3861
Epoch 45/50
 - 2s - loss: 0.4030 - val_loss: 0.3880
Epoch 46/50
 - 2s - loss: 0.4021 - val_loss: 0.3860
Epoch 47/50
 - 2s - loss: 0.4024 - val_loss: 0.3878
Epoch 48/50
 - 2s - loss: 0.4023 - val_loss: 0.3887
Epoch 49/50
 - 2s - loss: 0.4023 - val_loss: 0.3863
Epoch 50/50
 - 2s - loss: 0.4024 - val_loss: 0.3867
Got result 0.386170246527
Completed successfully in 423.78 seconds. [{u'main': 0.38617024652664805}]
[38;2;74;176;245m[1mProfile[0m ⏱  ···· Time elapsed in [1mFold 3/3[0m: ............................... [1m103.5s[0m
[38;2;74;176;245m[1mProfile[0m ⏱  ·· Time elapsed in [1mClassifier-only fit, cross-validation[0m: .... [1m340.5s[0m
[38;2;74;176;245m[1mProfile[0m ⏱  Time elapsed in [1m@main[0m: ....................................... [1m403.3s[0m
cd: Going back to /exports/eddie3_homes_local/s1562020/work/adversarial/optimisation/experiments/classifier
