Job launching after 5.23 seconds in submission.
Running python job.
Changed into dir /exports/eddie3_homes_local/s1562020/work/adversarial/optimisation/experiments/classifier
Importing optimise.py
Running optimise.main()
INFO: Applying patch '/exports/eddie3_homes_local/s1562020/work/adversarial/optimisation/experiments/classifier/patches/patch.00000033.json'
INFO: Found 20 Intel(R) Xeon(R) CPU E5-2630 v4 @ 2.20GHz devices with 10 cores each.
Using TensorFlow backend.
INFO: Scaling classifier/lr -4 -> 0.0001
INFO: Scaling classifier/decay -2 -> 0.01
INFO: Scaling classifier/units 1 -> 2
INFO: Writing TensorBoard logs to 'logs/tensorboard/classifier-patch.00000033/'
INFO: Running '/exports/eddie3_homes_local/s1562020/work/adversarial/run/adversarial/common.pyc'
INFO: Command-line arguments:
INFO: Configuration file contents:
INFO: Python version: 2.7.14
INFO: Numpy  version: 1.12.1
INFO: Keras  version: 2.1.5
INFO: Using keras backend: 'tensorflow'
INFO: Found  1000000 training and  1000249 test samples for signal
INFO: Found  1000000 training and 10000000 test samples for background
INFO: load_data: Selecting only training data.
INFO: Implementing gradient reversal layer in TensorFlow
INFO: Training cross-validation classifiers
Call to main function (#33)
  Parameters: {u'classifier/model/default/units': array([1]), u'classifier/compile/decay': array([-2]), u'classifier/model/default/dropout': array([ 0.]), u'classifier/compile/lr': array([-4]), u'classifier/model/architecture': array([6]), u'classifier/model/default/activation': [u'relu']}
param: classifier/model/default/units
param: classifier/compile/decay
param: classifier/model/default/dropout
param: classifier/compile/lr
param: classifier/model/architecture
param: classifier/model/default/activation
- - - - - - - - - - - - - - - - - - - - - - - - - - - - - - - - - - - - - - - - 
Saving the following patch to '/exports/eddie3_homes_local/s1562020/work/adversarial/optimisation/experiments/classifier/patches/patch.00000033.json':
{u'classifier': {u'compile': {u'lr': -4, u'decay': -2}, u'model': {u'default': {u'units': 1, u'dropout': 0.0, u'activation': u'relu'}, u'architecture': 6}, 'fit': {'epochs': 50, 'batch_size': 8192}}}
- - - - - - - - - - - - - - - - - - - - - - - - - - - - - - - - - - - - - - - - 
cd: Going to /exports/eddie3_homes_local/s1562020/work/adversarial/
[38;2;74;176;245m[1mProfile[0m ⏱  Starting [1m@main[0m
[38;2;74;176;245m[1mProfile[0m ⏱  ·· Starting [1mInitialisation[0m
[38;2;74;176;245m[1mProfile[0m ⏱  ···· Starting [1m@initialise[0m
[38;2;74;176;245m[1mProfile[0m ⏱  ···· Time elapsed in [1m@initialise[0m: .............................. [1m0.1s[0m
[38;2;74;176;245m[1mProfile[0m ⏱  ···· Starting [1m@initialise_backend[0m
[38;2;74;176;245m[1mProfile[0m ⏱  ······ Starting [1m@configure_tensorflow[0m
[38;2;74;176;245m[1mProfile[0m ⏱  ······ Time elapsed in [1m@configure_tensorflow[0m: ................. [1m18.0s[0m
[38;2;74;176;245m[1mProfile[0m ⏱  ···· Time elapsed in [1m@initialise_backend[0m: ..................... [1m19.2s[0m
{'config': './configs/default.json',
 'devices': 7,
 'folds': 3,
 'gpu': True,
 'input': './input/',
 'jobname': 'classifier-patch.00000033',
 'mode': 'gpu',
 'optimise_adversarial': False,
 'optimise_classifier': True,
 'output': './output/',
 'patches': ['/exports/eddie3_homes_local/s1562020/work/adversarial/optimisation/experiments/classifier/patches/patch.00000033.json'],
 'tensorboard': True,
 'theano': False,
 'train': False,
 'train_adversarial': False,
 'train_classifier': True,
 'verbose': False}
{u'adversary': {u'compile': {},
                u'fit': {},
                u'model': {u'architecture': [{}, {}, {}, {}],
                           u'default': {u'activation': u'relu',
                                        u'units': 64},
                           u'gmm_components': 5}},
 u'classifier': {u'compile': {u'loss': u'binary_crossentropy',
                              u'optimizer': <keras.optimizers.Adam object at 0x2b5b00861310>},
                 u'fit': {u'batch_size': 57344,
                          u'epochs': 50,
                          u'shuffle': True,
                          'verbose': 2},
                 u'model': {u'architecture': [{}, {}, {}, {}, {}, {}],
                            u'default': {u'activation': u'relu',
                                         u'batchnorm': True,
                                         u'dropout': 0.0,
                                         u'units': 2}}},
 u'combined': {u'compile': {u'loss': [u'binary_crossentropy', None],
                            u'loss_weights': [1.8181818181818182e-09, 1.0],
                            u'optimizer': <keras.optimizers.Adam object at 0x2b5b00861350>},
               u'fit': {u'batch_size': 57344,
                        u'epochs': 100,
                        u'shuffle': True,
                        'verbose': 2},
               u'model': {u'lambda_reg': 10.0,
                          u'lr_ratio': 1.8181818181818182e-09},
               u'pretrain': 10}}
  TensorFlow version: 1.4.1
[38;2;74;176;245m[1mProfile[0m ⏱  ·· Time elapsed in [1mInitialisation[0m: ............................ [1m19.3s[0m
[38;2;74;176;245m[1mProfile[0m ⏱  ·· Starting [1m@load_data[0m
[38;2;74;176;245m[1mProfile[0m ⏱  ·· Time elapsed in [1m@load_data[0m: ................................ [1m37.1s[0m
[38;2;74;176;245m[1mProfile[0m ⏱  ·· Starting [1m@get_decorrelation_variables[0m
[38;2;74;176;245m[1mProfile[0m ⏱  ·· Time elapsed in [1m@get_decorrelation_variables[0m: ............... [1m0.0s[0m
[38;2;74;176;245m[1mProfile[0m ⏱  ·· Starting [1mClassifier-only fit, cross-validation[0m
[38;2;74;176;245m[1mProfile[0m ⏱  ···· Starting [1mFold 1/3[0m
Train on 1333332 samples, validate on 666668 samples
Epoch 1/50
 - 5s - loss: 0.6970 - val_loss: 0.6931
Epoch 2/50
 - 3s - loss: 0.6955 - val_loss: 0.6923
Epoch 3/50
 - 4s - loss: 0.6949 - val_loss: 0.6922
Epoch 4/50
 - 3s - loss: 0.6942 - val_loss: 0.6941
Epoch 5/50
 - 3s - loss: 0.6939 - val_loss: 0.6927
Epoch 6/50
 - 3s - loss: 0.6936 - val_loss: 0.6933
Epoch 7/50
 - 3s - loss: 0.6934 - val_loss: 0.6928
Epoch 8/50
 - 3s - loss: 0.6932 - val_loss: 0.6924
Epoch 9/50
 - 3s - loss: 0.6930 - val_loss: 0.6924
Epoch 10/50
 - 3s - loss: 0.6929 - val_loss: 0.6923
Epoch 11/50
 - 3s - loss: 0.6927 - val_loss: 0.6921
Epoch 12/50
 - 3s - loss: 0.6927 - val_loss: 0.6924
Epoch 13/50
 - 3s - loss: 0.6926 - val_loss: 0.6940
Epoch 14/50
 - 3s - loss: 0.6925 - val_loss: 0.6917
Epoch 15/50
 - 3s - loss: 0.6924 - val_loss: 0.6915
Epoch 16/50
 - 3s - loss: 0.6924 - val_loss: 0.6915
Epoch 17/50
 - 3s - loss: 0.6924 - val_loss: 0.6914
Epoch 18/50
 - 3s - loss: 0.6923 - val_loss: 0.6914
Epoch 19/50
 - 3s - loss: 0.6922 - val_loss: 0.6912
Epoch 20/50
 - 3s - loss: 0.6923 - val_loss: 0.6912
Epoch 21/50
 - 3s - loss: 0.6921 - val_loss: 0.6910
Epoch 22/50
 - 3s - loss: 0.6921 - val_loss: 0.6916
Epoch 23/50
 - 3s - loss: 0.6920 - val_loss: 0.6909
Epoch 24/50
 - 3s - loss: 0.6920 - val_loss: 0.6907
Epoch 25/50
 - 3s - loss: 0.6920 - val_loss: 0.6916
Epoch 26/50
 - 3s - loss: 0.6920 - val_loss: 0.6908
Epoch 27/50
 - 3s - loss: 0.6918 - val_loss: 0.6905
Epoch 28/50
 - 4s - loss: 0.6919 - val_loss: 0.6907
Epoch 29/50
 - 3s - loss: 0.6917 - val_loss: 0.6906
Epoch 30/50
 - 4s - loss: 0.6918 - val_loss: 0.6905
Epoch 31/50
 - 3s - loss: 0.6917 - val_loss: 0.6908
Epoch 32/50
 - 3s - loss: 0.6917 - val_loss: 0.6902
Epoch 33/50
 - 3s - loss: 0.6917 - val_loss: 0.6909
Epoch 34/50
 - 3s - loss: 0.6917 - val_loss: 0.6906
Epoch 35/50
 - 3s - loss: 0.6915 - val_loss: 0.6923
Epoch 36/50
 - 3s - loss: 0.6916 - val_loss: 0.6902
Epoch 37/50
 - 3s - loss: 0.6915 - val_loss: 0.6903
Epoch 38/50
 - 3s - loss: 0.6915 - val_loss: 0.6903
Epoch 39/50
 - 3s - loss: 0.6914 - val_loss: 0.6901
Epoch 40/50
 - 3s - loss: 0.6915 - val_loss: 0.6899
Epoch 41/50
 - 3s - loss: 0.6914 - val_loss: 0.6899
Epoch 42/50
 - 3s - loss: 0.6914 - val_loss: 0.6898
Epoch 43/50
 - 3s - loss: 0.6914 - val_loss: 0.6898
Epoch 44/50
 - 3s - loss: 0.6913 - val_loss: 0.6899
Epoch 45/50
 - 3s - loss: 0.6913 - val_loss: 0.6899
Epoch 46/50
 - 3s - loss: 0.6913 - val_loss: 0.6898
Epoch 47/50
 - 3s - loss: 0.6912 - val_loss: 0.6899
Epoch 48/50
 - 3s - loss: 0.6912 - val_loss: 0.6898
Epoch 49/50
 - 3s - loss: 0.6912 - val_loss: 0.6897
Epoch 50/50
 - 3s - loss: 0.6910 - val_loss: 0.6896
[38;2;74;176;245m[1mProfile[0m ⏱  ···· Time elapsed in [1mFold 1/3[0m: ............................... [1m194.6s[0m
[38;2;74;176;245m[1mProfile[0m ⏱  ···· Starting [1mFold 2/3[0m
Train on 1333334 samples, validate on 666666 samples
Epoch 1/50
 - 5s - loss: 0.6866 - val_loss: 0.6822
Epoch 2/50
 - 3s - loss: 0.6861 - val_loss: 0.6817
Epoch 3/50
 - 3s - loss: 0.6854 - val_loss: 0.6815
Epoch 4/50
 - 3s - loss: 0.6852 - val_loss: 0.6818
Epoch 5/50
 - 2s - loss: 0.6846 - val_loss: 0.6812
Epoch 6/50
 - 2s - loss: 0.6844 - val_loss: 0.6802
Epoch 7/50
 - 3s - loss: 0.6841 - val_loss: 0.6804
Epoch 8/50
 - 3s - loss: 0.6837 - val_loss: 0.6804
Epoch 9/50
 - 3s - loss: 0.6836 - val_loss: 0.6799
Epoch 10/50
 - 3s - loss: 0.6832 - val_loss: 0.6791
Epoch 11/50
 - 4s - loss: 0.6833 - val_loss: 0.6796
Epoch 12/50
 - 2s - loss: 0.6830 - val_loss: 0.6793
Epoch 13/50
 - 2s - loss: 0.6829 - val_loss: 0.6786
Epoch 14/50
 - 2s - loss: 0.6827 - val_loss: 0.6795
Epoch 15/50
 - 3s - loss: 0.6825 - val_loss: 0.6790
Epoch 16/50
 - 3s - loss: 0.6824 - val_loss: 0.6780
Epoch 17/50
 - 3s - loss: 0.6822 - val_loss: 0.6787
Epoch 18/50
 - 2s - loss: 0.6821 - val_loss: 0.6794
Epoch 19/50
 - 2s - loss: 0.6819 - val_loss: 0.6783
Epoch 20/50
 - 3s - loss: 0.6818 - val_loss: 0.6775
Epoch 21/50
 - 2s - loss: 0.6817 - val_loss: 0.6773
Epoch 22/50
 - 3s - loss: 0.6816 - val_loss: 0.6780
Epoch 23/50
 - 3s - loss: 0.6816 - val_loss: 0.6782
Epoch 24/50
 - 3s - loss: 0.6814 - val_loss: 0.6778
Epoch 25/50
 - 3s - loss: 0.6813 - val_loss: 0.6779
Epoch 26/50
 - 3s - loss: 0.6812 - val_loss: 0.6775
Epoch 27/50
 - 3s - loss: 0.6811 - val_loss: 0.6778
Epoch 28/50
 - 3s - loss: 0.6809 - val_loss: 0.6776
Epoch 29/50
 - 3s - loss: 0.6809 - val_loss: 0.6773
Epoch 30/50
 - 3s - loss: 0.6807 - val_loss: 0.6774
Epoch 31/50
 - 3s - loss: 0.6808 - val_loss: 0.6774
Epoch 32/50
 - 3s - loss: 0.6806 - val_loss: 0.6773
Epoch 33/50
 - 3s - loss: 0.6806 - val_loss: 0.6774
Epoch 34/50
 - 3s - loss: 0.6806 - val_loss: 0.6929
Epoch 35/50
 - 3s - loss: 0.6805 - val_loss: 0.6768
Epoch 36/50
 - 3s - loss: 0.6804 - val_loss: 0.6768
Epoch 37/50
 - 3s - loss: 0.6803 - val_loss: 0.6769
Epoch 38/50
 - 3s - loss: 0.6802 - val_loss: 0.6768
Epoch 39/50
 - 3s - loss: 0.6804 - val_loss: 0.6767
Epoch 40/50
 - 3s - loss: 0.6801 - val_loss: 0.6762
Epoch 41/50
 - 3s - loss: 0.6801 - val_loss: 0.6759
Epoch 42/50
 - 3s - loss: 0.6802 - val_loss: 0.6761
Epoch 43/50
 - 3s - loss: 0.6799 - val_loss: 0.6763
Epoch 44/50
 - 3s - loss: 0.6798 - val_loss: 0.6764
Epoch 45/50
 - 3s - loss: 0.6797 - val_loss: 0.6759
Epoch 46/50
 - 3s - loss: 0.6797 - val_loss: 0.6760
Epoch 47/50
 - 3s - loss: 0.6797 - val_loss: 0.6757
Epoch 48/50
 - 3s - loss: 0.6796 - val_loss: 0.6759
Epoch 49/50
 - 3s - loss: 0.6795 - val_loss: 0.6761
Epoch 50/50
 - 3s - loss: 0.6794 - val_loss: 0.6760
[38;2;74;176;245m[1mProfile[0m ⏱  ···· Time elapsed in [1mFold 2/3[0m: ............................... [1m169.8s[0m
[38;2;74;176;245m[1mProfile[0m ⏱  ···· Starting [1mFold 3/3[0m
Train on 1333334 samples, validate on 666666 samples
Epoch 1/50
 - 6s - loss: 0.7779 - val_loss: 0.7799
Epoch 2/50
 - 3s - loss: 0.7769 - val_loss: 0.7779
Epoch 3/50
 - 3s - loss: 0.7758 - val_loss: 0.7807
Epoch 4/50
 - 3s - loss: 0.7750 - val_loss: 0.7803
Epoch 5/50
 - 4s - loss: 0.7745 - val_loss: 0.7736
Epoch 6/50
 - 3s - loss: 0.7733 - val_loss: 0.7806
Epoch 7/50
 - 3s - loss: 0.7733 - val_loss: 0.7804
Epoch 8/50
 - 3s - loss: 0.7722 - val_loss: 0.7794
Epoch 9/50
 - 3s - loss: 0.7721 - val_loss: 0.7780
Epoch 10/50
 - 3s - loss: 0.7712 - val_loss: 0.7810
Epoch 11/50
 - 3s - loss: 0.7709 - val_loss: 0.7772
Epoch 12/50
 - 4s - loss: 0.7704 - val_loss: 0.7761
Epoch 13/50
 - 3s - loss: 0.7703 - val_loss: 0.7764
Epoch 14/50
 - 3s - loss: 0.7694 - val_loss: 0.7761
Epoch 15/50
 - 3s - loss: 0.7693 - val_loss: 0.7752
Epoch 16/50
 - 4s - loss: 0.7687 - val_loss: 0.7753
Epoch 17/50
 - 3s - loss: 0.7685 - val_loss: 0.7748
Epoch 18/50
 - 3s - loss: 0.7681 - val_loss: 0.7734
Epoch 19/50
 - 4s - loss: 0.7675 - val_loss: 0.7736
Epoch 20/50
 - 3s - loss: 0.7677 - val_loss: 0.7780
Epoch 21/50
 - 4s - loss: 0.7674 - val_loss: 0.7719
Epoch 22/50
 - 4s - loss: 0.7663 - val_loss: 0.7720
Epoch 23/50
 - 4s - loss: 0.7664 - val_loss: 0.7740
Epoch 24/50
 - 3s - loss: 0.7664 - val_loss: 0.7686
Epoch 25/50
 - 3s - loss: 0.7656 - val_loss: 0.7708
Epoch 26/50
 - 3s - loss: 0.7652 - val_loss: 0.7709
Epoch 27/50
 - 4s - loss: 0.7651 - val_loss: 0.7704
Epoch 28/50
 - 3s - loss: 0.7650 - val_loss: 0.7698
Epoch 29/50
 - 4s - loss: 0.7651 - val_loss: 0.7689
Epoch 30/50
 - 3s - loss: 0.7644 - val_loss: 0.7691
Epoch 31/50
 - 3s - loss: 0.7639 - val_loss: 0.7669
Epoch 32/50
 - 3s - loss: 0.7635 - val_loss: 0.7707
Epoch 33/50
 - 3s - loss: 0.7633 - val_loss: 0.7678
Epoch 34/50
 - 3s - loss: 0.7630 - val_loss: 0.7691
Epoch 35/50
 - 3s - loss: 0.7629 - val_loss: 0.7671
Epoch 36/50
 - 3s - loss: 0.7627 - val_loss: 0.7679
Epoch 37/50
 - 4s - loss: 0.7627 - val_loss: 0.7664
Epoch 38/50
 - 3s - loss: 0.7624 - val_loss: 0.7664
Epoch 39/50
 - 3s - loss: 0.7622 - val_loss: 0.7696
Epoch 40/50
 - 3s - loss: 0.7618 - val_loss: 0.7664
Epoch 41/50
 - 3s - loss: 0.7617 - val_loss: 0.7661
Epoch 42/50
 - 3s - loss: 0.7613 - val_loss: 0.7637
Epoch 43/50
 - 4s - loss: 0.7613 - val_loss: 0.7650
Epoch 44/50
 - 3s - loss: 0.7612 - val_loss: 0.7218
Epoch 45/50
 - 3s - loss: 0.7610 - val_loss: 0.7654
Epoch 46/50
 - 3s - loss: 0.7606 - val_loss: 0.7618
Epoch 47/50
 - 4s - loss: 0.7601 - val_loss: 0.7635
Epoch 48/50
 - 3s - loss: 0.7602 - val_loss: 0.7631
Epoch 49/50
 - 3s - loss: 0.7599 - val_loss: 0.7641
Epoch 50/50
 - 3s - loss: 0.7594 - val_loss: 0.7633
Got result 0.747963086781
Completed successfully in 654.02 seconds. [{u'main': 0.7479630867808338}]
[38;2;74;176;245m[1mProfile[0m ⏱  ···· Time elapsed in [1mFold 3/3[0m: ............................... [1m205.8s[0m
[38;2;74;176;245m[1mProfile[0m ⏱  ·· Time elapsed in [1mClassifier-only fit, cross-validation[0m: .... [1m570.9s[0m
[38;2;74;176;245m[1mProfile[0m ⏱  Time elapsed in [1m@main[0m: ....................................... [1m627.6s[0m
cd: Going back to /exports/eddie3_homes_local/s1562020/work/adversarial/optimisation/experiments/classifier
