Job launching after 4.80 seconds in submission.
Running python job.
Changed into dir /exports/eddie3_homes_local/s1562020/work/adversarial/optimisation/experiments/classifier
Importing optimise.py
Running optimise.main()
INFO: Applying patch '/exports/eddie3_homes_local/s1562020/work/adversarial/optimisation/experiments/classifier/patches/patch.00000043.json'
INFO: Found 20 Intel(R) Xeon(R) CPU E5-2630 v4 @ 2.20GHz devices with 10 cores each.
Using TensorFlow backend.
INFO: Scaling classifier/lr -1 -> 0.1
INFO: Scaling classifier/decay -2 -> 0.01
INFO: Scaling classifier/units 9 -> 512
INFO: Writing TensorBoard logs to 'logs/tensorboard/classifier-patch.00000043/'
INFO: Running '/exports/eddie3_homes_local/s1562020/work/adversarial/run/adversarial/common.pyc'
INFO: Command-line arguments:
INFO: Configuration file contents:
INFO: Python version: 2.7.14
INFO: Numpy  version: 1.12.1
INFO: Keras  version: 2.1.5
INFO: Using keras backend: 'tensorflow'
INFO: Found  1000000 training and  1000249 test samples for signal
INFO: Found  1000000 training and 10000000 test samples for background
INFO: load_data: Selecting only training data.
INFO: Implementing gradient reversal layer in TensorFlow
INFO: Training cross-validation classifiers
Call to main function (#43)
  Parameters: {u'classifier/model/default/units': array([9]), u'classifier/compile/decay': array([-2]), u'classifier/model/default/dropout': array([ 0.]), u'classifier/compile/lr': array([-1]), u'classifier/model/architecture': array([6]), u'classifier/model/default/activation': [u'relu']}
param: classifier/model/default/units
param: classifier/compile/decay
param: classifier/model/default/dropout
param: classifier/compile/lr
param: classifier/model/architecture
param: classifier/model/default/activation
- - - - - - - - - - - - - - - - - - - - - - - - - - - - - - - - - - - - - - - - 
Saving the following patch to '/exports/eddie3_homes_local/s1562020/work/adversarial/optimisation/experiments/classifier/patches/patch.00000043.json':
{u'classifier': {u'compile': {u'lr': -1, u'decay': -2}, u'model': {u'default': {u'units': 9, u'dropout': 0.0, u'activation': u'relu'}, u'architecture': 6}, 'fit': {'epochs': 50, 'batch_size': 8192}}}
- - - - - - - - - - - - - - - - - - - - - - - - - - - - - - - - - - - - - - - - 
cd: Going to /exports/eddie3_homes_local/s1562020/work/adversarial/
[38;2;74;176;245m[1mProfile[0m ⏱  Starting [1m@main[0m
[38;2;74;176;245m[1mProfile[0m ⏱  ·· Starting [1mInitialisation[0m
[38;2;74;176;245m[1mProfile[0m ⏱  ···· Starting [1m@initialise[0m
[38;2;74;176;245m[1mProfile[0m ⏱  ···· Time elapsed in [1m@initialise[0m: .............................. [1m0.0s[0m
[38;2;74;176;245m[1mProfile[0m ⏱  ···· Starting [1m@initialise_backend[0m
[38;2;74;176;245m[1mProfile[0m ⏱  ······ Starting [1m@configure_tensorflow[0m
[38;2;74;176;245m[1mProfile[0m ⏱  ······ Time elapsed in [1m@configure_tensorflow[0m: ................. [1m16.6s[0m
[38;2;74;176;245m[1mProfile[0m ⏱  ···· Time elapsed in [1m@initialise_backend[0m: ..................... [1m17.7s[0m
{'config': './configs/default.json',
 'devices': 7,
 'folds': 3,
 'gpu': True,
 'input': './input/',
 'jobname': 'classifier-patch.00000043',
 'mode': 'gpu',
 'optimise_adversarial': False,
 'optimise_classifier': True,
 'output': './output/',
 'patches': ['/exports/eddie3_homes_local/s1562020/work/adversarial/optimisation/experiments/classifier/patches/patch.00000043.json'],
 'tensorboard': True,
 'theano': False,
 'train': False,
 'train_adversarial': False,
 'train_classifier': True,
 'verbose': False}
{u'adversary': {u'compile': {},
                u'fit': {},
                u'model': {u'architecture': [{}, {}, {}, {}],
                           u'default': {u'activation': u'relu',
                                        u'units': 64},
                           u'gmm_components': 5}},
 u'classifier': {u'compile': {u'loss': u'binary_crossentropy',
                              u'optimizer': <keras.optimizers.Adam object at 0x2b63701b8310>},
                 u'fit': {u'batch_size': 57344,
                          u'epochs': 50,
                          u'shuffle': True,
                          'verbose': 2},
                 u'model': {u'architecture': [{}, {}, {}, {}, {}, {}],
                            u'default': {u'activation': u'relu',
                                         u'batchnorm': True,
                                         u'dropout': 0.0,
                                         u'units': 512}}},
 u'combined': {u'compile': {u'loss': [u'binary_crossentropy', None],
                            u'loss_weights': [4.545454545454545e-09, 1.0],
                            u'optimizer': <keras.optimizers.Adam object at 0x2b63701b8350>},
               u'fit': {u'batch_size': 57344,
                        u'epochs': 100,
                        u'shuffle': True,
                        'verbose': 2},
               u'model': {u'lambda_reg': 10.0,
                          u'lr_ratio': 4.545454545454545e-09},
               u'pretrain': 10}}
  TensorFlow version: 1.4.1
[38;2;74;176;245m[1mProfile[0m ⏱  ·· Time elapsed in [1mInitialisation[0m: ............................ [1m17.8s[0m
[38;2;74;176;245m[1mProfile[0m ⏱  ·· Starting [1m@load_data[0m
[38;2;74;176;245m[1mProfile[0m ⏱  ·· Time elapsed in [1m@load_data[0m: ................................ [1m39.2s[0m
[38;2;74;176;245m[1mProfile[0m ⏱  ·· Starting [1m@get_decorrelation_variables[0m
[38;2;74;176;245m[1mProfile[0m ⏱  ·· Time elapsed in [1m@get_decorrelation_variables[0m: ............... [1m0.0s[0m
[38;2;74;176;245m[1mProfile[0m ⏱  ·· Starting [1mClassifier-only fit, cross-validation[0m
[38;2;74;176;245m[1mProfile[0m ⏱  ···· Starting [1mFold 1/3[0m
Train on 1333332 samples, validate on 666668 samples
Epoch 1/50
 - 13s - loss: 4.1791 - val_loss: 3.8015
Epoch 2/50
 - 11s - loss: 3.7087 - val_loss: 3.3673
Epoch 3/50
 - 11s - loss: 3.4123 - val_loss: 3.3879
Epoch 4/50
 - 10s - loss: 3.2411 - val_loss: 3.7799
Epoch 5/50
 - 11s - loss: 3.3198 - val_loss: 3.1978
Epoch 6/50
 - 11s - loss: 3.2235 - val_loss: 3.8229
Epoch 7/50
 - 11s - loss: 3.4035 - val_loss: 3.5322
Epoch 8/50
 - 11s - loss: 3.1844 - val_loss: 3.2402
Epoch 9/50
 - 11s - loss: 3.0580 - val_loss: 3.2062
Epoch 10/50
 - 10s - loss: 3.1643 - val_loss: 3.7388
Epoch 11/50
 - 10s - loss: 3.2776 - val_loss: 3.2612
Epoch 12/50
 - 11s - loss: 3.0486 - val_loss: 3.0490
Epoch 13/50
 - 10s - loss: 3.0493 - val_loss: 3.1121
Epoch 14/50
 - 10s - loss: 3.1213 - val_loss: 3.2142
Epoch 15/50
 - 10s - loss: 3.1071 - val_loss: 3.0200
Epoch 16/50
 - 10s - loss: 2.9804 - val_loss: 2.9959
Epoch 17/50
 - 10s - loss: 3.0144 - val_loss: 3.0137
Epoch 18/50
 - 10s - loss: 2.9963 - val_loss: 3.1813
Epoch 19/50
 - 11s - loss: 2.9368 - val_loss: 3.0018
Epoch 20/50
 - 10s - loss: 2.9278 - val_loss: 3.0986
Epoch 21/50
 - 9s - loss: 2.9537 - val_loss: 2.9721
Epoch 22/50
 - 9s - loss: 2.9522 - val_loss: 3.0744
Epoch 23/50
 - 9s - loss: 2.9080 - val_loss: 2.8717
Epoch 24/50
 - 10s - loss: 2.8113 - val_loss: 2.8612
Epoch 25/50
 - 11s - loss: 2.9148 - val_loss: 3.0395
Epoch 26/50
 - 11s - loss: 3.1773 - val_loss: 3.2820
Epoch 27/50
 - 9s - loss: 2.9427 - val_loss: 2.9220
Epoch 28/50
 - 9s - loss: 2.8050 - val_loss: 2.7719
Epoch 29/50
 - 9s - loss: 2.8054 - val_loss: 2.8469
Epoch 30/50
 - 9s - loss: 2.7979 - val_loss: 2.8009
Epoch 31/50
 - 8s - loss: 2.7805 - val_loss: 2.8238
Epoch 32/50
 - 9s - loss: 2.7887 - val_loss: 2.8050
Epoch 33/50
 - 9s - loss: 2.7805 - val_loss: 2.7977
Epoch 34/50
 - 9s - loss: 2.8018 - val_loss: 2.8368
Epoch 35/50
 - 9s - loss: 2.7981 - val_loss: 2.8814
Epoch 36/50
 - 8s - loss: 2.9334 - val_loss: 3.1673
Epoch 37/50
 - 9s - loss: 2.9313 - val_loss: 3.0145
Epoch 38/50
 - 9s - loss: 2.9643 - val_loss: 2.9936
Epoch 39/50
 - 9s - loss: 2.8566 - val_loss: 2.9089
Epoch 40/50
 - 9s - loss: 2.8805 - val_loss: 3.1945
Epoch 41/50
 - 9s - loss: 2.8471 - val_loss: 2.8559
Epoch 42/50
 - 10s - loss: 2.8432 - val_loss: 3.0818
Epoch 43/50
 - 9s - loss: 3.0154 - val_loss: 3.4185
Epoch 44/50
 - 9s - loss: 2.9652 - val_loss: 2.8593
Epoch 45/50
 - 9s - loss: 2.8068 - val_loss: 2.8226
Epoch 46/50
 - 9s - loss: 2.7820 - val_loss: 2.9526
Epoch 47/50
 - 6s - loss: 2.8360 - val_loss: 2.8907
Epoch 48/50
 - 6s - loss: 2.8789 - val_loss: 2.9570
Epoch 49/50
 - 7s - loss: 2.8735 - val_loss: 2.9305
Epoch 50/50
 - 6s - loss: 2.8220 - val_loss: 2.8413
[38;2;74;176;245m[1mProfile[0m ⏱  ···· Time elapsed in [1mFold 1/3[0m: ............................... [1m521.3s[0m
[38;2;74;176;245m[1mProfile[0m ⏱  ···· Starting [1mFold 2/3[0m
Train on 1333334 samples, validate on 666666 samples
Epoch 1/50
 - 10s - loss: 2.5085 - val_loss: 5.2858
Epoch 2/50
 - 7s - loss: 0.7322 - val_loss: 3.1917
Epoch 3/50
 - 7s - loss: 0.6283 - val_loss: 1.1646
Epoch 4/50
 - 8s - loss: 0.6077 - val_loss: 0.6822
Epoch 5/50
 - 7s - loss: 0.5914 - val_loss: 0.6142
Epoch 6/50
 - 7s - loss: 0.5671 - val_loss: 0.5827
Epoch 7/50
 - 7s - loss: 0.5489 - val_loss: 0.5711
Epoch 8/50
 - 8s - loss: 0.5440 - val_loss: 0.5689
Epoch 9/50
 - 8s - loss: 0.5406 - val_loss: 0.5670
Epoch 10/50
 - 7s - loss: 0.5377 - val_loss: 0.5719
Epoch 11/50
 - 7s - loss: 0.5358 - val_loss: 0.5651
Epoch 12/50
 - 7s - loss: 0.5345 - val_loss: 0.5604
Epoch 13/50
 - 6s - loss: 0.5343 - val_loss: 0.5583
Epoch 14/50
 - 7s - loss: 0.5332 - val_loss: 0.5470
Epoch 15/50
 - 7s - loss: 0.5324 - val_loss: 0.5391
Epoch 16/50
 - 6s - loss: 0.5313 - val_loss: 0.5344
Epoch 17/50
 - 6s - loss: 0.5303 - val_loss: 0.5411
Epoch 18/50
 - 7s - loss: 0.5302 - val_loss: 0.5362
Epoch 19/50
 - 8s - loss: 0.5300 - val_loss: 0.5367
Epoch 20/50
 - 8s - loss: 0.5290 - val_loss: 0.5317
Epoch 21/50
 - 8s - loss: 0.5285 - val_loss: 0.5316
Epoch 22/50
 - 8s - loss: 0.5282 - val_loss: 0.5393
Epoch 23/50
 - 8s - loss: 0.5277 - val_loss: 0.5298
Epoch 24/50
 - 7s - loss: 0.5278 - val_loss: 0.5318
Epoch 25/50
 - 7s - loss: 0.5276 - val_loss: 0.5309
Epoch 26/50
 - 8s - loss: 0.5271 - val_loss: 0.5311
Epoch 27/50
 - 7s - loss: 0.5271 - val_loss: 0.5335
Epoch 28/50
 - 8s - loss: 0.5266 - val_loss: 0.5306
Epoch 29/50
 - 7s - loss: 0.5267 - val_loss: 0.5292
Epoch 30/50
 - 8s - loss: 0.5262 - val_loss: 0.5282
Epoch 31/50
 - 8s - loss: 0.5264 - val_loss: 0.5361
Epoch 32/50
 - 8s - loss: 0.5257 - val_loss: 0.5293
Epoch 33/50
 - 8s - loss: 0.5257 - val_loss: 0.5278
Epoch 34/50
 - 8s - loss: 0.5253 - val_loss: 0.5321
Epoch 35/50
 - 8s - loss: 0.5251 - val_loss: 0.5374
Epoch 36/50
 - 7s - loss: 0.5249 - val_loss: 0.5310
Epoch 37/50
 - 7s - loss: 0.5247 - val_loss: 0.5334
Epoch 38/50
 - 7s - loss: 0.5249 - val_loss: 0.5297
Epoch 39/50
 - 7s - loss: 0.5246 - val_loss: 0.5340
Epoch 40/50
 - 7s - loss: 0.5244 - val_loss: 0.5292
Epoch 41/50
 - 7s - loss: 0.5242 - val_loss: 0.5378
Epoch 42/50
 - 7s - loss: 0.5243 - val_loss: 0.5342
Epoch 43/50
 - 7s - loss: 0.5238 - val_loss: 0.5411
Epoch 44/50
 - 7s - loss: 0.5233 - val_loss: 0.5368
Epoch 45/50
 - 7s - loss: 0.5234 - val_loss: 0.5429
Epoch 46/50
 - 7s - loss: 0.5234 - val_loss: 0.5341
Epoch 47/50
 - 7s - loss: 0.5230 - val_loss: 0.5341
Epoch 48/50
 - 7s - loss: 0.5233 - val_loss: 0.5346
Epoch 49/50
 - 7s - loss: 0.5229 - val_loss: 0.5377
Epoch 50/50
 - 6s - loss: 0.5226 - val_loss: 0.5351
[38;2;74;176;245m[1mProfile[0m ⏱  ···· Time elapsed in [1mFold 2/3[0m: ............................... [1m395.6s[0m
[38;2;74;176;245m[1mProfile[0m ⏱  ···· Starting [1mFold 3/3[0m
Train on 1333334 samples, validate on 666666 samples
Epoch 1/50
 - 8s - loss: 2.1609 - val_loss: 6.0394
Epoch 2/50
 - 6s - loss: 0.7301 - val_loss: 5.4500
Epoch 3/50
 - 6s - loss: 0.6305 - val_loss: 2.9643
Epoch 4/50
 - 6s - loss: 0.6027 - val_loss: 2.0334
Epoch 5/50
 - 4s - loss: 0.5818 - val_loss: 1.7586
Epoch 6/50
 - 5s - loss: 0.5625 - val_loss: 1.5711
Epoch 7/50
 - 5s - loss: 0.5522 - val_loss: 1.6849
Epoch 8/50
 - 4s - loss: 0.5442 - val_loss: 1.5671
Epoch 9/50
 - 4s - loss: 0.5386 - val_loss: 1.1450
Epoch 10/50
 - 4s - loss: 0.5360 - val_loss: 1.0287
Epoch 11/50
 - 4s - loss: 0.5343 - val_loss: 0.8650
Epoch 12/50
 - 4s - loss: 0.5395 - val_loss: 0.6792
Epoch 13/50
 - 4s - loss: 0.5354 - val_loss: 0.6644
Epoch 14/50
 - 4s - loss: 0.5322 - val_loss: 0.6777
Epoch 15/50
 - 4s - loss: 0.5303 - val_loss: 0.6850
Epoch 16/50
 - 4s - loss: 0.5292 - val_loss: 0.6270
Epoch 17/50
 - 4s - loss: 0.5284 - val_loss: 0.5980
Epoch 18/50
 - 4s - loss: 0.5275 - val_loss: 0.5890
Epoch 19/50
 - 4s - loss: 0.5270 - val_loss: 0.5747
Epoch 20/50
 - 5s - loss: 0.5276 - val_loss: 0.5537
Epoch 21/50
 - 5s - loss: 0.5266 - val_loss: 0.5413
Epoch 22/50
 - 4s - loss: 0.5255 - val_loss: 0.5477
Epoch 23/50
 - 4s - loss: 0.5256 - val_loss: 0.5385
Epoch 24/50
 - 4s - loss: 0.5249 - val_loss: 0.5356
Epoch 25/50
 - 4s - loss: 0.5248 - val_loss: 0.5455
Epoch 26/50
 - 4s - loss: 0.5245 - val_loss: 0.5375
Epoch 27/50
 - 5s - loss: 0.5263 - val_loss: 0.5366
Epoch 28/50
 - 4s - loss: 0.5250 - val_loss: 0.5281
Epoch 29/50
 - 5s - loss: 0.5234 - val_loss: 1.9687
Epoch 30/50
 - 5s - loss: 0.5235 - val_loss: 0.5294
Epoch 31/50
 - 5s - loss: 0.5260 - val_loss: 1.9018
Epoch 32/50
 - 5s - loss: 0.5245 - val_loss: 0.5312
Epoch 33/50
 - 5s - loss: 0.5233 - val_loss: 0.5321
Epoch 34/50
 - 5s - loss: 0.5225 - val_loss: 0.5431
Epoch 35/50
 - 6s - loss: 0.5222 - val_loss: 0.5317
Epoch 36/50
 - 6s - loss: 0.5217 - val_loss: 0.5371
Epoch 37/50
 - 6s - loss: 0.5213 - val_loss: 0.5313
Epoch 38/50
 - 7s - loss: 0.5214 - val_loss: 0.5286
Epoch 39/50
 - 8s - loss: 0.5222 - val_loss: 0.5315
Epoch 40/50
 - 8s - loss: 0.5222 - val_loss: 0.5324
Epoch 41/50
 - 8s - loss: 0.5222 - val_loss: 0.5326
Epoch 42/50
 - 8s - loss: 0.5207 - val_loss: 0.5272
Epoch 43/50
 - 7s - loss: 0.5197 - val_loss: 0.5337
Epoch 44/50
 - 8s - loss: 0.5196 - val_loss: 0.5292
Epoch 45/50
 - 8s - loss: 0.5195 - val_loss: 0.5275
Epoch 46/50
 - 7s - loss: 0.5197 - val_loss: 0.5304
Epoch 47/50
 - 7s - loss: 0.5191 - val_loss: 0.5308
Epoch 48/50
 - 7s - loss: 0.5191 - val_loss: 0.5323
Epoch 49/50
 - 8s - loss: 0.5193 - val_loss: 0.5352
Epoch 50/50
 - 8s - loss: 0.5200 - val_loss: 0.5311
Got result 2.3905747068
Completed successfully in 1309.45 seconds. [{u'main': 2.3905747067973726}]
[38;2;74;176;245m[1mProfile[0m ⏱  ···· Time elapsed in [1mFold 3/3[0m: ............................... [1m310.6s[0m
[38;2;74;176;245m[1mProfile[0m ⏱  ·· Time elapsed in [1mClassifier-only fit, cross-validation[0m: ... [1m1228.3s[0m
[38;2;74;176;245m[1mProfile[0m ⏱  Time elapsed in [1m@main[0m: ...................................... [1m1285.7s[0m
cd: Going back to /exports/eddie3_homes_local/s1562020/work/adversarial/optimisation/experiments/classifier
