Job launching after 4.28 seconds in submission.
Running python job.
Changed into dir /exports/eddie3_homes_local/s1562020/work/adversarial/optimisation/experiments/classifier
Importing optimise.py
Running optimise.main()
INFO: Applying patch '/exports/eddie3_homes_local/s1562020/work/adversarial/optimisation/experiments/classifier/patches/patch.00000027.json'
INFO: Found 20 Intel(R) Xeon(R) CPU E5-2630 v4 @ 2.20GHz devices with 10 cores each.
Using TensorFlow backend.
INFO: Scaling classifier/lr -1 -> 0.1
INFO: Scaling classifier/decay -2 -> 0.01
INFO: Scaling classifier/units 9 -> 512
INFO: Writing TensorBoard logs to 'logs/tensorboard/classifier-patch.00000027/'
INFO: Running '/exports/eddie3_homes_local/s1562020/work/adversarial/run/adversarial/common.pyc'
INFO: Command-line arguments:
INFO: Configuration file contents:
INFO: Python version: 2.7.14
INFO: Numpy  version: 1.12.1
INFO: Keras  version: 2.1.5
INFO: Using keras backend: 'tensorflow'
INFO: Found  1000000 training and  1000249 test samples for signal
INFO: Found  1000000 training and 10000000 test samples for background
INFO: load_data: Selecting only training data.
INFO: Implementing gradient reversal layer in TensorFlow
INFO: Training cross-validation classifiers
Call to main function (#27)
  Parameters: {u'classifier/model/default/units': array([9]), u'classifier/compile/decay': array([-2]), u'classifier/model/default/dropout': array([ 0.]), u'classifier/compile/lr': array([-1]), u'classifier/model/architecture': array([2]), u'classifier/model/default/activation': [u'tanh']}
param: classifier/model/default/units
param: classifier/compile/decay
param: classifier/model/default/dropout
param: classifier/compile/lr
param: classifier/model/architecture
param: classifier/model/default/activation
- - - - - - - - - - - - - - - - - - - - - - - - - - - - - - - - - - - - - - - - 
Saving the following patch to '/exports/eddie3_homes_local/s1562020/work/adversarial/optimisation/experiments/classifier/patches/patch.00000027.json':
{u'classifier': {u'compile': {u'lr': -1, u'decay': -2}, u'model': {u'default': {u'units': 9, u'dropout': 0.0, u'activation': u'tanh'}, u'architecture': 2}, 'fit': {'epochs': 50, 'batch_size': 8192}}}
- - - - - - - - - - - - - - - - - - - - - - - - - - - - - - - - - - - - - - - - 
cd: Going to /exports/eddie3_homes_local/s1562020/work/adversarial/
[38;2;74;176;245m[1mProfile[0m ⏱  Starting [1m@main[0m
[38;2;74;176;245m[1mProfile[0m ⏱  ·· Starting [1mInitialisation[0m
[38;2;74;176;245m[1mProfile[0m ⏱  ···· Starting [1m@initialise[0m
[38;2;74;176;245m[1mProfile[0m ⏱  ···· Time elapsed in [1m@initialise[0m: .............................. [1m0.0s[0m
[38;2;74;176;245m[1mProfile[0m ⏱  ···· Starting [1m@initialise_backend[0m
[38;2;74;176;245m[1mProfile[0m ⏱  ······ Starting [1m@configure_tensorflow[0m
[38;2;74;176;245m[1mProfile[0m ⏱  ······ Time elapsed in [1m@configure_tensorflow[0m: ................. [1m15.4s[0m
[38;2;74;176;245m[1mProfile[0m ⏱  ···· Time elapsed in [1m@initialise_backend[0m: ..................... [1m16.3s[0m
{'config': './configs/default.json',
 'devices': 7,
 'folds': 3,
 'gpu': True,
 'input': './input/',
 'jobname': 'classifier-patch.00000027',
 'mode': 'gpu',
 'optimise_adversarial': False,
 'optimise_classifier': True,
 'output': './output/',
 'patches': ['/exports/eddie3_homes_local/s1562020/work/adversarial/optimisation/experiments/classifier/patches/patch.00000027.json'],
 'tensorboard': True,
 'theano': False,
 'train': False,
 'train_adversarial': False,
 'train_classifier': True,
 'verbose': False}
{u'adversary': {u'compile': {},
                u'fit': {},
                u'model': {u'architecture': [{}, {}, {}, {}],
                           u'default': {u'activation': u'relu',
                                        u'units': 64},
                           u'gmm_components': 5}},
 u'classifier': {u'compile': {u'loss': u'binary_crossentropy',
                              u'optimizer': <keras.optimizers.Adam object at 0x2ae20b21b310>},
                 u'fit': {u'batch_size': 57344,
                          u'epochs': 50,
                          u'shuffle': True,
                          'verbose': 2},
                 u'model': {u'architecture': [{}, {}],
                            u'default': {u'activation': u'tanh',
                                         u'batchnorm': True,
                                         u'dropout': 0.0,
                                         u'units': 512}}},
 u'combined': {u'compile': {u'loss': [u'binary_crossentropy', None],
                            u'loss_weights': [1.8181818181818182e-09, 1.0],
                            u'optimizer': <keras.optimizers.Adam object at 0x2ae20b21b350>},
               u'fit': {u'batch_size': 57344,
                        u'epochs': 100,
                        u'shuffle': True,
                        'verbose': 2},
               u'model': {u'lambda_reg': 10.0,
                          u'lr_ratio': 1.8181818181818182e-09},
               u'pretrain': 10}}
  TensorFlow version: 1.4.1
[38;2;74;176;245m[1mProfile[0m ⏱  ·· Time elapsed in [1mInitialisation[0m: ............................ [1m16.4s[0m
[38;2;74;176;245m[1mProfile[0m ⏱  ·· Starting [1m@load_data[0m
[38;2;74;176;245m[1mProfile[0m ⏱  ·· Time elapsed in [1m@load_data[0m: ................................ [1m36.2s[0m
[38;2;74;176;245m[1mProfile[0m ⏱  ·· Starting [1m@get_decorrelation_variables[0m
[38;2;74;176;245m[1mProfile[0m ⏱  ·· Time elapsed in [1m@get_decorrelation_variables[0m: ............... [1m0.0s[0m
[38;2;74;176;245m[1mProfile[0m ⏱  ·· Starting [1mClassifier-only fit, cross-validation[0m
[38;2;74;176;245m[1mProfile[0m ⏱  ···· Starting [1mFold 1/3[0m
Train on 1333332 samples, validate on 666668 samples
Epoch 1/50
 - 3s - loss: 3.1677 - val_loss: 1.3654
Epoch 2/50
 - 2s - loss: 0.9993 - val_loss: 0.7631
Epoch 3/50
 - 2s - loss: 0.5282 - val_loss: 0.5973
Epoch 4/50
 - 2s - loss: 0.4503 - val_loss: 0.5141
Epoch 5/50
 - 2s - loss: 0.4407 - val_loss: 0.4599
Epoch 6/50
 - 2s - loss: 0.4341 - val_loss: 0.5630
Epoch 7/50
 - 2s - loss: 0.4282 - val_loss: 0.4598
Epoch 8/50
 - 2s - loss: 0.4203 - val_loss: 0.4517
Epoch 9/50
 - 2s - loss: 0.4086 - val_loss: 0.5566
Epoch 10/50
 - 3s - loss: 0.3966 - val_loss: 0.4930
Epoch 11/50
 - 3s - loss: 0.3871 - val_loss: 0.4313
Epoch 12/50
 - 3s - loss: 0.3867 - val_loss: 0.5218
Epoch 13/50
 - 2s - loss: 0.3884 - val_loss: 0.4724
Epoch 14/50
 - 2s - loss: 0.3863 - val_loss: 0.4853
Epoch 15/50
 - 3s - loss: 0.3803 - val_loss: 0.4111
Epoch 16/50
 - 3s - loss: 0.3799 - val_loss: 0.4476
Epoch 17/50
 - 3s - loss: 0.3782 - val_loss: 0.3963
Epoch 18/50
 - 2s - loss: 0.3770 - val_loss: 0.3985
Epoch 19/50
 - 2s - loss: 0.3763 - val_loss: 0.4093
Epoch 20/50
 - 2s - loss: 0.3762 - val_loss: 0.4061
Epoch 21/50
 - 2s - loss: 0.3743 - val_loss: 0.3821
Epoch 22/50
 - 2s - loss: 0.3751 - val_loss: 0.3796
Epoch 23/50
 - 2s - loss: 0.3735 - val_loss: 0.3809
Epoch 24/50
 - 2s - loss: 0.3725 - val_loss: 0.3782
Epoch 25/50
 - 2s - loss: 0.3713 - val_loss: 0.3725
Epoch 26/50
 - 2s - loss: 0.3713 - val_loss: 0.3770
Epoch 27/50
 - 2s - loss: 0.3703 - val_loss: 0.3796
Epoch 28/50
 - 3s - loss: 0.3717 - val_loss: 0.3890
Epoch 29/50
 - 2s - loss: 0.3698 - val_loss: 0.3736
Epoch 30/50
 - 2s - loss: 0.3695 - val_loss: 0.3740
Epoch 31/50
 - 2s - loss: 0.3693 - val_loss: 0.3759
Epoch 32/50
 - 2s - loss: 0.3685 - val_loss: 0.3735
Epoch 33/50
 - 2s - loss: 0.3687 - val_loss: 0.3710
Epoch 34/50
 - 3s - loss: 0.3687 - val_loss: 0.3733
Epoch 35/50
 - 3s - loss: 0.3681 - val_loss: 0.3721
Epoch 36/50
 - 3s - loss: 0.3686 - val_loss: 0.3706
Epoch 37/50
 - 3s - loss: 0.3669 - val_loss: 0.3753
Epoch 38/50
 - 3s - loss: 0.3674 - val_loss: 0.3696
Epoch 39/50
 - 3s - loss: 0.3665 - val_loss: 0.3703
Epoch 40/50
 - 3s - loss: 0.3661 - val_loss: 0.3682
Epoch 41/50
 - 3s - loss: 0.3663 - val_loss: 0.3696
Epoch 42/50
 - 3s - loss: 0.3659 - val_loss: 0.3704
Epoch 43/50
 - 3s - loss: 0.3657 - val_loss: 0.3727
Epoch 44/50
 - 3s - loss: 0.3652 - val_loss: 0.3700
Epoch 45/50
 - 3s - loss: 0.3652 - val_loss: 0.3677
Epoch 46/50
 - 3s - loss: 0.3657 - val_loss: 0.3712
Epoch 47/50
 - 3s - loss: 0.3653 - val_loss: 0.3680
Epoch 48/50
 - 3s - loss: 0.3649 - val_loss: 0.3720
Epoch 49/50
 - 3s - loss: 0.3652 - val_loss: 0.3681
Epoch 50/50
 - 3s - loss: 0.3649 - val_loss: 0.3673
[38;2;74;176;245m[1mProfile[0m ⏱  ···· Time elapsed in [1mFold 1/3[0m: ............................... [1m152.6s[0m
[38;2;74;176;245m[1mProfile[0m ⏱  ···· Starting [1mFold 2/3[0m
Train on 1333334 samples, validate on 666666 samples
Epoch 1/50
 - 4s - loss: 1.1078 - val_loss: 0.5837
Epoch 2/50
 - 3s - loss: 0.4983 - val_loss: 0.5074
Epoch 3/50
 - 3s - loss: 0.4327 - val_loss: 0.4707
Epoch 4/50
 - 3s - loss: 0.4072 - val_loss: 0.4440
Epoch 5/50
 - 3s - loss: 0.3970 - val_loss: 0.4340
Epoch 6/50
 - 3s - loss: 0.3904 - val_loss: 0.4130
Epoch 7/50
 - 3s - loss: 0.3854 - val_loss: 0.4034
Epoch 8/50
 - 3s - loss: 0.3820 - val_loss: 0.4043
Epoch 9/50
 - 3s - loss: 0.3788 - val_loss: 0.4112
Epoch 10/50
 - 3s - loss: 0.3770 - val_loss: 0.4079
Epoch 11/50
 - 3s - loss: 0.3745 - val_loss: 0.4099
Epoch 12/50
 - 3s - loss: 0.3731 - val_loss: 0.3940
Epoch 13/50
 - 4s - loss: 0.3715 - val_loss: 0.4026
Epoch 14/50
 - 3s - loss: 0.3701 - val_loss: 0.3984
Epoch 15/50
 - 3s - loss: 0.3688 - val_loss: 0.3956
Epoch 16/50
 - 3s - loss: 0.3680 - val_loss: 0.3955
Epoch 17/50
 - 3s - loss: 0.3668 - val_loss: 0.3931
Epoch 18/50
 - 3s - loss: 0.3655 - val_loss: 0.3858
Epoch 19/50
 - 3s - loss: 0.3647 - val_loss: 0.3992
Epoch 20/50
 - 3s - loss: 0.3642 - val_loss: 0.3810
Epoch 21/50
 - 3s - loss: 0.3642 - val_loss: 0.3741
Epoch 22/50
 - 3s - loss: 0.3638 - val_loss: 0.3797
Epoch 23/50
 - 3s - loss: 0.3629 - val_loss: 0.3797
Epoch 24/50
 - 3s - loss: 0.3627 - val_loss: 0.3812
Epoch 25/50
 - 3s - loss: 0.3625 - val_loss: 0.3806
Epoch 26/50
 - 3s - loss: 0.3616 - val_loss: 0.3765
Epoch 27/50
 - 3s - loss: 0.3612 - val_loss: 0.3783
Epoch 28/50
 - 3s - loss: 0.3611 - val_loss: 0.3758
Epoch 29/50
 - 3s - loss: 0.3604 - val_loss: 0.3765
Epoch 30/50
 - 3s - loss: 0.3604 - val_loss: 0.3663
Epoch 31/50
 - 3s - loss: 0.3603 - val_loss: 0.3733
Epoch 32/50
 - 3s - loss: 0.3601 - val_loss: 0.3752
Epoch 33/50
 - 3s - loss: 0.3598 - val_loss: 0.3718
Epoch 34/50
 - 4s - loss: 0.3593 - val_loss: 0.3799
Epoch 35/50
 - 3s - loss: 0.3592 - val_loss: 0.3747
Epoch 36/50
 - 3s - loss: 0.3589 - val_loss: 0.3730
Epoch 37/50
 - 3s - loss: 0.3591 - val_loss: 0.3701
Epoch 38/50
 - 3s - loss: 0.3585 - val_loss: 0.3709
Epoch 39/50
 - 3s - loss: 0.3584 - val_loss: 0.3775
Epoch 40/50
 - 3s - loss: 0.3586 - val_loss: 0.3721
Epoch 41/50
 - 3s - loss: 0.3583 - val_loss: 0.3718
Epoch 42/50
 - 3s - loss: 0.3578 - val_loss: 0.3745
Epoch 43/50
 - 3s - loss: 0.3580 - val_loss: 0.3665
Epoch 44/50
 - 3s - loss: 0.3576 - val_loss: 0.3684
Epoch 45/50
 - 3s - loss: 0.3574 - val_loss: 0.3752
Epoch 46/50
 - 3s - loss: 0.3572 - val_loss: 0.3677
Epoch 47/50
 - 3s - loss: 0.3568 - val_loss: 0.3739
Epoch 48/50
 - 3s - loss: 0.3568 - val_loss: 0.3675
Epoch 49/50
 - 3s - loss: 0.3569 - val_loss: 0.3697
Epoch 50/50
 - 3s - loss: 0.3569 - val_loss: 0.3713
[38;2;74;176;245m[1mProfile[0m ⏱  ···· Time elapsed in [1mFold 2/3[0m: ............................... [1m161.2s[0m
[38;2;74;176;245m[1mProfile[0m ⏱  ···· Starting [1mFold 3/3[0m
Train on 1333334 samples, validate on 666666 samples
Epoch 1/50
 - 4s - loss: 1.1038 - val_loss: 0.4946
Epoch 2/50
 - 3s - loss: 0.4535 - val_loss: 0.4410
Epoch 3/50
 - 3s - loss: 0.4165 - val_loss: 0.5216
Epoch 4/50
 - 3s - loss: 0.3996 - val_loss: 0.5315
Epoch 5/50
 - 3s - loss: 0.3910 - val_loss: 0.4768
Epoch 6/50
 - 3s - loss: 0.3842 - val_loss: 0.4587
Epoch 7/50
 - 3s - loss: 0.3798 - val_loss: 0.4392
Epoch 8/50
 - 3s - loss: 0.3770 - val_loss: 0.4202
Epoch 9/50
 - 3s - loss: 0.3741 - val_loss: 0.4157
Epoch 10/50
 - 3s - loss: 0.3721 - val_loss: 0.4097
Epoch 11/50
 - 3s - loss: 0.3705 - val_loss: 0.4046
Epoch 12/50
 - 3s - loss: 0.3689 - val_loss: 0.4138
Epoch 13/50
 - 3s - loss: 0.3668 - val_loss: 0.3921
Epoch 14/50
 - 3s - loss: 0.3658 - val_loss: 0.3968
Epoch 15/50
 - 3s - loss: 0.3652 - val_loss: 0.3806
Epoch 16/50
 - 3s - loss: 0.3644 - val_loss: 0.3740
Epoch 17/50
 - 3s - loss: 0.3637 - val_loss: 0.3823
Epoch 18/50
 - 3s - loss: 0.3627 - val_loss: 0.3734
Epoch 19/50
 - 3s - loss: 0.3631 - val_loss: 0.3692
Epoch 20/50
 - 3s - loss: 0.3619 - val_loss: 0.3721
Epoch 21/50
 - 2s - loss: 0.3612 - val_loss: 0.3691
Epoch 22/50
 - 3s - loss: 0.3612 - val_loss: 0.3810
Epoch 23/50
 - 2s - loss: 0.3619 - val_loss: 0.3848
Epoch 24/50
 - 2s - loss: 0.3604 - val_loss: 0.3748
Epoch 25/50
 - 2s - loss: 0.3607 - val_loss: 0.3813
Epoch 26/50
 - 2s - loss: 0.3590 - val_loss: 0.3703
Epoch 27/50
 - 2s - loss: 0.3596 - val_loss: 0.3638
Epoch 28/50
 - 2s - loss: 0.3592 - val_loss: 0.3712
Epoch 29/50
 - 2s - loss: 0.3587 - val_loss: 0.3732
Epoch 30/50
 - 2s - loss: 0.3585 - val_loss: 0.3714
Epoch 31/50
 - 2s - loss: 0.3587 - val_loss: 0.3703
Epoch 32/50
 - 2s - loss: 0.3576 - val_loss: 0.3689
Epoch 33/50
 - 2s - loss: 0.3575 - val_loss: 0.3735
Epoch 34/50
 - 2s - loss: 0.3573 - val_loss: 0.3829
Epoch 35/50
 - 2s - loss: 0.3570 - val_loss: 0.3666
Epoch 36/50
 - 2s - loss: 0.3567 - val_loss: 0.3714
Epoch 37/50
 - 3s - loss: 0.3572 - val_loss: 0.3729
Epoch 38/50
 - 2s - loss: 0.3572 - val_loss: 0.3847
Epoch 39/50
 - 3s - loss: 0.3567 - val_loss: 0.3660
Epoch 40/50
 - 3s - loss: 0.3562 - val_loss: 0.3739
Epoch 41/50
 - 3s - loss: 0.3559 - val_loss: 0.3737
Epoch 42/50
 - 3s - loss: 0.3559 - val_loss: 0.3797
Epoch 43/50
 - 3s - loss: 0.3569 - val_loss: 0.3654
Epoch 44/50
 - 2s - loss: 0.3556 - val_loss: 0.3684
Epoch 45/50
 - 3s - loss: 0.3555 - val_loss: 0.3663
Epoch 46/50
 - 2s - loss: 0.3558 - val_loss: 0.3653
Epoch 47/50
 - 2s - loss: 0.3553 - val_loss: 0.3641
Epoch 48/50
 - 3s - loss: 0.3555 - val_loss: 0.3630
Epoch 49/50
 - 3s - loss: 0.3557 - val_loss: 0.3730
Epoch 50/50
 - 3s - loss: 0.3548 - val_loss: 0.3700
Got result 0.37115633985
Completed successfully in 540.98 seconds. [{u'main': 0.3711563398496431}]
[38;2;74;176;245m[1mProfile[0m ⏱  ···· Time elapsed in [1mFold 3/3[0m: ............................... [1m145.5s[0m
[38;2;74;176;245m[1mProfile[0m ⏱  ·· Time elapsed in [1mClassifier-only fit, cross-validation[0m: .... [1m459.8s[0m
[38;2;74;176;245m[1mProfile[0m ⏱  Time elapsed in [1m@main[0m: ....................................... [1m512.8s[0m
cd: Going back to /exports/eddie3_homes_local/s1562020/work/adversarial/optimisation/experiments/classifier
