Job launching after 3.77 seconds in submission.
Running python job.
Changed into dir /exports/eddie3_homes_local/s1562020/work/adversarial/optimisation/experiments/classifier
Importing optimise.py
Running optimise.main()
INFO: Applying patch '/exports/eddie3_homes_local/s1562020/work/adversarial/optimisation/experiments/classifier/patches/patch.00000100.json'
INFO: Found 20 Intel(R) Xeon(R) CPU E5-2630 v4 @ 2.20GHz devices with 10 cores each.
Using TensorFlow backend.
INFO: Scaling classifier/lr -1 -> 0.1
INFO: Scaling classifier/decay -2 -> 0.01
INFO: Scaling classifier/units 1 -> 2
INFO: Writing TensorBoard logs to 'logs/tensorboard/classifier-patch.00000100/'
INFO: Running '/exports/eddie3_homes_local/s1562020/work/adversarial/run/adversarial/common.pyc'
INFO: Command-line arguments:
INFO: Configuration file contents:
INFO: Python version: 2.7.14
INFO: Numpy  version: 1.12.1
INFO: Keras  version: 2.1.5
INFO: Using keras backend: 'tensorflow'
INFO: Found  1000000 training and  1000249 test samples for signal
INFO: Found  1000000 training and 10000000 test samples for background
INFO: load_data: Selecting only training data.
INFO: Implementing gradient reversal layer in TensorFlow
INFO: Training cross-validation classifiers
Call to main function (#100)
  Parameters: {u'classifier/model/default/units': array([1]), u'classifier/compile/decay': array([-2]), u'classifier/model/default/dropout': array([ 0.47139213]), u'classifier/compile/lr': array([-1]), u'classifier/model/architecture': array([1]), u'classifier/model/default/activation': [u'tanh']}
param: classifier/model/default/units
param: classifier/compile/decay
param: classifier/model/default/dropout
param: classifier/compile/lr
param: classifier/model/architecture
param: classifier/model/default/activation
- - - - - - - - - - - - - - - - - - - - - - - - - - - - - - - - - - - - - - - - 
Saving the following patch to '/exports/eddie3_homes_local/s1562020/work/adversarial/optimisation/experiments/classifier/patches/patch.00000100.json':
{u'classifier': {u'compile': {u'lr': -1, u'decay': -2}, u'model': {u'default': {u'units': 1, u'dropout': 0.47139212705248307, u'activation': u'tanh'}, u'architecture': 1}, 'fit': {'epochs': 50, 'batch_size': 8192}}}
- - - - - - - - - - - - - - - - - - - - - - - - - - - - - - - - - - - - - - - - 
cd: Going to /exports/eddie3_homes_local/s1562020/work/adversarial/
[38;2;74;176;245m[1mProfile[0m ⏱  Starting [1m@main[0m
[38;2;74;176;245m[1mProfile[0m ⏱  ·· Starting [1mInitialisation[0m
[38;2;74;176;245m[1mProfile[0m ⏱  ···· Starting [1m@initialise[0m
[38;2;74;176;245m[1mProfile[0m ⏱  ···· Time elapsed in [1m@initialise[0m: .............................. [1m0.0s[0m
[38;2;74;176;245m[1mProfile[0m ⏱  ···· Starting [1m@initialise_backend[0m
[38;2;74;176;245m[1mProfile[0m ⏱  ······ Starting [1m@configure_tensorflow[0m
[38;2;74;176;245m[1mProfile[0m ⏱  ······ Time elapsed in [1m@configure_tensorflow[0m: ................. [1m14.2s[0m
[38;2;74;176;245m[1mProfile[0m ⏱  ···· Time elapsed in [1m@initialise_backend[0m: ..................... [1m15.1s[0m
{'config': './configs/default.json',
 'devices': 7,
 'folds': 3,
 'gpu': True,
 'input': './input/',
 'jobname': 'classifier-patch.00000100',
 'mode': 'gpu',
 'optimise_adversarial': False,
 'optimise_classifier': True,
 'output': './output/',
 'patches': ['/exports/eddie3_homes_local/s1562020/work/adversarial/optimisation/experiments/classifier/patches/patch.00000100.json'],
 'tensorboard': True,
 'theano': False,
 'train': False,
 'train_adversarial': False,
 'train_classifier': True,
 'verbose': False}
{u'adversary': {u'compile': {},
                u'fit': {},
                u'model': {u'architecture': [{}, {}, {}, {}],
                           u'default': {u'activation': u'relu',
                                        u'units': 64},
                           u'gmm_components': 10}},
 u'classifier': {u'compile': {u'loss': u'binary_crossentropy',
                              u'optimizer': <keras.optimizers.Adam object at 0x2ba5e58ca310>},
                 u'fit': {u'batch_size': 57344,
                          u'epochs': 50,
                          u'shuffle': True,
                          'verbose': 2},
                 u'model': {u'architecture': [{}],
                            u'default': {u'activation': u'tanh',
                                         u'batchnorm': True,
                                         u'dropout': 0.47139212705248307,
                                         u'units': 2}}},
 u'combined': {u'compile': {u'loss': [u'binary_crossentropy', None],
                            u'loss_weights': [9.090909090909091e-10, 1.0],
                            u'optimizer': <keras.optimizers.Adam object at 0x2ba5e58ca350>},
               u'fit': {u'batch_size': 57344,
                        u'epochs': 500,
                        u'shuffle': True,
                        'verbose': 2},
               u'model': {u'lambda_reg': 10.0,
                          u'lr_ratio': 9.090909090909091e-10},
               u'pretrain': 10}}
  TensorFlow version: 1.4.1
[38;2;74;176;245m[1mProfile[0m ⏱  ·· Time elapsed in [1mInitialisation[0m: ............................ [1m15.2s[0m
[38;2;74;176;245m[1mProfile[0m ⏱  ·· Starting [1m@load_data[0m
[38;2;74;176;245m[1mProfile[0m ⏱  ·· Time elapsed in [1m@load_data[0m: ................................ [1m33.7s[0m
[38;2;74;176;245m[1mProfile[0m ⏱  ·· Starting [1m@get_decorrelation_variables[0m
[38;2;74;176;245m[1mProfile[0m ⏱  ·· Time elapsed in [1m@get_decorrelation_variables[0m: ............... [1m0.0s[0m
[38;2;74;176;245m[1mProfile[0m ⏱  ·· Starting [1mClassifier-only fit, cross-validation[0m
[38;2;74;176;245m[1mProfile[0m ⏱  ···· Starting [1mFold 1/3[0m
Train on 1333332 samples, validate on 666668 samples
Epoch 1/50
 - 1s - loss: 0.5718 - val_loss: 0.4910
Epoch 2/50
 - 1s - loss: 0.5383 - val_loss: 0.4925
Epoch 3/50
 - 1s - loss: 0.5319 - val_loss: 0.4777
Epoch 4/50
 - 1s - loss: 0.5285 - val_loss: 0.4826
Epoch 5/50
 - 1s - loss: 0.5294 - val_loss: 0.4871
Epoch 6/50
 - 1s - loss: 0.5286 - val_loss: 0.4843
Epoch 7/50
 - 1s - loss: 0.5280 - val_loss: 0.4824
Epoch 8/50
 - 1s - loss: 0.5288 - val_loss: 0.4808
Epoch 9/50
 - 1s - loss: 0.5291 - val_loss: 0.4839
Epoch 10/50
 - 2s - loss: 0.5283 - val_loss: 0.4777
Epoch 11/50
 - 1s - loss: 0.5287 - val_loss: 0.4844
Epoch 12/50
 - 2s - loss: 0.5285 - val_loss: 0.4779
Epoch 13/50
 - 1s - loss: 0.5289 - val_loss: 0.4805
Epoch 14/50
 - 1s - loss: 0.5290 - val_loss: 0.4808
Epoch 15/50
 - 1s - loss: 0.5289 - val_loss: 0.4812
Epoch 16/50
 - 1s - loss: 0.5279 - val_loss: 0.4822
Epoch 17/50
 - 1s - loss: 0.5286 - val_loss: 0.4838
Epoch 18/50
 - 1s - loss: 0.5281 - val_loss: 0.4788
Epoch 19/50
 - 1s - loss: 0.5285 - val_loss: 0.4790
Epoch 20/50
 - 1s - loss: 0.5285 - val_loss: 0.4846
Epoch 21/50
 - 1s - loss: 0.5302 - val_loss: 0.4796
Epoch 22/50
 - 1s - loss: 0.5288 - val_loss: 0.4806
Epoch 23/50
 - 2s - loss: 0.5290 - val_loss: 0.4822
Epoch 24/50
 - 2s - loss: 0.5288 - val_loss: 0.4867
Epoch 25/50
 - 1s - loss: 0.5282 - val_loss: 0.4846
Epoch 26/50
 - 1s - loss: 0.5282 - val_loss: 0.4822
Epoch 27/50
 - 1s - loss: 0.5291 - val_loss: 0.4846
Epoch 28/50
 - 2s - loss: 0.5282 - val_loss: 0.4796
Epoch 29/50
 - 1s - loss: 0.5283 - val_loss: 0.4845
Epoch 30/50
 - 1s - loss: 0.5277 - val_loss: 0.4814
Epoch 31/50
 - 1s - loss: 0.5289 - val_loss: 0.4815
Epoch 32/50
 - 1s - loss: 0.5287 - val_loss: 0.4797
Epoch 33/50
 - 1s - loss: 0.5286 - val_loss: 0.4814
Epoch 34/50
 - 1s - loss: 0.5284 - val_loss: 0.4793
Epoch 35/50
 - 1s - loss: 0.5285 - val_loss: 0.4821
Epoch 36/50
 - 1s - loss: 0.5283 - val_loss: 0.4803
Epoch 37/50
 - 1s - loss: 0.5283 - val_loss: 0.4810
Epoch 38/50
 - 1s - loss: 0.5285 - val_loss: 0.4809
Epoch 39/50
 - 1s - loss: 0.5280 - val_loss: 0.4779
Epoch 40/50
 - 1s - loss: 0.5289 - val_loss: 0.4761
Epoch 41/50
 - 1s - loss: 0.5286 - val_loss: 0.4810
Epoch 42/50
 - 1s - loss: 0.5287 - val_loss: 0.4825
Epoch 43/50
 - 1s - loss: 0.5294 - val_loss: 0.4860
Epoch 44/50
 - 1s - loss: 0.5289 - val_loss: 0.4822
Epoch 45/50
 - 1s - loss: 0.5283 - val_loss: 0.4836
Epoch 46/50
 - 1s - loss: 0.5282 - val_loss: 0.4806
Epoch 47/50
 - 1s - loss: 0.5290 - val_loss: 0.4800
Epoch 48/50
 - 1s - loss: 0.5280 - val_loss: 0.4839
Epoch 49/50
 - 1s - loss: 0.5279 - val_loss: 0.4789
Epoch 50/50
 - 1s - loss: 0.5277 - val_loss: 0.4795
[38;2;74;176;245m[1mProfile[0m ⏱  ···· Time elapsed in [1mFold 1/3[0m: ................................ [1m88.4s[0m
[38;2;74;176;245m[1mProfile[0m ⏱  ···· Starting [1mFold 2/3[0m
Train on 1333334 samples, validate on 666666 samples
Epoch 1/50
 - 2s - loss: 0.6090 - val_loss: 0.5121
Epoch 2/50
 - 2s - loss: 0.5428 - val_loss: 0.4815
Epoch 3/50
 - 1s - loss: 0.5368 - val_loss: 0.4820
Epoch 4/50
 - 1s - loss: 0.5335 - val_loss: 0.4830
Epoch 5/50
 - 1s - loss: 0.5310 - val_loss: 0.4818
Epoch 6/50
 - 2s - loss: 0.5301 - val_loss: 0.4817
Epoch 7/50
 - 1s - loss: 0.5290 - val_loss: 0.4778
Epoch 8/50
 - 2s - loss: 0.5300 - val_loss: 0.4804
Epoch 9/50
 - 2s - loss: 0.5289 - val_loss: 0.4832
Epoch 10/50
 - 2s - loss: 0.5288 - val_loss: 0.4829
Epoch 11/50
 - 1s - loss: 0.5289 - val_loss: 0.4813
Epoch 12/50
 - 1s - loss: 0.5291 - val_loss: 0.4797
Epoch 13/50
 - 1s - loss: 0.5293 - val_loss: 0.4777
Epoch 14/50
 - 1s - loss: 0.5287 - val_loss: 0.4788
Epoch 15/50
 - 1s - loss: 0.5291 - val_loss: 0.4835
Epoch 16/50
 - 1s - loss: 0.5287 - val_loss: 0.4770
Epoch 17/50
 - 2s - loss: 0.5298 - val_loss: 0.4793
Epoch 18/50
 - 1s - loss: 0.5286 - val_loss: 0.4800
Epoch 19/50
 - 1s - loss: 0.5287 - val_loss: 0.4790
Epoch 20/50
 - 1s - loss: 0.5282 - val_loss: 0.4818
Epoch 21/50
 - 1s - loss: 0.5293 - val_loss: 0.4789
Epoch 22/50
 - 1s - loss: 0.5291 - val_loss: 0.4819
Epoch 23/50
 - 1s - loss: 0.5289 - val_loss: 0.4791
Epoch 24/50
 - 1s - loss: 0.5287 - val_loss: 0.4791
Epoch 25/50
 - 1s - loss: 0.5289 - val_loss: 0.4782
Epoch 26/50
 - 1s - loss: 0.5284 - val_loss: 0.4785
Epoch 27/50
 - 1s - loss: 0.5292 - val_loss: 0.4779
Epoch 28/50
 - 1s - loss: 0.5285 - val_loss: 0.4826
Epoch 29/50
 - 1s - loss: 0.5292 - val_loss: 0.4764
Epoch 30/50
 - 1s - loss: 0.5290 - val_loss: 0.4790
Epoch 31/50
 - 2s - loss: 0.5295 - val_loss: 0.4800
Epoch 32/50
 - 1s - loss: 0.5292 - val_loss: 0.4798
Epoch 33/50
 - 1s - loss: 0.5290 - val_loss: 0.4789
Epoch 34/50
 - 1s - loss: 0.5287 - val_loss: 0.4778
Epoch 35/50
 - 1s - loss: 0.5292 - val_loss: 0.4772
Epoch 36/50
 - 1s - loss: 0.5283 - val_loss: 0.4800
Epoch 37/50
 - 2s - loss: 0.5292 - val_loss: 0.4810
Epoch 38/50
 - 2s - loss: 0.5288 - val_loss: 0.4829
Epoch 39/50
 - 1s - loss: 0.5295 - val_loss: 0.4805
Epoch 40/50
 - 1s - loss: 0.5293 - val_loss: 0.4806
Epoch 41/50
 - 1s - loss: 0.5287 - val_loss: 0.4763
Epoch 42/50
 - 1s - loss: 0.5294 - val_loss: 0.4752
Epoch 43/50
 - 2s - loss: 0.5291 - val_loss: 0.4783
Epoch 44/50
 - 1s - loss: 0.5293 - val_loss: 0.4785
Epoch 45/50
 - 1s - loss: 0.5290 - val_loss: 0.4818
Epoch 46/50
 - 2s - loss: 0.5288 - val_loss: 0.4788
Epoch 47/50
 - 1s - loss: 0.5295 - val_loss: 0.4804
Epoch 48/50
 - 1s - loss: 0.5293 - val_loss: 0.4793
Epoch 49/50
 - 1s - loss: 0.5294 - val_loss: 0.4770
Epoch 50/50
 - 1s - loss: 0.5284 - val_loss: 0.4803
[38;2;74;176;245m[1mProfile[0m ⏱  ···· Time elapsed in [1mFold 2/3[0m: ................................ [1m75.0s[0m
[38;2;74;176;245m[1mProfile[0m ⏱  ···· Starting [1mFold 3/3[0m
Train on 1333334 samples, validate on 666666 samples
Epoch 1/50
 - 2s - loss: 0.6084 - val_loss: 0.5032
Epoch 2/50
 - 1s - loss: 0.5391 - val_loss: 0.4895
Epoch 3/50
 - 1s - loss: 0.5326 - val_loss: 0.4838
Epoch 4/50
 - 1s - loss: 0.5306 - val_loss: 0.4835
Epoch 5/50
 - 1s - loss: 0.5308 - val_loss: 0.4862
Epoch 6/50
 - 1s - loss: 0.5298 - val_loss: 0.4852
Epoch 7/50
 - 1s - loss: 0.5296 - val_loss: 0.4789
Epoch 8/50
 - 2s - loss: 0.5294 - val_loss: 0.4791
Epoch 9/50
 - 1s - loss: 0.5289 - val_loss: 0.4808
Epoch 10/50
 - 1s - loss: 0.5289 - val_loss: 0.4794
Epoch 11/50
 - 1s - loss: 0.5297 - val_loss: 0.4814
Epoch 12/50
 - 1s - loss: 0.5285 - val_loss: 0.4788
Epoch 13/50
 - 1s - loss: 0.5286 - val_loss: 0.4812
Epoch 14/50
 - 1s - loss: 0.5295 - val_loss: 0.4827
Epoch 15/50
 - 1s - loss: 0.5286 - val_loss: 0.4818
Epoch 16/50
 - 1s - loss: 0.5282 - val_loss: 0.4811
Epoch 17/50
 - 1s - loss: 0.5284 - val_loss: 0.4783
Epoch 18/50
 - 1s - loss: 0.5284 - val_loss: 0.4791
Epoch 19/50
 - 2s - loss: 0.5287 - val_loss: 0.4811
Epoch 20/50
 - 2s - loss: 0.5287 - val_loss: 0.4779
Epoch 21/50
 - 1s - loss: 0.5284 - val_loss: 0.4836
Epoch 22/50
 - 2s - loss: 0.5276 - val_loss: 0.4835
Epoch 23/50
 - 2s - loss: 0.5279 - val_loss: 0.4807
Epoch 24/50
 - 2s - loss: 0.5287 - val_loss: 0.4823
Epoch 25/50
 - 1s - loss: 0.5284 - val_loss: 0.4784
Epoch 26/50
 - 1s - loss: 0.5283 - val_loss: 0.4794
Epoch 27/50
 - 1s - loss: 0.5280 - val_loss: 0.4795
Epoch 28/50
 - 1s - loss: 0.5295 - val_loss: 0.4815
Epoch 29/50
 - 1s - loss: 0.5282 - val_loss: 0.4772
Epoch 30/50
 - 2s - loss: 0.5287 - val_loss: 0.4800
Epoch 31/50
 - 1s - loss: 0.5277 - val_loss: 0.4795
Epoch 32/50
 - 1s - loss: 0.5284 - val_loss: 0.4820
Epoch 33/50
 - 1s - loss: 0.5292 - val_loss: 0.4804
Epoch 34/50
 - 1s - loss: 0.5285 - val_loss: 0.4783
Epoch 35/50
 - 1s - loss: 0.5284 - val_loss: 0.4814
Epoch 36/50
 - 2s - loss: 0.5286 - val_loss: 0.4817
Epoch 37/50
 - 1s - loss: 0.5280 - val_loss: 0.4815
Epoch 38/50
 - 1s - loss: 0.5290 - val_loss: 0.4804
Epoch 39/50
 - 1s - loss: 0.5284 - val_loss: 0.4797
Epoch 40/50
 - 2s - loss: 0.5286 - val_loss: 0.4830
Epoch 41/50
 - 1s - loss: 0.5291 - val_loss: 0.4817
Epoch 42/50
 - 1s - loss: 0.5284 - val_loss: 0.4807
Epoch 43/50
 - 1s - loss: 0.5288 - val_loss: 0.4800
Epoch 44/50
 - 1s - loss: 0.5281 - val_loss: 0.4808
Epoch 45/50
 - 1s - loss: 0.5285 - val_loss: 0.4802
Epoch 46/50
 - 1s - loss: 0.5288 - val_loss: 0.4803
Epoch 47/50
 - 1s - loss: 0.5281 - val_loss: 0.4807
Epoch 48/50
 - 1s - loss: 0.5281 - val_loss: 0.4818
Epoch 49/50
 - 1s - loss: 0.5285 - val_loss: 0.4813
Epoch 50/50
 - 1s - loss: 0.5281 - val_loss: 0.4805
Got result 0.480523955442
Completed successfully in 307.87 seconds. [{u'main': 0.4805239554420343}]
[38;2;74;176;245m[1mProfile[0m ⏱  ···· Time elapsed in [1mFold 3/3[0m: ................................ [1m76.5s[0m
[38;2;74;176;245m[1mProfile[0m ⏱  ·· Time elapsed in [1mClassifier-only fit, cross-validation[0m: .... [1m240.7s[0m
[38;2;74;176;245m[1mProfile[0m ⏱  Time elapsed in [1m@main[0m: ....................................... [1m289.8s[0m
cd: Going back to /exports/eddie3_homes_local/s1562020/work/adversarial/optimisation/experiments/classifier
