Job launching after 5.18 seconds in submission.
Running python job.
Changed into dir /exports/eddie3_homes_local/s1562020/work/adversarial/optimisation/experiments/classifier
Importing optimise.py
Running optimise.main()
INFO: Applying patch '/exports/eddie3_homes_local/s1562020/work/adversarial/optimisation/experiments/classifier/patches/patch.00000015.json'
INFO: Found 20 Intel(R) Xeon(R) CPU E5-2630 v4 @ 2.20GHz devices with 10 cores each.
Using TensorFlow backend.
INFO: Scaling classifier/lr -5 -> 1e-05
INFO: Scaling classifier/decay -6 -> 1e-06
INFO: Scaling classifier/units 1 -> 2
INFO: Writing TensorBoard logs to 'logs/tensorboard/classifier-patch.00000015/'
INFO: Running '/exports/eddie3_homes_local/s1562020/work/adversarial/run/adversarial/common.pyc'
INFO: Command-line arguments:
INFO: Configuration file contents:
INFO: Python version: 2.7.14
INFO: Numpy  version: 1.12.1
INFO: Keras  version: 2.1.5
INFO: Using keras backend: 'tensorflow'
INFO: Found  1000000 training and  1000249 test samples for signal
INFO: Found  1000000 training and 10000000 test samples for background
INFO: load_data: Selecting only training data.
INFO: Implementing gradient reversal layer in TensorFlow
INFO: Training cross-validation classifiers
Call to main function (#15)
  Parameters: {u'classifier/model/default/units': array([1]), u'classifier/compile/decay': array([-6]), u'classifier/model/default/dropout': array([ 0.5]), u'classifier/compile/lr': array([-5]), u'classifier/model/architecture': array([1]), u'classifier/model/default/activation': [u'relu']}
param: classifier/model/default/units
param: classifier/compile/decay
param: classifier/model/default/dropout
param: classifier/compile/lr
param: classifier/model/architecture
param: classifier/model/default/activation
- - - - - - - - - - - - - - - - - - - - - - - - - - - - - - - - - - - - - - - - 
Saving the following patch to '/exports/eddie3_homes_local/s1562020/work/adversarial/optimisation/experiments/classifier/patches/patch.00000015.json':
{u'classifier': {u'compile': {u'lr': -5, u'decay': -6}, u'model': {u'default': {u'units': 1, u'dropout': 0.5, u'activation': u'relu'}, u'architecture': 1}, 'fit': {'epochs': 50, 'batch_size': 8192}}}
- - - - - - - - - - - - - - - - - - - - - - - - - - - - - - - - - - - - - - - - 
cd: Going to /exports/eddie3_homes_local/s1562020/work/adversarial/
[38;2;74;176;245m[1mProfile[0m ⏱  Starting [1m@main[0m
[38;2;74;176;245m[1mProfile[0m ⏱  ·· Starting [1mInitialisation[0m
[38;2;74;176;245m[1mProfile[0m ⏱  ···· Starting [1m@initialise[0m
[38;2;74;176;245m[1mProfile[0m ⏱  ···· Time elapsed in [1m@initialise[0m: .............................. [1m0.0s[0m
[38;2;74;176;245m[1mProfile[0m ⏱  ···· Starting [1m@initialise_backend[0m
[38;2;74;176;245m[1mProfile[0m ⏱  ······ Starting [1m@configure_tensorflow[0m
[38;2;74;176;245m[1mProfile[0m ⏱  ······ Time elapsed in [1m@configure_tensorflow[0m: ................. [1m19.0s[0m
[38;2;74;176;245m[1mProfile[0m ⏱  ···· Time elapsed in [1m@initialise_backend[0m: ..................... [1m20.0s[0m
{'config': './configs/default.json',
 'devices': 7,
 'folds': 3,
 'gpu': True,
 'input': './input/',
 'jobname': 'classifier-patch.00000015',
 'mode': 'gpu',
 'optimise_adversarial': False,
 'optimise_classifier': True,
 'output': './output/',
 'patches': ['/exports/eddie3_homes_local/s1562020/work/adversarial/optimisation/experiments/classifier/patches/patch.00000015.json'],
 'tensorboard': True,
 'theano': False,
 'train': False,
 'train_adversarial': False,
 'train_classifier': True,
 'verbose': False}
{u'adversary': {u'compile': {},
                u'fit': {},
                u'model': {u'architecture': [{}, {}, {}, {}],
                           u'default': {u'activation': u'relu',
                                        u'units': 64},
                           u'gmm_components': 5}},
 u'classifier': {u'compile': {u'loss': u'binary_crossentropy',
                              u'optimizer': <keras.optimizers.Adam object at 0x2ae6b7dad310>},
                 u'fit': {u'batch_size': 57344,
                          u'epochs': 50,
                          u'shuffle': True,
                          'verbose': 2},
                 u'model': {u'architecture': [{}],
                            u'default': {u'activation': u'relu',
                                         u'batchnorm': True,
                                         u'dropout': 0.5,
                                         u'units': 2}}},
 u'combined': {u'compile': {u'loss': [u'binary_crossentropy', None],
                            u'loss_weights': [9.090909090909091e-10, 1.0],
                            u'optimizer': <keras.optimizers.Adam object at 0x2ae6b7dad350>},
               u'fit': {u'batch_size': 57344,
                        u'epochs': 200,
                        u'shuffle': True,
                        'verbose': 2},
               u'model': {u'lambda_reg': 10.0,
                          u'lr_ratio': 9.090909090909091e-10},
               u'pretrain': 10}}
  TensorFlow version: 1.4.1
[38;2;74;176;245m[1mProfile[0m ⏱  ·· Time elapsed in [1mInitialisation[0m: ............................ [1m20.1s[0m
[38;2;74;176;245m[1mProfile[0m ⏱  ·· Starting [1m@load_data[0m
[38;2;74;176;245m[1mProfile[0m ⏱  ·· Time elapsed in [1m@load_data[0m: ................................ [1m34.0s[0m
[38;2;74;176;245m[1mProfile[0m ⏱  ·· Starting [1m@get_decorrelation_variables[0m
[38;2;74;176;245m[1mProfile[0m ⏱  ·· Time elapsed in [1m@get_decorrelation_variables[0m: ............... [1m0.0s[0m
[38;2;74;176;245m[1mProfile[0m ⏱  ·· Starting [1mClassifier-only fit, cross-validation[0m
[38;2;74;176;245m[1mProfile[0m ⏱  ···· Starting [1mFold 1/3[0m
Train on 1333332 samples, validate on 666668 samples
Epoch 1/50
 - 2s - loss: 0.8299 - val_loss: 0.7933
Epoch 2/50
 - 2s - loss: 0.8304 - val_loss: 0.7920
Epoch 3/50
 - 1s - loss: 0.8285 - val_loss: 0.7935
Epoch 4/50
 - 2s - loss: 0.8274 - val_loss: 0.7920
Epoch 5/50
 - 2s - loss: 0.8261 - val_loss: 0.7944
Epoch 6/50
 - 2s - loss: 0.8247 - val_loss: 0.7873
Epoch 7/50
 - 2s - loss: 0.8243 - val_loss: 0.7924
Epoch 8/50
 - 2s - loss: 0.8258 - val_loss: 0.7924
Epoch 9/50
 - 2s - loss: 0.8228 - val_loss: 0.7919
Epoch 10/50
 - 2s - loss: 0.8238 - val_loss: 0.7898
Epoch 11/50
 - 1s - loss: 0.8228 - val_loss: 0.7874
Epoch 12/50
 - 2s - loss: 0.8220 - val_loss: 0.7888
Epoch 13/50
 - 2s - loss: 0.8195 - val_loss: 0.7829
Epoch 14/50
 - 2s - loss: 0.8221 - val_loss: 0.7816
Epoch 15/50
 - 2s - loss: 0.8196 - val_loss: 0.7863
Epoch 16/50
 - 1s - loss: 0.8193 - val_loss: 0.7850
Epoch 17/50
 - 2s - loss: 0.8195 - val_loss: 0.7870
Epoch 18/50
 - 2s - loss: 0.8192 - val_loss: 0.7818
Epoch 19/50
 - 1s - loss: 0.8180 - val_loss: 0.7809
Epoch 20/50
 - 1s - loss: 0.8161 - val_loss: 0.7830
Epoch 21/50
 - 2s - loss: 0.8160 - val_loss: 0.7828
Epoch 22/50
 - 1s - loss: 0.8154 - val_loss: 0.7844
Epoch 23/50
 - 1s - loss: 0.8164 - val_loss: 0.7853
Epoch 24/50
 - 1s - loss: 0.8149 - val_loss: 0.7815
Epoch 25/50
 - 1s - loss: 0.8140 - val_loss: 0.7785
Epoch 26/50
 - 1s - loss: 0.8134 - val_loss: 0.7785
Epoch 27/50
 - 1s - loss: 0.8132 - val_loss: 0.7802
Epoch 28/50
 - 1s - loss: 0.8129 - val_loss: 0.7639
Epoch 29/50
 - 1s - loss: 0.8115 - val_loss: 0.7827
Epoch 30/50
 - 1s - loss: 0.8111 - val_loss: 0.7804
Epoch 31/50
 - 1s - loss: 0.8095 - val_loss: 0.7811
Epoch 32/50
 - 2s - loss: 0.8102 - val_loss: 0.7762
Epoch 33/50
 - 2s - loss: 0.8084 - val_loss: 0.7789
Epoch 34/50
 - 2s - loss: 0.8084 - val_loss: 0.7751
Epoch 35/50
 - 2s - loss: 0.8072 - val_loss: 0.7711
Epoch 36/50
 - 1s - loss: 0.8067 - val_loss: 0.7769
Epoch 37/50
 - 1s - loss: 0.8063 - val_loss: 0.7743
Epoch 38/50
 - 1s - loss: 0.8046 - val_loss: 0.7779
Epoch 39/50
 - 1s - loss: 0.8041 - val_loss: 0.7725
Epoch 40/50
 - 1s - loss: 0.8047 - val_loss: 0.7727
Epoch 41/50
 - 1s - loss: 0.8036 - val_loss: 0.7767
Epoch 42/50
 - 1s - loss: 0.8030 - val_loss: 0.7697
Epoch 43/50
 - 1s - loss: 0.8027 - val_loss: 0.7698
Epoch 44/50
 - 1s - loss: 0.8019 - val_loss: 0.7678
Epoch 45/50
 - 2s - loss: 0.8008 - val_loss: 0.7679
Epoch 46/50
 - 1s - loss: 0.8008 - val_loss: 0.7716
Epoch 47/50
 - 1s - loss: 0.8003 - val_loss: 0.7659
Epoch 48/50
 - 1s - loss: 0.7994 - val_loss: 0.7675
Epoch 49/50
 - 2s - loss: 0.7981 - val_loss: 0.7688
Epoch 50/50
 - 1s - loss: 0.7979 - val_loss: 0.7680
[38;2;74;176;245m[1mProfile[0m ⏱  ···· Time elapsed in [1mFold 1/3[0m: ............................... [1m102.8s[0m
[38;2;74;176;245m[1mProfile[0m ⏱  ···· Starting [1mFold 2/3[0m
Train on 1333334 samples, validate on 666666 samples
Epoch 1/50
 - 2s - loss: 0.7311 - val_loss: 0.6714
Epoch 2/50
 - 2s - loss: 0.7297 - val_loss: 0.6695
Epoch 3/50
 - 2s - loss: 0.7290 - val_loss: 0.6701
Epoch 4/50
 - 2s - loss: 0.7294 - val_loss: 0.6705
Epoch 5/50
 - 1s - loss: 0.7275 - val_loss: 0.6697
Epoch 6/50
 - 1s - loss: 0.7269 - val_loss: 0.6692
Epoch 7/50
 - 1s - loss: 0.7262 - val_loss: 0.6687
Epoch 8/50
 - 1s - loss: 0.7265 - val_loss: 0.6668
Epoch 9/50
 - 2s - loss: 0.7253 - val_loss: 0.6668
Epoch 10/50
 - 2s - loss: 0.7255 - val_loss: 0.6685
Epoch 11/50
 - 2s - loss: 0.7250 - val_loss: 0.6672
Epoch 12/50
 - 1s - loss: 0.7243 - val_loss: 0.6683
Epoch 13/50
 - 1s - loss: 0.7249 - val_loss: 0.6681
Epoch 14/50
 - 1s - loss: 0.7231 - val_loss: 0.6679
Epoch 15/50
 - 1s - loss: 0.7237 - val_loss: 0.6667
Epoch 16/50
 - 1s - loss: 0.7227 - val_loss: 0.6681
Epoch 17/50
 - 1s - loss: 0.7226 - val_loss: 0.6677
Epoch 18/50
 - 1s - loss: 0.7226 - val_loss: 0.6667
Epoch 19/50
 - 1s - loss: 0.7217 - val_loss: 0.6684
Epoch 20/50
 - 1s - loss: 0.7216 - val_loss: 0.6668
Epoch 21/50
 - 1s - loss: 0.7213 - val_loss: 0.6671
Epoch 22/50
 - 1s - loss: 0.7221 - val_loss: 0.6661
Epoch 23/50
 - 1s - loss: 0.7214 - val_loss: 0.6667
Epoch 24/50
 - 2s - loss: 0.7212 - val_loss: 0.6661
Epoch 25/50
 - 2s - loss: 0.7200 - val_loss: 0.6663
Epoch 26/50
 - 2s - loss: 0.7199 - val_loss: 0.6660
Epoch 27/50
 - 1s - loss: 0.7196 - val_loss: 0.6664
Epoch 28/50
 - 2s - loss: 0.7200 - val_loss: 0.6647
Epoch 29/50
 - 2s - loss: 0.7191 - val_loss: 0.6648
Epoch 30/50
 - 2s - loss: 0.7189 - val_loss: 0.6653
Epoch 31/50
 - 2s - loss: 0.7189 - val_loss: 0.6643
Epoch 32/50
 - 2s - loss: 0.7188 - val_loss: 0.6651
Epoch 33/50
 - 1s - loss: 0.7187 - val_loss: 0.6648
Epoch 34/50
 - 2s - loss: 0.7178 - val_loss: 0.6653
Epoch 35/50
 - 1s - loss: 0.7182 - val_loss: 0.6645
Epoch 36/50
 - 1s - loss: 0.7172 - val_loss: 0.6642
Epoch 37/50
 - 1s - loss: 0.7168 - val_loss: 0.6738
Epoch 38/50
 - 1s - loss: 0.7178 - val_loss: 0.6642
Epoch 39/50
 - 1s - loss: 0.7177 - val_loss: 0.6643
Epoch 40/50
 - 1s - loss: 0.7167 - val_loss: 0.6646
Epoch 41/50
 - 1s - loss: 0.7167 - val_loss: 0.6635
Epoch 42/50
 - 1s - loss: 0.7164 - val_loss: 0.6636
Epoch 43/50
 - 1s - loss: 0.7160 - val_loss: 0.6643
Epoch 44/50
 - 2s - loss: 0.7153 - val_loss: 0.6639
Epoch 45/50
 - 1s - loss: 0.7155 - val_loss: 0.6646
Epoch 46/50
 - 1s - loss: 0.7149 - val_loss: 0.6647
Epoch 47/50
 - 1s - loss: 0.7151 - val_loss: 0.6642
Epoch 48/50
 - 1s - loss: 0.7157 - val_loss: 0.6701
Epoch 49/50
 - 1s - loss: 0.7151 - val_loss: 0.6641
Epoch 50/50
 - 1s - loss: 0.7143 - val_loss: 0.6641
[38;2;74;176;245m[1mProfile[0m ⏱  ···· Time elapsed in [1mFold 2/3[0m: ................................ [1m77.1s[0m
[38;2;74;176;245m[1mProfile[0m ⏱  ···· Starting [1mFold 3/3[0m
Train on 1333334 samples, validate on 666666 samples
Epoch 1/50
 - 2s - loss: 0.8895 - val_loss: 0.7868
Epoch 2/50
 - 1s - loss: 0.8851 - val_loss: 0.7903
Epoch 3/50
 - 1s - loss: 0.8809 - val_loss: 0.7835
Epoch 4/50
 - 1s - loss: 0.8805 - val_loss: 0.7825
Epoch 5/50
 - 1s - loss: 0.8781 - val_loss: 0.7812
Epoch 6/50
 - 1s - loss: 0.8758 - val_loss: 0.7807
Epoch 7/50
 - 1s - loss: 0.8750 - val_loss: 0.7801
Epoch 8/50
 - 1s - loss: 0.8721 - val_loss: 0.7797
Epoch 9/50
 - 1s - loss: 0.8732 - val_loss: 0.7777
Epoch 10/50
 - 1s - loss: 0.8705 - val_loss: 0.7750
Epoch 11/50
 - 1s - loss: 0.8673 - val_loss: 0.7758
Epoch 12/50
 - 1s - loss: 0.8672 - val_loss: 0.7754
Epoch 13/50
 - 1s - loss: 0.8669 - val_loss: 0.7743
Epoch 14/50
 - 1s - loss: 0.8654 - val_loss: 0.7732
Epoch 15/50
 - 1s - loss: 0.8633 - val_loss: 0.7745
Epoch 16/50
 - 1s - loss: 0.8640 - val_loss: 0.7698
Epoch 17/50
 - 1s - loss: 0.8636 - val_loss: 0.7717
Epoch 18/50
 - 1s - loss: 0.8616 - val_loss: 0.7722
Epoch 19/50
 - 1s - loss: 0.8613 - val_loss: 0.7716
Epoch 20/50
 - 1s - loss: 0.8593 - val_loss: 0.7708
Epoch 21/50
 - 1s - loss: 0.8605 - val_loss: 0.7705
Epoch 22/50
 - 1s - loss: 0.8584 - val_loss: 0.7669
Epoch 23/50
 - 1s - loss: 0.8569 - val_loss: 0.7670
Epoch 24/50
 - 1s - loss: 0.8557 - val_loss: 0.7678
Epoch 25/50
 - 1s - loss: 0.8547 - val_loss: 0.7665
Epoch 26/50
 - 1s - loss: 0.8544 - val_loss: 0.7666
Epoch 27/50
 - 1s - loss: 0.8550 - val_loss: 0.7624
Epoch 28/50
 - 1s - loss: 0.8510 - val_loss: 0.7642
Epoch 29/50
 - 1s - loss: 0.8512 - val_loss: 0.7639
Epoch 30/50
 - 1s - loss: 0.8524 - val_loss: 0.7629
Epoch 31/50
 - 1s - loss: 0.8500 - val_loss: 0.7629
Epoch 32/50
 - 1s - loss: 0.8489 - val_loss: 0.7611
Epoch 33/50
 - 1s - loss: 0.8470 - val_loss: 0.7608
Epoch 34/50
 - 1s - loss: 0.8480 - val_loss: 0.7621
Epoch 35/50
 - 1s - loss: 0.8468 - val_loss: 0.7606
Epoch 36/50
 - 1s - loss: 0.8468 - val_loss: 0.7606
Epoch 37/50
 - 1s - loss: 0.8465 - val_loss: 0.7603
Epoch 38/50
 - 1s - loss: 0.8459 - val_loss: 0.7585
Epoch 39/50
 - 1s - loss: 0.8445 - val_loss: 0.7597
Epoch 40/50
 - 1s - loss: 0.8434 - val_loss: 0.7594
Epoch 41/50
 - 1s - loss: 0.8427 - val_loss: 0.7578
Epoch 42/50
 - 1s - loss: 0.8418 - val_loss: 0.7557
Epoch 43/50
 - 1s - loss: 0.8417 - val_loss: 0.7565
Epoch 44/50
 - 1s - loss: 0.8387 - val_loss: 0.7542
Epoch 45/50
 - 1s - loss: 0.8419 - val_loss: 0.7557
Epoch 46/50
 - 2s - loss: 0.8399 - val_loss: 0.7550
Epoch 47/50
 - 1s - loss: 0.8386 - val_loss: 0.7538
Epoch 48/50
 - 1s - loss: 0.8386 - val_loss: 0.7542
Epoch 49/50
 - 1s - loss: 0.8377 - val_loss: 0.7526
Epoch 50/50
 - 1s - loss: 0.8364 - val_loss: 0.7530
Got result 0.774179730224
Completed successfully in 329.48 seconds. [{u'main': 0.7741797302244142}]
[38;2;74;176;245m[1mProfile[0m ⏱  ···· Time elapsed in [1mFold 3/3[0m: ................................ [1m70.2s[0m
[38;2;74;176;245m[1mProfile[0m ⏱  ·· Time elapsed in [1mClassifier-only fit, cross-validation[0m: .... [1m250.9s[0m
[38;2;74;176;245m[1mProfile[0m ⏱  Time elapsed in [1m@main[0m: ....................................... [1m305.4s[0m
cd: Going back to /exports/eddie3_homes_local/s1562020/work/adversarial/optimisation/experiments/classifier
