Job launching after 4.15 seconds in submission.
Running python job.
Changed into dir /exports/eddie3_homes_local/s1562020/work/adversarial/optimisation/experiments/classifier
Importing optimise.py
Running optimise.main()
INFO: Applying patch '/exports/eddie3_homes_local/s1562020/work/adversarial/optimisation/experiments/classifier/patches/patch.00000102.json'
INFO: Found 20 Intel(R) Xeon(R) CPU E5-2630 v4 @ 2.20GHz devices with 10 cores each.
Using TensorFlow backend.
INFO: Scaling classifier/lr -5 -> 1e-05
INFO: Scaling classifier/decay -5 -> 1e-05
INFO: Scaling classifier/units 9 -> 512
INFO: Writing TensorBoard logs to 'logs/tensorboard/classifier-patch.00000102/'
INFO: Running '/exports/eddie3_homes_local/s1562020/work/adversarial/run/adversarial/common.pyc'
INFO: Command-line arguments:
INFO: Configuration file contents:
INFO: Python version: 2.7.14
INFO: Numpy  version: 1.12.1
INFO: Keras  version: 2.1.5
INFO: Using keras backend: 'tensorflow'
INFO: Found  1000000 training and  1000249 test samples for signal
INFO: Found  1000000 training and 10000000 test samples for background
INFO: load_data: Selecting only training data.
INFO: Implementing gradient reversal layer in TensorFlow
INFO: Training cross-validation classifiers
Call to main function (#102)
  Parameters: {u'classifier/model/default/units': array([9]), u'classifier/compile/decay': array([-5]), u'classifier/model/default/dropout': array([ 0.4902706]), u'classifier/compile/lr': array([-5]), u'classifier/model/architecture': array([6]), u'classifier/model/default/activation': [u'relu']}
param: classifier/model/default/units
param: classifier/compile/decay
param: classifier/model/default/dropout
param: classifier/compile/lr
param: classifier/model/architecture
param: classifier/model/default/activation
- - - - - - - - - - - - - - - - - - - - - - - - - - - - - - - - - - - - - - - - 
Saving the following patch to '/exports/eddie3_homes_local/s1562020/work/adversarial/optimisation/experiments/classifier/patches/patch.00000102.json':
{u'classifier': {u'compile': {u'lr': -5, u'decay': -5}, u'model': {u'default': {u'units': 9, u'dropout': 0.49027059610731855, u'activation': u'relu'}, u'architecture': 6}, 'fit': {'epochs': 50, 'batch_size': 8192}}}
- - - - - - - - - - - - - - - - - - - - - - - - - - - - - - - - - - - - - - - - 
cd: Going to /exports/eddie3_homes_local/s1562020/work/adversarial/
[38;2;74;176;245m[1mProfile[0m ⏱  Starting [1m@main[0m
[38;2;74;176;245m[1mProfile[0m ⏱  ·· Starting [1mInitialisation[0m
[38;2;74;176;245m[1mProfile[0m ⏱  ···· Starting [1m@initialise[0m
[38;2;74;176;245m[1mProfile[0m ⏱  ···· Time elapsed in [1m@initialise[0m: .............................. [1m0.0s[0m
[38;2;74;176;245m[1mProfile[0m ⏱  ···· Starting [1m@initialise_backend[0m
[38;2;74;176;245m[1mProfile[0m ⏱  ······ Starting [1m@configure_tensorflow[0m
[38;2;74;176;245m[1mProfile[0m ⏱  ······ Time elapsed in [1m@configure_tensorflow[0m: ................. [1m14.3s[0m
[38;2;74;176;245m[1mProfile[0m ⏱  ···· Time elapsed in [1m@initialise_backend[0m: ..................... [1m15.1s[0m
{'config': './configs/default.json',
 'devices': 7,
 'folds': 3,
 'gpu': True,
 'input': './input/',
 'jobname': 'classifier-patch.00000102',
 'mode': 'gpu',
 'optimise_adversarial': False,
 'optimise_classifier': True,
 'output': './output/',
 'patches': ['/exports/eddie3_homes_local/s1562020/work/adversarial/optimisation/experiments/classifier/patches/patch.00000102.json'],
 'tensorboard': True,
 'theano': False,
 'train': False,
 'train_adversarial': False,
 'train_classifier': True,
 'verbose': False}
{u'adversary': {u'compile': {},
                u'fit': {},
                u'model': {u'architecture': [{}, {}, {}, {}],
                           u'default': {u'activation': u'relu',
                                        u'units': 64},
                           u'gmm_components': 10}},
 u'classifier': {u'compile': {u'loss': u'binary_crossentropy',
                              u'optimizer': <keras.optimizers.Adam object at 0x2b517ed71310>},
                 u'fit': {u'batch_size': 57344,
                          u'epochs': 50,
                          u'shuffle': True,
                          'verbose': 2},
                 u'model': {u'architecture': [{}, {}, {}, {}, {}, {}],
                            u'default': {u'activation': u'relu',
                                         u'batchnorm': True,
                                         u'dropout': 0.49027059610731855,
                                         u'units': 512}}},
 u'combined': {u'compile': {u'loss': [u'binary_crossentropy', None],
                            u'loss_weights': [9.090909090909091e-10, 1.0],
                            u'optimizer': <keras.optimizers.Adam object at 0x2b517ed71350>},
               u'fit': {u'batch_size': 57344,
                        u'epochs': 500,
                        u'shuffle': True,
                        'verbose': 2},
               u'model': {u'lambda_reg': 10.0,
                          u'lr_ratio': 9.090909090909091e-10},
               u'pretrain': 10}}
  TensorFlow version: 1.4.1
[38;2;74;176;245m[1mProfile[0m ⏱  ·· Time elapsed in [1mInitialisation[0m: ............................ [1m15.1s[0m
[38;2;74;176;245m[1mProfile[0m ⏱  ·· Starting [1m@load_data[0m
[38;2;74;176;245m[1mProfile[0m ⏱  ·· Time elapsed in [1m@load_data[0m: ................................ [1m32.5s[0m
[38;2;74;176;245m[1mProfile[0m ⏱  ·· Starting [1m@get_decorrelation_variables[0m
[38;2;74;176;245m[1mProfile[0m ⏱  ·· Time elapsed in [1m@get_decorrelation_variables[0m: ............... [1m0.0s[0m
[38;2;74;176;245m[1mProfile[0m ⏱  ·· Starting [1mClassifier-only fit, cross-validation[0m
[38;2;74;176;245m[1mProfile[0m ⏱  ···· Starting [1mFold 1/3[0m
Train on 1333332 samples, validate on 666668 samples
Epoch 1/50
 - 10s - loss: 0.8325 - val_loss: 0.6862
Epoch 2/50
 - 9s - loss: 0.7951 - val_loss: 0.7057
Epoch 3/50
 - 9s - loss: 0.7671 - val_loss: 0.7185
Epoch 4/50
 - 9s - loss: 0.7441 - val_loss: 0.7208
Epoch 5/50
 - 9s - loss: 0.7228 - val_loss: 0.7159
Epoch 6/50
 - 9s - loss: 0.7018 - val_loss: 0.7064
Epoch 7/50
 - 9s - loss: 0.6827 - val_loss: 0.6909
Epoch 8/50
 - 9s - loss: 0.6646 - val_loss: 0.6702
Epoch 9/50
 - 9s - loss: 0.6487 - val_loss: 0.6511
Epoch 10/50
 - 9s - loss: 0.6342 - val_loss: 0.6313
Epoch 11/50
 - 9s - loss: 0.6204 - val_loss: 0.6143
Epoch 12/50
 - 9s - loss: 0.6100 - val_loss: 0.5991
Epoch 13/50
 - 8s - loss: 0.5987 - val_loss: 0.5903
Epoch 14/50
 - 9s - loss: 0.5902 - val_loss: 0.5803
Epoch 15/50
 - 10s - loss: 0.5827 - val_loss: 0.5730
Epoch 16/50
 - 9s - loss: 0.5768 - val_loss: 0.5645
Epoch 17/50
 - 9s - loss: 0.5703 - val_loss: 0.5585
Epoch 18/50
 - 9s - loss: 0.5666 - val_loss: 0.5544
Epoch 19/50
 - 10s - loss: 0.5617 - val_loss: 0.5506
Epoch 20/50
 - 9s - loss: 0.5568 - val_loss: 0.5511
Epoch 21/50
 - 7s - loss: 0.5512 - val_loss: 0.5398
Epoch 22/50
 - 6s - loss: 0.5493 - val_loss: 0.5463
Epoch 23/50
 - 5s - loss: 0.5456 - val_loss: 0.5350
Epoch 24/50
 - 5s - loss: 0.5420 - val_loss: 0.5339
Epoch 25/50
 - 5s - loss: 0.5394 - val_loss: 0.5414
Epoch 26/50
 - 5s - loss: 0.5359 - val_loss: 0.5403
Epoch 27/50
 - 5s - loss: 0.5335 - val_loss: 0.5470
Epoch 28/50
 - 4s - loss: 0.5311 - val_loss: 0.5406
Epoch 29/50
 - 5s - loss: 0.5287 - val_loss: 0.5269
Epoch 30/50
 - 5s - loss: 0.5261 - val_loss: 0.5340
Epoch 31/50
 - 6s - loss: 0.5252 - val_loss: 0.5315
Epoch 32/50
 - 5s - loss: 0.5221 - val_loss: 0.5340
Epoch 33/50
 - 6s - loss: 0.5201 - val_loss: 0.5490
Epoch 34/50
 - 6s - loss: 0.5181 - val_loss: 0.5283
Epoch 35/50
 - 6s - loss: 0.5172 - val_loss: 0.5308
Epoch 36/50
 - 5s - loss: 0.5149 - val_loss: 0.5293
Epoch 37/50
 - 6s - loss: 0.5128 - val_loss: 0.5324
Epoch 38/50
 - 6s - loss: 0.5099 - val_loss: 0.5366
Epoch 39/50
 - 5s - loss: 0.5089 - val_loss: 0.5280
Epoch 40/50
 - 5s - loss: 0.5076 - val_loss: 0.5318
Epoch 41/50
 - 6s - loss: 0.5057 - val_loss: 0.5280
Epoch 42/50
 - 6s - loss: 0.5052 - val_loss: 0.5334
Epoch 43/50
 - 5s - loss: 0.5033 - val_loss: 0.5360
Epoch 44/50
 - 5s - loss: 0.5022 - val_loss: 0.5507
Epoch 45/50
 - 6s - loss: 0.5007 - val_loss: 0.5379
Epoch 46/50
 - 6s - loss: 0.4990 - val_loss: 0.5279
Epoch 47/50
 - 5s - loss: 0.4980 - val_loss: 0.5274
Epoch 48/50
 - 6s - loss: 0.4960 - val_loss: 0.5104
Epoch 49/50
 - 5s - loss: 0.4957 - val_loss: 0.5262
Epoch 50/50
 - 6s - loss: 0.4939 - val_loss: 0.5283
[38;2;74;176;245m[1mProfile[0m ⏱  ···· Time elapsed in [1mFold 1/3[0m: ............................... [1m391.4s[0m
[38;2;74;176;245m[1mProfile[0m ⏱  ···· Starting [1mFold 2/3[0m
Train on 1333334 samples, validate on 666666 samples
Epoch 1/50
 - 8s - loss: 0.8635 - val_loss: 0.8388
Epoch 2/50
 - 5s - loss: 0.7282 - val_loss: 0.6435
Epoch 3/50
 - 5s - loss: 0.6573 - val_loss: 0.5861
Epoch 4/50
 - 5s - loss: 0.6176 - val_loss: 0.5527
Epoch 5/50
 - 5s - loss: 0.5937 - val_loss: 0.5372
Epoch 6/50
 - 5s - loss: 0.5767 - val_loss: 0.5280
Epoch 7/50
 - 5s - loss: 0.5667 - val_loss: 0.5245
Epoch 8/50
 - 5s - loss: 0.5573 - val_loss: 0.5207
Epoch 9/50
 - 5s - loss: 0.5526 - val_loss: 0.5186
Epoch 10/50
 - 5s - loss: 0.5470 - val_loss: 0.5156
Epoch 11/50
 - 5s - loss: 0.5416 - val_loss: 0.5155
Epoch 12/50
 - 5s - loss: 0.5364 - val_loss: 0.5151
Epoch 13/50
 - 5s - loss: 0.5326 - val_loss: 0.5148
Epoch 14/50
 - 5s - loss: 0.5284 - val_loss: 0.5128
Epoch 15/50
 - 5s - loss: 0.5268 - val_loss: 0.5120
Epoch 16/50
 - 5s - loss: 0.5234 - val_loss: 0.5102
Epoch 17/50
 - 5s - loss: 0.5203 - val_loss: 0.5102
Epoch 18/50
 - 5s - loss: 0.5160 - val_loss: 0.5100
Epoch 19/50
 - 4s - loss: 0.5146 - val_loss: 0.5100
Epoch 20/50
 - 4s - loss: 0.5117 - val_loss: 0.5182
Epoch 21/50
 - 4s - loss: 0.5107 - val_loss: 0.5094
Epoch 22/50
 - 4s - loss: 0.5084 - val_loss: 0.5101
Epoch 23/50
 - 5s - loss: 0.5064 - val_loss: 0.5103
Epoch 24/50
 - 4s - loss: 0.5033 - val_loss: 0.5120
Epoch 25/50
 - 4s - loss: 0.5028 - val_loss: 0.5094
Epoch 26/50
 - 4s - loss: 0.5004 - val_loss: 0.5117
Epoch 27/50
 - 4s - loss: 0.4997 - val_loss: 0.5099
Epoch 28/50
 - 4s - loss: 0.4981 - val_loss: 0.5092
Epoch 29/50
 - 4s - loss: 0.4959 - val_loss: 0.5104
Epoch 30/50
 - 4s - loss: 0.4945 - val_loss: 0.5097
Epoch 31/50
 - 5s - loss: 0.4928 - val_loss: 0.5116
Epoch 32/50
 - 5s - loss: 0.4918 - val_loss: 0.5079
Epoch 33/50
 - 5s - loss: 0.4901 - val_loss: 0.5104
Epoch 34/50
 - 4s - loss: 0.4889 - val_loss: 0.5139
Epoch 35/50
 - 4s - loss: 0.4868 - val_loss: 0.5107
Epoch 36/50
 - 4s - loss: 0.4853 - val_loss: 0.5085
Epoch 37/50
 - 4s - loss: 0.4850 - val_loss: 0.5081
Epoch 38/50
 - 5s - loss: 0.4826 - val_loss: 0.5073
Epoch 39/50
 - 4s - loss: 0.4820 - val_loss: 0.5066
Epoch 40/50
 - 4s - loss: 0.4810 - val_loss: 0.5055
Epoch 41/50
 - 5s - loss: 0.4801 - val_loss: 0.5039
Epoch 42/50
 - 4s - loss: 0.4792 - val_loss: 0.5035
Epoch 43/50
 - 4s - loss: 0.4780 - val_loss: 0.5032
Epoch 44/50
 - 4s - loss: 0.4759 - val_loss: 0.5033
Epoch 45/50
 - 4s - loss: 0.4751 - val_loss: 0.4999
Epoch 46/50
 - 4s - loss: 0.4749 - val_loss: 0.4992
Epoch 47/50
 - 4s - loss: 0.4735 - val_loss: 0.5040
Epoch 48/50
 - 4s - loss: 0.4728 - val_loss: 0.5000
Epoch 49/50
 - 4s - loss: 0.4720 - val_loss: 0.4983
Epoch 50/50
 - 4s - loss: 0.4712 - val_loss: 0.4978
[38;2;74;176;245m[1mProfile[0m ⏱  ···· Time elapsed in [1mFold 2/3[0m: ............................... [1m260.8s[0m
[38;2;74;176;245m[1mProfile[0m ⏱  ···· Starting [1mFold 3/3[0m
Train on 1333334 samples, validate on 666666 samples
Epoch 1/50
 - 7s - loss: 0.7806 - val_loss: 0.7933
Epoch 2/50
 - 4s - loss: 0.6629 - val_loss: 0.7535
Epoch 3/50
 - 4s - loss: 0.6105 - val_loss: 0.6942
Epoch 4/50
 - 4s - loss: 0.5806 - val_loss: 0.9233
Epoch 5/50
 - 4s - loss: 0.5637 - val_loss: 0.6306
Epoch 6/50
 - 5s - loss: 0.5528 - val_loss: 0.6127
Epoch 7/50
 - 4s - loss: 0.5414 - val_loss: 0.6277
Epoch 8/50
 - 4s - loss: 0.5361 - val_loss: 0.5948
Epoch 9/50
 - 4s - loss: 0.5302 - val_loss: 0.5793
Epoch 10/50
 - 4s - loss: 0.5258 - val_loss: 0.6086
Epoch 11/50
 - 5s - loss: 0.5202 - val_loss: 0.6026
Epoch 12/50
 - 4s - loss: 0.5176 - val_loss: 0.5692
Epoch 13/50
 - 4s - loss: 0.5133 - val_loss: 0.7927
Epoch 14/50
 - 4s - loss: 0.5103 - val_loss: 0.5811
Epoch 15/50
 - 5s - loss: 0.5075 - val_loss: 0.5649
Epoch 16/50
 - 4s - loss: 0.5043 - val_loss: 0.5645
Epoch 17/50
 - 4s - loss: 0.5024 - val_loss: 0.5594
Epoch 18/50
 - 4s - loss: 0.4990 - val_loss: 0.5714
Epoch 19/50
 - 4s - loss: 0.4979 - val_loss: 0.5674
Epoch 20/50
 - 4s - loss: 0.4958 - val_loss: 0.5649
Epoch 21/50
 - 4s - loss: 0.4929 - val_loss: 0.5647
Epoch 22/50
 - 4s - loss: 0.4918 - val_loss: 0.7386
Epoch 23/50
 - 5s - loss: 0.4897 - val_loss: 0.7377
Epoch 24/50
 - 4s - loss: 0.4893 - val_loss: 0.5368
Epoch 25/50
 - 4s - loss: 0.4870 - val_loss: 0.5543
Epoch 26/50
 - 4s - loss: 0.4856 - val_loss: 0.5394
Epoch 27/50
 - 4s - loss: 0.4838 - val_loss: 0.5510
Epoch 28/50
 - 4s - loss: 0.4813 - val_loss: 0.5235
Epoch 29/50
 - 4s - loss: 0.4804 - val_loss: 0.5528
Epoch 30/50
 - 4s - loss: 0.4792 - val_loss: 0.5456
Epoch 31/50
 - 4s - loss: 0.4774 - val_loss: 0.7102
Epoch 32/50
 - 4s - loss: 0.4768 - val_loss: 0.5408
Epoch 33/50
 - 4s - loss: 0.4754 - val_loss: 0.5136
Epoch 34/50
 - 4s - loss: 0.4744 - val_loss: 0.5127
Epoch 35/50
 - 4s - loss: 0.4726 - val_loss: 0.5367
Epoch 36/50
 - 5s - loss: 0.4722 - val_loss: 0.5438
Epoch 37/50
 - 4s - loss: 0.4705 - val_loss: 0.5324
Epoch 38/50
 - 4s - loss: 0.4697 - val_loss: 0.5320
Epoch 39/50
 - 4s - loss: 0.4685 - val_loss: 0.5309
Epoch 40/50
 - 4s - loss: 0.4674 - val_loss: 0.5340
Epoch 41/50
 - 4s - loss: 0.4665 - val_loss: 0.5256
Epoch 42/50
 - 4s - loss: 0.4653 - val_loss: 0.5256
Epoch 43/50
 - 4s - loss: 0.4652 - val_loss: 0.5214
Epoch 44/50
 - 4s - loss: 0.4629 - val_loss: 0.5279
Epoch 45/50
 - 4s - loss: 0.4629 - val_loss: 0.5306
Epoch 46/50
 - 5s - loss: 0.4622 - val_loss: 0.5249
Epoch 47/50
 - 4s - loss: 0.4602 - val_loss: 0.5327
Epoch 48/50
 - 4s - loss: 0.4597 - val_loss: 0.5329
Epoch 49/50
 - 4s - loss: 0.4590 - val_loss: 0.5209
Epoch 50/50
 - 4s - loss: 0.4576 - val_loss: 0.5288
Got result 0.532828217261
Completed successfully in 969.26 seconds. [{u'main': 0.5328282172607768}]
[38;2;74;176;245m[1mProfile[0m ⏱  ···· Time elapsed in [1mFold 3/3[0m: ............................... [1m247.8s[0m
[38;2;74;176;245m[1mProfile[0m ⏱  ·· Time elapsed in [1mClassifier-only fit, cross-validation[0m: .... [1m900.6s[0m
[38;2;74;176;245m[1mProfile[0m ⏱  Time elapsed in [1m@main[0m: ....................................... [1m948.5s[0m
cd: Going back to /exports/eddie3_homes_local/s1562020/work/adversarial/optimisation/experiments/classifier
