Job launching after 5.07 seconds in submission.
Running python job.
Changed into dir /exports/eddie3_homes_local/s1562020/work/adversarial/optimisation/experiments/classifier
Importing optimise.py
Running optimise.main()
INFO: Applying patch '/exports/eddie3_homes_local/s1562020/work/adversarial/optimisation/experiments/classifier/patches/patch.00000029.json'
INFO: Found 20 Intel(R) Xeon(R) CPU E5-2630 v4 @ 2.20GHz devices with 10 cores each.
Using TensorFlow backend.
INFO: Scaling classifier/lr -5 -> 1e-05
INFO: Scaling classifier/decay -6 -> 1e-06
INFO: Scaling classifier/units 9 -> 512
INFO: Writing TensorBoard logs to 'logs/tensorboard/classifier-patch.00000029/'
INFO: Running '/exports/eddie3_homes_local/s1562020/work/adversarial/run/adversarial/common.pyc'
INFO: Command-line arguments:
INFO: Configuration file contents:
INFO: Python version: 2.7.14
INFO: Numpy  version: 1.12.1
INFO: Keras  version: 2.1.5
INFO: Using keras backend: 'tensorflow'
INFO: Found  1000000 training and  1000249 test samples for signal
INFO: Found  1000000 training and 10000000 test samples for background
INFO: load_data: Selecting only training data.
INFO: Implementing gradient reversal layer in TensorFlow
INFO: Training cross-validation classifiers
Call to main function (#29)
  Parameters: {u'classifier/model/default/units': array([9]), u'classifier/compile/decay': array([-6]), u'classifier/model/default/dropout': array([ 0.]), u'classifier/compile/lr': array([-5]), u'classifier/model/architecture': array([1]), u'classifier/model/default/activation': [u'tanh']}
param: classifier/model/default/units
param: classifier/compile/decay
param: classifier/model/default/dropout
param: classifier/compile/lr
param: classifier/model/architecture
param: classifier/model/default/activation
- - - - - - - - - - - - - - - - - - - - - - - - - - - - - - - - - - - - - - - - 
Saving the following patch to '/exports/eddie3_homes_local/s1562020/work/adversarial/optimisation/experiments/classifier/patches/patch.00000029.json':
{u'classifier': {u'compile': {u'lr': -5, u'decay': -6}, u'model': {u'default': {u'units': 9, u'dropout': 0.0, u'activation': u'tanh'}, u'architecture': 1}, 'fit': {'epochs': 50, 'batch_size': 8192}}}
- - - - - - - - - - - - - - - - - - - - - - - - - - - - - - - - - - - - - - - - 
cd: Going to /exports/eddie3_homes_local/s1562020/work/adversarial/
[38;2;74;176;245m[1mProfile[0m ⏱  Starting [1m@main[0m
[38;2;74;176;245m[1mProfile[0m ⏱  ·· Starting [1mInitialisation[0m
[38;2;74;176;245m[1mProfile[0m ⏱  ···· Starting [1m@initialise[0m
[38;2;74;176;245m[1mProfile[0m ⏱  ···· Time elapsed in [1m@initialise[0m: .............................. [1m0.0s[0m
[38;2;74;176;245m[1mProfile[0m ⏱  ···· Starting [1m@initialise_backend[0m
[38;2;74;176;245m[1mProfile[0m ⏱  ······ Starting [1m@configure_tensorflow[0m
[38;2;74;176;245m[1mProfile[0m ⏱  ······ Time elapsed in [1m@configure_tensorflow[0m: ................. [1m17.2s[0m
[38;2;74;176;245m[1mProfile[0m ⏱  ···· Time elapsed in [1m@initialise_backend[0m: ..................... [1m18.3s[0m
{'config': './configs/default.json',
 'devices': 7,
 'folds': 3,
 'gpu': True,
 'input': './input/',
 'jobname': 'classifier-patch.00000029',
 'mode': 'gpu',
 'optimise_adversarial': False,
 'optimise_classifier': True,
 'output': './output/',
 'patches': ['/exports/eddie3_homes_local/s1562020/work/adversarial/optimisation/experiments/classifier/patches/patch.00000029.json'],
 'tensorboard': True,
 'theano': False,
 'train': False,
 'train_adversarial': False,
 'train_classifier': True,
 'verbose': False}
{u'adversary': {u'compile': {},
                u'fit': {},
                u'model': {u'architecture': [{}, {}, {}, {}],
                           u'default': {u'activation': u'relu',
                                        u'units': 64},
                           u'gmm_components': 5}},
 u'classifier': {u'compile': {u'loss': u'binary_crossentropy',
                              u'optimizer': <keras.optimizers.Adam object at 0x2ac086058310>},
                 u'fit': {u'batch_size': 57344,
                          u'epochs': 50,
                          u'shuffle': True,
                          'verbose': 2},
                 u'model': {u'architecture': [{}],
                            u'default': {u'activation': u'tanh',
                                         u'batchnorm': True,
                                         u'dropout': 0.0,
                                         u'units': 512}}},
 u'combined': {u'compile': {u'loss': [u'binary_crossentropy', None],
                            u'loss_weights': [1.8181818181818182e-09, 1.0],
                            u'optimizer': <keras.optimizers.Adam object at 0x2ac086058350>},
               u'fit': {u'batch_size': 57344,
                        u'epochs': 100,
                        u'shuffle': True,
                        'verbose': 2},
               u'model': {u'lambda_reg': 10.0,
                          u'lr_ratio': 1.8181818181818182e-09},
               u'pretrain': 10}}
  TensorFlow version: 1.4.1
[38;2;74;176;245m[1mProfile[0m ⏱  ·· Time elapsed in [1mInitialisation[0m: ............................ [1m18.5s[0m
[38;2;74;176;245m[1mProfile[0m ⏱  ·· Starting [1m@load_data[0m
[38;2;74;176;245m[1mProfile[0m ⏱  ·· Time elapsed in [1m@load_data[0m: ................................ [1m34.7s[0m
[38;2;74;176;245m[1mProfile[0m ⏱  ·· Starting [1m@get_decorrelation_variables[0m
[38;2;74;176;245m[1mProfile[0m ⏱  ·· Time elapsed in [1m@get_decorrelation_variables[0m: ............... [1m0.0s[0m
[38;2;74;176;245m[1mProfile[0m ⏱  ·· Starting [1mClassifier-only fit, cross-validation[0m
[38;2;74;176;245m[1mProfile[0m ⏱  ···· Starting [1mFold 1/3[0m
Train on 1333332 samples, validate on 666668 samples
Epoch 1/50
 - 2s - loss: 0.7094 - val_loss: 0.7035
Epoch 2/50
 - 2s - loss: 0.7004 - val_loss: 0.6947
Epoch 3/50
 - 2s - loss: 0.6918 - val_loss: 0.6869
Epoch 4/50
 - 2s - loss: 0.6836 - val_loss: 0.6795
Epoch 5/50
 - 2s - loss: 0.6759 - val_loss: 0.6724
Epoch 6/50
 - 2s - loss: 0.6684 - val_loss: 0.6656
Epoch 7/50
 - 2s - loss: 0.6614 - val_loss: 0.6590
Epoch 8/50
 - 2s - loss: 0.6548 - val_loss: 0.6529
Epoch 9/50
 - 2s - loss: 0.6484 - val_loss: 0.6469
Epoch 10/50
 - 2s - loss: 0.6424 - val_loss: 0.6412
Epoch 11/50
 - 2s - loss: 0.6366 - val_loss: 0.6360
Epoch 12/50
 - 2s - loss: 0.6311 - val_loss: 0.6311
Epoch 13/50
 - 2s - loss: 0.6258 - val_loss: 0.6265
Epoch 14/50
 - 2s - loss: 0.6209 - val_loss: 0.6215
Epoch 15/50
 - 2s - loss: 0.6161 - val_loss: 0.6170
Epoch 16/50
 - 2s - loss: 0.6116 - val_loss: 0.6126
Epoch 17/50
 - 2s - loss: 0.6072 - val_loss: 0.6085
Epoch 18/50
 - 2s - loss: 0.6028 - val_loss: 0.6041
Epoch 19/50
 - 2s - loss: 0.5991 - val_loss: 0.6005
Epoch 20/50
 - 2s - loss: 0.5951 - val_loss: 0.5960
Epoch 21/50
 - 2s - loss: 0.5914 - val_loss: 0.5937
Epoch 22/50
 - 2s - loss: 0.5878 - val_loss: 0.5905
Epoch 23/50
 - 2s - loss: 0.5843 - val_loss: 0.5871
Epoch 24/50
 - 2s - loss: 0.5811 - val_loss: 0.5841
Epoch 25/50
 - 2s - loss: 0.5778 - val_loss: 0.5803
Epoch 26/50
 - 2s - loss: 0.5748 - val_loss: 0.5775
Epoch 27/50
 - 2s - loss: 0.5719 - val_loss: 0.5754
Epoch 28/50
 - 1s - loss: 0.5691 - val_loss: 0.5725
Epoch 29/50
 - 2s - loss: 0.5662 - val_loss: 0.5710
Epoch 30/50
 - 2s - loss: 0.5635 - val_loss: 0.5669
Epoch 31/50
 - 2s - loss: 0.5608 - val_loss: 0.5651
Epoch 32/50
 - 2s - loss: 0.5583 - val_loss: 0.5619
Epoch 33/50
 - 2s - loss: 0.5558 - val_loss: 0.5598
Epoch 34/50
 - 2s - loss: 0.5532 - val_loss: 0.5573
Epoch 35/50
 - 2s - loss: 0.5512 - val_loss: 0.5557
Epoch 36/50
 - 2s - loss: 0.5486 - val_loss: 0.5536
Epoch 37/50
 - 2s - loss: 0.5464 - val_loss: 0.5511
Epoch 38/50
 - 2s - loss: 0.5441 - val_loss: 0.5503
Epoch 39/50
 - 2s - loss: 0.5424 - val_loss: 0.5467
Epoch 40/50
 - 2s - loss: 0.5404 - val_loss: 0.5449
Epoch 41/50
 - 2s - loss: 0.5383 - val_loss: 0.5428
Epoch 42/50
 - 2s - loss: 0.5365 - val_loss: 7.9742
Epoch 43/50
 - 2s - loss: 0.5347 - val_loss: 0.5386
Epoch 44/50
 - 2s - loss: 0.5327 - val_loss: 0.5365
Epoch 45/50
 - 2s - loss: 0.5308 - val_loss: 0.5349
Epoch 46/50
 - 2s - loss: 0.5292 - val_loss: 0.5326
Epoch 47/50
 - 3s - loss: 0.5275 - val_loss: 0.5312
Epoch 48/50
 - 2s - loss: 0.5256 - val_loss: 0.5303
Epoch 49/50
 - 2s - loss: 0.5245 - val_loss: 0.5303
Epoch 50/50
 - 2s - loss: 0.5229 - val_loss: 0.5277
[38;2;74;176;245m[1mProfile[0m ⏱  ···· Time elapsed in [1mFold 1/3[0m: ............................... [1m119.6s[0m
[38;2;74;176;245m[1mProfile[0m ⏱  ···· Starting [1mFold 2/3[0m
Train on 1333334 samples, validate on 666666 samples
Epoch 1/50
 - 2s - loss: 0.7006 - val_loss: 0.6749
Epoch 2/50
 - 2s - loss: 0.6650 - val_loss: 0.6499
Epoch 3/50
 - 2s - loss: 0.6418 - val_loss: 0.6317
Epoch 4/50
 - 2s - loss: 0.6248 - val_loss: 0.6177
Epoch 5/50
 - 2s - loss: 0.6115 - val_loss: 0.6067
Epoch 6/50
 - 2s - loss: 0.6005 - val_loss: 0.5973
Epoch 7/50
 - 2s - loss: 0.5912 - val_loss: 0.5893
Epoch 8/50
 - 2s - loss: 0.5830 - val_loss: 0.5815
Epoch 9/50
 - 2s - loss: 0.5759 - val_loss: 0.5767
Epoch 10/50
 - 2s - loss: 0.5693 - val_loss: 0.5685
Epoch 11/50
 - 2s - loss: 0.5635 - val_loss: 0.5649
Epoch 12/50
 - 2s - loss: 0.5583 - val_loss: 0.5593
Epoch 13/50
 - 2s - loss: 0.5534 - val_loss: 0.5549
Epoch 14/50
 - 2s - loss: 0.5493 - val_loss: 0.5524
Epoch 15/50
 - 2s - loss: 0.5448 - val_loss: 0.5474
Epoch 16/50
 - 2s - loss: 0.5413 - val_loss: 0.5441
Epoch 17/50
 - 2s - loss: 0.5380 - val_loss: 0.5404
Epoch 18/50
 - 2s - loss: 0.5346 - val_loss: 0.5382
Epoch 19/50
 - 2s - loss: 0.5318 - val_loss: 0.5357
Epoch 20/50
 - 2s - loss: 0.5287 - val_loss: 0.5322
Epoch 21/50
 - 2s - loss: 0.5261 - val_loss: 0.5293
Epoch 22/50
 - 2s - loss: 0.5237 - val_loss: 0.5273
Epoch 23/50
 - 2s - loss: 0.5213 - val_loss: 0.5246
Epoch 24/50
 - 2s - loss: 0.5190 - val_loss: 0.5224
Epoch 25/50
 - 3s - loss: 0.5170 - val_loss: 0.5204
Epoch 26/50
 - 2s - loss: 0.5149 - val_loss: 0.5170
Epoch 27/50
 - 2s - loss: 0.5133 - val_loss: 0.5172
Epoch 28/50
 - 2s - loss: 0.5112 - val_loss: 0.5173
Epoch 29/50
 - 2s - loss: 0.5099 - val_loss: 0.5154
Epoch 30/50
 - 2s - loss: 0.5081 - val_loss: 0.5123
Epoch 31/50
 - 2s - loss: 0.5068 - val_loss: 0.5109
Epoch 32/50
 - 2s - loss: 0.5055 - val_loss: 0.5104
Epoch 33/50
 - 2s - loss: 0.5038 - val_loss: 0.5091
Epoch 34/50
 - 2s - loss: 0.5023 - val_loss: 0.5073
Epoch 35/50
 - 2s - loss: 0.5013 - val_loss: 0.5060
Epoch 36/50
 - 2s - loss: 0.5000 - val_loss: 0.5037
Epoch 37/50
 - 2s - loss: 0.4992 - val_loss: 0.5049
Epoch 38/50
 - 2s - loss: 0.4979 - val_loss: 0.5034
Epoch 39/50
 - 2s - loss: 0.4968 - val_loss: 0.5005
Epoch 40/50
 - 2s - loss: 0.4960 - val_loss: 0.5004
Epoch 41/50
 - 2s - loss: 0.4951 - val_loss: 0.4993
Epoch 42/50
 - 2s - loss: 0.4940 - val_loss: 0.4990
Epoch 43/50
 - 2s - loss: 0.4929 - val_loss: 0.4961
Epoch 44/50
 - 2s - loss: 0.4924 - val_loss: 0.4964
Epoch 45/50
 - 2s - loss: 0.4917 - val_loss: 0.4931
Epoch 46/50
 - 2s - loss: 0.4908 - val_loss: 0.4968
Epoch 47/50
 - 2s - loss: 0.4898 - val_loss: 0.4957
Epoch 48/50
 - 2s - loss: 0.4894 - val_loss: 0.4937
Epoch 49/50
 - 2s - loss: 0.4887 - val_loss: 0.4942
Epoch 50/50
 - 2s - loss: 0.4881 - val_loss: 0.4931
[38;2;74;176;245m[1mProfile[0m ⏱  ···· Time elapsed in [1mFold 2/3[0m: ............................... [1m107.0s[0m
[38;2;74;176;245m[1mProfile[0m ⏱  ···· Starting [1mFold 3/3[0m
Train on 1333334 samples, validate on 666666 samples
Epoch 1/50
 - 2s - loss: 0.6587 - val_loss: 0.6430
Epoch 2/50
 - 2s - loss: 0.6219 - val_loss: 0.6170
Epoch 3/50
 - 2s - loss: 0.6002 - val_loss: 0.5995
Epoch 4/50
 - 2s - loss: 0.5856 - val_loss: 0.5874
Epoch 5/50
 - 2s - loss: 0.5747 - val_loss: 0.5775
Epoch 6/50
 - 2s - loss: 0.5656 - val_loss: 0.5693
Epoch 7/50
 - 2s - loss: 0.5583 - val_loss: 0.5623
Epoch 8/50
 - 2s - loss: 0.5516 - val_loss: 0.5555
Epoch 9/50
 - 2s - loss: 0.5464 - val_loss: 0.5509
Epoch 10/50
 - 2s - loss: 0.5411 - val_loss: 0.5461
Epoch 11/50
 - 2s - loss: 0.5364 - val_loss: 0.5425
Epoch 12/50
 - 2s - loss: 0.5324 - val_loss: 0.5373
Epoch 13/50
 - 2s - loss: 0.5289 - val_loss: 0.5347
Epoch 14/50
 - 2s - loss: 0.5253 - val_loss: 0.5319
Epoch 15/50
 - 2s - loss: 0.5223 - val_loss: 0.5290
Epoch 16/50
 - 2s - loss: 0.5192 - val_loss: 0.5254
Epoch 17/50
 - 2s - loss: 0.5166 - val_loss: 0.5207
Epoch 18/50
 - 2s - loss: 0.5142 - val_loss: 0.5202
Epoch 19/50
 - 2s - loss: 0.5120 - val_loss: 0.5168
Epoch 20/50
 - 2s - loss: 0.5097 - val_loss: 0.5166
Epoch 21/50
 - 2s - loss: 0.5077 - val_loss: 0.5144
Epoch 22/50
 - 3s - loss: 0.5058 - val_loss: 0.5107
Epoch 23/50
 - 2s - loss: 0.5042 - val_loss: 0.5092
Epoch 24/50
 - 2s - loss: 0.5024 - val_loss: 0.5089
Epoch 25/50
 - 2s - loss: 0.5010 - val_loss: 0.5070
Epoch 26/50
 - 2s - loss: 0.4998 - val_loss: 0.5054
Epoch 27/50
 - 2s - loss: 0.4984 - val_loss: 0.5033
Epoch 28/50
 - 2s - loss: 0.4970 - val_loss: 0.5030
Epoch 29/50
 - 2s - loss: 0.4956 - val_loss: 0.5007
Epoch 30/50
 - 2s - loss: 0.4945 - val_loss: 0.5009
Epoch 31/50
 - 2s - loss: 0.4935 - val_loss: 0.4991
Epoch 32/50
 - 2s - loss: 0.4923 - val_loss: 0.4980
Epoch 33/50
 - 2s - loss: 0.4916 - val_loss: 0.4963
Epoch 34/50
 - 2s - loss: 0.4907 - val_loss: 0.4965
Epoch 35/50
 - 2s - loss: 0.4897 - val_loss: 0.4953
Epoch 36/50
 - 2s - loss: 0.4887 - val_loss: 0.4941
Epoch 37/50
 - 2s - loss: 0.4881 - val_loss: 0.4926
Epoch 38/50
 - 1s - loss: 0.4873 - val_loss: 0.4934
Epoch 39/50
 - 1s - loss: 0.4865 - val_loss: 0.4914
Epoch 40/50
 - 2s - loss: 0.4857 - val_loss: 0.4924
Epoch 41/50
 - 1s - loss: 0.4852 - val_loss: 0.4915
Epoch 42/50
 - 1s - loss: 0.4845 - val_loss: 0.4912
Epoch 43/50
 - 2s - loss: 0.4842 - val_loss: 0.4893
Epoch 44/50
 - 2s - loss: 0.4836 - val_loss: 0.4882
Epoch 45/50
 - 2s - loss: 0.4829 - val_loss: 0.4880
Epoch 46/50
 - 1s - loss: 0.4826 - val_loss: 0.4880
Epoch 47/50
 - 1s - loss: 0.4818 - val_loss: 0.4864
Epoch 48/50
 - 1s - loss: 0.4812 - val_loss: 0.4862
Epoch 49/50
 - 1s - loss: 0.4813 - val_loss: 0.4863
Epoch 50/50
 - 1s - loss: 0.4809 - val_loss: 0.4858
Got result 0.520483999433
Completed successfully in 405.84 seconds. [{u'main': 0.5204839994332436}]
[38;2;74;176;245m[1mProfile[0m ⏱  ···· Time elapsed in [1mFold 3/3[0m: ................................ [1m99.4s[0m
[38;2;74;176;245m[1mProfile[0m ⏱  ·· Time elapsed in [1mClassifier-only fit, cross-validation[0m: .... [1m327.0s[0m
[38;2;74;176;245m[1mProfile[0m ⏱  Time elapsed in [1m@main[0m: ....................................... [1m380.5s[0m
cd: Going back to /exports/eddie3_homes_local/s1562020/work/adversarial/optimisation/experiments/classifier
