Job launching after 3.83 seconds in submission.
Running python job.
Changed into dir /exports/eddie3_homes_local/s1562020/work/adversarial/optimisation/experiments/classifier
Importing optimise.py
Running optimise.main()
INFO: Applying patch '/exports/eddie3_homes_local/s1562020/work/adversarial/optimisation/experiments/classifier/patches/patch.00000094.json'
INFO: Found 20 Intel(R) Xeon(R) CPU E5-2630 v4 @ 2.20GHz devices with 10 cores each.
Using TensorFlow backend.
INFO: Scaling classifier/lr -1 -> 0.1
INFO: Scaling classifier/decay -2 -> 0.01
INFO: Scaling classifier/units 9 -> 512
INFO: Writing TensorBoard logs to 'logs/tensorboard/classifier-patch.00000094/'
INFO: Running '/exports/eddie3_homes_local/s1562020/work/adversarial/run/adversarial/common.pyc'
INFO: Command-line arguments:
INFO: Configuration file contents:
INFO: Python version: 2.7.14
INFO: Numpy  version: 1.12.1
INFO: Keras  version: 2.1.5
INFO: Using keras backend: 'tensorflow'
INFO: Found  1000000 training and  1000249 test samples for signal
INFO: Found  1000000 training and 10000000 test samples for background
INFO: load_data: Selecting only training data.
INFO: Implementing gradient reversal layer in TensorFlow
INFO: Training cross-validation classifiers
Call to main function (#94)
  Parameters: {u'classifier/model/default/units': array([9]), u'classifier/compile/decay': array([-2]), u'classifier/model/default/dropout': array([ 0.47155894]), u'classifier/compile/lr': array([-1]), u'classifier/model/architecture': array([1]), u'classifier/model/default/activation': [u'relu']}
param: classifier/model/default/units
param: classifier/compile/decay
param: classifier/model/default/dropout
param: classifier/compile/lr
param: classifier/model/architecture
param: classifier/model/default/activation
- - - - - - - - - - - - - - - - - - - - - - - - - - - - - - - - - - - - - - - - 
Saving the following patch to '/exports/eddie3_homes_local/s1562020/work/adversarial/optimisation/experiments/classifier/patches/patch.00000094.json':
{u'classifier': {u'compile': {u'lr': -1, u'decay': -2}, u'model': {u'default': {u'units': 9, u'dropout': 0.47155894370423673, u'activation': u'relu'}, u'architecture': 1}, 'fit': {'epochs': 50, 'batch_size': 8192}}}
- - - - - - - - - - - - - - - - - - - - - - - - - - - - - - - - - - - - - - - - 
cd: Going to /exports/eddie3_homes_local/s1562020/work/adversarial/
[38;2;74;176;245m[1mProfile[0m ⏱  Starting [1m@main[0m
[38;2;74;176;245m[1mProfile[0m ⏱  ·· Starting [1mInitialisation[0m
[38;2;74;176;245m[1mProfile[0m ⏱  ···· Starting [1m@initialise[0m
[38;2;74;176;245m[1mProfile[0m ⏱  ···· Time elapsed in [1m@initialise[0m: .............................. [1m0.0s[0m
[38;2;74;176;245m[1mProfile[0m ⏱  ···· Starting [1m@initialise_backend[0m
[38;2;74;176;245m[1mProfile[0m ⏱  ······ Starting [1m@configure_tensorflow[0m
[38;2;74;176;245m[1mProfile[0m ⏱  ······ Time elapsed in [1m@configure_tensorflow[0m: ................. [1m13.6s[0m
[38;2;74;176;245m[1mProfile[0m ⏱  ···· Time elapsed in [1m@initialise_backend[0m: ..................... [1m14.4s[0m
{'config': './configs/default.json',
 'devices': 7,
 'folds': 3,
 'gpu': True,
 'input': './input/',
 'jobname': 'classifier-patch.00000094',
 'mode': 'gpu',
 'optimise_adversarial': False,
 'optimise_classifier': True,
 'output': './output/',
 'patches': ['/exports/eddie3_homes_local/s1562020/work/adversarial/optimisation/experiments/classifier/patches/patch.00000094.json'],
 'tensorboard': True,
 'theano': False,
 'train': False,
 'train_adversarial': False,
 'train_classifier': True,
 'verbose': False}
{u'adversary': {u'compile': {},
                u'fit': {},
                u'model': {u'architecture': [{}, {}, {}, {}],
                           u'default': {u'activation': u'relu',
                                        u'units': 64},
                           u'gmm_components': 10}},
 u'classifier': {u'compile': {u'loss': u'binary_crossentropy',
                              u'optimizer': <keras.optimizers.Adam object at 0x2ab8ec698310>},
                 u'fit': {u'batch_size': 57344,
                          u'epochs': 50,
                          u'shuffle': True,
                          'verbose': 2},
                 u'model': {u'architecture': [{}],
                            u'default': {u'activation': u'relu',
                                         u'batchnorm': True,
                                         u'dropout': 0.47155894370423673,
                                         u'units': 512}}},
 u'combined': {u'compile': {u'loss': [u'binary_crossentropy', None],
                            u'loss_weights': [1.8181818181818182e-09, 1.0],
                            u'optimizer': <keras.optimizers.Adam object at 0x2ab8ec698350>},
               u'fit': {u'batch_size': 57344,
                        u'epochs': 200,
                        u'shuffle': True,
                        'verbose': 2},
               u'model': {u'lambda_reg': 10.0,
                          u'lr_ratio': 1.8181818181818182e-09},
               u'pretrain': 10}}
  TensorFlow version: 1.4.1
[38;2;74;176;245m[1mProfile[0m ⏱  ·· Time elapsed in [1mInitialisation[0m: ............................ [1m14.5s[0m
[38;2;74;176;245m[1mProfile[0m ⏱  ·· Starting [1m@load_data[0m
[38;2;74;176;245m[1mProfile[0m ⏱  ·· Time elapsed in [1m@load_data[0m: ................................ [1m30.8s[0m
[38;2;74;176;245m[1mProfile[0m ⏱  ·· Starting [1m@get_decorrelation_variables[0m
[38;2;74;176;245m[1mProfile[0m ⏱  ·· Time elapsed in [1m@get_decorrelation_variables[0m: ............... [1m0.0s[0m
[38;2;74;176;245m[1mProfile[0m ⏱  ·· Starting [1mClassifier-only fit, cross-validation[0m
[38;2;74;176;245m[1mProfile[0m ⏱  ···· Starting [1mFold 1/3[0m
Train on 1333332 samples, validate on 666668 samples
Epoch 1/50
 - 2s - loss: 0.6699 - val_loss: 0.4439
Epoch 2/50
 - 2s - loss: 0.4358 - val_loss: 0.4001
Epoch 3/50
 - 2s - loss: 0.4086 - val_loss: 0.3927
Epoch 4/50
 - 1s - loss: 0.4024 - val_loss: 0.3908
Epoch 5/50
 - 2s - loss: 0.3998 - val_loss: 0.3883
Epoch 6/50
 - 2s - loss: 0.3971 - val_loss: 0.3885
Epoch 7/50
 - 2s - loss: 0.3962 - val_loss: 0.3869
Epoch 8/50
 - 2s - loss: 0.3954 - val_loss: 0.3817
Epoch 9/50
 - 2s - loss: 0.3932 - val_loss: 0.3855
Epoch 10/50
 - 2s - loss: 0.3929 - val_loss: 0.3820
Epoch 11/50
 - 2s - loss: 0.3924 - val_loss: 0.3829
Epoch 12/50
 - 2s - loss: 0.3907 - val_loss: 0.3790
Epoch 13/50
 - 2s - loss: 0.3907 - val_loss: 0.3810
Epoch 14/50
 - 2s - loss: 0.3903 - val_loss: 0.3826
Epoch 15/50
 - 2s - loss: 0.3902 - val_loss: 0.3820
Epoch 16/50
 - 2s - loss: 0.3898 - val_loss: 0.3794
Epoch 17/50
 - 2s - loss: 0.3888 - val_loss: 0.3787
Epoch 18/50
 - 2s - loss: 0.3886 - val_loss: 0.3793
Epoch 19/50
 - 2s - loss: 0.3893 - val_loss: 0.3776
Epoch 20/50
 - 2s - loss: 0.3879 - val_loss: 0.3781
Epoch 21/50
 - 2s - loss: 0.3890 - val_loss: 0.3785
Epoch 22/50
 - 2s - loss: 0.3879 - val_loss: 0.3782
Epoch 23/50
 - 1s - loss: 0.3879 - val_loss: 0.3774
Epoch 24/50
 - 1s - loss: 0.3873 - val_loss: 0.3761
Epoch 25/50
 - 1s - loss: 0.3864 - val_loss: 0.3772
Epoch 26/50
 - 1s - loss: 0.3865 - val_loss: 0.3775
Epoch 27/50
 - 1s - loss: 0.3871 - val_loss: 0.3752
Epoch 28/50
 - 1s - loss: 0.3862 - val_loss: 0.3759
Epoch 29/50
 - 1s - loss: 0.3857 - val_loss: 0.3772
Epoch 30/50
 - 1s - loss: 0.3863 - val_loss: 0.3750
Epoch 31/50
 - 1s - loss: 0.3860 - val_loss: 0.3797
Epoch 32/50
 - 1s - loss: 0.3857 - val_loss: 0.3775
Epoch 33/50
 - 1s - loss: 0.3853 - val_loss: 0.3762
Epoch 34/50
 - 2s - loss: 0.3861 - val_loss: 0.3745
Epoch 35/50
 - 1s - loss: 0.3849 - val_loss: 0.3743
Epoch 36/50
 - 1s - loss: 0.3848 - val_loss: 0.3751
Epoch 37/50
 - 1s - loss: 0.3842 - val_loss: 0.3747
Epoch 38/50
 - 1s - loss: 0.3846 - val_loss: 0.3751
Epoch 39/50
 - 1s - loss: 0.3848 - val_loss: 0.3776
Epoch 40/50
 - 1s - loss: 0.3842 - val_loss: 0.3767
Epoch 41/50
 - 1s - loss: 0.3844 - val_loss: 0.3743
Epoch 42/50
 - 1s - loss: 0.3846 - val_loss: 0.3759
Epoch 43/50
 - 1s - loss: 0.3842 - val_loss: 0.3731
Epoch 44/50
 - 1s - loss: 0.3838 - val_loss: 0.3754
Epoch 45/50
 - 1s - loss: 0.3841 - val_loss: 0.3739
Epoch 46/50
 - 1s - loss: 0.3838 - val_loss: 0.3747
Epoch 47/50
 - 1s - loss: 0.3846 - val_loss: 0.3775
Epoch 48/50
 - 1s - loss: 0.3834 - val_loss: 0.3738
Epoch 49/50
 - 1s - loss: 0.3835 - val_loss: 0.3721
Epoch 50/50
 - 2s - loss: 0.3836 - val_loss: 0.3741
[38;2;74;176;245m[1mProfile[0m ⏱  ···· Time elapsed in [1mFold 1/3[0m: ................................ [1m97.7s[0m
[38;2;74;176;245m[1mProfile[0m ⏱  ···· Starting [1mFold 2/3[0m
Train on 1333334 samples, validate on 666666 samples
Epoch 1/50
 - 2s - loss: 0.4651 - val_loss: 0.3977
Epoch 2/50
 - 2s - loss: 0.3961 - val_loss: 0.3803
Epoch 3/50
 - 2s - loss: 0.3894 - val_loss: 0.3762
Epoch 4/50
 - 2s - loss: 0.3861 - val_loss: 0.3764
Epoch 5/50
 - 2s - loss: 0.3841 - val_loss: 0.3757
Epoch 6/50
 - 2s - loss: 0.3843 - val_loss: 0.3771
Epoch 7/50
 - 2s - loss: 0.3827 - val_loss: 0.3744
Epoch 8/50
 - 2s - loss: 0.3819 - val_loss: 0.3765
Epoch 9/50
 - 2s - loss: 0.3817 - val_loss: 0.3762
Epoch 10/50
 - 2s - loss: 0.3811 - val_loss: 0.3766
Epoch 11/50
 - 1s - loss: 0.3811 - val_loss: 0.3731
Epoch 12/50
 - 1s - loss: 0.3808 - val_loss: 0.3727
Epoch 13/50
 - 1s - loss: 0.3802 - val_loss: 0.3727
Epoch 14/50
 - 1s - loss: 0.3803 - val_loss: 0.3706
Epoch 15/50
 - 1s - loss: 0.3795 - val_loss: 0.3753
Epoch 16/50
 - 1s - loss: 0.3792 - val_loss: 0.3747
Epoch 17/50
 - 1s - loss: 0.3787 - val_loss: 0.3700
Epoch 18/50
 - 1s - loss: 0.3789 - val_loss: 0.3727
Epoch 19/50
 - 1s - loss: 0.3788 - val_loss: 0.3710
Epoch 20/50
 - 2s - loss: 0.3781 - val_loss: 0.3710
Epoch 21/50
 - 1s - loss: 0.3782 - val_loss: 0.3713
Epoch 22/50
 - 1s - loss: 0.3778 - val_loss: 0.3711
Epoch 23/50
 - 1s - loss: 0.3775 - val_loss: 0.3697
Epoch 24/50
 - 1s - loss: 0.3782 - val_loss: 0.3709
Epoch 25/50
 - 1s - loss: 0.3780 - val_loss: 0.3697
Epoch 26/50
 - 1s - loss: 0.3778 - val_loss: 0.3711
Epoch 27/50
 - 2s - loss: 0.3775 - val_loss: 0.3716
Epoch 28/50
 - 1s - loss: 0.3776 - val_loss: 0.3726
Epoch 29/50
 - 1s - loss: 0.3776 - val_loss: 0.3707
Epoch 30/50
 - 2s - loss: 0.3773 - val_loss: 0.3711
Epoch 31/50
 - 1s - loss: 0.3769 - val_loss: 0.3693
Epoch 32/50
 - 2s - loss: 0.3773 - val_loss: 0.3695
Epoch 33/50
 - 1s - loss: 0.3770 - val_loss: 0.3691
Epoch 34/50
 - 2s - loss: 0.3768 - val_loss: 0.3689
Epoch 35/50
 - 2s - loss: 0.3769 - val_loss: 0.3701
Epoch 36/50
 - 2s - loss: 0.3765 - val_loss: 0.3701
Epoch 37/50
 - 2s - loss: 0.3765 - val_loss: 0.3726
Epoch 38/50
 - 2s - loss: 0.3771 - val_loss: 0.3700
Epoch 39/50
 - 2s - loss: 0.3767 - val_loss: 0.3680
Epoch 40/50
 - 2s - loss: 0.3762 - val_loss: 0.3684
Epoch 41/50
 - 2s - loss: 0.3764 - val_loss: 0.3698
Epoch 42/50
 - 2s - loss: 0.3763 - val_loss: 0.3676
Epoch 43/50
 - 2s - loss: 0.3756 - val_loss: 0.3695
Epoch 44/50
 - 2s - loss: 0.3759 - val_loss: 0.3706
Epoch 45/50
 - 2s - loss: 0.3769 - val_loss: 0.3664
Epoch 46/50
 - 2s - loss: 0.3766 - val_loss: 0.3672
Epoch 47/50
 - 3s - loss: 0.3762 - val_loss: 0.3685
Epoch 48/50
 - 2s - loss: 0.3761 - val_loss: 0.3702
Epoch 49/50
 - 2s - loss: 0.3760 - val_loss: 0.3682
Epoch 50/50
 - 2s - loss: 0.3756 - val_loss: 0.3685
[38;2;74;176;245m[1mProfile[0m ⏱  ···· Time elapsed in [1mFold 2/3[0m: ................................ [1m87.8s[0m
[38;2;74;176;245m[1mProfile[0m ⏱  ···· Starting [1mFold 3/3[0m
Train on 1333334 samples, validate on 666666 samples
Epoch 1/50
 - 3s - loss: 0.4728 - val_loss: 0.4149
Epoch 2/50
 - 2s - loss: 0.4004 - val_loss: 0.3846
Epoch 3/50
 - 2s - loss: 0.3898 - val_loss: 0.3847
Epoch 4/50
 - 2s - loss: 0.3866 - val_loss: 0.3782
Epoch 5/50
 - 2s - loss: 0.3856 - val_loss: 0.3791
Epoch 6/50
 - 2s - loss: 0.3840 - val_loss: 0.3785
Epoch 7/50
 - 2s - loss: 0.3826 - val_loss: 0.3766
Epoch 8/50
 - 3s - loss: 0.3815 - val_loss: 0.3748
Epoch 9/50
 - 2s - loss: 0.3815 - val_loss: 0.3749
Epoch 10/50
 - 2s - loss: 0.3806 - val_loss: 0.3739
Epoch 11/50
 - 2s - loss: 0.3798 - val_loss: 0.3751
Epoch 12/50
 - 3s - loss: 0.3795 - val_loss: 0.3740
Epoch 13/50
 - 2s - loss: 0.3798 - val_loss: 0.3747
Epoch 14/50
 - 2s - loss: 0.3796 - val_loss: 0.3749
Epoch 15/50
 - 2s - loss: 0.3795 - val_loss: 0.3733
Epoch 16/50
 - 2s - loss: 0.3785 - val_loss: 0.3750
Epoch 17/50
 - 2s - loss: 0.3779 - val_loss: 0.3732
Epoch 18/50
 - 2s - loss: 0.3775 - val_loss: 0.3713
Epoch 19/50
 - 2s - loss: 0.3780 - val_loss: 0.3707
Epoch 20/50
 - 2s - loss: 0.3776 - val_loss: 0.3725
Epoch 21/50
 - 2s - loss: 0.3771 - val_loss: 0.3725
Epoch 22/50
 - 3s - loss: 0.3777 - val_loss: 0.3727
Epoch 23/50
 - 2s - loss: 0.3774 - val_loss: 0.3723
Epoch 24/50
 - 2s - loss: 0.3768 - val_loss: 0.3722
Epoch 25/50
 - 2s - loss: 0.3767 - val_loss: 0.3702
Epoch 26/50
 - 2s - loss: 0.3762 - val_loss: 0.3709
Epoch 27/50
 - 3s - loss: 0.3763 - val_loss: 0.3697
Epoch 28/50
 - 2s - loss: 0.3768 - val_loss: 0.3700
Epoch 29/50
 - 2s - loss: 0.3764 - val_loss: 0.3711
Epoch 30/50
 - 2s - loss: 0.3756 - val_loss: 0.3695
Epoch 31/50
 - 3s - loss: 0.3756 - val_loss: 0.3708
Epoch 32/50
 - 2s - loss: 0.3754 - val_loss: 0.3696
Epoch 33/50
 - 2s - loss: 0.3759 - val_loss: 0.3692
Epoch 34/50
 - 2s - loss: 0.3757 - val_loss: 0.3703
Epoch 35/50
 - 2s - loss: 0.3758 - val_loss: 0.3696
Epoch 36/50
 - 2s - loss: 0.3757 - val_loss: 0.3693
Epoch 37/50
 - 2s - loss: 0.3756 - val_loss: 0.3686
Epoch 38/50
 - 3s - loss: 0.3754 - val_loss: 0.3693
Epoch 39/50
 - 2s - loss: 0.3751 - val_loss: 0.3686
Epoch 40/50
 - 2s - loss: 0.3749 - val_loss: 0.3686
Epoch 41/50
 - 2s - loss: 0.3748 - val_loss: 0.3691
Epoch 42/50
 - 2s - loss: 0.3744 - val_loss: 0.3686
Epoch 43/50
 - 2s - loss: 0.3749 - val_loss: 0.3681
Epoch 44/50
 - 2s - loss: 0.3746 - val_loss: 0.3682
Epoch 45/50
 - 2s - loss: 0.3750 - val_loss: 0.3683
Epoch 46/50
 - 2s - loss: 0.3741 - val_loss: 0.3685
Epoch 47/50
 - 2s - loss: 0.3744 - val_loss: 0.3675
Epoch 48/50
 - 2s - loss: 0.3742 - val_loss: 0.3685
Epoch 49/50
 - 2s - loss: 0.3742 - val_loss: 0.3683
Epoch 50/50
 - 2s - loss: 0.3739 - val_loss: 0.3680
Got result 0.372956639575
Completed successfully in 378.82 seconds. [{u'main': 0.37295663957490516}]
[38;2;74;176;245m[1mProfile[0m ⏱  ···· Time elapsed in [1mFold 3/3[0m: ............................... [1m127.8s[0m
[38;2;74;176;245m[1mProfile[0m ⏱  ·· Time elapsed in [1mClassifier-only fit, cross-validation[0m: .... [1m313.8s[0m
[38;2;74;176;245m[1mProfile[0m ⏱  Time elapsed in [1m@main[0m: ....................................... [1m359.4s[0m
cd: Going back to /exports/eddie3_homes_local/s1562020/work/adversarial/optimisation/experiments/classifier
