Job launching after 3.40 seconds in submission.
Running python job.
Changed into dir /exports/eddie3_homes_local/s1562020/work/adversarial/optimisation/experiments/classifier
Importing optimise.py
Running optimise.main()
INFO: Applying patch '/exports/eddie3_homes_local/s1562020/work/adversarial/optimisation/experiments/classifier/patches/patch.00000087.json'
INFO: Found 20 Intel(R) Xeon(R) CPU E5-2630 v4 @ 2.20GHz devices with 10 cores each.
Using TensorFlow backend.
INFO: Scaling classifier/lr -5 -> 1e-05
INFO: Scaling classifier/decay -6 -> 1e-06
INFO: Scaling classifier/units 1 -> 2
INFO: Writing TensorBoard logs to 'logs/tensorboard/classifier-patch.00000087/'
INFO: Running '/exports/eddie3_homes_local/s1562020/work/adversarial/run/adversarial/common.pyc'
INFO: Command-line arguments:
INFO: Configuration file contents:
INFO: Python version: 2.7.14
INFO: Numpy  version: 1.12.1
INFO: Keras  version: 2.1.5
INFO: Using keras backend: 'tensorflow'
INFO: Found  1000000 training and  1000249 test samples for signal
INFO: Found  1000000 training and 10000000 test samples for background
INFO: load_data: Selecting only training data.
INFO: Implementing gradient reversal layer in TensorFlow
INFO: Training cross-validation classifiers
Call to main function (#87)
  Parameters: {u'classifier/model/default/units': array([1]), u'classifier/compile/decay': array([-6]), u'classifier/model/default/dropout': array([ 0.45083136]), u'classifier/compile/lr': array([-5]), u'classifier/model/architecture': array([1]), u'classifier/model/default/activation': [u'relu']}
param: classifier/model/default/units
param: classifier/compile/decay
param: classifier/model/default/dropout
param: classifier/compile/lr
param: classifier/model/architecture
param: classifier/model/default/activation
- - - - - - - - - - - - - - - - - - - - - - - - - - - - - - - - - - - - - - - - 
Saving the following patch to '/exports/eddie3_homes_local/s1562020/work/adversarial/optimisation/experiments/classifier/patches/patch.00000087.json':
{u'classifier': {u'compile': {u'lr': -5, u'decay': -6}, u'model': {u'default': {u'units': 1, u'dropout': 0.45083136366839893, u'activation': u'relu'}, u'architecture': 1}, 'fit': {'epochs': 50, 'batch_size': 8192}}}
- - - - - - - - - - - - - - - - - - - - - - - - - - - - - - - - - - - - - - - - 
cd: Going to /exports/eddie3_homes_local/s1562020/work/adversarial/
[38;2;74;176;245m[1mProfile[0m ⏱  Starting [1m@main[0m
[38;2;74;176;245m[1mProfile[0m ⏱  ·· Starting [1mInitialisation[0m
[38;2;74;176;245m[1mProfile[0m ⏱  ···· Starting [1m@initialise[0m
[38;2;74;176;245m[1mProfile[0m ⏱  ···· Time elapsed in [1m@initialise[0m: .............................. [1m0.0s[0m
[38;2;74;176;245m[1mProfile[0m ⏱  ···· Starting [1m@initialise_backend[0m
[38;2;74;176;245m[1mProfile[0m ⏱  ······ Starting [1m@configure_tensorflow[0m
[38;2;74;176;245m[1mProfile[0m ⏱  ······ Time elapsed in [1m@configure_tensorflow[0m: ................. [1m13.3s[0m
[38;2;74;176;245m[1mProfile[0m ⏱  ···· Time elapsed in [1m@initialise_backend[0m: ..................... [1m14.3s[0m
{'config': './configs/default.json',
 'devices': 7,
 'folds': 3,
 'gpu': True,
 'input': './input/',
 'jobname': 'classifier-patch.00000087',
 'mode': 'gpu',
 'optimise_adversarial': False,
 'optimise_classifier': True,
 'output': './output/',
 'patches': ['/exports/eddie3_homes_local/s1562020/work/adversarial/optimisation/experiments/classifier/patches/patch.00000087.json'],
 'tensorboard': True,
 'theano': False,
 'train': False,
 'train_adversarial': False,
 'train_classifier': True,
 'verbose': False}
{u'adversary': {u'compile': {},
                u'fit': {},
                u'model': {u'architecture': [{}, {}, {}, {}],
                           u'default': {u'activation': u'relu',
                                        u'units': 64},
                           u'gmm_components': 10}},
 u'classifier': {u'compile': {u'loss': u'binary_crossentropy',
                              u'optimizer': <keras.optimizers.Adam object at 0x2b4376dde310>},
                 u'fit': {u'batch_size': 57344,
                          u'epochs': 50,
                          u'shuffle': True,
                          'verbose': 2},
                 u'model': {u'architecture': [{}],
                            u'default': {u'activation': u'relu',
                                         u'batchnorm': True,
                                         u'dropout': 0.45083136366839893,
                                         u'units': 2}}},
 u'combined': {u'compile': {u'loss': [u'binary_crossentropy', None],
                            u'loss_weights': [1.8181818181818182e-09, 1.0],
                            u'optimizer': <keras.optimizers.Adam object at 0x2b4376dde350>},
               u'fit': {u'batch_size': 57344,
                        u'epochs': 200,
                        u'shuffle': True,
                        'verbose': 2},
               u'model': {u'lambda_reg': 10.0,
                          u'lr_ratio': 1.8181818181818182e-09},
               u'pretrain': 10}}
  TensorFlow version: 1.4.1
[38;2;74;176;245m[1mProfile[0m ⏱  ·· Time elapsed in [1mInitialisation[0m: ............................ [1m14.4s[0m
[38;2;74;176;245m[1mProfile[0m ⏱  ·· Starting [1m@load_data[0m
[38;2;74;176;245m[1mProfile[0m ⏱  ·· Time elapsed in [1m@load_data[0m: ................................ [1m33.4s[0m
[38;2;74;176;245m[1mProfile[0m ⏱  ·· Starting [1m@get_decorrelation_variables[0m
[38;2;74;176;245m[1mProfile[0m ⏱  ·· Time elapsed in [1m@get_decorrelation_variables[0m: ............... [1m0.0s[0m
[38;2;74;176;245m[1mProfile[0m ⏱  ·· Starting [1mClassifier-only fit, cross-validation[0m
[38;2;74;176;245m[1mProfile[0m ⏱  ···· Starting [1mFold 1/3[0m
Train on 1333332 samples, validate on 666668 samples
Epoch 1/50
 - 2s - loss: 0.8217 - val_loss: 0.8012
Epoch 2/50
 - 1s - loss: 0.8222 - val_loss: 0.7967
Epoch 3/50
 - 2s - loss: 0.8202 - val_loss: 0.7960
Epoch 4/50
 - 2s - loss: 0.8189 - val_loss: 0.7930
Epoch 5/50
 - 2s - loss: 0.8186 - val_loss: 0.7942
Epoch 6/50
 - 2s - loss: 0.8167 - val_loss: 0.7907
Epoch 7/50
 - 2s - loss: 0.8165 - val_loss: 0.7901
Epoch 8/50
 - 2s - loss: 0.8177 - val_loss: 0.7872
Epoch 9/50
 - 2s - loss: 0.8153 - val_loss: 0.7863
Epoch 10/50
 - 2s - loss: 0.8161 - val_loss: 0.7873
Epoch 11/50
 - 2s - loss: 0.8147 - val_loss: 0.7874
Epoch 12/50
 - 2s - loss: 0.8139 - val_loss: 0.7849
Epoch 13/50
 - 2s - loss: 0.8119 - val_loss: 0.7899
Epoch 14/50
 - 1s - loss: 0.8144 - val_loss: 0.7877
Epoch 15/50
 - 2s - loss: 0.8114 - val_loss: 0.7864
Epoch 16/50
 - 2s - loss: 0.8121 - val_loss: 0.7852
Epoch 17/50
 - 1s - loss: 0.8117 - val_loss: 0.7847
Epoch 18/50
 - 2s - loss: 0.8109 - val_loss: 0.7820
Epoch 19/50
 - 2s - loss: 0.8106 - val_loss: 0.7809
Epoch 20/50
 - 2s - loss: 0.8084 - val_loss: 0.7784
Epoch 21/50
 - 2s - loss: 0.8090 - val_loss: 0.7806
Epoch 22/50
 - 2s - loss: 0.8075 - val_loss: 0.7814
Epoch 23/50
 - 2s - loss: 0.8083 - val_loss: 0.7815
Epoch 24/50
 - 2s - loss: 0.8068 - val_loss: 0.7831
Epoch 25/50
 - 2s - loss: 0.8063 - val_loss: 0.7833
Epoch 26/50
 - 2s - loss: 0.8058 - val_loss: 0.7785
Epoch 27/50
 - 1s - loss: 0.8055 - val_loss: 0.7790
Epoch 28/50
 - 2s - loss: 0.8052 - val_loss: 0.7792
Epoch 29/50
 - 2s - loss: 0.8041 - val_loss: 0.7780
Epoch 30/50
 - 1s - loss: 0.8036 - val_loss: 0.7772
Epoch 31/50
 - 2s - loss: 0.8023 - val_loss: 0.7811
Epoch 32/50
 - 3s - loss: 0.8026 - val_loss: 0.7797
Epoch 33/50
 - 1s - loss: 0.8016 - val_loss: 0.7764
Epoch 34/50
 - 2s - loss: 0.8005 - val_loss: 0.7783
Epoch 35/50
 - 2s - loss: 0.7997 - val_loss: 0.7746
Epoch 36/50
 - 2s - loss: 0.7997 - val_loss: 0.7750
Epoch 37/50
 - 2s - loss: 0.7987 - val_loss: 0.7743
Epoch 38/50
 - 2s - loss: 0.7969 - val_loss: 0.7735
Epoch 39/50
 - 2s - loss: 0.7971 - val_loss: 0.7721
Epoch 40/50
 - 2s - loss: 0.7974 - val_loss: 0.7764
Epoch 41/50
 - 2s - loss: 0.7960 - val_loss: 0.7767
Epoch 42/50
 - 2s - loss: 0.7957 - val_loss: 0.7734
Epoch 43/50
 - 2s - loss: 0.7963 - val_loss: 0.7694
Epoch 44/50
 - 1s - loss: 0.7949 - val_loss: 0.7679
Epoch 45/50
 - 1s - loss: 0.7930 - val_loss: 0.7677
Epoch 46/50
 - 2s - loss: 0.7940 - val_loss: 0.7656
Epoch 47/50
 - 1s - loss: 0.7929 - val_loss: 0.7675
Epoch 48/50
 - 2s - loss: 0.7923 - val_loss: 0.7689
Epoch 49/50
 - 2s - loss: 0.7913 - val_loss: 0.7674
Epoch 50/50
 - 2s - loss: 0.7909 - val_loss: 0.7669
[38;2;74;176;245m[1mProfile[0m ⏱  ···· Time elapsed in [1mFold 1/3[0m: ................................ [1m95.7s[0m
[38;2;74;176;245m[1mProfile[0m ⏱  ···· Starting [1mFold 2/3[0m
Train on 1333334 samples, validate on 666666 samples
Epoch 1/50
 - 2s - loss: 0.7234 - val_loss: 0.6688
Epoch 2/50
 - 2s - loss: 0.7219 - val_loss: 0.6694
Epoch 3/50
 - 2s - loss: 0.7215 - val_loss: 0.6711
Epoch 4/50
 - 2s - loss: 0.7218 - val_loss: 0.6704
Epoch 5/50
 - 2s - loss: 0.7203 - val_loss: 0.6695
Epoch 6/50
 - 2s - loss: 0.7196 - val_loss: 0.6690
Epoch 7/50
 - 2s - loss: 0.7191 - val_loss: 0.6705
Epoch 8/50
 - 2s - loss: 0.7192 - val_loss: 0.6685
Epoch 9/50
 - 1s - loss: 0.7181 - val_loss: 0.6666
Epoch 10/50
 - 1s - loss: 0.7178 - val_loss: 0.6719
Epoch 11/50
 - 2s - loss: 0.7177 - val_loss: 0.6673
Epoch 12/50
 - 2s - loss: 0.7170 - val_loss: 0.6680
Epoch 13/50
 - 2s - loss: 0.7176 - val_loss: 0.6668
Epoch 14/50
 - 2s - loss: 0.7161 - val_loss: 0.6676
Epoch 15/50
 - 2s - loss: 0.7160 - val_loss: 0.6671
Epoch 16/50
 - 2s - loss: 0.7157 - val_loss: 0.6670
Epoch 17/50
 - 1s - loss: 0.7155 - val_loss: 0.6672
Epoch 18/50
 - 2s - loss: 0.7154 - val_loss: 0.6667
Epoch 19/50
 - 2s - loss: 0.7148 - val_loss: 0.6668
Epoch 20/50
 - 2s - loss: 0.7147 - val_loss: 0.6672
Epoch 21/50
 - 2s - loss: 0.7140 - val_loss: 0.6663
Epoch 22/50
 - 2s - loss: 0.7151 - val_loss: 0.6660
Epoch 23/50
 - 1s - loss: 0.7142 - val_loss: 0.6669
Epoch 24/50
 - 2s - loss: 0.7140 - val_loss: 0.6663
Epoch 25/50
 - 2s - loss: 0.7132 - val_loss: 0.6661
Epoch 26/50
 - 1s - loss: 0.7130 - val_loss: 0.6656
Epoch 27/50
 - 2s - loss: 0.7130 - val_loss: 0.6656
Epoch 28/50
 - 2s - loss: 0.7132 - val_loss: 0.6658
Epoch 29/50
 - 1s - loss: 0.7122 - val_loss: 0.6654
Epoch 30/50
 - 2s - loss: 0.7119 - val_loss: 0.6647
Epoch 31/50
 - 2s - loss: 0.7119 - val_loss: 0.6639
Epoch 32/50
 - 1s - loss: 0.7118 - val_loss: 0.6641
Epoch 33/50
 - 2s - loss: 0.7117 - val_loss: 0.6652
Epoch 34/50
 - 2s - loss: 0.7113 - val_loss: 0.6648
Epoch 35/50
 - 1s - loss: 0.7116 - val_loss: 0.6648
Epoch 36/50
 - 1s - loss: 0.7105 - val_loss: 0.6645
Epoch 37/50
 - 1s - loss: 0.7101 - val_loss: 0.6636
Epoch 38/50
 - 1s - loss: 0.7107 - val_loss: 0.6645
Epoch 39/50
 - 1s - loss: 0.7108 - val_loss: 0.6643
Epoch 40/50
 - 1s - loss: 0.7100 - val_loss: 0.6636
Epoch 41/50
 - 1s - loss: 0.7100 - val_loss: 0.6644
Epoch 42/50
 - 1s - loss: 0.7096 - val_loss: 0.6639
Epoch 43/50
 - 2s - loss: 0.7097 - val_loss: 0.6646
Epoch 44/50
 - 1s - loss: 0.7089 - val_loss: 0.6632
Epoch 45/50
 - 1s - loss: 0.7089 - val_loss: 0.6641
Epoch 46/50
 - 2s - loss: 0.7088 - val_loss: 0.6643
Epoch 47/50
 - 2s - loss: 0.7086 - val_loss: 0.6641
Epoch 48/50
 - 1s - loss: 0.7087 - val_loss: 0.6636
Epoch 49/50
 - 1s - loss: 0.7087 - val_loss: 0.6636
Epoch 50/50
 - 1s - loss: 0.7077 - val_loss: 0.6635
[38;2;74;176;245m[1mProfile[0m ⏱  ···· Time elapsed in [1mFold 2/3[0m: ................................ [1m82.2s[0m
[38;2;74;176;245m[1mProfile[0m ⏱  ···· Starting [1mFold 3/3[0m
Train on 1333334 samples, validate on 666666 samples
Epoch 1/50
 - 2s - loss: 0.8771 - val_loss: 0.7972
Epoch 2/50
 - 2s - loss: 0.8725 - val_loss: 0.7907
Epoch 3/50
 - 1s - loss: 0.8687 - val_loss: 0.7841
Epoch 4/50
 - 1s - loss: 0.8679 - val_loss: 0.7823
Epoch 5/50
 - 1s - loss: 0.8656 - val_loss: 0.7854
Epoch 6/50
 - 1s - loss: 0.8645 - val_loss: 0.7817
Epoch 7/50
 - 1s - loss: 0.8627 - val_loss: 0.7796
Epoch 8/50
 - 1s - loss: 0.8599 - val_loss: 0.7796
Epoch 9/50
 - 2s - loss: 0.8604 - val_loss: 0.7773
Epoch 10/50
 - 2s - loss: 0.8585 - val_loss: 0.7769
Epoch 11/50
 - 1s - loss: 0.8562 - val_loss: 0.7772
Epoch 12/50
 - 2s - loss: 0.8561 - val_loss: 0.7761
Epoch 13/50
 - 2s - loss: 0.8555 - val_loss: 0.7742
Epoch 14/50
 - 2s - loss: 0.8540 - val_loss: 0.7725
Epoch 15/50
 - 1s - loss: 0.8519 - val_loss: 0.7717
Epoch 16/50
 - 1s - loss: 0.8528 - val_loss: 0.7745
Epoch 17/50
 - 1s - loss: 0.8522 - val_loss: 0.7716
Epoch 18/50
 - 1s - loss: 0.8506 - val_loss: 0.7711
Epoch 19/50
 - 1s - loss: 0.8498 - val_loss: 0.7694
Epoch 20/50
 - 2s - loss: 0.8474 - val_loss: 0.7707
Epoch 21/50
 - 1s - loss: 0.8493 - val_loss: 0.7678
Epoch 22/50
 - 1s - loss: 0.8472 - val_loss: 0.7678
Epoch 23/50
 - 1s - loss: 0.8452 - val_loss: 0.7672
Epoch 24/50
 - 1s - loss: 0.8440 - val_loss: 0.7678
Epoch 25/50
 - 1s - loss: 0.8430 - val_loss: 0.7665
Epoch 26/50
 - 1s - loss: 0.8425 - val_loss: 0.7665
Epoch 27/50
 - 1s - loss: 0.8432 - val_loss: 0.7656
Epoch 28/50
 - 2s - loss: 0.8396 - val_loss: 0.7634
Epoch 29/50
 - 2s - loss: 0.8400 - val_loss: 0.7640
Epoch 30/50
 - 2s - loss: 0.8413 - val_loss: 0.7627
Epoch 31/50
 - 2s - loss: 0.8383 - val_loss: 0.7627
Epoch 32/50
 - 2s - loss: 0.8380 - val_loss: 0.7624
Epoch 33/50
 - 2s - loss: 0.8357 - val_loss: 0.7628
Epoch 34/50
 - 2s - loss: 0.8370 - val_loss: 0.7620
Epoch 35/50
 - 2s - loss: 0.8351 - val_loss: 0.7616
Epoch 36/50
 - 2s - loss: 0.8353 - val_loss: 0.7605
Epoch 37/50
 - 2s - loss: 0.8360 - val_loss: 0.7605
Epoch 38/50
 - 2s - loss: 0.8340 - val_loss: 0.7569
Epoch 39/50
 - 2s - loss: 0.8330 - val_loss: 0.7590
Epoch 40/50
 - 2s - loss: 0.8320 - val_loss: 0.7575
Epoch 41/50
 - 2s - loss: 0.8314 - val_loss: 0.7565
Epoch 42/50
 - 1s - loss: 0.8309 - val_loss: 0.7571
Epoch 43/50
 - 2s - loss: 0.8304 - val_loss: 0.7556
Epoch 44/50
 - 2s - loss: 0.8282 - val_loss: 0.7560
Epoch 45/50
 - 1s - loss: 0.8304 - val_loss: 0.7542
Epoch 46/50
 - 2s - loss: 0.8286 - val_loss: 0.7548
Epoch 47/50
 - 2s - loss: 0.8279 - val_loss: 0.7535
Epoch 48/50
 - 2s - loss: 0.8287 - val_loss: 0.7543
Epoch 49/50
 - 2s - loss: 0.8271 - val_loss: 0.7535
Epoch 50/50
 - 2s - loss: 0.8265 - val_loss: 0.7532
Got result 0.77373781258
Completed successfully in 332.77 seconds. [{u'main': 0.7737378125800342}]
[38;2;74;176;245m[1mProfile[0m ⏱  ···· Time elapsed in [1mFold 3/3[0m: ................................ [1m83.2s[0m
[38;2;74;176;245m[1mProfile[0m ⏱  ·· Time elapsed in [1mClassifier-only fit, cross-validation[0m: .... [1m261.8s[0m
[38;2;74;176;245m[1mProfile[0m ⏱  Time elapsed in [1m@main[0m: ....................................... [1m309.9s[0m
cd: Going back to /exports/eddie3_homes_local/s1562020/work/adversarial/optimisation/experiments/classifier
