Job launching after 3.90 seconds in submission.
Running python job.
Changed into dir /exports/eddie3_homes_local/s1562020/work/adversarial/optimisation/experiments/classifier
Importing optimise.py
Running optimise.main()
INFO: Applying patch '/exports/eddie3_homes_local/s1562020/work/adversarial/optimisation/experiments/classifier/patches/patch.00000103.json'
INFO: Found 20 Intel(R) Xeon(R) CPU E5-2630 v4 @ 2.20GHz devices with 10 cores each.
Using TensorFlow backend.
INFO: Scaling classifier/lr -5 -> 1e-05
INFO: Scaling classifier/decay -6 -> 1e-06
INFO: Scaling classifier/units 9 -> 512
INFO: Writing TensorBoard logs to 'logs/tensorboard/classifier-patch.00000103/'
INFO: Running '/exports/eddie3_homes_local/s1562020/work/adversarial/run/adversarial/common.pyc'
INFO: Command-line arguments:
INFO: Configuration file contents:
INFO: Python version: 2.7.14
INFO: Numpy  version: 1.12.1
INFO: Keras  version: 2.1.5
INFO: Using keras backend: 'tensorflow'
INFO: Found  1000000 training and  1000249 test samples for signal
INFO: Found  1000000 training and 10000000 test samples for background
INFO: load_data: Selecting only training data.
INFO: Implementing gradient reversal layer in TensorFlow
INFO: Training cross-validation classifiers
Call to main function (#103)
  Parameters: {u'classifier/model/default/units': array([9]), u'classifier/compile/decay': array([-6]), u'classifier/model/default/dropout': array([ 0.43954095]), u'classifier/compile/lr': array([-5]), u'classifier/model/architecture': array([1]), u'classifier/model/default/activation': [u'relu']}
param: classifier/model/default/units
param: classifier/compile/decay
param: classifier/model/default/dropout
param: classifier/compile/lr
param: classifier/model/architecture
param: classifier/model/default/activation
- - - - - - - - - - - - - - - - - - - - - - - - - - - - - - - - - - - - - - - - 
Saving the following patch to '/exports/eddie3_homes_local/s1562020/work/adversarial/optimisation/experiments/classifier/patches/patch.00000103.json':
{u'classifier': {u'compile': {u'lr': -5, u'decay': -6}, u'model': {u'default': {u'units': 9, u'dropout': 0.43954094926916276, u'activation': u'relu'}, u'architecture': 1}, 'fit': {'epochs': 50, 'batch_size': 8192}}}
- - - - - - - - - - - - - - - - - - - - - - - - - - - - - - - - - - - - - - - - 
cd: Going to /exports/eddie3_homes_local/s1562020/work/adversarial/
[38;2;74;176;245m[1mProfile[0m ⏱  Starting [1m@main[0m
[38;2;74;176;245m[1mProfile[0m ⏱  ·· Starting [1mInitialisation[0m
[38;2;74;176;245m[1mProfile[0m ⏱  ···· Starting [1m@initialise[0m
[38;2;74;176;245m[1mProfile[0m ⏱  ···· Time elapsed in [1m@initialise[0m: .............................. [1m0.0s[0m
[38;2;74;176;245m[1mProfile[0m ⏱  ···· Starting [1m@initialise_backend[0m
[38;2;74;176;245m[1mProfile[0m ⏱  ······ Starting [1m@configure_tensorflow[0m
[38;2;74;176;245m[1mProfile[0m ⏱  ······ Time elapsed in [1m@configure_tensorflow[0m: ................. [1m13.0s[0m
[38;2;74;176;245m[1mProfile[0m ⏱  ···· Time elapsed in [1m@initialise_backend[0m: ..................... [1m13.8s[0m
{'config': './configs/default.json',
 'devices': 7,
 'folds': 3,
 'gpu': True,
 'input': './input/',
 'jobname': 'classifier-patch.00000103',
 'mode': 'gpu',
 'optimise_adversarial': False,
 'optimise_classifier': True,
 'output': './output/',
 'patches': ['/exports/eddie3_homes_local/s1562020/work/adversarial/optimisation/experiments/classifier/patches/patch.00000103.json'],
 'tensorboard': True,
 'theano': False,
 'train': False,
 'train_adversarial': False,
 'train_classifier': True,
 'verbose': False}
{u'adversary': {u'compile': {},
                u'fit': {},
                u'model': {u'architecture': [{}, {}, {}, {}],
                           u'default': {u'activation': u'relu',
                                        u'units': 64},
                           u'gmm_components': 10}},
 u'classifier': {u'compile': {u'loss': u'binary_crossentropy',
                              u'optimizer': <keras.optimizers.Adam object at 0x2b73abc06310>},
                 u'fit': {u'batch_size': 57344,
                          u'epochs': 50,
                          u'shuffle': True,
                          'verbose': 2},
                 u'model': {u'architecture': [{}],
                            u'default': {u'activation': u'relu',
                                         u'batchnorm': True,
                                         u'dropout': 0.43954094926916276,
                                         u'units': 512}}},
 u'combined': {u'compile': {u'loss': [u'binary_crossentropy', None],
                            u'loss_weights': [9.090909090909091e-10, 1.0],
                            u'optimizer': <keras.optimizers.Adam object at 0x2b73abc06350>},
               u'fit': {u'batch_size': 57344,
                        u'epochs': 500,
                        u'shuffle': True,
                        'verbose': 2},
               u'model': {u'lambda_reg': 10.0,
                          u'lr_ratio': 9.090909090909091e-10},
               u'pretrain': 10}}
  TensorFlow version: 1.4.1
[38;2;74;176;245m[1mProfile[0m ⏱  ·· Time elapsed in [1mInitialisation[0m: ............................ [1m13.9s[0m
[38;2;74;176;245m[1mProfile[0m ⏱  ·· Starting [1m@load_data[0m
[38;2;74;176;245m[1mProfile[0m ⏱  ·· Time elapsed in [1m@load_data[0m: ................................ [1m33.5s[0m
[38;2;74;176;245m[1mProfile[0m ⏱  ·· Starting [1m@get_decorrelation_variables[0m
[38;2;74;176;245m[1mProfile[0m ⏱  ·· Time elapsed in [1m@get_decorrelation_variables[0m: ............... [1m0.0s[0m
[38;2;74;176;245m[1mProfile[0m ⏱  ·· Starting [1mClassifier-only fit, cross-validation[0m
[38;2;74;176;245m[1mProfile[0m ⏱  ···· Starting [1mFold 1/3[0m
Train on 1333332 samples, validate on 666668 samples
Epoch 1/50
 - 3s - loss: 0.6991 - val_loss: 0.6938
Epoch 2/50
 - 2s - loss: 0.6943 - val_loss: 0.6892
Epoch 3/50
 - 2s - loss: 0.6894 - val_loss: 0.6847
Epoch 4/50
 - 2s - loss: 0.6846 - val_loss: 0.6801
Epoch 5/50
 - 2s - loss: 0.6802 - val_loss: 0.6760
Epoch 6/50
 - 2s - loss: 0.6756 - val_loss: 0.6715
Epoch 7/50
 - 2s - loss: 0.6712 - val_loss: 0.6677
Epoch 8/50
 - 2s - loss: 0.6672 - val_loss: 0.6635
Epoch 9/50
 - 2s - loss: 0.6632 - val_loss: 0.6603
Epoch 10/50
 - 2s - loss: 0.6593 - val_loss: 0.6560
Epoch 11/50
 - 2s - loss: 0.6553 - val_loss: 0.6522
Epoch 12/50
 - 2s - loss: 0.6515 - val_loss: 0.6494
Epoch 13/50
 - 2s - loss: 0.6480 - val_loss: 0.6458
Epoch 14/50
 - 2s - loss: 0.6444 - val_loss: 0.6426
Epoch 15/50
 - 2s - loss: 0.6409 - val_loss: 0.6389
Epoch 16/50
 - 2s - loss: 0.6376 - val_loss: 0.6359
Epoch 17/50
 - 2s - loss: 0.6344 - val_loss: 0.6326
Epoch 18/50
 - 2s - loss: 0.6308 - val_loss: 0.6291
Epoch 19/50
 - 3s - loss: 0.6281 - val_loss: 0.6268
Epoch 20/50
 - 2s - loss: 0.6248 - val_loss: 0.6243
Epoch 21/50
 - 2s - loss: 0.6218 - val_loss: 0.6213
Epoch 22/50
 - 2s - loss: 0.6188 - val_loss: 0.6180
Epoch 23/50
 - 2s - loss: 0.6157 - val_loss: 0.6153
Epoch 24/50
 - 2s - loss: 0.6131 - val_loss: 0.6129
Epoch 25/50
 - 2s - loss: 0.6102 - val_loss: 0.6092
Epoch 26/50
 - 2s - loss: 0.6075 - val_loss: 0.6074
Epoch 27/50
 - 2s - loss: 0.6048 - val_loss: 0.6041
Epoch 28/50
 - 2s - loss: 0.6025 - val_loss: 0.6020
Epoch 29/50
 - 2s - loss: 0.5999 - val_loss: 0.5992
Epoch 30/50
 - 2s - loss: 0.5972 - val_loss: 0.5972
Epoch 31/50
 - 2s - loss: 0.5947 - val_loss: 0.5949
Epoch 32/50
 - 2s - loss: 0.5922 - val_loss: 0.5917
Epoch 33/50
 - 1s - loss: 0.5899 - val_loss: 0.5892
Epoch 34/50
 - 1s - loss: 0.5873 - val_loss: 0.5878
Epoch 35/50
 - 1s - loss: 0.5851 - val_loss: 0.5854
Epoch 36/50
 - 1s - loss: 0.5828 - val_loss: 0.5832
Epoch 37/50
 - 1s - loss: 0.5803 - val_loss: 0.5782
Epoch 38/50
 - 2s - loss: 0.5780 - val_loss: 0.5787
Epoch 39/50
 - 2s - loss: 0.5764 - val_loss: 0.5785
Epoch 40/50
 - 2s - loss: 0.5741 - val_loss: 0.5745
Epoch 41/50
 - 1s - loss: 0.5720 - val_loss: 0.5723
Epoch 42/50
 - 1s - loss: 0.5700 - val_loss: 0.5698
Epoch 43/50
 - 1s - loss: 0.5679 - val_loss: 0.5678
Epoch 44/50
 - 2s - loss: 0.5656 - val_loss: 0.5655
Epoch 45/50
 - 1s - loss: 0.5636 - val_loss: 0.5655
Epoch 46/50
 - 1s - loss: 0.5617 - val_loss: 0.5573
Epoch 47/50
 - 1s - loss: 0.5599 - val_loss: 0.5615
Epoch 48/50
 - 1s - loss: 0.5577 - val_loss: 0.5589
Epoch 49/50
 - 1s - loss: 0.5562 - val_loss: 0.5568
Epoch 50/50
 - 1s - loss: 0.5544 - val_loss: 0.5543
[38;2;74;176;245m[1mProfile[0m ⏱  ···· Time elapsed in [1mFold 1/3[0m: ............................... [1m114.6s[0m
[38;2;74;176;245m[1mProfile[0m ⏱  ···· Starting [1mFold 2/3[0m
Train on 1333334 samples, validate on 666666 samples
Epoch 1/50
 - 2s - loss: 0.6924 - val_loss: 0.6749
Epoch 2/50
 - 2s - loss: 0.6707 - val_loss: 0.6583
Epoch 3/50
 - 1s - loss: 0.6555 - val_loss: 0.6463
Epoch 4/50
 - 2s - loss: 0.6439 - val_loss: 0.6362
Epoch 5/50
 - 2s - loss: 0.6348 - val_loss: 0.6283
Epoch 6/50
 - 1s - loss: 0.6269 - val_loss: 0.6213
Epoch 7/50
 - 2s - loss: 0.6197 - val_loss: 0.6148
Epoch 8/50
 - 1s - loss: 0.6136 - val_loss: 0.6094
Epoch 9/50
 - 1s - loss: 0.6079 - val_loss: 0.6052
Epoch 10/50
 - 1s - loss: 0.6026 - val_loss: 0.6001
Epoch 11/50
 - 1s - loss: 0.5978 - val_loss: 0.5953
Epoch 12/50
 - 1s - loss: 0.5933 - val_loss: 0.5906
Epoch 13/50
 - 1s - loss: 0.5889 - val_loss: 0.5862
Epoch 14/50
 - 1s - loss: 0.5852 - val_loss: 0.5825
Epoch 15/50
 - 2s - loss: 0.5809 - val_loss: 0.5778
Epoch 16/50
 - 1s - loss: 0.5776 - val_loss: 0.5753
Epoch 17/50
 - 2s - loss: 0.5743 - val_loss: 0.5723
Epoch 18/50
 - 1s - loss: 0.5710 - val_loss: 0.5698
Epoch 19/50
 - 2s - loss: 0.5682 - val_loss: 0.5660
Epoch 20/50
 - 1s - loss: 0.5649 - val_loss: 0.5638
Epoch 21/50
 - 1s - loss: 0.5620 - val_loss: 0.5603
Epoch 22/50
 - 1s - loss: 0.5592 - val_loss: 0.5586
Epoch 23/50
 - 1s - loss: 0.5564 - val_loss: 0.5555
Epoch 24/50
 - 1s - loss: 0.5541 - val_loss: 0.5522
Epoch 25/50
 - 2s - loss: 0.5515 - val_loss: 0.5514
Epoch 26/50
 - 1s - loss: 0.5492 - val_loss: 0.5487
Epoch 27/50
 - 1s - loss: 0.5469 - val_loss: 0.5463
Epoch 28/50
 - 2s - loss: 0.5444 - val_loss: 0.5455
Epoch 29/50
 - 1s - loss: 0.5427 - val_loss: 0.5427
Epoch 30/50
 - 2s - loss: 0.5405 - val_loss: 0.5405
Epoch 31/50
 - 1s - loss: 0.5385 - val_loss: 0.5380
Epoch 32/50
 - 1s - loss: 0.5367 - val_loss: 0.5356
Epoch 33/50
 - 1s - loss: 0.5346 - val_loss: 0.5350
Epoch 34/50
 - 2s - loss: 0.5326 - val_loss: 0.5328
Epoch 35/50
 - 2s - loss: 0.5308 - val_loss: 0.5297
Epoch 36/50
 - 1s - loss: 0.5290 - val_loss: 0.5301
Epoch 37/50
 - 1s - loss: 0.5275 - val_loss: 0.5284
Epoch 38/50
 - 2s - loss: 0.5259 - val_loss: 0.5253
Epoch 39/50
 - 1s - loss: 0.5241 - val_loss: 0.5230
Epoch 40/50
 - 1s - loss: 0.5225 - val_loss: 0.5225
Epoch 41/50
 - 2s - loss: 0.5213 - val_loss: 0.5207
Epoch 42/50
 - 2s - loss: 0.5194 - val_loss: 0.5188
Epoch 43/50
 - 1s - loss: 0.5177 - val_loss: 0.5175
Epoch 44/50
 - 1s - loss: 0.5167 - val_loss: 0.5162
Epoch 45/50
 - 1s - loss: 0.5154 - val_loss: 0.5143
Epoch 46/50
 - 2s - loss: 0.5137 - val_loss: 0.5130
Epoch 47/50
 - 1s - loss: 0.5123 - val_loss: 0.5128
Epoch 48/50
 - 1s - loss: 0.5112 - val_loss: 0.5110
Epoch 49/50
 - 2s - loss: 0.5100 - val_loss: 0.5096
Epoch 50/50
 - 2s - loss: 0.5088 - val_loss: 0.5092
[38;2;74;176;245m[1mProfile[0m ⏱  ···· Time elapsed in [1mFold 2/3[0m: ................................ [1m82.6s[0m
[38;2;74;176;245m[1mProfile[0m ⏱  ···· Starting [1mFold 3/3[0m
Train on 1333334 samples, validate on 666666 samples
Epoch 1/50
 - 2s - loss: 0.6805 - val_loss: 0.6660
Epoch 2/50
 - 1s - loss: 0.6567 - val_loss: 0.6500
Epoch 3/50
 - 2s - loss: 0.6406 - val_loss: 0.6343
Epoch 4/50
 - 1s - loss: 0.6288 - val_loss: 0.6257
Epoch 5/50
 - 1s - loss: 0.6192 - val_loss: 0.6178
Epoch 6/50
 - 1s - loss: 0.6109 - val_loss: 0.6103
Epoch 7/50
 - 2s - loss: 0.6040 - val_loss: 0.6037
Epoch 8/50
 - 2s - loss: 0.5975 - val_loss: 0.5973
Epoch 9/50
 - 1s - loss: 0.5923 - val_loss: 0.5925
Epoch 10/50
 - 1s - loss: 0.5870 - val_loss: 0.5875
Epoch 11/50
 - 2s - loss: 0.5817 - val_loss: 0.5830
Epoch 12/50
 - 2s - loss: 0.5774 - val_loss: 0.5783
Epoch 13/50
 - 1s - loss: 0.5734 - val_loss: 0.5750
Epoch 14/50
 - 1s - loss: 0.5693 - val_loss: 0.5716
Epoch 15/50
 - 2s - loss: 0.5658 - val_loss: 0.5687
Epoch 16/50
 - 1s - loss: 0.5622 - val_loss: 0.5645
Epoch 17/50
 - 1s - loss: 0.5588 - val_loss: 0.5607
Epoch 18/50
 - 2s - loss: 0.5558 - val_loss: 0.5575
Epoch 19/50
 - 2s - loss: 0.5529 - val_loss: 0.5541
Epoch 20/50
 - 1s - loss: 0.5498 - val_loss: 0.5527
Epoch 21/50
 - 2s - loss: 0.5471 - val_loss: 0.5485
Epoch 22/50
 - 2s - loss: 0.5445 - val_loss: 0.5465
Epoch 23/50
 - 1s - loss: 0.5420 - val_loss: 0.5436
Epoch 24/50
 - 2s - loss: 0.5395 - val_loss: 0.5414
Epoch 25/50
 - 1s - loss: 0.5373 - val_loss: 0.5396
Epoch 26/50
 - 1s - loss: 0.5354 - val_loss: 0.5376
Epoch 27/50
 - 1s - loss: 0.5331 - val_loss: 0.5361
Epoch 28/50
 - 1s - loss: 0.5309 - val_loss: 0.5334
Epoch 29/50
 - 1s - loss: 0.5289 - val_loss: 0.5312
Epoch 30/50
 - 1s - loss: 0.5268 - val_loss: 0.5296
Epoch 31/50
 - 1s - loss: 0.5250 - val_loss: 0.5273
Epoch 32/50
 - 1s - loss: 0.5229 - val_loss: 0.5271
Epoch 33/50
 - 1s - loss: 0.5214 - val_loss: 0.5230
Epoch 34/50
 - 2s - loss: 0.5198 - val_loss: 0.5229
Epoch 35/50
 - 1s - loss: 0.5183 - val_loss: 0.5204
Epoch 36/50
 - 1s - loss: 0.5163 - val_loss: 0.5183
Epoch 37/50
 - 1s - loss: 0.5149 - val_loss: 0.5169
Epoch 38/50
 - 1s - loss: 0.5135 - val_loss: 0.5158
Epoch 39/50
 - 1s - loss: 0.5119 - val_loss: 0.5001
Epoch 40/50
 - 1s - loss: 0.5103 - val_loss: 0.5121
Epoch 41/50
 - 1s - loss: 0.5090 - val_loss: 0.5120
Epoch 42/50
 - 1s - loss: 0.5076 - val_loss: 0.5106
Epoch 43/50
 - 1s - loss: 0.5065 - val_loss: 0.5087
Epoch 44/50
 - 1s - loss: 0.5055 - val_loss: 0.5077
Epoch 45/50
 - 1s - loss: 0.5039 - val_loss: 0.5062
Epoch 46/50
 - 1s - loss: 0.5028 - val_loss: 0.5052
Epoch 47/50
 - 1s - loss: 0.5014 - val_loss: 0.5032
Epoch 48/50
 - 1s - loss: 0.5001 - val_loss: 0.5038
Epoch 49/50
 - 1s - loss: 0.4995 - val_loss: 0.5016
Epoch 50/50
 - 1s - loss: 0.4985 - val_loss: 0.5005
Got result 0.544927412819
Completed successfully in 339.62 seconds. [{u'main': 0.5449274128186892}]
[38;2;74;176;245m[1mProfile[0m ⏱  ···· Time elapsed in [1mFold 3/3[0m: ................................ [1m75.9s[0m
[38;2;74;176;245m[1mProfile[0m ⏱  ·· Time elapsed in [1mClassifier-only fit, cross-validation[0m: .... [1m273.7s[0m
[38;2;74;176;245m[1mProfile[0m ⏱  Time elapsed in [1m@main[0m: ....................................... [1m321.3s[0m
cd: Going back to /exports/eddie3_homes_local/s1562020/work/adversarial/optimisation/experiments/classifier
