Job launching after 5.02 seconds in submission.
Running python job.
Changed into dir /exports/eddie3_homes_local/s1562020/work/adversarial/optimisation/experiments/classifier
Importing optimise.py
Running optimise.main()
INFO: Applying patch '/exports/eddie3_homes_local/s1562020/work/adversarial/optimisation/experiments/classifier/patches/patch.00000072.json'
INFO: Found 20 Intel(R) Xeon(R) CPU E5-2630 v4 @ 2.20GHz devices with 10 cores each.
Using TensorFlow backend.
INFO: Scaling classifier/lr -5 -> 1e-05
INFO: Scaling classifier/decay -6 -> 1e-06
INFO: Scaling classifier/units 9 -> 512
INFO: Writing TensorBoard logs to 'logs/tensorboard/classifier-patch.00000072/'
INFO: Running '/exports/eddie3_homes_local/s1562020/work/adversarial/run/adversarial/common.pyc'
INFO: Command-line arguments:
INFO: Configuration file contents:
INFO: Python version: 2.7.14
INFO: Numpy  version: 1.12.1
INFO: Keras  version: 2.1.5
INFO: Using keras backend: 'tensorflow'
INFO: Found  1000000 training and  1000249 test samples for signal
INFO: Found  1000000 training and 10000000 test samples for background
INFO: load_data: Selecting only training data.
INFO: Implementing gradient reversal layer in TensorFlow
INFO: Training cross-validation classifiers
Call to main function (#72)
  Parameters: {u'classifier/model/default/units': array([9]), u'classifier/compile/decay': array([-6]), u'classifier/model/default/dropout': array([ 0.45778468]), u'classifier/compile/lr': array([-5]), u'classifier/model/architecture': array([6]), u'classifier/model/default/activation': [u'relu']}
param: classifier/model/default/units
param: classifier/compile/decay
param: classifier/model/default/dropout
param: classifier/compile/lr
param: classifier/model/architecture
param: classifier/model/default/activation
- - - - - - - - - - - - - - - - - - - - - - - - - - - - - - - - - - - - - - - - 
Saving the following patch to '/exports/eddie3_homes_local/s1562020/work/adversarial/optimisation/experiments/classifier/patches/patch.00000072.json':
{u'classifier': {u'compile': {u'lr': -5, u'decay': -6}, u'model': {u'default': {u'units': 9, u'dropout': 0.45778468243215664, u'activation': u'relu'}, u'architecture': 6}, 'fit': {'epochs': 50, 'batch_size': 8192}}}
- - - - - - - - - - - - - - - - - - - - - - - - - - - - - - - - - - - - - - - - 
cd: Going to /exports/eddie3_homes_local/s1562020/work/adversarial/
[38;2;74;176;245m[1mProfile[0m ⏱  Starting [1m@main[0m
[38;2;74;176;245m[1mProfile[0m ⏱  ·· Starting [1mInitialisation[0m
[38;2;74;176;245m[1mProfile[0m ⏱  ···· Starting [1m@initialise[0m
[38;2;74;176;245m[1mProfile[0m ⏱  ···· Time elapsed in [1m@initialise[0m: .............................. [1m0.0s[0m
[38;2;74;176;245m[1mProfile[0m ⏱  ···· Starting [1m@initialise_backend[0m
[38;2;74;176;245m[1mProfile[0m ⏱  ······ Starting [1m@configure_tensorflow[0m
[38;2;74;176;245m[1mProfile[0m ⏱  ······ Time elapsed in [1m@configure_tensorflow[0m: ................. [1m18.2s[0m
[38;2;74;176;245m[1mProfile[0m ⏱  ···· Time elapsed in [1m@initialise_backend[0m: ..................... [1m19.5s[0m
{'config': './configs/default.json',
 'devices': 7,
 'folds': 3,
 'gpu': True,
 'input': './input/',
 'jobname': 'classifier-patch.00000072',
 'mode': 'gpu',
 'optimise_adversarial': False,
 'optimise_classifier': True,
 'output': './output/',
 'patches': ['/exports/eddie3_homes_local/s1562020/work/adversarial/optimisation/experiments/classifier/patches/patch.00000072.json'],
 'tensorboard': True,
 'theano': False,
 'train': False,
 'train_adversarial': False,
 'train_classifier': True,
 'verbose': False}
{u'adversary': {u'compile': {},
                u'fit': {},
                u'model': {u'architecture': [{}, {}, {}, {}],
                           u'default': {u'activation': u'relu',
                                        u'units': 64},
                           u'gmm_components': 5}},
 u'classifier': {u'compile': {u'loss': u'binary_crossentropy',
                              u'optimizer': <keras.optimizers.Adam object at 0x2b8882118310>},
                 u'fit': {u'batch_size': 57344,
                          u'epochs': 50,
                          u'shuffle': True,
                          'verbose': 2},
                 u'model': {u'architecture': [{}, {}, {}, {}, {}, {}],
                            u'default': {u'activation': u'relu',
                                         u'batchnorm': True,
                                         u'dropout': 0.45778468243215664,
                                         u'units': 512}}},
 u'combined': {u'compile': {u'loss': [u'binary_crossentropy', None],
                            u'loss_weights': [1.8181818181818182e-09, 1.0],
                            u'optimizer': <keras.optimizers.Adam object at 0x2b8882118350>},
               u'fit': {u'batch_size': 57344,
                        u'epochs': 500,
                        u'shuffle': True,
                        'verbose': 2},
               u'model': {u'lambda_reg': 10.0,
                          u'lr_ratio': 1.8181818181818182e-09},
               u'pretrain': 10}}
  TensorFlow version: 1.4.1
[38;2;74;176;245m[1mProfile[0m ⏱  ·· Time elapsed in [1mInitialisation[0m: ............................ [1m19.6s[0m
[38;2;74;176;245m[1mProfile[0m ⏱  ·· Starting [1m@load_data[0m
[38;2;74;176;245m[1mProfile[0m ⏱  ·· Time elapsed in [1m@load_data[0m: ................................ [1m38.3s[0m
[38;2;74;176;245m[1mProfile[0m ⏱  ·· Starting [1m@get_decorrelation_variables[0m
[38;2;74;176;245m[1mProfile[0m ⏱  ·· Time elapsed in [1m@get_decorrelation_variables[0m: ............... [1m0.1s[0m
[38;2;74;176;245m[1mProfile[0m ⏱  ·· Starting [1mClassifier-only fit, cross-validation[0m
[38;2;74;176;245m[1mProfile[0m ⏱  ···· Starting [1mFold 1/3[0m
Train on 1333332 samples, validate on 666668 samples
Epoch 1/50
 - 10s - loss: 0.8197 - val_loss: 0.6763
Epoch 2/50
 - 7s - loss: 0.7757 - val_loss: 0.6874
Epoch 3/50
 - 7s - loss: 0.7440 - val_loss: 0.6896
Epoch 4/50
 - 8s - loss: 0.7162 - val_loss: 0.6774
Epoch 5/50
 - 7s - loss: 0.6928 - val_loss: 0.6647
Epoch 6/50
 - 7s - loss: 0.6697 - val_loss: 0.6453
Epoch 7/50
 - 5s - loss: 0.6493 - val_loss: 0.6225
Epoch 8/50
 - 5s - loss: 0.6313 - val_loss: 0.5907
Epoch 9/50
 - 5s - loss: 0.6160 - val_loss: 0.5831
Epoch 10/50
 - 6s - loss: 0.6035 - val_loss: 0.5684
Epoch 11/50
 - 7s - loss: 0.5922 - val_loss: 0.5536
Epoch 12/50
 - 7s - loss: 0.5829 - val_loss: 0.5478
Epoch 13/50
 - 8s - loss: 0.5735 - val_loss: 0.5412
Epoch 14/50
 - 7s - loss: 0.5674 - val_loss: 0.5399
Epoch 15/50
 - 8s - loss: 0.5610 - val_loss: 0.5351
Epoch 16/50
 - 9s - loss: 0.5568 - val_loss: 0.5310
Epoch 17/50
 - 9s - loss: 0.5518 - val_loss: 0.5287
Epoch 18/50
 - 9s - loss: 0.5488 - val_loss: 0.5274
Epoch 19/50
 - 9s - loss: 0.5444 - val_loss: 0.5244
Epoch 20/50
 - 9s - loss: 0.5404 - val_loss: 0.5228
Epoch 21/50
 - 9s - loss: 0.5362 - val_loss: 0.5245
Epoch 22/50
 - 9s - loss: 0.5338 - val_loss: 0.5228
Epoch 23/50
 - 9s - loss: 0.5312 - val_loss: 0.5218
Epoch 24/50
 - 9s - loss: 0.5277 - val_loss: 0.5214
Epoch 25/50
 - 9s - loss: 0.5252 - val_loss: 0.5204
Epoch 26/50
 - 10s - loss: 0.5222 - val_loss: 0.5178
Epoch 27/50
 - 9s - loss: 0.5209 - val_loss: 0.5192
Epoch 28/50
 - 11s - loss: 0.5188 - val_loss: 0.5184
Epoch 29/50
 - 11s - loss: 0.5162 - val_loss: 0.5166
Epoch 30/50
 - 11s - loss: 0.5137 - val_loss: 0.5175
Epoch 31/50
 - 11s - loss: 0.5128 - val_loss: 0.5116
Epoch 32/50
 - 11s - loss: 0.5098 - val_loss: 0.5127
Epoch 33/50
 - 11s - loss: 0.5077 - val_loss: 0.5127
Epoch 34/50
 - 11s - loss: 0.5066 - val_loss: 0.5123
Epoch 35/50
 - 11s - loss: 0.5054 - val_loss: 0.5134
Epoch 36/50
 - 11s - loss: 0.5036 - val_loss: 0.5105
Epoch 37/50
 - 11s - loss: 0.5017 - val_loss: 0.5161
Epoch 38/50
 - 13s - loss: 0.4998 - val_loss: 0.5153
Epoch 39/50
 - 13s - loss: 0.4985 - val_loss: 0.5123
Epoch 40/50
 - 13s - loss: 0.4971 - val_loss: 0.5159
Epoch 41/50
 - 13s - loss: 0.4959 - val_loss: 0.5114
Epoch 42/50
 - 13s - loss: 0.4950 - val_loss: 0.5096
Epoch 43/50
 - 13s - loss: 0.4933 - val_loss: 0.5128
Epoch 44/50
 - 13s - loss: 0.4915 - val_loss: 0.5123
Epoch 45/50
 - 13s - loss: 0.4906 - val_loss: 0.5031
Epoch 46/50
 - 13s - loss: 0.4892 - val_loss: 0.5103
Epoch 47/50
 - 13s - loss: 0.4884 - val_loss: 0.5130
Epoch 48/50
 - 13s - loss: 0.4864 - val_loss: 0.5126
Epoch 49/50
 - 13s - loss: 0.4862 - val_loss: 0.5134
Epoch 50/50
 - 13s - loss: 0.4846 - val_loss: 0.5112
[38;2;74;176;245m[1mProfile[0m ⏱  ···· Time elapsed in [1mFold 1/3[0m: ............................... [1m536.6s[0m
[38;2;74;176;245m[1mProfile[0m ⏱  ···· Starting [1mFold 2/3[0m
Train on 1333334 samples, validate on 666666 samples
Epoch 1/50
 - 16s - loss: 0.8414 - val_loss: 0.7831
Epoch 2/50
 - 12s - loss: 0.6911 - val_loss: 0.5812
Epoch 3/50
 - 13s - loss: 0.6212 - val_loss: 0.5390
Epoch 4/50
 - 13s - loss: 0.5873 - val_loss: 0.5159
Epoch 5/50
 - 12s - loss: 0.5686 - val_loss: 0.5087
Epoch 6/50
 - 12s - loss: 0.5564 - val_loss: 0.5066
Epoch 7/50
 - 11s - loss: 0.5478 - val_loss: 0.5023
Epoch 8/50
 - 11s - loss: 0.5402 - val_loss: 0.4992
Epoch 9/50
 - 13s - loss: 0.5361 - val_loss: 0.5014
Epoch 10/50
 - 11s - loss: 0.5314 - val_loss: 0.4956
Epoch 11/50
 - 11s - loss: 0.5270 - val_loss: 0.4960
Epoch 12/50
 - 11s - loss: 0.5221 - val_loss: 0.4962
Epoch 13/50
 - 10s - loss: 0.5181 - val_loss: 0.4965
Epoch 14/50
 - 12s - loss: 0.5148 - val_loss: 0.4967
Epoch 15/50
 - 13s - loss: 0.5130 - val_loss: 0.4970
Epoch 16/50
 - 13s - loss: 0.5100 - val_loss: 0.4935
Epoch 17/50
 - 12s - loss: 0.5078 - val_loss: 0.4946
Epoch 18/50
 - 13s - loss: 0.5042 - val_loss: 0.4961
Epoch 19/50
 - 13s - loss: 0.5024 - val_loss: 0.4939
Epoch 20/50
 - 12s - loss: 0.5003 - val_loss: 0.4969
Epoch 21/50
 - 13s - loss: 0.4986 - val_loss: 0.4965
Epoch 22/50
 - 13s - loss: 0.4968 - val_loss: 0.4961
Epoch 23/50
 - 13s - loss: 0.4941 - val_loss: 0.4956
Epoch 24/50
 - 12s - loss: 0.4918 - val_loss: 0.4964
Epoch 25/50
 - 11s - loss: 0.4912 - val_loss: 0.4931
Epoch 26/50
 - 11s - loss: 0.4893 - val_loss: 0.4952
Epoch 27/50
 - 11s - loss: 0.4888 - val_loss: 0.4964
Epoch 28/50
 - 13s - loss: 0.4867 - val_loss: 0.4960
Epoch 29/50
 - 13s - loss: 0.4852 - val_loss: 0.4937
Epoch 30/50
 - 13s - loss: 0.4843 - val_loss: 0.4911
Epoch 31/50
 - 13s - loss: 0.4826 - val_loss: 0.4969
Epoch 32/50
 - 13s - loss: 0.4811 - val_loss: 0.4917
Epoch 33/50
 - 13s - loss: 0.4793 - val_loss: 0.4952
Epoch 34/50
 - 12s - loss: 0.4784 - val_loss: 0.4890
Epoch 35/50
 - 11s - loss: 0.4768 - val_loss: 0.4935
Epoch 36/50
 - 11s - loss: 0.4754 - val_loss: 0.4927
Epoch 37/50
 - 11s - loss: 0.4745 - val_loss: 0.4933
Epoch 38/50
 - 12s - loss: 0.4731 - val_loss: 0.4930
Epoch 39/50
 - 12s - loss: 0.4719 - val_loss: 0.4906
Epoch 40/50
 - 13s - loss: 0.4706 - val_loss: 0.4918
Epoch 41/50
 - 13s - loss: 0.4704 - val_loss: 0.4903
Epoch 42/50
 - 12s - loss: 0.4691 - val_loss: 0.4894
Epoch 43/50
 - 13s - loss: 0.4676 - val_loss: 0.4890
Epoch 44/50
 - 13s - loss: 0.4661 - val_loss: 0.4915
Epoch 45/50
 - 13s - loss: 0.4657 - val_loss: 0.4923
Epoch 46/50
 - 13s - loss: 0.4654 - val_loss: 0.4899
Epoch 47/50
 - 13s - loss: 0.4633 - val_loss: 0.4884
Epoch 48/50
 - 13s - loss: 0.4627 - val_loss: 0.4874
Epoch 49/50
 - 13s - loss: 0.4624 - val_loss: 0.4883
Epoch 50/50
 - 12s - loss: 0.4611 - val_loss: 0.4880
[38;2;74;176;245m[1mProfile[0m ⏱  ···· Time elapsed in [1mFold 2/3[0m: ............................... [1m653.8s[0m
[38;2;74;176;245m[1mProfile[0m ⏱  ···· Starting [1mFold 3/3[0m
Train on 1333334 samples, validate on 666666 samples
Epoch 1/50
 - 15s - loss: 0.7582 - val_loss: 0.7326
Epoch 2/50
 - 13s - loss: 0.6292 - val_loss: 0.6617
Epoch 3/50
 - 13s - loss: 0.5825 - val_loss: 0.6176
Epoch 4/50
 - 12s - loss: 0.5578 - val_loss: 0.6103
Epoch 5/50
 - 11s - loss: 0.5438 - val_loss: 0.5886
Epoch 6/50
 - 11s - loss: 0.5344 - val_loss: 0.5866
Epoch 7/50
 - 10s - loss: 0.5261 - val_loss: 0.5849
Epoch 8/50
 - 11s - loss: 0.5207 - val_loss: 0.5751
Epoch 9/50
 - 13s - loss: 0.5155 - val_loss: 0.5792
Epoch 10/50
 - 11s - loss: 0.5119 - val_loss: 0.5764
Epoch 11/50
 - 11s - loss: 0.5069 - val_loss: 0.5651
Epoch 12/50
 - 11s - loss: 0.5045 - val_loss: 0.5658
Epoch 13/50
 - 11s - loss: 0.5012 - val_loss: 0.5609
Epoch 14/50
 - 12s - loss: 0.4986 - val_loss: 0.5592
Epoch 15/50
 - 13s - loss: 0.4959 - val_loss: 0.5350
Epoch 16/50
 - 13s - loss: 0.4930 - val_loss: 0.5518
Epoch 17/50
 - 12s - loss: 0.4909 - val_loss: 0.5494
Epoch 18/50
 - 13s - loss: 0.4880 - val_loss: 0.5455
Epoch 19/50
 - 13s - loss: 0.4865 - val_loss: 0.5435
Epoch 20/50
 - 13s - loss: 0.4848 - val_loss: 0.5421
Epoch 21/50
 - 14s - loss: 0.4824 - val_loss: 0.5404
Epoch 22/50
 - 12s - loss: 0.4815 - val_loss: 0.5416
Epoch 23/50
 - 11s - loss: 0.4794 - val_loss: 0.5371
Epoch 24/50
 - 11s - loss: 0.4785 - val_loss: 0.5311
Epoch 25/50
 - 11s - loss: 0.4764 - val_loss: 0.5333
Epoch 26/50
 - 12s - loss: 0.4753 - val_loss: 0.5297
Epoch 27/50
 - 13s - loss: 0.4738 - val_loss: 0.5221
Epoch 28/50
 - 13s - loss: 0.4709 - val_loss: 0.5328
Epoch 29/50
 - 13s - loss: 0.4706 - val_loss: 0.5261
Epoch 30/50
 - 13s - loss: 0.4695 - val_loss: 0.5236
Epoch 31/50
 - 13s - loss: 0.4677 - val_loss: 0.5246
Epoch 32/50
 - 13s - loss: 0.4673 - val_loss: 0.5246
Epoch 33/50
 - 13s - loss: 0.4659 - val_loss: 0.5200
Epoch 34/50
 - 13s - loss: 0.4641 - val_loss: 0.5210
Epoch 35/50
 - 11s - loss: 0.4629 - val_loss: 0.5143
Epoch 36/50
 - 11s - loss: 0.4629 - val_loss: 0.5148
Epoch 37/50
 - 11s - loss: 0.4605 - val_loss: 0.5135
Epoch 38/50
 - 11s - loss: 0.4596 - val_loss: 0.5153
Epoch 39/50
 - 13s - loss: 0.4589 - val_loss: 0.5148
Epoch 40/50
 - 13s - loss: 0.4576 - val_loss: 0.5130
Epoch 41/50
 - 13s - loss: 0.4569 - val_loss: 0.5118
Epoch 42/50
 - 13s - loss: 0.4555 - val_loss: 0.5091
Epoch 43/50
 - 13s - loss: 0.4552 - val_loss: 0.5116
Epoch 44/50
 - 13s - loss: 0.4532 - val_loss: 0.5089
Epoch 45/50
 - 13s - loss: 0.4527 - val_loss: 0.5111
Epoch 46/50
 - 13s - loss: 0.4524 - val_loss: 0.5068
Epoch 47/50
 - 13s - loss: 0.4505 - val_loss: 0.5084
Epoch 48/50
 - 13s - loss: 0.4496 - val_loss: 0.5039
Epoch 49/50
 - 13s - loss: 0.4488 - val_loss: 0.5066
Epoch 50/50
 - 13s - loss: 0.4478 - val_loss: 0.5051
Got result 0.511235024213
Completed successfully in 1931.90 seconds. [{u'main': 0.5112350242128247}]
[38;2;74;176;245m[1mProfile[0m ⏱  ···· Time elapsed in [1mFold 3/3[0m: ............................... [1m657.0s[0m
[38;2;74;176;245m[1mProfile[0m ⏱  ·· Time elapsed in [1mClassifier-only fit, cross-validation[0m: ... [1m1848.1s[0m
[38;2;74;176;245m[1mProfile[0m ⏱  Time elapsed in [1m@main[0m: ...................................... [1m1907.1s[0m
cd: Going back to /exports/eddie3_homes_local/s1562020/work/adversarial/optimisation/experiments/classifier
