Job launching after 5.40 seconds in submission.
Running python job.
Changed into dir /exports/eddie3_homes_local/s1562020/work/adversarial/optimisation/experiments/classifier
Importing optimise.py
Running optimise.main()
INFO: Applying patch '/exports/eddie3_homes_local/s1562020/work/adversarial/optimisation/experiments/classifier/patches/patch.00000020.json'
INFO: Found 20 Intel(R) Xeon(R) CPU E5-2630 v4 @ 2.20GHz devices with 10 cores each.
Using TensorFlow backend.
INFO: Scaling classifier/lr -1 -> 0.1
INFO: Scaling classifier/decay -2 -> 0.01
INFO: Scaling classifier/units 2 -> 4
INFO: Writing TensorBoard logs to 'logs/tensorboard/classifier-patch.00000020/'
INFO: Running '/exports/eddie3_homes_local/s1562020/work/adversarial/run/adversarial/common.pyc'
INFO: Command-line arguments:
INFO: Configuration file contents:
INFO: Python version: 2.7.14
INFO: Numpy  version: 1.12.1
INFO: Keras  version: 2.1.5
INFO: Using keras backend: 'tensorflow'
INFO: Found  1000000 training and  1000249 test samples for signal
INFO: Found  1000000 training and 10000000 test samples for background
INFO: load_data: Selecting only training data.
INFO: Implementing gradient reversal layer in TensorFlow
INFO: Training cross-validation classifiers
Call to main function (#20)
  Parameters: {u'classifier/model/default/units': array([2]), u'classifier/compile/decay': array([-2]), u'classifier/model/default/dropout': array([ 0.]), u'classifier/compile/lr': array([-1]), u'classifier/model/architecture': array([1]), u'classifier/model/default/activation': [u'tanh']}
param: classifier/model/default/units
param: classifier/compile/decay
param: classifier/model/default/dropout
param: classifier/compile/lr
param: classifier/model/architecture
param: classifier/model/default/activation
- - - - - - - - - - - - - - - - - - - - - - - - - - - - - - - - - - - - - - - - 
Saving the following patch to '/exports/eddie3_homes_local/s1562020/work/adversarial/optimisation/experiments/classifier/patches/patch.00000020.json':
{u'classifier': {u'compile': {u'lr': -1, u'decay': -2}, u'model': {u'default': {u'units': 2, u'dropout': 0.0, u'activation': u'tanh'}, u'architecture': 1}, 'fit': {'epochs': 50, 'batch_size': 8192}}}
- - - - - - - - - - - - - - - - - - - - - - - - - - - - - - - - - - - - - - - - 
cd: Going to /exports/eddie3_homes_local/s1562020/work/adversarial/
[38;2;74;176;245m[1mProfile[0m ⏱  Starting [1m@main[0m
[38;2;74;176;245m[1mProfile[0m ⏱  ·· Starting [1mInitialisation[0m
[38;2;74;176;245m[1mProfile[0m ⏱  ···· Starting [1m@initialise[0m
[38;2;74;176;245m[1mProfile[0m ⏱  ···· Time elapsed in [1m@initialise[0m: .............................. [1m0.0s[0m
[38;2;74;176;245m[1mProfile[0m ⏱  ···· Starting [1m@initialise_backend[0m
[38;2;74;176;245m[1mProfile[0m ⏱  ······ Starting [1m@configure_tensorflow[0m
[38;2;74;176;245m[1mProfile[0m ⏱  ······ Time elapsed in [1m@configure_tensorflow[0m: ................. [1m17.5s[0m
[38;2;74;176;245m[1mProfile[0m ⏱  ···· Time elapsed in [1m@initialise_backend[0m: ..................... [1m18.6s[0m
{'config': './configs/default.json',
 'devices': 7,
 'folds': 3,
 'gpu': True,
 'input': './input/',
 'jobname': 'classifier-patch.00000020',
 'mode': 'gpu',
 'optimise_adversarial': False,
 'optimise_classifier': True,
 'output': './output/',
 'patches': ['/exports/eddie3_homes_local/s1562020/work/adversarial/optimisation/experiments/classifier/patches/patch.00000020.json'],
 'tensorboard': True,
 'theano': False,
 'train': False,
 'train_adversarial': False,
 'train_classifier': True,
 'verbose': False}
{u'adversary': {u'compile': {},
                u'fit': {},
                u'model': {u'architecture': [{}, {}, {}, {}],
                           u'default': {u'activation': u'relu',
                                        u'units': 64},
                           u'gmm_components': 5}},
 u'classifier': {u'compile': {u'loss': u'binary_crossentropy',
                              u'optimizer': <keras.optimizers.Adam object at 0x2b9cc7c06310>},
                 u'fit': {u'batch_size': 57344,
                          u'epochs': 50,
                          u'shuffle': True,
                          'verbose': 2},
                 u'model': {u'architecture': [{}],
                            u'default': {u'activation': u'tanh',
                                         u'batchnorm': True,
                                         u'dropout': 0.0,
                                         u'units': 4}}},
 u'combined': {u'compile': {u'loss': [u'binary_crossentropy', None],
                            u'loss_weights': [9.090909090909091e-10, 1.0],
                            u'optimizer': <keras.optimizers.Adam object at 0x2b9cc7c06350>},
               u'fit': {u'batch_size': 57344,
                        u'epochs': 200,
                        u'shuffle': True,
                        'verbose': 2},
               u'model': {u'lambda_reg': 10.0,
                          u'lr_ratio': 9.090909090909091e-10},
               u'pretrain': 10}}
  TensorFlow version: 1.4.1
[38;2;74;176;245m[1mProfile[0m ⏱  ·· Time elapsed in [1mInitialisation[0m: ............................ [1m18.7s[0m
[38;2;74;176;245m[1mProfile[0m ⏱  ·· Starting [1m@load_data[0m
[38;2;74;176;245m[1mProfile[0m ⏱  ·· Time elapsed in [1m@load_data[0m: ................................ [1m34.4s[0m
[38;2;74;176;245m[1mProfile[0m ⏱  ·· Starting [1m@get_decorrelation_variables[0m
[38;2;74;176;245m[1mProfile[0m ⏱  ·· Time elapsed in [1m@get_decorrelation_variables[0m: ............... [1m0.0s[0m
[38;2;74;176;245m[1mProfile[0m ⏱  ·· Starting [1mClassifier-only fit, cross-validation[0m
[38;2;74;176;245m[1mProfile[0m ⏱  ···· Starting [1mFold 1/3[0m
Train on 1333332 samples, validate on 666668 samples
Epoch 1/50
 - 2s - loss: 0.5147 - val_loss: 0.4713
Epoch 2/50
 - 1s - loss: 0.4625 - val_loss: 0.4655
Epoch 3/50
 - 1s - loss: 0.4552 - val_loss: 0.4502
Epoch 4/50
 - 1s - loss: 0.4502 - val_loss: 0.4534
Epoch 5/50
 - 1s - loss: 0.4475 - val_loss: 0.4504
Epoch 6/50
 - 1s - loss: 0.4416 - val_loss: 0.4412
Epoch 7/50
 - 1s - loss: 0.4298 - val_loss: 0.4118
Epoch 8/50
 - 1s - loss: 0.3941 - val_loss: 0.3889
Epoch 9/50
 - 1s - loss: 0.3889 - val_loss: 0.3878
Epoch 10/50
 - 1s - loss: 0.3868 - val_loss: 0.3872
Epoch 11/50
 - 1s - loss: 0.3861 - val_loss: 7.9742
Epoch 12/50
 - 1s - loss: 0.3850 - val_loss: 0.3912
Epoch 13/50
 - 1s - loss: 0.3853 - val_loss: 0.3878
Epoch 14/50
 - 1s - loss: 0.3847 - val_loss: 0.3888
Epoch 15/50
 - 1s - loss: 0.3849 - val_loss: 0.3875
Epoch 16/50
 - 2s - loss: 0.3848 - val_loss: 0.3870
Epoch 17/50
 - 2s - loss: 0.3841 - val_loss: 0.3853
Epoch 18/50
 - 2s - loss: 0.3843 - val_loss: 0.3847
Epoch 19/50
 - 2s - loss: 0.3842 - val_loss: 0.3851
Epoch 20/50
 - 1s - loss: 0.3841 - val_loss: 0.3850
Epoch 21/50
 - 1s - loss: 0.3852 - val_loss: 0.3868
Epoch 22/50
 - 1s - loss: 0.3838 - val_loss: 0.3850
Epoch 23/50
 - 1s - loss: 0.3841 - val_loss: 0.3847
Epoch 24/50
 - 1s - loss: 0.3840 - val_loss: 0.3840
Epoch 25/50
 - 1s - loss: 0.3836 - val_loss: 0.3859
Epoch 26/50
 - 1s - loss: 0.3841 - val_loss: 0.3833
Epoch 27/50
 - 1s - loss: 0.3838 - val_loss: 0.3857
Epoch 28/50
 - 1s - loss: 0.3836 - val_loss: 0.3846
Epoch 29/50
 - 1s - loss: 0.3836 - val_loss: 0.3865
Epoch 30/50
 - 1s - loss: 0.3835 - val_loss: 0.3848
Epoch 31/50
 - 1s - loss: 0.3837 - val_loss: 0.3859
Epoch 32/50
 - 1s - loss: 0.3837 - val_loss: 0.3864
Epoch 33/50
 - 1s - loss: 0.3836 - val_loss: 0.3862
Epoch 34/50
 - 1s - loss: 0.3835 - val_loss: 0.3844
Epoch 35/50
 - 1s - loss: 0.3835 - val_loss: 0.3848
Epoch 36/50
 - 1s - loss: 0.3834 - val_loss: 0.3845
Epoch 37/50
 - 1s - loss: 0.3836 - val_loss: 0.3848
Epoch 38/50
 - 1s - loss: 0.3833 - val_loss: 0.3852
Epoch 39/50
 - 1s - loss: 0.3836 - val_loss: 0.3841
Epoch 40/50
 - 1s - loss: 0.3836 - val_loss: 0.3829
Epoch 41/50
 - 1s - loss: 0.3837 - val_loss: 0.3848
Epoch 42/50
 - 1s - loss: 0.3836 - val_loss: 0.3839
Epoch 43/50
 - 1s - loss: 0.3833 - val_loss: 0.3841
Epoch 44/50
 - 1s - loss: 0.3833 - val_loss: 0.3869
Epoch 45/50
 - 1s - loss: 0.3838 - val_loss: 0.3849
Epoch 46/50
 - 1s - loss: 0.3835 - val_loss: 0.3854
Epoch 47/50
 - 1s - loss: 0.3835 - val_loss: 0.3876
Epoch 48/50
 - 1s - loss: 0.3832 - val_loss: 0.3854
Epoch 49/50
 - 1s - loss: 0.3835 - val_loss: 0.3835
Epoch 50/50
 - 1s - loss: 0.3834 - val_loss: 0.3848
[38;2;74;176;245m[1mProfile[0m ⏱  ···· Time elapsed in [1mFold 1/3[0m: ................................ [1m90.9s[0m
[38;2;74;176;245m[1mProfile[0m ⏱  ···· Starting [1mFold 2/3[0m
Train on 1333334 samples, validate on 666666 samples
Epoch 1/50
 - 1s - loss: 0.5244 - val_loss: 0.4612
Epoch 2/50
 - 1s - loss: 0.4505 - val_loss: 0.4409
Epoch 3/50
 - 1s - loss: 0.4376 - val_loss: 0.4318
Epoch 4/50
 - 1s - loss: 0.4304 - val_loss: 0.4317
Epoch 5/50
 - 1s - loss: 0.4245 - val_loss: 0.4202
Epoch 6/50
 - 1s - loss: 0.4161 - val_loss: 0.4102
Epoch 7/50
 - 1s - loss: 0.4035 - val_loss: 0.3990
Epoch 8/50
 - 1s - loss: 0.3962 - val_loss: 0.3964
Epoch 9/50
 - 1s - loss: 0.3926 - val_loss: 0.3941
Epoch 10/50
 - 1s - loss: 0.3907 - val_loss: 0.4223
Epoch 11/50
 - 1s - loss: 0.3896 - val_loss: 0.3915
Epoch 12/50
 - 1s - loss: 0.3892 - val_loss: 0.3882
Epoch 13/50
 - 1s - loss: 0.3882 - val_loss: 0.3877
Epoch 14/50
 - 1s - loss: 0.3884 - val_loss: 0.3896
Epoch 15/50
 - 1s - loss: 0.3874 - val_loss: 0.3865
Epoch 16/50
 - 1s - loss: 0.3870 - val_loss: 0.3917
Epoch 17/50
 - 1s - loss: 0.3873 - val_loss: 0.3868
Epoch 18/50
 - 1s - loss: 0.3867 - val_loss: 0.3879
Epoch 19/50
 - 1s - loss: 0.3867 - val_loss: 0.3847
Epoch 20/50
 - 1s - loss: 0.3864 - val_loss: 0.3872
Epoch 21/50
 - 1s - loss: 0.3861 - val_loss: 0.3855
Epoch 22/50
 - 1s - loss: 0.3860 - val_loss: 0.3879
Epoch 23/50
 - 1s - loss: 0.3858 - val_loss: 0.3865
Epoch 24/50
 - 1s - loss: 0.3858 - val_loss: 0.3855
Epoch 25/50
 - 1s - loss: 0.3857 - val_loss: 0.3847
Epoch 26/50
 - 1s - loss: 0.3858 - val_loss: 0.3856
Epoch 27/50
 - 1s - loss: 0.3856 - val_loss: 0.3889
Epoch 28/50
 - 1s - loss: 0.3855 - val_loss: 0.3881
Epoch 29/50
 - 1s - loss: 0.3856 - val_loss: 0.3864
Epoch 30/50
 - 1s - loss: 0.3855 - val_loss: 0.3867
Epoch 31/50
 - 1s - loss: 0.3855 - val_loss: 0.3915
Epoch 32/50
 - 1s - loss: 0.3855 - val_loss: 0.3858
Epoch 33/50
 - 1s - loss: 0.3853 - val_loss: 0.3867
Epoch 34/50
 - 1s - loss: 0.3852 - val_loss: 0.3850
Epoch 35/50
 - 1s - loss: 0.3852 - val_loss: 0.3855
Epoch 36/50
 - 1s - loss: 0.3852 - val_loss: 0.3868
Epoch 37/50
 - 1s - loss: 0.3849 - val_loss: 0.3878
Epoch 38/50
 - 1s - loss: 0.3851 - val_loss: 0.3882
Epoch 39/50
 - 1s - loss: 0.3851 - val_loss: 0.3865
Epoch 40/50
 - 1s - loss: 0.3849 - val_loss: 0.3854
Epoch 41/50
 - 1s - loss: 0.3847 - val_loss: 0.3846
Epoch 42/50
 - 2s - loss: 0.3849 - val_loss: 0.3837
Epoch 43/50
 - 2s - loss: 0.3847 - val_loss: 0.3857
Epoch 44/50
 - 1s - loss: 0.3847 - val_loss: 0.3865
Epoch 45/50
 - 1s - loss: 0.3850 - val_loss: 0.3860
Epoch 46/50
 - 1s - loss: 0.3849 - val_loss: 0.3845
Epoch 47/50
 - 1s - loss: 0.3845 - val_loss: 0.3860
Epoch 48/50
 - 1s - loss: 0.3846 - val_loss: 0.3868
Epoch 49/50
 - 1s - loss: 0.3847 - val_loss: 0.3854
Epoch 50/50
 - 1s - loss: 0.3845 - val_loss: 0.3864
[38;2;74;176;245m[1mProfile[0m ⏱  ···· Time elapsed in [1mFold 2/3[0m: ................................ [1m63.7s[0m
[38;2;74;176;245m[1mProfile[0m ⏱  ···· Starting [1mFold 3/3[0m
Train on 1333334 samples, validate on 666666 samples
Epoch 1/50
 - 2s - loss: 0.6010 - val_loss: 0.4954
Epoch 2/50
 - 1s - loss: 0.4730 - val_loss: 0.4652
Epoch 3/50
 - 1s - loss: 0.4546 - val_loss: 0.4530
Epoch 4/50
 - 1s - loss: 0.4455 - val_loss: 0.4432
Epoch 5/50
 - 1s - loss: 0.4391 - val_loss: 0.4367
Epoch 6/50
 - 1s - loss: 0.4331 - val_loss: 0.4357
Epoch 7/50
 - 1s - loss: 0.4275 - val_loss: 0.4245
Epoch 8/50
 - 1s - loss: 0.4205 - val_loss: 0.4168
Epoch 9/50
 - 1s - loss: 0.4122 - val_loss: 0.4106
Epoch 10/50
 - 2s - loss: 0.4043 - val_loss: 0.4037
Epoch 11/50
 - 2s - loss: 0.3998 - val_loss: 0.4001
Epoch 12/50
 - 2s - loss: 0.3966 - val_loss: 0.3973
Epoch 13/50
 - 1s - loss: 0.3950 - val_loss: 0.3980
Epoch 14/50
 - 1s - loss: 0.3941 - val_loss: 0.3955
Epoch 15/50
 - 1s - loss: 0.3933 - val_loss: 0.3966
Epoch 16/50
 - 1s - loss: 0.3928 - val_loss: 0.4005
Epoch 17/50
 - 1s - loss: 0.3923 - val_loss: 0.3943
Epoch 18/50
 - 2s - loss: 0.3922 - val_loss: 0.3940
Epoch 19/50
 - 1s - loss: 0.3919 - val_loss: 0.3942
Epoch 20/50
 - 1s - loss: 0.3917 - val_loss: 0.3921
Epoch 21/50
 - 1s - loss: 0.3915 - val_loss: 0.3946
Epoch 22/50
 - 1s - loss: 0.3911 - val_loss: 0.3945
Epoch 23/50
 - 1s - loss: 0.3915 - val_loss: 0.3933
Epoch 24/50
 - 1s - loss: 0.3909 - val_loss: 0.3919
Epoch 25/50
 - 1s - loss: 0.3909 - val_loss: 0.3937
Epoch 26/50
 - 1s - loss: 0.3907 - val_loss: 0.3929
Epoch 27/50
 - 1s - loss: 0.3908 - val_loss: 0.3918
Epoch 28/50
 - 1s - loss: 0.3908 - val_loss: 0.3930
Epoch 29/50
 - 1s - loss: 0.3907 - val_loss: 0.3936
Epoch 30/50
 - 1s - loss: 0.3906 - val_loss: 0.3924
Epoch 31/50
 - 1s - loss: 0.3903 - val_loss: 0.3933
Epoch 32/50
 - 2s - loss: 0.3903 - val_loss: 0.3926
Epoch 33/50
 - 1s - loss: 0.3903 - val_loss: 0.3932
Epoch 34/50
 - 1s - loss: 0.3902 - val_loss: 0.3920
Epoch 35/50
 - 2s - loss: 0.3904 - val_loss: 0.3925
Epoch 36/50
 - 2s - loss: 0.3899 - val_loss: 0.3953
Epoch 37/50
 - 1s - loss: 0.3901 - val_loss: 0.3914
Epoch 38/50
 - 1s - loss: 0.3899 - val_loss: 0.3907
Epoch 39/50
 - 1s - loss: 0.3897 - val_loss: 0.3920
Epoch 40/50
 - 2s - loss: 0.3898 - val_loss: 0.3920
Epoch 41/50
 - 1s - loss: 0.3896 - val_loss: 0.3927
Epoch 42/50
 - 1s - loss: 0.3895 - val_loss: 0.3920
Epoch 43/50
 - 1s - loss: 0.3896 - val_loss: 0.3913
Epoch 44/50
 - 1s - loss: 0.3894 - val_loss: 0.3908
Epoch 45/50
 - 1s - loss: 0.3896 - val_loss: 0.3914
Epoch 46/50
 - 1s - loss: 0.3894 - val_loss: 0.3915
Epoch 47/50
 - 1s - loss: 0.3891 - val_loss: 0.3915
Epoch 48/50
 - 1s - loss: 0.3894 - val_loss: 0.3926
Epoch 49/50
 - 1s - loss: 0.3896 - val_loss: 0.3882
Epoch 50/50
 - 1s - loss: 0.3893 - val_loss: 0.3917
Got result 0.390564287253
Completed successfully in 311.31 seconds. [{u'main': 0.3905642872533323}]
[38;2;74;176;245m[1mProfile[0m ⏱  ···· Time elapsed in [1mFold 3/3[0m: ................................ [1m76.1s[0m
[38;2;74;176;245m[1mProfile[0m ⏱  ·· Time elapsed in [1mClassifier-only fit, cross-validation[0m: .... [1m231.3s[0m
[38;2;74;176;245m[1mProfile[0m ⏱  Time elapsed in [1m@main[0m: ....................................... [1m284.8s[0m
cd: Going back to /exports/eddie3_homes_local/s1562020/work/adversarial/optimisation/experiments/classifier
