Job launching after 4.51 seconds in submission.
Running python job.
Changed into dir /exports/eddie3_homes_local/s1562020/work/adversarial/optimisation/experiments/classifier
Importing optimise.py
Running optimise.main()
INFO: Applying patch '/exports/eddie3_homes_local/s1562020/work/adversarial/optimisation/experiments/classifier/patches/patch.00000101.json'
INFO: Found 20 Intel(R) Xeon(R) CPU E5-2630 v4 @ 2.20GHz devices with 10 cores each.
Using TensorFlow backend.
INFO: Scaling classifier/lr -1 -> 0.1
INFO: Scaling classifier/decay -2 -> 0.01
INFO: Scaling classifier/units 1 -> 2
INFO: Writing TensorBoard logs to 'logs/tensorboard/classifier-patch.00000101/'
INFO: Running '/exports/eddie3_homes_local/s1562020/work/adversarial/run/adversarial/common.pyc'
INFO: Command-line arguments:
INFO: Configuration file contents:
INFO: Python version: 2.7.14
INFO: Numpy  version: 1.12.1
INFO: Keras  version: 2.1.5
INFO: Using keras backend: 'tensorflow'
INFO: Found  1000000 training and  1000249 test samples for signal
INFO: Found  1000000 training and 10000000 test samples for background
INFO: load_data: Selecting only training data.
INFO: Implementing gradient reversal layer in TensorFlow
INFO: Training cross-validation classifiers
Call to main function (#101)
  Parameters: {u'classifier/model/default/units': array([1]), u'classifier/compile/decay': array([-2]), u'classifier/model/default/dropout': array([ 0.49833755]), u'classifier/compile/lr': array([-1]), u'classifier/model/architecture': array([1]), u'classifier/model/default/activation': [u'relu']}
param: classifier/model/default/units
param: classifier/compile/decay
param: classifier/model/default/dropout
param: classifier/compile/lr
param: classifier/model/architecture
param: classifier/model/default/activation
- - - - - - - - - - - - - - - - - - - - - - - - - - - - - - - - - - - - - - - - 
Saving the following patch to '/exports/eddie3_homes_local/s1562020/work/adversarial/optimisation/experiments/classifier/patches/patch.00000101.json':
{u'classifier': {u'compile': {u'lr': -1, u'decay': -2}, u'model': {u'default': {u'units': 1, u'dropout': 0.49833755246286204, u'activation': u'relu'}, u'architecture': 1}, 'fit': {'epochs': 50, 'batch_size': 8192}}}
- - - - - - - - - - - - - - - - - - - - - - - - - - - - - - - - - - - - - - - - 
cd: Going to /exports/eddie3_homes_local/s1562020/work/adversarial/
[38;2;74;176;245m[1mProfile[0m ⏱  Starting [1m@main[0m
[38;2;74;176;245m[1mProfile[0m ⏱  ·· Starting [1mInitialisation[0m
[38;2;74;176;245m[1mProfile[0m ⏱  ···· Starting [1m@initialise[0m
[38;2;74;176;245m[1mProfile[0m ⏱  ···· Time elapsed in [1m@initialise[0m: .............................. [1m0.0s[0m
[38;2;74;176;245m[1mProfile[0m ⏱  ···· Starting [1m@initialise_backend[0m
[38;2;74;176;245m[1mProfile[0m ⏱  ······ Starting [1m@configure_tensorflow[0m
[38;2;74;176;245m[1mProfile[0m ⏱  ······ Time elapsed in [1m@configure_tensorflow[0m: ................. [1m14.0s[0m
[38;2;74;176;245m[1mProfile[0m ⏱  ···· Time elapsed in [1m@initialise_backend[0m: ..................... [1m14.8s[0m
{'config': './configs/default.json',
 'devices': 7,
 'folds': 3,
 'gpu': True,
 'input': './input/',
 'jobname': 'classifier-patch.00000101',
 'mode': 'gpu',
 'optimise_adversarial': False,
 'optimise_classifier': True,
 'output': './output/',
 'patches': ['/exports/eddie3_homes_local/s1562020/work/adversarial/optimisation/experiments/classifier/patches/patch.00000101.json'],
 'tensorboard': True,
 'theano': False,
 'train': False,
 'train_adversarial': False,
 'train_classifier': True,
 'verbose': False}
{u'adversary': {u'compile': {},
                u'fit': {},
                u'model': {u'architecture': [{}, {}, {}, {}],
                           u'default': {u'activation': u'relu',
                                        u'units': 64},
                           u'gmm_components': 10}},
 u'classifier': {u'compile': {u'loss': u'binary_crossentropy',
                              u'optimizer': <keras.optimizers.Adam object at 0x2b65e7408310>},
                 u'fit': {u'batch_size': 57344,
                          u'epochs': 50,
                          u'shuffle': True,
                          'verbose': 2},
                 u'model': {u'architecture': [{}],
                            u'default': {u'activation': u'relu',
                                         u'batchnorm': True,
                                         u'dropout': 0.49833755246286204,
                                         u'units': 2}}},
 u'combined': {u'compile': {u'loss': [u'binary_crossentropy', None],
                            u'loss_weights': [9.090909090909091e-10, 1.0],
                            u'optimizer': <keras.optimizers.Adam object at 0x2b65e7408350>},
               u'fit': {u'batch_size': 57344,
                        u'epochs': 500,
                        u'shuffle': True,
                        'verbose': 2},
               u'model': {u'lambda_reg': 10.0,
                          u'lr_ratio': 9.090909090909091e-10},
               u'pretrain': 10}}
  TensorFlow version: 1.4.1
[38;2;74;176;245m[1mProfile[0m ⏱  ·· Time elapsed in [1mInitialisation[0m: ............................ [1m14.9s[0m
[38;2;74;176;245m[1mProfile[0m ⏱  ·· Starting [1m@load_data[0m
[38;2;74;176;245m[1mProfile[0m ⏱  ·· Time elapsed in [1m@load_data[0m: ................................ [1m32.5s[0m
[38;2;74;176;245m[1mProfile[0m ⏱  ·· Starting [1m@get_decorrelation_variables[0m
[38;2;74;176;245m[1mProfile[0m ⏱  ·· Time elapsed in [1m@get_decorrelation_variables[0m: ............... [1m0.0s[0m
[38;2;74;176;245m[1mProfile[0m ⏱  ·· Starting [1mClassifier-only fit, cross-validation[0m
[38;2;74;176;245m[1mProfile[0m ⏱  ···· Starting [1mFold 1/3[0m
Train on 1333332 samples, validate on 666668 samples
Epoch 1/50
 - 2s - loss: 0.6198 - val_loss: 0.5293
Epoch 2/50
 - 2s - loss: 0.5841 - val_loss: 0.5279
Epoch 3/50
 - 2s - loss: 0.5820 - val_loss: 0.5251
Epoch 4/50
 - 1s - loss: 0.5805 - val_loss: 0.5289
Epoch 5/50
 - 1s - loss: 0.5812 - val_loss: 0.5256
Epoch 6/50
 - 1s - loss: 0.5800 - val_loss: 0.5278
Epoch 7/50
 - 1s - loss: 0.5803 - val_loss: 0.5300
Epoch 8/50
 - 1s - loss: 0.5814 - val_loss: 0.5260
Epoch 9/50
 - 1s - loss: 0.5817 - val_loss: 0.5240
Epoch 10/50
 - 1s - loss: 0.5809 - val_loss: 0.5300
Epoch 11/50
 - 1s - loss: 0.5815 - val_loss: 0.5270
Epoch 12/50
 - 1s - loss: 0.5812 - val_loss: 0.5223
Epoch 13/50
 - 1s - loss: 0.5809 - val_loss: 0.5250
Epoch 14/50
 - 1s - loss: 0.5823 - val_loss: 0.5307
Epoch 15/50
 - 1s - loss: 0.5811 - val_loss: 0.5284
Epoch 16/50
 - 1s - loss: 0.5807 - val_loss: 0.5294
Epoch 17/50
 - 1s - loss: 0.5815 - val_loss: 0.5258
Epoch 18/50
 - 1s - loss: 0.5811 - val_loss: 0.5226
Epoch 19/50
 - 1s - loss: 0.5808 - val_loss: 0.5202
Epoch 20/50
 - 1s - loss: 0.5802 - val_loss: 0.5188
Epoch 21/50
 - 1s - loss: 0.5822 - val_loss: 0.5267
Epoch 22/50
 - 1s - loss: 0.5814 - val_loss: 0.5301
Epoch 23/50
 - 1s - loss: 0.5815 - val_loss: 0.5255
Epoch 24/50
 - 1s - loss: 0.5814 - val_loss: 0.5224
Epoch 25/50
 - 2s - loss: 0.5811 - val_loss: 0.5246
Epoch 26/50
 - 1s - loss: 0.5806 - val_loss: 0.5274
Epoch 27/50
 - 1s - loss: 0.5820 - val_loss: 0.5240
Epoch 28/50
 - 1s - loss: 0.5809 - val_loss: 0.5242
Epoch 29/50
 - 1s - loss: 0.5809 - val_loss: 0.5235
Epoch 30/50
 - 1s - loss: 0.5799 - val_loss: 0.5225
Epoch 31/50
 - 2s - loss: 0.5816 - val_loss: 0.5291
Epoch 32/50
 - 2s - loss: 0.5815 - val_loss: 0.5258
Epoch 33/50
 - 1s - loss: 0.5817 - val_loss: 0.5243
Epoch 34/50
 - 1s - loss: 0.5812 - val_loss: 0.5262
Epoch 35/50
 - 1s - loss: 0.5813 - val_loss: 0.5263
Epoch 36/50
 - 1s - loss: 0.5812 - val_loss: 0.5254
Epoch 37/50
 - 2s - loss: 0.5810 - val_loss: 0.5268
Epoch 38/50
 - 1s - loss: 0.5812 - val_loss: 0.5275
Epoch 39/50
 - 1s - loss: 0.5805 - val_loss: 0.5256
Epoch 40/50
 - 2s - loss: 0.5816 - val_loss: 0.5291
Epoch 41/50
 - 1s - loss: 0.5809 - val_loss: 0.5292
Epoch 42/50
 - 1s - loss: 0.5810 - val_loss: 0.5274
Epoch 43/50
 - 1s - loss: 0.5814 - val_loss: 0.5237
Epoch 44/50
 - 1s - loss: 0.5816 - val_loss: 0.5288
Epoch 45/50
 - 2s - loss: 0.5807 - val_loss: 0.5296
Epoch 46/50
 - 1s - loss: 0.5812 - val_loss: 0.5262
Epoch 47/50
 - 1s - loss: 0.5812 - val_loss: 0.5271
Epoch 48/50
 - 1s - loss: 0.5806 - val_loss: 0.5235
Epoch 49/50
 - 1s - loss: 0.5793 - val_loss: 0.5247
Epoch 50/50
 - 1s - loss: 0.5806 - val_loss: 0.5253
[38;2;74;176;245m[1mProfile[0m ⏱  ···· Time elapsed in [1mFold 1/3[0m: ................................ [1m93.1s[0m
[38;2;74;176;245m[1mProfile[0m ⏱  ···· Starting [1mFold 2/3[0m
Train on 1333334 samples, validate on 666666 samples
Epoch 1/50
 - 2s - loss: 0.6453 - val_loss: 0.5585
Epoch 2/50
 - 1s - loss: 0.5916 - val_loss: 0.5243
Epoch 3/50
 - 2s - loss: 0.5838 - val_loss: 0.5193
Epoch 4/50
 - 1s - loss: 0.5819 - val_loss: 0.5266
Epoch 5/50
 - 1s - loss: 0.5812 - val_loss: 0.5230
Epoch 6/50
 - 1s - loss: 0.5803 - val_loss: 0.5223
Epoch 7/50
 - 1s - loss: 0.5795 - val_loss: 0.5200
Epoch 8/50
 - 1s - loss: 0.5799 - val_loss: 0.5236
Epoch 9/50
 - 1s - loss: 0.5792 - val_loss: 0.5146
Epoch 10/50
 - 1s - loss: 0.5787 - val_loss: 0.5190
Epoch 11/50
 - 1s - loss: 0.5792 - val_loss: 0.5162
Epoch 12/50
 - 1s - loss: 0.5789 - val_loss: 0.5155
Epoch 13/50
 - 1s - loss: 0.5799 - val_loss: 0.5149
Epoch 14/50
 - 1s - loss: 0.5791 - val_loss: 0.5147
Epoch 15/50
 - 2s - loss: 0.5789 - val_loss: 0.5173
Epoch 16/50
 - 1s - loss: 0.5785 - val_loss: 0.5167
Epoch 17/50
 - 1s - loss: 0.5787 - val_loss: 0.5173
Epoch 18/50
 - 2s - loss: 0.5793 - val_loss: 0.5189
Epoch 19/50
 - 2s - loss: 0.5793 - val_loss: 0.5171
Epoch 20/50
 - 1s - loss: 0.5786 - val_loss: 0.5177
Epoch 21/50
 - 1s - loss: 0.5794 - val_loss: 0.5173
Epoch 22/50
 - 1s - loss: 0.5793 - val_loss: 0.5160
Epoch 23/50
 - 1s - loss: 0.5786 - val_loss: 0.5139
Epoch 24/50
 - 1s - loss: 0.5787 - val_loss: 0.5155
Epoch 25/50
 - 2s - loss: 0.5789 - val_loss: 0.5153
Epoch 26/50
 - 2s - loss: 0.5786 - val_loss: 0.5174
Epoch 27/50
 - 1s - loss: 0.5789 - val_loss: 0.5139
Epoch 28/50
 - 1s - loss: 0.5791 - val_loss: 0.5194
Epoch 29/50
 - 1s - loss: 0.5794 - val_loss: 0.5142
Epoch 30/50
 - 1s - loss: 0.5789 - val_loss: 0.5134
Epoch 31/50
 - 1s - loss: 0.5793 - val_loss: 0.5179
Epoch 32/50
 - 2s - loss: 0.5792 - val_loss: 0.5159
Epoch 33/50
 - 1s - loss: 0.5789 - val_loss: 0.5167
Epoch 34/50
 - 1s - loss: 0.5787 - val_loss: 0.5145
Epoch 35/50
 - 1s - loss: 0.5793 - val_loss: 0.5136
Epoch 36/50
 - 1s - loss: 0.5787 - val_loss: 0.5142
Epoch 37/50
 - 1s - loss: 0.5789 - val_loss: 0.5129
Epoch 38/50
 - 1s - loss: 0.5795 - val_loss: 0.5194
Epoch 39/50
 - 1s - loss: 0.5796 - val_loss: 0.5165
Epoch 40/50
 - 1s - loss: 0.5796 - val_loss: 0.5176
Epoch 41/50
 - 1s - loss: 0.5794 - val_loss: 0.5128
Epoch 42/50
 - 1s - loss: 0.5793 - val_loss: 0.5106
Epoch 43/50
 - 1s - loss: 0.5789 - val_loss: 0.5135
Epoch 44/50
 - 1s - loss: 0.5792 - val_loss: 0.5129
Epoch 45/50
 - 1s - loss: 0.5794 - val_loss: 0.5184
Epoch 46/50
 - 1s - loss: 0.5792 - val_loss: 0.5183
Epoch 47/50
 - 1s - loss: 0.5796 - val_loss: 0.5181
Epoch 48/50
 - 1s - loss: 0.5791 - val_loss: 0.5148
Epoch 49/50
 - 2s - loss: 0.5800 - val_loss: 0.5155
Epoch 50/50
 - 1s - loss: 0.5784 - val_loss: 0.5168
[38;2;74;176;245m[1mProfile[0m ⏱  ···· Time elapsed in [1mFold 2/3[0m: ................................ [1m74.4s[0m
[38;2;74;176;245m[1mProfile[0m ⏱  ···· Starting [1mFold 3/3[0m
Train on 1333334 samples, validate on 666666 samples
Epoch 1/50
 - 2s - loss: 0.6901 - val_loss: 0.5836
Epoch 2/50
 - 1s - loss: 0.6213 - val_loss: 0.5652
Epoch 3/50
 - 1s - loss: 0.5995 - val_loss: 0.5491
Epoch 4/50
 - 1s - loss: 0.5914 - val_loss: 0.5385
Epoch 5/50
 - 1s - loss: 0.5892 - val_loss: 0.5386
Epoch 6/50
 - 1s - loss: 0.5876 - val_loss: 0.5362
Epoch 7/50
 - 1s - loss: 0.5868 - val_loss: 0.5324
Epoch 8/50
 - 2s - loss: 0.5862 - val_loss: 0.5364
Epoch 9/50
 - 1s - loss: 0.5858 - val_loss: 0.5345
Epoch 10/50
 - 1s - loss: 0.5853 - val_loss: 0.5349
Epoch 11/50
 - 1s - loss: 0.5858 - val_loss: 0.5331
Epoch 12/50
 - 1s - loss: 0.5846 - val_loss: 0.5315
Epoch 13/50
 - 1s - loss: 0.5852 - val_loss: 0.5349
Epoch 14/50
 - 1s - loss: 0.5852 - val_loss: 0.5347
Epoch 15/50
 - 1s - loss: 0.5849 - val_loss: 0.5335
Epoch 16/50
 - 1s - loss: 0.5846 - val_loss: 0.5305
Epoch 17/50
 - 1s - loss: 0.5852 - val_loss: 0.5360
Epoch 18/50
 - 1s - loss: 0.5827 - val_loss: 0.5291
Epoch 19/50
 - 1s - loss: 0.5828 - val_loss: 0.5320
Epoch 20/50
 - 1s - loss: 0.5821 - val_loss: 0.5251
Epoch 21/50
 - 2s - loss: 0.5824 - val_loss: 0.5311
Epoch 22/50
 - 1s - loss: 0.5817 - val_loss: 0.5308
Epoch 23/50
 - 1s - loss: 0.5821 - val_loss: 0.5274
Epoch 24/50
 - 1s - loss: 0.5824 - val_loss: 0.5278
Epoch 25/50
 - 1s - loss: 0.5814 - val_loss: 0.5268
Epoch 26/50
 - 1s - loss: 0.5821 - val_loss: 0.5280
Epoch 27/50
 - 1s - loss: 0.5822 - val_loss: 0.5267
Epoch 28/50
 - 1s - loss: 0.5830 - val_loss: 0.5281
Epoch 29/50
 - 1s - loss: 0.5821 - val_loss: 0.5295
Epoch 30/50
 - 1s - loss: 0.5815 - val_loss: 0.5258
Epoch 31/50
 - 1s - loss: 0.5803 - val_loss: 0.5240
Epoch 32/50
 - 1s - loss: 0.5809 - val_loss: 0.5272
Epoch 33/50
 - 1s - loss: 0.5812 - val_loss: 0.5277
Epoch 34/50
 - 1s - loss: 0.5811 - val_loss: 0.5265
Epoch 35/50
 - 1s - loss: 0.5808 - val_loss: 0.5269
Epoch 36/50
 - 1s - loss: 0.5810 - val_loss: 0.5260
Epoch 37/50
 - 1s - loss: 0.5811 - val_loss: 0.5254
Epoch 38/50
 - 1s - loss: 0.5811 - val_loss: 0.5247
Epoch 39/50
 - 1s - loss: 0.5818 - val_loss: 0.5252
Epoch 40/50
 - 1s - loss: 0.5815 - val_loss: 0.5256
Epoch 41/50
 - 1s - loss: 0.5815 - val_loss: 0.5273
Epoch 42/50
 - 2s - loss: 0.5813 - val_loss: 0.5228
Epoch 43/50
 - 2s - loss: 0.5818 - val_loss: 0.5255
Epoch 44/50
 - 1s - loss: 0.5801 - val_loss: 0.5250
Epoch 45/50
 - 2s - loss: 0.5813 - val_loss: 0.5266
Epoch 46/50
 - 1s - loss: 0.5817 - val_loss: 0.5265
Epoch 47/50
 - 1s - loss: 0.5804 - val_loss: 0.5259
Epoch 48/50
 - 1s - loss: 0.5814 - val_loss: 0.5261
Epoch 49/50
 - 1s - loss: 0.5812 - val_loss: 0.5267
Epoch 50/50
 - 1s - loss: 0.5811 - val_loss: 0.5217
Got result 0.524733777922
Completed successfully in 316.69 seconds. [{u'main': 0.5247337779215712}]
[38;2;74;176;245m[1mProfile[0m ⏱  ···· Time elapsed in [1mFold 3/3[0m: ................................ [1m79.4s[0m
[38;2;74;176;245m[1mProfile[0m ⏱  ·· Time elapsed in [1mClassifier-only fit, cross-validation[0m: .... [1m247.5s[0m
[38;2;74;176;245m[1mProfile[0m ⏱  Time elapsed in [1m@main[0m: ....................................... [1m295.3s[0m
cd: Going back to /exports/eddie3_homes_local/s1562020/work/adversarial/optimisation/experiments/classifier
