Job launching after 5.50 seconds in submission.
Running python job.
Changed into dir /exports/eddie3_homes_local/s1562020/work/adversarial/optimisation/experiments/classifier
Importing optimise.py
Running optimise.main()
INFO: Applying patch '/exports/eddie3_homes_local/s1562020/work/adversarial/optimisation/experiments/classifier/patches/patch.00000069.json'
INFO: Found 20 Intel(R) Xeon(R) CPU E5-2630 v4 @ 2.20GHz devices with 10 cores each.
Using TensorFlow backend.
INFO: Scaling classifier/lr -5 -> 1e-05
INFO: Scaling classifier/decay -2 -> 0.01
INFO: Scaling classifier/units 1 -> 2
INFO: Writing TensorBoard logs to 'logs/tensorboard/classifier-patch.00000069/'
INFO: Running '/exports/eddie3_homes_local/s1562020/work/adversarial/run/adversarial/common.pyc'
INFO: Command-line arguments:
INFO: Configuration file contents:
INFO: Python version: 2.7.14
INFO: Numpy  version: 1.12.1
INFO: Keras  version: 2.1.5
INFO: Using keras backend: 'tensorflow'
INFO: Found  1000000 training and  1000249 test samples for signal
INFO: Found  1000000 training and 10000000 test samples for background
INFO: load_data: Selecting only training data.
INFO: Implementing gradient reversal layer in TensorFlow
INFO: Training cross-validation classifiers
Call to main function (#69)
  Parameters: {u'classifier/model/default/units': array([1]), u'classifier/compile/decay': array([-2]), u'classifier/model/default/dropout': array([ 0.]), u'classifier/compile/lr': array([-5]), u'classifier/model/architecture': array([1]), u'classifier/model/default/activation': [u'relu']}
param: classifier/model/default/units
param: classifier/compile/decay
param: classifier/model/default/dropout
param: classifier/compile/lr
param: classifier/model/architecture
param: classifier/model/default/activation
- - - - - - - - - - - - - - - - - - - - - - - - - - - - - - - - - - - - - - - - 
Saving the following patch to '/exports/eddie3_homes_local/s1562020/work/adversarial/optimisation/experiments/classifier/patches/patch.00000069.json':
{u'classifier': {u'compile': {u'lr': -5, u'decay': -2}, u'model': {u'default': {u'units': 1, u'dropout': 0.0, u'activation': u'relu'}, u'architecture': 1}, 'fit': {'epochs': 50, 'batch_size': 8192}}}
- - - - - - - - - - - - - - - - - - - - - - - - - - - - - - - - - - - - - - - - 
cd: Going to /exports/eddie3_homes_local/s1562020/work/adversarial/
[38;2;74;176;245m[1mProfile[0m ⏱  Starting [1m@main[0m
[38;2;74;176;245m[1mProfile[0m ⏱  ·· Starting [1mInitialisation[0m
[38;2;74;176;245m[1mProfile[0m ⏱  ···· Starting [1m@initialise[0m
[38;2;74;176;245m[1mProfile[0m ⏱  ···· Time elapsed in [1m@initialise[0m: .............................. [1m0.0s[0m
[38;2;74;176;245m[1mProfile[0m ⏱  ···· Starting [1m@initialise_backend[0m
[38;2;74;176;245m[1mProfile[0m ⏱  ······ Starting [1m@configure_tensorflow[0m
[38;2;74;176;245m[1mProfile[0m ⏱  ······ Time elapsed in [1m@configure_tensorflow[0m: ................. [1m16.0s[0m
[38;2;74;176;245m[1mProfile[0m ⏱  ···· Time elapsed in [1m@initialise_backend[0m: ..................... [1m17.3s[0m
{'config': './configs/default.json',
 'devices': 7,
 'folds': 3,
 'gpu': True,
 'input': './input/',
 'jobname': 'classifier-patch.00000069',
 'mode': 'gpu',
 'optimise_adversarial': False,
 'optimise_classifier': True,
 'output': './output/',
 'patches': ['/exports/eddie3_homes_local/s1562020/work/adversarial/optimisation/experiments/classifier/patches/patch.00000069.json'],
 'tensorboard': True,
 'theano': False,
 'train': False,
 'train_adversarial': False,
 'train_classifier': True,
 'verbose': False}
{u'adversary': {u'compile': {},
                u'fit': {},
                u'model': {u'architecture': [{}, {}, {}, {}],
                           u'default': {u'activation': u'relu',
                                        u'units': 64},
                           u'gmm_components': 5}},
 u'classifier': {u'compile': {u'loss': u'binary_crossentropy',
                              u'optimizer': <keras.optimizers.Adam object at 0x2ae3a767f310>},
                 u'fit': {u'batch_size': 57344,
                          u'epochs': 50,
                          u'shuffle': True,
                          'verbose': 2},
                 u'model': {u'architecture': [{}],
                            u'default': {u'activation': u'relu',
                                         u'batchnorm': True,
                                         u'dropout': 0.0,
                                         u'units': 2}}},
 u'combined': {u'compile': {u'loss': [u'binary_crossentropy', None],
                            u'loss_weights': [1.8181818181818182e-09, 1.0],
                            u'optimizer': <keras.optimizers.Adam object at 0x2ae3a767f350>},
               u'fit': {u'batch_size': 57344,
                        u'epochs': 500,
                        u'shuffle': True,
                        'verbose': 2},
               u'model': {u'lambda_reg': 10.0,
                          u'lr_ratio': 1.8181818181818182e-09},
               u'pretrain': 10}}
  TensorFlow version: 1.4.1
[38;2;74;176;245m[1mProfile[0m ⏱  ·· Time elapsed in [1mInitialisation[0m: ............................ [1m17.4s[0m
[38;2;74;176;245m[1mProfile[0m ⏱  ·· Starting [1m@load_data[0m
[38;2;74;176;245m[1mProfile[0m ⏱  ·· Time elapsed in [1m@load_data[0m: ................................ [1m36.2s[0m
[38;2;74;176;245m[1mProfile[0m ⏱  ·· Starting [1m@get_decorrelation_variables[0m
[38;2;74;176;245m[1mProfile[0m ⏱  ·· Time elapsed in [1m@get_decorrelation_variables[0m: ............... [1m0.0s[0m
[38;2;74;176;245m[1mProfile[0m ⏱  ·· Starting [1mClassifier-only fit, cross-validation[0m
[38;2;74;176;245m[1mProfile[0m ⏱  ···· Starting [1mFold 1/3[0m
Train on 1333332 samples, validate on 666668 samples
Epoch 1/50
 - 2s - loss: 0.7784 - val_loss: 0.8014
Epoch 2/50
 - 2s - loss: 0.7780 - val_loss: 0.7985
Epoch 3/50
 - 2s - loss: 0.7777 - val_loss: 0.7964
Epoch 4/50
 - 2s - loss: 0.7772 - val_loss: 0.7922
Epoch 5/50
 - 2s - loss: 0.7773 - val_loss: 0.7952
Epoch 6/50
 - 2s - loss: 0.7755 - val_loss: 0.7920
Epoch 7/50
 - 2s - loss: 0.7765 - val_loss: 0.7919
Epoch 8/50
 - 2s - loss: 0.7768 - val_loss: 0.7944
Epoch 9/50
 - 2s - loss: 0.7759 - val_loss: 0.7901
Epoch 10/50
 - 2s - loss: 0.7764 - val_loss: 0.7922
Epoch 11/50
 - 2s - loss: 0.7759 - val_loss: 0.7878
Epoch 12/50
 - 2s - loss: 0.7754 - val_loss: 0.7913
Epoch 13/50
 - 2s - loss: 0.7755 - val_loss: 0.7924
Epoch 14/50
 - 2s - loss: 0.7755 - val_loss: 0.7928
Epoch 15/50
 - 2s - loss: 0.7754 - val_loss: 0.7903
Epoch 16/50
 - 2s - loss: 0.7755 - val_loss: 0.7904
Epoch 17/50
 - 2s - loss: 0.7754 - val_loss: 0.7933
Epoch 18/50
 - 2s - loss: 0.7744 - val_loss: 0.7958
Epoch 19/50
 - 2s - loss: 0.7755 - val_loss: 0.7934
Epoch 20/50
 - 2s - loss: 0.7748 - val_loss: 0.7926
Epoch 21/50
 - 2s - loss: 0.7750 - val_loss: 0.7918
Epoch 22/50
 - 2s - loss: 0.7748 - val_loss: 0.7886
Epoch 23/50
 - 2s - loss: 0.7744 - val_loss: 0.7900
Epoch 24/50
 - 2s - loss: 0.7748 - val_loss: 0.7886
Epoch 25/50
 - 2s - loss: 0.7743 - val_loss: 0.7876
Epoch 26/50
 - 2s - loss: 0.7743 - val_loss: 0.7899
Epoch 27/50
 - 2s - loss: 0.7747 - val_loss: 0.7915
Epoch 28/50
 - 2s - loss: 0.7749 - val_loss: 0.7921
Epoch 29/50
 - 2s - loss: 0.7743 - val_loss: 0.7938
Epoch 30/50
 - 2s - loss: 0.7743 - val_loss: 0.7887
Epoch 31/50
 - 2s - loss: 0.7742 - val_loss: 0.7908
Epoch 32/50
 - 3s - loss: 0.7740 - val_loss: 0.7915
Epoch 33/50
 - 2s - loss: 0.7739 - val_loss: 0.7866
Epoch 34/50
 - 2s - loss: 0.7735 - val_loss: 0.7901
Epoch 35/50
 - 2s - loss: 0.7741 - val_loss: 0.7868
Epoch 36/50
 - 2s - loss: 0.7734 - val_loss: 0.7906
Epoch 37/50
 - 2s - loss: 0.7732 - val_loss: 0.7884
Epoch 38/50
 - 2s - loss: 0.7728 - val_loss: 0.7888
Epoch 39/50
 - 2s - loss: 0.7737 - val_loss: 0.7919
Epoch 40/50
 - 2s - loss: 0.7736 - val_loss: 0.7841
Epoch 41/50
 - 2s - loss: 0.7735 - val_loss: 0.7880
Epoch 42/50
 - 2s - loss: 0.7734 - val_loss: 0.7879
Epoch 43/50
 - 2s - loss: 0.7738 - val_loss: 0.7873
Epoch 44/50
 - 2s - loss: 0.7730 - val_loss: 0.7881
Epoch 45/50
 - 2s - loss: 0.7727 - val_loss: 0.7887
Epoch 46/50
 - 2s - loss: 0.7728 - val_loss: 0.7843
Epoch 47/50
 - 2s - loss: 0.7729 - val_loss: 0.7909
Epoch 48/50
 - 2s - loss: 0.7724 - val_loss: 0.7894
Epoch 49/50
 - 2s - loss: 0.7732 - val_loss: 0.7848
Epoch 50/50
 - 2s - loss: 0.7732 - val_loss: 0.7851
[38;2;74;176;245m[1mProfile[0m ⏱  ···· Time elapsed in [1mFold 1/3[0m: ............................... [1m122.7s[0m
[38;2;74;176;245m[1mProfile[0m ⏱  ···· Starting [1mFold 2/3[0m
Train on 1333334 samples, validate on 666666 samples
Epoch 1/50
 - 2s - loss: 0.6770 - val_loss: 0.6709
Epoch 2/50
 - 2s - loss: 0.6769 - val_loss: 0.6704
Epoch 3/50
 - 2s - loss: 0.6768 - val_loss: 0.6706
Epoch 4/50
 - 2s - loss: 0.6770 - val_loss: 0.6715
Epoch 5/50
 - 2s - loss: 0.6769 - val_loss: 0.6714
Epoch 6/50
 - 2s - loss: 0.6768 - val_loss: 0.6712
Epoch 7/50
 - 2s - loss: 0.6767 - val_loss: 0.6710
Epoch 8/50
 - 2s - loss: 0.6768 - val_loss: 0.6713
Epoch 9/50
 - 2s - loss: 0.6766 - val_loss: 0.6721
Epoch 10/50
 - 2s - loss: 0.6768 - val_loss: 0.6712
Epoch 11/50
 - 2s - loss: 0.6767 - val_loss: 0.6701
Epoch 12/50
 - 2s - loss: 0.6768 - val_loss: 0.6719
Epoch 13/50
 - 2s - loss: 0.6768 - val_loss: 0.6713
Epoch 14/50
 - 2s - loss: 0.6765 - val_loss: 0.6709
Epoch 15/50
 - 2s - loss: 0.6770 - val_loss: 0.6708
Epoch 16/50
 - 2s - loss: 0.6768 - val_loss: 0.6726
Epoch 17/50
 - 2s - loss: 0.6765 - val_loss: 0.6715
Epoch 18/50
 - 2s - loss: 0.6766 - val_loss: 0.6706
Epoch 19/50
 - 2s - loss: 0.6764 - val_loss: 0.6711
Epoch 20/50
 - 2s - loss: 0.6767 - val_loss: 0.6711
Epoch 21/50
 - 2s - loss: 0.6767 - val_loss: 0.6708
Epoch 22/50
 - 2s - loss: 0.6765 - val_loss: 0.6720
Epoch 23/50
 - 2s - loss: 0.6766 - val_loss: 0.6701
Epoch 24/50
 - 2s - loss: 0.6766 - val_loss: 0.6721
Epoch 25/50
 - 2s - loss: 0.6766 - val_loss: 0.6698
Epoch 26/50
 - 2s - loss: 0.6767 - val_loss: 0.6709
Epoch 27/50
 - 2s - loss: 0.6765 - val_loss: 0.6703
Epoch 28/50
 - 2s - loss: 0.6767 - val_loss: 0.6725
Epoch 29/50
 - 2s - loss: 0.6763 - val_loss: 0.6710
Epoch 30/50
 - 2s - loss: 0.6766 - val_loss: 0.6704
Epoch 31/50
 - 2s - loss: 0.6764 - val_loss: 0.6709
Epoch 32/50
 - 2s - loss: 0.6763 - val_loss: 0.6712
Epoch 33/50
 - 2s - loss: 0.6765 - val_loss: 0.6702
Epoch 34/50
 - 2s - loss: 0.6766 - val_loss: 0.6705
Epoch 35/50
 - 2s - loss: 0.6764 - val_loss: 0.6702
Epoch 36/50
 - 2s - loss: 0.6765 - val_loss: 0.6699
Epoch 37/50
 - 1s - loss: 0.6763 - val_loss: 0.6719
Epoch 38/50
 - 2s - loss: 0.6763 - val_loss: 0.6705
Epoch 39/50
 - 1s - loss: 0.6763 - val_loss: 0.6701
Epoch 40/50
 - 2s - loss: 0.6763 - val_loss: 0.6720
Epoch 41/50
 - 1s - loss: 0.6764 - val_loss: 0.6711
Epoch 42/50
 - 2s - loss: 0.6764 - val_loss: 0.6713
Epoch 43/50
 - 2s - loss: 0.6766 - val_loss: 0.6705
Epoch 44/50
 - 2s - loss: 0.6763 - val_loss: 0.6704
Epoch 45/50
 - 2s - loss: 0.6763 - val_loss: 0.6712
Epoch 46/50
 - 2s - loss: 0.6762 - val_loss: 0.6703
Epoch 47/50
 - 2s - loss: 0.6765 - val_loss: 0.6705
Epoch 48/50
 - 1s - loss: 0.6763 - val_loss: 0.6709
Epoch 49/50
 - 2s - loss: 0.6764 - val_loss: 0.6697
Epoch 50/50
 - 2s - loss: 0.6762 - val_loss: 0.6711
[38;2;74;176;245m[1mProfile[0m ⏱  ···· Time elapsed in [1mFold 2/3[0m: ............................... [1m100.2s[0m
[38;2;74;176;245m[1mProfile[0m ⏱  ···· Starting [1mFold 3/3[0m
Train on 1333334 samples, validate on 666666 samples
Epoch 1/50
 - 2s - loss: 0.8017 - val_loss: 0.7913
Epoch 2/50
 - 2s - loss: 0.8022 - val_loss: 0.7953
Epoch 3/50
 - 2s - loss: 0.8017 - val_loss: 0.7925
Epoch 4/50
 - 2s - loss: 0.8014 - val_loss: 0.7938
Epoch 5/50
 - 2s - loss: 0.8013 - val_loss: 0.7946
Epoch 6/50
 - 2s - loss: 0.8016 - val_loss: 0.7916
Epoch 7/50
 - 2s - loss: 0.8011 - val_loss: 0.7917
Epoch 8/50
 - 2s - loss: 0.8015 - val_loss: 0.7918
Epoch 9/50
 - 2s - loss: 0.8008 - val_loss: 0.7916
Epoch 10/50
 - 2s - loss: 0.8011 - val_loss: 0.7918
Epoch 11/50
 - 2s - loss: 0.8017 - val_loss: 0.7922
Epoch 12/50
 - 2s - loss: 0.8013 - val_loss: 0.7930
Epoch 13/50
 - 2s - loss: 0.8011 - val_loss: 0.7925
Epoch 14/50
 - 2s - loss: 0.8013 - val_loss: 0.7915
Epoch 15/50
 - 2s - loss: 0.8010 - val_loss: 0.7909
Epoch 16/50
 - 2s - loss: 0.8014 - val_loss: 0.7895
Epoch 17/50
 - 2s - loss: 0.8015 - val_loss: 0.7935
Epoch 18/50
 - 2s - loss: 0.8013 - val_loss: 0.7918
Epoch 19/50
 - 2s - loss: 0.8008 - val_loss: 0.7939
Epoch 20/50
 - 2s - loss: 0.8011 - val_loss: 0.7911
Epoch 21/50
 - 2s - loss: 0.8012 - val_loss: 0.7913
Epoch 22/50
 - 2s - loss: 0.8011 - val_loss: 0.7919
Epoch 23/50
 - 2s - loss: 0.8010 - val_loss: 0.7910
Epoch 24/50
 - 2s - loss: 0.8010 - val_loss: 0.7932
Epoch 25/50
 - 2s - loss: 0.8010 - val_loss: 0.7903
Epoch 26/50
 - 2s - loss: 0.8003 - val_loss: 0.7923
Epoch 27/50
 - 2s - loss: 0.8007 - val_loss: 0.7908
Epoch 28/50
 - 2s - loss: 0.8007 - val_loss: 0.7942
Epoch 29/50
 - 2s - loss: 0.8009 - val_loss: 0.7920
Epoch 30/50
 - 2s - loss: 0.8007 - val_loss: 0.7934
Epoch 31/50
 - 2s - loss: 0.8005 - val_loss: 0.7922
Epoch 32/50
 - 2s - loss: 0.8013 - val_loss: 0.7921
Epoch 33/50
 - 2s - loss: 0.8004 - val_loss: 0.7913
Epoch 34/50
 - 2s - loss: 0.8003 - val_loss: 0.7896
Epoch 35/50
 - 2s - loss: 0.8005 - val_loss: 0.7929
Epoch 36/50
 - 2s - loss: 0.8007 - val_loss: 0.7926
Epoch 37/50
 - 2s - loss: 0.8005 - val_loss: 0.7917
Epoch 38/50
 - 2s - loss: 0.8006 - val_loss: 0.7921
Epoch 39/50
 - 2s - loss: 0.8005 - val_loss: 0.7923
Epoch 40/50
 - 2s - loss: 0.8010 - val_loss: 0.7935
Epoch 41/50
 - 2s - loss: 0.8004 - val_loss: 0.7937
Epoch 42/50
 - 2s - loss: 0.8009 - val_loss: 0.7902
Epoch 43/50
 - 2s - loss: 0.8004 - val_loss: 0.7926
Epoch 44/50
 - 2s - loss: 0.8000 - val_loss: 0.7908
Epoch 45/50
 - 2s - loss: 0.8005 - val_loss: 0.7920
Epoch 46/50
 - 2s - loss: 0.8003 - val_loss: 0.7914
Epoch 47/50
 - 2s - loss: 0.8004 - val_loss: 0.7926
Epoch 48/50
 - 2s - loss: 0.8010 - val_loss: 0.7885
Epoch 49/50
 - 2s - loss: 0.8004 - val_loss: 0.7917
Epoch 50/50
 - 2s - loss: 0.7996 - val_loss: 0.7917
Got result 0.804647497373
Completed successfully in 412.43 seconds. [{u'main': 0.8046474973729117}]
[38;2;74;176;245m[1mProfile[0m ⏱  ···· Time elapsed in [1mFold 3/3[0m: ............................... [1m107.4s[0m
[38;2;74;176;245m[1mProfile[0m ⏱  ·· Time elapsed in [1mClassifier-only fit, cross-validation[0m: .... [1m331.3s[0m
[38;2;74;176;245m[1mProfile[0m ⏱  Time elapsed in [1m@main[0m: ....................................... [1m385.2s[0m
cd: Going back to /exports/eddie3_homes_local/s1562020/work/adversarial/optimisation/experiments/classifier
