Job launching after 5.00 seconds in submission.
Running python job.
Changed into dir /exports/eddie3_homes_local/s1562020/work/adversarial/optimisation/experiments/classifier
Importing optimise.py
Running optimise.main()
INFO: Applying patch '/exports/eddie3_homes_local/s1562020/work/adversarial/optimisation/experiments/classifier/patches/patch.00000046.json'
INFO: Found 20 Intel(R) Xeon(R) CPU E5-2630 v4 @ 2.20GHz devices with 10 cores each.
Using TensorFlow backend.
INFO: Scaling classifier/lr -1 -> 0.1
INFO: Scaling classifier/decay -2 -> 0.01
INFO: Scaling classifier/units 3 -> 8
INFO: Writing TensorBoard logs to 'logs/tensorboard/classifier-patch.00000046/'
INFO: Running '/exports/eddie3_homes_local/s1562020/work/adversarial/run/adversarial/common.pyc'
INFO: Command-line arguments:
INFO: Configuration file contents:
INFO: Python version: 2.7.14
INFO: Numpy  version: 1.12.1
INFO: Keras  version: 2.1.5
INFO: Using keras backend: 'tensorflow'
INFO: Found  1000000 training and  1000249 test samples for signal
INFO: Found  1000000 training and 10000000 test samples for background
INFO: load_data: Selecting only training data.
INFO: Implementing gradient reversal layer in TensorFlow
INFO: Training cross-validation classifiers
Call to main function (#46)
  Parameters: {u'classifier/model/default/units': array([3]), u'classifier/compile/decay': array([-2]), u'classifier/model/default/dropout': array([ 0.43630989]), u'classifier/compile/lr': array([-1]), u'classifier/model/architecture': array([5]), u'classifier/model/default/activation': [u'tanh']}
param: classifier/model/default/units
param: classifier/compile/decay
param: classifier/model/default/dropout
param: classifier/compile/lr
param: classifier/model/architecture
param: classifier/model/default/activation
- - - - - - - - - - - - - - - - - - - - - - - - - - - - - - - - - - - - - - - - 
Saving the following patch to '/exports/eddie3_homes_local/s1562020/work/adversarial/optimisation/experiments/classifier/patches/patch.00000046.json':
{u'classifier': {u'compile': {u'lr': -1, u'decay': -2}, u'model': {u'default': {u'units': 3, u'dropout': 0.43630988504229923, u'activation': u'tanh'}, u'architecture': 5}, 'fit': {'epochs': 50, 'batch_size': 8192}}}
- - - - - - - - - - - - - - - - - - - - - - - - - - - - - - - - - - - - - - - - 
cd: Going to /exports/eddie3_homes_local/s1562020/work/adversarial/
[38;2;74;176;245m[1mProfile[0m ⏱  Starting [1m@main[0m
[38;2;74;176;245m[1mProfile[0m ⏱  ·· Starting [1mInitialisation[0m
[38;2;74;176;245m[1mProfile[0m ⏱  ···· Starting [1m@initialise[0m
[38;2;74;176;245m[1mProfile[0m ⏱  ···· Time elapsed in [1m@initialise[0m: .............................. [1m0.0s[0m
[38;2;74;176;245m[1mProfile[0m ⏱  ···· Starting [1m@initialise_backend[0m
[38;2;74;176;245m[1mProfile[0m ⏱  ······ Starting [1m@configure_tensorflow[0m
[38;2;74;176;245m[1mProfile[0m ⏱  ······ Time elapsed in [1m@configure_tensorflow[0m: ................. [1m17.0s[0m
[38;2;74;176;245m[1mProfile[0m ⏱  ···· Time elapsed in [1m@initialise_backend[0m: ..................... [1m18.0s[0m
{'config': './configs/default.json',
 'devices': 7,
 'folds': 3,
 'gpu': True,
 'input': './input/',
 'jobname': 'classifier-patch.00000046',
 'mode': 'gpu',
 'optimise_adversarial': False,
 'optimise_classifier': True,
 'output': './output/',
 'patches': ['/exports/eddie3_homes_local/s1562020/work/adversarial/optimisation/experiments/classifier/patches/patch.00000046.json'],
 'tensorboard': True,
 'theano': False,
 'train': False,
 'train_adversarial': False,
 'train_classifier': True,
 'verbose': False}
{u'adversary': {u'compile': {},
                u'fit': {},
                u'model': {u'architecture': [{}, {}, {}, {}],
                           u'default': {u'activation': u'relu',
                                        u'units': 64},
                           u'gmm_components': 5}},
 u'classifier': {u'compile': {u'loss': u'binary_crossentropy',
                              u'optimizer': <keras.optimizers.Adam object at 0x2aea6973f310>},
                 u'fit': {u'batch_size': 57344,
                          u'epochs': 50,
                          u'shuffle': True,
                          'verbose': 2},
                 u'model': {u'architecture': [{}, {}, {}, {}, {}],
                            u'default': {u'activation': u'tanh',
                                         u'batchnorm': True,
                                         u'dropout': 0.43630988504229923,
                                         u'units': 8}}},
 u'combined': {u'compile': {u'loss': [u'binary_crossentropy', None],
                            u'loss_weights': [4.545454545454545e-09, 1.0],
                            u'optimizer': <keras.optimizers.Adam object at 0x2aea6973f350>},
               u'fit': {u'batch_size': 57344,
                        u'epochs': 100,
                        u'shuffle': True,
                        'verbose': 2},
               u'model': {u'lambda_reg': 10.0,
                          u'lr_ratio': 4.545454545454545e-09},
               u'pretrain': 10}}
  TensorFlow version: 1.4.1
[38;2;74;176;245m[1mProfile[0m ⏱  ·· Time elapsed in [1mInitialisation[0m: ............................ [1m18.2s[0m
[38;2;74;176;245m[1mProfile[0m ⏱  ·· Starting [1m@load_data[0m
[38;2;74;176;245m[1mProfile[0m ⏱  ·· Time elapsed in [1m@load_data[0m: ................................ [1m35.7s[0m
[38;2;74;176;245m[1mProfile[0m ⏱  ·· Starting [1m@get_decorrelation_variables[0m
[38;2;74;176;245m[1mProfile[0m ⏱  ·· Time elapsed in [1m@get_decorrelation_variables[0m: ............... [1m0.0s[0m
[38;2;74;176;245m[1mProfile[0m ⏱  ·· Starting [1mClassifier-only fit, cross-validation[0m
[38;2;74;176;245m[1mProfile[0m ⏱  ···· Starting [1mFold 1/3[0m
Train on 1333332 samples, validate on 666668 samples
Epoch 1/50
 - 5s - loss: 0.6159 - val_loss: 0.5274
Epoch 2/50
 - 3s - loss: 0.5409 - val_loss: 0.5115
Epoch 3/50
 - 3s - loss: 0.5306 - val_loss: 0.5086
Epoch 4/50
 - 3s - loss: 0.5290 - val_loss: 0.5090
Epoch 5/50
 - 3s - loss: 0.5265 - val_loss: 0.4999
Epoch 6/50
 - 2s - loss: 0.5255 - val_loss: 0.4980
Epoch 7/50
 - 2s - loss: 0.5253 - val_loss: 0.4992
Epoch 8/50
 - 3s - loss: 0.5229 - val_loss: 0.4955
Epoch 9/50
 - 3s - loss: 0.5211 - val_loss: 0.4904
Epoch 10/50
 - 3s - loss: 0.5213 - val_loss: 0.4870
Epoch 11/50
 - 2s - loss: 0.5191 - val_loss: 0.4890
Epoch 12/50
 - 2s - loss: 0.5177 - val_loss: 0.4856
Epoch 13/50
 - 2s - loss: 0.5176 - val_loss: 0.4858
Epoch 14/50
 - 2s - loss: 0.5162 - val_loss: 0.4796
Epoch 15/50
 - 3s - loss: 0.5142 - val_loss: 0.4751
Epoch 16/50
 - 3s - loss: 0.5120 - val_loss: 0.4769
Epoch 17/50
 - 2s - loss: 0.5107 - val_loss: 0.4729
Epoch 18/50
 - 3s - loss: 0.5102 - val_loss: 0.4725
Epoch 19/50
 - 2s - loss: 0.5088 - val_loss: 0.4680
Epoch 20/50
 - 3s - loss: 0.5084 - val_loss: 0.4666
Epoch 21/50
 - 2s - loss: 0.5065 - val_loss: 0.4651
Epoch 22/50
 - 2s - loss: 0.5052 - val_loss: 0.4625
Epoch 23/50
 - 3s - loss: 0.5034 - val_loss: 0.4541
Epoch 24/50
 - 3s - loss: 0.5017 - val_loss: 0.4505
Epoch 25/50
 - 3s - loss: 0.4992 - val_loss: 0.4492
Epoch 26/50
 - 3s - loss: 0.4965 - val_loss: 0.4431
Epoch 27/50
 - 3s - loss: 0.4956 - val_loss: 0.4419
Epoch 28/50
 - 3s - loss: 0.4938 - val_loss: 0.4430
Epoch 29/50
 - 3s - loss: 0.4927 - val_loss: 0.4408
Epoch 30/50
 - 3s - loss: 0.4917 - val_loss: 0.4468
Epoch 31/50
 - 3s - loss: 0.4919 - val_loss: 0.4560
Epoch 32/50
 - 3s - loss: 0.4914 - val_loss: 0.4510
Epoch 33/50
 - 2s - loss: 0.4908 - val_loss: 0.4581
Epoch 34/50
 - 3s - loss: 0.4877 - val_loss: 0.4885
Epoch 35/50
 - 2s - loss: 0.4862 - val_loss: 0.4653
Epoch 36/50
 - 3s - loss: 0.4863 - val_loss: 0.4617
Epoch 37/50
 - 3s - loss: 0.4856 - val_loss: 0.4515
Epoch 38/50
 - 2s - loss: 0.4853 - val_loss: 0.4447
Epoch 39/50
 - 3s - loss: 0.4836 - val_loss: 0.4389
Epoch 40/50
 - 2s - loss: 0.4848 - val_loss: 0.4320
Epoch 41/50
 - 3s - loss: 0.4845 - val_loss: 0.4298
Epoch 42/50
 - 3s - loss: 0.4837 - val_loss: 0.4279
Epoch 43/50
 - 3s - loss: 0.4835 - val_loss: 0.4359
Epoch 44/50
 - 3s - loss: 0.4833 - val_loss: 0.4212
Epoch 45/50
 - 2s - loss: 0.4839 - val_loss: 0.4214
Epoch 46/50
 - 3s - loss: 0.4832 - val_loss: 0.4192
Epoch 47/50
 - 3s - loss: 0.4827 - val_loss: 0.4219
Epoch 48/50
 - 3s - loss: 0.4830 - val_loss: 0.4196
Epoch 49/50
 - 3s - loss: 0.4826 - val_loss: 7.9742
Epoch 50/50
 - 3s - loss: 0.4827 - val_loss: 0.4212
[38;2;74;176;245m[1mProfile[0m ⏱  ···· Time elapsed in [1mFold 1/3[0m: ............................... [1m175.3s[0m
[38;2;74;176;245m[1mProfile[0m ⏱  ···· Starting [1mFold 2/3[0m
Train on 1333334 samples, validate on 666666 samples
Epoch 1/50
 - 5s - loss: 0.5928 - val_loss: 0.5094
Epoch 2/50
 - 3s - loss: 0.5287 - val_loss: 0.4988
Epoch 3/50
 - 3s - loss: 0.5179 - val_loss: 0.4849
Epoch 4/50
 - 3s - loss: 0.5107 - val_loss: 0.4887
Epoch 5/50
 - 3s - loss: 0.5048 - val_loss: 0.5375
Epoch 6/50
 - 4s - loss: 0.5010 - val_loss: 0.5304
Epoch 7/50
 - 3s - loss: 0.4982 - val_loss: 0.5421
Epoch 8/50
 - 3s - loss: 0.4951 - val_loss: 0.5250
Epoch 9/50
 - 3s - loss: 0.4905 - val_loss: 0.5290
Epoch 10/50
 - 3s - loss: 0.4885 - val_loss: 0.5118
Epoch 11/50
 - 4s - loss: 0.4854 - val_loss: 0.5271
Epoch 12/50
 - 4s - loss: 0.4841 - val_loss: 0.4809
Epoch 13/50
 - 4s - loss: 0.4832 - val_loss: 0.4707
Epoch 14/50
 - 4s - loss: 0.4818 - val_loss: 0.4679
Epoch 15/50
 - 4s - loss: 0.4819 - val_loss: 0.4688
Epoch 16/50
 - 4s - loss: 0.4823 - val_loss: 0.4459
Epoch 17/50
 - 3s - loss: 0.4811 - val_loss: 0.4346
Epoch 18/50
 - 3s - loss: 0.4810 - val_loss: 0.4413
Epoch 19/50
 - 4s - loss: 0.4797 - val_loss: 0.4371
Epoch 20/50
 - 3s - loss: 0.4794 - val_loss: 0.4290
Epoch 21/50
 - 3s - loss: 0.4793 - val_loss: 0.4294
Epoch 22/50
 - 4s - loss: 0.4789 - val_loss: 0.4262
Epoch 23/50
 - 4s - loss: 0.4794 - val_loss: 0.4247
Epoch 24/50
 - 4s - loss: 0.4793 - val_loss: 0.4229
Epoch 25/50
 - 3s - loss: 0.4782 - val_loss: 0.4214
Epoch 26/50
 - 3s - loss: 0.4790 - val_loss: 0.4220
Epoch 27/50
 - 3s - loss: 0.4788 - val_loss: 0.4259
Epoch 28/50
 - 3s - loss: 0.4783 - val_loss: 0.4271
Epoch 29/50
 - 3s - loss: 0.4786 - val_loss: 0.4219
Epoch 30/50
 - 3s - loss: 0.4796 - val_loss: 0.4235
Epoch 31/50
 - 4s - loss: 0.4785 - val_loss: 0.4214
Epoch 32/50
 - 3s - loss: 0.4783 - val_loss: 0.4249
Epoch 33/50
 - 3s - loss: 0.4777 - val_loss: 0.4254
Epoch 34/50
 - 3s - loss: 0.4786 - val_loss: 0.4280
Epoch 35/50
 - 3s - loss: 0.4782 - val_loss: 0.4262
Epoch 36/50
 - 3s - loss: 0.4779 - val_loss: 0.4221
Epoch 37/50
 - 3s - loss: 0.4779 - val_loss: 0.4205
Epoch 38/50
 - 3s - loss: 0.4772 - val_loss: 0.4203
Epoch 39/50
 - 3s - loss: 0.4783 - val_loss: 0.4234
Epoch 40/50
 - 3s - loss: 0.4777 - val_loss: 0.4206
Epoch 41/50
 - 3s - loss: 0.4784 - val_loss: 0.4254
Epoch 42/50
 - 3s - loss: 0.4778 - val_loss: 0.4219
Epoch 43/50
 - 3s - loss: 0.4784 - val_loss: 0.4241
Epoch 44/50
 - 3s - loss: 0.4777 - val_loss: 0.4228
Epoch 45/50
 - 3s - loss: 0.4777 - val_loss: 0.4213
Epoch 46/50
 - 3s - loss: 0.4777 - val_loss: 0.4208
Epoch 47/50
 - 3s - loss: 0.4771 - val_loss: 0.4218
Epoch 48/50
 - 3s - loss: 0.4777 - val_loss: 0.4229
Epoch 49/50
 - 3s - loss: 0.4779 - val_loss: 0.4227
Epoch 50/50
 - 3s - loss: 0.4777 - val_loss: 7.9767
[38;2;74;176;245m[1mProfile[0m ⏱  ···· Time elapsed in [1mFold 2/3[0m: ............................... [1m190.0s[0m
[38;2;74;176;245m[1mProfile[0m ⏱  ···· Starting [1mFold 3/3[0m
Train on 1333334 samples, validate on 666666 samples
Epoch 1/50
 - 5s - loss: 0.6721 - val_loss: 0.5138
Epoch 2/50
 - 3s - loss: 0.5425 - val_loss: 0.5039
Epoch 3/50
 - 3s - loss: 0.5274 - val_loss: 0.4993
Epoch 4/50
 - 3s - loss: 0.5225 - val_loss: 0.4911
Epoch 5/50
 - 3s - loss: 0.5151 - val_loss: 0.4817
Epoch 6/50
 - 3s - loss: 0.5100 - val_loss: 0.4934
Epoch 7/50
 - 3s - loss: 0.5061 - val_loss: 0.5296
Epoch 8/50
 - 3s - loss: 0.5038 - val_loss: 0.5489
Epoch 9/50
 - 3s - loss: 0.5020 - val_loss: 0.5524
Epoch 10/50
 - 3s - loss: 0.5003 - val_loss: 0.5576
Epoch 11/50
 - 3s - loss: 0.4987 - val_loss: 0.5350
Epoch 12/50
 - 3s - loss: 0.4980 - val_loss: 0.5236
Epoch 13/50
 - 3s - loss: 0.4957 - val_loss: 0.5199
Epoch 14/50
 - 3s - loss: 0.4944 - val_loss: 0.5217
Epoch 15/50
 - 3s - loss: 0.4928 - val_loss: 0.5091
Epoch 16/50
 - 3s - loss: 0.4907 - val_loss: 0.5082
Epoch 17/50
 - 3s - loss: 0.4896 - val_loss: 0.4965
Epoch 18/50
 - 3s - loss: 0.4890 - val_loss: 0.4845
Epoch 19/50
 - 3s - loss: 0.4879 - val_loss: 0.4771
Epoch 20/50
 - 3s - loss: 0.4879 - val_loss: 0.4617
Epoch 21/50
 - 3s - loss: 0.4876 - val_loss: 0.4545
Epoch 22/50
 - 3s - loss: 0.4872 - val_loss: 0.4497
Epoch 23/50
 - 3s - loss: 0.4870 - val_loss: 0.4499
Epoch 24/50
 - 3s - loss: 0.4863 - val_loss: 0.4407
Epoch 25/50
 - 3s - loss: 0.4849 - val_loss: 0.4412
Epoch 26/50
 - 3s - loss: 0.4849 - val_loss: 8.0056
Epoch 27/50
 - 3s - loss: 0.4856 - val_loss: 0.4415
Epoch 28/50
 - 3s - loss: 0.4854 - val_loss: 0.4403
Epoch 29/50
 - 3s - loss: 0.4851 - val_loss: 0.4346
Epoch 30/50
 - 3s - loss: 0.4844 - val_loss: 0.4357
Epoch 31/50
 - 3s - loss: 0.4844 - val_loss: 0.4374
Epoch 32/50
 - 3s - loss: 0.4839 - val_loss: 0.4351
Epoch 33/50
 - 4s - loss: 0.4850 - val_loss: 0.4369
Epoch 34/50
 - 3s - loss: 0.4845 - val_loss: 0.4356
Epoch 35/50
 - 3s - loss: 0.4839 - val_loss: 0.4371
Epoch 36/50
 - 3s - loss: 0.4846 - val_loss: 0.4334
Epoch 37/50
 - 3s - loss: 0.4838 - val_loss: 0.4346
Epoch 38/50
 - 3s - loss: 0.4850 - val_loss: 0.4317
Epoch 39/50
 - 3s - loss: 0.4832 - val_loss: 0.4351
Epoch 40/50
 - 3s - loss: 0.4834 - val_loss: 0.4368
Epoch 41/50
 - 3s - loss: 0.4834 - val_loss: 0.4328
Epoch 42/50
 - 3s - loss: 0.4840 - val_loss: 0.4367
Epoch 43/50
 - 3s - loss: 0.4828 - val_loss: 0.4351
Epoch 44/50
 - 3s - loss: 0.4830 - val_loss: 0.4329
Epoch 45/50
 - 3s - loss: 0.4830 - val_loss: 0.4355
Epoch 46/50
 - 3s - loss: 0.4829 - val_loss: 0.4341
Epoch 47/50
 - 3s - loss: 0.4829 - val_loss: 0.4341
Epoch 48/50
 - 3s - loss: 0.4833 - val_loss: 0.4350
Epoch 49/50
 - 3s - loss: 0.4826 - val_loss: 0.4364
Epoch 50/50
 - 3s - loss: 0.4831 - val_loss: 0.4356
Got result 6.50281747416
Completed successfully in 633.77 seconds. [{u'main': 6.502817474163418}]
[38;2;74;176;245m[1mProfile[0m ⏱  ···· Time elapsed in [1mFold 3/3[0m: ............................... [1m188.9s[0m
[38;2;74;176;245m[1mProfile[0m ⏱  ·· Time elapsed in [1mClassifier-only fit, cross-validation[0m: .... [1m555.1s[0m
[38;2;74;176;245m[1mProfile[0m ⏱  Time elapsed in [1m@main[0m: ....................................... [1m609.4s[0m
cd: Going back to /exports/eddie3_homes_local/s1562020/work/adversarial/optimisation/experiments/classifier
