Job launching after 4.63 seconds in submission.
Running python job.
Changed into dir /exports/eddie3_homes_local/s1562020/work/adversarial/optimisation/experiments/classifier
Importing optimise.py
Running optimise.main()
INFO: Applying patch '/exports/eddie3_homes_local/s1562020/work/adversarial/optimisation/experiments/classifier/patches/patch.00000039.json'
INFO: Found 20 Intel(R) Xeon(R) CPU E5-2630 v4 @ 2.20GHz devices with 10 cores each.
Using TensorFlow backend.
INFO: Scaling classifier/lr -1 -> 0.1
INFO: Scaling classifier/decay -2 -> 0.01
INFO: Scaling classifier/units 9 -> 512
INFO: Writing TensorBoard logs to 'logs/tensorboard/classifier-patch.00000039/'
INFO: Running '/exports/eddie3_homes_local/s1562020/work/adversarial/run/adversarial/common.pyc'
INFO: Command-line arguments:
INFO: Configuration file contents:
INFO: Python version: 2.7.14
INFO: Numpy  version: 1.12.1
INFO: Keras  version: 2.1.5
INFO: Using keras backend: 'tensorflow'
INFO: Found  1000000 training and  1000249 test samples for signal
INFO: Found  1000000 training and 10000000 test samples for background
INFO: load_data: Selecting only training data.
INFO: Implementing gradient reversal layer in TensorFlow
INFO: Training cross-validation classifiers
Call to main function (#39)
  Parameters: {u'classifier/model/default/units': array([9]), u'classifier/compile/decay': array([-2]), u'classifier/model/default/dropout': array([ 0.]), u'classifier/compile/lr': array([-1]), u'classifier/model/architecture': array([6]), u'classifier/model/default/activation': [u'relu']}
param: classifier/model/default/units
param: classifier/compile/decay
param: classifier/model/default/dropout
param: classifier/compile/lr
param: classifier/model/architecture
param: classifier/model/default/activation
- - - - - - - - - - - - - - - - - - - - - - - - - - - - - - - - - - - - - - - - 
Saving the following patch to '/exports/eddie3_homes_local/s1562020/work/adversarial/optimisation/experiments/classifier/patches/patch.00000039.json':
{u'classifier': {u'compile': {u'lr': -1, u'decay': -2}, u'model': {u'default': {u'units': 9, u'dropout': 0.0, u'activation': u'relu'}, u'architecture': 6}, 'fit': {'epochs': 50, 'batch_size': 8192}}}
- - - - - - - - - - - - - - - - - - - - - - - - - - - - - - - - - - - - - - - - 
cd: Going to /exports/eddie3_homes_local/s1562020/work/adversarial/
[38;2;74;176;245m[1mProfile[0m ⏱  Starting [1m@main[0m
[38;2;74;176;245m[1mProfile[0m ⏱  ·· Starting [1mInitialisation[0m
[38;2;74;176;245m[1mProfile[0m ⏱  ···· Starting [1m@initialise[0m
[38;2;74;176;245m[1mProfile[0m ⏱  ···· Time elapsed in [1m@initialise[0m: .............................. [1m0.1s[0m
[38;2;74;176;245m[1mProfile[0m ⏱  ···· Starting [1m@initialise_backend[0m
[38;2;74;176;245m[1mProfile[0m ⏱  ······ Starting [1m@configure_tensorflow[0m
[38;2;74;176;245m[1mProfile[0m ⏱  ······ Time elapsed in [1m@configure_tensorflow[0m: ................. [1m17.8s[0m
[38;2;74;176;245m[1mProfile[0m ⏱  ···· Time elapsed in [1m@initialise_backend[0m: ..................... [1m19.1s[0m
{'config': './configs/default.json',
 'devices': 7,
 'folds': 3,
 'gpu': True,
 'input': './input/',
 'jobname': 'classifier-patch.00000039',
 'mode': 'gpu',
 'optimise_adversarial': False,
 'optimise_classifier': True,
 'output': './output/',
 'patches': ['/exports/eddie3_homes_local/s1562020/work/adversarial/optimisation/experiments/classifier/patches/patch.00000039.json'],
 'tensorboard': True,
 'theano': False,
 'train': False,
 'train_adversarial': False,
 'train_classifier': True,
 'verbose': False}
{u'adversary': {u'compile': {},
                u'fit': {},
                u'model': {u'architecture': [{}, {}, {}, {}],
                           u'default': {u'activation': u'relu',
                                        u'units': 64},
                           u'gmm_components': 5}},
 u'classifier': {u'compile': {u'loss': u'binary_crossentropy',
                              u'optimizer': <keras.optimizers.Adam object at 0x2b243978b310>},
                 u'fit': {u'batch_size': 57344,
                          u'epochs': 50,
                          u'shuffle': True,
                          'verbose': 2},
                 u'model': {u'architecture': [{}, {}, {}, {}, {}, {}],
                            u'default': {u'activation': u'relu',
                                         u'batchnorm': True,
                                         u'dropout': 0.0,
                                         u'units': 512}}},
 u'combined': {u'compile': {u'loss': [u'binary_crossentropy', None],
                            u'loss_weights': [1.8181818181818182e-09, 1.0],
                            u'optimizer': <keras.optimizers.Adam object at 0x2b243978b350>},
               u'fit': {u'batch_size': 57344,
                        u'epochs': 100,
                        u'shuffle': True,
                        'verbose': 2},
               u'model': {u'lambda_reg': 10.0,
                          u'lr_ratio': 1.8181818181818182e-09},
               u'pretrain': 10}}
  TensorFlow version: 1.4.1
[38;2;74;176;245m[1mProfile[0m ⏱  ·· Time elapsed in [1mInitialisation[0m: ............................ [1m19.3s[0m
[38;2;74;176;245m[1mProfile[0m ⏱  ·· Starting [1m@load_data[0m
[38;2;74;176;245m[1mProfile[0m ⏱  ·· Time elapsed in [1m@load_data[0m: ................................ [1m37.5s[0m
[38;2;74;176;245m[1mProfile[0m ⏱  ·· Starting [1m@get_decorrelation_variables[0m
[38;2;74;176;245m[1mProfile[0m ⏱  ·· Time elapsed in [1m@get_decorrelation_variables[0m: ............... [1m0.0s[0m
[38;2;74;176;245m[1mProfile[0m ⏱  ·· Starting [1mClassifier-only fit, cross-validation[0m
[38;2;74;176;245m[1mProfile[0m ⏱  ···· Starting [1mFold 1/3[0m
Train on 1333332 samples, validate on 666668 samples
Epoch 1/50
 - 11s - loss: 4.0817 - val_loss: 3.5152
Epoch 2/50
 - 8s - loss: 3.4582 - val_loss: 3.8353
Epoch 3/50
 - 9s - loss: 3.5067 - val_loss: 3.6113
Epoch 4/50
 - 11s - loss: 3.3078 - val_loss: 3.3038
Epoch 5/50
 - 10s - loss: 3.1997 - val_loss: 3.3539
Epoch 6/50
 - 10s - loss: 3.1731 - val_loss: 3.3073
Epoch 7/50
 - 10s - loss: 3.2616 - val_loss: 4.0790
Epoch 8/50
 - 10s - loss: 3.1015 - val_loss: 3.1369
Epoch 9/50
 - 10s - loss: 3.1613 - val_loss: 7.9742
Epoch 10/50
 - 11s - loss: 3.3806 - val_loss: 3.7668
Epoch 11/50
 - 10s - loss: 3.3176 - val_loss: 3.3952
Epoch 12/50
 - 11s - loss: 3.2928 - val_loss: 3.3304
Epoch 13/50
 - 9s - loss: 3.2140 - val_loss: 3.1649
Epoch 14/50
 - 8s - loss: 3.1478 - val_loss: 3.1884
Epoch 15/50
 - 8s - loss: 3.2025 - val_loss: 3.2388
Epoch 16/50
 - 7s - loss: 3.2906 - val_loss: 3.5916
Epoch 17/50
 - 6s - loss: 3.4803 - val_loss: 3.8646
Epoch 18/50
 - 10s - loss: 3.5236 - val_loss: 3.2777
Epoch 19/50
 - 10s - loss: 3.1628 - val_loss: 3.2231
Epoch 20/50
 - 11s - loss: 3.1234 - val_loss: 3.1958
Epoch 21/50
 - 10s - loss: 3.2393 - val_loss: 4.1050
Epoch 22/50
 - 11s - loss: 3.4358 - val_loss: 3.9584
Epoch 23/50
 - 10s - loss: 3.2914 - val_loss: 3.3622
Epoch 24/50
 - 10s - loss: 3.1411 - val_loss: 3.1963
Epoch 25/50
 - 10s - loss: 3.0896 - val_loss: 3.1183
Epoch 26/50
 - 10s - loss: 3.0897 - val_loss: 3.1341
Epoch 27/50
 - 10s - loss: 3.1092 - val_loss: 3.2248
Epoch 28/50
 - 11s - loss: 3.1525 - val_loss: 3.3060
Epoch 29/50
 - 10s - loss: 3.3686 - val_loss: 4.5520
Epoch 30/50
 - 10s - loss: 3.5448 - val_loss: 4.1565
Epoch 31/50
 - 10s - loss: 3.4277 - val_loss: 3.6048
Epoch 32/50
 - 10s - loss: 3.3893 - val_loss: 3.4170
Epoch 33/50
 - 11s - loss: 3.3347 - val_loss: 3.3263
Epoch 34/50
 - 9s - loss: 3.2306 - val_loss: 3.1617
Epoch 35/50
 - 9s - loss: 3.0999 - val_loss: 3.0843
Epoch 36/50
 - 8s - loss: 3.0422 - val_loss: 3.0994
Epoch 37/50
 - 8s - loss: 3.0059 - val_loss: 7.9742
Epoch 38/50
 - 9s - loss: 3.0419 - val_loss: 3.1327
Epoch 39/50
 - 9s - loss: 3.0932 - val_loss: 3.1164
Epoch 40/50
 - 9s - loss: 3.0694 - val_loss: 3.1967
Epoch 41/50
 - 8s - loss: 3.0407 - val_loss: 3.0227
Epoch 42/50
 - 8s - loss: 3.0069 - val_loss: 3.0288
Epoch 43/50
 - 8s - loss: 3.0524 - val_loss: 3.1073
Epoch 44/50
 - 9s - loss: 3.0636 - val_loss: 3.0669
Epoch 45/50
 - 9s - loss: 3.0245 - val_loss: 3.0517
Epoch 46/50
 - 9s - loss: 2.9634 - val_loss: 3.0173
Epoch 47/50
 - 7s - loss: 2.9342 - val_loss: 2.9368
Epoch 48/50
 - 8s - loss: 2.9224 - val_loss: 2.9956
Epoch 49/50
 - 7s - loss: 2.9247 - val_loss: 2.9178
Epoch 50/50
 - 7s - loss: 2.9193 - val_loss: 2.9245
[38;2;74;176;245m[1mProfile[0m ⏱  ···· Time elapsed in [1mFold 1/3[0m: ............................... [1m506.4s[0m
[38;2;74;176;245m[1mProfile[0m ⏱  ···· Starting [1mFold 2/3[0m
Train on 1333334 samples, validate on 666666 samples
Epoch 1/50
 - 11s - loss: 2.3610 - val_loss: 4.1193
Epoch 2/50
 - 9s - loss: 0.6611 - val_loss: 1.1653
Epoch 3/50
 - 10s - loss: 0.6159 - val_loss: 0.9179
Epoch 4/50
 - 10s - loss: 0.6013 - val_loss: 0.7040
Epoch 5/50
 - 10s - loss: 0.5814 - val_loss: 0.6532
Epoch 6/50
 - 10s - loss: 0.5542 - val_loss: 0.6067
Epoch 7/50
 - 10s - loss: 0.5442 - val_loss: 0.6246
Epoch 8/50
 - 10s - loss: 0.5404 - val_loss: 0.5947
Epoch 9/50
 - 10s - loss: 0.5397 - val_loss: 0.5784
Epoch 10/50
 - 10s - loss: 0.5371 - val_loss: 0.5711
Epoch 11/50
 - 10s - loss: 0.5347 - val_loss: 0.5681
Epoch 12/50
 - 10s - loss: 0.5335 - val_loss: 0.5687
Epoch 13/50
 - 11s - loss: 0.5334 - val_loss: 0.5685
Epoch 14/50
 - 10s - loss: 0.5319 - val_loss: 0.5648
Epoch 15/50
 - 10s - loss: 0.5314 - val_loss: 0.5585
Epoch 16/50
 - 10s - loss: 0.5314 - val_loss: 0.5498
Epoch 17/50
 - 10s - loss: 0.5292 - val_loss: 0.5493
Epoch 18/50
 - 9s - loss: 0.5292 - val_loss: 0.5460
Epoch 19/50
 - 9s - loss: 0.5287 - val_loss: 0.5511
Epoch 20/50
 - 8s - loss: 0.5288 - val_loss: 0.5384
Epoch 21/50
 - 8s - loss: 0.5276 - val_loss: 0.5429
Epoch 22/50
 - 9s - loss: 0.5272 - val_loss: 0.5369
Epoch 23/50
 - 10s - loss: 0.5267 - val_loss: 0.5369
Epoch 24/50
 - 9s - loss: 0.5267 - val_loss: 0.5373
Epoch 25/50
 - 9s - loss: 0.5267 - val_loss: 0.5430
Epoch 26/50
 - 9s - loss: 0.5256 - val_loss: 0.5400
Epoch 27/50
 - 8s - loss: 0.5253 - val_loss: 0.5404
Epoch 28/50
 - 9s - loss: 0.5249 - val_loss: 0.5409
Epoch 29/50
 - 8s - loss: 0.5248 - val_loss: 0.5472
Epoch 30/50
 - 9s - loss: 0.5243 - val_loss: 0.5295
Epoch 31/50
 - 8s - loss: 0.5243 - val_loss: 0.5444
Epoch 32/50
 - 9s - loss: 0.5239 - val_loss: 0.5358
Epoch 33/50
 - 9s - loss: 0.5237 - val_loss: 0.5555
Epoch 34/50
 - 9s - loss: 0.5230 - val_loss: 0.5386
Epoch 35/50
 - 9s - loss: 0.5232 - val_loss: 0.5530
Epoch 36/50
 - 9s - loss: 0.5228 - val_loss: 0.5570
Epoch 37/50
 - 11s - loss: 0.5224 - val_loss: 0.5452
Epoch 38/50
 - 9s - loss: 0.5224 - val_loss: 0.5443
Epoch 39/50
 - 9s - loss: 0.5223 - val_loss: 0.5474
Epoch 40/50
 - 8s - loss: 0.5220 - val_loss: 0.5471
Epoch 41/50
 - 7s - loss: 0.5219 - val_loss: 0.5430
Epoch 42/50
 - 8s - loss: 0.5217 - val_loss: 0.5456
Epoch 43/50
 - 7s - loss: 0.5219 - val_loss: 0.5434
Epoch 44/50
 - 7s - loss: 0.5212 - val_loss: 0.5380
Epoch 45/50
 - 9s - loss: 0.5209 - val_loss: 0.5559
Epoch 46/50
 - 8s - loss: 0.5210 - val_loss: 0.5483
Epoch 47/50
 - 9s - loss: 0.5207 - val_loss: 0.5326
Epoch 48/50
 - 8s - loss: 0.5204 - val_loss: 0.5357
Epoch 49/50
 - 9s - loss: 0.5205 - val_loss: 0.5423
Epoch 50/50
 - 9s - loss: 0.5201 - val_loss: 0.5299
[38;2;74;176;245m[1mProfile[0m ⏱  ···· Time elapsed in [1mFold 2/3[0m: ............................... [1m490.8s[0m
[38;2;74;176;245m[1mProfile[0m ⏱  ···· Starting [1mFold 3/3[0m
Train on 1333334 samples, validate on 666666 samples
Epoch 1/50
 - 11s - loss: 2.1408 - val_loss: 4.4581
Epoch 2/50
 - 9s - loss: 0.7602 - val_loss: 5.7691
Epoch 3/50
 - 9s - loss: 0.6381 - val_loss: 4.7757
Epoch 4/50
 - 9s - loss: 0.6068 - val_loss: 3.1782
Epoch 5/50
 - 10s - loss: 0.5823 - val_loss: 2.4135
Epoch 6/50
 - 10s - loss: 0.5601 - val_loss: 2.3603
Epoch 7/50
 - 11s - loss: 0.5479 - val_loss: 1.9309
Epoch 8/50
 - 11s - loss: 0.5449 - val_loss: 1.6262
Epoch 9/50
 - 11s - loss: 0.5392 - val_loss: 1.4757
Epoch 10/50
 - 10s - loss: 0.5354 - val_loss: 1.2739
Epoch 11/50
 - 11s - loss: 0.5337 - val_loss: 1.0101
Epoch 12/50
 - 11s - loss: 0.5413 - val_loss: 0.7541
Epoch 13/50
 - 11s - loss: 0.5343 - val_loss: 0.7557
Epoch 14/50
 - 10s - loss: 0.5322 - val_loss: 0.7170
Epoch 15/50
 - 11s - loss: 0.5303 - val_loss: 0.6875
Epoch 16/50
 - 11s - loss: 0.5291 - val_loss: 0.6381
Epoch 17/50
 - 11s - loss: 0.5285 - val_loss: 0.6052
Epoch 18/50
 - 10s - loss: 0.5273 - val_loss: 0.5954
Epoch 19/50
 - 11s - loss: 0.5267 - val_loss: 0.5663
Epoch 20/50
 - 10s - loss: 0.5277 - val_loss: 0.5583
Epoch 21/50
 - 11s - loss: 0.5266 - val_loss: 0.5705
Epoch 22/50
 - 10s - loss: 0.5254 - val_loss: 0.5558
Epoch 23/50
 - 11s - loss: 0.5254 - val_loss: 0.5411
Epoch 24/50
 - 10s - loss: 0.5246 - val_loss: 0.5414
Epoch 25/50
 - 10s - loss: 0.5242 - val_loss: 0.5502
Epoch 26/50
 - 9s - loss: 0.5237 - val_loss: 0.5459
Epoch 27/50
 - 9s - loss: 0.5233 - val_loss: 0.5398
Epoch 28/50
 - 11s - loss: 0.5232 - val_loss: 0.5331
Epoch 29/50
 - 11s - loss: 0.5227 - val_loss: 0.5313
Epoch 30/50
 - 10s - loss: 0.5229 - val_loss: 0.5343
Epoch 31/50
 - 9s - loss: 0.5230 - val_loss: 0.5330
Epoch 32/50
 - 9s - loss: 0.5236 - val_loss: 0.5382
Epoch 33/50
 - 9s - loss: 0.5222 - val_loss: 0.5342
Epoch 34/50
 - 9s - loss: 0.5215 - val_loss: 0.5380
Epoch 35/50
 - 9s - loss: 0.5218 - val_loss: 0.5290
Epoch 36/50
 - 9s - loss: 0.5212 - val_loss: 0.5320
Epoch 37/50
 - 9s - loss: 0.5209 - val_loss: 0.5323
Epoch 38/50
 - 9s - loss: 0.5204 - val_loss: 0.5297
Epoch 39/50
 - 9s - loss: 0.5202 - val_loss: 0.5287
Epoch 40/50
 - 9s - loss: 0.5198 - val_loss: 0.5295
Epoch 41/50
 - 9s - loss: 0.5200 - val_loss: 0.5323
Epoch 42/50
 - 9s - loss: 0.5201 - val_loss: 0.5264
Epoch 43/50
 - 9s - loss: 0.5193 - val_loss: 0.5302
Epoch 44/50
 - 9s - loss: 0.5197 - val_loss: 0.5289
Epoch 45/50
 - 9s - loss: 0.5195 - val_loss: 0.5292
Epoch 46/50
 - 10s - loss: 0.5195 - val_loss: 0.5292
Epoch 47/50
 - 10s - loss: 0.5209 - val_loss: 0.5382
Epoch 48/50
 - 9s - loss: 0.5209 - val_loss: 0.5325
Epoch 49/50
 - 10s - loss: 0.5199 - val_loss: 0.5302
Epoch 50/50
 - 8s - loss: 0.5194 - val_loss: 0.5281
Got result 2.45674956895
Completed successfully in 1610.66 seconds. [{u'main': 2.4567495689457313}]
[38;2;74;176;245m[1mProfile[0m ⏱  ···· Time elapsed in [1mFold 3/3[0m: ............................... [1m530.4s[0m
[38;2;74;176;245m[1mProfile[0m ⏱  ·· Time elapsed in [1mClassifier-only fit, cross-validation[0m: ... [1m1528.4s[0m
[38;2;74;176;245m[1mProfile[0m ⏱  Time elapsed in [1m@main[0m: ...................................... [1m1585.6s[0m
cd: Going back to /exports/eddie3_homes_local/s1562020/work/adversarial/optimisation/experiments/classifier
