Job launching after 4.56 seconds in submission.
Running python job.
Changed into dir /exports/eddie3_homes_local/s1562020/work/adversarial/optimisation/experiments/classifier
Importing optimise.py
Running optimise.main()
INFO: Applying patch '/exports/eddie3_homes_local/s1562020/work/adversarial/optimisation/experiments/classifier/patches/patch.00000078.json'
INFO: Found 20 Intel(R) Xeon(R) CPU E5-2630 v4 @ 2.20GHz devices with 10 cores each.
Using TensorFlow backend.
INFO: Scaling classifier/lr -4 -> 0.0001
INFO: Scaling classifier/decay -6 -> 1e-06
INFO: Scaling classifier/units 1 -> 2
INFO: Writing TensorBoard logs to 'logs/tensorboard/classifier-patch.00000078/'
INFO: Running '/exports/eddie3_homes_local/s1562020/work/adversarial/run/adversarial/common.pyc'
INFO: Command-line arguments:
INFO: Configuration file contents:
INFO: Python version: 2.7.14
INFO: Numpy  version: 1.12.1
INFO: Keras  version: 2.1.5
INFO: Using keras backend: 'tensorflow'
INFO: Found  1000000 training and  1000249 test samples for signal
INFO: Found  1000000 training and 10000000 test samples for background
INFO: load_data: Selecting only training data.
INFO: Implementing gradient reversal layer in TensorFlow
INFO: Training cross-validation classifiers
Call to main function (#78)
  Parameters: {u'classifier/model/default/units': array([1]), u'classifier/compile/decay': array([-6]), u'classifier/model/default/dropout': array([ 0.45234046]), u'classifier/compile/lr': array([-4]), u'classifier/model/architecture': array([1]), u'classifier/model/default/activation': [u'tanh']}
param: classifier/model/default/units
param: classifier/compile/decay
param: classifier/model/default/dropout
param: classifier/compile/lr
param: classifier/model/architecture
param: classifier/model/default/activation
- - - - - - - - - - - - - - - - - - - - - - - - - - - - - - - - - - - - - - - - 
Saving the following patch to '/exports/eddie3_homes_local/s1562020/work/adversarial/optimisation/experiments/classifier/patches/patch.00000078.json':
{u'classifier': {u'compile': {u'lr': -4, u'decay': -6}, u'model': {u'default': {u'units': 1, u'dropout': 0.45234045583168564, u'activation': u'tanh'}, u'architecture': 1}, 'fit': {'epochs': 50, 'batch_size': 8192}}}
- - - - - - - - - - - - - - - - - - - - - - - - - - - - - - - - - - - - - - - - 
cd: Going to /exports/eddie3_homes_local/s1562020/work/adversarial/
[38;2;74;176;245m[1mProfile[0m ⏱  Starting [1m@main[0m
[38;2;74;176;245m[1mProfile[0m ⏱  ·· Starting [1mInitialisation[0m
[38;2;74;176;245m[1mProfile[0m ⏱  ···· Starting [1m@initialise[0m
[38;2;74;176;245m[1mProfile[0m ⏱  ···· Time elapsed in [1m@initialise[0m: .............................. [1m0.0s[0m
[38;2;74;176;245m[1mProfile[0m ⏱  ···· Starting [1m@initialise_backend[0m
[38;2;74;176;245m[1mProfile[0m ⏱  ······ Starting [1m@configure_tensorflow[0m
[38;2;74;176;245m[1mProfile[0m ⏱  ······ Time elapsed in [1m@configure_tensorflow[0m: ................. [1m14.4s[0m
[38;2;74;176;245m[1mProfile[0m ⏱  ···· Time elapsed in [1m@initialise_backend[0m: ..................... [1m15.3s[0m
{'config': './configs/default.json',
 'devices': 7,
 'folds': 3,
 'gpu': True,
 'input': './input/',
 'jobname': 'classifier-patch.00000078',
 'mode': 'gpu',
 'optimise_adversarial': False,
 'optimise_classifier': True,
 'output': './output/',
 'patches': ['/exports/eddie3_homes_local/s1562020/work/adversarial/optimisation/experiments/classifier/patches/patch.00000078.json'],
 'tensorboard': True,
 'theano': False,
 'train': False,
 'train_adversarial': False,
 'train_classifier': True,
 'verbose': False}
{u'adversary': {u'compile': {},
                u'fit': {},
                u'model': {u'architecture': [{}, {}, {}, {}],
                           u'default': {u'activation': u'relu',
                                        u'units': 64},
                           u'gmm_components': 5}},
 u'classifier': {u'compile': {u'loss': u'binary_crossentropy',
                              u'optimizer': <keras.optimizers.Adam object at 0x2b83cf29b2d0>},
                 u'fit': {u'batch_size': 57344,
                          u'epochs': 50,
                          u'shuffle': True,
                          'verbose': 2},
                 u'model': {u'architecture': [{}],
                            u'default': {u'activation': u'tanh',
                                         u'batchnorm': True,
                                         u'dropout': 0.45234045583168564,
                                         u'units': 2}}},
 u'combined': {u'compile': {u'loss': [u'binary_crossentropy', None],
                            u'loss_weights': [1.8181818181818182e-09, 1.0],
                            u'optimizer': <keras.optimizers.Adam object at 0x2b83cf29b3d0>},
               u'fit': {u'batch_size': 57344,
                        u'epochs': 500,
                        u'shuffle': True,
                        'verbose': 2},
               u'model': {u'lambda_reg': 10.0,
                          u'lr_ratio': 1.8181818181818182e-09},
               u'pretrain': 10}}
  TensorFlow version: 1.4.1
[38;2;74;176;245m[1mProfile[0m ⏱  ·· Time elapsed in [1mInitialisation[0m: ............................ [1m15.4s[0m
[38;2;74;176;245m[1mProfile[0m ⏱  ·· Starting [1m@load_data[0m
[38;2;74;176;245m[1mProfile[0m ⏱  ·· Time elapsed in [1m@load_data[0m: ................................ [1m36.9s[0m
[38;2;74;176;245m[1mProfile[0m ⏱  ·· Starting [1m@get_decorrelation_variables[0m
[38;2;74;176;245m[1mProfile[0m ⏱  ·· Time elapsed in [1m@get_decorrelation_variables[0m: ............... [1m0.0s[0m
[38;2;74;176;245m[1mProfile[0m ⏱  ·· Starting [1mClassifier-only fit, cross-validation[0m
[38;2;74;176;245m[1mProfile[0m ⏱  ···· Starting [1mFold 1/3[0m
Train on 1333332 samples, validate on 666668 samples
Epoch 1/50
 - 2s - loss: 0.7328 - val_loss: 0.6710
Epoch 2/50
 - 2s - loss: 0.7287 - val_loss: 0.6891
Epoch 3/50
 - 1s - loss: 0.7231 - val_loss: 0.6760
Epoch 4/50
 - 1s - loss: 0.7182 - val_loss: 0.6740
Epoch 5/50
 - 1s - loss: 0.7144 - val_loss: 0.6672
Epoch 6/50
 - 1s - loss: 0.7090 - val_loss: 0.6624
Epoch 7/50
 - 1s - loss: 0.7062 - val_loss: 0.6628
Epoch 8/50
 - 1s - loss: 0.7035 - val_loss: 0.6559
Epoch 9/50
 - 1s - loss: 0.6985 - val_loss: 0.6538
Epoch 10/50
 - 1s - loss: 0.6956 - val_loss: 0.6504
Epoch 11/50
 - 1s - loss: 0.6911 - val_loss: 0.6548
Epoch 12/50
 - 1s - loss: 0.6876 - val_loss: 0.6476
Epoch 13/50
 - 1s - loss: 0.6836 - val_loss: 0.6465
Epoch 14/50
 - 1s - loss: 0.6808 - val_loss: 0.6411
Epoch 15/50
 - 1s - loss: 0.6771 - val_loss: 0.6369
Epoch 16/50
 - 1s - loss: 0.6754 - val_loss: 0.6372
Epoch 17/50
 - 2s - loss: 0.6717 - val_loss: 0.6334
Epoch 18/50
 - 2s - loss: 0.6680 - val_loss: 0.6344
Epoch 19/50
 - 2s - loss: 0.6664 - val_loss: 0.6267
Epoch 20/50
 - 1s - loss: 0.6630 - val_loss: 0.6255
Epoch 21/50
 - 1s - loss: 0.6609 - val_loss: 0.6217
Epoch 22/50
 - 1s - loss: 0.6566 - val_loss: 0.6174
Epoch 23/50
 - 1s - loss: 0.6546 - val_loss: 0.6141
Epoch 24/50
 - 1s - loss: 0.6518 - val_loss: 0.6124
Epoch 25/50
 - 1s - loss: 0.6494 - val_loss: 0.6080
Epoch 26/50
 - 1s - loss: 0.6467 - val_loss: 0.6052
Epoch 27/50
 - 1s - loss: 0.6444 - val_loss: 0.6058
Epoch 28/50
 - 1s - loss: 0.6421 - val_loss: 0.6044
Epoch 29/50
 - 1s - loss: 0.6400 - val_loss: 0.6008
Epoch 30/50
 - 2s - loss: 0.6374 - val_loss: 0.6018
Epoch 31/50
 - 1s - loss: 0.6350 - val_loss: 0.5979
Epoch 32/50
 - 1s - loss: 0.6331 - val_loss: 0.5955
Epoch 33/50
 - 1s - loss: 0.6308 - val_loss: 0.5924
Epoch 34/50
 - 1s - loss: 0.6281 - val_loss: 0.5937
Epoch 35/50
 - 1s - loss: 0.6267 - val_loss: 0.5853
Epoch 36/50
 - 1s - loss: 0.6244 - val_loss: 0.5885
Epoch 37/50
 - 1s - loss: 0.6226 - val_loss: 0.5876
Epoch 38/50
 - 1s - loss: 0.6200 - val_loss: 0.5808
Epoch 39/50
 - 1s - loss: 0.6194 - val_loss: 0.5782
Epoch 40/50
 - 1s - loss: 0.6173 - val_loss: 0.5849
Epoch 41/50
 - 2s - loss: 0.6161 - val_loss: 0.5771
Epoch 42/50
 - 1s - loss: 0.6139 - val_loss: 0.5831
Epoch 43/50
 - 1s - loss: 0.6130 - val_loss: 0.5726
Epoch 44/50
 - 1s - loss: 0.6107 - val_loss: 0.5694
Epoch 45/50
 - 1s - loss: 0.6077 - val_loss: 0.5685
Epoch 46/50
 - 2s - loss: 0.6075 - val_loss: 0.5723
Epoch 47/50
 - 1s - loss: 0.6063 - val_loss: 0.5644
Epoch 48/50
 - 1s - loss: 0.6040 - val_loss: 0.5689
Epoch 49/50
 - 1s - loss: 0.6030 - val_loss: 0.5708
Epoch 50/50
 - 1s - loss: 0.6014 - val_loss: 0.5647
[38;2;74;176;245m[1mProfile[0m ⏱  ···· Time elapsed in [1mFold 1/3[0m: ................................ [1m91.7s[0m
[38;2;74;176;245m[1mProfile[0m ⏱  ···· Starting [1mFold 2/3[0m
Train on 1333334 samples, validate on 666666 samples
Epoch 1/50
 - 2s - loss: 0.6953 - val_loss: 0.6440
Epoch 2/50
 - 1s - loss: 0.6864 - val_loss: 0.6319
Epoch 3/50
 - 1s - loss: 0.6813 - val_loss: 0.6298
Epoch 4/50
 - 1s - loss: 0.6770 - val_loss: 0.6264
Epoch 5/50
 - 1s - loss: 0.6722 - val_loss: 0.6227
Epoch 6/50
 - 1s - loss: 0.6703 - val_loss: 0.6233
Epoch 7/50
 - 1s - loss: 0.6677 - val_loss: 0.6186
Epoch 8/50
 - 1s - loss: 0.6656 - val_loss: 0.6180
Epoch 9/50
 - 1s - loss: 0.6623 - val_loss: 0.6140
Epoch 10/50
 - 1s - loss: 0.6609 - val_loss: 0.6144
Epoch 11/50
 - 2s - loss: 0.6592 - val_loss: 0.6122
Epoch 12/50
 - 2s - loss: 0.6576 - val_loss: 0.6116
Epoch 13/50
 - 1s - loss: 0.6561 - val_loss: 0.6110
Epoch 14/50
 - 2s - loss: 0.6544 - val_loss: 0.6094
Epoch 15/50
 - 1s - loss: 0.6526 - val_loss: 0.6083
Epoch 16/50
 - 1s - loss: 0.6511 - val_loss: 0.6056
Epoch 17/50
 - 1s - loss: 0.6503 - val_loss: 0.6062
Epoch 18/50
 - 1s - loss: 0.6489 - val_loss: 0.6043
Epoch 19/50
 - 1s - loss: 0.6474 - val_loss: 0.6031
Epoch 20/50
 - 1s - loss: 0.6463 - val_loss: 0.6030
Epoch 21/50
 - 1s - loss: 0.6456 - val_loss: 0.6019
Epoch 22/50
 - 2s - loss: 0.6443 - val_loss: 0.6019
Epoch 23/50
 - 1s - loss: 0.6432 - val_loss: 0.6003
Epoch 24/50
 - 1s - loss: 0.6421 - val_loss: 0.5996
Epoch 25/50
 - 1s - loss: 0.6415 - val_loss: 0.5981
Epoch 26/50
 - 1s - loss: 0.6403 - val_loss: 0.5974
Epoch 27/50
 - 1s - loss: 0.6391 - val_loss: 0.6014
Epoch 28/50
 - 1s - loss: 0.6390 - val_loss: 0.5944
Epoch 29/50
 - 1s - loss: 0.6374 - val_loss: 0.5948
Epoch 30/50
 - 1s - loss: 0.6371 - val_loss: 0.5941
Epoch 31/50
 - 1s - loss: 0.6358 - val_loss: 0.5937
Epoch 32/50
 - 1s - loss: 0.6350 - val_loss: 0.5929
Epoch 33/50
 - 1s - loss: 0.6345 - val_loss: 0.5921
Epoch 34/50
 - 1s - loss: 0.6335 - val_loss: 0.5916
Epoch 35/50
 - 1s - loss: 0.6328 - val_loss: 0.5913
Epoch 36/50
 - 1s - loss: 0.6315 - val_loss: 0.5898
Epoch 37/50
 - 1s - loss: 0.6307 - val_loss: 0.5892
Epoch 38/50
 - 1s - loss: 0.6305 - val_loss: 0.5892
Epoch 39/50
 - 2s - loss: 0.6299 - val_loss: 0.5885
Epoch 40/50
 - 1s - loss: 0.6288 - val_loss: 0.5884
Epoch 41/50
 - 1s - loss: 0.6282 - val_loss: 0.5872
Epoch 42/50
 - 1s - loss: 0.6279 - val_loss: 0.5868
Epoch 43/50
 - 1s - loss: 0.6269 - val_loss: 0.5860
Epoch 44/50
 - 1s - loss: 0.6261 - val_loss: 0.5853
Epoch 45/50
 - 1s - loss: 0.6251 - val_loss: 0.5844
Epoch 46/50
 - 2s - loss: 0.6250 - val_loss: 0.5837
Epoch 47/50
 - 1s - loss: 0.6245 - val_loss: 0.5834
Epoch 48/50
 - 2s - loss: 0.6235 - val_loss: 0.5827
Epoch 49/50
 - 1s - loss: 0.6229 - val_loss: 0.5821
Epoch 50/50
 - 1s - loss: 0.6219 - val_loss: 0.5815
[38;2;74;176;245m[1mProfile[0m ⏱  ···· Time elapsed in [1mFold 2/3[0m: ................................ [1m70.3s[0m
[38;2;74;176;245m[1mProfile[0m ⏱  ···· Starting [1mFold 3/3[0m
Train on 1333334 samples, validate on 666666 samples
Epoch 1/50
 - 1s - loss: 0.6956 - val_loss: 0.6042
Epoch 2/50
 - 1s - loss: 0.6854 - val_loss: 0.5966
Epoch 3/50
 - 1s - loss: 0.6762 - val_loss: 0.5918
Epoch 4/50
 - 1s - loss: 0.6719 - val_loss: 0.5876
Epoch 5/50
 - 2s - loss: 0.6663 - val_loss: 0.5830
Epoch 6/50
 - 1s - loss: 0.6621 - val_loss: 0.5807
Epoch 7/50
 - 1s - loss: 0.6593 - val_loss: 0.5779
Epoch 8/50
 - 1s - loss: 0.6544 - val_loss: 0.5749
Epoch 9/50
 - 1s - loss: 0.6518 - val_loss: 0.5727
Epoch 10/50
 - 1s - loss: 0.6496 - val_loss: 0.5705
Epoch 11/50
 - 1s - loss: 0.6470 - val_loss: 0.5682
Epoch 12/50
 - 1s - loss: 0.6440 - val_loss: 0.5663
Epoch 13/50
 - 1s - loss: 0.6419 - val_loss: 0.5648
Epoch 14/50
 - 1s - loss: 0.6404 - val_loss: 0.5633
Epoch 15/50
 - 1s - loss: 0.6375 - val_loss: 0.5616
Epoch 16/50
 - 1s - loss: 0.6352 - val_loss: 0.5601
Epoch 17/50
 - 1s - loss: 0.6335 - val_loss: 0.5580
Epoch 18/50
 - 1s - loss: 0.6315 - val_loss: 0.5565
Epoch 19/50
 - 1s - loss: 0.6300 - val_loss: 0.5548
Epoch 20/50
 - 1s - loss: 0.6274 - val_loss: 0.5535
Epoch 21/50
 - 2s - loss: 0.6266 - val_loss: 0.5521
Epoch 22/50
 - 2s - loss: 0.6238 - val_loss: 0.5508
Epoch 23/50
 - 1s - loss: 0.6225 - val_loss: 0.5502
Epoch 24/50
 - 1s - loss: 0.6213 - val_loss: 0.5487
Epoch 25/50
 - 1s - loss: 0.6193 - val_loss: 0.5478
Epoch 26/50
 - 1s - loss: 0.6181 - val_loss: 0.5465
Epoch 27/50
 - 1s - loss: 0.6164 - val_loss: 0.5457
Epoch 28/50
 - 1s - loss: 0.6160 - val_loss: 0.5454
Epoch 29/50
 - 1s - loss: 0.6135 - val_loss: 0.5438
Epoch 30/50
 - 1s - loss: 0.6134 - val_loss: 0.5430
Epoch 31/50
 - 1s - loss: 0.6110 - val_loss: 0.5418
Epoch 32/50
 - 1s - loss: 0.6099 - val_loss: 0.5409
Epoch 33/50
 - 1s - loss: 0.6082 - val_loss: 0.5396
Epoch 34/50
 - 1s - loss: 0.6072 - val_loss: 0.5391
Epoch 35/50
 - 1s - loss: 0.6063 - val_loss: 0.5380
Epoch 36/50
 - 1s - loss: 0.6049 - val_loss: 0.5379
Epoch 37/50
 - 2s - loss: 0.6040 - val_loss: 0.5370
Epoch 38/50
 - 1s - loss: 0.6034 - val_loss: 0.5360
Epoch 39/50
 - 1s - loss: 0.6018 - val_loss: 0.5350
Epoch 40/50
 - 1s - loss: 0.6007 - val_loss: 0.5347
Epoch 41/50
 - 1s - loss: 0.5998 - val_loss: 0.5342
Epoch 42/50
 - 1s - loss: 0.5981 - val_loss: 0.5336
Epoch 43/50
 - 1s - loss: 0.5977 - val_loss: 0.5326
Epoch 44/50
 - 1s - loss: 0.5965 - val_loss: 0.5318
Epoch 45/50
 - 1s - loss: 0.5965 - val_loss: 0.5312
Epoch 46/50
 - 1s - loss: 0.5949 - val_loss: 0.5312
Epoch 47/50
 - 1s - loss: 0.5937 - val_loss: 0.5297
Epoch 48/50
 - 1s - loss: 0.5936 - val_loss: 0.5293
Epoch 49/50
 - 1s - loss: 0.5924 - val_loss: 0.5292
Epoch 50/50
 - 1s - loss: 0.5914 - val_loss: 0.5283
Got result 0.580353287173
Completed successfully in 304.81 seconds. [{u'main': 0.5803532871725717}]
[38;2;74;176;245m[1mProfile[0m ⏱  ···· Time elapsed in [1mFold 3/3[0m: ................................ [1m67.5s[0m
[38;2;74;176;245m[1mProfile[0m ⏱  ·· Time elapsed in [1mClassifier-only fit, cross-validation[0m: .... [1m230.0s[0m
[38;2;74;176;245m[1mProfile[0m ⏱  Time elapsed in [1m@main[0m: ....................................... [1m282.6s[0m
cd: Going back to /exports/eddie3_homes_local/s1562020/work/adversarial/optimisation/experiments/classifier
