Job launching after 5.25 seconds in submission.
Running python job.
Changed into dir /exports/eddie3_homes_local/s1562020/work/adversarial/optimisation/experiments/classifier
Importing optimise.py
Running optimise.main()
INFO: Applying patch '/exports/eddie3_homes_local/s1562020/work/adversarial/optimisation/experiments/classifier/patches/patch.00000056.json'
INFO: Found 20 Intel(R) Xeon(R) CPU E5-2630 v4 @ 2.20GHz devices with 10 cores each.
Using TensorFlow backend.
INFO: Scaling classifier/lr -5 -> 1e-05
INFO: Scaling classifier/decay -2 -> 0.01
INFO: Scaling classifier/units 1 -> 2
INFO: Writing TensorBoard logs to 'logs/tensorboard/classifier-patch.00000056/'
INFO: Running '/exports/eddie3_homes_local/s1562020/work/adversarial/run/adversarial/common.pyc'
INFO: Command-line arguments:
INFO: Configuration file contents:
INFO: Python version: 2.7.14
INFO: Numpy  version: 1.12.1
INFO: Keras  version: 2.1.5
INFO: Using keras backend: 'tensorflow'
INFO: Found  1000000 training and  1000249 test samples for signal
INFO: Found  1000000 training and 10000000 test samples for background
INFO: load_data: Selecting only training data.
INFO: Implementing gradient reversal layer in TensorFlow
INFO: Training cross-validation classifiers
Call to main function (#56)
  Parameters: {u'classifier/model/default/units': array([1]), u'classifier/compile/decay': array([-2]), u'classifier/model/default/dropout': array([ 0.3507859]), u'classifier/compile/lr': array([-5]), u'classifier/model/architecture': array([1]), u'classifier/model/default/activation': [u'tanh']}
param: classifier/model/default/units
param: classifier/compile/decay
param: classifier/model/default/dropout
param: classifier/compile/lr
param: classifier/model/architecture
param: classifier/model/default/activation
- - - - - - - - - - - - - - - - - - - - - - - - - - - - - - - - - - - - - - - - 
Saving the following patch to '/exports/eddie3_homes_local/s1562020/work/adversarial/optimisation/experiments/classifier/patches/patch.00000056.json':
{u'classifier': {u'compile': {u'lr': -5, u'decay': -2}, u'model': {u'default': {u'units': 1, u'dropout': 0.3507859042078087, u'activation': u'tanh'}, u'architecture': 1}, 'fit': {'epochs': 50, 'batch_size': 8192}}}
- - - - - - - - - - - - - - - - - - - - - - - - - - - - - - - - - - - - - - - - 
cd: Going to /exports/eddie3_homes_local/s1562020/work/adversarial/
[38;2;74;176;245m[1mProfile[0m ⏱  Starting [1m@main[0m
[38;2;74;176;245m[1mProfile[0m ⏱  ·· Starting [1mInitialisation[0m
[38;2;74;176;245m[1mProfile[0m ⏱  ···· Starting [1m@initialise[0m
[38;2;74;176;245m[1mProfile[0m ⏱  ···· Time elapsed in [1m@initialise[0m: .............................. [1m0.1s[0m
[38;2;74;176;245m[1mProfile[0m ⏱  ···· Starting [1m@initialise_backend[0m
[38;2;74;176;245m[1mProfile[0m ⏱  ······ Starting [1m@configure_tensorflow[0m
[38;2;74;176;245m[1mProfile[0m ⏱  ······ Time elapsed in [1m@configure_tensorflow[0m: ................. [1m18.0s[0m
[38;2;74;176;245m[1mProfile[0m ⏱  ···· Time elapsed in [1m@initialise_backend[0m: ..................... [1m19.1s[0m
{'config': './configs/default.json',
 'devices': 7,
 'folds': 3,
 'gpu': True,
 'input': './input/',
 'jobname': 'classifier-patch.00000056',
 'mode': 'gpu',
 'optimise_adversarial': False,
 'optimise_classifier': True,
 'output': './output/',
 'patches': ['/exports/eddie3_homes_local/s1562020/work/adversarial/optimisation/experiments/classifier/patches/patch.00000056.json'],
 'tensorboard': True,
 'theano': False,
 'train': False,
 'train_adversarial': False,
 'train_classifier': True,
 'verbose': False}
{u'adversary': {u'compile': {},
                u'fit': {},
                u'model': {u'architecture': [{}, {}, {}, {}],
                           u'default': {u'activation': u'relu',
                                        u'units': 64},
                           u'gmm_components': 5}},
 u'classifier': {u'compile': {u'loss': u'binary_crossentropy',
                              u'optimizer': <keras.optimizers.Adam object at 0x2afad6058310>},
                 u'fit': {u'batch_size': 57344,
                          u'epochs': 50,
                          u'shuffle': True,
                          'verbose': 2},
                 u'model': {u'architecture': [{}],
                            u'default': {u'activation': u'tanh',
                                         u'batchnorm': True,
                                         u'dropout': 0.3507859042078087,
                                         u'units': 2}}},
 u'combined': {u'compile': {u'loss': [u'binary_crossentropy', None],
                            u'loss_weights': [1.8181818181818182e-09, 1.0],
                            u'optimizer': <keras.optimizers.Adam object at 0x2afad6058350>},
               u'fit': {u'batch_size': 57344,
                        u'epochs': 100,
                        u'shuffle': True,
                        'verbose': 2},
               u'model': {u'lambda_reg': 10.0,
                          u'lr_ratio': 1.8181818181818182e-09},
               u'pretrain': 10}}
  TensorFlow version: 1.4.1
[38;2;74;176;245m[1mProfile[0m ⏱  ·· Time elapsed in [1mInitialisation[0m: ............................ [1m19.3s[0m
[38;2;74;176;245m[1mProfile[0m ⏱  ·· Starting [1m@load_data[0m
[38;2;74;176;245m[1mProfile[0m ⏱  ·· Time elapsed in [1m@load_data[0m: ................................ [1m34.5s[0m
[38;2;74;176;245m[1mProfile[0m ⏱  ·· Starting [1m@get_decorrelation_variables[0m
[38;2;74;176;245m[1mProfile[0m ⏱  ·· Time elapsed in [1m@get_decorrelation_variables[0m: ............... [1m0.0s[0m
[38;2;74;176;245m[1mProfile[0m ⏱  ·· Starting [1mClassifier-only fit, cross-validation[0m
[38;2;74;176;245m[1mProfile[0m ⏱  ···· Starting [1mFold 1/3[0m
Train on 1333332 samples, validate on 666668 samples
Epoch 1/50
 - 2s - loss: 0.7131 - val_loss: 0.7009
Epoch 2/50
 - 2s - loss: 0.7130 - val_loss: 0.6969
Epoch 3/50
 - 2s - loss: 0.7121 - val_loss: 0.6918
Epoch 4/50
 - 2s - loss: 0.7113 - val_loss: 0.6897
Epoch 5/50
 - 2s - loss: 0.7119 - val_loss: 0.6936
Epoch 6/50
 - 2s - loss: 0.7098 - val_loss: 0.6923
Epoch 7/50
 - 2s - loss: 0.7117 - val_loss: 0.6904
Epoch 8/50
 - 2s - loss: 0.7121 - val_loss: 0.6940
Epoch 9/50
 - 2s - loss: 0.7110 - val_loss: 0.6931
Epoch 10/50
 - 2s - loss: 0.7116 - val_loss: 0.6875
Epoch 11/50
 - 2s - loss: 0.7105 - val_loss: 0.6886
Epoch 12/50
 - 2s - loss: 0.7105 - val_loss: 0.6932
Epoch 13/50
 - 2s - loss: 0.7104 - val_loss: 0.6871
Epoch 14/50
 - 2s - loss: 0.7109 - val_loss: 0.6909
Epoch 15/50
 - 2s - loss: 0.7098 - val_loss: 0.6878
Epoch 16/50
 - 2s - loss: 0.7114 - val_loss: 0.6885
Epoch 17/50
 - 2s - loss: 0.7108 - val_loss: 0.6883
Epoch 18/50
 - 2s - loss: 0.7096 - val_loss: 0.6916
Epoch 19/50
 - 2s - loss: 0.7108 - val_loss: 0.6847
Epoch 20/50
 - 2s - loss: 0.7103 - val_loss: 0.6933
Epoch 21/50
 - 2s - loss: 0.7104 - val_loss: 0.6907
Epoch 22/50
 - 2s - loss: 0.7093 - val_loss: 0.6888
Epoch 23/50
 - 2s - loss: 0.7101 - val_loss: 0.6901
Epoch 24/50
 - 2s - loss: 0.7101 - val_loss: 0.6917
Epoch 25/50
 - 2s - loss: 0.7098 - val_loss: 0.6924
Epoch 26/50
 - 3s - loss: 0.7103 - val_loss: 0.6882
Epoch 27/50
 - 2s - loss: 0.7097 - val_loss: 0.6873
Epoch 28/50
 - 2s - loss: 0.7104 - val_loss: 0.6897
Epoch 29/50
 - 2s - loss: 0.7097 - val_loss: 0.6883
Epoch 30/50
 - 2s - loss: 0.7102 - val_loss: 0.6871
Epoch 31/50
 - 2s - loss: 0.7095 - val_loss: 0.6842
Epoch 32/50
 - 2s - loss: 0.7098 - val_loss: 0.6921
Epoch 33/50
 - 2s - loss: 0.7093 - val_loss: 0.6880
Epoch 34/50
 - 2s - loss: 0.7090 - val_loss: 0.6871
Epoch 35/50
 - 2s - loss: 0.7095 - val_loss: 0.6883
Epoch 36/50
 - 2s - loss: 0.7090 - val_loss: 0.6899
Epoch 37/50
 - 2s - loss: 0.7090 - val_loss: 0.6931
Epoch 38/50
 - 2s - loss: 0.7077 - val_loss: 0.6931
Epoch 39/50
 - 2s - loss: 0.7097 - val_loss: 0.6953
Epoch 40/50
 - 2s - loss: 0.7091 - val_loss: 0.6876
Epoch 41/50
 - 2s - loss: 0.7093 - val_loss: 0.6942
Epoch 42/50
 - 2s - loss: 0.7091 - val_loss: 0.6902
Epoch 43/50
 - 2s - loss: 0.7096 - val_loss: 0.6897
Epoch 44/50
 - 2s - loss: 0.7093 - val_loss: 0.6834
Epoch 45/50
 - 2s - loss: 0.7075 - val_loss: 0.6878
Epoch 46/50
 - 2s - loss: 0.7084 - val_loss: 0.6819
Epoch 47/50
 - 2s - loss: 0.7091 - val_loss: 0.6855
Epoch 48/50
 - 2s - loss: 0.7081 - val_loss: 0.6877
Epoch 49/50
 - 2s - loss: 0.7094 - val_loss: 0.6898
Epoch 50/50
 - 2s - loss: 0.7090 - val_loss: 0.6862
[38;2;74;176;245m[1mProfile[0m ⏱  ···· Time elapsed in [1mFold 1/3[0m: ............................... [1m129.1s[0m
[38;2;74;176;245m[1mProfile[0m ⏱  ···· Starting [1mFold 2/3[0m
Train on 1333334 samples, validate on 666666 samples
Epoch 1/50
 - 3s - loss: 0.6852 - val_loss: 0.6427
Epoch 2/50
 - 2s - loss: 0.6840 - val_loss: 0.6461
Epoch 3/50
 - 2s - loss: 0.6851 - val_loss: 0.6456
Epoch 4/50
 - 2s - loss: 0.6852 - val_loss: 0.6432
Epoch 5/50
 - 2s - loss: 0.6845 - val_loss: 0.6470
Epoch 6/50
 - 2s - loss: 0.6849 - val_loss: 0.6445
Epoch 7/50
 - 2s - loss: 0.6849 - val_loss: 0.6448
Epoch 8/50
 - 2s - loss: 0.6853 - val_loss: 0.6460
Epoch 9/50
 - 2s - loss: 0.6842 - val_loss: 0.6451
Epoch 10/50
 - 2s - loss: 0.6851 - val_loss: 0.6453
Epoch 11/50
 - 2s - loss: 0.6851 - val_loss: 0.6440
Epoch 12/50
 - 2s - loss: 0.6850 - val_loss: 0.6457
Epoch 13/50
 - 2s - loss: 0.6853 - val_loss: 0.6452
Epoch 14/50
 - 2s - loss: 0.6849 - val_loss: 0.6457
Epoch 15/50
 - 2s - loss: 0.6847 - val_loss: 0.6459
Epoch 16/50
 - 2s - loss: 0.6842 - val_loss: 0.6441
Epoch 17/50
 - 2s - loss: 0.6850 - val_loss: 0.6460
Epoch 18/50
 - 2s - loss: 0.6848 - val_loss: 0.6445
Epoch 19/50
 - 2s - loss: 0.6844 - val_loss: 0.6454
Epoch 20/50
 - 1s - loss: 0.6851 - val_loss: 0.6457
Epoch 21/50
 - 2s - loss: 0.6849 - val_loss: 0.6457
Epoch 22/50
 - 2s - loss: 0.6847 - val_loss: 0.6468
Epoch 23/50
 - 2s - loss: 0.6847 - val_loss: 0.6433
Epoch 24/50
 - 2s - loss: 0.6848 - val_loss: 0.6456
Epoch 25/50
 - 2s - loss: 0.6848 - val_loss: 0.6451
Epoch 26/50
 - 2s - loss: 0.6849 - val_loss: 0.6449
Epoch 27/50
 - 2s - loss: 0.6846 - val_loss: 0.6439
Epoch 28/50
 - 2s - loss: 0.6852 - val_loss: 0.6446
Epoch 29/50
 - 2s - loss: 0.6843 - val_loss: 0.6439
Epoch 30/50
 - 2s - loss: 0.6853 - val_loss: 0.6452
Epoch 31/50
 - 2s - loss: 0.6848 - val_loss: 0.6452
Epoch 32/50
 - 2s - loss: 0.6845 - val_loss: 0.6445
Epoch 33/50
 - 2s - loss: 0.6848 - val_loss: 0.6442
Epoch 34/50
 - 2s - loss: 0.6850 - val_loss: 0.6474
Epoch 35/50
 - 2s - loss: 0.6847 - val_loss: 0.6453
Epoch 36/50
 - 2s - loss: 0.6842 - val_loss: 0.6451
Epoch 37/50
 - 2s - loss: 0.6838 - val_loss: 0.6454
Epoch 38/50
 - 2s - loss: 0.6848 - val_loss: 0.6450
Epoch 39/50
 - 2s - loss: 0.6843 - val_loss: 0.6439
Epoch 40/50
 - 2s - loss: 0.6840 - val_loss: 0.6448
Epoch 41/50
 - 2s - loss: 0.6840 - val_loss: 0.6444
Epoch 42/50
 - 2s - loss: 0.6847 - val_loss: 0.6455
Epoch 43/50
 - 2s - loss: 0.6845 - val_loss: 0.6467
Epoch 44/50
 - 2s - loss: 0.6846 - val_loss: 0.6432
Epoch 45/50
 - 2s - loss: 0.6842 - val_loss: 0.6438
Epoch 46/50
 - 2s - loss: 0.6850 - val_loss: 0.6439
Epoch 47/50
 - 2s - loss: 0.6854 - val_loss: 0.6445
Epoch 48/50
 - 2s - loss: 0.6844 - val_loss: 0.6443
Epoch 49/50
 - 2s - loss: 0.6844 - val_loss: 0.6469
Epoch 50/50
 - 2s - loss: 0.6844 - val_loss: 0.6455
[38;2;74;176;245m[1mProfile[0m ⏱  ···· Time elapsed in [1mFold 2/3[0m: ............................... [1m101.9s[0m
[38;2;74;176;245m[1mProfile[0m ⏱  ···· Starting [1mFold 3/3[0m
Train on 1333334 samples, validate on 666666 samples
Epoch 1/50
 - 3s - loss: 0.6710 - val_loss: 0.6109
Epoch 2/50
 - 2s - loss: 0.6713 - val_loss: 0.6113
Epoch 3/50
 - 2s - loss: 0.6709 - val_loss: 0.6128
Epoch 4/50
 - 2s - loss: 0.6713 - val_loss: 0.6127
Epoch 5/50
 - 2s - loss: 0.6711 - val_loss: 0.6119
Epoch 6/50
 - 2s - loss: 0.6704 - val_loss: 0.6121
Epoch 7/50
 - 2s - loss: 0.6716 - val_loss: 0.6123
Epoch 8/50
 - 2s - loss: 0.6697 - val_loss: 0.6122
Epoch 9/50
 - 2s - loss: 0.6704 - val_loss: 0.6121
Epoch 10/50
 - 2s - loss: 0.6711 - val_loss: 0.6122
Epoch 11/50
 - 2s - loss: 0.6706 - val_loss: 0.6125
Epoch 12/50
 - 2s - loss: 0.6701 - val_loss: 0.6122
Epoch 13/50
 - 2s - loss: 0.6707 - val_loss: 0.6121
Epoch 14/50
 - 2s - loss: 0.6711 - val_loss: 0.6123
Epoch 15/50
 - 2s - loss: 0.6708 - val_loss: 0.6123
Epoch 16/50
 - 2s - loss: 0.6706 - val_loss: 0.6123
Epoch 17/50
 - 2s - loss: 0.6705 - val_loss: 0.6121
Epoch 18/50
 - 2s - loss: 0.6710 - val_loss: 0.6129
Epoch 19/50
 - 2s - loss: 0.6709 - val_loss: 0.6127
Epoch 20/50
 - 2s - loss: 0.6700 - val_loss: 0.6123
Epoch 21/50
 - 2s - loss: 0.6711 - val_loss: 0.6116
Epoch 22/50
 - 2s - loss: 0.6703 - val_loss: 0.6120
Epoch 23/50
 - 2s - loss: 0.6703 - val_loss: 0.6117
Epoch 24/50
 - 2s - loss: 0.6703 - val_loss: 0.6120
Epoch 25/50
 - 2s - loss: 0.6702 - val_loss: 0.6120
Epoch 26/50
 - 2s - loss: 0.6709 - val_loss: 0.6117
Epoch 27/50
 - 2s - loss: 0.6700 - val_loss: 0.6119
Epoch 28/50
 - 2s - loss: 0.6704 - val_loss: 0.6125
Epoch 29/50
 - 2s - loss: 0.6700 - val_loss: 0.6120
Epoch 30/50
 - 2s - loss: 0.6710 - val_loss: 0.6121
Epoch 31/50
 - 1s - loss: 0.6702 - val_loss: 0.6118
Epoch 32/50
 - 1s - loss: 0.6703 - val_loss: 0.6119
Epoch 33/50
 - 2s - loss: 0.6700 - val_loss: 0.6124
Epoch 34/50
 - 2s - loss: 0.6704 - val_loss: 0.6116
Epoch 35/50
 - 2s - loss: 0.6707 - val_loss: 0.6118
Epoch 36/50
 - 2s - loss: 0.6696 - val_loss: 0.6121
Epoch 37/50
 - 2s - loss: 0.6704 - val_loss: 0.6117
Epoch 38/50
 - 2s - loss: 0.6708 - val_loss: 0.6125
Epoch 39/50
 - 2s - loss: 0.6702 - val_loss: 0.6118
Epoch 40/50
 - 2s - loss: 0.6702 - val_loss: 0.6125
Epoch 41/50
 - 2s - loss: 0.6700 - val_loss: 0.6120
Epoch 42/50
 - 2s - loss: 0.6697 - val_loss: 0.6123
Epoch 43/50
 - 2s - loss: 0.6700 - val_loss: 0.6119
Epoch 44/50
 - 2s - loss: 0.6702 - val_loss: 0.6117
Epoch 45/50
 - 1s - loss: 0.6706 - val_loss: 0.6114
Epoch 46/50
 - 1s - loss: 0.6705 - val_loss: 0.6117
Epoch 47/50
 - 2s - loss: 0.6705 - val_loss: 0.6114
Epoch 48/50
 - 1s - loss: 0.6711 - val_loss: 0.6123
Epoch 49/50
 - 1s - loss: 0.6701 - val_loss: 0.6120
Epoch 50/50
 - 1s - loss: 0.6700 - val_loss: 0.6119
Got result 0.678237559944
Completed successfully in 410.71 seconds. [{u'main': 0.6782375599444606}]
[38;2;74;176;245m[1mProfile[0m ⏱  ···· Time elapsed in [1mFold 3/3[0m: ............................... [1m100.1s[0m
[38;2;74;176;245m[1mProfile[0m ⏱  ·· Time elapsed in [1mClassifier-only fit, cross-validation[0m: .... [1m331.7s[0m
[38;2;74;176;245m[1mProfile[0m ⏱  Time elapsed in [1m@main[0m: ....................................... [1m385.8s[0m
cd: Going back to /exports/eddie3_homes_local/s1562020/work/adversarial/optimisation/experiments/classifier
