Job launching after 4.40 seconds in submission.
Running python job.
Changed into dir /exports/eddie3_homes_local/s1562020/work/adversarial/optimisation/experiments/classifier
Importing optimise.py
Running optimise.main()
INFO: Applying patch '/exports/eddie3_homes_local/s1562020/work/adversarial/optimisation/experiments/classifier/patches/patch.00000082.json'
INFO: Found 20 Intel(R) Xeon(R) CPU E5-2630 v4 @ 2.20GHz devices with 10 cores each.
Using TensorFlow backend.
INFO: Scaling classifier/lr -5 -> 1e-05
INFO: Scaling classifier/decay -6 -> 1e-06
INFO: Scaling classifier/units 9 -> 512
INFO: Writing TensorBoard logs to 'logs/tensorboard/classifier-patch.00000082/'
INFO: Running '/exports/eddie3_homes_local/s1562020/work/adversarial/run/adversarial/common.pyc'
INFO: Command-line arguments:
INFO: Configuration file contents:
INFO: Python version: 2.7.14
INFO: Numpy  version: 1.12.1
INFO: Keras  version: 2.1.5
INFO: Using keras backend: 'tensorflow'
INFO: Found  1000000 training and  1000249 test samples for signal
INFO: Found  1000000 training and 10000000 test samples for background
INFO: load_data: Selecting only training data.
INFO: Implementing gradient reversal layer in TensorFlow
INFO: Training cross-validation classifiers
Call to main function (#82)
  Parameters: {u'classifier/model/default/units': array([9]), u'classifier/compile/decay': array([-6]), u'classifier/model/default/dropout': array([ 0.45729054]), u'classifier/compile/lr': array([-5]), u'classifier/model/architecture': array([1]), u'classifier/model/default/activation': [u'relu']}
param: classifier/model/default/units
param: classifier/compile/decay
param: classifier/model/default/dropout
param: classifier/compile/lr
param: classifier/model/architecture
param: classifier/model/default/activation
- - - - - - - - - - - - - - - - - - - - - - - - - - - - - - - - - - - - - - - - 
Saving the following patch to '/exports/eddie3_homes_local/s1562020/work/adversarial/optimisation/experiments/classifier/patches/patch.00000082.json':
{u'classifier': {u'compile': {u'lr': -5, u'decay': -6}, u'model': {u'default': {u'units': 9, u'dropout': 0.45729053967247246, u'activation': u'relu'}, u'architecture': 1}, 'fit': {'epochs': 50, 'batch_size': 8192}}}
- - - - - - - - - - - - - - - - - - - - - - - - - - - - - - - - - - - - - - - - 
cd: Going to /exports/eddie3_homes_local/s1562020/work/adversarial/
[38;2;74;176;245m[1mProfile[0m ⏱  Starting [1m@main[0m
[38;2;74;176;245m[1mProfile[0m ⏱  ·· Starting [1mInitialisation[0m
[38;2;74;176;245m[1mProfile[0m ⏱  ···· Starting [1m@initialise[0m
[38;2;74;176;245m[1mProfile[0m ⏱  ···· Time elapsed in [1m@initialise[0m: .............................. [1m0.0s[0m
[38;2;74;176;245m[1mProfile[0m ⏱  ···· Starting [1m@initialise_backend[0m
[38;2;74;176;245m[1mProfile[0m ⏱  ······ Starting [1m@configure_tensorflow[0m
[38;2;74;176;245m[1mProfile[0m ⏱  ······ Time elapsed in [1m@configure_tensorflow[0m: ................. [1m15.0s[0m
[38;2;74;176;245m[1mProfile[0m ⏱  ···· Time elapsed in [1m@initialise_backend[0m: ..................... [1m16.4s[0m
{'config': './configs/default.json',
 'devices': 7,
 'folds': 3,
 'gpu': True,
 'input': './input/',
 'jobname': 'classifier-patch.00000082',
 'mode': 'gpu',
 'optimise_adversarial': False,
 'optimise_classifier': True,
 'output': './output/',
 'patches': ['/exports/eddie3_homes_local/s1562020/work/adversarial/optimisation/experiments/classifier/patches/patch.00000082.json'],
 'tensorboard': True,
 'theano': False,
 'train': False,
 'train_adversarial': False,
 'train_classifier': True,
 'verbose': False}
{u'adversary': {u'compile': {},
                u'fit': {},
                u'model': {u'architecture': [{}, {}, {}, {}],
                           u'default': {u'activation': u'relu',
                                        u'units': 64},
                           u'gmm_components': 5}},
 u'classifier': {u'compile': {u'loss': u'binary_crossentropy',
                              u'optimizer': <keras.optimizers.Adam object at 0x2b223f8982d0>},
                 u'fit': {u'batch_size': 57344,
                          u'epochs': 50,
                          u'shuffle': True,
                          'verbose': 2},
                 u'model': {u'architecture': [{}],
                            u'default': {u'activation': u'relu',
                                         u'batchnorm': True,
                                         u'dropout': 0.45729053967247246,
                                         u'units': 512}}},
 u'combined': {u'compile': {u'loss': [u'binary_crossentropy', None],
                            u'loss_weights': [1.8181818181818182e-09, 1.0],
                            u'optimizer': <keras.optimizers.Adam object at 0x2b223f8983d0>},
               u'fit': {u'batch_size': 57344,
                        u'epochs': 500,
                        u'shuffle': True,
                        'verbose': 2},
               u'model': {u'lambda_reg': 10.0,
                          u'lr_ratio': 1.8181818181818182e-09},
               u'pretrain': 10}}
  TensorFlow version: 1.4.1
[38;2;74;176;245m[1mProfile[0m ⏱  ·· Time elapsed in [1mInitialisation[0m: ............................ [1m16.5s[0m
[38;2;74;176;245m[1mProfile[0m ⏱  ·· Starting [1m@load_data[0m
[38;2;74;176;245m[1mProfile[0m ⏱  ·· Time elapsed in [1m@load_data[0m: ................................ [1m32.5s[0m
[38;2;74;176;245m[1mProfile[0m ⏱  ·· Starting [1m@get_decorrelation_variables[0m
[38;2;74;176;245m[1mProfile[0m ⏱  ·· Time elapsed in [1m@get_decorrelation_variables[0m: ............... [1m0.0s[0m
[38;2;74;176;245m[1mProfile[0m ⏱  ·· Starting [1mClassifier-only fit, cross-validation[0m
[38;2;74;176;245m[1mProfile[0m ⏱  ···· Starting [1mFold 1/3[0m
Train on 1333332 samples, validate on 666668 samples
Epoch 1/50
 - 2s - loss: 0.6993 - val_loss: 0.6938
Epoch 2/50
 - 1s - loss: 0.6946 - val_loss: 0.6892
Epoch 3/50
 - 1s - loss: 0.6896 - val_loss: 0.6846
Epoch 4/50
 - 2s - loss: 0.6849 - val_loss: 0.6801
Epoch 5/50
 - 1s - loss: 0.6804 - val_loss: 0.6757
Epoch 6/50
 - 1s - loss: 0.6758 - val_loss: 0.6717
Epoch 7/50
 - 2s - loss: 0.6714 - val_loss: 0.6679
Epoch 8/50
 - 2s - loss: 0.6675 - val_loss: 0.6642
Epoch 9/50
 - 2s - loss: 0.6635 - val_loss: 0.6603
Epoch 10/50
 - 2s - loss: 0.6595 - val_loss: 0.6560
Epoch 11/50
 - 1s - loss: 0.6555 - val_loss: 0.6526
Epoch 12/50
 - 2s - loss: 0.6517 - val_loss: 0.6493
Epoch 13/50
 - 2s - loss: 0.6483 - val_loss: 0.6461
Epoch 14/50
 - 1s - loss: 0.6446 - val_loss: 0.6425
Epoch 15/50
 - 2s - loss: 0.6411 - val_loss: 0.6392
Epoch 16/50
 - 1s - loss: 0.6378 - val_loss: 0.6358
Epoch 17/50
 - 1s - loss: 0.6346 - val_loss: 0.6324
Epoch 18/50
 - 1s - loss: 0.6310 - val_loss: 0.6300
Epoch 19/50
 - 1s - loss: 0.6283 - val_loss: 0.6260
Epoch 20/50
 - 1s - loss: 0.6251 - val_loss: 0.6226
Epoch 21/50
 - 1s - loss: 0.6221 - val_loss: 0.6214
Epoch 22/50
 - 1s - loss: 0.6190 - val_loss: 0.6180
Epoch 23/50
 - 1s - loss: 0.6160 - val_loss: 0.6140
Epoch 24/50
 - 1s - loss: 0.6134 - val_loss: 0.6129
Epoch 25/50
 - 2s - loss: 0.6105 - val_loss: 0.6092
Epoch 26/50
 - 1s - loss: 0.6078 - val_loss: 0.6067
Epoch 27/50
 - 1s - loss: 0.6051 - val_loss: 0.6049
Epoch 28/50
 - 2s - loss: 0.6027 - val_loss: 0.6043
Epoch 29/50
 - 1s - loss: 0.6002 - val_loss: 0.6005
Epoch 30/50
 - 1s - loss: 0.5975 - val_loss: 0.5973
Epoch 31/50
 - 2s - loss: 0.5950 - val_loss: 0.5956
Epoch 32/50
 - 1s - loss: 0.5924 - val_loss: 0.5927
Epoch 33/50
 - 1s - loss: 0.5901 - val_loss: 0.5900
Epoch 34/50
 - 1s - loss: 0.5876 - val_loss: 0.5878
Epoch 35/50
 - 1s - loss: 0.5854 - val_loss: 0.5865
Epoch 36/50
 - 1s - loss: 0.5831 - val_loss: 0.5835
Epoch 37/50
 - 1s - loss: 0.5805 - val_loss: 0.5778
Epoch 38/50
 - 2s - loss: 0.5783 - val_loss: 0.5800
Epoch 39/50
 - 1s - loss: 0.5766 - val_loss: 0.5765
Epoch 40/50
 - 1s - loss: 0.5744 - val_loss: 0.5746
Epoch 41/50
 - 1s - loss: 0.5722 - val_loss: 0.5723
Epoch 42/50
 - 1s - loss: 0.5703 - val_loss: 0.5711
Epoch 43/50
 - 1s - loss: 0.5681 - val_loss: 0.5679
Epoch 44/50
 - 2s - loss: 0.5658 - val_loss: 0.5672
Epoch 45/50
 - 2s - loss: 0.5639 - val_loss: 0.5637
Epoch 46/50
 - 1s - loss: 0.5620 - val_loss: 0.5614
Epoch 47/50
 - 2s - loss: 0.5602 - val_loss: 0.5597
Epoch 48/50
 - 1s - loss: 0.5580 - val_loss: 0.5593
Epoch 49/50
 - 1s - loss: 0.5565 - val_loss: 0.5565
Epoch 50/50
 - 1s - loss: 0.5547 - val_loss: 0.5554
[38;2;74;176;245m[1mProfile[0m ⏱  ···· Time elapsed in [1mFold 1/3[0m: ................................ [1m97.4s[0m
[38;2;74;176;245m[1mProfile[0m ⏱  ···· Starting [1mFold 2/3[0m
Train on 1333334 samples, validate on 666666 samples
Epoch 1/50
 - 2s - loss: 0.6926 - val_loss: 0.6748
Epoch 2/50
 - 1s - loss: 0.6710 - val_loss: 0.6583
Epoch 3/50
 - 1s - loss: 0.6557 - val_loss: 0.6461
Epoch 4/50
 - 1s - loss: 0.6441 - val_loss: 0.6362
Epoch 5/50
 - 2s - loss: 0.6350 - val_loss: 0.6283
Epoch 6/50
 - 2s - loss: 0.6271 - val_loss: 0.6213
Epoch 7/50
 - 2s - loss: 0.6199 - val_loss: 0.6148
Epoch 8/50
 - 1s - loss: 0.6139 - val_loss: 0.6093
Epoch 9/50
 - 2s - loss: 0.6081 - val_loss: 0.6054
Epoch 10/50
 - 2s - loss: 0.6028 - val_loss: 0.5989
Epoch 11/50
 - 1s - loss: 0.5980 - val_loss: 0.5959
Epoch 12/50
 - 1s - loss: 0.5935 - val_loss: 0.5906
Epoch 13/50
 - 2s - loss: 0.5891 - val_loss: 0.5865
Epoch 14/50
 - 2s - loss: 0.5855 - val_loss: 0.5832
Epoch 15/50
 - 1s - loss: 0.5812 - val_loss: 0.5790
Epoch 16/50
 - 2s - loss: 0.5779 - val_loss: 0.5753
Epoch 17/50
 - 2s - loss: 0.5745 - val_loss: 0.5723
Epoch 18/50
 - 2s - loss: 0.5713 - val_loss: 0.5700
Epoch 19/50
 - 1s - loss: 0.5684 - val_loss: 0.5660
Epoch 20/50
 - 2s - loss: 0.5651 - val_loss: 0.5635
Epoch 21/50
 - 2s - loss: 0.5622 - val_loss: 0.5606
Epoch 22/50
 - 1s - loss: 0.5594 - val_loss: 0.5574
Epoch 23/50
 - 1s - loss: 0.5567 - val_loss: 0.5556
Epoch 24/50
 - 2s - loss: 0.5544 - val_loss: 0.5522
Epoch 25/50
 - 1s - loss: 0.5518 - val_loss: 0.5506
Epoch 26/50
 - 1s - loss: 0.5494 - val_loss: 0.5487
Epoch 27/50
 - 1s - loss: 0.5472 - val_loss: 0.5473
Epoch 28/50
 - 2s - loss: 0.5447 - val_loss: 0.5446
Epoch 29/50
 - 1s - loss: 0.5429 - val_loss: 0.5430
Epoch 30/50
 - 1s - loss: 0.5407 - val_loss: 0.5406
Epoch 31/50
 - 2s - loss: 0.5388 - val_loss: 0.5394
Epoch 32/50
 - 1s - loss: 0.5370 - val_loss: 0.5373
Epoch 33/50
 - 1s - loss: 0.5349 - val_loss: 0.5340
Epoch 34/50
 - 1s - loss: 0.5329 - val_loss: 0.5328
Epoch 35/50
 - 1s - loss: 0.5311 - val_loss: 0.5315
Epoch 36/50
 - 2s - loss: 0.5292 - val_loss: 0.5301
Epoch 37/50
 - 2s - loss: 0.5278 - val_loss: 0.5267
Epoch 38/50
 - 1s - loss: 0.5262 - val_loss: 0.5265
Epoch 39/50
 - 1s - loss: 0.5244 - val_loss: 0.5247
Epoch 40/50
 - 2s - loss: 0.5228 - val_loss: 0.5225
Epoch 41/50
 - 1s - loss: 0.5215 - val_loss: 0.5207
Epoch 42/50
 - 1s - loss: 0.5197 - val_loss: 0.5190
Epoch 43/50
 - 1s - loss: 0.5179 - val_loss: 0.5175
Epoch 44/50
 - 1s - loss: 0.5169 - val_loss: 0.5162
Epoch 45/50
 - 1s - loss: 0.5157 - val_loss: 0.5146
Epoch 46/50
 - 1s - loss: 0.5140 - val_loss: 0.5131
Epoch 47/50
 - 1s - loss: 0.5126 - val_loss: 0.5123
Epoch 48/50
 - 2s - loss: 0.5115 - val_loss: 0.5110
Epoch 49/50
 - 2s - loss: 0.5103 - val_loss: 0.5096
Epoch 50/50
 - 2s - loss: 0.5090 - val_loss: 0.5084
[38;2;74;176;245m[1mProfile[0m ⏱  ···· Time elapsed in [1mFold 2/3[0m: ................................ [1m81.0s[0m
[38;2;74;176;245m[1mProfile[0m ⏱  ···· Starting [1mFold 3/3[0m
Train on 1333334 samples, validate on 666666 samples
Epoch 1/50
 - 2s - loss: 0.6807 - val_loss: 0.6680
Epoch 2/50
 - 2s - loss: 0.6570 - val_loss: 0.6477
Epoch 3/50
 - 2s - loss: 0.6409 - val_loss: 0.6365
Epoch 4/50
 - 1s - loss: 0.6289 - val_loss: 0.6264
Epoch 5/50
 - 1s - loss: 0.6194 - val_loss: 0.6174
Epoch 6/50
 - 2s - loss: 0.6112 - val_loss: 0.6099
Epoch 7/50
 - 2s - loss: 0.6042 - val_loss: 0.6036
Epoch 8/50
 - 2s - loss: 0.5978 - val_loss: 0.5973
Epoch 9/50
 - 2s - loss: 0.5925 - val_loss: 0.5923
Epoch 10/50
 - 2s - loss: 0.5873 - val_loss: 0.5880
Epoch 11/50
 - 2s - loss: 0.5819 - val_loss: 0.5825
Epoch 12/50
 - 2s - loss: 0.5776 - val_loss: 0.5783
Epoch 13/50
 - 2s - loss: 0.5736 - val_loss: 0.5750
Epoch 14/50
 - 2s - loss: 0.5696 - val_loss: 0.5717
Epoch 15/50
 - 2s - loss: 0.5660 - val_loss: 0.5665
Epoch 16/50
 - 2s - loss: 0.5625 - val_loss: 0.5642
Epoch 17/50
 - 2s - loss: 0.5591 - val_loss: 0.5595
Epoch 18/50
 - 2s - loss: 0.5560 - val_loss: 0.5576
Epoch 19/50
 - 2s - loss: 0.5532 - val_loss: 0.5541
Epoch 20/50
 - 2s - loss: 0.5501 - val_loss: 0.5524
Epoch 21/50
 - 2s - loss: 0.5473 - val_loss: 0.5485
Epoch 22/50
 - 2s - loss: 0.5448 - val_loss: 0.5459
Epoch 23/50
 - 2s - loss: 0.5423 - val_loss: 0.5450
Epoch 24/50
 - 2s - loss: 0.5398 - val_loss: 0.5420
Epoch 25/50
 - 2s - loss: 0.5376 - val_loss: 0.5396
Epoch 26/50
 - 2s - loss: 0.5357 - val_loss: 0.5369
Epoch 27/50
 - 2s - loss: 0.5335 - val_loss: 0.5360
Epoch 28/50
 - 2s - loss: 0.5312 - val_loss: 0.5334
Epoch 29/50
 - 2s - loss: 0.5291 - val_loss: 0.5313
Epoch 30/50
 - 2s - loss: 0.5271 - val_loss: 0.5297
Epoch 31/50
 - 2s - loss: 0.5253 - val_loss: 0.5270
Epoch 32/50
 - 2s - loss: 0.5231 - val_loss: 0.5255
Epoch 33/50
 - 2s - loss: 0.5217 - val_loss: 0.5234
Epoch 34/50
 - 2s - loss: 0.5201 - val_loss: 0.5222
Epoch 35/50
 - 2s - loss: 0.5186 - val_loss: 0.5205
Epoch 36/50
 - 2s - loss: 0.5166 - val_loss: 0.5192
Epoch 37/50
 - 2s - loss: 0.5152 - val_loss: 0.5169
Epoch 38/50
 - 2s - loss: 0.5138 - val_loss: 0.5162
Epoch 39/50
 - 2s - loss: 0.5122 - val_loss: 0.5141
Epoch 40/50
 - 2s - loss: 0.5106 - val_loss: 0.5122
Epoch 41/50
 - 2s - loss: 0.5092 - val_loss: 0.5121
Epoch 42/50
 - 2s - loss: 0.5079 - val_loss: 0.5106
Epoch 43/50
 - 2s - loss: 0.5068 - val_loss: 0.5087
Epoch 44/50
 - 2s - loss: 0.5058 - val_loss: 0.5089
Epoch 45/50
 - 2s - loss: 0.5041 - val_loss: 0.5063
Epoch 46/50
 - 2s - loss: 0.5031 - val_loss: 0.5054
Epoch 47/50
 - 2s - loss: 0.5017 - val_loss: 0.5032
Epoch 48/50
 - 2s - loss: 0.5004 - val_loss: 0.5026
Epoch 49/50
 - 2s - loss: 0.4997 - val_loss: 0.5017
Epoch 50/50
 - 1s - loss: 0.4988 - val_loss: 0.5005
Got result 0.545656154169
Completed successfully in 347.63 seconds. [{u'main': 0.545656154168532}]
[38;2;74;176;245m[1mProfile[0m ⏱  ···· Time elapsed in [1mFold 3/3[0m: ................................ [1m98.2s[0m
[38;2;74;176;245m[1mProfile[0m ⏱  ·· Time elapsed in [1mClassifier-only fit, cross-validation[0m: .... [1m277.2s[0m
[38;2;74;176;245m[1mProfile[0m ⏱  Time elapsed in [1m@main[0m: ....................................... [1m326.5s[0m
cd: Going back to /exports/eddie3_homes_local/s1562020/work/adversarial/optimisation/experiments/classifier
