Job launching after 4.78 seconds in submission.
Running python job.
Changed into dir /exports/eddie3_homes_local/s1562020/work/adversarial/optimisation/experiments/classifier
Importing optimise.py
Running optimise.main()
INFO: Applying patch '/exports/eddie3_homes_local/s1562020/work/adversarial/optimisation/experiments/classifier/patches/patch.00000085.json'
INFO: Found 20 Intel(R) Xeon(R) CPU E5-2630 v4 @ 2.20GHz devices with 10 cores each.
Using TensorFlow backend.
INFO: Scaling classifier/lr -5 -> 1e-05
INFO: Scaling classifier/decay -6 -> 1e-06
INFO: Scaling classifier/units 9 -> 512
INFO: Writing TensorBoard logs to 'logs/tensorboard/classifier-patch.00000085/'
INFO: Running '/exports/eddie3_homes_local/s1562020/work/adversarial/run/adversarial/common.pyc'
INFO: Command-line arguments:
INFO: Configuration file contents:
INFO: Python version: 2.7.14
INFO: Numpy  version: 1.12.1
INFO: Keras  version: 2.1.5
INFO: Using keras backend: 'tensorflow'
INFO: Found  1000000 training and  1000249 test samples for signal
INFO: Found  1000000 training and 10000000 test samples for background
INFO: load_data: Selecting only training data.
INFO: Implementing gradient reversal layer in TensorFlow
INFO: Training cross-validation classifiers
Call to main function (#85)
  Parameters: {u'classifier/model/default/units': array([9]), u'classifier/compile/decay': array([-6]), u'classifier/model/default/dropout': array([ 0.45133202]), u'classifier/compile/lr': array([-5]), u'classifier/model/architecture': array([6]), u'classifier/model/default/activation': [u'tanh']}
param: classifier/model/default/units
param: classifier/compile/decay
param: classifier/model/default/dropout
param: classifier/compile/lr
param: classifier/model/architecture
param: classifier/model/default/activation
- - - - - - - - - - - - - - - - - - - - - - - - - - - - - - - - - - - - - - - - 
Saving the following patch to '/exports/eddie3_homes_local/s1562020/work/adversarial/optimisation/experiments/classifier/patches/patch.00000085.json':
{u'classifier': {u'compile': {u'lr': -5, u'decay': -6}, u'model': {u'default': {u'units': 9, u'dropout': 0.45133201659708999, u'activation': u'tanh'}, u'architecture': 6}, 'fit': {'epochs': 50, 'batch_size': 8192}}}
- - - - - - - - - - - - - - - - - - - - - - - - - - - - - - - - - - - - - - - - 
cd: Going to /exports/eddie3_homes_local/s1562020/work/adversarial/
[38;2;74;176;245m[1mProfile[0m ⏱  Starting [1m@main[0m
[38;2;74;176;245m[1mProfile[0m ⏱  ·· Starting [1mInitialisation[0m
[38;2;74;176;245m[1mProfile[0m ⏱  ···· Starting [1m@initialise[0m
[38;2;74;176;245m[1mProfile[0m ⏱  ···· Time elapsed in [1m@initialise[0m: .............................. [1m0.0s[0m
[38;2;74;176;245m[1mProfile[0m ⏱  ···· Starting [1m@initialise_backend[0m
[38;2;74;176;245m[1mProfile[0m ⏱  ······ Starting [1m@configure_tensorflow[0m
[38;2;74;176;245m[1mProfile[0m ⏱  ······ Time elapsed in [1m@configure_tensorflow[0m: ................. [1m13.8s[0m
[38;2;74;176;245m[1mProfile[0m ⏱  ···· Time elapsed in [1m@initialise_backend[0m: ..................... [1m14.7s[0m
{'config': './configs/default.json',
 'devices': 7,
 'folds': 3,
 'gpu': True,
 'input': './input/',
 'jobname': 'classifier-patch.00000085',
 'mode': 'gpu',
 'optimise_adversarial': False,
 'optimise_classifier': True,
 'output': './output/',
 'patches': ['/exports/eddie3_homes_local/s1562020/work/adversarial/optimisation/experiments/classifier/patches/patch.00000085.json'],
 'tensorboard': True,
 'theano': False,
 'train': False,
 'train_adversarial': False,
 'train_classifier': True,
 'verbose': False}
{u'adversary': {u'compile': {},
                u'fit': {},
                u'model': {u'architecture': [{}, {}, {}, {}],
                           u'default': {u'activation': u'relu',
                                        u'units': 64},
                           u'gmm_components': 10}},
 u'classifier': {u'compile': {u'loss': u'binary_crossentropy',
                              u'optimizer': <keras.optimizers.Adam object at 0x2ab0114ff310>},
                 u'fit': {u'batch_size': 57344,
                          u'epochs': 50,
                          u'shuffle': True,
                          'verbose': 2},
                 u'model': {u'architecture': [{}, {}, {}, {}, {}, {}],
                            u'default': {u'activation': u'tanh',
                                         u'batchnorm': True,
                                         u'dropout': 0.45133201659709,
                                         u'units': 512}}},
 u'combined': {u'compile': {u'loss': [u'binary_crossentropy', None],
                            u'loss_weights': [1.8181818181818182e-09, 1.0],
                            u'optimizer': <keras.optimizers.Adam object at 0x2ab0114ff350>},
               u'fit': {u'batch_size': 57344,
                        u'epochs': 200,
                        u'shuffle': True,
                        'verbose': 2},
               u'model': {u'lambda_reg': 10.0,
                          u'lr_ratio': 1.8181818181818182e-09},
               u'pretrain': 10}}
  TensorFlow version: 1.4.1
[38;2;74;176;245m[1mProfile[0m ⏱  ·· Time elapsed in [1mInitialisation[0m: ............................ [1m14.8s[0m
[38;2;74;176;245m[1mProfile[0m ⏱  ·· Starting [1m@load_data[0m
[38;2;74;176;245m[1mProfile[0m ⏱  ·· Time elapsed in [1m@load_data[0m: ................................ [1m32.2s[0m
[38;2;74;176;245m[1mProfile[0m ⏱  ·· Starting [1m@get_decorrelation_variables[0m
[38;2;74;176;245m[1mProfile[0m ⏱  ·· Time elapsed in [1m@get_decorrelation_variables[0m: ............... [1m0.0s[0m
[38;2;74;176;245m[1mProfile[0m ⏱  ·· Starting [1mClassifier-only fit, cross-validation[0m
[38;2;74;176;245m[1mProfile[0m ⏱  ···· Starting [1mFold 1/3[0m
Train on 1333332 samples, validate on 666668 samples
Epoch 1/50
 - 9s - loss: 0.7621 - val_loss: 0.5131
Epoch 2/50
 - 8s - loss: 0.6637 - val_loss: 0.6229
Epoch 3/50
 - 7s - loss: 0.6184 - val_loss: 0.7049
Epoch 4/50
 - 7s - loss: 0.5973 - val_loss: 0.7391
Epoch 5/50
 - 7s - loss: 0.5839 - val_loss: 0.7551
Epoch 6/50
 - 9s - loss: 0.5752 - val_loss: 0.7584
Epoch 7/50
 - 9s - loss: 0.5695 - val_loss: 0.7542
Epoch 8/50
 - 9s - loss: 0.5633 - val_loss: 0.7674
Epoch 9/50
 - 9s - loss: 0.5590 - val_loss: 0.7490
Epoch 10/50
 - 9s - loss: 0.5545 - val_loss: 0.7484
Epoch 11/50
 - 9s - loss: 0.5524 - val_loss: 0.7408
Epoch 12/50
 - 9s - loss: 0.5499 - val_loss: 0.7388
Epoch 13/50
 - 9s - loss: 0.5467 - val_loss: 0.7349
Epoch 14/50
 - 9s - loss: 0.5433 - val_loss: 0.7331
Epoch 15/50
 - 9s - loss: 0.5410 - val_loss: 0.7277
Epoch 16/50
 - 9s - loss: 0.5380 - val_loss: 0.7239
Epoch 17/50
 - 9s - loss: 0.5377 - val_loss: 0.7182
Epoch 18/50
 - 9s - loss: 0.5347 - val_loss: 0.7144
Epoch 19/50
 - 9s - loss: 0.5333 - val_loss: 0.7104
Epoch 20/50
 - 10s - loss: 0.5327 - val_loss: 0.7096
Epoch 21/50
 - 10s - loss: 0.5310 - val_loss: 0.7045
Epoch 22/50
 - 10s - loss: 0.5296 - val_loss: 0.7009
Epoch 23/50
 - 10s - loss: 0.5275 - val_loss: 0.6989
Epoch 24/50
 - 10s - loss: 0.5274 - val_loss: 0.6974
Epoch 25/50
 - 10s - loss: 0.5263 - val_loss: 0.6926
Epoch 26/50
 - 10s - loss: 0.5246 - val_loss: 0.6884
Epoch 27/50
 - 10s - loss: 0.5246 - val_loss: 0.6881
Epoch 28/50
 - 10s - loss: 0.5226 - val_loss: 0.6841
Epoch 29/50
 - 10s - loss: 0.5229 - val_loss: 0.6828
Epoch 30/50
 - 10s - loss: 0.5214 - val_loss: 0.6793
Epoch 31/50
 - 11s - loss: 0.5209 - val_loss: 0.6777
Epoch 32/50
 - 10s - loss: 0.5199 - val_loss: 0.6746
Epoch 33/50
 - 10s - loss: 0.5190 - val_loss: 0.6708
Epoch 34/50
 - 10s - loss: 0.5188 - val_loss: 0.6696
Epoch 35/50
 - 9s - loss: 0.5182 - val_loss: 0.6706
Epoch 36/50
 - 9s - loss: 0.5171 - val_loss: 0.6666
Epoch 37/50
 - 9s - loss: 0.5172 - val_loss: 0.6642
Epoch 38/50
 - 8s - loss: 0.5161 - val_loss: 0.6640
Epoch 39/50
 - 8s - loss: 0.5149 - val_loss: 0.6636
Epoch 40/50
 - 8s - loss: 0.5153 - val_loss: 0.6600
Epoch 41/50
 - 8s - loss: 0.5141 - val_loss: 0.6574
Epoch 42/50
 - 9s - loss: 0.5134 - val_loss: 0.6570
Epoch 43/50
 - 10s - loss: 0.5131 - val_loss: 7.9742
Epoch 44/50
 - 10s - loss: 0.5131 - val_loss: 0.6536
Epoch 45/50
 - 10s - loss: 0.5118 - val_loss: 0.6540
Epoch 46/50
 - 10s - loss: 0.5123 - val_loss: 0.6531
Epoch 47/50
 - 10s - loss: 0.5121 - val_loss: 0.6503
Epoch 48/50
 - 10s - loss: 0.5108 - val_loss: 0.6526
Epoch 49/50
 - 10s - loss: 0.5105 - val_loss: 0.6491
Epoch 50/50
 - 10s - loss: 0.5102 - val_loss: 0.6495
[38;2;74;176;245m[1mProfile[0m ⏱  ···· Time elapsed in [1mFold 1/3[0m: ............................... [1m508.9s[0m
[38;2;74;176;245m[1mProfile[0m ⏱  ···· Starting [1mFold 2/3[0m
Train on 1333334 samples, validate on 666666 samples
Epoch 1/50
 - 9s - loss: 0.6589 - val_loss: 0.8119
Epoch 2/50
 - 7s - loss: 0.5681 - val_loss: 0.7371
Epoch 3/50
 - 7s - loss: 0.5506 - val_loss: 0.7245
Epoch 4/50
 - 7s - loss: 0.5429 - val_loss: 0.7099
Epoch 5/50
 - 7s - loss: 0.5385 - val_loss: 0.6963
Epoch 6/50
 - 7s - loss: 0.5339 - val_loss: 0.6871
Epoch 7/50
 - 8s - loss: 0.5304 - val_loss: 0.6769
Epoch 8/50
 - 8s - loss: 0.5284 - val_loss: 0.6706
Epoch 9/50
 - 9s - loss: 0.5267 - val_loss: 0.6665
Epoch 10/50
 - 8s - loss: 0.5256 - val_loss: 0.6604
Epoch 11/50
 - 9s - loss: 0.5236 - val_loss: 0.6589
Epoch 12/50
 - 8s - loss: 0.5216 - val_loss: 0.6501
Epoch 13/50
 - 8s - loss: 0.5193 - val_loss: 0.6510
Epoch 14/50
 - 8s - loss: 0.5190 - val_loss: 0.6449
Epoch 15/50
 - 8s - loss: 0.5179 - val_loss: 0.6447
Epoch 16/50
 - 8s - loss: 0.5170 - val_loss: 0.6410
Epoch 17/50
 - 8s - loss: 0.5170 - val_loss: 0.6379
Epoch 18/50
 - 9s - loss: 0.5157 - val_loss: 0.6346
Epoch 19/50
 - 8s - loss: 0.5154 - val_loss: 0.6350
Epoch 20/50
 - 9s - loss: 0.5138 - val_loss: 0.6301
Epoch 21/50
 - 9s - loss: 0.5130 - val_loss: 0.6330
Epoch 22/50
 - 8s - loss: 0.5124 - val_loss: 0.6258
Epoch 23/50
 - 8s - loss: 0.5126 - val_loss: 0.6254
Epoch 24/50
 - 8s - loss: 0.5117 - val_loss: 0.6282
Epoch 25/50
 - 8s - loss: 0.5110 - val_loss: 0.6223
Epoch 26/50
 - 8s - loss: 0.5103 - val_loss: 0.6248
Epoch 27/50
 - 8s - loss: 0.5095 - val_loss: 0.6227
Epoch 28/50
 - 8s - loss: 0.5097 - val_loss: 0.6219
Epoch 29/50
 - 8s - loss: 0.5085 - val_loss: 0.6233
Epoch 30/50
 - 8s - loss: 0.5082 - val_loss: 0.6275
Epoch 31/50
 - 8s - loss: 0.5074 - val_loss: 0.6184
Epoch 32/50
 - 7s - loss: 0.5078 - val_loss: 0.6207
Epoch 33/50
 - 8s - loss: 0.5067 - val_loss: 0.6171
Epoch 34/50
 - 8s - loss: 0.5062 - val_loss: 0.6177
Epoch 35/50
 - 8s - loss: 0.5057 - val_loss: 0.6223
Epoch 36/50
 - 8s - loss: 0.5062 - val_loss: 0.6163
Epoch 37/50
 - 6s - loss: 0.5058 - val_loss: 0.6189
Epoch 38/50
 - 6s - loss: 0.5045 - val_loss: 0.6153
Epoch 39/50
 - 7s - loss: 0.5042 - val_loss: 0.6162
Epoch 40/50
 - 7s - loss: 0.5036 - val_loss: 0.6165
Epoch 41/50
 - 7s - loss: 0.5034 - val_loss: 0.6144
Epoch 42/50
 - 6s - loss: 0.5034 - val_loss: 0.6137
Epoch 43/50
 - 7s - loss: 0.5021 - val_loss: 0.6164
Epoch 44/50
 - 9s - loss: 0.5022 - val_loss: 0.6151
Epoch 45/50
 - 9s - loss: 0.5014 - val_loss: 0.6157
Epoch 46/50
 - 8s - loss: 0.5011 - val_loss: 0.6113
Epoch 47/50
 - 8s - loss: 0.5006 - val_loss: 0.6315
Epoch 48/50
 - 8s - loss: 0.5001 - val_loss: 0.6137
Epoch 49/50
 - 8s - loss: 0.5003 - val_loss: 0.6060
Epoch 50/50
 - 9s - loss: 0.4996 - val_loss: 0.6257
[38;2;74;176;245m[1mProfile[0m ⏱  ···· Time elapsed in [1mFold 2/3[0m: ............................... [1m430.5s[0m
[38;2;74;176;245m[1mProfile[0m ⏱  ···· Starting [1mFold 3/3[0m
Train on 1333334 samples, validate on 666666 samples
Epoch 1/50
 - 11s - loss: 0.6507 - val_loss: 0.8112
Epoch 2/50
 - 7s - loss: 0.5607 - val_loss: 0.7218
Epoch 3/50
 - 8s - loss: 0.5452 - val_loss: 0.7320
Epoch 4/50
 - 7s - loss: 0.5375 - val_loss: 0.6991
Epoch 5/50
 - 7s - loss: 0.5319 - val_loss: 0.6930
Epoch 6/50
 - 8s - loss: 0.5289 - val_loss: 0.7359
Epoch 7/50
 - 7s - loss: 0.5261 - val_loss: 0.6761
Epoch 8/50
 - 7s - loss: 0.5234 - val_loss: 0.6691
Epoch 9/50
 - 10s - loss: 0.5215 - val_loss: 0.6650
Epoch 10/50
 - 9s - loss: 0.5197 - val_loss: 0.6634
Epoch 11/50
 - 9s - loss: 0.5187 - val_loss: 0.6578
Epoch 12/50
 - 10s - loss: 0.5173 - val_loss: 0.6551
Epoch 13/50
 - 10s - loss: 0.5168 - val_loss: 0.6519
Epoch 14/50
 - 10s - loss: 0.5159 - val_loss: 0.6529
Epoch 15/50
 - 9s - loss: 0.5158 - val_loss: 0.6454
Epoch 16/50
 - 10s - loss: 0.5138 - val_loss: 0.6467
Epoch 17/50
 - 10s - loss: 0.5127 - val_loss: 0.6458
Epoch 18/50
 - 10s - loss: 0.5115 - val_loss: 0.6422
Epoch 19/50
 - 10s - loss: 0.5109 - val_loss: 8.0056
Epoch 20/50
 - 10s - loss: 0.5108 - val_loss: 0.6477
Epoch 21/50
 - 10s - loss: 0.5097 - val_loss: 0.6391
Epoch 22/50
 - 9s - loss: 0.5097 - val_loss: 0.6357
Epoch 23/50
 - 9s - loss: 0.5089 - val_loss: 0.6397
Epoch 24/50
 - 9s - loss: 0.5078 - val_loss: 0.6401
Epoch 25/50
 - 9s - loss: 0.5075 - val_loss: 0.6362
Epoch 26/50
 - 9s - loss: 0.5076 - val_loss: 0.6364
Epoch 27/50
 - 9s - loss: 0.5066 - val_loss: 0.6320
Epoch 28/50
 - 9s - loss: 0.5058 - val_loss: 0.6382
Epoch 29/50
 - 9s - loss: 0.5047 - val_loss: 0.6360
Epoch 30/50
 - 9s - loss: 0.5048 - val_loss: 0.6322
Epoch 31/50
 - 10s - loss: 0.5037 - val_loss: 0.6341
Epoch 32/50
 - 9s - loss: 0.5032 - val_loss: 0.6318
Epoch 33/50
 - 10s - loss: 0.5038 - val_loss: 0.6328
Epoch 34/50
 - 10s - loss: 0.5031 - val_loss: 0.6272
Epoch 35/50
 - 9s - loss: 0.5018 - val_loss: 0.6310
Epoch 36/50
 - 9s - loss: 0.5019 - val_loss: 0.6293
Epoch 37/50
 - 9s - loss: 0.5025 - val_loss: 0.6307
Epoch 38/50
 - 9s - loss: 0.5007 - val_loss: 0.6264
Epoch 39/50
 - 9s - loss: 0.5003 - val_loss: 0.6293
Epoch 40/50
 - 9s - loss: 0.5002 - val_loss: 0.6248
Epoch 41/50
 - 9s - loss: 0.4996 - val_loss: 0.6224
Epoch 42/50
 - 9s - loss: 0.4995 - val_loss: 0.6265
Epoch 43/50
 - 9s - loss: 0.4985 - val_loss: 0.6236
Epoch 44/50
 - 9s - loss: 0.4981 - val_loss: 0.6257
Epoch 45/50
 - 8s - loss: 0.4981 - val_loss: 0.6195
Epoch 46/50
 - 9s - loss: 0.4976 - val_loss: 0.6195
Epoch 47/50
 - 9s - loss: 0.4979 - val_loss: 0.6199
Epoch 48/50
 - 8s - loss: 0.4963 - val_loss: 0.6223
Epoch 49/50
 - 9s - loss: 0.4955 - val_loss: 0.6173
Epoch 50/50
 - 9s - loss: 0.4959 - val_loss: 0.6192
Got result 0.644468310695
Completed successfully in 1507.82 seconds. [{u'main': 0.6444683106947758}]
[38;2;74;176;245m[1mProfile[0m ⏱  ···· Time elapsed in [1mFold 3/3[0m: ............................... [1m498.8s[0m
[38;2;74;176;245m[1mProfile[0m ⏱  ·· Time elapsed in [1mClassifier-only fit, cross-validation[0m: ... [1m1438.7s[0m
[38;2;74;176;245m[1mProfile[0m ⏱  Time elapsed in [1m@main[0m: ...................................... [1m1486.1s[0m
cd: Going back to /exports/eddie3_homes_local/s1562020/work/adversarial/optimisation/experiments/classifier
