Job launching after 5.22 seconds in submission.
Running python job.
Changed into dir /exports/eddie3_homes_local/s1562020/work/adversarial/optimisation/experiments/classifier
Importing optimise.py
Running optimise.main()
INFO: Applying patch '/exports/eddie3_homes_local/s1562020/work/adversarial/optimisation/experiments/classifier/patches/patch.00000031.json'
INFO: Found 20 Intel(R) Xeon(R) CPU E5-2630 v4 @ 2.20GHz devices with 10 cores each.
Using TensorFlow backend.
INFO: Scaling classifier/lr -4 -> 0.0001
INFO: Scaling classifier/decay -3 -> 0.001
INFO: Scaling classifier/units 6 -> 64
INFO: Writing TensorBoard logs to 'logs/tensorboard/classifier-patch.00000031/'
INFO: Running '/exports/eddie3_homes_local/s1562020/work/adversarial/run/adversarial/common.pyc'
INFO: Command-line arguments:
INFO: Configuration file contents:
INFO: Python version: 2.7.14
INFO: Numpy  version: 1.12.1
INFO: Keras  version: 2.1.5
INFO: Using keras backend: 'tensorflow'
INFO: Found  1000000 training and  1000249 test samples for signal
INFO: Found  1000000 training and 10000000 test samples for background
INFO: load_data: Selecting only training data.
INFO: Implementing gradient reversal layer in TensorFlow
INFO: Training cross-validation classifiers
Call to main function (#31)
  Parameters: {u'classifier/model/default/units': array([6]), u'classifier/compile/decay': array([-3]), u'classifier/model/default/dropout': array([ 0.]), u'classifier/compile/lr': array([-4]), u'classifier/model/architecture': array([1]), u'classifier/model/default/activation': [u'tanh']}
param: classifier/model/default/units
param: classifier/compile/decay
param: classifier/model/default/dropout
param: classifier/compile/lr
param: classifier/model/architecture
param: classifier/model/default/activation
- - - - - - - - - - - - - - - - - - - - - - - - - - - - - - - - - - - - - - - - 
Saving the following patch to '/exports/eddie3_homes_local/s1562020/work/adversarial/optimisation/experiments/classifier/patches/patch.00000031.json':
{u'classifier': {u'compile': {u'lr': -4, u'decay': -3}, u'model': {u'default': {u'units': 6, u'dropout': 0.0, u'activation': u'tanh'}, u'architecture': 1}, 'fit': {'epochs': 50, 'batch_size': 8192}}}
- - - - - - - - - - - - - - - - - - - - - - - - - - - - - - - - - - - - - - - - 
cd: Going to /exports/eddie3_homes_local/s1562020/work/adversarial/
[38;2;74;176;245m[1mProfile[0m ⏱  Starting [1m@main[0m
[38;2;74;176;245m[1mProfile[0m ⏱  ·· Starting [1mInitialisation[0m
[38;2;74;176;245m[1mProfile[0m ⏱  ···· Starting [1m@initialise[0m
[38;2;74;176;245m[1mProfile[0m ⏱  ···· Time elapsed in [1m@initialise[0m: .............................. [1m0.0s[0m
[38;2;74;176;245m[1mProfile[0m ⏱  ···· Starting [1m@initialise_backend[0m
[38;2;74;176;245m[1mProfile[0m ⏱  ······ Starting [1m@configure_tensorflow[0m
[38;2;74;176;245m[1mProfile[0m ⏱  ······ Time elapsed in [1m@configure_tensorflow[0m: ................. [1m18.2s[0m
[38;2;74;176;245m[1mProfile[0m ⏱  ···· Time elapsed in [1m@initialise_backend[0m: ..................... [1m19.4s[0m
{'config': './configs/default.json',
 'devices': 7,
 'folds': 3,
 'gpu': True,
 'input': './input/',
 'jobname': 'classifier-patch.00000031',
 'mode': 'gpu',
 'optimise_adversarial': False,
 'optimise_classifier': True,
 'output': './output/',
 'patches': ['/exports/eddie3_homes_local/s1562020/work/adversarial/optimisation/experiments/classifier/patches/patch.00000031.json'],
 'tensorboard': True,
 'theano': False,
 'train': False,
 'train_adversarial': False,
 'train_classifier': True,
 'verbose': False}
{u'adversary': {u'compile': {},
                u'fit': {},
                u'model': {u'architecture': [{}, {}, {}, {}],
                           u'default': {u'activation': u'relu',
                                        u'units': 64},
                           u'gmm_components': 5}},
 u'classifier': {u'compile': {u'loss': u'binary_crossentropy',
                              u'optimizer': <keras.optimizers.Adam object at 0x2b2a181f9310>},
                 u'fit': {u'batch_size': 57344,
                          u'epochs': 50,
                          u'shuffle': True,
                          'verbose': 2},
                 u'model': {u'architecture': [{}],
                            u'default': {u'activation': u'tanh',
                                         u'batchnorm': True,
                                         u'dropout': 0.0,
                                         u'units': 64}}},
 u'combined': {u'compile': {u'loss': [u'binary_crossentropy', None],
                            u'loss_weights': [1.8181818181818182e-09, 1.0],
                            u'optimizer': <keras.optimizers.Adam object at 0x2b2a181f9350>},
               u'fit': {u'batch_size': 57344,
                        u'epochs': 100,
                        u'shuffle': True,
                        'verbose': 2},
               u'model': {u'lambda_reg': 10.0,
                          u'lr_ratio': 1.8181818181818182e-09},
               u'pretrain': 10}}
  TensorFlow version: 1.4.1
[38;2;74;176;245m[1mProfile[0m ⏱  ·· Time elapsed in [1mInitialisation[0m: ............................ [1m19.5s[0m
[38;2;74;176;245m[1mProfile[0m ⏱  ·· Starting [1m@load_data[0m
[38;2;74;176;245m[1mProfile[0m ⏱  ·· Time elapsed in [1m@load_data[0m: ................................ [1m41.5s[0m
[38;2;74;176;245m[1mProfile[0m ⏱  ·· Starting [1m@get_decorrelation_variables[0m
[38;2;74;176;245m[1mProfile[0m ⏱  ·· Time elapsed in [1m@get_decorrelation_variables[0m: ............... [1m0.0s[0m
[38;2;74;176;245m[1mProfile[0m ⏱  ·· Starting [1mClassifier-only fit, cross-validation[0m
[38;2;74;176;245m[1mProfile[0m ⏱  ···· Starting [1mFold 1/3[0m
Train on 1333332 samples, validate on 666668 samples
Epoch 1/50
 - 2s - loss: 0.9089 - val_loss: 0.8870
Epoch 2/50
 - 2s - loss: 0.8713 - val_loss: 0.8503
Epoch 3/50
 - 2s - loss: 0.8388 - val_loss: 0.8223
Epoch 4/50
 - 1s - loss: 0.8107 - val_loss: 0.7967
Epoch 5/50
 - 2s - loss: 0.7862 - val_loss: 0.7751
Epoch 6/50
 - 2s - loss: 0.7646 - val_loss: 0.7559
Epoch 7/50
 - 1s - loss: 0.7454 - val_loss: 0.7385
Epoch 8/50
 - 1s - loss: 0.7283 - val_loss: 0.7223
Epoch 9/50
 - 1s - loss: 0.7125 - val_loss: 0.7078
Epoch 10/50
 - 1s - loss: 0.6982 - val_loss: 0.6948
Epoch 11/50
 - 1s - loss: 0.6849 - val_loss: 0.6822
Epoch 12/50
 - 2s - loss: 0.6727 - val_loss: 0.6721
Epoch 13/50
 - 1s - loss: 0.6614 - val_loss: 0.6621
Epoch 14/50
 - 2s - loss: 0.6509 - val_loss: 0.6520
Epoch 15/50
 - 1s - loss: 0.6411 - val_loss: 0.6426
Epoch 16/50
 - 1s - loss: 0.6321 - val_loss: 0.6339
Epoch 17/50
 - 2s - loss: 0.6235 - val_loss: 0.6258
Epoch 18/50
 - 1s - loss: 0.6152 - val_loss: 0.6176
Epoch 19/50
 - 1s - loss: 0.6082 - val_loss: 0.6128
Epoch 20/50
 - 1s - loss: 0.6009 - val_loss: 0.6027
Epoch 21/50
 - 1s - loss: 0.5945 - val_loss: 0.6000
Epoch 22/50
 - 1s - loss: 0.5882 - val_loss: 0.5932
Epoch 23/50
 - 1s - loss: 0.5822 - val_loss: 0.5874
Epoch 24/50
 - 1s - loss: 0.5770 - val_loss: 0.5816
Epoch 25/50
 - 1s - loss: 0.5715 - val_loss: 0.5762
Epoch 26/50
 - 1s - loss: 0.5667 - val_loss: 0.5719
Epoch 27/50
 - 1s - loss: 0.5623 - val_loss: 0.5679
Epoch 28/50
 - 2s - loss: 0.5581 - val_loss: 0.5643
Epoch 29/50
 - 1s - loss: 0.5537 - val_loss: 0.5628
Epoch 30/50
 - 1s - loss: 0.5499 - val_loss: 0.5579
Epoch 31/50
 - 2s - loss: 0.5461 - val_loss: 0.5551
Epoch 32/50
 - 1s - loss: 0.5425 - val_loss: 0.5496
Epoch 33/50
 - 2s - loss: 0.5392 - val_loss: 0.5421
Epoch 34/50
 - 2s - loss: 0.5359 - val_loss: 0.5437
Epoch 35/50
 - 2s - loss: 0.5333 - val_loss: 0.5389
Epoch 36/50
 - 2s - loss: 0.5300 - val_loss: 0.5396
Epoch 37/50
 - 1s - loss: 0.5273 - val_loss: 0.5363
Epoch 38/50
 - 2s - loss: 0.5244 - val_loss: 0.5295
Epoch 39/50
 - 2s - loss: 0.5226 - val_loss: 0.5337
Epoch 40/50
 - 1s - loss: 0.5203 - val_loss: 0.5283
Epoch 41/50
 - 2s - loss: 0.5180 - val_loss: 0.5253
Epoch 42/50
 - 1s - loss: 0.5160 - val_loss: 0.5252
Epoch 43/50
 - 2s - loss: 0.5142 - val_loss: 0.5239
Epoch 44/50
 - 1s - loss: 0.5119 - val_loss: 0.5178
Epoch 45/50
 - 2s - loss: 0.5099 - val_loss: 0.5163
Epoch 46/50
 - 1s - loss: 0.5083 - val_loss: 0.5166
Epoch 47/50
 - 2s - loss: 0.5067 - val_loss: 0.5123
Epoch 48/50
 - 2s - loss: 0.5048 - val_loss: 0.5118
Epoch 49/50
 - 2s - loss: 0.5039 - val_loss: 0.5092
Epoch 50/50
 - 2s - loss: 0.5024 - val_loss: 0.5005
[38;2;74;176;245m[1mProfile[0m ⏱  ···· Time elapsed in [1mFold 1/3[0m: ............................... [1m104.0s[0m
[38;2;74;176;245m[1mProfile[0m ⏱  ···· Starting [1mFold 2/3[0m
Train on 1333334 samples, validate on 666666 samples
Epoch 1/50
 - 2s - loss: 0.7447 - val_loss: 0.7245
Epoch 2/50
 - 2s - loss: 0.7003 - val_loss: 0.6930
Epoch 3/50
 - 2s - loss: 0.6721 - val_loss: 0.6660
Epoch 4/50
 - 2s - loss: 0.6517 - val_loss: 0.6495
Epoch 5/50
 - 2s - loss: 0.6365 - val_loss: 0.6389
Epoch 6/50
 - 2s - loss: 0.6238 - val_loss: 0.6270
Epoch 7/50
 - 2s - loss: 0.6132 - val_loss: 0.6148
Epoch 8/50
 - 3s - loss: 0.6035 - val_loss: 0.6073
Epoch 9/50
 - 2s - loss: 0.5955 - val_loss: 0.5982
Epoch 10/50
 - 1s - loss: 0.5878 - val_loss: 0.5945
Epoch 11/50
 - 1s - loss: 0.5810 - val_loss: 0.5880
Epoch 12/50
 - 1s - loss: 0.5749 - val_loss: 0.5826
Epoch 13/50
 - 1s - loss: 0.5691 - val_loss: 0.5736
Epoch 14/50
 - 1s - loss: 0.5645 - val_loss: 0.5686
Epoch 15/50
 - 1s - loss: 0.5590 - val_loss: 0.5650
Epoch 16/50
 - 1s - loss: 0.5550 - val_loss: 0.5603
Epoch 17/50
 - 1s - loss: 0.5511 - val_loss: 0.5550
Epoch 18/50
 - 1s - loss: 0.5470 - val_loss: 0.5544
Epoch 19/50
 - 1s - loss: 0.5437 - val_loss: 0.5494
Epoch 20/50
 - 1s - loss: 0.5400 - val_loss: 0.5447
Epoch 21/50
 - 1s - loss: 0.5368 - val_loss: 0.5420
Epoch 22/50
 - 1s - loss: 0.5340 - val_loss: 0.5370
Epoch 23/50
 - 1s - loss: 0.5310 - val_loss: 0.5358
Epoch 24/50
 - 1s - loss: 0.5284 - val_loss: 0.5262
Epoch 25/50
 - 1s - loss: 0.5259 - val_loss: 0.5303
Epoch 26/50
 - 1s - loss: 0.5234 - val_loss: 0.5255
Epoch 27/50
 - 1s - loss: 0.5215 - val_loss: 0.5156
Epoch 28/50
 - 1s - loss: 0.5189 - val_loss: 0.5251
Epoch 29/50
 - 1s - loss: 0.5175 - val_loss: 0.5197
Epoch 30/50
 - 1s - loss: 0.5152 - val_loss: 0.5201
Epoch 31/50
 - 1s - loss: 0.5137 - val_loss: 0.5184
Epoch 32/50
 - 1s - loss: 0.5122 - val_loss: 0.5157
Epoch 33/50
 - 1s - loss: 0.5101 - val_loss: 0.5140
Epoch 34/50
 - 1s - loss: 0.5083 - val_loss: 0.5143
Epoch 35/50
 - 1s - loss: 0.5070 - val_loss: 0.5094
Epoch 36/50
 - 1s - loss: 0.5055 - val_loss: 0.5125
Epoch 37/50
 - 1s - loss: 0.5044 - val_loss: 0.5111
Epoch 38/50
 - 1s - loss: 0.5029 - val_loss: 0.5071
Epoch 39/50
 - 1s - loss: 0.5016 - val_loss: 0.5071
Epoch 40/50
 - 1s - loss: 0.5005 - val_loss: 0.5051
Epoch 41/50
 - 2s - loss: 0.4995 - val_loss: 0.5065
Epoch 42/50
 - 2s - loss: 0.4982 - val_loss: 0.5027
Epoch 43/50
 - 2s - loss: 0.4969 - val_loss: 0.5031
Epoch 44/50
 - 2s - loss: 0.4962 - val_loss: 0.5010
Epoch 45/50
 - 2s - loss: 0.4954 - val_loss: 0.4984
Epoch 46/50
 - 2s - loss: 0.4943 - val_loss: 0.5007
Epoch 47/50
 - 2s - loss: 0.4931 - val_loss: 0.4971
Epoch 48/50
 - 2s - loss: 0.4926 - val_loss: 0.4951
Epoch 49/50
 - 2s - loss: 0.4917 - val_loss: 0.4951
Epoch 50/50
 - 2s - loss: 0.4910 - val_loss: 0.4957
[38;2;74;176;245m[1mProfile[0m ⏱  ···· Time elapsed in [1mFold 2/3[0m: ................................ [1m77.0s[0m
[38;2;74;176;245m[1mProfile[0m ⏱  ···· Starting [1mFold 3/3[0m
Train on 1333334 samples, validate on 666666 samples
Epoch 1/50
 - 2s - loss: 0.7237 - val_loss: 0.6779
Epoch 2/50
 - 2s - loss: 0.6834 - val_loss: 0.6515
Epoch 3/50
 - 2s - loss: 0.6577 - val_loss: 0.6405
Epoch 4/50
 - 2s - loss: 0.6404 - val_loss: 0.6283
Epoch 5/50
 - 2s - loss: 0.6271 - val_loss: 0.6141
Epoch 6/50
 - 2s - loss: 0.6164 - val_loss: 0.6065
Epoch 7/50
 - 1s - loss: 0.6071 - val_loss: 0.5991
Epoch 8/50
 - 2s - loss: 0.5991 - val_loss: 0.5922
Epoch 9/50
 - 1s - loss: 0.5917 - val_loss: 0.5859
Epoch 10/50
 - 1s - loss: 0.5854 - val_loss: 0.5804
Epoch 11/50
 - 2s - loss: 0.5797 - val_loss: 0.5757
Epoch 12/50
 - 2s - loss: 0.5743 - val_loss: 0.5710
Epoch 13/50
 - 2s - loss: 0.5694 - val_loss: 0.5667
Epoch 14/50
 - 2s - loss: 0.5649 - val_loss: 0.5628
Epoch 15/50
 - 2s - loss: 0.5607 - val_loss: 0.5592
Epoch 16/50
 - 1s - loss: 0.5568 - val_loss: 0.5558
Epoch 17/50
 - 2s - loss: 0.5532 - val_loss: 0.5526
Epoch 18/50
 - 2s - loss: 0.5498 - val_loss: 0.5496
Epoch 19/50
 - 2s - loss: 0.5466 - val_loss: 0.5466
Epoch 20/50
 - 2s - loss: 0.5436 - val_loss: 0.5439
Epoch 21/50
 - 2s - loss: 0.5408 - val_loss: 0.5413
Epoch 22/50
 - 1s - loss: 0.5381 - val_loss: 0.5394
Epoch 23/50
 - 2s - loss: 0.5355 - val_loss: 0.5382
Epoch 24/50
 - 2s - loss: 0.5331 - val_loss: 0.5345
Epoch 25/50
 - 2s - loss: 0.5309 - val_loss: 0.5327
Epoch 26/50
 - 1s - loss: 0.5288 - val_loss: 0.5309
Epoch 27/50
 - 2s - loss: 0.5268 - val_loss: 0.5289
Epoch 28/50
 - 2s - loss: 0.5248 - val_loss: 0.5272
Epoch 29/50
 - 1s - loss: 0.5228 - val_loss: 0.5248
Epoch 30/50
 - 2s - loss: 0.5211 - val_loss: 0.5240
Epoch 31/50
 - 2s - loss: 0.5194 - val_loss: 0.5221
Epoch 32/50
 - 2s - loss: 0.5177 - val_loss: 0.5211
Epoch 33/50
 - 2s - loss: 0.5163 - val_loss: 0.5190
Epoch 34/50
 - 2s - loss: 0.5148 - val_loss: 0.5175
Epoch 35/50
 - 2s - loss: 0.5133 - val_loss: 0.5163
Epoch 36/50
 - 2s - loss: 0.5118 - val_loss: 0.5151
Epoch 37/50
 - 2s - loss: 0.5106 - val_loss: 0.5147
Epoch 38/50
 - 2s - loss: 0.5093 - val_loss: 0.5129
Epoch 39/50
 - 1s - loss: 0.5081 - val_loss: 0.5119
Epoch 40/50
 - 1s - loss: 0.5067 - val_loss: 0.5118
Epoch 41/50
 - 1s - loss: 0.5058 - val_loss: 0.5098
Epoch 42/50
 - 2s - loss: 0.5046 - val_loss: 0.5090
Epoch 43/50
 - 2s - loss: 0.5037 - val_loss: 0.5075
Epoch 44/50
 - 1s - loss: 0.5027 - val_loss: 0.5073
Epoch 45/50
 - 2s - loss: 0.5016 - val_loss: 0.5063
Epoch 46/50
 - 2s - loss: 0.5008 - val_loss: 0.5050
Epoch 47/50
 - 1s - loss: 0.4997 - val_loss: 0.5035
Epoch 48/50
 - 2s - loss: 0.4987 - val_loss: 0.5031
Epoch 49/50
 - 2s - loss: 0.4982 - val_loss: 0.5028
Epoch 50/50
 - 2s - loss: 0.4975 - val_loss: 0.5017
Got result 0.501861576766
Completed successfully in 357.91 seconds. [{u'main': 0.5018615767659378}]
[38;2;74;176;245m[1mProfile[0m ⏱  ···· Time elapsed in [1mFold 3/3[0m: ................................ [1m87.4s[0m
[38;2;74;176;245m[1mProfile[0m ⏱  ·· Time elapsed in [1mClassifier-only fit, cross-validation[0m: .... [1m269.0s[0m
[38;2;74;176;245m[1mProfile[0m ⏱  Time elapsed in [1m@main[0m: ....................................... [1m330.4s[0m
cd: Going back to /exports/eddie3_homes_local/s1562020/work/adversarial/optimisation/experiments/classifier
