Job launching after 4.55 seconds in submission.
Running python job.
Changed into dir /exports/eddie3_homes_local/s1562020/work/adversarial/optimisation/experiments/classifier
Importing optimise.py
Running optimise.main()
INFO: Applying patch '/exports/eddie3_homes_local/s1562020/work/adversarial/optimisation/experiments/classifier/patches/patch.00000086.json'
INFO: Found 20 Intel(R) Xeon(R) CPU E5-2630 v4 @ 2.20GHz devices with 10 cores each.
Using TensorFlow backend.
INFO: Scaling classifier/lr -5 -> 1e-05
INFO: Scaling classifier/decay -6 -> 1e-06
INFO: Scaling classifier/units 1 -> 2
INFO: Writing TensorBoard logs to 'logs/tensorboard/classifier-patch.00000086/'
INFO: Running '/exports/eddie3_homes_local/s1562020/work/adversarial/run/adversarial/common.pyc'
INFO: Command-line arguments:
INFO: Configuration file contents:
INFO: Python version: 2.7.14
INFO: Numpy  version: 1.12.1
INFO: Keras  version: 2.1.5
INFO: Using keras backend: 'tensorflow'
INFO: Found  1000000 training and  1000249 test samples for signal
INFO: Found  1000000 training and 10000000 test samples for background
INFO: load_data: Selecting only training data.
INFO: Implementing gradient reversal layer in TensorFlow
INFO: Training cross-validation classifiers
Call to main function (#86)
  Parameters: {u'classifier/model/default/units': array([1]), u'classifier/compile/decay': array([-6]), u'classifier/model/default/dropout': array([ 0.49122263]), u'classifier/compile/lr': array([-5]), u'classifier/model/architecture': array([6]), u'classifier/model/default/activation': [u'tanh']}
param: classifier/model/default/units
param: classifier/compile/decay
param: classifier/model/default/dropout
param: classifier/compile/lr
param: classifier/model/architecture
param: classifier/model/default/activation
- - - - - - - - - - - - - - - - - - - - - - - - - - - - - - - - - - - - - - - - 
Saving the following patch to '/exports/eddie3_homes_local/s1562020/work/adversarial/optimisation/experiments/classifier/patches/patch.00000086.json':
{u'classifier': {u'compile': {u'lr': -5, u'decay': -6}, u'model': {u'default': {u'units': 1, u'dropout': 0.49122262541526379, u'activation': u'tanh'}, u'architecture': 6}, 'fit': {'epochs': 50, 'batch_size': 8192}}}
- - - - - - - - - - - - - - - - - - - - - - - - - - - - - - - - - - - - - - - - 
cd: Going to /exports/eddie3_homes_local/s1562020/work/adversarial/
[38;2;74;176;245m[1mProfile[0m ⏱  Starting [1m@main[0m
[38;2;74;176;245m[1mProfile[0m ⏱  ·· Starting [1mInitialisation[0m
[38;2;74;176;245m[1mProfile[0m ⏱  ···· Starting [1m@initialise[0m
[38;2;74;176;245m[1mProfile[0m ⏱  ···· Time elapsed in [1m@initialise[0m: .............................. [1m0.0s[0m
[38;2;74;176;245m[1mProfile[0m ⏱  ···· Starting [1m@initialise_backend[0m
[38;2;74;176;245m[1mProfile[0m ⏱  ······ Starting [1m@configure_tensorflow[0m
[38;2;74;176;245m[1mProfile[0m ⏱  ······ Time elapsed in [1m@configure_tensorflow[0m: ................. [1m14.0s[0m
[38;2;74;176;245m[1mProfile[0m ⏱  ···· Time elapsed in [1m@initialise_backend[0m: ..................... [1m15.1s[0m
{'config': './configs/default.json',
 'devices': 7,
 'folds': 3,
 'gpu': True,
 'input': './input/',
 'jobname': 'classifier-patch.00000086',
 'mode': 'gpu',
 'optimise_adversarial': False,
 'optimise_classifier': True,
 'output': './output/',
 'patches': ['/exports/eddie3_homes_local/s1562020/work/adversarial/optimisation/experiments/classifier/patches/patch.00000086.json'],
 'tensorboard': True,
 'theano': False,
 'train': False,
 'train_adversarial': False,
 'train_classifier': True,
 'verbose': False}
{u'adversary': {u'compile': {},
                u'fit': {},
                u'model': {u'architecture': [{}, {}, {}, {}],
                           u'default': {u'activation': u'relu',
                                        u'units': 64},
                           u'gmm_components': 10}},
 u'classifier': {u'compile': {u'loss': u'binary_crossentropy',
                              u'optimizer': <keras.optimizers.Adam object at 0x2b29c83d9310>},
                 u'fit': {u'batch_size': 57344,
                          u'epochs': 50,
                          u'shuffle': True,
                          'verbose': 2},
                 u'model': {u'architecture': [{}, {}, {}, {}, {}, {}],
                            u'default': {u'activation': u'tanh',
                                         u'batchnorm': True,
                                         u'dropout': 0.4912226254152638,
                                         u'units': 2}}},
 u'combined': {u'compile': {u'loss': [u'binary_crossentropy', None],
                            u'loss_weights': [1.8181818181818182e-09, 1.0],
                            u'optimizer': <keras.optimizers.Adam object at 0x2b29c83d9350>},
               u'fit': {u'batch_size': 57344,
                        u'epochs': 200,
                        u'shuffle': True,
                        'verbose': 2},
               u'model': {u'lambda_reg': 10.0,
                          u'lr_ratio': 1.8181818181818182e-09},
               u'pretrain': 10}}
  TensorFlow version: 1.4.1
[38;2;74;176;245m[1mProfile[0m ⏱  ·· Time elapsed in [1mInitialisation[0m: ............................ [1m15.1s[0m
[38;2;74;176;245m[1mProfile[0m ⏱  ·· Starting [1m@load_data[0m
[38;2;74;176;245m[1mProfile[0m ⏱  ·· Time elapsed in [1m@load_data[0m: ................................ [1m36.0s[0m
[38;2;74;176;245m[1mProfile[0m ⏱  ·· Starting [1m@get_decorrelation_variables[0m
[38;2;74;176;245m[1mProfile[0m ⏱  ·· Time elapsed in [1m@get_decorrelation_variables[0m: ............... [1m0.0s[0m
[38;2;74;176;245m[1mProfile[0m ⏱  ·· Starting [1mClassifier-only fit, cross-validation[0m
[38;2;74;176;245m[1mProfile[0m ⏱  ···· Starting [1mFold 1/3[0m
Train on 1333332 samples, validate on 666668 samples
Epoch 1/50
 - 5s - loss: 0.7245 - val_loss: 0.6918
Epoch 2/50
 - 3s - loss: 0.7239 - val_loss: 0.6915
Epoch 3/50
 - 3s - loss: 0.7246 - val_loss: 0.6915
Epoch 4/50
 - 3s - loss: 0.7233 - val_loss: 0.6914
Epoch 5/50
 - 3s - loss: 0.7242 - val_loss: 0.6913
Epoch 6/50
 - 3s - loss: 0.7230 - val_loss: 0.6914
Epoch 7/50
 - 3s - loss: 0.7231 - val_loss: 0.6913
Epoch 8/50
 - 3s - loss: 0.7231 - val_loss: 0.6914
Epoch 9/50
 - 3s - loss: 0.7224 - val_loss: 0.6915
Epoch 10/50
 - 3s - loss: 0.7228 - val_loss: 0.6916
Epoch 11/50
 - 3s - loss: 0.7224 - val_loss: 0.6917
Epoch 12/50
 - 3s - loss: 0.7222 - val_loss: 0.6919
Epoch 13/50
 - 3s - loss: 0.7225 - val_loss: 0.6920
Epoch 14/50
 - 3s - loss: 0.7213 - val_loss: 7.9742
Epoch 15/50
 - 3s - loss: 0.7224 - val_loss: 0.6901
Epoch 16/50
 - 3s - loss: 0.7222 - val_loss: 0.6909
Epoch 17/50
 - 3s - loss: 0.7218 - val_loss: 0.6911
Epoch 18/50
 - 3s - loss: 0.7215 - val_loss: 0.6913
Epoch 19/50
 - 3s - loss: 0.7222 - val_loss: 0.6916
Epoch 20/50
 - 3s - loss: 0.7216 - val_loss: 0.6919
Epoch 21/50
 - 4s - loss: 0.7211 - val_loss: 0.6914
Epoch 22/50
 - 3s - loss: 0.7213 - val_loss: 0.6909
Epoch 23/50
 - 4s - loss: 0.7219 - val_loss: 0.6913
Epoch 24/50
 - 3s - loss: 0.7215 - val_loss: 0.6910
Epoch 25/50
 - 3s - loss: 0.7219 - val_loss: 0.6914
Epoch 26/50
 - 3s - loss: 0.7214 - val_loss: 0.6932
Epoch 27/50
 - 3s - loss: 0.7218 - val_loss: 0.6917
Epoch 28/50
 - 3s - loss: 0.7221 - val_loss: 0.6910
Epoch 29/50
 - 4s - loss: 0.7217 - val_loss: 0.6907
Epoch 30/50
 - 3s - loss: 0.7215 - val_loss: 0.6911
Epoch 31/50
 - 4s - loss: 0.7214 - val_loss: 0.6915
Epoch 32/50
 - 3s - loss: 0.7209 - val_loss: 0.6913
Epoch 33/50
 - 3s - loss: 0.7207 - val_loss: 0.6916
Epoch 34/50
 - 3s - loss: 0.7209 - val_loss: 0.6917
Epoch 35/50
 - 3s - loss: 0.7209 - val_loss: 0.6918
Epoch 36/50
 - 3s - loss: 0.7214 - val_loss: 0.6918
Epoch 37/50
 - 3s - loss: 0.7212 - val_loss: 0.6914
Epoch 38/50
 - 3s - loss: 0.7216 - val_loss: 0.6911
Epoch 39/50
 - 3s - loss: 0.7214 - val_loss: 0.6911
Epoch 40/50
 - 3s - loss: 0.7209 - val_loss: 0.6910
Epoch 41/50
 - 3s - loss: 0.7213 - val_loss: 0.6906
Epoch 42/50
 - 3s - loss: 0.7208 - val_loss: 0.6914
Epoch 43/50
 - 3s - loss: 0.7211 - val_loss: 0.6908
Epoch 44/50
 - 3s - loss: 0.7211 - val_loss: 0.6906
Epoch 45/50
 - 3s - loss: 0.7204 - val_loss: 0.6909
Epoch 46/50
 - 3s - loss: 0.7208 - val_loss: 0.6911
Epoch 47/50
 - 4s - loss: 0.7203 - val_loss: 0.6909
Epoch 48/50
 - 3s - loss: 0.7205 - val_loss: 0.6910
Epoch 49/50
 - 3s - loss: 0.7207 - val_loss: 0.6908
Epoch 50/50
 - 3s - loss: 0.7210 - val_loss: 0.6908
[38;2;74;176;245m[1mProfile[0m ⏱  ···· Time elapsed in [1mFold 1/3[0m: ............................... [1m198.5s[0m
[38;2;74;176;245m[1mProfile[0m ⏱  ···· Starting [1mFold 2/3[0m
Train on 1333334 samples, validate on 666666 samples
Epoch 1/50
 - 6s - loss: 0.7140 - val_loss: 0.6705
Epoch 2/50
 - 3s - loss: 0.7134 - val_loss: 0.6716
Epoch 3/50
 - 2s - loss: 0.7129 - val_loss: 0.6719
Epoch 4/50
 - 3s - loss: 0.7134 - val_loss: 0.6719
Epoch 5/50
 - 3s - loss: 0.7126 - val_loss: 0.6714
Epoch 6/50
 - 3s - loss: 0.7130 - val_loss: 0.6709
Epoch 7/50
 - 3s - loss: 0.7125 - val_loss: 0.6714
Epoch 8/50
 - 3s - loss: 0.7123 - val_loss: 0.6709
Epoch 9/50
 - 2s - loss: 0.7130 - val_loss: 0.6717
Epoch 10/50
 - 3s - loss: 0.7119 - val_loss: 0.6708
Epoch 11/50
 - 3s - loss: 0.7117 - val_loss: 0.6717
Epoch 12/50
 - 3s - loss: 0.7120 - val_loss: 0.6711
Epoch 13/50
 - 3s - loss: 0.7117 - val_loss: 0.6712
Epoch 14/50
 - 3s - loss: 0.7119 - val_loss: 0.6714
Epoch 15/50
 - 3s - loss: 0.7116 - val_loss: 0.6714
Epoch 16/50
 - 3s - loss: 0.7111 - val_loss: 0.6718
Epoch 17/50
 - 3s - loss: 0.7119 - val_loss: 0.6717
Epoch 18/50
 - 3s - loss: 0.7114 - val_loss: 0.6714
Epoch 19/50
 - 4s - loss: 0.7113 - val_loss: 0.6712
Epoch 20/50
 - 3s - loss: 0.7110 - val_loss: 0.6710
Epoch 21/50
 - 3s - loss: 0.7111 - val_loss: 0.6714
Epoch 22/50
 - 3s - loss: 0.7115 - val_loss: 0.6715
Epoch 23/50
 - 3s - loss: 0.7109 - val_loss: 0.6715
Epoch 24/50
 - 3s - loss: 0.7111 - val_loss: 0.6714
Epoch 25/50
 - 3s - loss: 0.7111 - val_loss: 0.6713
Epoch 26/50
 - 3s - loss: 0.7105 - val_loss: 0.6715
Epoch 27/50
 - 4s - loss: 0.7109 - val_loss: 0.6714
Epoch 28/50
 - 3s - loss: 0.7108 - val_loss: 0.6709
Epoch 29/50
 - 3s - loss: 0.7107 - val_loss: 0.6718
Epoch 30/50
 - 3s - loss: 0.7104 - val_loss: 0.6719
Epoch 31/50
 - 3s - loss: 0.7102 - val_loss: 0.6713
Epoch 32/50
 - 3s - loss: 0.7104 - val_loss: 0.6717
Epoch 33/50
 - 3s - loss: 0.7103 - val_loss: 0.6720
Epoch 34/50
 - 4s - loss: 0.7102 - val_loss: 0.6720
Epoch 35/50
 - 4s - loss: 0.7099 - val_loss: 0.6713
Epoch 36/50
 - 3s - loss: 0.7100 - val_loss: 0.6709
Epoch 37/50
 - 3s - loss: 0.7100 - val_loss: 0.6714
Epoch 38/50
 - 3s - loss: 0.7104 - val_loss: 7.9767
Epoch 39/50
 - 3s - loss: 0.7099 - val_loss: 0.6716
Epoch 40/50
 - 3s - loss: 0.7096 - val_loss: 0.6716
Epoch 41/50
 - 3s - loss: 0.7100 - val_loss: 0.6719
Epoch 42/50
 - 3s - loss: 0.7094 - val_loss: 0.6709
Epoch 43/50
 - 2s - loss: 0.7099 - val_loss: 0.6709
Epoch 44/50
 - 3s - loss: 0.7098 - val_loss: 0.6715
Epoch 45/50
 - 3s - loss: 0.7096 - val_loss: 0.6715
Epoch 46/50
 - 2s - loss: 0.7088 - val_loss: 0.6705
Epoch 47/50
 - 3s - loss: 0.7098 - val_loss: 0.6712
Epoch 48/50
 - 3s - loss: 0.7099 - val_loss: 0.6714
Epoch 49/50
 - 2s - loss: 0.7096 - val_loss: 0.6708
Epoch 50/50
 - 3s - loss: 0.7090 - val_loss: 0.6709
[38;2;74;176;245m[1mProfile[0m ⏱  ···· Time elapsed in [1mFold 2/3[0m: ............................... [1m179.0s[0m
[38;2;74;176;245m[1mProfile[0m ⏱  ···· Starting [1mFold 3/3[0m
Train on 1333334 samples, validate on 666666 samples
Epoch 1/50
 - 5s - loss: 0.7554 - val_loss: 0.6926
Epoch 2/50
 - 2s - loss: 0.7531 - val_loss: 0.6950
Epoch 3/50
 - 3s - loss: 0.7519 - val_loss: 0.6918
Epoch 4/50
 - 2s - loss: 0.7517 - val_loss: 0.6910
Epoch 5/50
 - 3s - loss: 0.7506 - val_loss: 0.6895
Epoch 6/50
 - 3s - loss: 0.7502 - val_loss: 0.6892
Epoch 7/50
 - 3s - loss: 0.7504 - val_loss: 0.6877
Epoch 8/50
 - 3s - loss: 0.7484 - val_loss: 0.6864
Epoch 9/50
 - 3s - loss: 0.7495 - val_loss: 0.6852
Epoch 10/50
 - 3s - loss: 0.7493 - val_loss: 0.6846
Epoch 11/50
 - 3s - loss: 0.7496 - val_loss: 0.6854
Epoch 12/50
 - 4s - loss: 0.7474 - val_loss: 0.6848
Epoch 13/50
 - 3s - loss: 0.7481 - val_loss: 0.6816
Epoch 14/50
 - 3s - loss: 0.7472 - val_loss: 0.6818
Epoch 15/50
 - 3s - loss: 0.7479 - val_loss: 0.6815
Epoch 16/50
 - 3s - loss: 0.7482 - val_loss: 0.6731
Epoch 17/50
 - 3s - loss: 0.7482 - val_loss: 0.6811
Epoch 18/50
 - 3s - loss: 0.7466 - val_loss: 0.6812
Epoch 19/50
 - 3s - loss: 0.7470 - val_loss: 0.6780
Epoch 20/50
 - 3s - loss: 0.7474 - val_loss: 0.6785
Epoch 21/50
 - 3s - loss: 0.7470 - val_loss: 0.6766
Epoch 22/50
 - 3s - loss: 0.7474 - val_loss: 0.6745
Epoch 23/50
 - 3s - loss: 0.7464 - val_loss: 0.6771
Epoch 24/50
 - 3s - loss: 0.7468 - val_loss: 0.6757
Epoch 25/50
 - 3s - loss: 0.7462 - val_loss: 0.6759
Epoch 26/50
 - 3s - loss: 0.7464 - val_loss: 0.6758
Epoch 27/50
 - 3s - loss: 0.7464 - val_loss: 0.6742
Epoch 28/50
 - 3s - loss: 0.7460 - val_loss: 0.6732
Epoch 29/50
 - 3s - loss: 0.7460 - val_loss: 0.6739
Epoch 30/50
 - 3s - loss: 0.7459 - val_loss: 0.6738
Epoch 31/50
 - 3s - loss: 0.7452 - val_loss: 0.6737
Epoch 32/50
 - 3s - loss: 0.7462 - val_loss: 0.6694
Epoch 33/50
 - 3s - loss: 0.7464 - val_loss: 0.6734
Epoch 34/50
 - 3s - loss: 0.7457 - val_loss: 0.6710
Epoch 35/50
 - 3s - loss: 0.7466 - val_loss: 0.6705
Epoch 36/50
 - 3s - loss: 0.7446 - val_loss: 0.6699
Epoch 37/50
 - 3s - loss: 0.7456 - val_loss: 0.6704
Epoch 38/50
 - 3s - loss: 0.7447 - val_loss: 0.6720
Epoch 39/50
 - 3s - loss: 0.7452 - val_loss: 0.6696
Epoch 40/50
 - 3s - loss: 0.7451 - val_loss: 0.6693
Epoch 41/50
 - 3s - loss: 0.7445 - val_loss: 0.6686
Epoch 42/50
 - 3s - loss: 0.7434 - val_loss: 0.6678
Epoch 43/50
 - 3s - loss: 0.7444 - val_loss: 0.6669
Epoch 44/50
 - 3s - loss: 0.7442 - val_loss: 0.6671
Epoch 45/50
 - 3s - loss: 0.7443 - val_loss: 0.6673
Epoch 46/50
 - 3s - loss: 0.7444 - val_loss: 0.6671
Epoch 47/50
 - 3s - loss: 0.7443 - val_loss: 0.6673
Epoch 48/50
 - 3s - loss: 0.7431 - val_loss: 0.6657
Epoch 49/50
 - 3s - loss: 0.7437 - val_loss: 0.6682
Epoch 50/50
 - 3s - loss: 0.7428 - val_loss: 0.6653
Got result 0.686597145139
Completed successfully in 630.86 seconds. [{u'main': 0.6865971451385952}]
[38;2;74;176;245m[1mProfile[0m ⏱  ···· Time elapsed in [1mFold 3/3[0m: ............................... [1m182.6s[0m
[38;2;74;176;245m[1mProfile[0m ⏱  ·· Time elapsed in [1mClassifier-only fit, cross-validation[0m: .... [1m560.7s[0m
[38;2;74;176;245m[1mProfile[0m ⏱  Time elapsed in [1m@main[0m: ....................................... [1m612.2s[0m
cd: Going back to /exports/eddie3_homes_local/s1562020/work/adversarial/optimisation/experiments/classifier
