Job launching after 4.93 seconds in submission.
Running python job.
Changed into dir /exports/eddie3_homes_local/s1562020/work/adversarial/optimisation/experiments/classifier
Importing optimise.py
Running optimise.main()
INFO: Applying patch '/exports/eddie3_homes_local/s1562020/work/adversarial/optimisation/experiments/classifier/patches/patch.00000060.json'
INFO: Found 20 Intel(R) Xeon(R) CPU E5-2630 v4 @ 2.20GHz devices with 10 cores each.
Using TensorFlow backend.
INFO: Scaling classifier/lr -1 -> 0.1
INFO: Scaling classifier/decay -2 -> 0.01
INFO: Scaling classifier/units 1 -> 2
INFO: Writing TensorBoard logs to 'logs/tensorboard/classifier-patch.00000060/'
INFO: Running '/exports/eddie3_homes_local/s1562020/work/adversarial/run/adversarial/common.pyc'
INFO: Command-line arguments:
INFO: Configuration file contents:
INFO: Python version: 2.7.14
INFO: Numpy  version: 1.12.1
INFO: Keras  version: 2.1.5
INFO: Using keras backend: 'tensorflow'
INFO: Found  1000000 training and  1000249 test samples for signal
INFO: Found  1000000 training and 10000000 test samples for background
INFO: load_data: Selecting only training data.
INFO: Implementing gradient reversal layer in TensorFlow
INFO: Training cross-validation classifiers
Call to main function (#60)
  Parameters: {u'classifier/model/default/units': array([1]), u'classifier/compile/decay': array([-2]), u'classifier/model/default/dropout': array([ 0.35802322]), u'classifier/compile/lr': array([-1]), u'classifier/model/architecture': array([1]), u'classifier/model/default/activation': [u'tanh']}
param: classifier/model/default/units
param: classifier/compile/decay
param: classifier/model/default/dropout
param: classifier/compile/lr
param: classifier/model/architecture
param: classifier/model/default/activation
- - - - - - - - - - - - - - - - - - - - - - - - - - - - - - - - - - - - - - - - 
Saving the following patch to '/exports/eddie3_homes_local/s1562020/work/adversarial/optimisation/experiments/classifier/patches/patch.00000060.json':
{u'classifier': {u'compile': {u'lr': -1, u'decay': -2}, u'model': {u'default': {u'units': 1, u'dropout': 0.35802321831818573, u'activation': u'tanh'}, u'architecture': 1}, 'fit': {'epochs': 50, 'batch_size': 8192}}}
- - - - - - - - - - - - - - - - - - - - - - - - - - - - - - - - - - - - - - - - 
cd: Going to /exports/eddie3_homes_local/s1562020/work/adversarial/
[38;2;74;176;245m[1mProfile[0m ⏱  Starting [1m@main[0m
[38;2;74;176;245m[1mProfile[0m ⏱  ·· Starting [1mInitialisation[0m
[38;2;74;176;245m[1mProfile[0m ⏱  ···· Starting [1m@initialise[0m
[38;2;74;176;245m[1mProfile[0m ⏱  ···· Time elapsed in [1m@initialise[0m: .............................. [1m0.0s[0m
[38;2;74;176;245m[1mProfile[0m ⏱  ···· Starting [1m@initialise_backend[0m
[38;2;74;176;245m[1mProfile[0m ⏱  ······ Starting [1m@configure_tensorflow[0m
[38;2;74;176;245m[1mProfile[0m ⏱  ······ Time elapsed in [1m@configure_tensorflow[0m: ................. [1m18.0s[0m
[38;2;74;176;245m[1mProfile[0m ⏱  ···· Time elapsed in [1m@initialise_backend[0m: ..................... [1m19.3s[0m
{'config': './configs/default.json',
 'devices': 7,
 'folds': 3,
 'gpu': True,
 'input': './input/',
 'jobname': 'classifier-patch.00000060',
 'mode': 'gpu',
 'optimise_adversarial': False,
 'optimise_classifier': True,
 'output': './output/',
 'patches': ['/exports/eddie3_homes_local/s1562020/work/adversarial/optimisation/experiments/classifier/patches/patch.00000060.json'],
 'tensorboard': True,
 'theano': False,
 'train': False,
 'train_adversarial': False,
 'train_classifier': True,
 'verbose': False}
{u'adversary': {u'compile': {},
                u'fit': {},
                u'model': {u'architecture': [{}, {}, {}, {}],
                           u'default': {u'activation': u'relu',
                                        u'units': 64},
                           u'gmm_components': 5}},
 u'classifier': {u'compile': {u'loss': u'binary_crossentropy',
                              u'optimizer': <keras.optimizers.Adam object at 0x2b434f19b310>},
                 u'fit': {u'batch_size': 57344,
                          u'epochs': 50,
                          u'shuffle': True,
                          'verbose': 2},
                 u'model': {u'architecture': [{}],
                            u'default': {u'activation': u'tanh',
                                         u'batchnorm': True,
                                         u'dropout': 0.35802321831818573,
                                         u'units': 2}}},
 u'combined': {u'compile': {u'loss': [u'binary_crossentropy', None],
                            u'loss_weights': [1.8181818181818182e-09, 1.0],
                            u'optimizer': <keras.optimizers.Adam object at 0x2b434f19b350>},
               u'fit': {u'batch_size': 57344,
                        u'epochs': 100,
                        u'shuffle': True,
                        'verbose': 2},
               u'model': {u'lambda_reg': 10.0,
                          u'lr_ratio': 1.8181818181818182e-09},
               u'pretrain': 10}}
  TensorFlow version: 1.4.1
[38;2;74;176;245m[1mProfile[0m ⏱  ·· Time elapsed in [1mInitialisation[0m: ............................ [1m19.4s[0m
[38;2;74;176;245m[1mProfile[0m ⏱  ·· Starting [1m@load_data[0m
[38;2;74;176;245m[1mProfile[0m ⏱  ·· Time elapsed in [1m@load_data[0m: ................................ [1m38.1s[0m
[38;2;74;176;245m[1mProfile[0m ⏱  ·· Starting [1m@get_decorrelation_variables[0m
[38;2;74;176;245m[1mProfile[0m ⏱  ·· Time elapsed in [1m@get_decorrelation_variables[0m: ............... [1m0.0s[0m
[38;2;74;176;245m[1mProfile[0m ⏱  ·· Starting [1mClassifier-only fit, cross-validation[0m
[38;2;74;176;245m[1mProfile[0m ⏱  ···· Starting [1mFold 1/3[0m
Train on 1333332 samples, validate on 666668 samples
Epoch 1/50
 - 2s - loss: 0.5498 - val_loss: 0.4788
Epoch 2/50
 - 2s - loss: 0.5180 - val_loss: 0.4790
Epoch 3/50
 - 2s - loss: 0.5127 - val_loss: 0.4742
Epoch 4/50
 - 2s - loss: 0.5095 - val_loss: 0.4750
Epoch 5/50
 - 2s - loss: 0.5097 - val_loss: 0.4751
Epoch 6/50
 - 2s - loss: 0.5088 - val_loss: 0.4775
Epoch 7/50
 - 2s - loss: 0.5084 - val_loss: 0.4729
Epoch 8/50
 - 2s - loss: 0.5090 - val_loss: 0.4749
Epoch 9/50
 - 2s - loss: 0.5085 - val_loss: 0.4767
Epoch 10/50
 - 2s - loss: 0.5081 - val_loss: 0.4724
Epoch 11/50
 - 2s - loss: 0.5085 - val_loss: 0.4818
Epoch 12/50
 - 2s - loss: 0.5079 - val_loss: 0.4707
Epoch 13/50
 - 2s - loss: 0.5090 - val_loss: 0.4751
Epoch 14/50
 - 2s - loss: 0.5091 - val_loss: 0.4736
Epoch 15/50
 - 2s - loss: 0.5091 - val_loss: 0.4767
Epoch 16/50
 - 2s - loss: 0.5081 - val_loss: 0.4748
Epoch 17/50
 - 2s - loss: 0.5088 - val_loss: 0.4762
Epoch 18/50
 - 2s - loss: 0.5076 - val_loss: 0.4748
Epoch 19/50
 - 2s - loss: 0.5085 - val_loss: 0.4693
Epoch 20/50
 - 2s - loss: 0.5082 - val_loss: 0.4737
Epoch 21/50
 - 2s - loss: 0.5099 - val_loss: 0.4707
Epoch 22/50
 - 2s - loss: 0.5085 - val_loss: 0.4746
Epoch 23/50
 - 2s - loss: 0.5090 - val_loss: 0.4757
Epoch 24/50
 - 2s - loss: 0.5087 - val_loss: 0.4768
Epoch 25/50
 - 2s - loss: 0.5085 - val_loss: 0.4736
Epoch 26/50
 - 2s - loss: 0.5079 - val_loss: 0.4758
Epoch 27/50
 - 2s - loss: 0.5088 - val_loss: 0.4763
Epoch 28/50
 - 2s - loss: 0.5080 - val_loss: 0.4730
Epoch 29/50
 - 2s - loss: 0.5080 - val_loss: 0.4747
Epoch 30/50
 - 2s - loss: 0.5076 - val_loss: 0.4744
Epoch 31/50
 - 2s - loss: 0.5086 - val_loss: 0.4706
Epoch 32/50
 - 2s - loss: 0.5088 - val_loss: 0.4738
Epoch 33/50
 - 2s - loss: 0.5085 - val_loss: 0.4743
Epoch 34/50
 - 2s - loss: 0.5085 - val_loss: 0.4724
Epoch 35/50
 - 2s - loss: 0.5084 - val_loss: 0.4753
Epoch 36/50
 - 2s - loss: 0.5083 - val_loss: 0.4728
Epoch 37/50
 - 2s - loss: 0.5083 - val_loss: 0.4713
Epoch 38/50
 - 2s - loss: 0.5089 - val_loss: 0.4771
Epoch 39/50
 - 2s - loss: 0.5080 - val_loss: 0.4710
Epoch 40/50
 - 2s - loss: 0.5086 - val_loss: 0.4748
Epoch 41/50
 - 2s - loss: 0.5090 - val_loss: 0.4754
Epoch 42/50
 - 2s - loss: 0.5086 - val_loss: 0.4752
Epoch 43/50
 - 2s - loss: 0.5094 - val_loss: 0.4803
Epoch 44/50
 - 2s - loss: 0.5090 - val_loss: 0.4714
Epoch 45/50
 - 2s - loss: 0.5080 - val_loss: 0.4780
Epoch 46/50
 - 2s - loss: 0.5083 - val_loss: 0.4736
Epoch 47/50
 - 2s - loss: 0.5091 - val_loss: 0.4736
Epoch 48/50
 - 2s - loss: 0.5080 - val_loss: 0.4746
Epoch 49/50
 - 2s - loss: 0.5080 - val_loss: 0.4706
Epoch 50/50
 - 2s - loss: 0.5079 - val_loss: 0.4740
[38;2;74;176;245m[1mProfile[0m ⏱  ···· Time elapsed in [1mFold 1/3[0m: ............................... [1m123.8s[0m
[38;2;74;176;245m[1mProfile[0m ⏱  ···· Starting [1mFold 2/3[0m
Train on 1333334 samples, validate on 666666 samples
Epoch 1/50
 - 2s - loss: 0.5922 - val_loss: 0.4932
Epoch 2/50
 - 2s - loss: 0.5219 - val_loss: 0.4739
Epoch 3/50
 - 2s - loss: 0.5165 - val_loss: 0.4801
Epoch 4/50
 - 2s - loss: 0.5141 - val_loss: 0.4778
Epoch 5/50
 - 2s - loss: 0.5128 - val_loss: 0.4743
Epoch 6/50
 - 2s - loss: 0.5102 - val_loss: 0.4704
Epoch 7/50
 - 2s - loss: 0.5092 - val_loss: 0.4718
Epoch 8/50
 - 2s - loss: 0.5102 - val_loss: 0.4720
Epoch 9/50
 - 2s - loss: 0.5094 - val_loss: 0.4752
Epoch 10/50
 - 2s - loss: 0.5090 - val_loss: 0.4720
Epoch 11/50
 - 2s - loss: 0.5087 - val_loss: 0.4756
Epoch 12/50
 - 2s - loss: 0.5091 - val_loss: 0.4706
Epoch 13/50
 - 2s - loss: 0.5093 - val_loss: 0.4727
Epoch 14/50
 - 2s - loss: 0.5090 - val_loss: 0.4715
Epoch 15/50
 - 2s - loss: 0.5091 - val_loss: 0.4741
Epoch 16/50
 - 2s - loss: 0.5086 - val_loss: 0.4696
Epoch 17/50
 - 2s - loss: 0.5097 - val_loss: 0.4726
Epoch 18/50
 - 2s - loss: 0.5085 - val_loss: 0.4743
Epoch 19/50
 - 1s - loss: 0.5092 - val_loss: 0.4696
Epoch 20/50
 - 2s - loss: 0.5087 - val_loss: 0.4745
Epoch 21/50
 - 2s - loss: 0.5092 - val_loss: 0.4726
Epoch 22/50
 - 2s - loss: 0.5089 - val_loss: 0.4742
Epoch 23/50
 - 2s - loss: 0.5089 - val_loss: 0.4742
Epoch 24/50
 - 2s - loss: 0.5088 - val_loss: 0.4716
Epoch 25/50
 - 2s - loss: 0.5087 - val_loss: 0.4707
Epoch 26/50
 - 2s - loss: 0.5084 - val_loss: 0.4712
Epoch 27/50
 - 2s - loss: 0.5097 - val_loss: 0.4728
Epoch 28/50
 - 2s - loss: 0.5086 - val_loss: 0.4733
Epoch 29/50
 - 2s - loss: 0.5090 - val_loss: 0.4701
Epoch 30/50
 - 2s - loss: 0.5088 - val_loss: 0.4716
Epoch 31/50
 - 2s - loss: 0.5093 - val_loss: 0.4730
Epoch 32/50
 - 2s - loss: 0.5092 - val_loss: 0.4754
Epoch 33/50
 - 2s - loss: 0.5089 - val_loss: 0.4732
Epoch 34/50
 - 2s - loss: 0.5087 - val_loss: 0.4713
Epoch 35/50
 - 2s - loss: 0.5086 - val_loss: 0.4712
Epoch 36/50
 - 2s - loss: 0.5086 - val_loss: 0.4712
Epoch 37/50
 - 2s - loss: 0.5090 - val_loss: 0.4691
Epoch 38/50
 - 2s - loss: 0.5091 - val_loss: 0.4759
Epoch 39/50
 - 2s - loss: 0.5095 - val_loss: 0.4734
Epoch 40/50
 - 2s - loss: 0.5092 - val_loss: 0.4740
Epoch 41/50
 - 2s - loss: 0.5091 - val_loss: 0.4745
Epoch 42/50
 - 2s - loss: 0.5091 - val_loss: 0.4667
Epoch 43/50
 - 2s - loss: 0.5093 - val_loss: 0.4722
Epoch 44/50
 - 2s - loss: 0.5091 - val_loss: 0.4661
Epoch 45/50
 - 2s - loss: 0.5090 - val_loss: 0.4741
Epoch 46/50
 - 1s - loss: 0.5088 - val_loss: 0.4741
Epoch 47/50
 - 1s - loss: 0.5096 - val_loss: 0.4731
Epoch 48/50
 - 1s - loss: 0.5088 - val_loss: 0.4691
Epoch 49/50
 - 1s - loss: 0.5093 - val_loss: 0.4716
Epoch 50/50
 - 2s - loss: 0.5086 - val_loss: 0.4689
[38;2;74;176;245m[1mProfile[0m ⏱  ···· Time elapsed in [1mFold 2/3[0m: ................................ [1m98.8s[0m
[38;2;74;176;245m[1mProfile[0m ⏱  ···· Starting [1mFold 3/3[0m
Train on 1333334 samples, validate on 666666 samples
Epoch 1/50
 - 2s - loss: 0.5831 - val_loss: 0.4840
Epoch 2/50
 - 1s - loss: 0.5214 - val_loss: 0.4764
Epoch 3/50
 - 1s - loss: 0.5127 - val_loss: 0.4782
Epoch 4/50
 - 1s - loss: 0.5104 - val_loss: 0.4727
Epoch 5/50
 - 1s - loss: 0.5102 - val_loss: 0.4767
Epoch 6/50
 - 1s - loss: 0.5094 - val_loss: 0.4825
Epoch 7/50
 - 1s - loss: 0.5094 - val_loss: 0.4705
Epoch 8/50
 - 1s - loss: 0.5090 - val_loss: 0.4716
Epoch 9/50
 - 2s - loss: 0.5089 - val_loss: 0.4743
Epoch 10/50
 - 2s - loss: 0.5090 - val_loss: 0.4728
Epoch 11/50
 - 1s - loss: 0.5094 - val_loss: 0.4748
Epoch 12/50
 - 1s - loss: 0.5083 - val_loss: 0.4752
Epoch 13/50
 - 1s - loss: 0.5087 - val_loss: 0.4726
Epoch 14/50
 - 2s - loss: 0.5093 - val_loss: 0.4651
Epoch 15/50
 - 1s - loss: 0.5089 - val_loss: 0.4748
Epoch 16/50
 - 1s - loss: 0.5083 - val_loss: 0.4737
Epoch 17/50
 - 1s - loss: 0.5085 - val_loss: 0.4721
Epoch 18/50
 - 2s - loss: 0.5085 - val_loss: 0.4720
Epoch 19/50
 - 1s - loss: 0.5087 - val_loss: 0.4750
Epoch 20/50
 - 1s - loss: 0.5081 - val_loss: 0.4745
Epoch 21/50
 - 2s - loss: 0.5087 - val_loss: 0.4733
Epoch 22/50
 - 1s - loss: 0.5073 - val_loss: 0.4737
Epoch 23/50
 - 2s - loss: 0.5085 - val_loss: 0.4735
Epoch 24/50
 - 1s - loss: 0.5083 - val_loss: 0.4736
Epoch 25/50
 - 1s - loss: 0.5080 - val_loss: 0.4714
Epoch 26/50
 - 1s - loss: 0.5081 - val_loss: 0.4733
Epoch 27/50
 - 1s - loss: 0.5079 - val_loss: 0.4737
Epoch 28/50
 - 1s - loss: 0.5089 - val_loss: 0.4762
Epoch 29/50
 - 1s - loss: 0.5081 - val_loss: 0.4731
Epoch 30/50
 - 2s - loss: 0.5087 - val_loss: 0.4727
Epoch 31/50
 - 1s - loss: 0.5079 - val_loss: 0.4723
Epoch 32/50
 - 1s - loss: 0.5084 - val_loss: 0.4768
Epoch 33/50
 - 1s - loss: 0.5091 - val_loss: 0.4752
Epoch 34/50
 - 2s - loss: 0.5085 - val_loss: 0.4749
Epoch 35/50
 - 1s - loss: 0.5083 - val_loss: 0.4736
Epoch 36/50
 - 1s - loss: 0.5084 - val_loss: 0.4744
Epoch 37/50
 - 1s - loss: 0.5080 - val_loss: 0.4723
Epoch 38/50
 - 1s - loss: 0.5091 - val_loss: 0.4756
Epoch 39/50
 - 1s - loss: 0.5085 - val_loss: 0.4751
Epoch 40/50
 - 1s - loss: 0.5086 - val_loss: 0.4721
Epoch 41/50
 - 1s - loss: 0.5085 - val_loss: 0.4797
Epoch 42/50
 - 2s - loss: 0.5081 - val_loss: 0.4734
Epoch 43/50
 - 1s - loss: 0.5088 - val_loss: 0.4729
Epoch 44/50
 - 1s - loss: 0.5083 - val_loss: 0.4651
Epoch 45/50
 - 1s - loss: 0.5081 - val_loss: 0.4765
Epoch 46/50
 - 1s - loss: 0.5088 - val_loss: 0.4731
Epoch 47/50
 - 1s - loss: 0.5078 - val_loss: 0.4747
Epoch 48/50
 - 1s - loss: 0.5084 - val_loss: 0.4779
Epoch 49/50
 - 1s - loss: 0.5091 - val_loss: 0.4742
Epoch 50/50
 - 1s - loss: 0.5081 - val_loss: 0.4755
Got result 0.475610354503
Completed successfully in 386.96 seconds. [{u'main': 0.4756103545025265}]
[38;2;74;176;245m[1mProfile[0m ⏱  ···· Time elapsed in [1mFold 3/3[0m: ................................ [1m78.7s[0m
[38;2;74;176;245m[1mProfile[0m ⏱  ·· Time elapsed in [1mClassifier-only fit, cross-validation[0m: .... [1m301.9s[0m
[38;2;74;176;245m[1mProfile[0m ⏱  Time elapsed in [1m@main[0m: ....................................... [1m359.7s[0m
cd: Going back to /exports/eddie3_homes_local/s1562020/work/adversarial/optimisation/experiments/classifier
