Job launching after 6.17 seconds in submission.
Running python job.
Changed into dir /exports/eddie3_homes_local/s1562020/work/adversarial/optimisation/experiments/classifier
Importing optimise.py
Running optimise.main()
INFO: Applying patch '/exports/eddie3_homes_local/s1562020/work/adversarial/optimisation/experiments/classifier/patches/patch.00000068.json'
INFO: Found 20 Intel(R) Xeon(R) CPU E5-2630 v4 @ 2.20GHz devices with 10 cores each.
Using TensorFlow backend.
INFO: Scaling classifier/lr -5 -> 1e-05
INFO: Scaling classifier/decay -2 -> 0.01
INFO: Scaling classifier/units 1 -> 2
INFO: Writing TensorBoard logs to 'logs/tensorboard/classifier-patch.00000068/'
INFO: Running '/exports/eddie3_homes_local/s1562020/work/adversarial/run/adversarial/common.pyc'
INFO: Command-line arguments:
INFO: Configuration file contents:
INFO: Python version: 2.7.14
INFO: Numpy  version: 1.12.1
INFO: Keras  version: 2.1.5
INFO: Using keras backend: 'tensorflow'
INFO: Found  1000000 training and  1000249 test samples for signal
INFO: Found  1000000 training and 10000000 test samples for background
INFO: load_data: Selecting only training data.
INFO: Implementing gradient reversal layer in TensorFlow
INFO: Training cross-validation classifiers
Call to main function (#68)
  Parameters: {u'classifier/model/default/units': array([1]), u'classifier/compile/decay': array([-2]), u'classifier/model/default/dropout': array([ 0.46070863]), u'classifier/compile/lr': array([-5]), u'classifier/model/architecture': array([6]), u'classifier/model/default/activation': [u'relu']}
param: classifier/model/default/units
param: classifier/compile/decay
param: classifier/model/default/dropout
param: classifier/compile/lr
param: classifier/model/architecture
param: classifier/model/default/activation
- - - - - - - - - - - - - - - - - - - - - - - - - - - - - - - - - - - - - - - - 
Saving the following patch to '/exports/eddie3_homes_local/s1562020/work/adversarial/optimisation/experiments/classifier/patches/patch.00000068.json':
{u'classifier': {u'compile': {u'lr': -5, u'decay': -2}, u'model': {u'default': {u'units': 1, u'dropout': 0.46070863324201472, u'activation': u'relu'}, u'architecture': 6}, 'fit': {'epochs': 50, 'batch_size': 8192}}}
- - - - - - - - - - - - - - - - - - - - - - - - - - - - - - - - - - - - - - - - 
cd: Going to /exports/eddie3_homes_local/s1562020/work/adversarial/
[38;2;74;176;245m[1mProfile[0m ⏱  Starting [1m@main[0m
[38;2;74;176;245m[1mProfile[0m ⏱  ·· Starting [1mInitialisation[0m
[38;2;74;176;245m[1mProfile[0m ⏱  ···· Starting [1m@initialise[0m
[38;2;74;176;245m[1mProfile[0m ⏱  ···· Time elapsed in [1m@initialise[0m: .............................. [1m0.0s[0m
[38;2;74;176;245m[1mProfile[0m ⏱  ···· Starting [1m@initialise_backend[0m
[38;2;74;176;245m[1mProfile[0m ⏱  ······ Starting [1m@configure_tensorflow[0m
[38;2;74;176;245m[1mProfile[0m ⏱  ······ Time elapsed in [1m@configure_tensorflow[0m: ................. [1m17.8s[0m
[38;2;74;176;245m[1mProfile[0m ⏱  ···· Time elapsed in [1m@initialise_backend[0m: ..................... [1m18.9s[0m
{'config': './configs/default.json',
 'devices': 7,
 'folds': 3,
 'gpu': True,
 'input': './input/',
 'jobname': 'classifier-patch.00000068',
 'mode': 'gpu',
 'optimise_adversarial': False,
 'optimise_classifier': True,
 'output': './output/',
 'patches': ['/exports/eddie3_homes_local/s1562020/work/adversarial/optimisation/experiments/classifier/patches/patch.00000068.json'],
 'tensorboard': True,
 'theano': False,
 'train': False,
 'train_adversarial': False,
 'train_classifier': True,
 'verbose': False}
{u'adversary': {u'compile': {},
                u'fit': {},
                u'model': {u'architecture': [{}, {}, {}, {}],
                           u'default': {u'activation': u'relu',
                                        u'units': 64},
                           u'gmm_components': 5}},
 u'classifier': {u'compile': {u'loss': u'binary_crossentropy',
                              u'optimizer': <keras.optimizers.Adam object at 0x2abc88066310>},
                 u'fit': {u'batch_size': 57344,
                          u'epochs': 50,
                          u'shuffle': True,
                          'verbose': 2},
                 u'model': {u'architecture': [{}, {}, {}, {}, {}, {}],
                            u'default': {u'activation': u'relu',
                                         u'batchnorm': True,
                                         u'dropout': 0.4607086332420147,
                                         u'units': 2}}},
 u'combined': {u'compile': {u'loss': [u'binary_crossentropy', None],
                            u'loss_weights': [1.8181818181818182e-09, 1.0],
                            u'optimizer': <keras.optimizers.Adam object at 0x2abc88066350>},
               u'fit': {u'batch_size': 57344,
                        u'epochs': 500,
                        u'shuffle': True,
                        'verbose': 2},
               u'model': {u'lambda_reg': 10.0,
                          u'lr_ratio': 1.8181818181818182e-09},
               u'pretrain': 10}}
  TensorFlow version: 1.4.1
[38;2;74;176;245m[1mProfile[0m ⏱  ·· Time elapsed in [1mInitialisation[0m: ............................ [1m19.1s[0m
[38;2;74;176;245m[1mProfile[0m ⏱  ·· Starting [1m@load_data[0m
[38;2;74;176;245m[1mProfile[0m ⏱  ·· Time elapsed in [1m@load_data[0m: ................................ [1m44.7s[0m
[38;2;74;176;245m[1mProfile[0m ⏱  ·· Starting [1m@get_decorrelation_variables[0m
[38;2;74;176;245m[1mProfile[0m ⏱  ·· Time elapsed in [1m@get_decorrelation_variables[0m: ............... [1m0.0s[0m
[38;2;74;176;245m[1mProfile[0m ⏱  ·· Starting [1mClassifier-only fit, cross-validation[0m
[38;2;74;176;245m[1mProfile[0m ⏱  ···· Starting [1mFold 1/3[0m
Train on 1333332 samples, validate on 666668 samples
Epoch 1/50
 - 6s - loss: 0.7114 - val_loss: 0.6947
Epoch 2/50
 - 4s - loss: 0.7111 - val_loss: 0.6948
Epoch 3/50
 - 4s - loss: 0.7113 - val_loss: 0.6947
Epoch 4/50
 - 4s - loss: 0.7117 - val_loss: 0.6948
Epoch 5/50
 - 4s - loss: 0.7110 - val_loss: 0.6947
Epoch 6/50
 - 3s - loss: 0.7113 - val_loss: 0.6948
Epoch 7/50
 - 3s - loss: 0.7116 - val_loss: 0.6949
Epoch 8/50
 - 3s - loss: 0.7112 - val_loss: 0.6949
Epoch 9/50
 - 3s - loss: 0.7111 - val_loss: 0.6948
Epoch 10/50
 - 4s - loss: 0.7108 - val_loss: 0.6947
Epoch 11/50
 - 3s - loss: 0.7110 - val_loss: 0.6947
Epoch 12/50
 - 3s - loss: 0.7108 - val_loss: 0.6948
Epoch 13/50
 - 3s - loss: 0.7106 - val_loss: 0.6948
Epoch 14/50
 - 3s - loss: 0.7110 - val_loss: 0.6948
Epoch 15/50
 - 3s - loss: 0.7103 - val_loss: 0.6947
Epoch 16/50
 - 3s - loss: 0.7108 - val_loss: 0.6947
Epoch 17/50
 - 4s - loss: 0.7105 - val_loss: 0.6947
Epoch 18/50
 - 4s - loss: 0.7111 - val_loss: 0.6947
Epoch 19/50
 - 4s - loss: 0.7104 - val_loss: 0.6948
Epoch 20/50
 - 4s - loss: 0.7108 - val_loss: 0.6947
Epoch 21/50
 - 4s - loss: 0.7109 - val_loss: 0.6948
Epoch 22/50
 - 4s - loss: 0.7110 - val_loss: 0.6947
Epoch 23/50
 - 4s - loss: 0.7103 - val_loss: 0.6948
Epoch 24/50
 - 4s - loss: 0.7112 - val_loss: 0.6947
Epoch 25/50
 - 4s - loss: 0.7111 - val_loss: 0.6947
Epoch 26/50
 - 4s - loss: 0.7106 - val_loss: 0.6947
Epoch 27/50
 - 4s - loss: 0.7107 - val_loss: 0.6947
Epoch 28/50
 - 4s - loss: 0.7103 - val_loss: 0.6947
Epoch 29/50
 - 4s - loss: 0.7102 - val_loss: 0.6947
Epoch 30/50
 - 3s - loss: 0.7105 - val_loss: 0.6947
Epoch 31/50
 - 4s - loss: 0.7107 - val_loss: 0.6947
Epoch 32/50
 - 3s - loss: 0.7103 - val_loss: 0.6947
Epoch 33/50
 - 3s - loss: 0.7101 - val_loss: 0.6947
Epoch 34/50
 - 4s - loss: 0.7103 - val_loss: 0.6947
Epoch 35/50
 - 4s - loss: 0.7102 - val_loss: 0.6948
Epoch 36/50
 - 4s - loss: 0.7110 - val_loss: 0.6948
Epoch 37/50
 - 4s - loss: 0.7100 - val_loss: 0.6947
Epoch 38/50
 - 4s - loss: 0.7094 - val_loss: 0.6947
Epoch 39/50
 - 3s - loss: 0.7101 - val_loss: 0.6947
Epoch 40/50
 - 4s - loss: 0.7107 - val_loss: 0.6947
Epoch 41/50
 - 3s - loss: 0.7105 - val_loss: 0.6947
Epoch 42/50
 - 4s - loss: 0.7101 - val_loss: 0.6947
Epoch 43/50
 - 4s - loss: 0.7099 - val_loss: 0.6947
Epoch 44/50
 - 3s - loss: 0.7105 - val_loss: 0.6948
Epoch 45/50
 - 4s - loss: 0.7103 - val_loss: 0.6947
Epoch 46/50
 - 3s - loss: 0.7100 - val_loss: 0.6947
Epoch 47/50
 - 4s - loss: 0.7105 - val_loss: 0.6948
Epoch 48/50
 - 3s - loss: 0.7102 - val_loss: 0.6947
Epoch 49/50
 - 4s - loss: 0.7101 - val_loss: 0.6947
Epoch 50/50
 - 4s - loss: 0.7100 - val_loss: 0.6947
[38;2;74;176;245m[1mProfile[0m ⏱  ···· Time elapsed in [1mFold 1/3[0m: ............................... [1m227.0s[0m
[38;2;74;176;245m[1mProfile[0m ⏱  ···· Starting [1mFold 2/3[0m
Train on 1333334 samples, validate on 666666 samples
Epoch 1/50
 - 6s - loss: 0.7158 - val_loss: 0.6820
Epoch 2/50
 - 4s - loss: 0.7156 - val_loss: 0.6828
Epoch 3/50
 - 3s - loss: 0.7153 - val_loss: 0.6820
Epoch 4/50
 - 3s - loss: 0.7154 - val_loss: 0.6827
Epoch 5/50
 - 3s - loss: 0.7158 - val_loss: 0.6824
Epoch 6/50
 - 4s - loss: 0.7151 - val_loss: 0.6823
Epoch 7/50
 - 4s - loss: 0.7151 - val_loss: 0.6823
Epoch 8/50
 - 4s - loss: 0.7158 - val_loss: 0.6825
Epoch 9/50
 - 3s - loss: 0.7156 - val_loss: 0.6825
Epoch 10/50
 - 4s - loss: 0.7153 - val_loss: 0.6826
Epoch 11/50
 - 3s - loss: 0.7153 - val_loss: 0.6825
Epoch 12/50
 - 3s - loss: 0.7157 - val_loss: 0.6824
Epoch 13/50
 - 3s - loss: 0.7155 - val_loss: 0.6822
Epoch 14/50
 - 4s - loss: 0.7152 - val_loss: 0.6827
Epoch 15/50
 - 3s - loss: 0.7152 - val_loss: 0.6828
Epoch 16/50
 - 4s - loss: 0.7146 - val_loss: 0.6826
Epoch 17/50
 - 4s - loss: 0.7156 - val_loss: 0.6822
Epoch 18/50
 - 3s - loss: 0.7155 - val_loss: 0.6823
Epoch 19/50
 - 3s - loss: 0.7155 - val_loss: 0.6822
Epoch 20/50
 - 3s - loss: 0.7157 - val_loss: 0.6823
Epoch 21/50
 - 4s - loss: 0.7150 - val_loss: 0.6824
Epoch 22/50
 - 4s - loss: 0.7146 - val_loss: 0.6823
Epoch 23/50
 - 4s - loss: 0.7158 - val_loss: 0.6824
Epoch 24/50
 - 4s - loss: 0.7155 - val_loss: 0.6824
Epoch 25/50
 - 4s - loss: 0.7148 - val_loss: 0.6824
Epoch 26/50
 - 4s - loss: 0.7154 - val_loss: 0.6826
Epoch 27/50
 - 4s - loss: 0.7148 - val_loss: 0.6824
Epoch 28/50
 - 3s - loss: 0.7146 - val_loss: 0.6825
Epoch 29/50
 - 4s - loss: 0.7153 - val_loss: 0.6820
Epoch 30/50
 - 4s - loss: 0.7145 - val_loss: 0.6827
Epoch 31/50
 - 4s - loss: 0.7147 - val_loss: 0.6826
Epoch 32/50
 - 3s - loss: 0.7150 - val_loss: 0.6824
Epoch 33/50
 - 4s - loss: 0.7150 - val_loss: 0.6827
Epoch 34/50
 - 4s - loss: 0.7151 - val_loss: 0.6827
Epoch 35/50
 - 3s - loss: 0.7147 - val_loss: 0.6827
Epoch 36/50
 - 5s - loss: 0.7152 - val_loss: 0.6824
Epoch 37/50
 - 4s - loss: 0.7150 - val_loss: 0.6826
Epoch 38/50
 - 3s - loss: 0.7151 - val_loss: 0.6824
Epoch 39/50
 - 3s - loss: 0.7150 - val_loss: 0.6825
Epoch 40/50
 - 4s - loss: 0.7152 - val_loss: 0.6825
Epoch 41/50
 - 3s - loss: 0.7154 - val_loss: 0.6824
Epoch 42/50
 - 3s - loss: 0.7142 - val_loss: 0.6824
Epoch 43/50
 - 3s - loss: 0.7153 - val_loss: 0.6822
Epoch 44/50
 - 3s - loss: 0.7148 - val_loss: 0.6826
Epoch 45/50
 - 4s - loss: 0.7148 - val_loss: 0.6826
Epoch 46/50
 - 3s - loss: 0.7144 - val_loss: 0.6929
Epoch 47/50
 - 4s - loss: 0.7147 - val_loss: 0.6825
Epoch 48/50
 - 4s - loss: 0.7148 - val_loss: 0.6825
Epoch 49/50
 - 3s - loss: 0.7154 - val_loss: 0.6822
Epoch 50/50
 - 3s - loss: 0.7150 - val_loss: 0.6822
[38;2;74;176;245m[1mProfile[0m ⏱  ···· Time elapsed in [1mFold 2/3[0m: ............................... [1m213.5s[0m
[38;2;74;176;245m[1mProfile[0m ⏱  ···· Starting [1mFold 3/3[0m
Train on 1333334 samples, validate on 666666 samples
Epoch 1/50
 - 6s - loss: 0.9451 - val_loss: 0.7182
Epoch 2/50
 - 3s - loss: 0.9486 - val_loss: 0.7189
Epoch 3/50
 - 4s - loss: 0.9461 - val_loss: 0.7181
Epoch 4/50
 - 4s - loss: 0.9492 - val_loss: 0.7180
Epoch 5/50
 - 3s - loss: 0.9453 - val_loss: 0.7179
Epoch 6/50
 - 3s - loss: 0.9464 - val_loss: 0.7048
Epoch 7/50
 - 4s - loss: 0.9477 - val_loss: 0.7189
Epoch 8/50
 - 4s - loss: 0.9471 - val_loss: 0.7189
Epoch 9/50
 - 3s - loss: 0.9448 - val_loss: 0.7191
Epoch 10/50
 - 3s - loss: 0.9482 - val_loss: 0.7185
Epoch 11/50
 - 4s - loss: 0.9453 - val_loss: 0.7182
Epoch 12/50
 - 3s - loss: 0.9465 - val_loss: 0.7188
Epoch 13/50
 - 4s - loss: 0.9448 - val_loss: 0.7188
Epoch 14/50
 - 4s - loss: 0.9476 - val_loss: 0.7185
Epoch 15/50
 - 4s - loss: 0.9455 - val_loss: 0.7189
Epoch 16/50
 - 4s - loss: 0.9481 - val_loss: 0.7188
Epoch 17/50
 - 4s - loss: 0.9450 - val_loss: 0.7186
Epoch 18/50
 - 4s - loss: 0.9477 - val_loss: 0.7186
Epoch 19/50
 - 3s - loss: 0.9468 - val_loss: 0.7176
Epoch 20/50
 - 4s - loss: 0.9480 - val_loss: 0.7187
Epoch 21/50
 - 3s - loss: 0.9485 - val_loss: 0.7174
Epoch 22/50
 - 3s - loss: 0.9459 - val_loss: 0.7190
Epoch 23/50
 - 3s - loss: 0.9452 - val_loss: 0.7191
Epoch 24/50
 - 3s - loss: 0.9457 - val_loss: 0.7183
Epoch 25/50
 - 3s - loss: 0.9462 - val_loss: 0.7185
Epoch 26/50
 - 3s - loss: 0.9495 - val_loss: 0.7186
Epoch 27/50
 - 4s - loss: 0.9467 - val_loss: 0.7184
Epoch 28/50
 - 3s - loss: 0.9468 - val_loss: 0.7187
Epoch 29/50
 - 3s - loss: 0.9474 - val_loss: 0.7188
Epoch 30/50
 - 3s - loss: 0.9460 - val_loss: 0.7186
Epoch 31/50
 - 3s - loss: 0.9473 - val_loss: 0.7179
Epoch 32/50
 - 3s - loss: 0.9451 - val_loss: 0.7188
Epoch 33/50
 - 3s - loss: 0.9458 - val_loss: 0.7190
Epoch 34/50
 - 3s - loss: 0.9468 - val_loss: 0.7184
Epoch 35/50
 - 4s - loss: 0.9473 - val_loss: 0.7184
Epoch 36/50
 - 3s - loss: 0.9450 - val_loss: 0.7187
Epoch 37/50
 - 3s - loss: 0.9464 - val_loss: 0.7184
Epoch 38/50
 - 3s - loss: 0.9475 - val_loss: 0.7183
Epoch 39/50
 - 3s - loss: 0.9454 - val_loss: 0.7188
Epoch 40/50
 - 4s - loss: 0.9460 - val_loss: 0.7185
Epoch 41/50
 - 3s - loss: 0.9481 - val_loss: 0.7183
Epoch 42/50
 - 3s - loss: 0.9442 - val_loss: 0.7186
Epoch 43/50
 - 3s - loss: 0.9471 - val_loss: 0.7185
Epoch 44/50
 - 4s - loss: 0.9460 - val_loss: 0.7187
Epoch 45/50
 - 4s - loss: 0.9453 - val_loss: 0.7186
Epoch 46/50
 - 4s - loss: 0.9435 - val_loss: 0.7186
Epoch 47/50
 - 4s - loss: 0.9465 - val_loss: 0.7187
Epoch 48/50
 - 3s - loss: 0.9454 - val_loss: 0.7188
Epoch 49/50
 - 5s - loss: 0.9452 - val_loss: 0.7185
Epoch 50/50
 - 4s - loss: 0.9440 - val_loss: 0.7183
Got result 0.713368157957
Completed successfully in 754.56 seconds. [{u'main': 0.713368157956855}]
[38;2;74;176;245m[1mProfile[0m ⏱  ···· Time elapsed in [1mFold 3/3[0m: ............................... [1m221.2s[0m
[38;2;74;176;245m[1mProfile[0m ⏱  ·· Time elapsed in [1mClassifier-only fit, cross-validation[0m: .... [1m662.6s[0m
[38;2;74;176;245m[1mProfile[0m ⏱  Time elapsed in [1m@main[0m: ....................................... [1m726.7s[0m
cd: Going back to /exports/eddie3_homes_local/s1562020/work/adversarial/optimisation/experiments/classifier
