Job launching after 4.49 seconds in submission.
Running python job.
Changed into dir /exports/eddie3_homes_local/s1562020/work/adversarial/optimisation/experiments/classifier
Importing optimise.py
Running optimise.main()
INFO: Applying patch '/exports/eddie3_homes_local/s1562020/work/adversarial/optimisation/experiments/classifier/patches/patch.00000009.json'
INFO: Found 20 Intel(R) Xeon(R) CPU E5-2630 v4 @ 2.20GHz devices with 10 cores each.
Using TensorFlow backend.
INFO: Scaling classifier/lr -3 -> 0.001
INFO: Scaling classifier/decay -2 -> 0.01
INFO: Scaling classifier/units 9 -> 512
INFO: Writing TensorBoard logs to 'logs/tensorboard/classifier-patch.00000009/'
INFO: Running '/exports/eddie3_homes_local/s1562020/work/adversarial/run/adversarial/common.pyc'
INFO: Command-line arguments:
INFO: Configuration file contents:
INFO: Python version: 2.7.14
INFO: Numpy  version: 1.12.1
INFO: Keras  version: 2.1.5
INFO: Using keras backend: 'tensorflow'
INFO: Found  1000000 training and  1000249 test samples for signal
INFO: Found  1000000 training and 10000000 test samples for background
INFO: load_data: Selecting only training data.
INFO: Implementing gradient reversal layer in TensorFlow
INFO: Training cross-validation classifiers
Call to main function (#9)
  Parameters: {u'classifier/model/default/units': array([9]), u'classifier/compile/decay': array([-2]), u'classifier/model/default/dropout': array([ 0.5]), u'classifier/compile/lr': array([-3]), u'classifier/model/architecture': array([6]), u'classifier/model/default/activation': [u'tanh']}
param: classifier/model/default/units
param: classifier/compile/decay
param: classifier/model/default/dropout
param: classifier/compile/lr
param: classifier/model/architecture
param: classifier/model/default/activation
- - - - - - - - - - - - - - - - - - - - - - - - - - - - - - - - - - - - - - - - 
Saving the following patch to '/exports/eddie3_homes_local/s1562020/work/adversarial/optimisation/experiments/classifier/patches/patch.00000009.json':
{u'classifier': {u'compile': {u'lr': -3, u'decay': -2}, u'model': {u'default': {u'units': 9, u'dropout': 0.5, u'activation': u'tanh'}, u'architecture': 6}, 'fit': {'epochs': 50, 'batch_size': 8192}}}
- - - - - - - - - - - - - - - - - - - - - - - - - - - - - - - - - - - - - - - - 
cd: Going to /exports/eddie3_homes_local/s1562020/work/adversarial/
[38;2;74;176;245m[1mProfile[0m ⏱  Starting [1m@main[0m
[38;2;74;176;245m[1mProfile[0m ⏱  ·· Starting [1mInitialisation[0m
[38;2;74;176;245m[1mProfile[0m ⏱  ···· Starting [1m@initialise[0m
[38;2;74;176;245m[1mProfile[0m ⏱  ···· Time elapsed in [1m@initialise[0m: .............................. [1m0.0s[0m
[38;2;74;176;245m[1mProfile[0m ⏱  ···· Starting [1m@initialise_backend[0m
[38;2;74;176;245m[1mProfile[0m ⏱  ······ Starting [1m@configure_tensorflow[0m
[38;2;74;176;245m[1mProfile[0m ⏱  ······ Time elapsed in [1m@configure_tensorflow[0m: ................. [1m14.3s[0m
[38;2;74;176;245m[1mProfile[0m ⏱  ···· Time elapsed in [1m@initialise_backend[0m: ..................... [1m15.2s[0m
{'config': './configs/default.json',
 'devices': 7,
 'folds': 3,
 'gpu': True,
 'input': './input/',
 'jobname': 'classifier-patch.00000009',
 'mode': 'gpu',
 'optimise_adversarial': False,
 'optimise_classifier': True,
 'output': './output/',
 'patches': ['/exports/eddie3_homes_local/s1562020/work/adversarial/optimisation/experiments/classifier/patches/patch.00000009.json'],
 'tensorboard': True,
 'theano': False,
 'train': False,
 'train_adversarial': False,
 'train_classifier': True,
 'verbose': False}
{u'adversary': {u'compile': {},
                u'fit': {},
                u'model': {u'architecture': [{}, {}, {}, {}],
                           u'default': {u'activation': u'relu',
                                        u'units': 64},
                           u'gmm_components': 5}},
 u'classifier': {u'compile': {u'loss': u'binary_crossentropy',
                              u'optimizer': <keras.optimizers.Adam object at 0x2b3dacb96310>},
                 u'fit': {u'batch_size': 57344,
                          u'epochs': 50,
                          u'shuffle': True,
                          'verbose': 2},
                 u'model': {u'architecture': [{}, {}, {}, {}, {}, {}],
                            u'default': {u'activation': u'tanh',
                                         u'batchnorm': True,
                                         u'dropout': 0.5,
                                         u'units': 512}}},
 u'combined': {u'compile': {u'loss': [u'binary_crossentropy', None],
                            u'loss_weights': [9.090909090909091e-10, 1.0],
                            u'optimizer': <keras.optimizers.Adam object at 0x2b3dacb96350>},
               u'fit': {u'batch_size': 57344,
                        u'epochs': 200,
                        u'shuffle': True,
                        'verbose': 2},
               u'model': {u'lambda_reg': 10.0,
                          u'lr_ratio': 9.090909090909091e-10},
               u'pretrain': 20}}
  TensorFlow version: 1.4.1
[38;2;74;176;245m[1mProfile[0m ⏱  ·· Time elapsed in [1mInitialisation[0m: ............................ [1m15.2s[0m
[38;2;74;176;245m[1mProfile[0m ⏱  ·· Starting [1m@load_data[0m
[38;2;74;176;245m[1mProfile[0m ⏱  ·· Time elapsed in [1m@load_data[0m: ................................ [1m34.6s[0m
[38;2;74;176;245m[1mProfile[0m ⏱  ·· Starting [1m@get_decorrelation_variables[0m
[38;2;74;176;245m[1mProfile[0m ⏱  ·· Time elapsed in [1m@get_decorrelation_variables[0m: ............... [1m0.0s[0m
[38;2;74;176;245m[1mProfile[0m ⏱  ·· Starting [1mClassifier-only fit, cross-validation[0m
[38;2;74;176;245m[1mProfile[0m ⏱  ···· Starting [1mFold 1/3[0m
Train on 1333332 samples, validate on 666668 samples
Epoch 1/50
 - 12s - loss: 0.5578 - val_loss: 0.6937
Epoch 2/50
 - 10s - loss: 0.5019 - val_loss: 0.6205
Epoch 3/50
 - 10s - loss: 0.4865 - val_loss: 0.6031
Epoch 4/50
 - 10s - loss: 0.4761 - val_loss: 0.5426
Epoch 5/50
 - 10s - loss: 0.4673 - val_loss: 0.5486
Epoch 6/50
 - 9s - loss: 0.4582 - val_loss: 0.5250
Epoch 7/50
 - 10s - loss: 0.4472 - val_loss: 0.5194
Epoch 8/50
 - 10s - loss: 0.4371 - val_loss: 0.5035
Epoch 9/50
 - 10s - loss: 0.4291 - val_loss: 0.4937
Epoch 10/50
 - 9s - loss: 0.4222 - val_loss: 0.4826
Epoch 11/50
 - 9s - loss: 0.4179 - val_loss: 0.4860
Epoch 12/50
 - 10s - loss: 0.4136 - val_loss: 0.4751
Epoch 13/50
 - 10s - loss: 0.4107 - val_loss: 0.4733
Epoch 14/50
 - 9s - loss: 0.4088 - val_loss: 7.9742
Epoch 15/50
 - 9s - loss: 0.4061 - val_loss: 0.4580
Epoch 16/50
 - 9s - loss: 0.4043 - val_loss: 0.4501
Epoch 17/50
 - 10s - loss: 0.4033 - val_loss: 0.4420
Epoch 18/50
 - 7s - loss: 0.4014 - val_loss: 0.4340
Epoch 19/50
 - 7s - loss: 0.4000 - val_loss: 0.4292
Epoch 20/50
 - 8s - loss: 0.3991 - val_loss: 0.4328
Epoch 21/50
 - 7s - loss: 0.3981 - val_loss: 0.4218
Epoch 22/50
 - 7s - loss: 0.3970 - val_loss: 0.4172
Epoch 23/50
 - 8s - loss: 0.3956 - val_loss: 0.4132
Epoch 24/50
 - 9s - loss: 0.3951 - val_loss: 0.4144
Epoch 25/50
 - 9s - loss: 0.3946 - val_loss: 0.4065
Epoch 26/50
 - 10s - loss: 0.3935 - val_loss: 0.4137
Epoch 27/50
 - 8s - loss: 0.3927 - val_loss: 0.4055
Epoch 28/50
 - 7s - loss: 0.3926 - val_loss: 0.4047
Epoch 29/50
 - 8s - loss: 0.3922 - val_loss: 0.4026
Epoch 30/50
 - 7s - loss: 0.3915 - val_loss: 0.4026
Epoch 31/50
 - 7s - loss: 0.3912 - val_loss: 0.4023
Epoch 32/50
 - 9s - loss: 0.3900 - val_loss: 0.3980
Epoch 33/50
 - 9s - loss: 0.3900 - val_loss: 0.3977
Epoch 34/50
 - 9s - loss: 0.3896 - val_loss: 0.3974
Epoch 35/50
 - 9s - loss: 0.3893 - val_loss: 0.3951
Epoch 36/50
 - 9s - loss: 0.3882 - val_loss: 0.3947
Epoch 37/50
 - 9s - loss: 0.3886 - val_loss: 0.3929
Epoch 38/50
 - 8s - loss: 0.3878 - val_loss: 0.3932
Epoch 39/50
 - 9s - loss: 0.3875 - val_loss: 0.3986
Epoch 40/50
 - 8s - loss: 0.3873 - val_loss: 0.3958
Epoch 41/50
 - 8s - loss: 0.3870 - val_loss: 0.3951
Epoch 42/50
 - 8s - loss: 0.3868 - val_loss: 0.3973
Epoch 43/50
 - 9s - loss: 0.3859 - val_loss: 0.3945
Epoch 44/50
 - 8s - loss: 0.3861 - val_loss: 0.3951
Epoch 45/50
 - 9s - loss: 0.3857 - val_loss: 0.3932
Epoch 46/50
 - 9s - loss: 0.3855 - val_loss: 0.3939
Epoch 47/50
 - 8s - loss: 0.3856 - val_loss: 0.3926
Epoch 48/50
 - 9s - loss: 0.3854 - val_loss: 0.3920
Epoch 49/50
 - 8s - loss: 0.3848 - val_loss: 0.3922
Epoch 50/50
 - 9s - loss: 0.3848 - val_loss: 0.3909
[38;2;74;176;245m[1mProfile[0m ⏱  ···· Time elapsed in [1mFold 1/3[0m: ............................... [1m484.6s[0m
[38;2;74;176;245m[1mProfile[0m ⏱  ···· Starting [1mFold 2/3[0m
Train on 1333334 samples, validate on 666666 samples
Epoch 1/50
 - 13s - loss: 0.5898 - val_loss: 0.6811
Epoch 2/50
 - 10s - loss: 0.5226 - val_loss: 0.6858
Epoch 3/50
 - 10s - loss: 0.5121 - val_loss: 0.6778
Epoch 4/50
 - 9s - loss: 0.5046 - val_loss: 0.6482
Epoch 5/50
 - 10s - loss: 0.4998 - val_loss: 0.6470
Epoch 6/50
 - 10s - loss: 0.4952 - val_loss: 0.6389
Epoch 7/50
 - 10s - loss: 0.4911 - val_loss: 0.6221
Epoch 8/50
 - 10s - loss: 0.4881 - val_loss: 0.6433
Epoch 9/50
 - 9s - loss: 0.4854 - val_loss: 0.6116
Epoch 10/50
 - 10s - loss: 0.4830 - val_loss: 0.5978
Epoch 11/50
 - 10s - loss: 0.4806 - val_loss: 0.5984
Epoch 12/50
 - 10s - loss: 0.4775 - val_loss: 0.5848
Epoch 13/50
 - 10s - loss: 0.4750 - val_loss: 0.5880
Epoch 14/50
 - 10s - loss: 0.4729 - val_loss: 0.5701
Epoch 15/50
 - 9s - loss: 0.4711 - val_loss: 0.5717
Epoch 16/50
 - 10s - loss: 0.4687 - val_loss: 0.5638
Epoch 17/50
 - 8s - loss: 0.4667 - val_loss: 0.5481
Epoch 18/50
 - 9s - loss: 0.4642 - val_loss: 0.5475
Epoch 19/50
 - 9s - loss: 0.4624 - val_loss: 0.5405
Epoch 20/50
 - 9s - loss: 0.4600 - val_loss: 0.5359
Epoch 21/50
 - 7s - loss: 0.4572 - val_loss: 0.5340
Epoch 22/50
 - 7s - loss: 0.4557 - val_loss: 0.5322
Epoch 23/50
 - 8s - loss: 0.4534 - val_loss: 0.5263
Epoch 24/50
 - 7s - loss: 0.4505 - val_loss: 0.5210
Epoch 25/50
 - 7s - loss: 0.4485 - val_loss: 0.5151
Epoch 26/50
 - 7s - loss: 0.4462 - val_loss: 0.5151
Epoch 27/50
 - 8s - loss: 0.4436 - val_loss: 0.5076
Epoch 28/50
 - 10s - loss: 0.4419 - val_loss: 0.5003
Epoch 29/50
 - 8s - loss: 0.4389 - val_loss: 0.4994
Epoch 30/50
 - 8s - loss: 0.4374 - val_loss: 0.4985
Epoch 31/50
 - 8s - loss: 0.4354 - val_loss: 0.4947
Epoch 32/50
 - 8s - loss: 0.4342 - val_loss: 0.4848
Epoch 33/50
 - 8s - loss: 0.4323 - val_loss: 0.4822
Epoch 34/50
 - 8s - loss: 0.4299 - val_loss: 0.4807
Epoch 35/50
 - 8s - loss: 0.4284 - val_loss: 0.4818
Epoch 36/50
 - 10s - loss: 0.4278 - val_loss: 0.4764
Epoch 37/50
 - 9s - loss: 0.4264 - val_loss: 0.4741
Epoch 38/50
 - 9s - loss: 0.4248 - val_loss: 0.4714
Epoch 39/50
 - 9s - loss: 0.4242 - val_loss: 0.4670
Epoch 40/50
 - 9s - loss: 0.4226 - val_loss: 0.4684
Epoch 41/50
 - 9s - loss: 0.4217 - val_loss: 0.4688
Epoch 42/50
 - 9s - loss: 0.4207 - val_loss: 0.4649
Epoch 43/50
 - 9s - loss: 0.4200 - val_loss: 0.4612
Epoch 44/50
 - 8s - loss: 0.4189 - val_loss: 0.4597
Epoch 45/50
 - 9s - loss: 0.4184 - val_loss: 0.4566
Epoch 46/50
 - 9s - loss: 0.4176 - val_loss: 0.4556
Epoch 47/50
 - 9s - loss: 0.4169 - val_loss: 0.4506
Epoch 48/50
 - 9s - loss: 0.4163 - val_loss: 0.4512
Epoch 49/50
 - 9s - loss: 0.4153 - val_loss: 0.4468
Epoch 50/50
 - 10s - loss: 0.4146 - val_loss: 0.4487
[38;2;74;176;245m[1mProfile[0m ⏱  ···· Time elapsed in [1mFold 2/3[0m: ............................... [1m482.1s[0m
[38;2;74;176;245m[1mProfile[0m ⏱  ···· Starting [1mFold 3/3[0m
Train on 1333334 samples, validate on 666666 samples
Epoch 1/50
 - 13s - loss: 0.6061 - val_loss: 0.7190
Epoch 2/50
 - 10s - loss: 0.5302 - val_loss: 0.6952
Epoch 3/50
 - 10s - loss: 0.5215 - val_loss: 0.6931
Epoch 4/50
 - 10s - loss: 0.5154 - val_loss: 0.7044
Epoch 5/50
 - 10s - loss: 0.5111 - val_loss: 8.0056
Epoch 6/50
 - 10s - loss: 0.5080 - val_loss: 0.6755
Epoch 7/50
 - 10s - loss: 0.5046 - val_loss: 0.6749
Epoch 8/50
 - 10s - loss: 0.5017 - val_loss: 0.6837
Epoch 9/50
 - 10s - loss: 0.4996 - val_loss: 0.6654
Epoch 10/50
 - 10s - loss: 0.4971 - val_loss: 0.6435
Epoch 11/50
 - 9s - loss: 0.4951 - val_loss: 0.6415
Epoch 12/50
 - 9s - loss: 0.4930 - val_loss: 0.6423
Epoch 13/50
 - 9s - loss: 0.4914 - val_loss: 0.6379
Epoch 14/50
 - 9s - loss: 0.4899 - val_loss: 0.6249
Epoch 15/50
 - 9s - loss: 0.4891 - val_loss: 0.6315
Epoch 16/50
 - 9s - loss: 0.4868 - val_loss: 0.6248
Epoch 17/50
 - 9s - loss: 0.4854 - val_loss: 0.6169
Epoch 18/50
 - 9s - loss: 0.4839 - val_loss: 0.6133
Epoch 19/50
 - 9s - loss: 0.4829 - val_loss: 0.6044
Epoch 20/50
 - 9s - loss: 0.4816 - val_loss: 0.5976
Epoch 21/50
 - 9s - loss: 0.4804 - val_loss: 0.5924
Epoch 22/50
 - 7s - loss: 0.4796 - val_loss: 0.6000
Epoch 23/50
 - 7s - loss: 0.4782 - val_loss: 8.0056
Epoch 24/50
 - 7s - loss: 0.4767 - val_loss: 0.5841
Epoch 25/50
 - 8s - loss: 0.4756 - val_loss: 0.5800
Epoch 26/50
 - 7s - loss: 0.4755 - val_loss: 0.5788
Epoch 27/50
 - 7s - loss: 0.4737 - val_loss: 0.5705
Epoch 28/50
 - 7s - loss: 0.4720 - val_loss: 0.5704
Epoch 29/50
 - 5s - loss: 0.4707 - val_loss: 0.5667
Epoch 30/50
 - 5s - loss: 0.4702 - val_loss: 0.5658
Epoch 31/50
 - 5s - loss: 0.4686 - val_loss: 0.5594
Epoch 32/50
 - 5s - loss: 0.4679 - val_loss: 0.5610
Epoch 33/50
 - 5s - loss: 0.4672 - val_loss: 0.5595
Epoch 34/50
 - 5s - loss: 0.4660 - val_loss: 0.5598
Epoch 35/50
 - 5s - loss: 0.4648 - val_loss: 0.5551
Epoch 36/50
 - 5s - loss: 0.4639 - val_loss: 0.5516
Epoch 37/50
 - 5s - loss: 0.4632 - val_loss: 0.5508
Epoch 38/50
 - 5s - loss: 0.4612 - val_loss: 0.5431
Epoch 39/50
 - 4s - loss: 0.4600 - val_loss: 0.5436
Epoch 40/50
 - 5s - loss: 0.4593 - val_loss: 0.5413
Epoch 41/50
 - 5s - loss: 0.4578 - val_loss: 0.5325
Epoch 42/50
 - 5s - loss: 0.4571 - val_loss: 0.5342
Epoch 43/50
 - 5s - loss: 0.4551 - val_loss: 0.5310
Epoch 44/50
 - 5s - loss: 0.4540 - val_loss: 0.5307
Epoch 45/50
 - 5s - loss: 0.4532 - val_loss: 0.5279
Epoch 46/50
 - 5s - loss: 0.4516 - val_loss: 0.5220
Epoch 47/50
 - 6s - loss: 0.4512 - val_loss: 0.5185
Epoch 48/50
 - 6s - loss: 0.4490 - val_loss: 0.5206
Epoch 49/50
 - 5s - loss: 0.4477 - val_loss: 0.5149
Epoch 50/50
 - 5s - loss: 0.4466 - val_loss: 0.5139
Got result 0.501402766629
Completed successfully in 1440.02 seconds. [{u'main': 0.501402766629195}]
[38;2;74;176;245m[1mProfile[0m ⏱  ···· Time elapsed in [1mFold 3/3[0m: ............................... [1m403.2s[0m
[38;2;74;176;245m[1mProfile[0m ⏱  ·· Time elapsed in [1mClassifier-only fit, cross-validation[0m: ... [1m1370.7s[0m
[38;2;74;176;245m[1mProfile[0m ⏱  Time elapsed in [1m@main[0m: ...................................... [1m1420.8s[0m
cd: Going back to /exports/eddie3_homes_local/s1562020/work/adversarial/optimisation/experiments/classifier
