Job launching after 4.97 seconds in submission.
Running python job.
Changed into dir /exports/eddie3_homes_local/s1562020/work/adversarial/optimisation/experiments/classifier
Importing optimise.py
Running optimise.main()
INFO: Applying patch '/exports/eddie3_homes_local/s1562020/work/adversarial/optimisation/experiments/classifier/patches/patch.00000044.json'
INFO: Found 20 Intel(R) Xeon(R) CPU E5-2630 v4 @ 2.20GHz devices with 10 cores each.
Using TensorFlow backend.
INFO: Scaling classifier/lr -2 -> 0.01
INFO: Scaling classifier/decay -2 -> 0.01
INFO: Scaling classifier/units 8 -> 256
INFO: Writing TensorBoard logs to 'logs/tensorboard/classifier-patch.00000044/'
INFO: Running '/exports/eddie3_homes_local/s1562020/work/adversarial/run/adversarial/common.pyc'
INFO: Command-line arguments:
INFO: Configuration file contents:
INFO: Python version: 2.7.14
INFO: Numpy  version: 1.12.1
INFO: Keras  version: 2.1.5
INFO: Using keras backend: 'tensorflow'
INFO: Found  1000000 training and  1000249 test samples for signal
INFO: Found  1000000 training and 10000000 test samples for background
INFO: load_data: Selecting only training data.
INFO: Implementing gradient reversal layer in TensorFlow
INFO: Training cross-validation classifiers
Call to main function (#44)
  Parameters: {u'classifier/model/default/units': array([8]), u'classifier/compile/decay': array([-2]), u'classifier/model/default/dropout': array([ 0.5]), u'classifier/compile/lr': array([-2]), u'classifier/model/architecture': array([1]), u'classifier/model/default/activation': [u'tanh']}
param: classifier/model/default/units
param: classifier/compile/decay
param: classifier/model/default/dropout
param: classifier/compile/lr
param: classifier/model/architecture
param: classifier/model/default/activation
- - - - - - - - - - - - - - - - - - - - - - - - - - - - - - - - - - - - - - - - 
Saving the following patch to '/exports/eddie3_homes_local/s1562020/work/adversarial/optimisation/experiments/classifier/patches/patch.00000044.json':
{u'classifier': {u'compile': {u'lr': -2, u'decay': -2}, u'model': {u'default': {u'units': 8, u'dropout': 0.5, u'activation': u'tanh'}, u'architecture': 1}, 'fit': {'epochs': 50, 'batch_size': 8192}}}
- - - - - - - - - - - - - - - - - - - - - - - - - - - - - - - - - - - - - - - - 
cd: Going to /exports/eddie3_homes_local/s1562020/work/adversarial/
[38;2;74;176;245m[1mProfile[0m ⏱  Starting [1m@main[0m
[38;2;74;176;245m[1mProfile[0m ⏱  ·· Starting [1mInitialisation[0m
[38;2;74;176;245m[1mProfile[0m ⏱  ···· Starting [1m@initialise[0m
[38;2;74;176;245m[1mProfile[0m ⏱  ···· Time elapsed in [1m@initialise[0m: .............................. [1m0.0s[0m
[38;2;74;176;245m[1mProfile[0m ⏱  ···· Starting [1m@initialise_backend[0m
[38;2;74;176;245m[1mProfile[0m ⏱  ······ Starting [1m@configure_tensorflow[0m
[38;2;74;176;245m[1mProfile[0m ⏱  ······ Time elapsed in [1m@configure_tensorflow[0m: ................. [1m17.8s[0m
[38;2;74;176;245m[1mProfile[0m ⏱  ···· Time elapsed in [1m@initialise_backend[0m: ..................... [1m19.0s[0m
{'config': './configs/default.json',
 'devices': 7,
 'folds': 3,
 'gpu': True,
 'input': './input/',
 'jobname': 'classifier-patch.00000044',
 'mode': 'gpu',
 'optimise_adversarial': False,
 'optimise_classifier': True,
 'output': './output/',
 'patches': ['/exports/eddie3_homes_local/s1562020/work/adversarial/optimisation/experiments/classifier/patches/patch.00000044.json'],
 'tensorboard': True,
 'theano': False,
 'train': False,
 'train_adversarial': False,
 'train_classifier': True,
 'verbose': False}
{u'adversary': {u'compile': {},
                u'fit': {},
                u'model': {u'architecture': [{}, {}, {}, {}],
                           u'default': {u'activation': u'relu',
                                        u'units': 64},
                           u'gmm_components': 5}},
 u'classifier': {u'compile': {u'loss': u'binary_crossentropy',
                              u'optimizer': <keras.optimizers.Adam object at 0x2ba6b55bf310>},
                 u'fit': {u'batch_size': 57344,
                          u'epochs': 50,
                          u'shuffle': True,
                          'verbose': 2},
                 u'model': {u'architecture': [{}],
                            u'default': {u'activation': u'tanh',
                                         u'batchnorm': True,
                                         u'dropout': 0.5,
                                         u'units': 256}}},
 u'combined': {u'compile': {u'loss': [u'binary_crossentropy', None],
                            u'loss_weights': [4.545454545454545e-09, 1.0],
                            u'optimizer': <keras.optimizers.Adam object at 0x2ba6b55bf350>},
               u'fit': {u'batch_size': 57344,
                        u'epochs': 100,
                        u'shuffle': True,
                        'verbose': 2},
               u'model': {u'lambda_reg': 10.0,
                          u'lr_ratio': 4.545454545454545e-09},
               u'pretrain': 10}}
  TensorFlow version: 1.4.1
[38;2;74;176;245m[1mProfile[0m ⏱  ·· Time elapsed in [1mInitialisation[0m: ............................ [1m19.1s[0m
[38;2;74;176;245m[1mProfile[0m ⏱  ·· Starting [1m@load_data[0m
[38;2;74;176;245m[1mProfile[0m ⏱  ·· Time elapsed in [1m@load_data[0m: ................................ [1m33.7s[0m
[38;2;74;176;245m[1mProfile[0m ⏱  ·· Starting [1m@get_decorrelation_variables[0m
[38;2;74;176;245m[1mProfile[0m ⏱  ·· Time elapsed in [1m@get_decorrelation_variables[0m: ............... [1m0.0s[0m
[38;2;74;176;245m[1mProfile[0m ⏱  ·· Starting [1mClassifier-only fit, cross-validation[0m
[38;2;74;176;245m[1mProfile[0m ⏱  ···· Starting [1mFold 1/3[0m
Train on 1333332 samples, validate on 666668 samples
Epoch 1/50
 - 3s - loss: 0.5223 - val_loss: 0.4780
Epoch 2/50
 - 2s - loss: 0.4760 - val_loss: 0.4763
Epoch 3/50
 - 3s - loss: 0.4735 - val_loss: 0.4742
Epoch 4/50
 - 2s - loss: 0.4723 - val_loss: 0.4745
Epoch 5/50
 - 2s - loss: 0.4722 - val_loss: 0.4721
Epoch 6/50
 - 3s - loss: 0.4708 - val_loss: 0.4764
Epoch 7/50
 - 2s - loss: 0.4705 - val_loss: 0.4718
Epoch 8/50
 - 3s - loss: 0.4690 - val_loss: 0.4671
Epoch 9/50
 - 3s - loss: 0.4669 - val_loss: 0.4651
Epoch 10/50
 - 3s - loss: 0.4658 - val_loss: 0.4631
Epoch 11/50
 - 2s - loss: 0.4644 - val_loss: 0.4592
Epoch 12/50
 - 2s - loss: 0.4628 - val_loss: 0.4576
Epoch 13/50
 - 2s - loss: 0.4609 - val_loss: 0.4563
Epoch 14/50
 - 2s - loss: 0.4593 - val_loss: 0.4542
Epoch 15/50
 - 2s - loss: 0.4576 - val_loss: 0.4506
Epoch 16/50
 - 2s - loss: 0.4560 - val_loss: 0.4492
Epoch 17/50
 - 2s - loss: 0.4543 - val_loss: 0.4469
Epoch 18/50
 - 2s - loss: 0.4519 - val_loss: 0.4422
Epoch 19/50
 - 2s - loss: 0.4507 - val_loss: 0.4403
Epoch 20/50
 - 2s - loss: 0.4488 - val_loss: 0.4319
Epoch 21/50
 - 2s - loss: 0.4478 - val_loss: 0.4348
Epoch 22/50
 - 3s - loss: 0.4455 - val_loss: 0.4327
Epoch 23/50
 - 2s - loss: 0.4435 - val_loss: 0.4296
Epoch 24/50
 - 2s - loss: 0.4422 - val_loss: 0.4310
Epoch 25/50
 - 2s - loss: 0.4399 - val_loss: 0.4250
Epoch 26/50
 - 2s - loss: 0.4384 - val_loss: 0.4245
Epoch 27/50
 - 2s - loss: 0.4369 - val_loss: 0.4204
Epoch 28/50
 - 1s - loss: 0.4355 - val_loss: 0.4195
Epoch 29/50
 - 1s - loss: 0.4341 - val_loss: 0.4193
Epoch 30/50
 - 1s - loss: 0.4326 - val_loss: 0.4149
Epoch 31/50
 - 1s - loss: 0.4316 - val_loss: 0.4144
Epoch 32/50
 - 1s - loss: 0.4307 - val_loss: 0.4123
Epoch 33/50
 - 2s - loss: 0.4287 - val_loss: 0.4109
Epoch 34/50
 - 2s - loss: 0.4279 - val_loss: 0.4098
Epoch 35/50
 - 2s - loss: 0.4268 - val_loss: 0.4057
Epoch 36/50
 - 1s - loss: 0.4258 - val_loss: 0.4065
Epoch 37/50
 - 1s - loss: 0.4250 - val_loss: 0.4082
Epoch 38/50
 - 2s - loss: 0.4245 - val_loss: 0.4025
Epoch 39/50
 - 2s - loss: 0.4235 - val_loss: 0.4027
Epoch 40/50
 - 2s - loss: 0.4227 - val_loss: 0.4040
Epoch 41/50
 - 2s - loss: 0.4219 - val_loss: 0.4031
Epoch 42/50
 - 2s - loss: 0.4214 - val_loss: 0.4056
Epoch 43/50
 - 2s - loss: 0.4205 - val_loss: 0.3979
Epoch 44/50
 - 2s - loss: 0.4191 - val_loss: 0.4012
Epoch 45/50
 - 2s - loss: 0.4189 - val_loss: 0.4026
Epoch 46/50
 - 2s - loss: 0.4187 - val_loss: 0.3991
Epoch 47/50
 - 2s - loss: 0.4181 - val_loss: 0.3982
Epoch 48/50
 - 2s - loss: 0.4174 - val_loss: 0.3983
Epoch 49/50
 - 2s - loss: 0.4165 - val_loss: 0.3973
Epoch 50/50
 - 2s - loss: 0.4163 - val_loss: 0.3980
[38;2;74;176;245m[1mProfile[0m ⏱  ···· Time elapsed in [1mFold 1/3[0m: ............................... [1m129.7s[0m
[38;2;74;176;245m[1mProfile[0m ⏱  ···· Starting [1mFold 2/3[0m
Train on 1333334 samples, validate on 666666 samples
Epoch 1/50
 - 3s - loss: 0.5241 - val_loss: 0.4799
Epoch 2/50
 - 2s - loss: 0.4778 - val_loss: 0.4760
Epoch 3/50
 - 2s - loss: 0.4752 - val_loss: 0.4692
Epoch 4/50
 - 2s - loss: 0.4745 - val_loss: 0.4760
Epoch 5/50
 - 2s - loss: 0.4742 - val_loss: 0.4723
Epoch 6/50
 - 2s - loss: 0.4740 - val_loss: 0.4745
Epoch 7/50
 - 2s - loss: 0.4735 - val_loss: 0.4710
Epoch 8/50
 - 2s - loss: 0.4729 - val_loss: 0.4720
Epoch 9/50
 - 2s - loss: 0.4727 - val_loss: 0.4706
Epoch 10/50
 - 2s - loss: 0.4722 - val_loss: 0.4732
Epoch 11/50
 - 2s - loss: 0.4719 - val_loss: 0.4702
Epoch 12/50
 - 2s - loss: 0.4716 - val_loss: 0.4690
Epoch 13/50
 - 2s - loss: 0.4709 - val_loss: 0.4678
Epoch 14/50
 - 2s - loss: 0.4708 - val_loss: 0.4698
Epoch 15/50
 - 2s - loss: 0.4703 - val_loss: 0.4675
Epoch 16/50
 - 2s - loss: 0.4698 - val_loss: 0.4680
Epoch 17/50
 - 2s - loss: 0.4695 - val_loss: 0.4654
Epoch 18/50
 - 2s - loss: 0.4688 - val_loss: 0.4666
Epoch 19/50
 - 2s - loss: 0.4684 - val_loss: 0.4632
Epoch 20/50
 - 2s - loss: 0.4678 - val_loss: 0.4648
Epoch 21/50
 - 2s - loss: 0.4667 - val_loss: 0.4635
Epoch 22/50
 - 2s - loss: 0.4666 - val_loss: 0.4611
Epoch 23/50
 - 2s - loss: 0.4656 - val_loss: 0.4636
Epoch 24/50
 - 2s - loss: 0.4652 - val_loss: 0.4605
Epoch 25/50
 - 2s - loss: 0.4647 - val_loss: 0.4601
Epoch 26/50
 - 2s - loss: 0.4642 - val_loss: 0.4599
Epoch 27/50
 - 2s - loss: 0.4640 - val_loss: 0.4599
Epoch 28/50
 - 2s - loss: 0.4631 - val_loss: 0.4614
Epoch 29/50
 - 2s - loss: 0.4628 - val_loss: 0.4586
Epoch 30/50
 - 2s - loss: 0.4622 - val_loss: 0.4595
Epoch 31/50
 - 2s - loss: 0.4617 - val_loss: 0.4560
Epoch 32/50
 - 2s - loss: 0.4615 - val_loss: 0.4547
Epoch 33/50
 - 2s - loss: 0.4603 - val_loss: 0.4550
Epoch 34/50
 - 2s - loss: 0.4597 - val_loss: 0.4534
Epoch 35/50
 - 2s - loss: 0.4592 - val_loss: 0.4520
Epoch 36/50
 - 2s - loss: 0.4586 - val_loss: 0.4516
Epoch 37/50
 - 2s - loss: 0.4582 - val_loss: 0.4526
Epoch 38/50
 - 2s - loss: 0.4576 - val_loss: 0.4522
Epoch 39/50
 - 3s - loss: 0.4570 - val_loss: 0.4478
Epoch 40/50
 - 2s - loss: 0.4564 - val_loss: 0.4495
Epoch 41/50
 - 2s - loss: 0.4560 - val_loss: 0.4476
Epoch 42/50
 - 2s - loss: 0.4556 - val_loss: 0.4466
Epoch 43/50
 - 2s - loss: 0.4550 - val_loss: 0.4451
Epoch 44/50
 - 2s - loss: 0.4543 - val_loss: 0.4437
Epoch 45/50
 - 2s - loss: 0.4533 - val_loss: 0.4462
Epoch 46/50
 - 2s - loss: 0.4525 - val_loss: 0.4427
Epoch 47/50
 - 2s - loss: 0.4520 - val_loss: 0.4400
Epoch 48/50
 - 2s - loss: 0.4512 - val_loss: 0.4405
Epoch 49/50
 - 2s - loss: 0.4509 - val_loss: 0.4422
Epoch 50/50
 - 2s - loss: 0.4502 - val_loss: 0.4372
[38;2;74;176;245m[1mProfile[0m ⏱  ···· Time elapsed in [1mFold 2/3[0m: ............................... [1m116.3s[0m
[38;2;74;176;245m[1mProfile[0m ⏱  ···· Starting [1mFold 3/3[0m
Train on 1333334 samples, validate on 666666 samples
Epoch 1/50
 - 3s - loss: 0.5487 - val_loss: 0.4781
Epoch 2/50
 - 2s - loss: 0.4801 - val_loss: 0.4711
Epoch 3/50
 - 2s - loss: 0.4774 - val_loss: 0.4771
Epoch 4/50
 - 2s - loss: 0.4761 - val_loss: 0.4731
Epoch 5/50
 - 2s - loss: 0.4760 - val_loss: 0.4724
Epoch 6/50
 - 2s - loss: 0.4757 - val_loss: 0.4751
Epoch 7/50
 - 2s - loss: 0.4753 - val_loss: 0.4729
Epoch 8/50
 - 2s - loss: 0.4747 - val_loss: 0.4729
Epoch 9/50
 - 2s - loss: 0.4748 - val_loss: 0.4737
Epoch 10/50
 - 2s - loss: 0.4742 - val_loss: 0.4730
Epoch 11/50
 - 2s - loss: 0.4737 - val_loss: 0.4724
Epoch 12/50
 - 2s - loss: 0.4734 - val_loss: 0.4721
Epoch 13/50
 - 2s - loss: 0.4736 - val_loss: 0.4726
Epoch 14/50
 - 2s - loss: 0.4736 - val_loss: 0.4735
Epoch 15/50
 - 2s - loss: 0.4731 - val_loss: 0.4754
Epoch 16/50
 - 2s - loss: 0.4729 - val_loss: 0.4733
Epoch 17/50
 - 2s - loss: 0.4728 - val_loss: 0.4700
Epoch 18/50
 - 2s - loss: 0.4728 - val_loss: 0.4726
Epoch 19/50
 - 2s - loss: 0.4726 - val_loss: 0.4719
Epoch 20/50
 - 2s - loss: 0.4722 - val_loss: 0.4703
Epoch 21/50
 - 2s - loss: 0.4721 - val_loss: 0.4732
Epoch 22/50
 - 2s - loss: 0.4716 - val_loss: 0.4707
Epoch 23/50
 - 2s - loss: 0.4716 - val_loss: 0.4727
Epoch 24/50
 - 2s - loss: 0.4710 - val_loss: 0.4707
Epoch 25/50
 - 2s - loss: 0.4711 - val_loss: 0.4694
Epoch 26/50
 - 2s - loss: 0.4706 - val_loss: 0.4701
Epoch 27/50
 - 2s - loss: 0.4704 - val_loss: 0.4692
Epoch 28/50
 - 2s - loss: 0.4705 - val_loss: 0.4701
Epoch 29/50
 - 2s - loss: 0.4698 - val_loss: 0.4684
Epoch 30/50
 - 2s - loss: 0.4699 - val_loss: 0.4690
Epoch 31/50
 - 2s - loss: 0.4692 - val_loss: 0.4679
Epoch 32/50
 - 3s - loss: 0.4691 - val_loss: 0.4708
Epoch 33/50
 - 2s - loss: 0.4690 - val_loss: 0.4662
Epoch 34/50
 - 2s - loss: 0.4686 - val_loss: 0.4669
Epoch 35/50
 - 2s - loss: 0.4684 - val_loss: 0.4686
Epoch 36/50
 - 2s - loss: 0.4678 - val_loss: 0.4634
Epoch 37/50
 - 2s - loss: 0.4675 - val_loss: 0.4675
Epoch 38/50
 - 2s - loss: 0.4673 - val_loss: 0.4666
Epoch 39/50
 - 2s - loss: 0.4668 - val_loss: 0.4645
Epoch 40/50
 - 2s - loss: 0.4664 - val_loss: 0.4632
Epoch 41/50
 - 2s - loss: 0.4663 - val_loss: 0.4647
Epoch 42/50
 - 2s - loss: 0.4660 - val_loss: 0.4629
Epoch 43/50
 - 2s - loss: 0.4658 - val_loss: 0.4629
Epoch 44/50
 - 2s - loss: 0.4652 - val_loss: 0.4617
Epoch 45/50
 - 2s - loss: 0.4651 - val_loss: 0.4617
Epoch 46/50
 - 2s - loss: 0.4651 - val_loss: 0.4633
Epoch 47/50
 - 2s - loss: 0.4643 - val_loss: 0.4613
Epoch 48/50
 - 2s - loss: 0.4645 - val_loss: 0.4638
Epoch 49/50
 - 2s - loss: 0.4646 - val_loss: 0.4619
Epoch 50/50
 - 2s - loss: 0.4639 - val_loss: 0.4601
Got result 0.457454439218
Completed successfully in 445.97 seconds. [{u'main': 0.45745443921785683}]
[38;2;74;176;245m[1mProfile[0m ⏱  ···· Time elapsed in [1mFold 3/3[0m: ............................... [1m122.1s[0m
[38;2;74;176;245m[1mProfile[0m ⏱  ·· Time elapsed in [1mClassifier-only fit, cross-validation[0m: .... [1m368.7s[0m
[38;2;74;176;245m[1mProfile[0m ⏱  Time elapsed in [1m@main[0m: ....................................... [1m421.8s[0m
cd: Going back to /exports/eddie3_homes_local/s1562020/work/adversarial/optimisation/experiments/classifier
