Job launching after 4.39 seconds in submission.
Running python job.
Changed into dir /exports/eddie3_homes_local/s1562020/work/adversarial/optimisation/experiments/classifier
Importing optimise.py
Running optimise.main()
INFO: Applying patch '/exports/eddie3_homes_local/s1562020/work/adversarial/optimisation/experiments/classifier/patches/patch.00000067.json'
INFO: Found 20 Intel(R) Xeon(R) CPU E5-2630 v4 @ 2.20GHz devices with 10 cores each.
Using TensorFlow backend.
INFO: Scaling classifier/lr -5 -> 1e-05
INFO: Scaling classifier/decay -6 -> 1e-06
INFO: Scaling classifier/units 1 -> 2
INFO: Writing TensorBoard logs to 'logs/tensorboard/classifier-patch.00000067/'
INFO: Running '/exports/eddie3_homes_local/s1562020/work/adversarial/run/adversarial/common.pyc'
INFO: Command-line arguments:
INFO: Configuration file contents:
INFO: Python version: 2.7.14
INFO: Numpy  version: 1.12.1
INFO: Keras  version: 2.1.5
INFO: Using keras backend: 'tensorflow'
INFO: Found  1000000 training and  1000249 test samples for signal
INFO: Found  1000000 training and 10000000 test samples for background
INFO: load_data: Selecting only training data.
INFO: Implementing gradient reversal layer in TensorFlow
INFO: Training cross-validation classifiers
Call to main function (#67)
  Parameters: {u'classifier/model/default/units': array([1]), u'classifier/compile/decay': array([-6]), u'classifier/model/default/dropout': array([ 0.]), u'classifier/compile/lr': array([-5]), u'classifier/model/architecture': array([1]), u'classifier/model/default/activation': [u'tanh']}
param: classifier/model/default/units
param: classifier/compile/decay
param: classifier/model/default/dropout
param: classifier/compile/lr
param: classifier/model/architecture
param: classifier/model/default/activation
- - - - - - - - - - - - - - - - - - - - - - - - - - - - - - - - - - - - - - - - 
Saving the following patch to '/exports/eddie3_homes_local/s1562020/work/adversarial/optimisation/experiments/classifier/patches/patch.00000067.json':
{u'classifier': {u'compile': {u'lr': -5, u'decay': -6}, u'model': {u'default': {u'units': 1, u'dropout': 0.0, u'activation': u'tanh'}, u'architecture': 1}, 'fit': {'epochs': 50, 'batch_size': 8192}}}
- - - - - - - - - - - - - - - - - - - - - - - - - - - - - - - - - - - - - - - - 
cd: Going to /exports/eddie3_homes_local/s1562020/work/adversarial/
[38;2;74;176;245m[1mProfile[0m ⏱  Starting [1m@main[0m
[38;2;74;176;245m[1mProfile[0m ⏱  ·· Starting [1mInitialisation[0m
[38;2;74;176;245m[1mProfile[0m ⏱  ···· Starting [1m@initialise[0m
[38;2;74;176;245m[1mProfile[0m ⏱  ···· Time elapsed in [1m@initialise[0m: .............................. [1m0.0s[0m
[38;2;74;176;245m[1mProfile[0m ⏱  ···· Starting [1m@initialise_backend[0m
[38;2;74;176;245m[1mProfile[0m ⏱  ······ Starting [1m@configure_tensorflow[0m
[38;2;74;176;245m[1mProfile[0m ⏱  ······ Time elapsed in [1m@configure_tensorflow[0m: ................. [1m16.9s[0m
[38;2;74;176;245m[1mProfile[0m ⏱  ···· Time elapsed in [1m@initialise_backend[0m: ..................... [1m18.1s[0m
{'config': './configs/default.json',
 'devices': 7,
 'folds': 3,
 'gpu': True,
 'input': './input/',
 'jobname': 'classifier-patch.00000067',
 'mode': 'gpu',
 'optimise_adversarial': False,
 'optimise_classifier': True,
 'output': './output/',
 'patches': ['/exports/eddie3_homes_local/s1562020/work/adversarial/optimisation/experiments/classifier/patches/patch.00000067.json'],
 'tensorboard': True,
 'theano': False,
 'train': False,
 'train_adversarial': False,
 'train_classifier': True,
 'verbose': False}
{u'adversary': {u'compile': {},
                u'fit': {},
                u'model': {u'architecture': [{}, {}, {}, {}],
                           u'default': {u'activation': u'relu',
                                        u'units': 64},
                           u'gmm_components': 5}},
 u'classifier': {u'compile': {u'loss': u'binary_crossentropy',
                              u'optimizer': <keras.optimizers.Adam object at 0x2b98f9188310>},
                 u'fit': {u'batch_size': 57344,
                          u'epochs': 50,
                          u'shuffle': True,
                          'verbose': 2},
                 u'model': {u'architecture': [{}],
                            u'default': {u'activation': u'tanh',
                                         u'batchnorm': True,
                                         u'dropout': 0.0,
                                         u'units': 2}}},
 u'combined': {u'compile': {u'loss': [u'binary_crossentropy', None],
                            u'loss_weights': [1.8181818181818182e-09, 1.0],
                            u'optimizer': <keras.optimizers.Adam object at 0x2b98f9188350>},
               u'fit': {u'batch_size': 57344,
                        u'epochs': 100,
                        u'shuffle': True,
                        'verbose': 2},
               u'model': {u'lambda_reg': 10.0,
                          u'lr_ratio': 1.8181818181818182e-09},
               u'pretrain': 10}}
  TensorFlow version: 1.4.1
[38;2;74;176;245m[1mProfile[0m ⏱  ·· Time elapsed in [1mInitialisation[0m: ............................ [1m18.2s[0m
[38;2;74;176;245m[1mProfile[0m ⏱  ·· Starting [1m@load_data[0m
[38;2;74;176;245m[1mProfile[0m ⏱  ·· Time elapsed in [1m@load_data[0m: ................................ [1m33.8s[0m
[38;2;74;176;245m[1mProfile[0m ⏱  ·· Starting [1m@get_decorrelation_variables[0m
[38;2;74;176;245m[1mProfile[0m ⏱  ·· Time elapsed in [1m@get_decorrelation_variables[0m: ............... [1m0.0s[0m
[38;2;74;176;245m[1mProfile[0m ⏱  ·· Starting [1mClassifier-only fit, cross-validation[0m
[38;2;74;176;245m[1mProfile[0m ⏱  ···· Starting [1mFold 1/3[0m
Train on 1333332 samples, validate on 666668 samples
Epoch 1/50
 - 2s - loss: 0.6701 - val_loss: 0.7009
Epoch 2/50
 - 2s - loss: 0.6698 - val_loss: 0.6823
Epoch 3/50
 - 2s - loss: 0.6694 - val_loss: 0.6915
Epoch 4/50
 - 2s - loss: 0.6687 - val_loss: 0.6936
Epoch 5/50
 - 2s - loss: 0.6689 - val_loss: 0.6898
Epoch 6/50
 - 2s - loss: 0.6664 - val_loss: 0.6866
Epoch 7/50
 - 2s - loss: 0.6677 - val_loss: 0.6882
Epoch 8/50
 - 2s - loss: 0.6680 - val_loss: 0.6881
Epoch 9/50
 - 2s - loss: 0.6666 - val_loss: 0.6855
Epoch 10/50
 - 2s - loss: 0.6670 - val_loss: 0.6902
Epoch 11/50
 - 2s - loss: 0.6662 - val_loss: 0.6875
Epoch 12/50
 - 2s - loss: 0.6653 - val_loss: 0.6885
Epoch 13/50
 - 3s - loss: 0.6651 - val_loss: 0.6891
Epoch 14/50
 - 2s - loss: 0.6649 - val_loss: 0.6875
Epoch 15/50
 - 2s - loss: 0.6645 - val_loss: 0.6864
Epoch 16/50
 - 2s - loss: 0.6645 - val_loss: 0.6890
Epoch 17/50
 - 2s - loss: 0.6640 - val_loss: 0.6844
Epoch 18/50
 - 2s - loss: 0.6624 - val_loss: 0.6854
Epoch 19/50
 - 2s - loss: 0.6636 - val_loss: 0.6858
Epoch 20/50
 - 2s - loss: 0.6624 - val_loss: 0.6870
Epoch 21/50
 - 2s - loss: 0.6624 - val_loss: 0.6866
Epoch 22/50
 - 2s - loss: 0.6618 - val_loss: 0.6831
Epoch 23/50
 - 2s - loss: 0.6611 - val_loss: 0.6835
Epoch 24/50
 - 2s - loss: 0.6612 - val_loss: 0.6804
Epoch 25/50
 - 2s - loss: 0.6603 - val_loss: 0.6797
Epoch 26/50
 - 3s - loss: 0.6600 - val_loss: 0.6788
Epoch 27/50
 - 2s - loss: 0.6603 - val_loss: 0.6794
Epoch 28/50
 - 2s - loss: 0.6602 - val_loss: 0.6819
Epoch 29/50
 - 2s - loss: 0.6591 - val_loss: 0.6785
Epoch 30/50
 - 2s - loss: 0.6588 - val_loss: 0.6782
Epoch 31/50
 - 2s - loss: 0.6585 - val_loss: 0.6840
Epoch 32/50
 - 2s - loss: 0.6579 - val_loss: 0.6810
Epoch 33/50
 - 2s - loss: 0.6574 - val_loss: 0.6781
Epoch 34/50
 - 2s - loss: 0.6565 - val_loss: 0.6741
Epoch 35/50
 - 2s - loss: 0.6571 - val_loss: 0.6828
Epoch 36/50
 - 2s - loss: 0.6557 - val_loss: 0.6786
Epoch 37/50
 - 2s - loss: 0.6552 - val_loss: 0.6751
Epoch 38/50
 - 2s - loss: 0.6542 - val_loss: 0.6734
Epoch 39/50
 - 2s - loss: 0.6552 - val_loss: 0.6785
Epoch 40/50
 - 2s - loss: 0.6549 - val_loss: 0.6727
Epoch 41/50
 - 2s - loss: 0.6541 - val_loss: 0.6723
Epoch 42/50
 - 2s - loss: 0.6540 - val_loss: 0.6714
Epoch 43/50
 - 2s - loss: 0.6541 - val_loss: 0.6783
Epoch 44/50
 - 2s - loss: 0.6527 - val_loss: 0.6692
Epoch 45/50
 - 2s - loss: 0.6520 - val_loss: 0.6695
Epoch 46/50
 - 2s - loss: 0.6517 - val_loss: 0.6729
Epoch 47/50
 - 2s - loss: 0.6516 - val_loss: 0.6757
Epoch 48/50
 - 2s - loss: 0.6503 - val_loss: 0.6719
Epoch 49/50
 - 2s - loss: 0.6514 - val_loss: 0.6722
Epoch 50/50
 - 2s - loss: 0.6509 - val_loss: 0.6713
[38;2;74;176;245m[1mProfile[0m ⏱  ···· Time elapsed in [1mFold 1/3[0m: ............................... [1m123.1s[0m
[38;2;74;176;245m[1mProfile[0m ⏱  ···· Starting [1mFold 2/3[0m
Train on 1333334 samples, validate on 666666 samples
Epoch 1/50
 - 2s - loss: 0.6561 - val_loss: 0.6420
Epoch 2/50
 - 2s - loss: 0.6549 - val_loss: 0.6428
Epoch 3/50
 - 2s - loss: 0.6542 - val_loss: 0.6456
Epoch 4/50
 - 2s - loss: 0.6543 - val_loss: 0.6448
Epoch 5/50
 - 3s - loss: 0.6535 - val_loss: 0.6435
Epoch 6/50
 - 2s - loss: 0.6532 - val_loss: 0.6446
Epoch 7/50
 - 2s - loss: 0.6526 - val_loss: 0.6430
Epoch 8/50
 - 2s - loss: 0.6525 - val_loss: 0.6391
Epoch 9/50
 - 2s - loss: 0.6519 - val_loss: 0.6431
Epoch 10/50
 - 2s - loss: 0.6520 - val_loss: 0.6426
Epoch 11/50
 - 2s - loss: 0.6516 - val_loss: 0.6394
Epoch 12/50
 - 2s - loss: 0.6515 - val_loss: 0.6409
Epoch 13/50
 - 2s - loss: 0.6513 - val_loss: 0.6410
Epoch 14/50
 - 2s - loss: 0.6506 - val_loss: 0.6408
Epoch 15/50
 - 2s - loss: 0.6511 - val_loss: 0.6397
Epoch 16/50
 - 2s - loss: 0.6505 - val_loss: 0.6411
Epoch 17/50
 - 2s - loss: 0.6499 - val_loss: 0.6397
Epoch 18/50
 - 2s - loss: 0.6499 - val_loss: 0.6394
Epoch 19/50
 - 2s - loss: 0.6494 - val_loss: 0.6389
Epoch 20/50
 - 2s - loss: 0.6497 - val_loss: 0.6390
Epoch 21/50
 - 2s - loss: 0.6494 - val_loss: 0.6395
Epoch 22/50
 - 2s - loss: 0.6491 - val_loss: 0.6395
Epoch 23/50
 - 2s - loss: 0.6489 - val_loss: 0.6390
Epoch 24/50
 - 2s - loss: 0.6488 - val_loss: 0.6390
Epoch 25/50
 - 2s - loss: 0.6486 - val_loss: 0.6388
Epoch 26/50
 - 2s - loss: 0.6485 - val_loss: 0.6379
Epoch 27/50
 - 2s - loss: 0.6480 - val_loss: 0.6398
Epoch 28/50
 - 2s - loss: 0.6482 - val_loss: 0.6377
Epoch 29/50
 - 2s - loss: 0.6474 - val_loss: 0.6376
Epoch 30/50
 - 2s - loss: 0.6478 - val_loss: 0.6376
Epoch 31/50
 - 2s - loss: 0.6471 - val_loss: 0.6373
Epoch 32/50
 - 2s - loss: 0.6469 - val_loss: 0.6377
Epoch 33/50
 - 2s - loss: 0.6472 - val_loss: 0.6373
Epoch 34/50
 - 2s - loss: 0.6471 - val_loss: 0.6364
Epoch 35/50
 - 2s - loss: 0.6465 - val_loss: 0.6363
Epoch 36/50
 - 2s - loss: 0.6467 - val_loss: 0.6350
Epoch 37/50
 - 2s - loss: 0.6460 - val_loss: 0.6356
Epoch 38/50
 - 2s - loss: 0.6461 - val_loss: 0.6351
Epoch 39/50
 - 2s - loss: 0.6460 - val_loss: 0.6349
Epoch 40/50
 - 2s - loss: 0.6456 - val_loss: 0.6357
Epoch 41/50
 - 2s - loss: 0.6455 - val_loss: 0.6360
Epoch 42/50
 - 2s - loss: 0.6456 - val_loss: 0.6341
Epoch 43/50
 - 2s - loss: 0.6457 - val_loss: 0.6359
Epoch 44/50
 - 2s - loss: 0.6451 - val_loss: 0.6349
Epoch 45/50
 - 2s - loss: 0.6449 - val_loss: 0.6351
Epoch 46/50
 - 2s - loss: 0.6448 - val_loss: 0.6336
Epoch 47/50
 - 2s - loss: 0.6450 - val_loss: 0.6352
Epoch 48/50
 - 2s - loss: 0.6444 - val_loss: 0.6358
Epoch 49/50
 - 2s - loss: 0.6444 - val_loss: 0.6335
Epoch 50/50
 - 2s - loss: 0.6442 - val_loss: 0.6349
[38;2;74;176;245m[1mProfile[0m ⏱  ···· Time elapsed in [1mFold 2/3[0m: ............................... [1m107.7s[0m
[38;2;74;176;245m[1mProfile[0m ⏱  ···· Starting [1mFold 3/3[0m
Train on 1333334 samples, validate on 666666 samples
Epoch 1/50
 - 3s - loss: 0.6075 - val_loss: 0.6108
Epoch 2/50
 - 2s - loss: 0.6062 - val_loss: 0.6105
Epoch 3/50
 - 2s - loss: 0.6054 - val_loss: 0.6098
Epoch 4/50
 - 2s - loss: 0.6046 - val_loss: 0.6090
Epoch 5/50
 - 2s - loss: 0.6040 - val_loss: 0.6083
Epoch 6/50
 - 2s - loss: 0.6033 - val_loss: 0.6075
Epoch 7/50
 - 2s - loss: 0.6029 - val_loss: 0.6066
Epoch 8/50
 - 2s - loss: 0.6023 - val_loss: 0.6062
Epoch 9/50
 - 2s - loss: 0.6020 - val_loss: 0.6061
Epoch 10/50
 - 2s - loss: 0.6014 - val_loss: 0.6054
Epoch 11/50
 - 2s - loss: 0.6010 - val_loss: 0.6048
Epoch 12/50
 - 2s - loss: 0.6006 - val_loss: 0.6044
Epoch 13/50
 - 2s - loss: 0.6004 - val_loss: 0.6044
Epoch 14/50
 - 2s - loss: 0.5999 - val_loss: 0.6042
Epoch 15/50
 - 2s - loss: 0.5995 - val_loss: 0.6037
Epoch 16/50
 - 2s - loss: 0.5992 - val_loss: 0.6031
Epoch 17/50
 - 2s - loss: 0.5989 - val_loss: 0.6028
Epoch 18/50
 - 2s - loss: 0.5985 - val_loss: 0.6024
Epoch 19/50
 - 2s - loss: 0.5983 - val_loss: 0.6017
Epoch 20/50
 - 2s - loss: 0.5979 - val_loss: 0.6016
Epoch 21/50
 - 2s - loss: 0.5977 - val_loss: 0.6017
Epoch 22/50
 - 2s - loss: 0.5973 - val_loss: 0.6015
Epoch 23/50
 - 2s - loss: 0.5970 - val_loss: 0.6006
Epoch 24/50
 - 2s - loss: 0.5967 - val_loss: 0.6006
Epoch 25/50
 - 2s - loss: 0.5965 - val_loss: 0.6005
Epoch 26/50
 - 2s - loss: 0.5963 - val_loss: 0.5999
Epoch 27/50
 - 2s - loss: 0.5960 - val_loss: 0.5998
Epoch 28/50
 - 2s - loss: 0.5957 - val_loss: 0.5996
Epoch 29/50
 - 2s - loss: 0.5954 - val_loss: 0.5992
Epoch 30/50
 - 2s - loss: 0.5952 - val_loss: 0.5986
Epoch 31/50
 - 2s - loss: 0.5949 - val_loss: 0.5993
Epoch 32/50
 - 2s - loss: 0.5946 - val_loss: 0.5984
Epoch 33/50
 - 2s - loss: 0.5943 - val_loss: 0.5983
Epoch 34/50
 - 2s - loss: 0.5941 - val_loss: 0.5977
Epoch 35/50
 - 2s - loss: 0.5940 - val_loss: 0.5974
Epoch 36/50
 - 2s - loss: 0.5936 - val_loss: 0.5979
Epoch 37/50
 - 2s - loss: 0.5935 - val_loss: 0.5970
Epoch 38/50
 - 2s - loss: 0.5932 - val_loss: 0.5972
Epoch 39/50
 - 2s - loss: 0.5929 - val_loss: 0.5966
Epoch 40/50
 - 2s - loss: 0.5927 - val_loss: 0.5966
Epoch 41/50
 - 2s - loss: 0.5925 - val_loss: 0.5964
Epoch 42/50
 - 2s - loss: 0.5922 - val_loss: 0.5961
Epoch 43/50
 - 2s - loss: 0.5921 - val_loss: 0.5961
Epoch 44/50
 - 1s - loss: 0.5919 - val_loss: 0.5956
Epoch 45/50
 - 2s - loss: 0.5916 - val_loss: 0.5957
Epoch 46/50
 - 2s - loss: 0.5914 - val_loss: 0.5955
Epoch 47/50
 - 2s - loss: 0.5911 - val_loss: 0.5947
Epoch 48/50
 - 2s - loss: 0.5909 - val_loss: 0.5946
Epoch 49/50
 - 2s - loss: 0.5908 - val_loss: 0.5944
Epoch 50/50
 - 2s - loss: 0.5906 - val_loss: 0.5942
Got result 0.664980019409
Completed successfully in 414.24 seconds. [{u'main': 0.6649800194092716}]
[38;2;74;176;245m[1mProfile[0m ⏱  ···· Time elapsed in [1mFold 3/3[0m: ............................... [1m100.7s[0m
[38;2;74;176;245m[1mProfile[0m ⏱  ·· Time elapsed in [1mClassifier-only fit, cross-validation[0m: .... [1m332.1s[0m
[38;2;74;176;245m[1mProfile[0m ⏱  Time elapsed in [1m@main[0m: ....................................... [1m384.5s[0m
cd: Going back to /exports/eddie3_homes_local/s1562020/work/adversarial/optimisation/experiments/classifier
