Job launching after 5.26 seconds in submission.
Running python job.
Changed into dir /exports/eddie3_homes_local/s1562020/work/adversarial/optimisation/experiments/classifier
Importing optimise.py
Running optimise.main()
INFO: Applying patch '/exports/eddie3_homes_local/s1562020/work/adversarial/optimisation/experiments/classifier/patches/patch.00000070.json'
INFO: Found 20 Intel(R) Xeon(R) CPU E5-2630 v4 @ 2.20GHz devices with 10 cores each.
Using TensorFlow backend.
INFO: Scaling classifier/lr -1 -> 0.1
INFO: Scaling classifier/decay -2 -> 0.01
INFO: Scaling classifier/units 1 -> 2
INFO: Writing TensorBoard logs to 'logs/tensorboard/classifier-patch.00000070/'
INFO: Running '/exports/eddie3_homes_local/s1562020/work/adversarial/run/adversarial/common.pyc'
INFO: Command-line arguments:
INFO: Configuration file contents:
INFO: Python version: 2.7.14
INFO: Numpy  version: 1.12.1
INFO: Keras  version: 2.1.5
INFO: Using keras backend: 'tensorflow'
INFO: Found  1000000 training and  1000249 test samples for signal
INFO: Found  1000000 training and 10000000 test samples for background
INFO: load_data: Selecting only training data.
INFO: Implementing gradient reversal layer in TensorFlow
INFO: Training cross-validation classifiers
Call to main function (#70)
  Parameters: {u'classifier/model/default/units': array([1]), u'classifier/compile/decay': array([-2]), u'classifier/model/default/dropout': array([ 0.24118989]), u'classifier/compile/lr': array([-1]), u'classifier/model/architecture': array([1]), u'classifier/model/default/activation': [u'tanh']}
param: classifier/model/default/units
param: classifier/compile/decay
param: classifier/model/default/dropout
param: classifier/compile/lr
param: classifier/model/architecture
param: classifier/model/default/activation
- - - - - - - - - - - - - - - - - - - - - - - - - - - - - - - - - - - - - - - - 
Saving the following patch to '/exports/eddie3_homes_local/s1562020/work/adversarial/optimisation/experiments/classifier/patches/patch.00000070.json':
{u'classifier': {u'compile': {u'lr': -1, u'decay': -2}, u'model': {u'default': {u'units': 1, u'dropout': 0.2411898895526404, u'activation': u'tanh'}, u'architecture': 1}, 'fit': {'epochs': 50, 'batch_size': 8192}}}
- - - - - - - - - - - - - - - - - - - - - - - - - - - - - - - - - - - - - - - - 
cd: Going to /exports/eddie3_homes_local/s1562020/work/adversarial/
[38;2;74;176;245m[1mProfile[0m ⏱  Starting [1m@main[0m
[38;2;74;176;245m[1mProfile[0m ⏱  ·· Starting [1mInitialisation[0m
[38;2;74;176;245m[1mProfile[0m ⏱  ···· Starting [1m@initialise[0m
[38;2;74;176;245m[1mProfile[0m ⏱  ···· Time elapsed in [1m@initialise[0m: .............................. [1m0.0s[0m
[38;2;74;176;245m[1mProfile[0m ⏱  ···· Starting [1m@initialise_backend[0m
[38;2;74;176;245m[1mProfile[0m ⏱  ······ Starting [1m@configure_tensorflow[0m
[38;2;74;176;245m[1mProfile[0m ⏱  ······ Time elapsed in [1m@configure_tensorflow[0m: ................. [1m16.7s[0m
[38;2;74;176;245m[1mProfile[0m ⏱  ···· Time elapsed in [1m@initialise_backend[0m: ..................... [1m17.8s[0m
{'config': './configs/default.json',
 'devices': 7,
 'folds': 3,
 'gpu': True,
 'input': './input/',
 'jobname': 'classifier-patch.00000070',
 'mode': 'gpu',
 'optimise_adversarial': False,
 'optimise_classifier': True,
 'output': './output/',
 'patches': ['/exports/eddie3_homes_local/s1562020/work/adversarial/optimisation/experiments/classifier/patches/patch.00000070.json'],
 'tensorboard': True,
 'theano': False,
 'train': False,
 'train_adversarial': False,
 'train_classifier': True,
 'verbose': False}
{u'adversary': {u'compile': {},
                u'fit': {},
                u'model': {u'architecture': [{}, {}, {}, {}],
                           u'default': {u'activation': u'relu',
                                        u'units': 64},
                           u'gmm_components': 5}},
 u'classifier': {u'compile': {u'loss': u'binary_crossentropy',
                              u'optimizer': <keras.optimizers.Adam object at 0x2b1556058310>},
                 u'fit': {u'batch_size': 57344,
                          u'epochs': 50,
                          u'shuffle': True,
                          'verbose': 2},
                 u'model': {u'architecture': [{}],
                            u'default': {u'activation': u'tanh',
                                         u'batchnorm': True,
                                         u'dropout': 0.2411898895526404,
                                         u'units': 2}}},
 u'combined': {u'compile': {u'loss': [u'binary_crossentropy', None],
                            u'loss_weights': [1.8181818181818182e-09, 1.0],
                            u'optimizer': <keras.optimizers.Adam object at 0x2b1556058350>},
               u'fit': {u'batch_size': 57344,
                        u'epochs': 500,
                        u'shuffle': True,
                        'verbose': 2},
               u'model': {u'lambda_reg': 10.0,
                          u'lr_ratio': 1.8181818181818182e-09},
               u'pretrain': 10}}
  TensorFlow version: 1.4.1
[38;2;74;176;245m[1mProfile[0m ⏱  ·· Time elapsed in [1mInitialisation[0m: ............................ [1m18.0s[0m
[38;2;74;176;245m[1mProfile[0m ⏱  ·· Starting [1m@load_data[0m
[38;2;74;176;245m[1mProfile[0m ⏱  ·· Time elapsed in [1m@load_data[0m: ................................ [1m36.9s[0m
[38;2;74;176;245m[1mProfile[0m ⏱  ·· Starting [1m@get_decorrelation_variables[0m
[38;2;74;176;245m[1mProfile[0m ⏱  ·· Time elapsed in [1m@get_decorrelation_variables[0m: ............... [1m0.0s[0m
[38;2;74;176;245m[1mProfile[0m ⏱  ·· Starting [1mClassifier-only fit, cross-validation[0m
[38;2;74;176;245m[1mProfile[0m ⏱  ···· Starting [1mFold 1/3[0m
Train on 1333332 samples, validate on 666668 samples
Epoch 1/50
 - 3s - loss: 0.5302 - val_loss: 0.4726
Epoch 2/50
 - 2s - loss: 0.4998 - val_loss: 0.4771
Epoch 3/50
 - 2s - loss: 0.4955 - val_loss: 0.4676
Epoch 4/50
 - 2s - loss: 0.4920 - val_loss: 0.4689
Epoch 5/50
 - 2s - loss: 0.4921 - val_loss: 0.4690
Epoch 6/50
 - 2s - loss: 0.4912 - val_loss: 0.4700
Epoch 7/50
 - 2s - loss: 0.4910 - val_loss: 0.4668
Epoch 8/50
 - 2s - loss: 0.4917 - val_loss: 0.4674
Epoch 9/50
 - 2s - loss: 0.4909 - val_loss: 0.4736
Epoch 10/50
 - 2s - loss: 0.4907 - val_loss: 0.4673
Epoch 11/50
 - 2s - loss: 0.4910 - val_loss: 0.4719
Epoch 12/50
 - 2s - loss: 0.4907 - val_loss: 0.4676
Epoch 13/50
 - 2s - loss: 0.4908 - val_loss: 0.4653
Epoch 14/50
 - 2s - loss: 0.4910 - val_loss: 0.4672
Epoch 15/50
 - 3s - loss: 0.4913 - val_loss: 0.4673
Epoch 16/50
 - 2s - loss: 0.4912 - val_loss: 0.4709
Epoch 17/50
 - 2s - loss: 0.4909 - val_loss: 0.4696
Epoch 18/50
 - 2s - loss: 0.4905 - val_loss: 0.4684
Epoch 19/50
 - 2s - loss: 0.4910 - val_loss: 0.4654
Epoch 20/50
 - 2s - loss: 0.4909 - val_loss: 0.4737
Epoch 21/50
 - 2s - loss: 0.4923 - val_loss: 0.4664
Epoch 22/50
 - 2s - loss: 0.4909 - val_loss: 0.4662
Epoch 23/50
 - 2s - loss: 0.4917 - val_loss: 0.4701
Epoch 24/50
 - 2s - loss: 0.4916 - val_loss: 0.4726
Epoch 25/50
 - 2s - loss: 0.4909 - val_loss: 0.4718
Epoch 26/50
 - 2s - loss: 0.4907 - val_loss: 0.4696
Epoch 27/50
 - 2s - loss: 0.4910 - val_loss: 0.4703
Epoch 28/50
 - 2s - loss: 0.4905 - val_loss: 0.4668
Epoch 29/50
 - 2s - loss: 0.4906 - val_loss: 0.4681
Epoch 30/50
 - 2s - loss: 0.4907 - val_loss: 0.4693
Epoch 31/50
 - 2s - loss: 0.4911 - val_loss: 0.4678
Epoch 32/50
 - 2s - loss: 0.4911 - val_loss: 0.4677
Epoch 33/50
 - 2s - loss: 0.4911 - val_loss: 0.4678
Epoch 34/50
 - 2s - loss: 0.4909 - val_loss: 0.4702
Epoch 35/50
 - 2s - loss: 0.4907 - val_loss: 0.4664
Epoch 36/50
 - 2s - loss: 0.4911 - val_loss: 0.4673
Epoch 37/50
 - 2s - loss: 0.4910 - val_loss: 0.4682
Epoch 38/50
 - 2s - loss: 0.4910 - val_loss: 0.4709
Epoch 39/50
 - 2s - loss: 0.4908 - val_loss: 0.4652
Epoch 40/50
 - 2s - loss: 0.4914 - val_loss: 0.4683
Epoch 41/50
 - 2s - loss: 0.4915 - val_loss: 0.4707
Epoch 42/50
 - 2s - loss: 0.4911 - val_loss: 0.4684
Epoch 43/50
 - 2s - loss: 0.4915 - val_loss: 0.4735
Epoch 44/50
 - 2s - loss: 0.4910 - val_loss: 0.4662
Epoch 45/50
 - 2s - loss: 0.4907 - val_loss: 0.4741
Epoch 46/50
 - 2s - loss: 0.4909 - val_loss: 0.4676
Epoch 47/50
 - 2s - loss: 0.4911 - val_loss: 0.4737
Epoch 48/50
 - 2s - loss: 0.4907 - val_loss: 0.4682
Epoch 49/50
 - 2s - loss: 0.4906 - val_loss: 0.4661
Epoch 50/50
 - 2s - loss: 0.4903 - val_loss: 0.4684
[38;2;74;176;245m[1mProfile[0m ⏱  ···· Time elapsed in [1mFold 1/3[0m: ............................... [1m124.2s[0m
[38;2;74;176;245m[1mProfile[0m ⏱  ···· Starting [1mFold 2/3[0m
Train on 1333334 samples, validate on 666666 samples
Epoch 1/50
 - 3s - loss: 0.5766 - val_loss: 0.4894
Epoch 2/50
 - 2s - loss: 0.5027 - val_loss: 0.4693
Epoch 3/50
 - 2s - loss: 0.4983 - val_loss: 0.4688
Epoch 4/50
 - 2s - loss: 0.4966 - val_loss: 0.4746
Epoch 5/50
 - 2s - loss: 0.4965 - val_loss: 0.4689
Epoch 6/50
 - 2s - loss: 0.4952 - val_loss: 0.4662
Epoch 7/50
 - 2s - loss: 0.4926 - val_loss: 0.4652
Epoch 8/50
 - 2s - loss: 0.4926 - val_loss: 0.4667
Epoch 9/50
 - 2s - loss: 0.4919 - val_loss: 0.4682
Epoch 10/50
 - 2s - loss: 0.4912 - val_loss: 0.4661
Epoch 11/50
 - 2s - loss: 0.4908 - val_loss: 0.4703
Epoch 12/50
 - 2s - loss: 0.4914 - val_loss: 0.4644
Epoch 13/50
 - 2s - loss: 0.4918 - val_loss: 0.4648
Epoch 14/50
 - 2s - loss: 0.4918 - val_loss: 0.4659
Epoch 15/50
 - 2s - loss: 0.4914 - val_loss: 0.4685
Epoch 16/50
 - 2s - loss: 0.4914 - val_loss: 0.4651
Epoch 17/50
 - 2s - loss: 0.4916 - val_loss: 0.4661
Epoch 18/50
 - 2s - loss: 0.4911 - val_loss: 0.4661
Epoch 19/50
 - 2s - loss: 0.4919 - val_loss: 0.4660
Epoch 20/50
 - 2s - loss: 0.4912 - val_loss: 0.4680
Epoch 21/50
 - 2s - loss: 0.4917 - val_loss: 0.4640
Epoch 22/50
 - 2s - loss: 0.4916 - val_loss: 0.4676
Epoch 23/50
 - 2s - loss: 0.4914 - val_loss: 0.4684
Epoch 24/50
 - 2s - loss: 0.4913 - val_loss: 0.4648
Epoch 25/50
 - 2s - loss: 0.4912 - val_loss: 0.4653
Epoch 26/50
 - 2s - loss: 0.4910 - val_loss: 0.4650
Epoch 27/50
 - 2s - loss: 0.4919 - val_loss: 0.4644
Epoch 28/50
 - 2s - loss: 0.4911 - val_loss: 0.4688
Epoch 29/50
 - 2s - loss: 0.4914 - val_loss: 0.4664
Epoch 30/50
 - 2s - loss: 0.4912 - val_loss: 0.4638
Epoch 31/50
 - 2s - loss: 0.4916 - val_loss: 0.4653
Epoch 32/50
 - 2s - loss: 0.4917 - val_loss: 0.4655
Epoch 33/50
 - 2s - loss: 0.4917 - val_loss: 0.4668
Epoch 34/50
 - 2s - loss: 0.4913 - val_loss: 0.4636
Epoch 35/50
 - 2s - loss: 0.4915 - val_loss: 0.4628
Epoch 36/50
 - 2s - loss: 0.4912 - val_loss: 0.4637
Epoch 37/50
 - 2s - loss: 0.4915 - val_loss: 0.4670
Epoch 38/50
 - 2s - loss: 0.4915 - val_loss: 0.4691
Epoch 39/50
 - 2s - loss: 0.4916 - val_loss: 0.4635
Epoch 40/50
 - 2s - loss: 0.4916 - val_loss: 0.4652
Epoch 41/50
 - 2s - loss: 0.4915 - val_loss: 0.4633
Epoch 42/50
 - 2s - loss: 0.4917 - val_loss: 0.4626
Epoch 43/50
 - 2s - loss: 0.4920 - val_loss: 0.4651
Epoch 44/50
 - 2s - loss: 0.4916 - val_loss: 0.4624
Epoch 45/50
 - 2s - loss: 0.4913 - val_loss: 0.4656
Epoch 46/50
 - 2s - loss: 0.4912 - val_loss: 0.4651
Epoch 47/50
 - 2s - loss: 0.4918 - val_loss: 0.4637
Epoch 48/50
 - 2s - loss: 0.4914 - val_loss: 0.4661
Epoch 49/50
 - 2s - loss: 0.4915 - val_loss: 0.4656
Epoch 50/50
 - 2s - loss: 0.4912 - val_loss: 0.4625
[38;2;74;176;245m[1mProfile[0m ⏱  ···· Time elapsed in [1mFold 2/3[0m: ............................... [1m105.6s[0m
[38;2;74;176;245m[1mProfile[0m ⏱  ···· Starting [1mFold 3/3[0m
Train on 1333334 samples, validate on 666666 samples
Epoch 1/50
 - 2s - loss: 0.5593 - val_loss: 0.4825
Epoch 2/50
 - 2s - loss: 0.5084 - val_loss: 0.4720
Epoch 3/50
 - 2s - loss: 0.4976 - val_loss: 0.4756
Epoch 4/50
 - 2s - loss: 0.4935 - val_loss: 0.4716
Epoch 5/50
 - 2s - loss: 0.4929 - val_loss: 0.4668
Epoch 6/50
 - 2s - loss: 0.4926 - val_loss: 0.4715
Epoch 7/50
 - 2s - loss: 0.4921 - val_loss: 0.4675
Epoch 8/50
 - 2s - loss: 0.4914 - val_loss: 0.4680
Epoch 9/50
 - 2s - loss: 0.4918 - val_loss: 0.4688
Epoch 10/50
 - 2s - loss: 0.4919 - val_loss: 0.4695
Epoch 11/50
 - 2s - loss: 0.4919 - val_loss: 0.4687
Epoch 12/50
 - 2s - loss: 0.4912 - val_loss: 0.4673
Epoch 13/50
 - 2s - loss: 0.4919 - val_loss: 0.4693
Epoch 14/50
 - 2s - loss: 0.4920 - val_loss: 0.4683
Epoch 15/50
 - 2s - loss: 0.4916 - val_loss: 0.4702
Epoch 16/50
 - 2s - loss: 0.4910 - val_loss: 0.4691
Epoch 17/50
 - 3s - loss: 0.4915 - val_loss: 0.4682
Epoch 18/50
 - 2s - loss: 0.4913 - val_loss: 0.4711
Epoch 19/50
 - 2s - loss: 0.4912 - val_loss: 0.4723
Epoch 20/50
 - 2s - loss: 0.4912 - val_loss: 0.4645
Epoch 21/50
 - 2s - loss: 0.4914 - val_loss: 0.4711
Epoch 22/50
 - 2s - loss: 0.4903 - val_loss: 0.4686
Epoch 23/50
 - 2s - loss: 0.4915 - val_loss: 0.4669
Epoch 24/50
 - 2s - loss: 0.4910 - val_loss: 0.4685
Epoch 25/50
 - 1s - loss: 0.4908 - val_loss: 0.4679
Epoch 26/50
 - 2s - loss: 0.4909 - val_loss: 0.4681
Epoch 27/50
 - 2s - loss: 0.4908 - val_loss: 0.4669
Epoch 28/50
 - 2s - loss: 0.4911 - val_loss: 0.4686
Epoch 29/50
 - 1s - loss: 0.4906 - val_loss: 0.4663
Epoch 30/50
 - 1s - loss: 0.4912 - val_loss: 0.4666
Epoch 31/50
 - 2s - loss: 0.4910 - val_loss: 0.4690
Epoch 32/50
 - 2s - loss: 0.4909 - val_loss: 0.4693
Epoch 33/50
 - 1s - loss: 0.4915 - val_loss: 0.4676
Epoch 34/50
 - 2s - loss: 0.4913 - val_loss: 0.4667
Epoch 35/50
 - 2s - loss: 0.4907 - val_loss: 0.4706
Epoch 36/50
 - 2s - loss: 0.4912 - val_loss: 0.4698
Epoch 37/50
 - 1s - loss: 0.4911 - val_loss: 0.4692
Epoch 38/50
 - 2s - loss: 0.4914 - val_loss: 0.4671
Epoch 39/50
 - 2s - loss: 0.4908 - val_loss: 0.4674
Epoch 40/50
 - 2s - loss: 0.4913 - val_loss: 0.4677
Epoch 41/50
 - 1s - loss: 0.4909 - val_loss: 0.4690
Epoch 42/50
 - 1s - loss: 0.4908 - val_loss: 0.4684
Epoch 43/50
 - 2s - loss: 0.4913 - val_loss: 0.4670
Epoch 44/50
 - 2s - loss: 0.4909 - val_loss: 0.4670
Epoch 45/50
 - 2s - loss: 0.4907 - val_loss: 0.4672
Epoch 46/50
 - 1s - loss: 0.4915 - val_loss: 0.4672
Epoch 47/50
 - 2s - loss: 0.4905 - val_loss: 0.4696
Epoch 48/50
 - 2s - loss: 0.4908 - val_loss: 0.4692
Epoch 49/50
 - 2s - loss: 0.4911 - val_loss: 0.4681
Epoch 50/50
 - 2s - loss: 0.4910 - val_loss: 0.4684
Got result 0.469259896711
Completed successfully in 406.67 seconds. [{u'main': 0.46925989671140883}]
[38;2;74;176;245m[1mProfile[0m ⏱  ···· Time elapsed in [1mFold 3/3[0m: ................................ [1m95.6s[0m
[38;2;74;176;245m[1mProfile[0m ⏱  ·· Time elapsed in [1mClassifier-only fit, cross-validation[0m: .... [1m326.2s[0m
[38;2;74;176;245m[1mProfile[0m ⏱  Time elapsed in [1m@main[0m: ....................................... [1m381.7s[0m
cd: Going back to /exports/eddie3_homes_local/s1562020/work/adversarial/optimisation/experiments/classifier
