Job launching after 4.95 seconds in submission.
Running python job.
Changed into dir /exports/eddie3_homes_local/s1562020/work/adversarial/optimisation/experiments/classifier
Importing optimise.py
Running optimise.main()
INFO: Applying patch '/exports/eddie3_homes_local/s1562020/work/adversarial/optimisation/experiments/classifier/patches/patch.00000036.json'
INFO: Found 20 Intel(R) Xeon(R) CPU E5-2630 v4 @ 2.20GHz devices with 10 cores each.
Using TensorFlow backend.
INFO: Scaling classifier/lr -1 -> 0.1
INFO: Scaling classifier/decay -2 -> 0.01
INFO: Scaling classifier/units 9 -> 512
INFO: Writing TensorBoard logs to 'logs/tensorboard/classifier-patch.00000036/'
INFO: Running '/exports/eddie3_homes_local/s1562020/work/adversarial/run/adversarial/common.pyc'
INFO: Command-line arguments:
INFO: Configuration file contents:
INFO: Python version: 2.7.14
INFO: Numpy  version: 1.12.1
INFO: Keras  version: 2.1.5
INFO: Using keras backend: 'tensorflow'
INFO: Found  1000000 training and  1000249 test samples for signal
INFO: Found  1000000 training and 10000000 test samples for background
INFO: load_data: Selecting only training data.
INFO: Implementing gradient reversal layer in TensorFlow
INFO: Training cross-validation classifiers
Call to main function (#36)
  Parameters: {u'classifier/model/default/units': array([9]), u'classifier/compile/decay': array([-2]), u'classifier/model/default/dropout': array([ 0.11996902]), u'classifier/compile/lr': array([-1]), u'classifier/model/architecture': array([3]), u'classifier/model/default/activation': [u'tanh']}
param: classifier/model/default/units
param: classifier/compile/decay
param: classifier/model/default/dropout
param: classifier/compile/lr
param: classifier/model/architecture
param: classifier/model/default/activation
- - - - - - - - - - - - - - - - - - - - - - - - - - - - - - - - - - - - - - - - 
Saving the following patch to '/exports/eddie3_homes_local/s1562020/work/adversarial/optimisation/experiments/classifier/patches/patch.00000036.json':
{u'classifier': {u'compile': {u'lr': -1, u'decay': -2}, u'model': {u'default': {u'units': 9, u'dropout': 0.1199690221094012, u'activation': u'tanh'}, u'architecture': 3}, 'fit': {'epochs': 50, 'batch_size': 8192}}}
- - - - - - - - - - - - - - - - - - - - - - - - - - - - - - - - - - - - - - - - 
cd: Going to /exports/eddie3_homes_local/s1562020/work/adversarial/
[38;2;74;176;245m[1mProfile[0m ⏱  Starting [1m@main[0m
[38;2;74;176;245m[1mProfile[0m ⏱  ·· Starting [1mInitialisation[0m
[38;2;74;176;245m[1mProfile[0m ⏱  ···· Starting [1m@initialise[0m
[38;2;74;176;245m[1mProfile[0m ⏱  ···· Time elapsed in [1m@initialise[0m: .............................. [1m0.0s[0m
[38;2;74;176;245m[1mProfile[0m ⏱  ···· Starting [1m@initialise_backend[0m
[38;2;74;176;245m[1mProfile[0m ⏱  ······ Starting [1m@configure_tensorflow[0m
[38;2;74;176;245m[1mProfile[0m ⏱  ······ Time elapsed in [1m@configure_tensorflow[0m: ................. [1m16.9s[0m
[38;2;74;176;245m[1mProfile[0m ⏱  ···· Time elapsed in [1m@initialise_backend[0m: ..................... [1m18.0s[0m
{'config': './configs/default.json',
 'devices': 7,
 'folds': 3,
 'gpu': True,
 'input': './input/',
 'jobname': 'classifier-patch.00000036',
 'mode': 'gpu',
 'optimise_adversarial': False,
 'optimise_classifier': True,
 'output': './output/',
 'patches': ['/exports/eddie3_homes_local/s1562020/work/adversarial/optimisation/experiments/classifier/patches/patch.00000036.json'],
 'tensorboard': True,
 'theano': False,
 'train': False,
 'train_adversarial': False,
 'train_classifier': True,
 'verbose': False}
{u'adversary': {u'compile': {},
                u'fit': {},
                u'model': {u'architecture': [{}, {}, {}, {}],
                           u'default': {u'activation': u'relu',
                                        u'units': 64},
                           u'gmm_components': 5}},
 u'classifier': {u'compile': {u'loss': u'binary_crossentropy',
                              u'optimizer': <keras.optimizers.Adam object at 0x2aac2b288310>},
                 u'fit': {u'batch_size': 57344,
                          u'epochs': 50,
                          u'shuffle': True,
                          'verbose': 2},
                 u'model': {u'architecture': [{}, {}, {}],
                            u'default': {u'activation': u'tanh',
                                         u'batchnorm': True,
                                         u'dropout': 0.1199690221094012,
                                         u'units': 512}}},
 u'combined': {u'compile': {u'loss': [u'binary_crossentropy', None],
                            u'loss_weights': [1.8181818181818182e-09, 1.0],
                            u'optimizer': <keras.optimizers.Adam object at 0x2aac2b288350>},
               u'fit': {u'batch_size': 57344,
                        u'epochs': 100,
                        u'shuffle': True,
                        'verbose': 2},
               u'model': {u'lambda_reg': 10.0,
                          u'lr_ratio': 1.8181818181818182e-09},
               u'pretrain': 10}}
  TensorFlow version: 1.4.1
[38;2;74;176;245m[1mProfile[0m ⏱  ·· Time elapsed in [1mInitialisation[0m: ............................ [1m18.1s[0m
[38;2;74;176;245m[1mProfile[0m ⏱  ·· Starting [1m@load_data[0m
[38;2;74;176;245m[1mProfile[0m ⏱  ·· Time elapsed in [1m@load_data[0m: ................................ [1m38.7s[0m
[38;2;74;176;245m[1mProfile[0m ⏱  ·· Starting [1m@get_decorrelation_variables[0m
[38;2;74;176;245m[1mProfile[0m ⏱  ·· Time elapsed in [1m@get_decorrelation_variables[0m: ............... [1m0.0s[0m
[38;2;74;176;245m[1mProfile[0m ⏱  ·· Starting [1mClassifier-only fit, cross-validation[0m
[38;2;74;176;245m[1mProfile[0m ⏱  ···· Starting [1mFold 1/3[0m
Train on 1333332 samples, validate on 666668 samples
Epoch 1/50
 - 6s - loss: 2.2859 - val_loss: 1.2553
Epoch 2/50
 - 4s - loss: 0.9168 - val_loss: 0.6659
Epoch 3/50
 - 4s - loss: 0.7324 - val_loss: 0.5196
Epoch 4/50
 - 4s - loss: 0.6334 - val_loss: 0.4697
Epoch 5/50
 - 4s - loss: 0.5615 - val_loss: 0.4923
Epoch 6/50
 - 4s - loss: 0.5079 - val_loss: 0.4864
Epoch 7/50
 - 4s - loss: 0.4685 - val_loss: 0.4145
Epoch 8/50
 - 4s - loss: 0.4442 - val_loss: 0.4100
Epoch 9/50
 - 4s - loss: 0.4258 - val_loss: 0.3986
Epoch 10/50
 - 4s - loss: 0.4180 - val_loss: 0.3943
Epoch 11/50
 - 4s - loss: 0.4096 - val_loss: 0.3924
Epoch 12/50
 - 4s - loss: 0.4071 - val_loss: 0.3947
Epoch 13/50
 - 4s - loss: 0.4108 - val_loss: 0.4248
Epoch 14/50
 - 5s - loss: 0.4035 - val_loss: 0.3898
Epoch 15/50
 - 5s - loss: 0.3978 - val_loss: 0.3860
Epoch 16/50
 - 4s - loss: 0.3983 - val_loss: 0.3965
Epoch 17/50
 - 5s - loss: 0.3983 - val_loss: 0.3829
Epoch 18/50
 - 5s - loss: 0.3957 - val_loss: 0.3833
Epoch 19/50
 - 4s - loss: 0.3937 - val_loss: 0.3863
Epoch 20/50
 - 5s - loss: 0.3941 - val_loss: 0.3867
Epoch 21/50
 - 5s - loss: 0.3951 - val_loss: 0.3883
Epoch 22/50
 - 4s - loss: 0.3925 - val_loss: 0.3793
Epoch 23/50
 - 5s - loss: 0.3904 - val_loss: 0.3795
Epoch 24/50
 - 5s - loss: 0.3921 - val_loss: 0.3800
Epoch 25/50
 - 4s - loss: 0.3892 - val_loss: 0.3776
Epoch 26/50
 - 5s - loss: 0.3885 - val_loss: 0.3782
Epoch 27/50
 - 5s - loss: 0.3886 - val_loss: 0.3777
Epoch 28/50
 - 5s - loss: 0.3879 - val_loss: 0.3778
Epoch 29/50
 - 5s - loss: 0.3878 - val_loss: 0.3769
Epoch 30/50
 - 5s - loss: 0.3873 - val_loss: 0.3777
Epoch 31/50
 - 5s - loss: 0.3872 - val_loss: 0.3773
Epoch 32/50
 - 4s - loss: 0.3870 - val_loss: 0.3810
Epoch 33/50
 - 5s - loss: 0.3871 - val_loss: 0.3758
Epoch 34/50
 - 5s - loss: 0.3859 - val_loss: 0.3828
Epoch 35/50
 - 5s - loss: 0.3859 - val_loss: 0.3754
Epoch 36/50
 - 5s - loss: 0.3849 - val_loss: 0.3760
Epoch 37/50
 - 5s - loss: 0.3846 - val_loss: 0.3755
Epoch 38/50
 - 5s - loss: 0.3857 - val_loss: 0.3741
Epoch 39/50
 - 5s - loss: 0.3849 - val_loss: 0.3790
Epoch 40/50
 - 5s - loss: 0.3846 - val_loss: 0.3738
Epoch 41/50
 - 4s - loss: 0.3838 - val_loss: 0.3735
Epoch 42/50
 - 5s - loss: 0.3845 - val_loss: 0.3779
Epoch 43/50
 - 4s - loss: 0.3838 - val_loss: 0.3733
Epoch 44/50
 - 4s - loss: 0.3833 - val_loss: 0.3731
Epoch 45/50
 - 4s - loss: 0.3833 - val_loss: 0.3720
Epoch 46/50
 - 5s - loss: 0.3827 - val_loss: 0.3729
Epoch 47/50
 - 4s - loss: 0.3823 - val_loss: 0.3744
Epoch 48/50
 - 3s - loss: 0.3819 - val_loss: 0.3730
Epoch 49/50
 - 3s - loss: 0.3816 - val_loss: 0.3748
Epoch 50/50
 - 4s - loss: 0.3813 - val_loss: 0.3725
[38;2;74;176;245m[1mProfile[0m ⏱  ···· Time elapsed in [1mFold 1/3[0m: ............................... [1m259.3s[0m
[38;2;74;176;245m[1mProfile[0m ⏱  ···· Starting [1mFold 2/3[0m
Train on 1333334 samples, validate on 666666 samples
Epoch 1/50
 - 5s - loss: 2.5446 - val_loss: 0.9257
Epoch 2/50
 - 4s - loss: 0.5935 - val_loss: 0.4897
Epoch 3/50
 - 4s - loss: 0.5248 - val_loss: 0.4633
Epoch 4/50
 - 4s - loss: 0.4988 - val_loss: 0.4624
Epoch 5/50
 - 4s - loss: 0.4825 - val_loss: 0.4546
Epoch 6/50
 - 4s - loss: 0.4701 - val_loss: 0.4399
Epoch 7/50
 - 4s - loss: 0.4596 - val_loss: 0.4380
Epoch 8/50
 - 4s - loss: 0.4476 - val_loss: 0.4209
Epoch 9/50
 - 4s - loss: 0.4349 - val_loss: 0.4161
Epoch 10/50
 - 4s - loss: 0.4246 - val_loss: 0.4152
Epoch 11/50
 - 4s - loss: 0.4162 - val_loss: 0.4064
Epoch 12/50
 - 4s - loss: 0.4095 - val_loss: 0.4011
Epoch 13/50
 - 4s - loss: 0.4065 - val_loss: 0.3953
Epoch 14/50
 - 4s - loss: 0.4026 - val_loss: 0.4005
Epoch 15/50
 - 4s - loss: 0.4007 - val_loss: 0.3954
Epoch 16/50
 - 4s - loss: 0.3989 - val_loss: 0.3900
Epoch 17/50
 - 5s - loss: 0.3973 - val_loss: 0.3921
Epoch 18/50
 - 5s - loss: 0.3955 - val_loss: 0.3883
Epoch 19/50
 - 4s - loss: 0.3948 - val_loss: 0.3824
Epoch 20/50
 - 4s - loss: 0.3933 - val_loss: 0.3805
Epoch 21/50
 - 4s - loss: 0.3928 - val_loss: 0.3809
Epoch 22/50
 - 4s - loss: 0.3919 - val_loss: 0.3880
Epoch 23/50
 - 4s - loss: 0.3914 - val_loss: 0.3845
Epoch 24/50
 - 4s - loss: 0.3905 - val_loss: 0.3813
Epoch 25/50
 - 4s - loss: 0.3891 - val_loss: 0.3786
Epoch 26/50
 - 4s - loss: 0.3884 - val_loss: 0.3796
Epoch 27/50
 - 4s - loss: 0.3888 - val_loss: 0.3816
Epoch 28/50
 - 4s - loss: 0.3877 - val_loss: 0.3777
Epoch 29/50
 - 4s - loss: 0.3867 - val_loss: 0.3776
Epoch 30/50
 - 5s - loss: 0.3871 - val_loss: 0.3764
Epoch 31/50
 - 4s - loss: 0.3866 - val_loss: 0.3795
Epoch 32/50
 - 4s - loss: 0.3852 - val_loss: 0.3747
Epoch 33/50
 - 4s - loss: 0.3856 - val_loss: 0.3761
Epoch 34/50
 - 5s - loss: 0.3855 - val_loss: 0.3778
Epoch 35/50
 - 4s - loss: 0.3846 - val_loss: 0.3747
Epoch 36/50
 - 5s - loss: 0.3842 - val_loss: 0.3755
Epoch 37/50
 - 5s - loss: 0.3839 - val_loss: 0.3762
Epoch 38/50
 - 4s - loss: 0.3839 - val_loss: 0.3761
Epoch 39/50
 - 5s - loss: 0.3832 - val_loss: 0.3737
Epoch 40/50
 - 4s - loss: 0.3831 - val_loss: 0.3750
Epoch 41/50
 - 4s - loss: 0.3828 - val_loss: 0.3745
Epoch 42/50
 - 4s - loss: 0.3832 - val_loss: 0.3756
Epoch 43/50
 - 4s - loss: 0.3827 - val_loss: 0.3742
Epoch 44/50
 - 4s - loss: 0.3820 - val_loss: 0.3763
Epoch 45/50
 - 5s - loss: 0.3818 - val_loss: 0.3725
Epoch 46/50
 - 4s - loss: 0.3815 - val_loss: 0.3760
Epoch 47/50
 - 5s - loss: 0.3813 - val_loss: 0.3755
Epoch 48/50
 - 5s - loss: 0.3808 - val_loss: 0.3723
Epoch 49/50
 - 4s - loss: 0.3804 - val_loss: 0.3743
Epoch 50/50
 - 4s - loss: 0.3800 - val_loss: 0.3739
[38;2;74;176;245m[1mProfile[0m ⏱  ···· Time elapsed in [1mFold 2/3[0m: ............................... [1m231.4s[0m
[38;2;74;176;245m[1mProfile[0m ⏱  ···· Starting [1mFold 3/3[0m
Train on 1333334 samples, validate on 666666 samples
Epoch 1/50
 - 6s - loss: 1.3688 - val_loss: 0.7440
Epoch 2/50
 - 4s - loss: 0.5026 - val_loss: 0.5366
Epoch 3/50
 - 5s - loss: 0.4692 - val_loss: 0.4907
Epoch 4/50
 - 6s - loss: 0.4576 - val_loss: 0.4701
Epoch 5/50
 - 6s - loss: 0.4502 - val_loss: 0.4535
Epoch 6/50
 - 6s - loss: 0.4433 - val_loss: 0.4464
Epoch 7/50
 - 7s - loss: 0.4325 - val_loss: 0.4727
Epoch 8/50
 - 8s - loss: 0.4184 - val_loss: 0.5074
Epoch 9/50
 - 7s - loss: 0.4063 - val_loss: 0.5272
Epoch 10/50
 - 7s - loss: 0.4005 - val_loss: 0.5223
Epoch 11/50
 - 7s - loss: 0.3979 - val_loss: 0.5034
Epoch 12/50
 - 7s - loss: 0.3935 - val_loss: 0.4574
Epoch 13/50
 - 7s - loss: 0.3915 - val_loss: 0.4479
Epoch 14/50
 - 7s - loss: 0.3894 - val_loss: 0.4316
Epoch 15/50
 - 7s - loss: 0.3871 - val_loss: 0.4080
Epoch 16/50
 - 8s - loss: 0.3860 - val_loss: 0.4036
Epoch 17/50
 - 7s - loss: 0.3843 - val_loss: 0.4136
Epoch 18/50
 - 7s - loss: 0.3838 - val_loss: 0.3916
Epoch 19/50
 - 8s - loss: 0.3829 - val_loss: 0.3834
Epoch 20/50
 - 7s - loss: 0.3813 - val_loss: 0.3794
Epoch 21/50
 - 6s - loss: 0.3807 - val_loss: 0.3772
Epoch 22/50
 - 6s - loss: 0.3799 - val_loss: 0.3789
Epoch 23/50
 - 7s - loss: 0.3788 - val_loss: 0.3752
Epoch 24/50
 - 5s - loss: 0.3780 - val_loss: 0.3740
Epoch 25/50
 - 6s - loss: 0.3781 - val_loss: 0.3735
Epoch 26/50
 - 5s - loss: 0.3766 - val_loss: 0.3746
Epoch 27/50
 - 6s - loss: 0.3763 - val_loss: 0.3736
Epoch 28/50
 - 7s - loss: 0.3755 - val_loss: 0.3726
Epoch 29/50
 - 7s - loss: 0.3752 - val_loss: 0.3761
Epoch 30/50
 - 7s - loss: 0.3744 - val_loss: 0.3724
Epoch 31/50
 - 7s - loss: 0.3743 - val_loss: 0.3714
Epoch 32/50
 - 7s - loss: 0.3736 - val_loss: 0.3739
Epoch 33/50
 - 7s - loss: 0.3730 - val_loss: 0.3694
Epoch 34/50
 - 7s - loss: 0.3726 - val_loss: 0.3734
Epoch 35/50
 - 7s - loss: 0.3722 - val_loss: 0.3697
Epoch 36/50
 - 7s - loss: 0.3718 - val_loss: 0.3741
Epoch 37/50
 - 7s - loss: 0.3714 - val_loss: 0.3752
Epoch 38/50
 - 7s - loss: 0.3715 - val_loss: 0.3735
Epoch 39/50
 - 7s - loss: 0.3707 - val_loss: 0.3684
Epoch 40/50
 - 7s - loss: 0.3707 - val_loss: 0.3697
Epoch 41/50
 - 7s - loss: 0.3704 - val_loss: 0.3704
Epoch 42/50
 - 8s - loss: 0.3698 - val_loss: 0.3694
Epoch 43/50
 - 7s - loss: 0.3707 - val_loss: 0.3717
Epoch 44/50
 - 7s - loss: 0.3695 - val_loss: 0.3672
Epoch 45/50
 - 7s - loss: 0.3697 - val_loss: 0.3703
Epoch 46/50
 - 7s - loss: 0.3693 - val_loss: 0.3700
Epoch 47/50
 - 7s - loss: 0.3690 - val_loss: 0.3728
Epoch 48/50
 - 7s - loss: 0.3687 - val_loss: 0.3683
Epoch 49/50
 - 7s - loss: 0.3687 - val_loss: 0.3671
Epoch 50/50
 - 7s - loss: 0.3688 - val_loss: 0.3673
Got result 0.374068322162
Completed successfully in 933.78 seconds. [{u'main': 0.3740683221623774}]
[38;2;74;176;245m[1mProfile[0m ⏱  ···· Time elapsed in [1mFold 3/3[0m: ............................... [1m358.8s[0m
[38;2;74;176;245m[1mProfile[0m ⏱  ·· Time elapsed in [1mClassifier-only fit, cross-validation[0m: .... [1m850.1s[0m
[38;2;74;176;245m[1mProfile[0m ⏱  Time elapsed in [1m@main[0m: ....................................... [1m907.3s[0m
cd: Going back to /exports/eddie3_homes_local/s1562020/work/adversarial/optimisation/experiments/classifier
