Job launching after 4.21 seconds in submission.
Running python job.
Changed into dir /exports/eddie3_homes_local/s1562020/work/adversarial/optimisation/experiments/classifier
Importing optimise.py
Running optimise.main()
INFO: Applying patch '/exports/eddie3_homes_local/s1562020/work/adversarial/optimisation/experiments/classifier/patches/patch.00000092.json'
INFO: Found 20 Intel(R) Xeon(R) CPU E5-2630 v4 @ 2.20GHz devices with 10 cores each.
Using TensorFlow backend.
INFO: Scaling classifier/lr -5 -> 1e-05
INFO: Scaling classifier/decay -6 -> 1e-06
INFO: Scaling classifier/units 9 -> 512
INFO: Writing TensorBoard logs to 'logs/tensorboard/classifier-patch.00000092/'
INFO: Running '/exports/eddie3_homes_local/s1562020/work/adversarial/run/adversarial/common.pyc'
INFO: Command-line arguments:
INFO: Configuration file contents:
INFO: Python version: 2.7.14
INFO: Numpy  version: 1.12.1
INFO: Keras  version: 2.1.5
INFO: Using keras backend: 'tensorflow'
INFO: Found  1000000 training and  1000249 test samples for signal
INFO: Found  1000000 training and 10000000 test samples for background
INFO: load_data: Selecting only training data.
INFO: Implementing gradient reversal layer in TensorFlow
INFO: Training cross-validation classifiers
Call to main function (#92)
  Parameters: {u'classifier/model/default/units': array([9]), u'classifier/compile/decay': array([-6]), u'classifier/model/default/dropout': array([ 0.46170888]), u'classifier/compile/lr': array([-5]), u'classifier/model/architecture': array([1]), u'classifier/model/default/activation': [u'tanh']}
param: classifier/model/default/units
param: classifier/compile/decay
param: classifier/model/default/dropout
param: classifier/compile/lr
param: classifier/model/architecture
param: classifier/model/default/activation
- - - - - - - - - - - - - - - - - - - - - - - - - - - - - - - - - - - - - - - - 
Saving the following patch to '/exports/eddie3_homes_local/s1562020/work/adversarial/optimisation/experiments/classifier/patches/patch.00000092.json':
{u'classifier': {u'compile': {u'lr': -5, u'decay': -6}, u'model': {u'default': {u'units': 9, u'dropout': 0.46170887827507973, u'activation': u'tanh'}, u'architecture': 1}, 'fit': {'epochs': 50, 'batch_size': 8192}}}
- - - - - - - - - - - - - - - - - - - - - - - - - - - - - - - - - - - - - - - - 
cd: Going to /exports/eddie3_homes_local/s1562020/work/adversarial/
[38;2;74;176;245m[1mProfile[0m ⏱  Starting [1m@main[0m
[38;2;74;176;245m[1mProfile[0m ⏱  ·· Starting [1mInitialisation[0m
[38;2;74;176;245m[1mProfile[0m ⏱  ···· Starting [1m@initialise[0m
[38;2;74;176;245m[1mProfile[0m ⏱  ···· Time elapsed in [1m@initialise[0m: .............................. [1m0.0s[0m
[38;2;74;176;245m[1mProfile[0m ⏱  ···· Starting [1m@initialise_backend[0m
[38;2;74;176;245m[1mProfile[0m ⏱  ······ Starting [1m@configure_tensorflow[0m
[38;2;74;176;245m[1mProfile[0m ⏱  ······ Time elapsed in [1m@configure_tensorflow[0m: ................. [1m13.8s[0m
[38;2;74;176;245m[1mProfile[0m ⏱  ···· Time elapsed in [1m@initialise_backend[0m: ..................... [1m15.0s[0m
{'config': './configs/default.json',
 'devices': 7,
 'folds': 3,
 'gpu': True,
 'input': './input/',
 'jobname': 'classifier-patch.00000092',
 'mode': 'gpu',
 'optimise_adversarial': False,
 'optimise_classifier': True,
 'output': './output/',
 'patches': ['/exports/eddie3_homes_local/s1562020/work/adversarial/optimisation/experiments/classifier/patches/patch.00000092.json'],
 'tensorboard': True,
 'theano': False,
 'train': False,
 'train_adversarial': False,
 'train_classifier': True,
 'verbose': False}
{u'adversary': {u'compile': {},
                u'fit': {},
                u'model': {u'architecture': [{}, {}, {}, {}],
                           u'default': {u'activation': u'relu',
                                        u'units': 64},
                           u'gmm_components': 10}},
 u'classifier': {u'compile': {u'loss': u'binary_crossentropy',
                              u'optimizer': <keras.optimizers.Adam object at 0x2b14fe43d310>},
                 u'fit': {u'batch_size': 57344,
                          u'epochs': 50,
                          u'shuffle': True,
                          'verbose': 2},
                 u'model': {u'architecture': [{}],
                            u'default': {u'activation': u'tanh',
                                         u'batchnorm': True,
                                         u'dropout': 0.4617088782750797,
                                         u'units': 512}}},
 u'combined': {u'compile': {u'loss': [u'binary_crossentropy', None],
                            u'loss_weights': [1.8181818181818182e-09, 1.0],
                            u'optimizer': <keras.optimizers.Adam object at 0x2b14fe43d350>},
               u'fit': {u'batch_size': 57344,
                        u'epochs': 200,
                        u'shuffle': True,
                        'verbose': 2},
               u'model': {u'lambda_reg': 10.0,
                          u'lr_ratio': 1.8181818181818182e-09},
               u'pretrain': 10}}
  TensorFlow version: 1.4.1
[38;2;74;176;245m[1mProfile[0m ⏱  ·· Time elapsed in [1mInitialisation[0m: ............................ [1m15.1s[0m
[38;2;74;176;245m[1mProfile[0m ⏱  ·· Starting [1m@load_data[0m
[38;2;74;176;245m[1mProfile[0m ⏱  ·· Time elapsed in [1m@load_data[0m: ................................ [1m32.1s[0m
[38;2;74;176;245m[1mProfile[0m ⏱  ·· Starting [1m@get_decorrelation_variables[0m
[38;2;74;176;245m[1mProfile[0m ⏱  ·· Time elapsed in [1m@get_decorrelation_variables[0m: ............... [1m0.0s[0m
[38;2;74;176;245m[1mProfile[0m ⏱  ·· Starting [1mClassifier-only fit, cross-validation[0m
[38;2;74;176;245m[1mProfile[0m ⏱  ···· Starting [1mFold 1/3[0m
Train on 1333332 samples, validate on 666668 samples
Epoch 1/50
 - 2s - loss: 0.7149 - val_loss: 0.7034
Epoch 2/50
 - 2s - loss: 0.7063 - val_loss: 0.6947
Epoch 3/50
 - 2s - loss: 0.6974 - val_loss: 0.6869
Epoch 4/50
 - 2s - loss: 0.6894 - val_loss: 0.6795
Epoch 5/50
 - 2s - loss: 0.6817 - val_loss: 0.6723
Epoch 6/50
 - 2s - loss: 0.6743 - val_loss: 0.6655
Epoch 7/50
 - 2s - loss: 0.6671 - val_loss: 0.6590
Epoch 8/50
 - 2s - loss: 0.6606 - val_loss: 0.6527
Epoch 9/50
 - 2s - loss: 0.6542 - val_loss: 0.6467
Epoch 10/50
 - 2s - loss: 0.6482 - val_loss: 0.6412
Epoch 11/50
 - 2s - loss: 0.6424 - val_loss: 0.6360
Epoch 12/50
 - 3s - loss: 0.6367 - val_loss: 0.6313
Epoch 13/50
 - 3s - loss: 0.6317 - val_loss: 0.6260
Epoch 14/50
 - 2s - loss: 0.6265 - val_loss: 0.6217
Epoch 15/50
 - 2s - loss: 0.6218 - val_loss: 0.6171
Epoch 16/50
 - 2s - loss: 0.6172 - val_loss: 0.6127
Epoch 17/50
 - 2s - loss: 0.6130 - val_loss: 0.6085
Epoch 18/50
 - 2s - loss: 0.6082 - val_loss: 0.6041
Epoch 19/50
 - 2s - loss: 0.6047 - val_loss: 0.6018
Epoch 20/50
 - 2s - loss: 0.6008 - val_loss: 0.5981
Epoch 21/50
 - 2s - loss: 0.5970 - val_loss: 0.5942
Epoch 22/50
 - 2s - loss: 0.5934 - val_loss: 0.5905
Epoch 23/50
 - 3s - loss: 0.5898 - val_loss: 0.5873
Epoch 24/50
 - 2s - loss: 0.5866 - val_loss: 0.5837
Epoch 25/50
 - 2s - loss: 0.5832 - val_loss: 0.5804
Epoch 26/50
 - 2s - loss: 0.5803 - val_loss: 0.5776
Epoch 27/50
 - 2s - loss: 0.5772 - val_loss: 0.5752
Epoch 28/50
 - 2s - loss: 0.5746 - val_loss: 0.5728
Epoch 29/50
 - 2s - loss: 0.5718 - val_loss: 0.5711
Epoch 30/50
 - 2s - loss: 0.5690 - val_loss: 0.5662
Epoch 31/50
 - 2s - loss: 0.5663 - val_loss: 0.5659
Epoch 32/50
 - 2s - loss: 0.5635 - val_loss: 0.5620
Epoch 33/50
 - 2s - loss: 0.5613 - val_loss: 0.5599
Epoch 34/50
 - 2s - loss: 0.5586 - val_loss: 0.5585
Epoch 35/50
 - 2s - loss: 0.5565 - val_loss: 0.5554
Epoch 36/50
 - 2s - loss: 0.5539 - val_loss: 0.5533
Epoch 37/50
 - 2s - loss: 0.5516 - val_loss: 0.5518
Epoch 38/50
 - 2s - loss: 0.5492 - val_loss: 0.5505
Epoch 39/50
 - 2s - loss: 0.5478 - val_loss: 0.5468
Epoch 40/50
 - 2s - loss: 0.5458 - val_loss: 0.5466
Epoch 41/50
 - 2s - loss: 0.5436 - val_loss: 0.5440
Epoch 42/50
 - 2s - loss: 0.5418 - val_loss: 0.5425
Epoch 43/50
 - 2s - loss: 0.5399 - val_loss: 0.5387
Epoch 44/50
 - 2s - loss: 0.5377 - val_loss: 0.5386
Epoch 45/50
 - 2s - loss: 0.5362 - val_loss: 0.5350
Epoch 46/50
 - 2s - loss: 0.5343 - val_loss: 0.5327
Epoch 47/50
 - 2s - loss: 0.5328 - val_loss: 0.5338
Epoch 48/50
 - 2s - loss: 0.5309 - val_loss: 0.5312
Epoch 49/50
 - 2s - loss: 0.5296 - val_loss: 0.5293
Epoch 50/50
 - 2s - loss: 0.5280 - val_loss: 0.5278
[38;2;74;176;245m[1mProfile[0m ⏱  ···· Time elapsed in [1mFold 1/3[0m: ............................... [1m134.8s[0m
[38;2;74;176;245m[1mProfile[0m ⏱  ···· Starting [1mFold 2/3[0m
Train on 1333334 samples, validate on 666666 samples
Epoch 1/50
 - 2s - loss: 0.7064 - val_loss: 0.6749
Epoch 2/50
 - 2s - loss: 0.6711 - val_loss: 0.6497
Epoch 3/50
 - 2s - loss: 0.6478 - val_loss: 0.6319
Epoch 4/50
 - 2s - loss: 0.6311 - val_loss: 0.6179
Epoch 5/50
 - 2s - loss: 0.6177 - val_loss: 0.6068
Epoch 6/50
 - 2s - loss: 0.6068 - val_loss: 0.5973
Epoch 7/50
 - 2s - loss: 0.5970 - val_loss: 0.5888
Epoch 8/50
 - 2s - loss: 0.5891 - val_loss: 0.5842
Epoch 9/50
 - 2s - loss: 0.5819 - val_loss: 0.5763
Epoch 10/50
 - 2s - loss: 0.5753 - val_loss: 0.5698
Epoch 11/50
 - 2s - loss: 0.5694 - val_loss: 0.5643
Epoch 12/50
 - 2s - loss: 0.5641 - val_loss: 0.5603
Epoch 13/50
 - 2s - loss: 0.5592 - val_loss: 0.5547
Epoch 14/50
 - 2s - loss: 0.5552 - val_loss: 0.5517
Epoch 15/50
 - 2s - loss: 0.5506 - val_loss: 0.5486
Epoch 16/50
 - 2s - loss: 0.5473 - val_loss: 0.5433
Epoch 17/50
 - 2s - loss: 0.5436 - val_loss: 0.5414
Epoch 18/50
 - 2s - loss: 0.5405 - val_loss: 0.5380
Epoch 19/50
 - 2s - loss: 0.5377 - val_loss: 0.5359
Epoch 20/50
 - 2s - loss: 0.5345 - val_loss: 0.5324
Epoch 21/50
 - 2s - loss: 0.5317 - val_loss: 0.5289
Epoch 22/50
 - 2s - loss: 0.5291 - val_loss: 0.5282
Epoch 23/50
 - 2s - loss: 0.5267 - val_loss: 0.5248
Epoch 24/50
 - 2s - loss: 0.5249 - val_loss: 0.5221
Epoch 25/50
 - 2s - loss: 0.5223 - val_loss: 0.5211
Epoch 26/50
 - 2s - loss: 0.5205 - val_loss: 0.5201
Epoch 27/50
 - 2s - loss: 0.5187 - val_loss: 0.5186
Epoch 28/50
 - 2s - loss: 0.5167 - val_loss: 0.5161
Epoch 29/50
 - 2s - loss: 0.5153 - val_loss: 0.5133
Epoch 30/50
 - 2s - loss: 0.5135 - val_loss: 0.5124
Epoch 31/50
 - 2s - loss: 0.5121 - val_loss: 0.5116
Epoch 32/50
 - 2s - loss: 0.5110 - val_loss: 0.5146
Epoch 33/50
 - 2s - loss: 0.5094 - val_loss: 0.5061
Epoch 34/50
 - 2s - loss: 0.5076 - val_loss: 0.5076
Epoch 35/50
 - 2s - loss: 0.5065 - val_loss: 0.5067
Epoch 36/50
 - 2s - loss: 0.5054 - val_loss: 0.5061
Epoch 37/50
 - 2s - loss: 0.5043 - val_loss: 0.5050
Epoch 38/50
 - 2s - loss: 0.5033 - val_loss: 0.5024
Epoch 39/50
 - 2s - loss: 0.5020 - val_loss: 0.5021
Epoch 40/50
 - 2s - loss: 0.5012 - val_loss: 0.4997
Epoch 41/50
 - 2s - loss: 0.5005 - val_loss: 0.4989
Epoch 42/50
 - 2s - loss: 0.4991 - val_loss: 0.4981
Epoch 43/50
 - 2s - loss: 0.4980 - val_loss: 0.4965
Epoch 44/50
 - 2s - loss: 0.4976 - val_loss: 0.4973
Epoch 45/50
 - 2s - loss: 0.4969 - val_loss: 0.4933
Epoch 46/50
 - 2s - loss: 0.4957 - val_loss: 0.4943
Epoch 47/50
 - 2s - loss: 0.4949 - val_loss: 0.4943
Epoch 48/50
 - 2s - loss: 0.4943 - val_loss: 0.4946
Epoch 49/50
 - 2s - loss: 0.4938 - val_loss: 0.4927
Epoch 50/50
 - 2s - loss: 0.4931 - val_loss: 0.4926
[38;2;74;176;245m[1mProfile[0m ⏱  ···· Time elapsed in [1mFold 2/3[0m: ............................... [1m112.2s[0m
[38;2;74;176;245m[1mProfile[0m ⏱  ···· Starting [1mFold 3/3[0m
Train on 1333334 samples, validate on 666666 samples
Epoch 1/50
 - 3s - loss: 0.6645 - val_loss: 0.6404
Epoch 2/50
 - 2s - loss: 0.6277 - val_loss: 0.6157
Epoch 3/50
 - 2s - loss: 0.6059 - val_loss: 0.5995
Epoch 4/50
 - 2s - loss: 0.5910 - val_loss: 0.5874
Epoch 5/50
 - 2s - loss: 0.5801 - val_loss: 0.5756
Epoch 6/50
 - 2s - loss: 0.5711 - val_loss: 0.5687
Epoch 7/50
 - 2s - loss: 0.5636 - val_loss: 0.5622
Epoch 8/50
 - 2s - loss: 0.5570 - val_loss: 0.5563
Epoch 9/50
 - 2s - loss: 0.5517 - val_loss: 0.5509
Epoch 10/50
 - 2s - loss: 0.5466 - val_loss: 0.5460
Epoch 11/50
 - 2s - loss: 0.5415 - val_loss: 0.5420
Epoch 12/50
 - 2s - loss: 0.5377 - val_loss: 0.5375
Epoch 13/50
 - 2s - loss: 0.5342 - val_loss: 0.5342
Epoch 14/50
 - 2s - loss: 0.5305 - val_loss: 0.5321
Epoch 15/50
 - 2s - loss: 0.5275 - val_loss: 0.5285
Epoch 16/50
 - 2s - loss: 0.5246 - val_loss: 0.5256
Epoch 17/50
 - 2s - loss: 0.5218 - val_loss: 0.5243
Epoch 18/50
 - 2s - loss: 0.5195 - val_loss: 0.5226
Epoch 19/50
 - 2s - loss: 0.5172 - val_loss: 0.5178
Epoch 20/50
 - 2s - loss: 0.5148 - val_loss: 0.5164
Epoch 21/50
 - 2s - loss: 0.5128 - val_loss: 0.5148
Epoch 22/50
 - 2s - loss: 0.5108 - val_loss: 0.5109
Epoch 23/50
 - 2s - loss: 0.5092 - val_loss: 0.5117
Epoch 24/50
 - 2s - loss: 0.5073 - val_loss: 0.5087
Epoch 25/50
 - 2s - loss: 0.5060 - val_loss: 0.5078
Epoch 26/50
 - 2s - loss: 0.5048 - val_loss: 0.5068
Epoch 27/50
 - 2s - loss: 0.5035 - val_loss: 0.5038
Epoch 28/50
 - 2s - loss: 0.5021 - val_loss: 0.5032
Epoch 29/50
 - 2s - loss: 0.5006 - val_loss: 0.5008
Epoch 30/50
 - 2s - loss: 0.4994 - val_loss: 0.5010
Epoch 31/50
 - 2s - loss: 0.4983 - val_loss: 0.4993
Epoch 32/50
 - 2s - loss: 0.4971 - val_loss: 0.4984
Epoch 33/50
 - 2s - loss: 0.4962 - val_loss: 0.4964
Epoch 34/50
 - 2s - loss: 0.4955 - val_loss: 0.4975
Epoch 35/50
 - 2s - loss: 0.4946 - val_loss: 0.4965
Epoch 36/50
 - 2s - loss: 0.4935 - val_loss: 0.4959
Epoch 37/50
 - 2s - loss: 0.4930 - val_loss: 0.4941
Epoch 38/50
 - 2s - loss: 0.4923 - val_loss: 0.4935
Epoch 39/50
 - 2s - loss: 0.4912 - val_loss: 0.4915
Epoch 40/50
 - 2s - loss: 0.4906 - val_loss: 0.4907
Epoch 41/50
 - 3s - loss: 0.4898 - val_loss: 0.4916
Epoch 42/50
 - 2s - loss: 0.4892 - val_loss: 0.4899
Epoch 43/50
 - 2s - loss: 0.4889 - val_loss: 0.4891
Epoch 44/50
 - 2s - loss: 0.4885 - val_loss: 0.4888
Epoch 45/50
 - 2s - loss: 0.4876 - val_loss: 0.4884
Epoch 46/50
 - 2s - loss: 0.4871 - val_loss: 0.4882
Epoch 47/50
 - 2s - loss: 0.4864 - val_loss: 0.4882
Epoch 48/50
 - 2s - loss: 0.4858 - val_loss: 0.4863
Epoch 49/50
 - 2s - loss: 0.4859 - val_loss: 0.4864
Epoch 50/50
 - 2s - loss: 0.4856 - val_loss: 0.4859
Got result 0.52046659229
Completed successfully in 422.52 seconds. [{u'main': 0.5204665922901581}]
[38;2;74;176;245m[1mProfile[0m ⏱  ···· Time elapsed in [1mFold 3/3[0m: ............................... [1m107.3s[0m
[38;2;74;176;245m[1mProfile[0m ⏱  ·· Time elapsed in [1mClassifier-only fit, cross-validation[0m: .... [1m354.9s[0m
[38;2;74;176;245m[1mProfile[0m ⏱  Time elapsed in [1m@main[0m: ....................................... [1m402.3s[0m
cd: Going back to /exports/eddie3_homes_local/s1562020/work/adversarial/optimisation/experiments/classifier
