Job launching after 5.23 seconds in submission.
Running python job.
Changed into dir /exports/eddie3_homes_local/s1562020/work/adversarial/optimisation/experiments/classifier
Importing optimise.py
Running optimise.main()
INFO: Applying patch '/exports/eddie3_homes_local/s1562020/work/adversarial/optimisation/experiments/classifier/patches/patch.00000025.json'
INFO: Found 20 Intel(R) Xeon(R) CPU E5-2630 v4 @ 2.20GHz devices with 10 cores each.
Using TensorFlow backend.
INFO: Scaling classifier/lr -2 -> 0.01
INFO: Scaling classifier/decay -3 -> 0.001
INFO: Scaling classifier/units 6 -> 64
INFO: Writing TensorBoard logs to 'logs/tensorboard/classifier-patch.00000025/'
INFO: Running '/exports/eddie3_homes_local/s1562020/work/adversarial/run/adversarial/common.pyc'
INFO: Command-line arguments:
INFO: Configuration file contents:
INFO: Python version: 2.7.14
INFO: Numpy  version: 1.12.1
INFO: Keras  version: 2.1.5
INFO: Using keras backend: 'tensorflow'
INFO: Found  1000000 training and  1000249 test samples for signal
INFO: Found  1000000 training and 10000000 test samples for background
INFO: load_data: Selecting only training data.
INFO: Implementing gradient reversal layer in TensorFlow
INFO: Training cross-validation classifiers
Call to main function (#25)
  Parameters: {u'classifier/model/default/units': array([6]), u'classifier/compile/decay': array([-3]), u'classifier/model/default/dropout': array([ 0.]), u'classifier/compile/lr': array([-2]), u'classifier/model/architecture': array([3]), u'classifier/model/default/activation': [u'relu']}
param: classifier/model/default/units
param: classifier/compile/decay
param: classifier/model/default/dropout
param: classifier/compile/lr
param: classifier/model/architecture
param: classifier/model/default/activation
- - - - - - - - - - - - - - - - - - - - - - - - - - - - - - - - - - - - - - - - 
Saving the following patch to '/exports/eddie3_homes_local/s1562020/work/adversarial/optimisation/experiments/classifier/patches/patch.00000025.json':
{u'classifier': {u'compile': {u'lr': -2, u'decay': -3}, u'model': {u'default': {u'units': 6, u'dropout': 0.0, u'activation': u'relu'}, u'architecture': 3}, 'fit': {'epochs': 50, 'batch_size': 8192}}}
- - - - - - - - - - - - - - - - - - - - - - - - - - - - - - - - - - - - - - - - 
cd: Going to /exports/eddie3_homes_local/s1562020/work/adversarial/
[38;2;74;176;245m[1mProfile[0m ⏱  Starting [1m@main[0m
[38;2;74;176;245m[1mProfile[0m ⏱  ·· Starting [1mInitialisation[0m
[38;2;74;176;245m[1mProfile[0m ⏱  ···· Starting [1m@initialise[0m
[38;2;74;176;245m[1mProfile[0m ⏱  ···· Time elapsed in [1m@initialise[0m: .............................. [1m0.0s[0m
[38;2;74;176;245m[1mProfile[0m ⏱  ···· Starting [1m@initialise_backend[0m
[38;2;74;176;245m[1mProfile[0m ⏱  ······ Starting [1m@configure_tensorflow[0m
[38;2;74;176;245m[1mProfile[0m ⏱  ······ Time elapsed in [1m@configure_tensorflow[0m: ................. [1m16.5s[0m
[38;2;74;176;245m[1mProfile[0m ⏱  ···· Time elapsed in [1m@initialise_backend[0m: ..................... [1m17.7s[0m
{'config': './configs/default.json',
 'devices': 7,
 'folds': 3,
 'gpu': True,
 'input': './input/',
 'jobname': 'classifier-patch.00000025',
 'mode': 'gpu',
 'optimise_adversarial': False,
 'optimise_classifier': True,
 'output': './output/',
 'patches': ['/exports/eddie3_homes_local/s1562020/work/adversarial/optimisation/experiments/classifier/patches/patch.00000025.json'],
 'tensorboard': True,
 'theano': False,
 'train': False,
 'train_adversarial': False,
 'train_classifier': True,
 'verbose': False}
{u'adversary': {u'compile': {},
                u'fit': {},
                u'model': {u'architecture': [{}, {}, {}, {}],
                           u'default': {u'activation': u'relu',
                                        u'units': 64},
                           u'gmm_components': 5}},
 u'classifier': {u'compile': {u'loss': u'binary_crossentropy',
                              u'optimizer': <keras.optimizers.Adam object at 0x2b8355e89310>},
                 u'fit': {u'batch_size': 57344,
                          u'epochs': 50,
                          u'shuffle': True,
                          'verbose': 2},
                 u'model': {u'architecture': [{}, {}, {}],
                            u'default': {u'activation': u'relu',
                                         u'batchnorm': True,
                                         u'dropout': 0.0,
                                         u'units': 64}}},
 u'combined': {u'compile': {u'loss': [u'binary_crossentropy', None],
                            u'loss_weights': [1.8181818181818182e-09, 1.0],
                            u'optimizer': <keras.optimizers.Adam object at 0x2b8355e89350>},
               u'fit': {u'batch_size': 57344,
                        u'epochs': 100,
                        u'shuffle': True,
                        'verbose': 2},
               u'model': {u'lambda_reg': 10.0,
                          u'lr_ratio': 1.8181818181818182e-09},
               u'pretrain': 10}}
  TensorFlow version: 1.4.1
[38;2;74;176;245m[1mProfile[0m ⏱  ·· Time elapsed in [1mInitialisation[0m: ............................ [1m17.9s[0m
[38;2;74;176;245m[1mProfile[0m ⏱  ·· Starting [1m@load_data[0m
[38;2;74;176;245m[1mProfile[0m ⏱  ·· Time elapsed in [1m@load_data[0m: ................................ [1m42.3s[0m
[38;2;74;176;245m[1mProfile[0m ⏱  ·· Starting [1m@get_decorrelation_variables[0m
[38;2;74;176;245m[1mProfile[0m ⏱  ·· Time elapsed in [1m@get_decorrelation_variables[0m: ............... [1m0.0s[0m
[38;2;74;176;245m[1mProfile[0m ⏱  ·· Starting [1mClassifier-only fit, cross-validation[0m
[38;2;74;176;245m[1mProfile[0m ⏱  ···· Starting [1mFold 1/3[0m
Train on 1333332 samples, validate on 666668 samples
Epoch 1/50
 - 2s - loss: 0.4528 - val_loss: 0.4092
Epoch 2/50
 - 1s - loss: 0.3759 - val_loss: 0.3758
Epoch 3/50
 - 1s - loss: 0.3669 - val_loss: 0.3742
Epoch 4/50
 - 1s - loss: 0.3641 - val_loss: 0.3698
Epoch 5/50
 - 1s - loss: 0.3626 - val_loss: 0.3682
Epoch 6/50
 - 1s - loss: 0.3607 - val_loss: 0.3789
Epoch 7/50
 - 1s - loss: 0.3598 - val_loss: 0.3705
Epoch 8/50
 - 1s - loss: 0.3585 - val_loss: 0.3703
Epoch 9/50
 - 1s - loss: 0.3575 - val_loss: 0.3707
Epoch 10/50
 - 1s - loss: 0.3567 - val_loss: 0.3639
Epoch 11/50
 - 2s - loss: 0.3563 - val_loss: 0.3608
Epoch 12/50
 - 1s - loss: 0.3557 - val_loss: 0.3625
Epoch 13/50
 - 2s - loss: 0.3549 - val_loss: 0.3657
Epoch 14/50
 - 1s - loss: 0.3538 - val_loss: 0.3679
Epoch 15/50
 - 1s - loss: 0.3538 - val_loss: 0.3659
Epoch 16/50
 - 1s - loss: 0.3527 - val_loss: 0.3710
Epoch 17/50
 - 2s - loss: 0.3524 - val_loss: 0.3762
Epoch 18/50
 - 3s - loss: 0.3520 - val_loss: 0.3657
Epoch 19/50
 - 2s - loss: 0.3513 - val_loss: 0.3607
Epoch 20/50
 - 2s - loss: 0.3512 - val_loss: 0.3647
Epoch 21/50
 - 2s - loss: 0.3509 - val_loss: 0.3682
Epoch 22/50
 - 2s - loss: 0.3503 - val_loss: 0.3619
Epoch 23/50
 - 2s - loss: 0.3501 - val_loss: 0.3602
Epoch 24/50
 - 2s - loss: 0.3503 - val_loss: 0.3596
Epoch 25/50
 - 2s - loss: 0.3495 - val_loss: 0.3583
Epoch 26/50
 - 2s - loss: 0.3489 - val_loss: 0.3631
Epoch 27/50
 - 2s - loss: 0.3487 - val_loss: 0.3584
Epoch 28/50
 - 2s - loss: 0.3488 - val_loss: 0.3570
Epoch 29/50
 - 2s - loss: 0.3483 - val_loss: 0.3559
Epoch 30/50
 - 2s - loss: 0.3484 - val_loss: 0.3555
Epoch 31/50
 - 3s - loss: 0.3483 - val_loss: 0.3600
Epoch 32/50
 - 3s - loss: 0.3485 - val_loss: 0.3582
Epoch 33/50
 - 2s - loss: 0.3480 - val_loss: 0.3650
Epoch 34/50
 - 2s - loss: 0.3477 - val_loss: 0.3606
Epoch 35/50
 - 2s - loss: 0.3476 - val_loss: 0.3629
Epoch 36/50
 - 2s - loss: 0.3475 - val_loss: 0.3701
Epoch 37/50
 - 2s - loss: 0.3472 - val_loss: 0.3652
Epoch 38/50
 - 2s - loss: 0.3477 - val_loss: 0.3609
Epoch 39/50
 - 2s - loss: 0.3475 - val_loss: 0.3594
Epoch 40/50
 - 2s - loss: 0.3467 - val_loss: 0.3541
Epoch 41/50
 - 2s - loss: 0.3468 - val_loss: 0.3572
Epoch 42/50
 - 2s - loss: 0.3465 - val_loss: 0.3558
Epoch 43/50
 - 2s - loss: 0.3465 - val_loss: 0.3606
Epoch 44/50
 - 2s - loss: 0.3463 - val_loss: 0.3637
Epoch 45/50
 - 2s - loss: 0.3461 - val_loss: 0.3598
Epoch 46/50
 - 2s - loss: 0.3465 - val_loss: 0.3577
Epoch 47/50
 - 2s - loss: 0.3465 - val_loss: 0.3556
Epoch 48/50
 - 2s - loss: 0.3460 - val_loss: 0.3623
Epoch 49/50
 - 2s - loss: 0.3455 - val_loss: 0.3610
Epoch 50/50
 - 2s - loss: 0.3459 - val_loss: 0.3559
[38;2;74;176;245m[1mProfile[0m ⏱  ···· Time elapsed in [1mFold 1/3[0m: ............................... [1m123.0s[0m
[38;2;74;176;245m[1mProfile[0m ⏱  ···· Starting [1mFold 2/3[0m
Train on 1333334 samples, validate on 666666 samples
Epoch 1/50
 - 3s - loss: 0.4523 - val_loss: 0.4115
Epoch 2/50
 - 2s - loss: 0.3756 - val_loss: 0.3814
Epoch 3/50
 - 2s - loss: 0.3679 - val_loss: 0.3711
Epoch 4/50
 - 2s - loss: 0.3651 - val_loss: 0.3638
Epoch 5/50
 - 2s - loss: 0.3635 - val_loss: 0.3737
Epoch 6/50
 - 2s - loss: 0.3621 - val_loss: 0.3670
Epoch 7/50
 - 3s - loss: 0.3612 - val_loss: 0.3672
Epoch 8/50
 - 3s - loss: 0.3599 - val_loss: 0.3659
Epoch 9/50
 - 3s - loss: 0.3591 - val_loss: 0.3694
Epoch 10/50
 - 2s - loss: 0.3585 - val_loss: 0.3697
Epoch 11/50
 - 2s - loss: 0.3576 - val_loss: 0.3649
Epoch 12/50
 - 2s - loss: 0.3572 - val_loss: 0.3615
Epoch 13/50
 - 2s - loss: 0.3564 - val_loss: 0.3657
Epoch 14/50
 - 2s - loss: 0.3563 - val_loss: 0.3667
Epoch 15/50
 - 3s - loss: 0.3552 - val_loss: 0.3627
Epoch 16/50
 - 2s - loss: 0.3549 - val_loss: 0.3612
Epoch 17/50
 - 2s - loss: 0.3542 - val_loss: 0.3636
Epoch 18/50
 - 2s - loss: 0.3538 - val_loss: 0.3644
Epoch 19/50
 - 3s - loss: 0.3535 - val_loss: 0.3639
Epoch 20/50
 - 2s - loss: 0.3532 - val_loss: 0.3605
Epoch 21/50
 - 3s - loss: 0.3528 - val_loss: 0.3622
Epoch 22/50
 - 2s - loss: 0.3528 - val_loss: 0.3612
Epoch 23/50
 - 2s - loss: 0.3529 - val_loss: 0.3608
Epoch 24/50
 - 3s - loss: 0.3520 - val_loss: 0.3589
Epoch 25/50
 - 3s - loss: 0.3516 - val_loss: 0.3639
Epoch 26/50
 - 2s - loss: 0.3514 - val_loss: 0.3609
Epoch 27/50
 - 2s - loss: 0.3509 - val_loss: 0.3564
Epoch 28/50
 - 2s - loss: 0.3509 - val_loss: 0.3607
Epoch 29/50
 - 3s - loss: 0.3511 - val_loss: 0.3606
Epoch 30/50
 - 3s - loss: 0.3506 - val_loss: 0.3542
Epoch 31/50
 - 2s - loss: 0.3504 - val_loss: 0.3565
Epoch 32/50
 - 2s - loss: 0.3500 - val_loss: 0.3612
Epoch 33/50
 - 2s - loss: 0.3503 - val_loss: 0.3579
Epoch 34/50
 - 2s - loss: 0.3497 - val_loss: 0.3577
Epoch 35/50
 - 2s - loss: 0.3495 - val_loss: 0.3590
Epoch 36/50
 - 2s - loss: 0.3497 - val_loss: 0.3569
Epoch 37/50
 - 2s - loss: 0.3494 - val_loss: 0.3541
Epoch 38/50
 - 2s - loss: 0.3491 - val_loss: 0.3555
Epoch 39/50
 - 3s - loss: 0.3489 - val_loss: 0.3614
Epoch 40/50
 - 3s - loss: 0.3491 - val_loss: 0.3527
Epoch 41/50
 - 3s - loss: 0.3491 - val_loss: 0.3551
Epoch 42/50
 - 2s - loss: 0.3489 - val_loss: 0.3545
Epoch 43/50
 - 2s - loss: 0.3489 - val_loss: 0.3608
Epoch 44/50
 - 2s - loss: 0.3488 - val_loss: 0.3541
Epoch 45/50
 - 2s - loss: 0.3483 - val_loss: 0.3557
Epoch 46/50
 - 2s - loss: 0.3482 - val_loss: 0.3565
Epoch 47/50
 - 2s - loss: 0.3481 - val_loss: 0.3563
Epoch 48/50
 - 3s - loss: 0.3481 - val_loss: 0.3530
Epoch 49/50
 - 3s - loss: 0.3483 - val_loss: 0.3565
Epoch 50/50
 - 2s - loss: 0.3478 - val_loss: 0.3535
[38;2;74;176;245m[1mProfile[0m ⏱  ···· Time elapsed in [1mFold 2/3[0m: ............................... [1m135.6s[0m
[38;2;74;176;245m[1mProfile[0m ⏱  ···· Starting [1mFold 3/3[0m
Train on 1333334 samples, validate on 666666 samples
Epoch 1/50
 - 4s - loss: 0.4288 - val_loss: 0.4038
Epoch 2/50
 - 2s - loss: 0.3694 - val_loss: 0.3794
Epoch 3/50
 - 2s - loss: 0.3649 - val_loss: 0.3735
Epoch 4/50
 - 3s - loss: 0.3628 - val_loss: 0.3693
Epoch 5/50
 - 3s - loss: 0.3614 - val_loss: 0.3713
Epoch 6/50
 - 3s - loss: 0.3598 - val_loss: 0.3707
Epoch 7/50
 - 3s - loss: 0.3589 - val_loss: 0.3674
Epoch 8/50
 - 3s - loss: 0.3573 - val_loss: 0.3761
Epoch 9/50
 - 2s - loss: 0.3565 - val_loss: 1.3459
Epoch 10/50
 - 3s - loss: 0.3561 - val_loss: 0.3713
Epoch 11/50
 - 3s - loss: 0.3557 - val_loss: 0.3714
Epoch 12/50
 - 2s - loss: 0.3548 - val_loss: 0.3662
Epoch 13/50
 - 3s - loss: 0.3544 - val_loss: 0.3692
Epoch 14/50
 - 3s - loss: 0.3540 - val_loss: 0.3663
Epoch 15/50
 - 2s - loss: 0.3536 - val_loss: 0.3662
Epoch 16/50
 - 2s - loss: 0.3533 - val_loss: 0.3641
Epoch 17/50
 - 2s - loss: 0.3527 - val_loss: 0.3652
Epoch 18/50
 - 2s - loss: 0.3523 - val_loss: 0.3642
Epoch 19/50
 - 3s - loss: 0.3523 - val_loss: 0.3734
Epoch 20/50
 - 2s - loss: 0.3519 - val_loss: 0.3741
Epoch 21/50
 - 2s - loss: 0.3515 - val_loss: 0.3686
Epoch 22/50
 - 2s - loss: 0.3512 - val_loss: 0.3665
Epoch 23/50
 - 3s - loss: 0.3509 - val_loss: 0.3769
Epoch 24/50
 - 3s - loss: 0.3506 - val_loss: 0.3791
Epoch 25/50
 - 2s - loss: 0.3502 - val_loss: 0.3746
Epoch 26/50
 - 2s - loss: 0.3497 - val_loss: 0.3760
Epoch 27/50
 - 2s - loss: 0.3494 - val_loss: 0.3712
Epoch 28/50
 - 2s - loss: 0.3490 - val_loss: 0.3771
Epoch 29/50
 - 3s - loss: 0.3486 - val_loss: 0.3693
Epoch 30/50
 - 2s - loss: 0.3485 - val_loss: 0.3691
Epoch 31/50
 - 2s - loss: 0.3484 - val_loss: 0.3675
Epoch 32/50
 - 2s - loss: 0.3485 - val_loss: 0.3702
Epoch 33/50
 - 2s - loss: 0.3483 - val_loss: 0.3636
Epoch 34/50
 - 2s - loss: 0.3479 - val_loss: 1.3594
Epoch 35/50
 - 3s - loss: 0.3479 - val_loss: 0.3654
Epoch 36/50
 - 3s - loss: 0.3476 - val_loss: 0.3647
Epoch 37/50
 - 2s - loss: 0.3474 - val_loss: 0.3562
Epoch 38/50
 - 3s - loss: 0.3474 - val_loss: 0.3558
Epoch 39/50
 - 3s - loss: 0.3473 - val_loss: 0.3583
Epoch 40/50
 - 3s - loss: 0.3471 - val_loss: 0.3584
Epoch 41/50
 - 2s - loss: 0.3470 - val_loss: 0.3593
Epoch 42/50
 - 2s - loss: 0.3470 - val_loss: 0.3580
Epoch 43/50
 - 2s - loss: 0.3467 - val_loss: 0.3561
Epoch 44/50
 - 3s - loss: 0.3464 - val_loss: 0.3563
Epoch 45/50
 - 3s - loss: 0.3465 - val_loss: 0.3616
Epoch 46/50
 - 2s - loss: 0.3462 - val_loss: 0.3558
Epoch 47/50
 - 2s - loss: 0.3460 - val_loss: 0.3599
Epoch 48/50
 - 2s - loss: 0.3462 - val_loss: 0.3520
Epoch 49/50
 - 3s - loss: 0.3462 - val_loss: 0.3584
Epoch 50/50
 - 2s - loss: 0.3459 - val_loss: 0.3584
Got result 0.357955135163
Completed successfully in 487.01 seconds. [{u'main': 0.35795513516275534}]
[38;2;74;176;245m[1mProfile[0m ⏱  ···· Time elapsed in [1mFold 3/3[0m: ............................... [1m143.8s[0m
[38;2;74;176;245m[1mProfile[0m ⏱  ·· Time elapsed in [1mClassifier-only fit, cross-validation[0m: .... [1m403.1s[0m
[38;2;74;176;245m[1mProfile[0m ⏱  Time elapsed in [1m@main[0m: ....................................... [1m463.6s[0m
cd: Going back to /exports/eddie3_homes_local/s1562020/work/adversarial/optimisation/experiments/classifier
