Job launching after 5.95 seconds in submission.
Running python job.
Changed into dir /exports/eddie3_homes_local/s1562020/work/adversarial/optimisation/experiments/classifier
Importing optimise.py
Running optimise.main()
INFO: Applying patch '/exports/eddie3_homes_local/s1562020/work/adversarial/optimisation/experiments/classifier/patches/patch.00000038.json'
INFO: Found 20 Intel(R) Xeon(R) CPU E5-2630 v4 @ 2.20GHz devices with 10 cores each.
Using TensorFlow backend.
INFO: Scaling classifier/lr -1 -> 0.1
INFO: Scaling classifier/decay -2 -> 0.01
INFO: Scaling classifier/units 9 -> 512
INFO: Writing TensorBoard logs to 'logs/tensorboard/classifier-patch.00000038/'
INFO: Running '/exports/eddie3_homes_local/s1562020/work/adversarial/run/adversarial/common.pyc'
INFO: Command-line arguments:
INFO: Configuration file contents:
INFO: Python version: 2.7.14
INFO: Numpy  version: 1.12.1
INFO: Keras  version: 2.1.5
INFO: Using keras backend: 'tensorflow'
INFO: Found  1000000 training and  1000249 test samples for signal
INFO: Found  1000000 training and 10000000 test samples for background
INFO: load_data: Selecting only training data.
INFO: Implementing gradient reversal layer in TensorFlow
INFO: Training cross-validation classifiers
Call to main function (#38)
  Parameters: {u'classifier/model/default/units': array([9]), u'classifier/compile/decay': array([-2]), u'classifier/model/default/dropout': array([ 0.5]), u'classifier/compile/lr': array([-1]), u'classifier/model/architecture': array([3]), u'classifier/model/default/activation': [u'relu']}
param: classifier/model/default/units
param: classifier/compile/decay
param: classifier/model/default/dropout
param: classifier/compile/lr
param: classifier/model/architecture
param: classifier/model/default/activation
- - - - - - - - - - - - - - - - - - - - - - - - - - - - - - - - - - - - - - - - 
Saving the following patch to '/exports/eddie3_homes_local/s1562020/work/adversarial/optimisation/experiments/classifier/patches/patch.00000038.json':
{u'classifier': {u'compile': {u'lr': -1, u'decay': -2}, u'model': {u'default': {u'units': 9, u'dropout': 0.5, u'activation': u'relu'}, u'architecture': 3}, 'fit': {'epochs': 50, 'batch_size': 8192}}}
- - - - - - - - - - - - - - - - - - - - - - - - - - - - - - - - - - - - - - - - 
cd: Going to /exports/eddie3_homes_local/s1562020/work/adversarial/
[38;2;74;176;245m[1mProfile[0m ⏱  Starting [1m@main[0m
[38;2;74;176;245m[1mProfile[0m ⏱  ·· Starting [1mInitialisation[0m
[38;2;74;176;245m[1mProfile[0m ⏱  ···· Starting [1m@initialise[0m
[38;2;74;176;245m[1mProfile[0m ⏱  ···· Time elapsed in [1m@initialise[0m: .............................. [1m0.0s[0m
[38;2;74;176;245m[1mProfile[0m ⏱  ···· Starting [1m@initialise_backend[0m
[38;2;74;176;245m[1mProfile[0m ⏱  ······ Starting [1m@configure_tensorflow[0m
[38;2;74;176;245m[1mProfile[0m ⏱  ······ Time elapsed in [1m@configure_tensorflow[0m: ................. [1m17.6s[0m
[38;2;74;176;245m[1mProfile[0m ⏱  ···· Time elapsed in [1m@initialise_backend[0m: ..................... [1m18.8s[0m
{'config': './configs/default.json',
 'devices': 7,
 'folds': 3,
 'gpu': True,
 'input': './input/',
 'jobname': 'classifier-patch.00000038',
 'mode': 'gpu',
 'optimise_adversarial': False,
 'optimise_classifier': True,
 'output': './output/',
 'patches': ['/exports/eddie3_homes_local/s1562020/work/adversarial/optimisation/experiments/classifier/patches/patch.00000038.json'],
 'tensorboard': True,
 'theano': False,
 'train': False,
 'train_adversarial': False,
 'train_classifier': True,
 'verbose': False}
{u'adversary': {u'compile': {},
                u'fit': {},
                u'model': {u'architecture': [{}, {}, {}, {}],
                           u'default': {u'activation': u'relu',
                                        u'units': 64},
                           u'gmm_components': 5}},
 u'classifier': {u'compile': {u'loss': u'binary_crossentropy',
                              u'optimizer': <keras.optimizers.Adam object at 0x2b9ea184a310>},
                 u'fit': {u'batch_size': 57344,
                          u'epochs': 50,
                          u'shuffle': True,
                          'verbose': 2},
                 u'model': {u'architecture': [{}, {}, {}],
                            u'default': {u'activation': u'relu',
                                         u'batchnorm': True,
                                         u'dropout': 0.5,
                                         u'units': 512}}},
 u'combined': {u'compile': {u'loss': [u'binary_crossentropy', None],
                            u'loss_weights': [1.8181818181818182e-09, 1.0],
                            u'optimizer': <keras.optimizers.Adam object at 0x2b9ea184a350>},
               u'fit': {u'batch_size': 57344,
                        u'epochs': 100,
                        u'shuffle': True,
                        'verbose': 2},
               u'model': {u'lambda_reg': 10.0,
                          u'lr_ratio': 1.8181818181818182e-09},
               u'pretrain': 10}}
  TensorFlow version: 1.4.1
[38;2;74;176;245m[1mProfile[0m ⏱  ·· Time elapsed in [1mInitialisation[0m: ............................ [1m18.9s[0m
[38;2;74;176;245m[1mProfile[0m ⏱  ·· Starting [1m@load_data[0m
[38;2;74;176;245m[1mProfile[0m ⏱  ·· Time elapsed in [1m@load_data[0m: ................................ [1m34.5s[0m
[38;2;74;176;245m[1mProfile[0m ⏱  ·· Starting [1m@get_decorrelation_variables[0m
[38;2;74;176;245m[1mProfile[0m ⏱  ·· Time elapsed in [1m@get_decorrelation_variables[0m: ............... [1m0.0s[0m
[38;2;74;176;245m[1mProfile[0m ⏱  ·· Starting [1mClassifier-only fit, cross-validation[0m
[38;2;74;176;245m[1mProfile[0m ⏱  ···· Starting [1mFold 1/3[0m
Train on 1333332 samples, validate on 666668 samples
Epoch 1/50
 - 6s - loss: 2.5224 - val_loss: 0.7578
Epoch 2/50
 - 5s - loss: 0.7048 - val_loss: 0.6988
Epoch 3/50
 - 5s - loss: 0.6917 - val_loss: 0.6743
Epoch 4/50
 - 4s - loss: 0.6841 - val_loss: 0.6892
Epoch 5/50
 - 5s - loss: 0.6900 - val_loss: 0.6881
Epoch 6/50
 - 5s - loss: 0.7037 - val_loss: 0.6904
Epoch 7/50
 - 4s - loss: 0.6835 - val_loss: 0.6657
Epoch 8/50
 - 4s - loss: 0.6638 - val_loss: 0.6062
Epoch 9/50
 - 5s - loss: 0.6335 - val_loss: 0.5458
Epoch 10/50
 - 4s - loss: 0.6228 - val_loss: 0.5542
Epoch 11/50
 - 5s - loss: 0.6077 - val_loss: 0.4989
Epoch 12/50
 - 5s - loss: 0.5890 - val_loss: 0.5049
Epoch 13/50
 - 4s - loss: 0.5585 - val_loss: 0.5032
Epoch 14/50
 - 5s - loss: 0.5332 - val_loss: 0.5011
Epoch 15/50
 - 4s - loss: 0.5226 - val_loss: 0.5050
Epoch 16/50
 - 5s - loss: 0.5062 - val_loss: 0.5084
Epoch 17/50
 - 5s - loss: 0.4964 - val_loss: 0.4836
Epoch 18/50
 - 5s - loss: 0.4899 - val_loss: 0.4851
Epoch 19/50
 - 4s - loss: 0.4776 - val_loss: 0.4666
Epoch 20/50
 - 5s - loss: 0.4707 - val_loss: 0.4348
Epoch 21/50
 - 4s - loss: 0.4601 - val_loss: 0.4368
Epoch 22/50
 - 4s - loss: 0.4619 - val_loss: 0.4198
Epoch 23/50
 - 4s - loss: 0.4589 - val_loss: 0.4293
Epoch 24/50
 - 4s - loss: 0.4557 - val_loss: 0.4020
Epoch 25/50
 - 4s - loss: 0.4475 - val_loss: 0.4051
Epoch 26/50
 - 4s - loss: 0.4450 - val_loss: 0.3993
Epoch 27/50
 - 4s - loss: 0.4441 - val_loss: 0.4016
Epoch 28/50
 - 4s - loss: 0.4430 - val_loss: 0.3974
Epoch 29/50
 - 5s - loss: 0.4418 - val_loss: 0.3917
Epoch 30/50
 - 6s - loss: 0.4410 - val_loss: 0.3869
Epoch 31/50
 - 6s - loss: 0.4372 - val_loss: 0.3936
Epoch 32/50
 - 6s - loss: 0.4339 - val_loss: 0.3999
Epoch 33/50
 - 7s - loss: 0.4331 - val_loss: 0.3953
Epoch 34/50
 - 7s - loss: 0.4317 - val_loss: 0.3833
Epoch 35/50
 - 6s - loss: 0.4322 - val_loss: 0.3898
Epoch 36/50
 - 7s - loss: 0.4305 - val_loss: 0.3854
Epoch 37/50
 - 7s - loss: 0.4314 - val_loss: 0.3888
Epoch 38/50
 - 7s - loss: 0.4294 - val_loss: 0.3957
Epoch 39/50
 - 7s - loss: 0.4302 - val_loss: 0.3903
Epoch 40/50
 - 7s - loss: 0.4289 - val_loss: 0.3901
Epoch 41/50
 - 7s - loss: 0.4288 - val_loss: 0.4618
Epoch 42/50
 - 7s - loss: 0.4288 - val_loss: 0.3881
Epoch 43/50
 - 8s - loss: 0.4300 - val_loss: 0.3798
Epoch 44/50
 - 6s - loss: 0.4285 - val_loss: 0.3822
Epoch 45/50
 - 7s - loss: 0.4276 - val_loss: 0.3930
Epoch 46/50
 - 7s - loss: 0.4279 - val_loss: 0.3862
Epoch 47/50
 - 6s - loss: 0.4269 - val_loss: 0.3903
Epoch 48/50
 - 6s - loss: 0.4257 - val_loss: 0.3777
Epoch 49/50
 - 6s - loss: 0.4261 - val_loss: 0.3812
Epoch 50/50
 - 6s - loss: 0.4261 - val_loss: 0.3880
[38;2;74;176;245m[1mProfile[0m ⏱  ···· Time elapsed in [1mFold 1/3[0m: ............................... [1m304.7s[0m
[38;2;74;176;245m[1mProfile[0m ⏱  ···· Starting [1mFold 2/3[0m
Train on 1333334 samples, validate on 666666 samples
Epoch 1/50
 - 10s - loss: 1.4189 - val_loss: 1.7889
Epoch 2/50
 - 7s - loss: 0.7080 - val_loss: 0.6782
Epoch 3/50
 - 7s - loss: 0.6460 - val_loss: 0.6219
Epoch 4/50
 - 7s - loss: 0.6141 - val_loss: 0.5962
Epoch 5/50
 - 7s - loss: 0.5948 - val_loss: 0.5908
Epoch 6/50
 - 7s - loss: 0.5866 - val_loss: 0.5729
Epoch 7/50
 - 7s - loss: 0.5817 - val_loss: 0.5800
Epoch 8/50
 - 7s - loss: 0.5800 - val_loss: 0.5739
Epoch 9/50
 - 7s - loss: 0.5766 - val_loss: 0.5752
Epoch 10/50
 - 7s - loss: 0.5731 - val_loss: 0.5607
Epoch 11/50
 - 7s - loss: 0.5722 - val_loss: 0.5585
Epoch 12/50
 - 7s - loss: 0.5700 - val_loss: 0.5548
Epoch 13/50
 - 7s - loss: 0.5685 - val_loss: 0.5620
Epoch 14/50
 - 7s - loss: 0.5678 - val_loss: 0.5566
Epoch 15/50
 - 7s - loss: 0.5661 - val_loss: 0.5552
Epoch 16/50
 - 7s - loss: 0.5658 - val_loss: 0.5522
Epoch 17/50
 - 7s - loss: 0.5655 - val_loss: 0.5467
Epoch 18/50
 - 7s - loss: 0.5641 - val_loss: 0.5507
Epoch 19/50
 - 7s - loss: 0.5635 - val_loss: 0.5453
Epoch 20/50
 - 7s - loss: 0.5623 - val_loss: 0.5457
Epoch 21/50
 - 7s - loss: 0.5621 - val_loss: 0.5494
Epoch 22/50
 - 7s - loss: 0.5610 - val_loss: 0.5512
Epoch 23/50
 - 7s - loss: 0.5608 - val_loss: 0.5418
Epoch 24/50
 - 6s - loss: 0.5602 - val_loss: 0.5440
Epoch 25/50
 - 6s - loss: 0.5593 - val_loss: 0.5421
Epoch 26/50
 - 6s - loss: 0.5588 - val_loss: 0.5396
Epoch 27/50
 - 7s - loss: 0.5584 - val_loss: 0.5386
Epoch 28/50
 - 6s - loss: 0.5579 - val_loss: 0.5411
Epoch 29/50
 - 7s - loss: 0.5576 - val_loss: 0.5438
Epoch 30/50
 - 6s - loss: 0.5579 - val_loss: 0.5351
Epoch 31/50
 - 6s - loss: 0.5569 - val_loss: 0.5387
Epoch 32/50
 - 6s - loss: 0.5569 - val_loss: 0.5403
Epoch 33/50
 - 6s - loss: 0.5564 - val_loss: 0.5339
Epoch 34/50
 - 6s - loss: 0.5560 - val_loss: 0.5384
Epoch 35/50
 - 6s - loss: 0.5551 - val_loss: 0.5367
Epoch 36/50
 - 6s - loss: 0.5554 - val_loss: 0.5386
Epoch 37/50
 - 6s - loss: 0.5552 - val_loss: 0.5379
Epoch 38/50
 - 6s - loss: 0.5550 - val_loss: 0.5339
Epoch 39/50
 - 6s - loss: 0.5542 - val_loss: 0.5350
Epoch 40/50
 - 6s - loss: 0.5538 - val_loss: 0.5368
Epoch 41/50
 - 6s - loss: 0.5540 - val_loss: 0.5366
Epoch 42/50
 - 5s - loss: 0.5535 - val_loss: 0.5353
Epoch 43/50
 - 5s - loss: 0.5534 - val_loss: 0.5357
Epoch 44/50
 - 5s - loss: 0.5538 - val_loss: 0.5375
Epoch 45/50
 - 5s - loss: 0.5526 - val_loss: 0.5365
Epoch 46/50
 - 5s - loss: 0.5526 - val_loss: 0.5350
Epoch 47/50
 - 5s - loss: 0.5522 - val_loss: 0.5332
Epoch 48/50
 - 5s - loss: 0.5519 - val_loss: 0.5349
Epoch 49/50
 - 6s - loss: 0.5518 - val_loss: 0.5341
Epoch 50/50
 - 5s - loss: 0.5515 - val_loss: 0.5343
[38;2;74;176;245m[1mProfile[0m ⏱  ···· Time elapsed in [1mFold 2/3[0m: ............................... [1m340.5s[0m
[38;2;74;176;245m[1mProfile[0m ⏱  ···· Starting [1mFold 3/3[0m
Train on 1333334 samples, validate on 666666 samples
Epoch 1/50
 - 10s - loss: 1.3495 - val_loss: 4.9635
Epoch 2/50
 - 7s - loss: 0.6819 - val_loss: 0.8107
Epoch 3/50
 - 7s - loss: 0.6362 - val_loss: 0.6281
Epoch 4/50
 - 7s - loss: 0.6164 - val_loss: 0.6001
Epoch 5/50
 - 7s - loss: 0.5990 - val_loss: 0.5818
Epoch 6/50
 - 7s - loss: 0.5826 - val_loss: 0.5641
Epoch 7/50
 - 7s - loss: 0.5734 - val_loss: 0.5584
Epoch 8/50
 - 8s - loss: 0.5687 - val_loss: 0.5554
Epoch 9/50
 - 7s - loss: 0.5648 - val_loss: 0.5499
Epoch 10/50
 - 8s - loss: 0.5613 - val_loss: 0.5544
Epoch 11/50
 - 7s - loss: 0.5592 - val_loss: 0.5513
Epoch 12/50
 - 8s - loss: 0.5578 - val_loss: 0.5486
Epoch 13/50
 - 7s - loss: 0.5563 - val_loss: 0.5462
Epoch 14/50
 - 7s - loss: 0.5549 - val_loss: 0.5474
Epoch 15/50
 - 7s - loss: 0.5532 - val_loss: 0.5455
Epoch 16/50
 - 7s - loss: 0.5527 - val_loss: 0.5443
Epoch 17/50
 - 7s - loss: 0.5522 - val_loss: 0.5404
Epoch 18/50
 - 7s - loss: 0.5512 - val_loss: 0.5422
Epoch 19/50
 - 7s - loss: 0.5511 - val_loss: 0.5421
Epoch 20/50
 - 7s - loss: 0.5502 - val_loss: 0.5405
Epoch 21/50
 - 8s - loss: 0.5495 - val_loss: 0.5402
Epoch 22/50
 - 6s - loss: 0.5491 - val_loss: 0.5395
Epoch 23/50
 - 6s - loss: 0.5488 - val_loss: 0.5406
Epoch 24/50
 - 6s - loss: 0.5484 - val_loss: 0.5410
Epoch 25/50
 - 6s - loss: 0.5478 - val_loss: 0.5383
Epoch 26/50
 - 6s - loss: 0.5474 - val_loss: 0.5402
Epoch 27/50
 - 6s - loss: 0.5470 - val_loss: 0.5389
Epoch 28/50
 - 6s - loss: 0.5464 - val_loss: 0.5393
Epoch 29/50
 - 7s - loss: 0.5464 - val_loss: 0.5389
Epoch 30/50
 - 7s - loss: 0.5454 - val_loss: 0.5373
Epoch 31/50
 - 6s - loss: 0.5454 - val_loss: 0.5373
Epoch 32/50
 - 6s - loss: 0.5452 - val_loss: 0.5372
Epoch 33/50
 - 7s - loss: 0.5446 - val_loss: 0.5359
Epoch 34/50
 - 6s - loss: 0.5441 - val_loss: 0.5355
Epoch 35/50
 - 6s - loss: 0.5442 - val_loss: 0.5351
Epoch 36/50
 - 6s - loss: 0.5438 - val_loss: 0.5375
Epoch 37/50
 - 7s - loss: 0.5439 - val_loss: 0.5370
Epoch 38/50
 - 6s - loss: 0.5439 - val_loss: 0.5364
Epoch 39/50
 - 6s - loss: 0.5428 - val_loss: 0.5363
Epoch 40/50
 - 7s - loss: 0.5426 - val_loss: 0.5346
Epoch 41/50
 - 6s - loss: 0.5422 - val_loss: 0.5351
Epoch 42/50
 - 6s - loss: 0.5423 - val_loss: 0.5332
Epoch 43/50
 - 6s - loss: 0.5428 - val_loss: 0.5350
Epoch 44/50
 - 6s - loss: 0.5418 - val_loss: 0.5343
Epoch 45/50
 - 6s - loss: 0.5413 - val_loss: 0.5357
Epoch 46/50
 - 6s - loss: 0.5415 - val_loss: 0.5348
Epoch 47/50
 - 7s - loss: 0.5409 - val_loss: 0.5339
Epoch 48/50
 - 7s - loss: 0.5409 - val_loss: 0.5343
Epoch 49/50
 - 8s - loss: 0.5413 - val_loss: 0.5332
Epoch 50/50
 - 7s - loss: 0.5408 - val_loss: 0.5334
Got result 0.553990113386
Completed successfully in 1094.83 seconds. [{u'main': 0.5539901133859876}]
[38;2;74;176;245m[1mProfile[0m ⏱  ···· Time elapsed in [1mFold 3/3[0m: ............................... [1m371.2s[0m
[38;2;74;176;245m[1mProfile[0m ⏱  ·· Time elapsed in [1mClassifier-only fit, cross-validation[0m: ... [1m1017.1s[0m
[38;2;74;176;245m[1mProfile[0m ⏱  Time elapsed in [1m@main[0m: ...................................... [1m1070.8s[0m
cd: Going back to /exports/eddie3_homes_local/s1562020/work/adversarial/optimisation/experiments/classifier
