Job launching after 5.85 seconds in submission.
Running python job.
Changed into dir /exports/eddie3_homes_local/s1562020/work/adversarial/optimisation/experiments/classifier
Importing optimise.py
Running optimise.main()
INFO: Applying patch '/exports/eddie3_homes_local/s1562020/work/adversarial/optimisation/experiments/classifier/patches/patch.00000061.json'
INFO: Found 20 Intel(R) Xeon(R) CPU E5-2630 v4 @ 2.20GHz devices with 10 cores each.
Using TensorFlow backend.
INFO: Scaling classifier/lr -5 -> 1e-05
INFO: Scaling classifier/decay -6 -> 1e-06
INFO: Scaling classifier/units 9 -> 512
INFO: Writing TensorBoard logs to 'logs/tensorboard/classifier-patch.00000061/'
INFO: Running '/exports/eddie3_homes_local/s1562020/work/adversarial/run/adversarial/common.pyc'
INFO: Command-line arguments:
INFO: Configuration file contents:
INFO: Python version: 2.7.14
INFO: Numpy  version: 1.12.1
INFO: Keras  version: 2.1.5
INFO: Using keras backend: 'tensorflow'
INFO: Found  1000000 training and  1000249 test samples for signal
INFO: Found  1000000 training and 10000000 test samples for background
INFO: load_data: Selecting only training data.
INFO: Implementing gradient reversal layer in TensorFlow
INFO: Training cross-validation classifiers
Call to main function (#61)
  Parameters: {u'classifier/model/default/units': array([9]), u'classifier/compile/decay': array([-6]), u'classifier/model/default/dropout': array([ 0.03289927]), u'classifier/compile/lr': array([-5]), u'classifier/model/architecture': array([1]), u'classifier/model/default/activation': [u'tanh']}
param: classifier/model/default/units
param: classifier/compile/decay
param: classifier/model/default/dropout
param: classifier/compile/lr
param: classifier/model/architecture
param: classifier/model/default/activation
- - - - - - - - - - - - - - - - - - - - - - - - - - - - - - - - - - - - - - - - 
Saving the following patch to '/exports/eddie3_homes_local/s1562020/work/adversarial/optimisation/experiments/classifier/patches/patch.00000061.json':
{u'classifier': {u'compile': {u'lr': -5, u'decay': -6}, u'model': {u'default': {u'units': 9, u'dropout': 0.032899274896225281, u'activation': u'tanh'}, u'architecture': 1}, 'fit': {'epochs': 50, 'batch_size': 8192}}}
- - - - - - - - - - - - - - - - - - - - - - - - - - - - - - - - - - - - - - - - 
cd: Going to /exports/eddie3_homes_local/s1562020/work/adversarial/
[38;2;74;176;245m[1mProfile[0m ⏱  Starting [1m@main[0m
[38;2;74;176;245m[1mProfile[0m ⏱  ·· Starting [1mInitialisation[0m
[38;2;74;176;245m[1mProfile[0m ⏱  ···· Starting [1m@initialise[0m
[38;2;74;176;245m[1mProfile[0m ⏱  ···· Time elapsed in [1m@initialise[0m: .............................. [1m0.0s[0m
[38;2;74;176;245m[1mProfile[0m ⏱  ···· Starting [1m@initialise_backend[0m
[38;2;74;176;245m[1mProfile[0m ⏱  ······ Starting [1m@configure_tensorflow[0m
[38;2;74;176;245m[1mProfile[0m ⏱  ······ Time elapsed in [1m@configure_tensorflow[0m: ................. [1m18.2s[0m
[38;2;74;176;245m[1mProfile[0m ⏱  ···· Time elapsed in [1m@initialise_backend[0m: ..................... [1m19.4s[0m
{'config': './configs/default.json',
 'devices': 7,
 'folds': 3,
 'gpu': True,
 'input': './input/',
 'jobname': 'classifier-patch.00000061',
 'mode': 'gpu',
 'optimise_adversarial': False,
 'optimise_classifier': True,
 'output': './output/',
 'patches': ['/exports/eddie3_homes_local/s1562020/work/adversarial/optimisation/experiments/classifier/patches/patch.00000061.json'],
 'tensorboard': True,
 'theano': False,
 'train': False,
 'train_adversarial': False,
 'train_classifier': True,
 'verbose': False}
{u'adversary': {u'compile': {},
                u'fit': {},
                u'model': {u'architecture': [{}, {}, {}, {}],
                           u'default': {u'activation': u'relu',
                                        u'units': 64},
                           u'gmm_components': 5}},
 u'classifier': {u'compile': {u'loss': u'binary_crossentropy',
                              u'optimizer': <keras.optimizers.Adam object at 0x2acb333db310>},
                 u'fit': {u'batch_size': 57344,
                          u'epochs': 50,
                          u'shuffle': True,
                          'verbose': 2},
                 u'model': {u'architecture': [{}],
                            u'default': {u'activation': u'tanh',
                                         u'batchnorm': True,
                                         u'dropout': 0.03289927489622528,
                                         u'units': 512}}},
 u'combined': {u'compile': {u'loss': [u'binary_crossentropy', None],
                            u'loss_weights': [1.8181818181818182e-09, 1.0],
                            u'optimizer': <keras.optimizers.Adam object at 0x2acb333db350>},
               u'fit': {u'batch_size': 57344,
                        u'epochs': 100,
                        u'shuffle': True,
                        'verbose': 2},
               u'model': {u'lambda_reg': 10.0,
                          u'lr_ratio': 1.8181818181818182e-09},
               u'pretrain': 10}}
  TensorFlow version: 1.4.1
[38;2;74;176;245m[1mProfile[0m ⏱  ·· Time elapsed in [1mInitialisation[0m: ............................ [1m19.5s[0m
[38;2;74;176;245m[1mProfile[0m ⏱  ·· Starting [1m@load_data[0m
[38;2;74;176;245m[1mProfile[0m ⏱  ·· Time elapsed in [1m@load_data[0m: ................................ [1m39.2s[0m
[38;2;74;176;245m[1mProfile[0m ⏱  ·· Starting [1m@get_decorrelation_variables[0m
[38;2;74;176;245m[1mProfile[0m ⏱  ·· Time elapsed in [1m@get_decorrelation_variables[0m: ............... [1m0.0s[0m
[38;2;74;176;245m[1mProfile[0m ⏱  ·· Starting [1mClassifier-only fit, cross-validation[0m
[38;2;74;176;245m[1mProfile[0m ⏱  ···· Starting [1mFold 1/3[0m
Train on 1333332 samples, validate on 666668 samples
Epoch 1/50
 - 3s - loss: 0.7094 - val_loss: 0.7025
Epoch 2/50
 - 3s - loss: 0.7004 - val_loss: 0.6946
Epoch 3/50
 - 3s - loss: 0.6919 - val_loss: 0.6868
Epoch 4/50
 - 3s - loss: 0.6837 - val_loss: 0.6794
Epoch 5/50
 - 3s - loss: 0.6761 - val_loss: 0.6723
Epoch 6/50
 - 3s - loss: 0.6686 - val_loss: 0.6655
Epoch 7/50
 - 2s - loss: 0.6617 - val_loss: 0.6592
Epoch 8/50
 - 3s - loss: 0.6551 - val_loss: 0.6531
Epoch 9/50
 - 3s - loss: 0.6486 - val_loss: 0.6466
Epoch 10/50
 - 2s - loss: 0.6426 - val_loss: 0.6415
Epoch 11/50
 - 3s - loss: 0.6368 - val_loss: 0.6362
Epoch 12/50
 - 3s - loss: 0.6313 - val_loss: 0.6305
Epoch 13/50
 - 2s - loss: 0.6260 - val_loss: 0.6259
Epoch 14/50
 - 3s - loss: 0.6211 - val_loss: 0.6216
Epoch 15/50
 - 3s - loss: 0.6163 - val_loss: 0.6170
Epoch 16/50
 - 2s - loss: 0.6118 - val_loss: 0.6126
Epoch 17/50
 - 3s - loss: 0.6074 - val_loss: 0.6085
Epoch 18/50
 - 3s - loss: 0.6030 - val_loss: 0.6058
Epoch 19/50
 - 2s - loss: 0.5993 - val_loss: 0.6005
Epoch 20/50
 - 3s - loss: 0.5953 - val_loss: 0.5980
Epoch 21/50
 - 3s - loss: 0.5917 - val_loss: 0.5944
Epoch 22/50
 - 2s - loss: 0.5880 - val_loss: 0.5905
Epoch 23/50
 - 2s - loss: 0.5846 - val_loss: 0.5881
Epoch 24/50
 - 2s - loss: 0.5813 - val_loss: 0.5836
Epoch 25/50
 - 2s - loss: 0.5780 - val_loss: 0.5803
Epoch 26/50
 - 2s - loss: 0.5750 - val_loss: 0.5782
Epoch 27/50
 - 2s - loss: 0.5721 - val_loss: 0.5749
Epoch 28/50
 - 2s - loss: 0.5693 - val_loss: 0.5727
Epoch 29/50
 - 2s - loss: 0.5664 - val_loss: 0.5697
Epoch 30/50
 - 2s - loss: 0.5637 - val_loss: 0.5669
Epoch 31/50
 - 2s - loss: 0.5611 - val_loss: 0.5659
Epoch 32/50
 - 2s - loss: 0.5585 - val_loss: 0.5628
Epoch 33/50
 - 2s - loss: 0.5559 - val_loss: 0.5607
Epoch 34/50
 - 2s - loss: 0.5535 - val_loss: 0.5567
Epoch 35/50
 - 2s - loss: 0.5514 - val_loss: 0.5539
Epoch 36/50
 - 2s - loss: 0.5489 - val_loss: 0.5533
Epoch 37/50
 - 3s - loss: 0.5466 - val_loss: 0.5518
Epoch 38/50
 - 2s - loss: 0.5443 - val_loss: 0.5494
Epoch 39/50
 - 2s - loss: 0.5426 - val_loss: 0.5481
Epoch 40/50
 - 2s - loss: 0.5406 - val_loss: 0.5432
Epoch 41/50
 - 2s - loss: 0.5385 - val_loss: 0.5428
Epoch 42/50
 - 3s - loss: 0.5367 - val_loss: 0.5397
Epoch 43/50
 - 2s - loss: 0.5350 - val_loss: 0.5387
Epoch 44/50
 - 2s - loss: 0.5329 - val_loss: 0.5365
Epoch 45/50
 - 3s - loss: 0.5310 - val_loss: 0.5372
Epoch 46/50
 - 2s - loss: 0.5293 - val_loss: 0.5350
Epoch 47/50
 - 2s - loss: 0.5278 - val_loss: 0.5339
Epoch 48/50
 - 2s - loss: 0.5259 - val_loss: 0.5306
Epoch 49/50
 - 2s - loss: 0.5247 - val_loss: 0.5322
Epoch 50/50
 - 2s - loss: 0.5231 - val_loss: 0.5277
[38;2;74;176;245m[1mProfile[0m ⏱  ···· Time elapsed in [1mFold 1/3[0m: ............................... [1m146.5s[0m
[38;2;74;176;245m[1mProfile[0m ⏱  ···· Starting [1mFold 2/3[0m
Train on 1333334 samples, validate on 666666 samples
Epoch 1/50
 - 2s - loss: 0.7008 - val_loss: 0.6775
Epoch 2/50
 - 2s - loss: 0.6652 - val_loss: 0.6498
Epoch 3/50
 - 2s - loss: 0.6420 - val_loss: 0.6317
Epoch 4/50
 - 2s - loss: 0.6251 - val_loss: 0.6165
Epoch 5/50
 - 2s - loss: 0.6118 - val_loss: 0.6068
Epoch 6/50
 - 2s - loss: 0.6007 - val_loss: 0.5972
Epoch 7/50
 - 2s - loss: 0.5914 - val_loss: 0.5891
Epoch 8/50
 - 2s - loss: 0.5832 - val_loss: 0.5819
Epoch 9/50
 - 3s - loss: 0.5761 - val_loss: 0.5768
Epoch 10/50
 - 2s - loss: 0.5696 - val_loss: 0.5689
Epoch 11/50
 - 2s - loss: 0.5638 - val_loss: 0.5640
Epoch 12/50
 - 2s - loss: 0.5585 - val_loss: 0.5608
Epoch 13/50
 - 2s - loss: 0.5536 - val_loss: 0.5542
Epoch 14/50
 - 2s - loss: 0.5495 - val_loss: 0.5508
Epoch 15/50
 - 2s - loss: 0.5450 - val_loss: 0.5454
Epoch 16/50
 - 2s - loss: 0.5416 - val_loss: 0.5458
Epoch 17/50
 - 2s - loss: 0.5382 - val_loss: 0.5402
Epoch 18/50
 - 2s - loss: 0.5349 - val_loss: 0.5369
Epoch 19/50
 - 2s - loss: 0.5321 - val_loss: 0.5352
Epoch 20/50
 - 2s - loss: 0.5290 - val_loss: 0.5318
Epoch 21/50
 - 2s - loss: 0.5263 - val_loss: 0.5308
Epoch 22/50
 - 2s - loss: 0.5239 - val_loss: 0.5274
Epoch 23/50
 - 2s - loss: 0.5216 - val_loss: 0.5247
Epoch 24/50
 - 2s - loss: 0.5193 - val_loss: 7.9767
Epoch 25/50
 - 2s - loss: 0.5172 - val_loss: 0.5204
Epoch 26/50
 - 2s - loss: 0.5151 - val_loss: 0.5170
Epoch 27/50
 - 2s - loss: 0.5135 - val_loss: 0.5128
Epoch 28/50
 - 2s - loss: 0.5114 - val_loss: 0.5161
Epoch 29/50
 - 2s - loss: 0.5102 - val_loss: 0.5154
Epoch 30/50
 - 1s - loss: 0.5083 - val_loss: 0.5111
Epoch 31/50
 - 1s - loss: 0.5070 - val_loss: 0.5109
Epoch 32/50
 - 1s - loss: 0.5057 - val_loss: 0.5051
Epoch 33/50
 - 1s - loss: 0.5040 - val_loss: 0.5078
Epoch 34/50
 - 1s - loss: 0.5026 - val_loss: 0.5075
Epoch 35/50
 - 1s - loss: 0.5015 - val_loss: 0.5068
Epoch 36/50
 - 2s - loss: 0.5002 - val_loss: 0.5042
Epoch 37/50
 - 2s - loss: 0.4993 - val_loss: 0.5017
Epoch 38/50
 - 1s - loss: 0.4981 - val_loss: 0.4963
Epoch 39/50
 - 1s - loss: 0.4970 - val_loss: 0.5022
Epoch 40/50
 - 1s - loss: 0.4962 - val_loss: 0.4987
Epoch 41/50
 - 2s - loss: 0.4954 - val_loss: 0.4991
Epoch 42/50
 - 2s - loss: 0.4942 - val_loss: 0.4977
Epoch 43/50
 - 1s - loss: 0.4931 - val_loss: 0.4970
Epoch 44/50
 - 1s - loss: 0.4926 - val_loss: 0.4972
Epoch 45/50
 - 2s - loss: 0.4919 - val_loss: 0.4975
Epoch 46/50
 - 2s - loss: 0.4910 - val_loss: 0.4942
Epoch 47/50
 - 2s - loss: 0.4900 - val_loss: 0.4921
Epoch 48/50
 - 2s - loss: 0.4896 - val_loss: 0.4935
Epoch 49/50
 - 1s - loss: 0.4889 - val_loss: 0.4926
Epoch 50/50
 - 1s - loss: 0.4883 - val_loss: 0.4919
[38;2;74;176;245m[1mProfile[0m ⏱  ···· Time elapsed in [1mFold 2/3[0m: ................................ [1m90.3s[0m
[38;2;74;176;245m[1mProfile[0m ⏱  ···· Starting [1mFold 3/3[0m
Train on 1333334 samples, validate on 666666 samples
Epoch 1/50
 - 2s - loss: 0.6588 - val_loss: 0.6430
Epoch 2/50
 - 2s - loss: 0.6221 - val_loss: 0.6056
Epoch 3/50
 - 2s - loss: 0.6004 - val_loss: 8.0056
Epoch 4/50
 - 2s - loss: 0.5858 - val_loss: 0.5874
Epoch 5/50
 - 2s - loss: 0.5749 - val_loss: 0.5777
Epoch 6/50
 - 2s - loss: 0.5658 - val_loss: 0.5693
Epoch 7/50
 - 2s - loss: 0.5586 - val_loss: 0.5620
Epoch 8/50
 - 2s - loss: 0.5518 - val_loss: 0.5555
Epoch 9/50
 - 2s - loss: 0.5466 - val_loss: 0.5527
Epoch 10/50
 - 2s - loss: 0.5413 - val_loss: 0.5458
Epoch 11/50
 - 2s - loss: 0.5366 - val_loss: 0.5442
Epoch 12/50
 - 2s - loss: 0.5326 - val_loss: 0.5374
Epoch 13/50
 - 2s - loss: 0.5291 - val_loss: 0.5356
Epoch 14/50
 - 2s - loss: 0.5255 - val_loss: 0.5319
Epoch 15/50
 - 2s - loss: 0.5226 - val_loss: 0.5281
Epoch 16/50
 - 2s - loss: 0.5195 - val_loss: 0.5258
Epoch 17/50
 - 2s - loss: 0.5168 - val_loss: 0.5224
Epoch 18/50
 - 2s - loss: 0.5144 - val_loss: 0.5202
Epoch 19/50
 - 2s - loss: 0.5123 - val_loss: 0.5168
Epoch 20/50
 - 2s - loss: 0.5099 - val_loss: 0.5175
Epoch 21/50
 - 2s - loss: 0.5080 - val_loss: 0.5126
Epoch 22/50
 - 2s - loss: 0.5060 - val_loss: 0.5121
Epoch 23/50
 - 2s - loss: 0.5044 - val_loss: 0.5093
Epoch 24/50
 - 2s - loss: 0.5026 - val_loss: 0.5086
Epoch 25/50
 - 2s - loss: 0.5012 - val_loss: 0.5083
Epoch 26/50
 - 2s - loss: 0.5000 - val_loss: 0.5049
Epoch 27/50
 - 2s - loss: 0.4986 - val_loss: 0.5036
Epoch 28/50
 - 2s - loss: 0.4972 - val_loss: 0.5023
Epoch 29/50
 - 2s - loss: 0.4958 - val_loss: 0.5002
Epoch 30/50
 - 2s - loss: 0.4947 - val_loss: 0.5008
Epoch 31/50
 - 2s - loss: 0.4937 - val_loss: 0.4991
Epoch 32/50
 - 2s - loss: 0.4925 - val_loss: 0.4983
Epoch 33/50
 - 2s - loss: 0.4918 - val_loss: 0.4963
Epoch 34/50
 - 2s - loss: 0.4909 - val_loss: 0.4955
Epoch 35/50
 - 2s - loss: 0.4899 - val_loss: 0.4953
Epoch 36/50
 - 2s - loss: 0.4889 - val_loss: 0.4941
Epoch 37/50
 - 2s - loss: 0.4883 - val_loss: 0.4932
Epoch 38/50
 - 2s - loss: 0.4876 - val_loss: 0.4930
Epoch 39/50
 - 2s - loss: 0.4867 - val_loss: 0.4932
Epoch 40/50
 - 2s - loss: 0.4858 - val_loss: 0.4905
Epoch 41/50
 - 2s - loss: 0.4854 - val_loss: 0.4905
Epoch 42/50
 - 2s - loss: 0.4847 - val_loss: 0.4907
Epoch 43/50
 - 2s - loss: 0.4844 - val_loss: 0.4875
Epoch 44/50
 - 2s - loss: 0.4838 - val_loss: 0.4898
Epoch 45/50
 - 2s - loss: 0.4831 - val_loss: 0.4883
Epoch 46/50
 - 2s - loss: 0.4828 - val_loss: 0.4880
Epoch 47/50
 - 3s - loss: 0.4820 - val_loss: 0.4883
Epoch 48/50
 - 2s - loss: 0.4814 - val_loss: 0.4862
Epoch 49/50
 - 2s - loss: 0.4815 - val_loss: 0.4865
Epoch 50/50
 - 2s - loss: 0.4812 - val_loss: 0.4842
Got result 0.520229574354
Completed successfully in 422.46 seconds. [{u'main': 0.5202295743541853}]
[38;2;74;176;245m[1mProfile[0m ⏱  ···· Time elapsed in [1mFold 3/3[0m: ................................ [1m99.6s[0m
[38;2;74;176;245m[1mProfile[0m ⏱  ·· Time elapsed in [1mClassifier-only fit, cross-validation[0m: .... [1m337.1s[0m
[38;2;74;176;245m[1mProfile[0m ⏱  Time elapsed in [1m@main[0m: ....................................... [1m396.1s[0m
cd: Going back to /exports/eddie3_homes_local/s1562020/work/adversarial/optimisation/experiments/classifier
