Job launching after 4.82 seconds in submission.
Running python job.
Changed into dir /exports/eddie3_homes_local/s1562020/work/adversarial/optimisation/experiments/classifier
Importing optimise.py
Running optimise.main()
INFO: Applying patch '/exports/eddie3_homes_local/s1562020/work/adversarial/optimisation/experiments/classifier/patches/patch.00000032.json'
INFO: Found 20 Intel(R) Xeon(R) CPU E5-2630 v4 @ 2.20GHz devices with 10 cores each.
Using TensorFlow backend.
INFO: Scaling classifier/lr -3 -> 0.001
INFO: Scaling classifier/decay -3 -> 0.001
INFO: Scaling classifier/units 9 -> 512
INFO: Writing TensorBoard logs to 'logs/tensorboard/classifier-patch.00000032/'
INFO: Running '/exports/eddie3_homes_local/s1562020/work/adversarial/run/adversarial/common.pyc'
INFO: Command-line arguments:
INFO: Configuration file contents:
INFO: Python version: 2.7.14
INFO: Numpy  version: 1.12.1
INFO: Keras  version: 2.1.5
INFO: Using keras backend: 'tensorflow'
INFO: Found  1000000 training and  1000249 test samples for signal
INFO: Found  1000000 training and 10000000 test samples for background
INFO: load_data: Selecting only training data.
INFO: Implementing gradient reversal layer in TensorFlow
INFO: Training cross-validation classifiers
Call to main function (#32)
  Parameters: {u'classifier/model/default/units': array([9]), u'classifier/compile/decay': array([-3]), u'classifier/model/default/dropout': array([ 0.]), u'classifier/compile/lr': array([-3]), u'classifier/model/architecture': array([1]), u'classifier/model/default/activation': [u'relu']}
param: classifier/model/default/units
param: classifier/compile/decay
param: classifier/model/default/dropout
param: classifier/compile/lr
param: classifier/model/architecture
param: classifier/model/default/activation
- - - - - - - - - - - - - - - - - - - - - - - - - - - - - - - - - - - - - - - - 
Saving the following patch to '/exports/eddie3_homes_local/s1562020/work/adversarial/optimisation/experiments/classifier/patches/patch.00000032.json':
{u'classifier': {u'compile': {u'lr': -3, u'decay': -3}, u'model': {u'default': {u'units': 9, u'dropout': 0.0, u'activation': u'relu'}, u'architecture': 1}, 'fit': {'epochs': 50, 'batch_size': 8192}}}
- - - - - - - - - - - - - - - - - - - - - - - - - - - - - - - - - - - - - - - - 
cd: Going to /exports/eddie3_homes_local/s1562020/work/adversarial/
[38;2;74;176;245m[1mProfile[0m ⏱  Starting [1m@main[0m
[38;2;74;176;245m[1mProfile[0m ⏱  ·· Starting [1mInitialisation[0m
[38;2;74;176;245m[1mProfile[0m ⏱  ···· Starting [1m@initialise[0m
[38;2;74;176;245m[1mProfile[0m ⏱  ···· Time elapsed in [1m@initialise[0m: .............................. [1m0.0s[0m
[38;2;74;176;245m[1mProfile[0m ⏱  ···· Starting [1m@initialise_backend[0m
[38;2;74;176;245m[1mProfile[0m ⏱  ······ Starting [1m@configure_tensorflow[0m
[38;2;74;176;245m[1mProfile[0m ⏱  ······ Time elapsed in [1m@configure_tensorflow[0m: ................. [1m17.3s[0m
[38;2;74;176;245m[1mProfile[0m ⏱  ···· Time elapsed in [1m@initialise_backend[0m: ..................... [1m18.3s[0m
{'config': './configs/default.json',
 'devices': 7,
 'folds': 3,
 'gpu': True,
 'input': './input/',
 'jobname': 'classifier-patch.00000032',
 'mode': 'gpu',
 'optimise_adversarial': False,
 'optimise_classifier': True,
 'output': './output/',
 'patches': ['/exports/eddie3_homes_local/s1562020/work/adversarial/optimisation/experiments/classifier/patches/patch.00000032.json'],
 'tensorboard': True,
 'theano': False,
 'train': False,
 'train_adversarial': False,
 'train_classifier': True,
 'verbose': False}
{u'adversary': {u'compile': {},
                u'fit': {},
                u'model': {u'architecture': [{}, {}, {}, {}],
                           u'default': {u'activation': u'relu',
                                        u'units': 64},
                           u'gmm_components': 5}},
 u'classifier': {u'compile': {u'loss': u'binary_crossentropy',
                              u'optimizer': <keras.optimizers.Adam object at 0x2b091a118310>},
                 u'fit': {u'batch_size': 57344,
                          u'epochs': 50,
                          u'shuffle': True,
                          'verbose': 2},
                 u'model': {u'architecture': [{}],
                            u'default': {u'activation': u'relu',
                                         u'batchnorm': True,
                                         u'dropout': 0.0,
                                         u'units': 512}}},
 u'combined': {u'compile': {u'loss': [u'binary_crossentropy', None],
                            u'loss_weights': [1.8181818181818182e-09, 1.0],
                            u'optimizer': <keras.optimizers.Adam object at 0x2b091a118350>},
               u'fit': {u'batch_size': 57344,
                        u'epochs': 100,
                        u'shuffle': True,
                        'verbose': 2},
               u'model': {u'lambda_reg': 10.0,
                          u'lr_ratio': 1.8181818181818182e-09},
               u'pretrain': 10}}
  TensorFlow version: 1.4.1
[38;2;74;176;245m[1mProfile[0m ⏱  ·· Time elapsed in [1mInitialisation[0m: ............................ [1m18.5s[0m
[38;2;74;176;245m[1mProfile[0m ⏱  ·· Starting [1m@load_data[0m
[38;2;74;176;245m[1mProfile[0m ⏱  ·· Time elapsed in [1m@load_data[0m: ................................ [1m38.5s[0m
[38;2;74;176;245m[1mProfile[0m ⏱  ·· Starting [1m@get_decorrelation_variables[0m
[38;2;74;176;245m[1mProfile[0m ⏱  ·· Time elapsed in [1m@get_decorrelation_variables[0m: ............... [1m0.0s[0m
[38;2;74;176;245m[1mProfile[0m ⏱  ·· Starting [1mClassifier-only fit, cross-validation[0m
[38;2;74;176;245m[1mProfile[0m ⏱  ···· Starting [1mFold 1/3[0m
Train on 1333332 samples, validate on 666668 samples
Epoch 1/50
 - 3s - loss: 0.5762 - val_loss: 0.4986
Epoch 2/50
 - 2s - loss: 0.4734 - val_loss: 0.4652
Epoch 3/50
 - 2s - loss: 0.4538 - val_loss: 0.4495
Epoch 4/50
 - 2s - loss: 0.4471 - val_loss: 0.4479
Epoch 5/50
 - 2s - loss: 0.4427 - val_loss: 0.4426
Epoch 6/50
 - 2s - loss: 0.4379 - val_loss: 0.4387
Epoch 7/50
 - 2s - loss: 0.4340 - val_loss: 0.4332
Epoch 8/50
 - 2s - loss: 0.4296 - val_loss: 0.4257
Epoch 9/50
 - 2s - loss: 0.4248 - val_loss: 0.4227
Epoch 10/50
 - 2s - loss: 0.4204 - val_loss: 0.4179
Epoch 11/50
 - 2s - loss: 0.4162 - val_loss: 0.4144
Epoch 12/50
 - 2s - loss: 0.4117 - val_loss: 0.4112
Epoch 13/50
 - 2s - loss: 0.4077 - val_loss: 0.4052
Epoch 14/50
 - 2s - loss: 0.4036 - val_loss: 0.4028
Epoch 15/50
 - 2s - loss: 0.4001 - val_loss: 0.3985
Epoch 16/50
 - 2s - loss: 0.3965 - val_loss: 0.3967
Epoch 17/50
 - 2s - loss: 0.3935 - val_loss: 0.3933
Epoch 18/50
 - 2s - loss: 0.3904 - val_loss: 0.3886
Epoch 19/50
 - 2s - loss: 0.3879 - val_loss: 0.3857
Epoch 20/50
 - 2s - loss: 0.3855 - val_loss: 0.3884
Epoch 21/50
 - 2s - loss: 0.3842 - val_loss: 0.3840
Epoch 22/50
 - 2s - loss: 0.3819 - val_loss: 0.3817
Epoch 23/50
 - 2s - loss: 0.3807 - val_loss: 0.3804
Epoch 24/50
 - 2s - loss: 0.3796 - val_loss: 0.3795
Epoch 25/50
 - 2s - loss: 0.3782 - val_loss: 0.3781
Epoch 26/50
 - 2s - loss: 0.3774 - val_loss: 0.3795
Epoch 27/50
 - 2s - loss: 0.3767 - val_loss: 0.3769
Epoch 28/50
 - 2s - loss: 0.3760 - val_loss: 0.3769
Epoch 29/50
 - 2s - loss: 0.3754 - val_loss: 0.3741
Epoch 30/50
 - 2s - loss: 0.3747 - val_loss: 0.3758
Epoch 31/50
 - 1s - loss: 0.3742 - val_loss: 0.3756
Epoch 32/50
 - 1s - loss: 0.3738 - val_loss: 0.3746
Epoch 33/50
 - 1s - loss: 0.3733 - val_loss: 0.3738
Epoch 34/50
 - 1s - loss: 0.3728 - val_loss: 0.3733
Epoch 35/50
 - 1s - loss: 0.3724 - val_loss: 0.3729
Epoch 36/50
 - 1s - loss: 0.3720 - val_loss: 0.3726
Epoch 37/50
 - 1s - loss: 0.3717 - val_loss: 0.3721
Epoch 38/50
 - 1s - loss: 0.3713 - val_loss: 0.3725
Epoch 39/50
 - 2s - loss: 0.3712 - val_loss: 0.3713
Epoch 40/50
 - 2s - loss: 0.3708 - val_loss: 0.3725
Epoch 41/50
 - 2s - loss: 0.3706 - val_loss: 0.3713
Epoch 42/50
 - 1s - loss: 0.3703 - val_loss: 0.3747
Epoch 43/50
 - 1s - loss: 0.3700 - val_loss: 0.3737
Epoch 44/50
 - 2s - loss: 0.3699 - val_loss: 0.3698
Epoch 45/50
 - 1s - loss: 0.3697 - val_loss: 0.3726
Epoch 46/50
 - 1s - loss: 0.3695 - val_loss: 0.3691
Epoch 47/50
 - 1s - loss: 0.3693 - val_loss: 0.3717
Epoch 48/50
 - 1s - loss: 0.3691 - val_loss: 0.3699
Epoch 49/50
 - 1s - loss: 0.3690 - val_loss: 0.3684
Epoch 50/50
 - 1s - loss: 0.3687 - val_loss: 0.3705
[38;2;74;176;245m[1mProfile[0m ⏱  ···· Time elapsed in [1mFold 1/3[0m: ............................... [1m107.6s[0m
[38;2;74;176;245m[1mProfile[0m ⏱  ···· Starting [1mFold 2/3[0m
Train on 1333334 samples, validate on 666666 samples
Epoch 1/50
 - 2s - loss: 0.5295 - val_loss: 0.4577
Epoch 2/50
 - 1s - loss: 0.4529 - val_loss: 0.4477
Epoch 3/50
 - 2s - loss: 0.4441 - val_loss: 0.4406
Epoch 4/50
 - 2s - loss: 0.4379 - val_loss: 0.4356
Epoch 5/50
 - 2s - loss: 0.4325 - val_loss: 0.4325
Epoch 6/50
 - 2s - loss: 0.4273 - val_loss: 0.4260
Epoch 7/50
 - 2s - loss: 0.4219 - val_loss: 0.4215
Epoch 8/50
 - 2s - loss: 0.4167 - val_loss: 0.4153
Epoch 9/50
 - 2s - loss: 0.4115 - val_loss: 0.4090
Epoch 10/50
 - 2s - loss: 0.4068 - val_loss: 0.4074
Epoch 11/50
 - 2s - loss: 0.4026 - val_loss: 0.4035
Epoch 12/50
 - 2s - loss: 0.3988 - val_loss: 0.3975
Epoch 13/50
 - 1s - loss: 0.3951 - val_loss: 0.3941
Epoch 14/50
 - 2s - loss: 0.3922 - val_loss: 0.3914
Epoch 15/50
 - 2s - loss: 0.3891 - val_loss: 0.3888
Epoch 16/50
 - 1s - loss: 0.3867 - val_loss: 0.3865
Epoch 17/50
 - 2s - loss: 0.3848 - val_loss: 0.3860
Epoch 18/50
 - 2s - loss: 0.3828 - val_loss: 0.3838
Epoch 19/50
 - 2s - loss: 0.3815 - val_loss: 0.3809
Epoch 20/50
 - 2s - loss: 0.3803 - val_loss: 0.3813
Epoch 21/50
 - 2s - loss: 0.3790 - val_loss: 0.3786
Epoch 22/50
 - 2s - loss: 0.3782 - val_loss: 0.3779
Epoch 23/50
 - 2s - loss: 0.3773 - val_loss: 0.3773
Epoch 24/50
 - 2s - loss: 0.3767 - val_loss: 0.3774
Epoch 25/50
 - 2s - loss: 0.3761 - val_loss: 0.3763
Epoch 26/50
 - 2s - loss: 0.3756 - val_loss: 0.3767
Epoch 27/50
 - 2s - loss: 0.3751 - val_loss: 0.3751
Epoch 28/50
 - 2s - loss: 0.3745 - val_loss: 0.3771
Epoch 29/50
 - 2s - loss: 0.3744 - val_loss: 0.3751
Epoch 30/50
 - 2s - loss: 0.3739 - val_loss: 0.3747
Epoch 31/50
 - 2s - loss: 0.3736 - val_loss: 0.3747
Epoch 32/50
 - 2s - loss: 0.3734 - val_loss: 0.3733
Epoch 33/50
 - 2s - loss: 0.3729 - val_loss: 0.3741
Epoch 34/50
 - 2s - loss: 0.3726 - val_loss: 0.3729
Epoch 35/50
 - 2s - loss: 0.3724 - val_loss: 0.3734
Epoch 36/50
 - 2s - loss: 0.3721 - val_loss: 0.3722
Epoch 37/50
 - 2s - loss: 0.3718 - val_loss: 0.3723
Epoch 38/50
 - 2s - loss: 0.3716 - val_loss: 0.3742
Epoch 39/50
 - 2s - loss: 0.3713 - val_loss: 0.3708
Epoch 40/50
 - 2s - loss: 0.3711 - val_loss: 0.3706
Epoch 41/50
 - 2s - loss: 0.3709 - val_loss: 0.3707
Epoch 42/50
 - 2s - loss: 0.3708 - val_loss: 0.3704
Epoch 43/50
 - 2s - loss: 0.3704 - val_loss: 0.3715
Epoch 44/50
 - 2s - loss: 0.3704 - val_loss: 0.3724
Epoch 45/50
 - 2s - loss: 0.3704 - val_loss: 0.3721
Epoch 46/50
 - 2s - loss: 0.3701 - val_loss: 0.3699
Epoch 47/50
 - 2s - loss: 0.3698 - val_loss: 0.3705
Epoch 48/50
 - 2s - loss: 0.3697 - val_loss: 0.3728
Epoch 49/50
 - 2s - loss: 0.3695 - val_loss: 0.3693
Epoch 50/50
 - 2s - loss: 0.3694 - val_loss: 0.3690
[38;2;74;176;245m[1mProfile[0m ⏱  ···· Time elapsed in [1mFold 2/3[0m: ................................ [1m93.7s[0m
[38;2;74;176;245m[1mProfile[0m ⏱  ···· Starting [1mFold 3/3[0m
Train on 1333334 samples, validate on 666666 samples
Epoch 1/50
 - 2s - loss: 0.5412 - val_loss: 0.4734
Epoch 2/50
 - 2s - loss: 0.4566 - val_loss: 0.4540
Epoch 3/50
 - 2s - loss: 0.4478 - val_loss: 0.4472
Epoch 4/50
 - 2s - loss: 0.4423 - val_loss: 0.4438
Epoch 5/50
 - 2s - loss: 0.4383 - val_loss: 0.4396
Epoch 6/50
 - 2s - loss: 0.4342 - val_loss: 0.4323
Epoch 7/50
 - 2s - loss: 0.4305 - val_loss: 0.4292
Epoch 8/50
 - 2s - loss: 0.4265 - val_loss: 0.4276
Epoch 9/50
 - 2s - loss: 0.4233 - val_loss: 0.4233
Epoch 10/50
 - 2s - loss: 0.4195 - val_loss: 0.4198
Epoch 11/50
 - 2s - loss: 0.4163 - val_loss: 0.4177
Epoch 12/50
 - 2s - loss: 0.4130 - val_loss: 0.4129
Epoch 13/50
 - 2s - loss: 0.4101 - val_loss: 0.4110
Epoch 14/50
 - 2s - loss: 0.4073 - val_loss: 0.4085
Epoch 15/50
 - 2s - loss: 0.4045 - val_loss: 0.4065
Epoch 16/50
 - 2s - loss: 0.4020 - val_loss: 0.4036
Epoch 17/50
 - 2s - loss: 0.3996 - val_loss: 0.4005
Epoch 18/50
 - 2s - loss: 0.3975 - val_loss: 0.3982
Epoch 19/50
 - 2s - loss: 0.3953 - val_loss: 0.3987
Epoch 20/50
 - 2s - loss: 0.3932 - val_loss: 0.3963
Epoch 21/50
 - 2s - loss: 0.3915 - val_loss: 0.3919
Epoch 22/50
 - 2s - loss: 0.3895 - val_loss: 0.3927
Epoch 23/50
 - 1s - loss: 0.3883 - val_loss: 0.3887
Epoch 24/50
 - 2s - loss: 0.3865 - val_loss: 0.3881
Epoch 25/50
 - 2s - loss: 0.3852 - val_loss: 0.3862
Epoch 26/50
 - 2s - loss: 0.3839 - val_loss: 0.3846
Epoch 27/50
 - 2s - loss: 0.3831 - val_loss: 0.3848
Epoch 28/50
 - 1s - loss: 0.3822 - val_loss: 0.3838
Epoch 29/50
 - 2s - loss: 0.3812 - val_loss: 0.3819
Epoch 30/50
 - 2s - loss: 0.3804 - val_loss: 0.3816
Epoch 31/50
 - 2s - loss: 0.3796 - val_loss: 0.3807
Epoch 32/50
 - 2s - loss: 0.3788 - val_loss: 0.3803
Epoch 33/50
 - 2s - loss: 0.3785 - val_loss: 0.3794
Epoch 34/50
 - 2s - loss: 0.3778 - val_loss: 0.3789
Epoch 35/50
 - 1s - loss: 0.3775 - val_loss: 0.3792
Epoch 36/50
 - 2s - loss: 0.3768 - val_loss: 0.3790
Epoch 37/50
 - 2s - loss: 0.3766 - val_loss: 0.3789
Epoch 38/50
 - 2s - loss: 0.3760 - val_loss: 0.3769
Epoch 39/50
 - 2s - loss: 0.3756 - val_loss: 0.3768
Epoch 40/50
 - 1s - loss: 0.3752 - val_loss: 0.3761
Epoch 41/50
 - 2s - loss: 0.3748 - val_loss: 0.3771
Epoch 42/50
 - 2s - loss: 0.3744 - val_loss: 0.3767
Epoch 43/50
 - 2s - loss: 0.3744 - val_loss: 0.3767
Epoch 44/50
 - 2s - loss: 0.3740 - val_loss: 0.3757
Epoch 45/50
 - 2s - loss: 0.3739 - val_loss: 0.3759
Epoch 46/50
 - 2s - loss: 0.3735 - val_loss: 0.3751
Epoch 47/50
 - 2s - loss: 0.3730 - val_loss: 0.3761
Epoch 48/50
 - 2s - loss: 0.3730 - val_loss: 0.3752
Epoch 49/50
 - 1s - loss: 0.3728 - val_loss: 0.3746
Epoch 50/50
 - 2s - loss: 0.3725 - val_loss: 0.3760
Got result 0.37482039598
Completed successfully in 378.54 seconds. [{u'main': 0.37482039598033223}]
[38;2;74;176;245m[1mProfile[0m ⏱  ···· Time elapsed in [1mFold 3/3[0m: ................................ [1m91.4s[0m
[38;2;74;176;245m[1mProfile[0m ⏱  ·· Time elapsed in [1mClassifier-only fit, cross-validation[0m: .... [1m293.5s[0m
[38;2;74;176;245m[1mProfile[0m ⏱  Time elapsed in [1m@main[0m: ....................................... [1m350.9s[0m
cd: Going back to /exports/eddie3_homes_local/s1562020/work/adversarial/optimisation/experiments/classifier
