Job launching after 5.80 seconds in submission.
Running python job.
Changed into dir /exports/eddie3_homes_local/s1562020/work/adversarial/optimisation/experiments/classifier
Importing optimise.py
Running optimise.main()
INFO: Applying patch '/exports/eddie3_homes_local/s1562020/work/adversarial/optimisation/experiments/classifier/patches/patch.00000017.json'
INFO: Found 20 Intel(R) Xeon(R) CPU E5-2630 v4 @ 2.20GHz devices with 10 cores each.
Using TensorFlow backend.
INFO: Scaling classifier/lr -1 -> 0.1
INFO: Scaling classifier/decay -3 -> 0.001
INFO: Scaling classifier/units 7 -> 128
INFO: Writing TensorBoard logs to 'logs/tensorboard/classifier-patch.00000017/'
INFO: Running '/exports/eddie3_homes_local/s1562020/work/adversarial/run/adversarial/common.pyc'
INFO: Command-line arguments:
INFO: Configuration file contents:
INFO: Python version: 2.7.14
INFO: Numpy  version: 1.12.1
INFO: Keras  version: 2.1.5
INFO: Using keras backend: 'tensorflow'
INFO: Found  1000000 training and  1000249 test samples for signal
INFO: Found  1000000 training and 10000000 test samples for background
INFO: load_data: Selecting only training data.
INFO: Implementing gradient reversal layer in TensorFlow
INFO: Training cross-validation classifiers
Call to main function (#17)
  Parameters: {u'classifier/model/default/units': array([7]), u'classifier/compile/decay': array([-3]), u'classifier/model/default/dropout': array([ 0.0247369]), u'classifier/compile/lr': array([-1]), u'classifier/model/architecture': array([1]), u'classifier/model/default/activation': [u'tanh']}
param: classifier/model/default/units
param: classifier/compile/decay
param: classifier/model/default/dropout
param: classifier/compile/lr
param: classifier/model/architecture
param: classifier/model/default/activation
- - - - - - - - - - - - - - - - - - - - - - - - - - - - - - - - - - - - - - - - 
Saving the following patch to '/exports/eddie3_homes_local/s1562020/work/adversarial/optimisation/experiments/classifier/patches/patch.00000017.json':
{u'classifier': {u'compile': {u'lr': -1, u'decay': -3}, u'model': {u'default': {u'units': 7, u'dropout': 0.024736903803831187, u'activation': u'tanh'}, u'architecture': 1}, 'fit': {'epochs': 50, 'batch_size': 8192}}}
- - - - - - - - - - - - - - - - - - - - - - - - - - - - - - - - - - - - - - - - 
cd: Going to /exports/eddie3_homes_local/s1562020/work/adversarial/
[38;2;74;176;245m[1mProfile[0m ⏱  Starting [1m@main[0m
[38;2;74;176;245m[1mProfile[0m ⏱  ·· Starting [1mInitialisation[0m
[38;2;74;176;245m[1mProfile[0m ⏱  ···· Starting [1m@initialise[0m
[38;2;74;176;245m[1mProfile[0m ⏱  ···· Time elapsed in [1m@initialise[0m: .............................. [1m0.0s[0m
[38;2;74;176;245m[1mProfile[0m ⏱  ···· Starting [1m@initialise_backend[0m
[38;2;74;176;245m[1mProfile[0m ⏱  ······ Starting [1m@configure_tensorflow[0m
[38;2;74;176;245m[1mProfile[0m ⏱  ······ Time elapsed in [1m@configure_tensorflow[0m: ................. [1m17.6s[0m
[38;2;74;176;245m[1mProfile[0m ⏱  ···· Time elapsed in [1m@initialise_backend[0m: ..................... [1m18.7s[0m
{'config': './configs/default.json',
 'devices': 7,
 'folds': 3,
 'gpu': True,
 'input': './input/',
 'jobname': 'classifier-patch.00000017',
 'mode': 'gpu',
 'optimise_adversarial': False,
 'optimise_classifier': True,
 'output': './output/',
 'patches': ['/exports/eddie3_homes_local/s1562020/work/adversarial/optimisation/experiments/classifier/patches/patch.00000017.json'],
 'tensorboard': True,
 'theano': False,
 'train': False,
 'train_adversarial': False,
 'train_classifier': True,
 'verbose': False}
{u'adversary': {u'compile': {},
                u'fit': {},
                u'model': {u'architecture': [{}, {}, {}, {}],
                           u'default': {u'activation': u'relu',
                                        u'units': 64},
                           u'gmm_components': 5}},
 u'classifier': {u'compile': {u'loss': u'binary_crossentropy',
                              u'optimizer': <keras.optimizers.Adam object at 0x2b2e96ede310>},
                 u'fit': {u'batch_size': 57344,
                          u'epochs': 50,
                          u'shuffle': True,
                          'verbose': 2},
                 u'model': {u'architecture': [{}],
                            u'default': {u'activation': u'tanh',
                                         u'batchnorm': True,
                                         u'dropout': 0.024736903803831187,
                                         u'units': 128}}},
 u'combined': {u'compile': {u'loss': [u'binary_crossentropy', None],
                            u'loss_weights': [9.090909090909091e-10, 1.0],
                            u'optimizer': <keras.optimizers.Adam object at 0x2b2e96ede350>},
               u'fit': {u'batch_size': 57344,
                        u'epochs': 200,
                        u'shuffle': True,
                        'verbose': 2},
               u'model': {u'lambda_reg': 10.0,
                          u'lr_ratio': 9.090909090909091e-10},
               u'pretrain': 10}}
  TensorFlow version: 1.4.1
[38;2;74;176;245m[1mProfile[0m ⏱  ·· Time elapsed in [1mInitialisation[0m: ............................ [1m18.8s[0m
[38;2;74;176;245m[1mProfile[0m ⏱  ·· Starting [1m@load_data[0m
[38;2;74;176;245m[1mProfile[0m ⏱  ·· Time elapsed in [1m@load_data[0m: ................................ [1m37.1s[0m
[38;2;74;176;245m[1mProfile[0m ⏱  ·· Starting [1m@get_decorrelation_variables[0m
[38;2;74;176;245m[1mProfile[0m ⏱  ·· Time elapsed in [1m@get_decorrelation_variables[0m: ............... [1m0.0s[0m
[38;2;74;176;245m[1mProfile[0m ⏱  ·· Starting [1mClassifier-only fit, cross-validation[0m
[38;2;74;176;245m[1mProfile[0m ⏱  ···· Starting [1mFold 1/3[0m
Train on 1333332 samples, validate on 666668 samples
Epoch 1/50
 - 2s - loss: 0.6759 - val_loss: 0.4953
Epoch 2/50
 - 1s - loss: 0.4650 - val_loss: 7.9742
Epoch 3/50
 - 1s - loss: 0.4329 - val_loss: 0.4090
Epoch 4/50
 - 1s - loss: 0.4036 - val_loss: 0.4156
Epoch 5/50
 - 1s - loss: 0.3968 - val_loss: 0.3896
Epoch 6/50
 - 1s - loss: 0.3837 - val_loss: 0.3892
Epoch 7/50
 - 1s - loss: 0.3819 - val_loss: 0.3826
Epoch 8/50
 - 1s - loss: 0.3806 - val_loss: 0.3749
Epoch 9/50
 - 1s - loss: 0.3798 - val_loss: 0.3838
Epoch 10/50
 - 1s - loss: 0.3813 - val_loss: 0.3862
Epoch 11/50
 - 1s - loss: 0.3774 - val_loss: 0.3734
Epoch 12/50
 - 1s - loss: 0.3746 - val_loss: 0.3809
Epoch 13/50
 - 1s - loss: 0.3750 - val_loss: 0.3733
Epoch 14/50
 - 1s - loss: 0.3739 - val_loss: 0.3775
Epoch 15/50
 - 1s - loss: 0.3743 - val_loss: 0.3841
Epoch 16/50
 - 1s - loss: 0.3771 - val_loss: 0.3754
Epoch 17/50
 - 1s - loss: 0.3742 - val_loss: 0.3693
Epoch 18/50
 - 1s - loss: 0.3720 - val_loss: 0.3669
Epoch 19/50
 - 1s - loss: 0.3732 - val_loss: 0.3774
Epoch 20/50
 - 1s - loss: 0.3747 - val_loss: 0.3674
Epoch 21/50
 - 1s - loss: 0.3718 - val_loss: 0.3684
Epoch 22/50
 - 1s - loss: 0.3699 - val_loss: 0.3664
Epoch 23/50
 - 1s - loss: 0.3719 - val_loss: 0.3717
Epoch 24/50
 - 1s - loss: 0.3704 - val_loss: 0.3660
Epoch 25/50
 - 1s - loss: 0.3690 - val_loss: 0.3633
Epoch 26/50
 - 1s - loss: 0.3685 - val_loss: 0.3661
Epoch 27/50
 - 1s - loss: 0.3687 - val_loss: 0.3638
Epoch 28/50
 - 1s - loss: 0.3699 - val_loss: 0.3710
Epoch 29/50
 - 1s - loss: 0.3687 - val_loss: 0.3724
Epoch 30/50
 - 1s - loss: 0.3688 - val_loss: 0.3653
Epoch 31/50
 - 1s - loss: 0.3713 - val_loss: 0.3663
Epoch 32/50
 - 1s - loss: 0.3672 - val_loss: 0.3655
Epoch 33/50
 - 1s - loss: 0.3672 - val_loss: 0.3653
Epoch 34/50
 - 1s - loss: 0.3693 - val_loss: 0.3751
Epoch 35/50
 - 1s - loss: 0.3705 - val_loss: 0.3699
Epoch 36/50
 - 1s - loss: 0.3683 - val_loss: 0.3666
Epoch 37/50
 - 1s - loss: 0.3675 - val_loss: 0.3619
Epoch 38/50
 - 1s - loss: 0.3657 - val_loss: 0.3742
Epoch 39/50
 - 1s - loss: 0.3685 - val_loss: 0.3655
Epoch 40/50
 - 1s - loss: 0.3685 - val_loss: 0.3679
Epoch 41/50
 - 1s - loss: 0.3668 - val_loss: 0.3674
Epoch 42/50
 - 1s - loss: 0.3678 - val_loss: 0.3622
Epoch 43/50
 - 1s - loss: 0.3665 - val_loss: 0.3663
Epoch 44/50
 - 1s - loss: 0.3668 - val_loss: 0.3669
Epoch 45/50
 - 2s - loss: 0.3656 - val_loss: 0.3619
Epoch 46/50
 - 1s - loss: 0.3673 - val_loss: 0.3625
Epoch 47/50
 - 1s - loss: 0.3678 - val_loss: 0.3652
Epoch 48/50
 - 1s - loss: 0.3653 - val_loss: 0.3648
Epoch 49/50
 - 1s - loss: 0.3664 - val_loss: 0.3720
Epoch 50/50
 - 1s - loss: 0.3662 - val_loss: 0.3623
[38;2;74;176;245m[1mProfile[0m ⏱  ···· Time elapsed in [1mFold 1/3[0m: ................................ [1m87.8s[0m
[38;2;74;176;245m[1mProfile[0m ⏱  ···· Starting [1mFold 2/3[0m
Train on 1333334 samples, validate on 666666 samples
Epoch 1/50
 - 2s - loss: 0.7920 - val_loss: 0.6339
Epoch 2/50
 - 1s - loss: 0.4764 - val_loss: 0.4108
Epoch 3/50
 - 2s - loss: 0.3996 - val_loss: 0.3893
Epoch 4/50
 - 2s - loss: 0.3870 - val_loss: 0.3804
Epoch 5/50
 - 1s - loss: 0.3820 - val_loss: 0.3787
Epoch 6/50
 - 1s - loss: 0.3790 - val_loss: 0.3734
Epoch 7/50
 - 1s - loss: 0.3779 - val_loss: 0.3712
Epoch 8/50
 - 2s - loss: 0.3770 - val_loss: 0.3714
Epoch 9/50
 - 2s - loss: 0.3750 - val_loss: 0.3690
Epoch 10/50
 - 2s - loss: 0.3734 - val_loss: 0.3668
Epoch 11/50
 - 1s - loss: 0.3727 - val_loss: 0.3727
Epoch 12/50
 - 1s - loss: 0.3724 - val_loss: 0.3704
Epoch 13/50
 - 1s - loss: 0.3715 - val_loss: 0.3749
Epoch 14/50
 - 1s - loss: 0.3726 - val_loss: 0.3670
Epoch 15/50
 - 1s - loss: 0.3708 - val_loss: 0.3668
Epoch 16/50
 - 1s - loss: 0.3699 - val_loss: 0.3660
Epoch 17/50
 - 1s - loss: 0.3709 - val_loss: 0.3668
Epoch 18/50
 - 1s - loss: 0.3700 - val_loss: 0.3693
Epoch 19/50
 - 1s - loss: 0.3694 - val_loss: 0.3641
Epoch 20/50
 - 1s - loss: 0.3688 - val_loss: 0.3679
Epoch 21/50
 - 1s - loss: 0.3690 - val_loss: 0.3649
Epoch 22/50
 - 1s - loss: 0.3689 - val_loss: 0.3643
Epoch 23/50
 - 1s - loss: 0.3683 - val_loss: 0.3640
Epoch 24/50
 - 1s - loss: 0.3696 - val_loss: 0.3745
Epoch 25/50
 - 1s - loss: 0.3695 - val_loss: 0.3707
Epoch 26/50
 - 1s - loss: 0.3686 - val_loss: 0.3665
Epoch 27/50
 - 1s - loss: 0.3679 - val_loss: 0.3661
Epoch 28/50
 - 1s - loss: 0.3672 - val_loss: 0.3632
Epoch 29/50
 - 1s - loss: 0.3675 - val_loss: 0.3655
Epoch 30/50
 - 1s - loss: 0.3672 - val_loss: 0.3656
Epoch 31/50
 - 1s - loss: 0.3668 - val_loss: 0.3602
Epoch 32/50
 - 1s - loss: 0.3667 - val_loss: 0.3705
Epoch 33/50
 - 1s - loss: 0.3673 - val_loss: 0.3678
Epoch 34/50
 - 1s - loss: 0.3676 - val_loss: 0.3640
Epoch 35/50
 - 1s - loss: 0.3676 - val_loss: 0.3638
Epoch 36/50
 - 1s - loss: 0.3663 - val_loss: 0.3598
Epoch 37/50
 - 1s - loss: 0.3663 - val_loss: 0.3636
Epoch 38/50
 - 1s - loss: 0.3666 - val_loss: 0.3669
Epoch 39/50
 - 1s - loss: 0.3663 - val_loss: 0.3654
Epoch 40/50
 - 1s - loss: 0.3666 - val_loss: 0.3612
Epoch 41/50
 - 1s - loss: 0.3656 - val_loss: 0.3646
Epoch 42/50
 - 1s - loss: 0.3670 - val_loss: 0.3651
Epoch 43/50
 - 1s - loss: 0.3654 - val_loss: 0.3598
Epoch 44/50
 - 1s - loss: 0.3656 - val_loss: 0.3634
Epoch 45/50
 - 1s - loss: 0.3667 - val_loss: 0.3660
Epoch 46/50
 - 1s - loss: 0.3665 - val_loss: 0.3650
Epoch 47/50
 - 1s - loss: 0.3673 - val_loss: 0.3631
Epoch 48/50
 - 1s - loss: 0.3652 - val_loss: 0.3695
Epoch 49/50
 - 2s - loss: 0.3652 - val_loss: 0.3622
Epoch 50/50
 - 1s - loss: 0.3652 - val_loss: 0.3604
[38;2;74;176;245m[1mProfile[0m ⏱  ···· Time elapsed in [1mFold 2/3[0m: ................................ [1m72.3s[0m
[38;2;74;176;245m[1mProfile[0m ⏱  ···· Starting [1mFold 3/3[0m
Train on 1333334 samples, validate on 666666 samples
Epoch 1/50
 - 2s - loss: 0.6772 - val_loss: 0.5443
Epoch 2/50
 - 1s - loss: 0.4764 - val_loss: 8.0056
Epoch 3/50
 - 1s - loss: 0.4373 - val_loss: 0.4285
Epoch 4/50
 - 1s - loss: 0.4099 - val_loss: 0.3860
Epoch 5/50
 - 1s - loss: 0.3925 - val_loss: 0.3952
Epoch 6/50
 - 1s - loss: 0.3876 - val_loss: 0.3806
Epoch 7/50
 - 1s - loss: 0.3804 - val_loss: 0.3755
Epoch 8/50
 - 1s - loss: 0.3792 - val_loss: 0.3800
Epoch 9/50
 - 1s - loss: 0.3780 - val_loss: 0.3739
Epoch 10/50
 - 1s - loss: 0.3764 - val_loss: 0.3764
Epoch 11/50
 - 1s - loss: 0.3769 - val_loss: 0.3730
Epoch 12/50
 - 2s - loss: 0.3748 - val_loss: 0.3713
Epoch 13/50
 - 1s - loss: 0.3747 - val_loss: 0.3707
Epoch 14/50
 - 2s - loss: 0.3754 - val_loss: 0.3700
Epoch 15/50
 - 1s - loss: 0.3739 - val_loss: 0.3702
Epoch 16/50
 - 1s - loss: 0.3728 - val_loss: 0.3732
Epoch 17/50
 - 2s - loss: 0.3719 - val_loss: 0.3758
Epoch 18/50
 - 2s - loss: 0.3728 - val_loss: 0.3678
Epoch 19/50
 - 1s - loss: 0.3729 - val_loss: 0.3686
Epoch 20/50
 - 1s - loss: 0.3723 - val_loss: 0.3691
Epoch 21/50
 - 2s - loss: 0.3734 - val_loss: 0.3680
Epoch 22/50
 - 2s - loss: 0.3709 - val_loss: 0.3703
Epoch 23/50
 - 1s - loss: 0.3716 - val_loss: 0.3700
Epoch 24/50
 - 2s - loss: 0.3697 - val_loss: 0.3743
Epoch 25/50
 - 2s - loss: 0.3700 - val_loss: 0.3669
Epoch 26/50
 - 1s - loss: 0.3700 - val_loss: 0.3688
Epoch 27/50
 - 1s - loss: 0.3698 - val_loss: 0.3692
Epoch 28/50
 - 1s - loss: 0.3691 - val_loss: 0.3677
Epoch 29/50
 - 1s - loss: 0.3688 - val_loss: 0.3656
Epoch 30/50
 - 1s - loss: 0.3685 - val_loss: 0.3681
Epoch 31/50
 - 1s - loss: 0.3683 - val_loss: 0.3652
Epoch 32/50
 - 1s - loss: 0.3695 - val_loss: 0.3680
Epoch 33/50
 - 1s - loss: 0.3691 - val_loss: 0.3651
Epoch 34/50
 - 1s - loss: 0.3684 - val_loss: 0.3682
Epoch 35/50
 - 1s - loss: 0.3684 - val_loss: 0.3644
Epoch 36/50
 - 1s - loss: 0.3671 - val_loss: 0.3678
Epoch 37/50
 - 1s - loss: 0.3677 - val_loss: 0.3679
Epoch 38/50
 - 2s - loss: 0.3674 - val_loss: 0.3673
Epoch 39/50
 - 1s - loss: 0.3677 - val_loss: 0.3658
Epoch 40/50
 - 1s - loss: 0.3673 - val_loss: 0.3652
Epoch 41/50
 - 1s - loss: 0.3684 - val_loss: 0.3697
Epoch 42/50
 - 2s - loss: 0.3677 - val_loss: 0.3647
Epoch 43/50
 - 1s - loss: 0.3664 - val_loss: 0.3649
Epoch 44/50
 - 1s - loss: 0.3677 - val_loss: 0.3637
Epoch 45/50
 - 1s - loss: 0.3670 - val_loss: 0.3648
Epoch 46/50
 - 1s - loss: 0.3662 - val_loss: 0.3675
Epoch 47/50
 - 1s - loss: 0.3669 - val_loss: 0.3641
Epoch 48/50
 - 1s - loss: 0.3665 - val_loss: 0.3638
Epoch 49/50
 - 1s - loss: 0.3660 - val_loss: 0.3657
Epoch 50/50
 - 1s - loss: 0.3648 - val_loss: 0.3630
Got result 0.362981037089
Completed successfully in 322.97 seconds. [{u'main': 0.3629810370893556}]
[38;2;74;176;245m[1mProfile[0m ⏱  ···· Time elapsed in [1mFold 3/3[0m: ................................ [1m78.5s[0m
[38;2;74;176;245m[1mProfile[0m ⏱  ·· Time elapsed in [1mClassifier-only fit, cross-validation[0m: .... [1m239.4s[0m
[38;2;74;176;245m[1mProfile[0m ⏱  Time elapsed in [1m@main[0m: ....................................... [1m295.6s[0m
cd: Going back to /exports/eddie3_homes_local/s1562020/work/adversarial/optimisation/experiments/classifier
