Job launching after 5.53 seconds in submission.
Running python job.
Changed into dir /exports/eddie3_homes_local/s1562020/work/adversarial/optimisation/experiments/classifier
Importing optimise.py
Running optimise.main()
INFO: Applying patch '/exports/eddie3_homes_local/s1562020/work/adversarial/optimisation/experiments/classifier/patches/patch.00000066.json'
INFO: Found 20 Intel(R) Xeon(R) CPU E5-2630 v4 @ 2.20GHz devices with 10 cores each.
Using TensorFlow backend.
INFO: Scaling classifier/lr -5 -> 1e-05
INFO: Scaling classifier/decay -6 -> 1e-06
INFO: Scaling classifier/units 9 -> 512
INFO: Writing TensorBoard logs to 'logs/tensorboard/classifier-patch.00000066/'
INFO: Running '/exports/eddie3_homes_local/s1562020/work/adversarial/run/adversarial/common.pyc'
INFO: Command-line arguments:
INFO: Configuration file contents:
INFO: Python version: 2.7.14
INFO: Numpy  version: 1.12.1
INFO: Keras  version: 2.1.5
INFO: Using keras backend: 'tensorflow'
INFO: Found  1000000 training and  1000249 test samples for signal
INFO: Found  1000000 training and 10000000 test samples for background
INFO: load_data: Selecting only training data.
INFO: Implementing gradient reversal layer in TensorFlow
INFO: Training cross-validation classifiers
Call to main function (#66)
  Parameters: {u'classifier/model/default/units': array([9]), u'classifier/compile/decay': array([-6]), u'classifier/model/default/dropout': array([ 0.03840317]), u'classifier/compile/lr': array([-5]), u'classifier/model/architecture': array([6]), u'classifier/model/default/activation': [u'tanh']}
param: classifier/model/default/units
param: classifier/compile/decay
param: classifier/model/default/dropout
param: classifier/compile/lr
param: classifier/model/architecture
param: classifier/model/default/activation
- - - - - - - - - - - - - - - - - - - - - - - - - - - - - - - - - - - - - - - - 
Saving the following patch to '/exports/eddie3_homes_local/s1562020/work/adversarial/optimisation/experiments/classifier/patches/patch.00000066.json':
{u'classifier': {u'compile': {u'lr': -5, u'decay': -6}, u'model': {u'default': {u'units': 9, u'dropout': 0.038403165986568732, u'activation': u'tanh'}, u'architecture': 6}, 'fit': {'epochs': 50, 'batch_size': 8192}}}
- - - - - - - - - - - - - - - - - - - - - - - - - - - - - - - - - - - - - - - - 
cd: Going to /exports/eddie3_homes_local/s1562020/work/adversarial/
[38;2;74;176;245m[1mProfile[0m ⏱  Starting [1m@main[0m
[38;2;74;176;245m[1mProfile[0m ⏱  ·· Starting [1mInitialisation[0m
[38;2;74;176;245m[1mProfile[0m ⏱  ···· Starting [1m@initialise[0m
[38;2;74;176;245m[1mProfile[0m ⏱  ···· Time elapsed in [1m@initialise[0m: .............................. [1m0.0s[0m
[38;2;74;176;245m[1mProfile[0m ⏱  ···· Starting [1m@initialise_backend[0m
[38;2;74;176;245m[1mProfile[0m ⏱  ······ Starting [1m@configure_tensorflow[0m
[38;2;74;176;245m[1mProfile[0m ⏱  ······ Time elapsed in [1m@configure_tensorflow[0m: ................. [1m18.1s[0m
[38;2;74;176;245m[1mProfile[0m ⏱  ···· Time elapsed in [1m@initialise_backend[0m: ..................... [1m19.4s[0m
{'config': './configs/default.json',
 'devices': 7,
 'folds': 3,
 'gpu': True,
 'input': './input/',
 'jobname': 'classifier-patch.00000066',
 'mode': 'gpu',
 'optimise_adversarial': False,
 'optimise_classifier': True,
 'output': './output/',
 'patches': ['/exports/eddie3_homes_local/s1562020/work/adversarial/optimisation/experiments/classifier/patches/patch.00000066.json'],
 'tensorboard': True,
 'theano': False,
 'train': False,
 'train_adversarial': False,
 'train_classifier': True,
 'verbose': False}
{u'adversary': {u'compile': {},
                u'fit': {},
                u'model': {u'architecture': [{}, {}, {}, {}],
                           u'default': {u'activation': u'relu',
                                        u'units': 64},
                           u'gmm_components': 5}},
 u'classifier': {u'compile': {u'loss': u'binary_crossentropy',
                              u'optimizer': <keras.optimizers.Adam object at 0x2b9f86910310>},
                 u'fit': {u'batch_size': 57344,
                          u'epochs': 50,
                          u'shuffle': True,
                          'verbose': 2},
                 u'model': {u'architecture': [{}, {}, {}, {}, {}, {}],
                            u'default': {u'activation': u'tanh',
                                         u'batchnorm': True,
                                         u'dropout': 0.03840316598656873,
                                         u'units': 512}}},
 u'combined': {u'compile': {u'loss': [u'binary_crossentropy', None],
                            u'loss_weights': [1.8181818181818182e-09, 1.0],
                            u'optimizer': <keras.optimizers.Adam object at 0x2b9f86910350>},
               u'fit': {u'batch_size': 57344,
                        u'epochs': 100,
                        u'shuffle': True,
                        'verbose': 2},
               u'model': {u'lambda_reg': 10.0,
                          u'lr_ratio': 1.8181818181818182e-09},
               u'pretrain': 10}}
  TensorFlow version: 1.4.1
[38;2;74;176;245m[1mProfile[0m ⏱  ·· Time elapsed in [1mInitialisation[0m: ............................ [1m19.5s[0m
[38;2;74;176;245m[1mProfile[0m ⏱  ·· Starting [1m@load_data[0m
[38;2;74;176;245m[1mProfile[0m ⏱  ·· Time elapsed in [1m@load_data[0m: ................................ [1m40.6s[0m
[38;2;74;176;245m[1mProfile[0m ⏱  ·· Starting [1m@get_decorrelation_variables[0m
[38;2;74;176;245m[1mProfile[0m ⏱  ·· Time elapsed in [1m@get_decorrelation_variables[0m: ............... [1m0.0s[0m
[38;2;74;176;245m[1mProfile[0m ⏱  ·· Starting [1mClassifier-only fit, cross-validation[0m
[38;2;74;176;245m[1mProfile[0m ⏱  ···· Starting [1mFold 1/3[0m
Train on 1333332 samples, validate on 666668 samples
Epoch 1/50
 - 13s - loss: 0.5334 - val_loss: 0.4799
Epoch 2/50
 - 9s - loss: 0.4803 - val_loss: 0.4586
Epoch 3/50
 - 9s - loss: 0.4686 - val_loss: 0.4501
Epoch 4/50
 - 9s - loss: 0.4612 - val_loss: 0.4452
Epoch 5/50
 - 9s - loss: 0.4559 - val_loss: 0.4424
Epoch 6/50
 - 9s - loss: 0.4518 - val_loss: 0.4391
Epoch 7/50
 - 10s - loss: 0.4473 - val_loss: 0.4351
Epoch 8/50
 - 10s - loss: 0.4438 - val_loss: 0.4319
Epoch 9/50
 - 10s - loss: 0.4405 - val_loss: 0.4263
Epoch 10/50
 - 10s - loss: 0.4378 - val_loss: 0.4253
Epoch 11/50
 - 9s - loss: 0.4351 - val_loss: 0.4230
Epoch 12/50
 - 10s - loss: 0.4321 - val_loss: 0.4195
Epoch 13/50
 - 10s - loss: 0.4295 - val_loss: 0.4203
Epoch 14/50
 - 9s - loss: 0.4275 - val_loss: 0.4204
Epoch 15/50
 - 8s - loss: 0.4249 - val_loss: 0.4126
Epoch 16/50
 - 8s - loss: 0.4226 - val_loss: 0.4136
Epoch 17/50
 - 8s - loss: 0.4205 - val_loss: 0.4106
Epoch 18/50
 - 8s - loss: 0.4188 - val_loss: 0.4049
Epoch 19/50
 - 8s - loss: 0.4166 - val_loss: 0.4038
Epoch 20/50
 - 10s - loss: 0.4144 - val_loss: 0.4002
Epoch 21/50
 - 10s - loss: 0.4127 - val_loss: 0.4031
Epoch 22/50
 - 10s - loss: 0.4105 - val_loss: 0.4006
Epoch 23/50
 - 9s - loss: 0.4081 - val_loss: 0.3985
Epoch 24/50
 - 9s - loss: 0.4067 - val_loss: 0.3955
Epoch 25/50
 - 10s - loss: 0.4055 - val_loss: 0.3933
Epoch 26/50
 - 10s - loss: 0.4033 - val_loss: 0.3996
Epoch 27/50
 - 9s - loss: 0.4021 - val_loss: 0.3889
Epoch 28/50
 - 9s - loss: 0.4001 - val_loss: 0.3872
Epoch 29/50
 - 7s - loss: 0.3984 - val_loss: 0.3871
Epoch 30/50
 - 8s - loss: 0.3973 - val_loss: 0.3880
Epoch 31/50
 - 7s - loss: 0.3960 - val_loss: 0.3850
Epoch 32/50
 - 7s - loss: 0.3949 - val_loss: 0.3855
Epoch 33/50
 - 7s - loss: 0.3933 - val_loss: 0.3821
Epoch 34/50
 - 9s - loss: 0.3923 - val_loss: 0.3795
Epoch 35/50
 - 9s - loss: 0.3908 - val_loss: 0.3778
Epoch 36/50
 - 9s - loss: 0.3900 - val_loss: 0.3788
Epoch 37/50
 - 9s - loss: 0.3888 - val_loss: 0.3782
Epoch 38/50
 - 9s - loss: 0.3883 - val_loss: 0.3758
Epoch 39/50
 - 9s - loss: 0.3873 - val_loss: 0.3773
Epoch 40/50
 - 9s - loss: 0.3866 - val_loss: 0.4282
Epoch 41/50
 - 9s - loss: 0.3857 - val_loss: 0.3797
Epoch 42/50
 - 9s - loss: 0.3848 - val_loss: 0.3799
Epoch 43/50
 - 9s - loss: 0.3838 - val_loss: 0.3771
Epoch 44/50
 - 9s - loss: 0.3833 - val_loss: 0.3744
Epoch 45/50
 - 9s - loss: 0.3828 - val_loss: 0.3713
Epoch 46/50
 - 9s - loss: 0.3823 - val_loss: 0.3737
Epoch 47/50
 - 9s - loss: 0.3819 - val_loss: 0.3738
Epoch 48/50
 - 9s - loss: 0.3810 - val_loss: 0.3710
Epoch 49/50
 - 9s - loss: 0.3809 - val_loss: 0.3742
Epoch 50/50
 - 10s - loss: 0.3800 - val_loss: 0.3739
[38;2;74;176;245m[1mProfile[0m ⏱  ···· Time elapsed in [1mFold 1/3[0m: ............................... [1m500.6s[0m
[38;2;74;176;245m[1mProfile[0m ⏱  ···· Starting [1mFold 2/3[0m
Train on 1333334 samples, validate on 666666 samples
Epoch 1/50
 - 14s - loss: 0.5026 - val_loss: 0.4408
Epoch 2/50
 - 10s - loss: 0.4497 - val_loss: 0.4287
Epoch 3/50
 - 9s - loss: 0.4390 - val_loss: 0.4293
Epoch 4/50
 - 10s - loss: 0.4329 - val_loss: 0.4257
Epoch 5/50
 - 10s - loss: 0.4279 - val_loss: 0.4135
Epoch 6/50
 - 9s - loss: 0.4239 - val_loss: 0.4128
Epoch 7/50
 - 9s - loss: 0.4196 - val_loss: 0.4088
Epoch 8/50
 - 10s - loss: 0.4164 - val_loss: 0.4025
Epoch 9/50
 - 10s - loss: 0.4134 - val_loss: 0.4064
Epoch 10/50
 - 10s - loss: 0.4106 - val_loss: 0.3989
Epoch 11/50
 - 10s - loss: 0.4079 - val_loss: 0.3941
Epoch 12/50
 - 10s - loss: 0.4053 - val_loss: 0.3952
Epoch 13/50
 - 9s - loss: 0.4029 - val_loss: 0.3944
Epoch 14/50
 - 7s - loss: 0.4007 - val_loss: 0.3879
Epoch 15/50
 - 7s - loss: 0.3988 - val_loss: 0.4004
Epoch 16/50
 - 7s - loss: 0.3968 - val_loss: 0.3834
Epoch 17/50
 - 7s - loss: 0.3948 - val_loss: 0.3827
Epoch 18/50
 - 7s - loss: 0.3933 - val_loss: 0.3788
Epoch 19/50
 - 8s - loss: 0.3917 - val_loss: 0.3805
Epoch 20/50
 - 8s - loss: 0.3900 - val_loss: 0.3794
Epoch 21/50
 - 10s - loss: 0.3889 - val_loss: 0.3778
Epoch 22/50
 - 10s - loss: 0.3881 - val_loss: 0.3779
Epoch 23/50
 - 10s - loss: 0.3867 - val_loss: 0.3790
Epoch 24/50
 - 10s - loss: 0.3860 - val_loss: 0.3732
Epoch 25/50
 - 9s - loss: 0.3848 - val_loss: 0.3752
Epoch 26/50
 - 10s - loss: 0.3843 - val_loss: 0.3754
Epoch 27/50
 - 10s - loss: 0.3830 - val_loss: 0.3734
Epoch 28/50
 - 9s - loss: 0.3824 - val_loss: 0.3717
Epoch 29/50
 - 9s - loss: 0.3821 - val_loss: 0.3817
Epoch 30/50
 - 8s - loss: 0.3811 - val_loss: 0.3808
Epoch 31/50
 - 7s - loss: 0.3806 - val_loss: 0.3707
Epoch 32/50
 - 9s - loss: 0.3798 - val_loss: 0.3777
Epoch 33/50
 - 7s - loss: 0.3798 - val_loss: 0.3757
Epoch 34/50
 - 7s - loss: 0.3787 - val_loss: 0.3771
Epoch 35/50
 - 7s - loss: 0.3784 - val_loss: 0.3862
Epoch 36/50
 - 9s - loss: 0.3785 - val_loss: 0.3714
Epoch 37/50
 - 9s - loss: 0.3777 - val_loss: 0.3701
Epoch 38/50
 - 9s - loss: 0.3773 - val_loss: 0.3685
Epoch 39/50
 - 9s - loss: 0.3768 - val_loss: 0.4026
Epoch 40/50
 - 8s - loss: 0.3764 - val_loss: 0.3694
Epoch 41/50
 - 9s - loss: 0.3762 - val_loss: 0.3714
Epoch 42/50
 - 8s - loss: 0.3760 - val_loss: 0.3692
Epoch 43/50
 - 9s - loss: 0.3758 - val_loss: 0.3715
Epoch 44/50
 - 10s - loss: 0.3754 - val_loss: 0.3663
Epoch 45/50
 - 9s - loss: 0.3749 - val_loss: 0.3714
Epoch 46/50
 - 10s - loss: 0.3748 - val_loss: 0.3789
Epoch 47/50
 - 10s - loss: 0.3744 - val_loss: 0.3695
Epoch 48/50
 - 9s - loss: 0.3744 - val_loss: 0.3674
Epoch 49/50
 - 10s - loss: 0.3743 - val_loss: 0.3728
Epoch 50/50
 - 10s - loss: 0.3740 - val_loss: 0.3711
[38;2;74;176;245m[1mProfile[0m ⏱  ···· Time elapsed in [1mFold 2/3[0m: ............................... [1m489.4s[0m
[38;2;74;176;245m[1mProfile[0m ⏱  ···· Starting [1mFold 3/3[0m
Train on 1333334 samples, validate on 666666 samples
Epoch 1/50
 - 13s - loss: 0.4989 - val_loss: 0.4509
Epoch 2/50
 - 10s - loss: 0.4514 - val_loss: 0.4313
Epoch 3/50
 - 10s - loss: 0.4402 - val_loss: 0.4267
Epoch 4/50
 - 10s - loss: 0.4330 - val_loss: 0.4274
Epoch 5/50
 - 10s - loss: 0.4271 - val_loss: 0.4136
Epoch 6/50
 - 10s - loss: 0.4223 - val_loss: 0.4071
Epoch 7/50
 - 9s - loss: 0.4180 - val_loss: 0.4056
Epoch 8/50
 - 9s - loss: 0.4141 - val_loss: 0.4070
Epoch 9/50
 - 10s - loss: 0.4106 - val_loss: 0.4012
Epoch 10/50
 - 9s - loss: 0.4067 - val_loss: 0.4011
Epoch 11/50
 - 9s - loss: 0.4043 - val_loss: 0.3986
Epoch 12/50
 - 9s - loss: 0.4014 - val_loss: 0.3937
Epoch 13/50
 - 9s - loss: 0.3985 - val_loss: 0.3874
Epoch 14/50
 - 9s - loss: 0.3962 - val_loss: 0.3850
Epoch 15/50
 - 8s - loss: 0.3939 - val_loss: 0.3842
Epoch 16/50
 - 7s - loss: 0.3923 - val_loss: 0.3886
Epoch 17/50
 - 7s - loss: 0.3900 - val_loss: 0.3835
Epoch 18/50
 - 7s - loss: 0.3883 - val_loss: 0.3799
Epoch 19/50
 - 7s - loss: 0.3868 - val_loss: 0.3801
Epoch 20/50
 - 7s - loss: 0.3853 - val_loss: 0.3788
Epoch 21/50
 - 7s - loss: 0.3843 - val_loss: 0.3801
Epoch 22/50
 - 7s - loss: 0.3831 - val_loss: 0.3749
Epoch 23/50
 - 7s - loss: 0.3822 - val_loss: 0.3782
Epoch 24/50
 - 7s - loss: 0.3816 - val_loss: 0.3756
Epoch 25/50
 - 7s - loss: 0.3804 - val_loss: 0.3754
Epoch 26/50
 - 8s - loss: 0.3801 - val_loss: 0.3745
Epoch 27/50
 - 5s - loss: 0.3797 - val_loss: 0.3727
Epoch 28/50
 - 5s - loss: 0.3792 - val_loss: 0.3744
Epoch 29/50
 - 5s - loss: 0.3782 - val_loss: 0.3730
Epoch 30/50
 - 5s - loss: 0.3776 - val_loss: 0.3743
Epoch 31/50
 - 5s - loss: 0.3773 - val_loss: 0.3737
Epoch 32/50
 - 5s - loss: 0.3765 - val_loss: 0.3732
Epoch 33/50
 - 5s - loss: 0.3765 - val_loss: 0.3705
Epoch 34/50
 - 5s - loss: 0.3761 - val_loss: 0.3710
Epoch 35/50
 - 5s - loss: 0.3758 - val_loss: 0.3685
Epoch 36/50
 - 5s - loss: 0.3754 - val_loss: 0.3716
Epoch 37/50
 - 5s - loss: 0.3746 - val_loss: 0.3700
Epoch 38/50
 - 4s - loss: 0.3746 - val_loss: 0.3685
Epoch 39/50
 - 5s - loss: 0.3743 - val_loss: 0.3740
Epoch 40/50
 - 5s - loss: 0.3739 - val_loss: 0.3710
Epoch 41/50
 - 5s - loss: 0.3742 - val_loss: 0.3717
Epoch 42/50
 - 5s - loss: 0.3737 - val_loss: 0.3654
Epoch 43/50
 - 5s - loss: 0.3729 - val_loss: 0.3701
Epoch 44/50
 - 5s - loss: 0.3726 - val_loss: 0.3706
Epoch 45/50
 - 7s - loss: 0.3732 - val_loss: 0.3693
Epoch 46/50
 - 7s - loss: 0.3726 - val_loss: 0.3797
Epoch 47/50
 - 7s - loss: 0.3726 - val_loss: 0.3688
Epoch 48/50
 - 7s - loss: 0.3724 - val_loss: 0.3760
Epoch 49/50
 - 7s - loss: 0.3718 - val_loss: 0.3691
Epoch 50/50
 - 7s - loss: 0.3716 - val_loss: 0.3693
Got result 0.373315457972
Completed successfully in 1479.07 seconds. [{u'main': 0.37331545797214394}]
[38;2;74;176;245m[1mProfile[0m ⏱  ···· Time elapsed in [1mFold 3/3[0m: ............................... [1m399.5s[0m
[38;2;74;176;245m[1mProfile[0m ⏱  ·· Time elapsed in [1mClassifier-only fit, cross-validation[0m: ... [1m1390.2s[0m
[38;2;74;176;245m[1mProfile[0m ⏱  Time elapsed in [1m@main[0m: ...................................... [1m1450.7s[0m
cd: Going back to /exports/eddie3_homes_local/s1562020/work/adversarial/optimisation/experiments/classifier
