Job launching after 4.84 seconds in submission.
Running python job.
Changed into dir /exports/eddie3_homes_local/s1562020/work/adversarial/optimisation/experiments/classifier
Importing optimise.py
Running optimise.main()
INFO: Applying patch '/exports/eddie3_homes_local/s1562020/work/adversarial/optimisation/experiments/classifier/patches/patch.00000022.json'
INFO: Found 20 Intel(R) Xeon(R) CPU E5-2630 v4 @ 2.20GHz devices with 10 cores each.
Using TensorFlow backend.
INFO: Scaling classifier/lr -1 -> 0.1
INFO: Scaling classifier/decay -6 -> 1e-06
INFO: Scaling classifier/units 9 -> 512
INFO: Writing TensorBoard logs to 'logs/tensorboard/classifier-patch.00000022/'
INFO: Running '/exports/eddie3_homes_local/s1562020/work/adversarial/run/adversarial/common.pyc'
INFO: Command-line arguments:
INFO: Configuration file contents:
INFO: Python version: 2.7.14
INFO: Numpy  version: 1.12.1
INFO: Keras  version: 2.1.5
INFO: Using keras backend: 'tensorflow'
INFO: Found  1000000 training and  1000249 test samples for signal
INFO: Found  1000000 training and 10000000 test samples for background
INFO: load_data: Selecting only training data.
INFO: Implementing gradient reversal layer in TensorFlow
INFO: Training cross-validation classifiers
Call to main function (#22)
  Parameters: {u'classifier/model/default/units': array([9]), u'classifier/compile/decay': array([-6]), u'classifier/model/default/dropout': array([ 0.03135501]), u'classifier/compile/lr': array([-1]), u'classifier/model/architecture': array([1]), u'classifier/model/default/activation': [u'tanh']}
param: classifier/model/default/units
param: classifier/compile/decay
param: classifier/model/default/dropout
param: classifier/compile/lr
param: classifier/model/architecture
param: classifier/model/default/activation
- - - - - - - - - - - - - - - - - - - - - - - - - - - - - - - - - - - - - - - - 
Saving the following patch to '/exports/eddie3_homes_local/s1562020/work/adversarial/optimisation/experiments/classifier/patches/patch.00000022.json':
{u'classifier': {u'compile': {u'lr': -1, u'decay': -6}, u'model': {u'default': {u'units': 9, u'dropout': 0.031355005399007395, u'activation': u'tanh'}, u'architecture': 1}, 'fit': {'epochs': 50, 'batch_size': 8192}}}
- - - - - - - - - - - - - - - - - - - - - - - - - - - - - - - - - - - - - - - - 
cd: Going to /exports/eddie3_homes_local/s1562020/work/adversarial/
[38;2;74;176;245m[1mProfile[0m ⏱  Starting [1m@main[0m
[38;2;74;176;245m[1mProfile[0m ⏱  ·· Starting [1mInitialisation[0m
[38;2;74;176;245m[1mProfile[0m ⏱  ···· Starting [1m@initialise[0m
[38;2;74;176;245m[1mProfile[0m ⏱  ···· Time elapsed in [1m@initialise[0m: .............................. [1m0.0s[0m
[38;2;74;176;245m[1mProfile[0m ⏱  ···· Starting [1m@initialise_backend[0m
[38;2;74;176;245m[1mProfile[0m ⏱  ······ Starting [1m@configure_tensorflow[0m
[38;2;74;176;245m[1mProfile[0m ⏱  ······ Time elapsed in [1m@configure_tensorflow[0m: ................. [1m18.2s[0m
[38;2;74;176;245m[1mProfile[0m ⏱  ···· Time elapsed in [1m@initialise_backend[0m: ..................... [1m19.0s[0m
{'config': './configs/default.json',
 'devices': 7,
 'folds': 3,
 'gpu': True,
 'input': './input/',
 'jobname': 'classifier-patch.00000022',
 'mode': 'gpu',
 'optimise_adversarial': False,
 'optimise_classifier': True,
 'output': './output/',
 'patches': ['/exports/eddie3_homes_local/s1562020/work/adversarial/optimisation/experiments/classifier/patches/patch.00000022.json'],
 'tensorboard': True,
 'theano': False,
 'train': False,
 'train_adversarial': False,
 'train_classifier': True,
 'verbose': False}
{u'adversary': {u'compile': {},
                u'fit': {},
                u'model': {u'architecture': [{}, {}, {}, {}],
                           u'default': {u'activation': u'relu',
                                        u'units': 64},
                           u'gmm_components': 5}},
 u'classifier': {u'compile': {u'loss': u'binary_crossentropy',
                              u'optimizer': <keras.optimizers.Adam object at 0x2b4bf86cf310>},
                 u'fit': {u'batch_size': 57344,
                          u'epochs': 50,
                          u'shuffle': True,
                          'verbose': 2},
                 u'model': {u'architecture': [{}],
                            u'default': {u'activation': u'tanh',
                                         u'batchnorm': True,
                                         u'dropout': 0.031355005399007395,
                                         u'units': 512}}},
 u'combined': {u'compile': {u'loss': [u'binary_crossentropy', None],
                            u'loss_weights': [9.09090909090909e-09, 1.0],
                            u'optimizer': <keras.optimizers.Adam object at 0x2b4bf86cf350>},
               u'fit': {u'batch_size': 57344,
                        u'epochs': 200,
                        u'shuffle': True,
                        'verbose': 2},
               u'model': {u'lambda_reg': 10.0,
                          u'lr_ratio': 9.09090909090909e-09},
               u'pretrain': 10}}
  TensorFlow version: 1.4.1
[38;2;74;176;245m[1mProfile[0m ⏱  ·· Time elapsed in [1mInitialisation[0m: ............................ [1m19.1s[0m
[38;2;74;176;245m[1mProfile[0m ⏱  ·· Starting [1m@load_data[0m
[38;2;74;176;245m[1mProfile[0m ⏱  ·· Time elapsed in [1m@load_data[0m: ................................ [1m33.9s[0m
[38;2;74;176;245m[1mProfile[0m ⏱  ·· Starting [1m@get_decorrelation_variables[0m
[38;2;74;176;245m[1mProfile[0m ⏱  ·· Time elapsed in [1m@get_decorrelation_variables[0m: ............... [1m0.0s[0m
[38;2;74;176;245m[1mProfile[0m ⏱  ·· Starting [1mClassifier-only fit, cross-validation[0m
[38;2;74;176;245m[1mProfile[0m ⏱  ···· Starting [1mFold 1/3[0m
Train on 1333332 samples, validate on 666668 samples
Epoch 1/50
 - 2s - loss: 1.0725 - val_loss: 0.5460
Epoch 2/50
 - 2s - loss: 0.5121 - val_loss: 0.4766
Epoch 3/50
 - 2s - loss: 0.4645 - val_loss: 0.4510
Epoch 4/50
 - 2s - loss: 0.4465 - val_loss: 0.4390
Epoch 5/50
 - 2s - loss: 0.4236 - val_loss: 0.3970
Epoch 6/50
 - 2s - loss: 0.3980 - val_loss: 0.3966
Epoch 7/50
 - 2s - loss: 0.3918 - val_loss: 0.3939
Epoch 8/50
 - 2s - loss: 0.3893 - val_loss: 0.3813
Epoch 9/50
 - 2s - loss: 0.3860 - val_loss: 0.4180
Epoch 10/50
 - 2s - loss: 0.3900 - val_loss: 0.3838
Epoch 11/50
 - 2s - loss: 0.3818 - val_loss: 0.3805
Epoch 12/50
 - 2s - loss: 0.3798 - val_loss: 0.3847
Epoch 13/50
 - 2s - loss: 0.3795 - val_loss: 0.3814
Epoch 14/50
 - 2s - loss: 0.3789 - val_loss: 0.3797
Epoch 15/50
 - 2s - loss: 0.3786 - val_loss: 0.4138
Epoch 16/50
 - 2s - loss: 0.3814 - val_loss: 0.3730
Epoch 17/50
 - 2s - loss: 0.3791 - val_loss: 0.3724
Epoch 18/50
 - 2s - loss: 0.3762 - val_loss: 0.3770
Epoch 19/50
 - 2s - loss: 0.3814 - val_loss: 0.3847
Epoch 20/50
 - 2s - loss: 0.3772 - val_loss: 0.3777
Epoch 21/50
 - 2s - loss: 0.3769 - val_loss: 0.3721
Epoch 22/50
 - 2s - loss: 0.3728 - val_loss: 0.3697
Epoch 23/50
 - 2s - loss: 0.3750 - val_loss: 0.3778
Epoch 24/50
 - 2s - loss: 0.3725 - val_loss: 0.3702
Epoch 25/50
 - 2s - loss: 0.3723 - val_loss: 0.3680
Epoch 26/50
 - 2s - loss: 0.3729 - val_loss: 0.3668
Epoch 27/50
 - 2s - loss: 0.3726 - val_loss: 0.3694
Epoch 28/50
 - 2s - loss: 0.3715 - val_loss: 0.3750
Epoch 29/50
 - 2s - loss: 0.3715 - val_loss: 0.3756
Epoch 30/50
 - 2s - loss: 0.3702 - val_loss: 0.3748
Epoch 31/50
 - 2s - loss: 0.3720 - val_loss: 0.3690
Epoch 32/50
 - 2s - loss: 0.3709 - val_loss: 0.3659
Epoch 33/50
 - 2s - loss: 0.3695 - val_loss: 0.3704
Epoch 34/50
 - 2s - loss: 0.3714 - val_loss: 0.3710
Epoch 35/50
 - 2s - loss: 0.3691 - val_loss: 0.3644
Epoch 36/50
 - 2s - loss: 0.3690 - val_loss: 0.3658
Epoch 37/50
 - 2s - loss: 0.3682 - val_loss: 0.3643
Epoch 38/50
 - 2s - loss: 0.3669 - val_loss: 0.3689
Epoch 39/50
 - 2s - loss: 0.3673 - val_loss: 0.3672
Epoch 40/50
 - 2s - loss: 0.3693 - val_loss: 0.3725
Epoch 41/50
 - 2s - loss: 0.3681 - val_loss: 0.3622
Epoch 42/50
 - 2s - loss: 0.3677 - val_loss: 0.3736
Epoch 43/50
 - 2s - loss: 0.3672 - val_loss: 0.3671
Epoch 44/50
 - 2s - loss: 0.3668 - val_loss: 0.3732
Epoch 45/50
 - 2s - loss: 0.3704 - val_loss: 0.3646
Epoch 46/50
 - 2s - loss: 0.3684 - val_loss: 0.3678
Epoch 47/50
 - 2s - loss: 0.3657 - val_loss: 0.3667
Epoch 48/50
 - 2s - loss: 0.3663 - val_loss: 0.3726
Epoch 49/50
 - 1s - loss: 0.3683 - val_loss: 0.3666
Epoch 50/50
 - 2s - loss: 0.3667 - val_loss: 0.3637
[38;2;74;176;245m[1mProfile[0m ⏱  ···· Time elapsed in [1mFold 1/3[0m: ............................... [1m116.3s[0m
[38;2;74;176;245m[1mProfile[0m ⏱  ···· Starting [1mFold 2/3[0m
Train on 1333334 samples, validate on 666666 samples
Epoch 1/50
 - 2s - loss: 5.3952 - val_loss: 2.7780
Epoch 2/50
 - 2s - loss: 3.1520 - val_loss: 2.7633
Epoch 3/50
 - 2s - loss: 2.9312 - val_loss: 3.0101
Epoch 4/50
 - 1s - loss: 3.0389 - val_loss: 4.4744
Epoch 5/50
 - 1s - loss: 3.1539 - val_loss: 2.8690
Epoch 6/50
 - 1s - loss: 2.7055 - val_loss: 2.3054
Epoch 7/50
 - 1s - loss: 2.2986 - val_loss: 1.7987
Epoch 8/50
 - 1s - loss: 2.2725 - val_loss: 2.0564
Epoch 9/50
 - 2s - loss: 2.1072 - val_loss: 1.6727
Epoch 10/50
 - 2s - loss: 1.9587 - val_loss: 1.4278
Epoch 11/50
 - 2s - loss: 1.9442 - val_loss: 1.3226
Epoch 12/50
 - 2s - loss: 1.8381 - val_loss: 1.8625
Epoch 13/50
 - 2s - loss: 1.8097 - val_loss: 1.4003
Epoch 14/50
 - 2s - loss: 1.6092 - val_loss: 1.1119
Epoch 15/50
 - 2s - loss: 1.5774 - val_loss: 0.9471
Epoch 16/50
 - 2s - loss: 1.5152 - val_loss: 1.6687
Epoch 17/50
 - 2s - loss: 1.5700 - val_loss: 0.9588
Epoch 18/50
 - 2s - loss: 1.3684 - val_loss: 0.8016
Epoch 19/50
 - 2s - loss: 1.2858 - val_loss: 0.7760
Epoch 20/50
 - 2s - loss: 1.3778 - val_loss: 1.0043
Epoch 21/50
 - 2s - loss: 1.1827 - val_loss: 0.8207
Epoch 22/50
 - 2s - loss: 1.2791 - val_loss: 1.0312
Epoch 23/50
 - 2s - loss: 1.1347 - val_loss: 0.6909
Epoch 24/50
 - 2s - loss: 1.1281 - val_loss: 7.9767
Epoch 25/50
 - 2s - loss: 1.1202 - val_loss: 0.9737
Epoch 26/50
 - 2s - loss: 1.0048 - val_loss: 0.6879
Epoch 27/50
 - 2s - loss: 0.8925 - val_loss: 0.7751
Epoch 28/50
 - 2s - loss: 0.8057 - val_loss: 0.4710
Epoch 29/50
 - 2s - loss: 0.9445 - val_loss: 0.7333
Epoch 30/50
 - 2s - loss: 0.8499 - val_loss: 0.7206
Epoch 31/50
 - 2s - loss: 0.8570 - val_loss: 0.4548
Epoch 32/50
 - 2s - loss: 1.0384 - val_loss: 0.6166
Epoch 33/50
 - 2s - loss: 0.9167 - val_loss: 0.5546
Epoch 34/50
 - 2s - loss: 0.7318 - val_loss: 0.5009
Epoch 35/50
 - 2s - loss: 0.7463 - val_loss: 1.1929
Epoch 36/50
 - 2s - loss: 0.7664 - val_loss: 0.5220
Epoch 37/50
 - 2s - loss: 0.6648 - val_loss: 0.4842
Epoch 38/50
 - 2s - loss: 0.6511 - val_loss: 0.7536
Epoch 39/50
 - 2s - loss: 0.8357 - val_loss: 0.4280
Epoch 40/50
 - 2s - loss: 0.6048 - val_loss: 0.6383
Epoch 41/50
 - 2s - loss: 0.6806 - val_loss: 0.7337
Epoch 42/50
 - 2s - loss: 0.7630 - val_loss: 0.7367
Epoch 43/50
 - 2s - loss: 0.7002 - val_loss: 0.7145
Epoch 44/50
 - 2s - loss: 0.6370 - val_loss: 0.4390
Epoch 45/50
 - 2s - loss: 0.5198 - val_loss: 0.4397
Epoch 46/50
 - 2s - loss: 0.6501 - val_loss: 0.8957
Epoch 47/50
 - 2s - loss: 0.5557 - val_loss: 0.4491
Epoch 48/50
 - 2s - loss: 0.5064 - val_loss: 0.8050
Epoch 49/50
 - 2s - loss: 0.6972 - val_loss: 1.5399
Epoch 50/50
 - 2s - loss: 0.7292 - val_loss: 0.8046
[38;2;74;176;245m[1mProfile[0m ⏱  ···· Time elapsed in [1mFold 2/3[0m: ................................ [1m89.8s[0m
[38;2;74;176;245m[1mProfile[0m ⏱  ···· Starting [1mFold 3/3[0m
Train on 1333334 samples, validate on 666666 samples
Epoch 1/50
 - 2s - loss: 7.6914 - val_loss: 8.0375
Epoch 2/50
 - 2s - loss: 6.6520 - val_loss: 4.7868
Epoch 3/50
 - 2s - loss: 3.3869 - val_loss: 3.0158
Epoch 4/50
 - 2s - loss: 2.9308 - val_loss: 3.0031
Epoch 5/50
 - 2s - loss: 2.8022 - val_loss: 2.5749
Epoch 6/50
 - 2s - loss: 2.4903 - val_loss: 2.3591
Epoch 7/50
 - 2s - loss: 2.2989 - val_loss: 2.6922
Epoch 8/50
 - 2s - loss: 2.2779 - val_loss: 1.6780
Epoch 9/50
 - 2s - loss: 2.1073 - val_loss: 1.8338
Epoch 10/50
 - 2s - loss: 2.0056 - val_loss: 1.7236
Epoch 11/50
 - 2s - loss: 2.1326 - val_loss: 1.8746
Epoch 12/50
 - 2s - loss: 1.9567 - val_loss: 2.4385
Epoch 13/50
 - 2s - loss: 1.9050 - val_loss: 1.1379
Epoch 14/50
 - 2s - loss: 1.9533 - val_loss: 1.2925
Epoch 15/50
 - 2s - loss: 1.6595 - val_loss: 1.3215
Epoch 16/50
 - 2s - loss: 1.6653 - val_loss: 1.1650
Epoch 17/50
 - 2s - loss: 1.4785 - val_loss: 0.8826
Epoch 18/50
 - 2s - loss: 1.5468 - val_loss: 1.2115
Epoch 19/50
 - 2s - loss: 1.4452 - val_loss: 0.8965
Epoch 20/50
 - 2s - loss: 1.2341 - val_loss: 0.7687
Epoch 21/50
 - 2s - loss: 1.1179 - val_loss: 1.2026
Epoch 22/50
 - 2s - loss: 1.2916 - val_loss: 1.2061
Epoch 23/50
 - 2s - loss: 1.1023 - val_loss: 0.6123
Epoch 24/50
 - 2s - loss: 0.9334 - val_loss: 0.6683
Epoch 25/50
 - 2s - loss: 0.9159 - val_loss: 0.6693
Epoch 26/50
 - 2s - loss: 0.9902 - val_loss: 0.7621
Epoch 27/50
 - 2s - loss: 0.8532 - val_loss: 0.7702
Epoch 28/50
 - 2s - loss: 0.8124 - val_loss: 0.5467
Epoch 29/50
 - 2s - loss: 0.9312 - val_loss: 0.7748
Epoch 30/50
 - 2s - loss: 0.9291 - val_loss: 1.1844
Epoch 31/50
 - 2s - loss: 0.7981 - val_loss: 0.8854
Epoch 32/50
 - 2s - loss: 0.8150 - val_loss: 0.4815
Epoch 33/50
 - 2s - loss: 0.7216 - val_loss: 0.9399
Epoch 34/50
 - 2s - loss: 0.7031 - val_loss: 0.4697
Epoch 35/50
 - 2s - loss: 0.6142 - val_loss: 0.5821
Epoch 36/50
 - 2s - loss: 0.7707 - val_loss: 0.6868
Epoch 37/50
 - 2s - loss: 0.6133 - val_loss: 0.5402
Epoch 38/50
 - 2s - loss: 0.8331 - val_loss: 0.8087
Epoch 39/50
 - 2s - loss: 0.7056 - val_loss: 0.4441
Epoch 40/50
 - 2s - loss: 0.6223 - val_loss: 0.6022
Epoch 41/50
 - 2s - loss: 0.5464 - val_loss: 0.4245
Epoch 42/50
 - 2s - loss: 0.5739 - val_loss: 0.4406
Epoch 43/50
 - 2s - loss: 0.4874 - val_loss: 0.4831
Epoch 44/50
 - 2s - loss: 0.5611 - val_loss: 0.4802
Epoch 45/50
 - 2s - loss: 0.6748 - val_loss: 0.6511
Epoch 46/50
 - 2s - loss: 0.5644 - val_loss: 0.5705
Epoch 47/50
 - 2s - loss: 0.5103 - val_loss: 0.4701
Epoch 48/50
 - 2s - loss: 0.5670 - val_loss: 0.5583
Epoch 49/50
 - 2s - loss: 0.5314 - val_loss: 0.5525
Epoch 50/50
 - 2s - loss: 0.5584 - val_loss: 0.5006
Got result 0.740561147472
Completed successfully in 387.56 seconds. [{u'main': 0.7405611474715061}]
[38;2;74;176;245m[1mProfile[0m ⏱  ···· Time elapsed in [1mFold 3/3[0m: ............................... [1m100.8s[0m
[38;2;74;176;245m[1mProfile[0m ⏱  ·· Time elapsed in [1mClassifier-only fit, cross-validation[0m: .... [1m307.5s[0m
[38;2;74;176;245m[1mProfile[0m ⏱  Time elapsed in [1m@main[0m: ....................................... [1m360.8s[0m
cd: Going back to /exports/eddie3_homes_local/s1562020/work/adversarial/optimisation/experiments/classifier
