Job launching after 4.92 seconds in submission.
Running python job.
Changed into dir /exports/eddie3_homes_local/s1562020/work/adversarial/optimisation/experiments/classifier
Importing optimise.py
Running optimise.main()
INFO: Applying patch '/exports/eddie3_homes_local/s1562020/work/adversarial/optimisation/experiments/classifier/patches/patch.00000081.json'
INFO: Found 20 Intel(R) Xeon(R) CPU E5-2630 v4 @ 2.20GHz devices with 10 cores each.
Using TensorFlow backend.
INFO: Scaling classifier/lr -5 -> 1e-05
INFO: Scaling classifier/decay -2 -> 0.01
INFO: Scaling classifier/units 1 -> 2
INFO: Writing TensorBoard logs to 'logs/tensorboard/classifier-patch.00000081/'
INFO: Running '/exports/eddie3_homes_local/s1562020/work/adversarial/run/adversarial/common.pyc'
INFO: Command-line arguments:
INFO: Configuration file contents:
INFO: Python version: 2.7.14
INFO: Numpy  version: 1.12.1
INFO: Keras  version: 2.1.5
INFO: Using keras backend: 'tensorflow'
INFO: Found  1000000 training and  1000249 test samples for signal
INFO: Found  1000000 training and 10000000 test samples for background
INFO: load_data: Selecting only training data.
INFO: Implementing gradient reversal layer in TensorFlow
INFO: Training cross-validation classifiers
Call to main function (#81)
  Parameters: {u'classifier/model/default/units': array([1]), u'classifier/compile/decay': array([-2]), u'classifier/model/default/dropout': array([ 0.28778891]), u'classifier/compile/lr': array([-5]), u'classifier/model/architecture': array([1]), u'classifier/model/default/activation': [u'relu']}
param: classifier/model/default/units
param: classifier/compile/decay
param: classifier/model/default/dropout
param: classifier/compile/lr
param: classifier/model/architecture
param: classifier/model/default/activation
- - - - - - - - - - - - - - - - - - - - - - - - - - - - - - - - - - - - - - - - 
Saving the following patch to '/exports/eddie3_homes_local/s1562020/work/adversarial/optimisation/experiments/classifier/patches/patch.00000081.json':
{u'classifier': {u'compile': {u'lr': -5, u'decay': -2}, u'model': {u'default': {u'units': 1, u'dropout': 0.28778891151637515, u'activation': u'relu'}, u'architecture': 1}, 'fit': {'epochs': 50, 'batch_size': 8192}}}
- - - - - - - - - - - - - - - - - - - - - - - - - - - - - - - - - - - - - - - - 
cd: Going to /exports/eddie3_homes_local/s1562020/work/adversarial/
[38;2;74;176;245m[1mProfile[0m ⏱  Starting [1m@main[0m
[38;2;74;176;245m[1mProfile[0m ⏱  ·· Starting [1mInitialisation[0m
[38;2;74;176;245m[1mProfile[0m ⏱  ···· Starting [1m@initialise[0m
[38;2;74;176;245m[1mProfile[0m ⏱  ···· Time elapsed in [1m@initialise[0m: .............................. [1m0.0s[0m
[38;2;74;176;245m[1mProfile[0m ⏱  ···· Starting [1m@initialise_backend[0m
[38;2;74;176;245m[1mProfile[0m ⏱  ······ Starting [1m@configure_tensorflow[0m
[38;2;74;176;245m[1mProfile[0m ⏱  ······ Time elapsed in [1m@configure_tensorflow[0m: ................. [1m15.8s[0m
[38;2;74;176;245m[1mProfile[0m ⏱  ···· Time elapsed in [1m@initialise_backend[0m: ..................... [1m17.2s[0m
{'config': './configs/default.json',
 'devices': 7,
 'folds': 3,
 'gpu': True,
 'input': './input/',
 'jobname': 'classifier-patch.00000081',
 'mode': 'gpu',
 'optimise_adversarial': False,
 'optimise_classifier': True,
 'output': './output/',
 'patches': ['/exports/eddie3_homes_local/s1562020/work/adversarial/optimisation/experiments/classifier/patches/patch.00000081.json'],
 'tensorboard': True,
 'theano': False,
 'train': False,
 'train_adversarial': False,
 'train_classifier': True,
 'verbose': False}
{u'adversary': {u'compile': {},
                u'fit': {},
                u'model': {u'architecture': [{}, {}, {}, {}],
                           u'default': {u'activation': u'relu',
                                        u'units': 64},
                           u'gmm_components': 5}},
 u'classifier': {u'compile': {u'loss': u'binary_crossentropy',
                              u'optimizer': <keras.optimizers.Adam object at 0x2b3154cbc310>},
                 u'fit': {u'batch_size': 57344,
                          u'epochs': 50,
                          u'shuffle': True,
                          'verbose': 2},
                 u'model': {u'architecture': [{}],
                            u'default': {u'activation': u'relu',
                                         u'batchnorm': True,
                                         u'dropout': 0.28778891151637515,
                                         u'units': 2}}},
 u'combined': {u'compile': {u'loss': [u'binary_crossentropy', None],
                            u'loss_weights': [1.8181818181818182e-09, 1.0],
                            u'optimizer': <keras.optimizers.Adam object at 0x2b3154cbc350>},
               u'fit': {u'batch_size': 57344,
                        u'epochs': 500,
                        u'shuffle': True,
                        'verbose': 2},
               u'model': {u'lambda_reg': 10.0,
                          u'lr_ratio': 1.8181818181818182e-09},
               u'pretrain': 10}}
  TensorFlow version: 1.4.1
[38;2;74;176;245m[1mProfile[0m ⏱  ·· Time elapsed in [1mInitialisation[0m: ............................ [1m17.3s[0m
[38;2;74;176;245m[1mProfile[0m ⏱  ·· Starting [1m@load_data[0m
[38;2;74;176;245m[1mProfile[0m ⏱  ·· Time elapsed in [1m@load_data[0m: ................................ [1m33.9s[0m
[38;2;74;176;245m[1mProfile[0m ⏱  ·· Starting [1m@get_decorrelation_variables[0m
[38;2;74;176;245m[1mProfile[0m ⏱  ·· Time elapsed in [1m@get_decorrelation_variables[0m: ............... [1m0.0s[0m
[38;2;74;176;245m[1mProfile[0m ⏱  ·· Starting [1mClassifier-only fit, cross-validation[0m
[38;2;74;176;245m[1mProfile[0m ⏱  ···· Starting [1mFold 1/3[0m
Train on 1333332 samples, validate on 666668 samples
Epoch 1/50
 - 1s - loss: 0.8014 - val_loss: 0.7844
Epoch 2/50
 - 1s - loss: 0.8005 - val_loss: 0.7977
Epoch 3/50
 - 1s - loss: 0.7998 - val_loss: 0.7964
Epoch 4/50
 - 1s - loss: 0.7994 - val_loss: 0.7931
Epoch 5/50
 - 1s - loss: 0.7997 - val_loss: 0.7952
Epoch 6/50
 - 1s - loss: 0.7980 - val_loss: 0.7957
Epoch 7/50
 - 1s - loss: 0.7984 - val_loss: 0.7940
Epoch 8/50
 - 1s - loss: 0.7992 - val_loss: 0.7892
Epoch 9/50
 - 1s - loss: 0.7984 - val_loss: 0.7887
Epoch 10/50
 - 1s - loss: 0.7981 - val_loss: 0.7901
Epoch 11/50
 - 1s - loss: 0.7975 - val_loss: 0.7907
Epoch 12/50
 - 1s - loss: 0.7978 - val_loss: 0.7924
Epoch 13/50
 - 1s - loss: 0.7970 - val_loss: 0.7940
Epoch 14/50
 - 1s - loss: 0.7985 - val_loss: 0.7923
Epoch 15/50
 - 1s - loss: 0.7964 - val_loss: 0.7918
Epoch 16/50
 - 1s - loss: 0.7973 - val_loss: 0.7901
Epoch 17/50
 - 1s - loss: 0.7969 - val_loss: 0.7905
Epoch 18/50
 - 1s - loss: 0.7967 - val_loss: 0.7882
Epoch 19/50
 - 1s - loss: 0.7973 - val_loss: 0.7876
Epoch 20/50
 - 1s - loss: 0.7961 - val_loss: 0.7887
Epoch 21/50
 - 1s - loss: 0.7971 - val_loss: 0.7949
Epoch 22/50
 - 1s - loss: 0.7959 - val_loss: 0.7922
Epoch 23/50
 - 1s - loss: 0.7970 - val_loss: 0.7903
Epoch 24/50
 - 1s - loss: 0.7967 - val_loss: 0.7888
Epoch 25/50
 - 1s - loss: 0.7957 - val_loss: 0.7786
Epoch 26/50
 - 1s - loss: 0.7971 - val_loss: 0.7883
Epoch 27/50
 - 1s - loss: 0.7972 - val_loss: 0.7918
Epoch 28/50
 - 1s - loss: 0.7970 - val_loss: 0.7922
Epoch 29/50
 - 1s - loss: 0.7960 - val_loss: 0.7940
Epoch 30/50
 - 1s - loss: 0.7965 - val_loss: 0.7921
Epoch 31/50
 - 1s - loss: 0.7956 - val_loss: 0.7866
Epoch 32/50
 - 1s - loss: 0.7968 - val_loss: 0.7917
Epoch 33/50
 - 1s - loss: 0.7960 - val_loss: 0.7845
Epoch 34/50
 - 1s - loss: 0.7953 - val_loss: 0.7888
Epoch 35/50
 - 1s - loss: 0.7954 - val_loss: 0.7895
Epoch 36/50
 - 1s - loss: 0.7952 - val_loss: 0.7845
Epoch 37/50
 - 1s - loss: 0.7950 - val_loss: 0.7845
Epoch 38/50
 - 1s - loss: 0.7943 - val_loss: 0.7932
Epoch 39/50
 - 1s - loss: 0.7954 - val_loss: 0.7913
Epoch 40/50
 - 1s - loss: 0.7951 - val_loss: 0.7889
Epoch 41/50
 - 1s - loss: 0.7946 - val_loss: 0.7873
Epoch 42/50
 - 1s - loss: 0.7953 - val_loss: 0.7939
Epoch 43/50
 - 1s - loss: 0.7959 - val_loss: 0.7917
Epoch 44/50
 - 1s - loss: 0.7952 - val_loss: 0.7858
Epoch 45/50
 - 1s - loss: 0.7937 - val_loss: 0.7920
Epoch 46/50
 - 1s - loss: 0.7951 - val_loss: 0.7888
Epoch 47/50
 - 1s - loss: 0.7947 - val_loss: 0.7853
Epoch 48/50
 - 1s - loss: 0.7941 - val_loss: 0.7901
Epoch 49/50
 - 1s - loss: 0.7946 - val_loss: 0.7892
Epoch 50/50
 - 1s - loss: 0.7948 - val_loss: 0.7877
[38;2;74;176;245m[1mProfile[0m ⏱  ···· Time elapsed in [1mFold 1/3[0m: ................................ [1m76.0s[0m
[38;2;74;176;245m[1mProfile[0m ⏱  ···· Starting [1mFold 2/3[0m
Train on 1333334 samples, validate on 666666 samples
Epoch 1/50
 - 1s - loss: 0.7028 - val_loss: 0.6751
Epoch 2/50
 - 1s - loss: 0.7023 - val_loss: 0.6731
Epoch 3/50
 - 1s - loss: 0.7028 - val_loss: 0.6714
Epoch 4/50
 - 1s - loss: 0.7031 - val_loss: 0.6721
Epoch 5/50
 - 1s - loss: 0.7030 - val_loss: 0.6715
Epoch 6/50
 - 1s - loss: 0.7026 - val_loss: 0.6712
Epoch 7/50
 - 1s - loss: 0.7026 - val_loss: 0.6716
Epoch 8/50
 - 1s - loss: 0.7028 - val_loss: 0.6768
Epoch 9/50
 - 1s - loss: 0.7026 - val_loss: 0.6694
Epoch 10/50
 - 1s - loss: 0.7027 - val_loss: 0.6699
Epoch 11/50
 - 1s - loss: 0.7027 - val_loss: 0.6705
Epoch 12/50
 - 1s - loss: 0.7021 - val_loss: 0.6711
Epoch 13/50
 - 1s - loss: 0.7032 - val_loss: 0.6703
Epoch 14/50
 - 1s - loss: 0.7020 - val_loss: 0.6713
Epoch 15/50
 - 1s - loss: 0.7027 - val_loss: 0.6725
Epoch 16/50
 - 1s - loss: 0.7019 - val_loss: 0.6717
Epoch 17/50
 - 2s - loss: 0.7019 - val_loss: 0.6701
Epoch 18/50
 - 1s - loss: 0.7024 - val_loss: 0.6710
Epoch 19/50
 - 1s - loss: 0.7021 - val_loss: 0.6708
Epoch 20/50
 - 1s - loss: 0.7023 - val_loss: 0.6710
Epoch 21/50
 - 1s - loss: 0.7021 - val_loss: 0.6715
Epoch 22/50
 - 1s - loss: 0.7028 - val_loss: 0.6708
Epoch 23/50
 - 1s - loss: 0.7022 - val_loss: 0.6713
Epoch 24/50
 - 1s - loss: 0.7028 - val_loss: 0.6714
Epoch 25/50
 - 1s - loss: 0.7025 - val_loss: 0.6713
Epoch 26/50
 - 1s - loss: 0.7025 - val_loss: 0.6709
Epoch 27/50
 - 1s - loss: 0.7024 - val_loss: 0.6710
Epoch 28/50
 - 1s - loss: 0.7026 - val_loss: 0.6713
Epoch 29/50
 - 1s - loss: 0.7022 - val_loss: 0.6699
Epoch 30/50
 - 1s - loss: 0.7020 - val_loss: 0.6711
Epoch 31/50
 - 1s - loss: 0.7027 - val_loss: 0.6697
Epoch 32/50
 - 1s - loss: 0.7020 - val_loss: 0.6706
Epoch 33/50
 - 1s - loss: 0.7027 - val_loss: 0.6702
Epoch 34/50
 - 1s - loss: 0.7018 - val_loss: 0.6707
Epoch 35/50
 - 1s - loss: 0.7028 - val_loss: 0.6710
Epoch 36/50
 - 1s - loss: 0.7019 - val_loss: 0.6709
Epoch 37/50
 - 1s - loss: 0.7016 - val_loss: 0.6700
Epoch 38/50
 - 1s - loss: 0.7027 - val_loss: 0.6702
Epoch 39/50
 - 2s - loss: 0.7021 - val_loss: 0.6704
Epoch 40/50
 - 2s - loss: 0.7022 - val_loss: 0.6709
Epoch 41/50
 - 2s - loss: 0.7021 - val_loss: 0.6711
Epoch 42/50
 - 1s - loss: 0.7022 - val_loss: 0.6714
Epoch 43/50
 - 1s - loss: 0.7020 - val_loss: 0.6712
Epoch 44/50
 - 1s - loss: 0.7017 - val_loss: 0.6711
Epoch 45/50
 - 1s - loss: 0.7022 - val_loss: 0.6713
Epoch 46/50
 - 1s - loss: 0.7021 - val_loss: 0.6705
Epoch 47/50
 - 1s - loss: 0.7029 - val_loss: 0.6710
Epoch 48/50
 - 1s - loss: 0.7022 - val_loss: 0.6710
Epoch 49/50
 - 1s - loss: 0.7028 - val_loss: 0.6698
Epoch 50/50
 - 1s - loss: 0.7019 - val_loss: 0.6712
[38;2;74;176;245m[1mProfile[0m ⏱  ···· Time elapsed in [1mFold 2/3[0m: ................................ [1m66.6s[0m
[38;2;74;176;245m[1mProfile[0m ⏱  ···· Starting [1mFold 3/3[0m
Train on 1333334 samples, validate on 666666 samples
Epoch 1/50
 - 2s - loss: 0.8436 - val_loss: 0.7895
Epoch 2/50
 - 1s - loss: 0.8435 - val_loss: 0.7911
Epoch 3/50
 - 1s - loss: 0.8436 - val_loss: 0.6944
Epoch 4/50
 - 1s - loss: 0.8435 - val_loss: 0.7940
Epoch 5/50
 - 1s - loss: 0.8441 - val_loss: 0.7909
Epoch 6/50
 - 1s - loss: 0.8436 - val_loss: 0.8050
Epoch 7/50
 - 1s - loss: 0.8438 - val_loss: 0.7917
Epoch 8/50
 - 1s - loss: 0.8430 - val_loss: 0.7922
Epoch 9/50
 - 1s - loss: 0.8429 - val_loss: 0.7918
Epoch 10/50
 - 1s - loss: 0.8435 - val_loss: 0.7927
Epoch 11/50
 - 1s - loss: 0.8435 - val_loss: 0.7931
Epoch 12/50
 - 1s - loss: 0.8427 - val_loss: 0.7909
Epoch 13/50
 - 1s - loss: 0.8429 - val_loss: 0.7922
Epoch 14/50
 - 1s - loss: 0.8429 - val_loss: 0.7909
Epoch 15/50
 - 1s - loss: 0.8422 - val_loss: 0.7909
Epoch 16/50
 - 1s - loss: 0.8445 - val_loss: 0.7914
Epoch 17/50
 - 1s - loss: 0.8435 - val_loss: 0.7934
Epoch 18/50
 - 1s - loss: 0.8445 - val_loss: 0.7927
Epoch 19/50
 - 1s - loss: 0.8431 - val_loss: 0.7938
Epoch 20/50
 - 1s - loss: 0.8421 - val_loss: 0.7901
Epoch 21/50
 - 1s - loss: 0.8444 - val_loss: 0.7919
Epoch 22/50
 - 1s - loss: 0.8425 - val_loss: 0.7940
Epoch 23/50
 - 1s - loss: 0.8425 - val_loss: 0.7936
Epoch 24/50
 - 1s - loss: 0.8424 - val_loss: 0.7932
Epoch 25/50
 - 2s - loss: 0.8422 - val_loss: 0.7924
Epoch 26/50
 - 1s - loss: 0.8431 - val_loss: 0.7931
Epoch 27/50
 - 1s - loss: 0.8430 - val_loss: 0.7919
Epoch 28/50
 - 1s - loss: 0.8416 - val_loss: 0.7901
Epoch 29/50
 - 1s - loss: 0.8421 - val_loss: 0.7920
Epoch 30/50
 - 1s - loss: 0.8428 - val_loss: 0.7898
Epoch 31/50
 - 1s - loss: 0.8417 - val_loss: 0.7927
Epoch 32/50
 - 1s - loss: 0.8429 - val_loss: 0.7920
Epoch 33/50
 - 1s - loss: 0.8413 - val_loss: 0.7902
Epoch 34/50
 - 1s - loss: 0.8419 - val_loss: 0.7922
Epoch 35/50
 - 1s - loss: 0.8419 - val_loss: 0.7920
Epoch 36/50
 - 1s - loss: 0.8424 - val_loss: 0.7926
Epoch 37/50
 - 1s - loss: 0.8420 - val_loss: 0.7928
Epoch 38/50
 - 1s - loss: 0.8423 - val_loss: 0.7921
Epoch 39/50
 - 1s - loss: 0.8423 - val_loss: 0.7932
Epoch 40/50
 - 2s - loss: 0.8413 - val_loss: 0.7935
Epoch 41/50
 - 1s - loss: 0.8419 - val_loss: 0.7912
Epoch 42/50
 - 1s - loss: 0.8428 - val_loss: 0.7914
Epoch 43/50
 - 1s - loss: 0.8422 - val_loss: 0.7908
Epoch 44/50
 - 2s - loss: 0.8408 - val_loss: 0.7919
Epoch 45/50
 - 1s - loss: 0.8431 - val_loss: 0.7920
Epoch 46/50
 - 1s - loss: 0.8429 - val_loss: 0.7917
Epoch 47/50
 - 1s - loss: 0.8419 - val_loss: 0.7930
Epoch 48/50
 - 1s - loss: 0.8426 - val_loss: 0.7926
Epoch 49/50
 - 1s - loss: 0.8419 - val_loss: 0.7908
Epoch 50/50
 - 1s - loss: 0.8420 - val_loss: 0.7909
Got result 0.805583235525
Completed successfully in 287.87 seconds. [{u'main': 0.8055832355249241}]
[38;2;74;176;245m[1mProfile[0m ⏱  ···· Time elapsed in [1mFold 3/3[0m: ................................ [1m68.4s[0m
[38;2;74;176;245m[1mProfile[0m ⏱  ·· Time elapsed in [1mClassifier-only fit, cross-validation[0m: .... [1m211.6s[0m
[38;2;74;176;245m[1mProfile[0m ⏱  Time elapsed in [1m@main[0m: ....................................... [1m263.1s[0m
cd: Going back to /exports/eddie3_homes_local/s1562020/work/adversarial/optimisation/experiments/classifier
