Job launching after 3.90 seconds in submission.
Running python job.
Changed into dir /exports/eddie3_homes_local/s1562020/work/adversarial/optimisation/experiments/classifier
Importing optimise.py
Running optimise.main()
INFO: Applying patch '/exports/eddie3_homes_local/s1562020/work/adversarial/optimisation/experiments/classifier/patches/patch.00000077.json'
INFO: Found 20 Intel(R) Xeon(R) CPU E5-2630 v4 @ 2.20GHz devices with 10 cores each.
Using TensorFlow backend.
INFO: Scaling classifier/lr -3 -> 0.001
INFO: Scaling classifier/decay -6 -> 1e-06
INFO: Scaling classifier/units 9 -> 512
INFO: Writing TensorBoard logs to 'logs/tensorboard/classifier-patch.00000077/'
INFO: Running '/exports/eddie3_homes_local/s1562020/work/adversarial/run/adversarial/common.pyc'
INFO: Command-line arguments:
INFO: Configuration file contents:
INFO: Python version: 2.7.14
INFO: Numpy  version: 1.12.1
INFO: Keras  version: 2.1.5
INFO: Using keras backend: 'tensorflow'
INFO: Found  1000000 training and  1000249 test samples for signal
INFO: Found  1000000 training and 10000000 test samples for background
INFO: load_data: Selecting only training data.
INFO: Implementing gradient reversal layer in TensorFlow
INFO: Training cross-validation classifiers
Call to main function (#77)
  Parameters: {u'classifier/model/default/units': array([9]), u'classifier/compile/decay': array([-6]), u'classifier/model/default/dropout': array([ 0.5]), u'classifier/compile/lr': array([-3]), u'classifier/model/architecture': array([6]), u'classifier/model/default/activation': [u'tanh']}
param: classifier/model/default/units
param: classifier/compile/decay
param: classifier/model/default/dropout
param: classifier/compile/lr
param: classifier/model/architecture
param: classifier/model/default/activation
- - - - - - - - - - - - - - - - - - - - - - - - - - - - - - - - - - - - - - - - 
Saving the following patch to '/exports/eddie3_homes_local/s1562020/work/adversarial/optimisation/experiments/classifier/patches/patch.00000077.json':
{u'classifier': {u'compile': {u'lr': -3, u'decay': -6}, u'model': {u'default': {u'units': 9, u'dropout': 0.5, u'activation': u'tanh'}, u'architecture': 6}, 'fit': {'epochs': 50, 'batch_size': 8192}}}
- - - - - - - - - - - - - - - - - - - - - - - - - - - - - - - - - - - - - - - - 
cd: Going to /exports/eddie3_homes_local/s1562020/work/adversarial/
[38;2;74;176;245m[1mProfile[0m ⏱  Starting [1m@main[0m
[38;2;74;176;245m[1mProfile[0m ⏱  ·· Starting [1mInitialisation[0m
[38;2;74;176;245m[1mProfile[0m ⏱  ···· Starting [1m@initialise[0m
[38;2;74;176;245m[1mProfile[0m ⏱  ···· Time elapsed in [1m@initialise[0m: .............................. [1m0.0s[0m
[38;2;74;176;245m[1mProfile[0m ⏱  ···· Starting [1m@initialise_backend[0m
[38;2;74;176;245m[1mProfile[0m ⏱  ······ Starting [1m@configure_tensorflow[0m
[38;2;74;176;245m[1mProfile[0m ⏱  ······ Time elapsed in [1m@configure_tensorflow[0m: ................. [1m14.5s[0m
[38;2;74;176;245m[1mProfile[0m ⏱  ···· Time elapsed in [1m@initialise_backend[0m: ..................... [1m15.6s[0m
{'config': './configs/default.json',
 'devices': 7,
 'folds': 3,
 'gpu': True,
 'input': './input/',
 'jobname': 'classifier-patch.00000077',
 'mode': 'gpu',
 'optimise_adversarial': False,
 'optimise_classifier': True,
 'output': './output/',
 'patches': ['/exports/eddie3_homes_local/s1562020/work/adversarial/optimisation/experiments/classifier/patches/patch.00000077.json'],
 'tensorboard': True,
 'theano': False,
 'train': False,
 'train_adversarial': False,
 'train_classifier': True,
 'verbose': False}
{u'adversary': {u'compile': {},
                u'fit': {},
                u'model': {u'architecture': [{}, {}, {}, {}],
                           u'default': {u'activation': u'relu',
                                        u'units': 64},
                           u'gmm_components': 5}},
 u'classifier': {u'compile': {u'loss': u'binary_crossentropy',
                              u'optimizer': <keras.optimizers.Adam object at 0x2b71bf2db2d0>},
                 u'fit': {u'batch_size': 57344,
                          u'epochs': 50,
                          u'shuffle': True,
                          'verbose': 2},
                 u'model': {u'architecture': [{}, {}, {}, {}, {}, {}],
                            u'default': {u'activation': u'tanh',
                                         u'batchnorm': True,
                                         u'dropout': 0.5,
                                         u'units': 512}}},
 u'combined': {u'compile': {u'loss': [u'binary_crossentropy', None],
                            u'loss_weights': [1.8181818181818182e-09, 1.0],
                            u'optimizer': <keras.optimizers.Adam object at 0x2b71bf2db3d0>},
               u'fit': {u'batch_size': 57344,
                        u'epochs': 500,
                        u'shuffle': True,
                        'verbose': 2},
               u'model': {u'lambda_reg': 10.0,
                          u'lr_ratio': 1.8181818181818182e-09},
               u'pretrain': 10}}
  TensorFlow version: 1.4.1
[38;2;74;176;245m[1mProfile[0m ⏱  ·· Time elapsed in [1mInitialisation[0m: ............................ [1m15.7s[0m
[38;2;74;176;245m[1mProfile[0m ⏱  ·· Starting [1m@load_data[0m
[38;2;74;176;245m[1mProfile[0m ⏱  ·· Time elapsed in [1m@load_data[0m: ................................ [1m32.2s[0m
[38;2;74;176;245m[1mProfile[0m ⏱  ·· Starting [1m@get_decorrelation_variables[0m
[38;2;74;176;245m[1mProfile[0m ⏱  ·· Time elapsed in [1m@get_decorrelation_variables[0m: ............... [1m0.0s[0m
[38;2;74;176;245m[1mProfile[0m ⏱  ·· Starting [1mClassifier-only fit, cross-validation[0m
[38;2;74;176;245m[1mProfile[0m ⏱  ···· Starting [1mFold 1/3[0m
Train on 1333332 samples, validate on 666668 samples
Epoch 1/50
 - 11s - loss: 0.5572 - val_loss: 0.6505
Epoch 2/50
 - 8s - loss: 0.4979 - val_loss: 0.6226
Epoch 3/50
 - 8s - loss: 0.4785 - val_loss: 0.5675
Epoch 4/50
 - 9s - loss: 0.4626 - val_loss: 0.5155
Epoch 5/50
 - 9s - loss: 0.4424 - val_loss: 0.5529
Epoch 6/50
 - 8s - loss: 0.4233 - val_loss: 0.5603
Epoch 7/50
 - 9s - loss: 0.4113 - val_loss: 0.5103
Epoch 8/50
 - 9s - loss: 0.4037 - val_loss: 0.5154
Epoch 9/50
 - 8s - loss: 0.3986 - val_loss: 0.4930
Epoch 10/50
 - 9s - loss: 0.3944 - val_loss: 0.4654
Epoch 11/50
 - 7s - loss: 0.3912 - val_loss: 0.4546
Epoch 12/50
 - 7s - loss: 0.3884 - val_loss: 0.4337
Epoch 13/50
 - 7s - loss: 0.3866 - val_loss: 0.4369
Epoch 14/50
 - 7s - loss: 0.3845 - val_loss: 0.4236
Epoch 15/50
 - 7s - loss: 0.3831 - val_loss: 0.4056
Epoch 16/50
 - 8s - loss: 0.3821 - val_loss: 0.4066
Epoch 17/50
 - 8s - loss: 0.3813 - val_loss: 0.4066
Epoch 18/50
 - 8s - loss: 0.3801 - val_loss: 0.3918
Epoch 19/50
 - 8s - loss: 0.3795 - val_loss: 0.3873
Epoch 20/50
 - 8s - loss: 0.3785 - val_loss: 0.3879
Epoch 21/50
 - 8s - loss: 0.3777 - val_loss: 0.3844
Epoch 22/50
 - 8s - loss: 0.3772 - val_loss: 0.3831
Epoch 23/50
 - 8s - loss: 0.3763 - val_loss: 0.3841
Epoch 24/50
 - 5s - loss: 0.3763 - val_loss: 0.3788
Epoch 25/50
 - 5s - loss: 0.3760 - val_loss: 0.3799
Epoch 26/50
 - 5s - loss: 0.3749 - val_loss: 0.3836
Epoch 27/50
 - 5s - loss: 0.3746 - val_loss: 0.3822
Epoch 28/50
 - 6s - loss: 0.3744 - val_loss: 0.3778
Epoch 29/50
 - 5s - loss: 0.3741 - val_loss: 0.3826
Epoch 30/50
 - 5s - loss: 0.3736 - val_loss: 0.3769
Epoch 31/50
 - 5s - loss: 0.3735 - val_loss: 0.3789
Epoch 32/50
 - 6s - loss: 0.3727 - val_loss: 0.3758
Epoch 33/50
 - 6s - loss: 0.3727 - val_loss: 0.3724
Epoch 34/50
 - 6s - loss: 0.3719 - val_loss: 0.3708
Epoch 35/50
 - 6s - loss: 0.3723 - val_loss: 0.3730
Epoch 36/50
 - 6s - loss: 0.3714 - val_loss: 0.3752
Epoch 37/50
 - 5s - loss: 0.3714 - val_loss: 0.3726
Epoch 38/50
 - 6s - loss: 0.3714 - val_loss: 0.3800
Epoch 39/50
 - 6s - loss: 0.3708 - val_loss: 0.3739
Epoch 40/50
 - 6s - loss: 0.3711 - val_loss: 0.3754
Epoch 41/50
 - 6s - loss: 0.3705 - val_loss: 0.3754
Epoch 42/50
 - 5s - loss: 0.3703 - val_loss: 0.3731
Epoch 43/50
 - 5s - loss: 0.3702 - val_loss: 0.3750
Epoch 44/50
 - 5s - loss: 0.3703 - val_loss: 0.3741
Epoch 45/50
 - 5s - loss: 0.3701 - val_loss: 0.3717
Epoch 46/50
 - 6s - loss: 0.3699 - val_loss: 0.3679
Epoch 47/50
 - 5s - loss: 0.3700 - val_loss: 0.3683
Epoch 48/50
 - 5s - loss: 0.3697 - val_loss: 0.3716
Epoch 49/50
 - 5s - loss: 0.3693 - val_loss: 0.3711
Epoch 50/50
 - 6s - loss: 0.3694 - val_loss: 0.3739
[38;2;74;176;245m[1mProfile[0m ⏱  ···· Time elapsed in [1mFold 1/3[0m: ............................... [1m375.7s[0m
[38;2;74;176;245m[1mProfile[0m ⏱  ···· Starting [1mFold 2/3[0m
Train on 1333334 samples, validate on 666666 samples
Epoch 1/50
 - 8s - loss: 0.9597 - val_loss: 0.5132
Epoch 2/50
 - 5s - loss: 0.4900 - val_loss: 0.4766
Epoch 3/50
 - 5s - loss: 0.4670 - val_loss: 0.4688
Epoch 4/50
 - 5s - loss: 0.4540 - val_loss: 0.4561
Epoch 5/50
 - 5s - loss: 0.4400 - val_loss: 0.4489
Epoch 6/50
 - 5s - loss: 0.4242 - val_loss: 0.4254
Epoch 7/50
 - 5s - loss: 0.4137 - val_loss: 0.4381
Epoch 8/50
 - 5s - loss: 0.4070 - val_loss: 0.4188
Epoch 9/50
 - 5s - loss: 0.4016 - val_loss: 0.4243
Epoch 10/50
 - 5s - loss: 0.3980 - val_loss: 0.4090
Epoch 11/50
 - 5s - loss: 0.3955 - val_loss: 0.4021
Epoch 12/50
 - 6s - loss: 0.3933 - val_loss: 0.3959
Epoch 13/50
 - 6s - loss: 0.3915 - val_loss: 0.3906
Epoch 14/50
 - 6s - loss: 0.3899 - val_loss: 0.3834
Epoch 15/50
 - 5s - loss: 0.3882 - val_loss: 0.3857
Epoch 16/50
 - 6s - loss: 0.3876 - val_loss: 0.3939
Epoch 17/50
 - 6s - loss: 0.3862 - val_loss: 0.3805
Epoch 18/50
 - 5s - loss: 0.3858 - val_loss: 0.3788
Epoch 19/50
 - 5s - loss: 0.3847 - val_loss: 0.3779
Epoch 20/50
 - 5s - loss: 0.3839 - val_loss: 0.3744
Epoch 21/50
 - 5s - loss: 0.3833 - val_loss: 0.3764
Epoch 22/50
 - 6s - loss: 0.3828 - val_loss: 0.3768
Epoch 23/50
 - 6s - loss: 0.3821 - val_loss: 0.3755
Epoch 24/50
 - 5s - loss: 0.3818 - val_loss: 0.3726
Epoch 25/50
 - 6s - loss: 0.3813 - val_loss: 0.3718
Epoch 26/50
 - 6s - loss: 0.3808 - val_loss: 0.3724
Epoch 27/50
 - 6s - loss: 0.3804 - val_loss: 0.3703
Epoch 28/50
 - 6s - loss: 0.3798 - val_loss: 0.3716
Epoch 29/50
 - 6s - loss: 0.3795 - val_loss: 0.3706
Epoch 30/50
 - 6s - loss: 0.3790 - val_loss: 0.3687
Epoch 31/50
 - 6s - loss: 0.3789 - val_loss: 0.3688
Epoch 32/50
 - 6s - loss: 0.3784 - val_loss: 0.3717
Epoch 33/50
 - 6s - loss: 0.3779 - val_loss: 0.3674
Epoch 34/50
 - 6s - loss: 0.3779 - val_loss: 0.3684
Epoch 35/50
 - 6s - loss: 0.3772 - val_loss: 0.3684
Epoch 36/50
 - 5s - loss: 0.3771 - val_loss: 0.3705
Epoch 37/50
 - 6s - loss: 0.3771 - val_loss: 0.3685
Epoch 38/50
 - 5s - loss: 0.3769 - val_loss: 0.3684
Epoch 39/50
 - 6s - loss: 0.3764 - val_loss: 0.3689
Epoch 40/50
 - 6s - loss: 0.3761 - val_loss: 0.3694
Epoch 41/50
 - 8s - loss: 0.3761 - val_loss: 0.3700
Epoch 42/50
 - 8s - loss: 0.3758 - val_loss: 0.3698
Epoch 43/50
 - 8s - loss: 0.3757 - val_loss: 0.3685
Epoch 44/50
 - 8s - loss: 0.3754 - val_loss: 0.3681
Epoch 45/50
 - 8s - loss: 0.3752 - val_loss: 0.3683
Epoch 46/50
 - 8s - loss: 0.3753 - val_loss: 0.3692
Epoch 47/50
 - 8s - loss: 0.3747 - val_loss: 0.3677
Epoch 48/50
 - 8s - loss: 0.3748 - val_loss: 0.3692
Epoch 49/50
 - 8s - loss: 0.3743 - val_loss: 0.3716
Epoch 50/50
 - 9s - loss: 0.3743 - val_loss: 0.3697
[38;2;74;176;245m[1mProfile[0m ⏱  ···· Time elapsed in [1mFold 2/3[0m: ............................... [1m336.6s[0m
[38;2;74;176;245m[1mProfile[0m ⏱  ···· Starting [1mFold 3/3[0m
Train on 1333334 samples, validate on 666666 samples
Epoch 1/50
 - 11s - loss: 1.0246 - val_loss: 0.6119
Epoch 2/50
 - 9s - loss: 0.5114 - val_loss: 0.4828
Epoch 3/50
 - 9s - loss: 0.4771 - val_loss: 0.4728
Epoch 4/50
 - 9s - loss: 0.4594 - val_loss: 0.4662
Epoch 5/50
 - 9s - loss: 0.4400 - val_loss: 0.4454
Epoch 6/50
 - 8s - loss: 0.4245 - val_loss: 0.4337
Epoch 7/50
 - 9s - loss: 0.4161 - val_loss: 0.4348
Epoch 8/50
 - 9s - loss: 0.4111 - val_loss: 0.4316
Epoch 9/50
 - 9s - loss: 0.4071 - val_loss: 0.4364
Epoch 10/50
 - 9s - loss: 0.4041 - val_loss: 0.4266
Epoch 11/50
 - 9s - loss: 0.4012 - val_loss: 0.4255
Epoch 12/50
 - 8s - loss: 0.3986 - val_loss: 0.4067
Epoch 13/50
 - 9s - loss: 0.3962 - val_loss: 0.4039
Epoch 14/50
 - 10s - loss: 0.3943 - val_loss: 0.3988
Epoch 15/50
 - 10s - loss: 0.3927 - val_loss: 0.3951
Epoch 16/50
 - 10s - loss: 0.3912 - val_loss: 0.3943
Epoch 17/50
 - 10s - loss: 0.3893 - val_loss: 0.3849
Epoch 18/50
 - 10s - loss: 0.3883 - val_loss: 0.3871
Epoch 19/50
 - 10s - loss: 0.3869 - val_loss: 0.3846
Epoch 20/50
 - 10s - loss: 0.3858 - val_loss: 0.3801
Epoch 21/50
 - 10s - loss: 0.3848 - val_loss: 0.3816
Epoch 22/50
 - 10s - loss: 0.3841 - val_loss: 0.3771
Epoch 23/50
 - 10s - loss: 0.3833 - val_loss: 0.3891
Epoch 24/50
 - 10s - loss: 0.3828 - val_loss: 0.3802
Epoch 25/50
 - 10s - loss: 0.3819 - val_loss: 0.3790
Epoch 26/50
 - 10s - loss: 0.3815 - val_loss: 0.3783
Epoch 27/50
 - 10s - loss: 0.3806 - val_loss: 0.3790
Epoch 28/50
 - 10s - loss: 0.3802 - val_loss: 0.3757
Epoch 29/50
 - 10s - loss: 0.3795 - val_loss: 0.3781
Epoch 30/50
 - 9s - loss: 0.3794 - val_loss: 0.3762
Epoch 31/50
 - 9s - loss: 0.3788 - val_loss: 0.3747
Epoch 32/50
 - 9s - loss: 0.3784 - val_loss: 0.3761
Epoch 33/50
 - 9s - loss: 0.3779 - val_loss: 0.3739
Epoch 34/50
 - 8s - loss: 0.3776 - val_loss: 0.3741
Epoch 35/50
 - 8s - loss: 0.3775 - val_loss: 0.3721
Epoch 36/50
 - 8s - loss: 0.3767 - val_loss: 0.3721
Epoch 37/50
 - 8s - loss: 0.3765 - val_loss: 0.3747
Epoch 38/50
 - 10s - loss: 0.3764 - val_loss: 0.3697
Epoch 39/50
 - 11s - loss: 0.3762 - val_loss: 0.3713
Epoch 40/50
 - 10s - loss: 0.3758 - val_loss: 0.3714
Epoch 41/50
 - 10s - loss: 0.3753 - val_loss: 0.3731
Epoch 42/50
 - 9s - loss: 0.3753 - val_loss: 0.3700
Epoch 43/50
 - 10s - loss: 0.3750 - val_loss: 0.3714
Epoch 44/50
 - 10s - loss: 0.3747 - val_loss: 0.3740
Epoch 45/50
 - 10s - loss: 0.3745 - val_loss: 0.3720
Epoch 46/50
 - 9s - loss: 0.3740 - val_loss: 0.3708
Epoch 47/50
 - 7s - loss: 0.3739 - val_loss: 0.3714
Epoch 48/50
 - 8s - loss: 0.3742 - val_loss: 0.3670
Epoch 49/50
 - 7s - loss: 0.3739 - val_loss: 0.3698
Epoch 50/50
 - 7s - loss: 0.3738 - val_loss: 0.3716
Got result 0.373446920334
Completed successfully in 1289.59 seconds. [{u'main': 0.3734469203336838}]
[38;2;74;176;245m[1mProfile[0m ⏱  ···· Time elapsed in [1mFold 3/3[0m: ............................... [1m507.1s[0m
[38;2;74;176;245m[1mProfile[0m ⏱  ·· Time elapsed in [1mClassifier-only fit, cross-validation[0m: ... [1m1220.1s[0m
[38;2;74;176;245m[1mProfile[0m ⏱  Time elapsed in [1m@main[0m: ...................................... [1m1268.2s[0m
cd: Going back to /exports/eddie3_homes_local/s1562020/work/adversarial/optimisation/experiments/classifier
