Job launching after 5.16 seconds in submission.
Running python job.
Changed into dir /exports/eddie3_homes_local/s1562020/work/adversarial/optimisation/experiments/classifier
Importing optimise.py
Running optimise.main()
INFO: Applying patch '/exports/eddie3_homes_local/s1562020/work/adversarial/optimisation/experiments/classifier/patches/patch.00000075.json'
INFO: Found 20 Intel(R) Xeon(R) CPU E5-2630 v4 @ 2.20GHz devices with 10 cores each.
Using TensorFlow backend.
INFO: Scaling classifier/lr -5 -> 1e-05
INFO: Scaling classifier/decay -6 -> 1e-06
INFO: Scaling classifier/units 9 -> 512
INFO: Writing TensorBoard logs to 'logs/tensorboard/classifier-patch.00000075/'
INFO: Running '/exports/eddie3_homes_local/s1562020/work/adversarial/run/adversarial/common.pyc'
INFO: Command-line arguments:
INFO: Configuration file contents:
INFO: Python version: 2.7.14
INFO: Numpy  version: 1.12.1
INFO: Keras  version: 2.1.5
INFO: Using keras backend: 'tensorflow'
INFO: Found  1000000 training and  1000249 test samples for signal
INFO: Found  1000000 training and 10000000 test samples for background
INFO: load_data: Selecting only training data.
INFO: Implementing gradient reversal layer in TensorFlow
INFO: Training cross-validation classifiers
Call to main function (#75)
  Parameters: {u'classifier/model/default/units': array([9]), u'classifier/compile/decay': array([-6]), u'classifier/model/default/dropout': array([ 0.5]), u'classifier/compile/lr': array([-5]), u'classifier/model/architecture': array([6]), u'classifier/model/default/activation': [u'tanh']}
param: classifier/model/default/units
param: classifier/compile/decay
param: classifier/model/default/dropout
param: classifier/compile/lr
param: classifier/model/architecture
param: classifier/model/default/activation
- - - - - - - - - - - - - - - - - - - - - - - - - - - - - - - - - - - - - - - - 
Saving the following patch to '/exports/eddie3_homes_local/s1562020/work/adversarial/optimisation/experiments/classifier/patches/patch.00000075.json':
{u'classifier': {u'compile': {u'lr': -5, u'decay': -6}, u'model': {u'default': {u'units': 9, u'dropout': 0.5, u'activation': u'tanh'}, u'architecture': 6}, 'fit': {'epochs': 50, 'batch_size': 8192}}}
- - - - - - - - - - - - - - - - - - - - - - - - - - - - - - - - - - - - - - - - 
cd: Going to /exports/eddie3_homes_local/s1562020/work/adversarial/
[38;2;74;176;245m[1mProfile[0m ⏱  Starting [1m@main[0m
[38;2;74;176;245m[1mProfile[0m ⏱  ·· Starting [1mInitialisation[0m
[38;2;74;176;245m[1mProfile[0m ⏱  ···· Starting [1m@initialise[0m
[38;2;74;176;245m[1mProfile[0m ⏱  ···· Time elapsed in [1m@initialise[0m: .............................. [1m0.0s[0m
[38;2;74;176;245m[1mProfile[0m ⏱  ···· Starting [1m@initialise_backend[0m
[38;2;74;176;245m[1mProfile[0m ⏱  ······ Starting [1m@configure_tensorflow[0m
[38;2;74;176;245m[1mProfile[0m ⏱  ······ Time elapsed in [1m@configure_tensorflow[0m: ................. [1m17.2s[0m
[38;2;74;176;245m[1mProfile[0m ⏱  ···· Time elapsed in [1m@initialise_backend[0m: ..................... [1m18.4s[0m
{'config': './configs/default.json',
 'devices': 7,
 'folds': 3,
 'gpu': True,
 'input': './input/',
 'jobname': 'classifier-patch.00000075',
 'mode': 'gpu',
 'optimise_adversarial': False,
 'optimise_classifier': True,
 'output': './output/',
 'patches': ['/exports/eddie3_homes_local/s1562020/work/adversarial/optimisation/experiments/classifier/patches/patch.00000075.json'],
 'tensorboard': True,
 'theano': False,
 'train': False,
 'train_adversarial': False,
 'train_classifier': True,
 'verbose': False}
{u'adversary': {u'compile': {},
                u'fit': {},
                u'model': {u'architecture': [{}, {}, {}, {}],
                           u'default': {u'activation': u'relu',
                                        u'units': 64},
                           u'gmm_components': 5}},
 u'classifier': {u'compile': {u'loss': u'binary_crossentropy',
                              u'optimizer': <keras.optimizers.Adam object at 0x2b3f8cd77310>},
                 u'fit': {u'batch_size': 57344,
                          u'epochs': 50,
                          u'shuffle': True,
                          'verbose': 2},
                 u'model': {u'architecture': [{}, {}, {}, {}, {}, {}],
                            u'default': {u'activation': u'tanh',
                                         u'batchnorm': True,
                                         u'dropout': 0.5,
                                         u'units': 512}}},
 u'combined': {u'compile': {u'loss': [u'binary_crossentropy', None],
                            u'loss_weights': [1.8181818181818182e-09, 1.0],
                            u'optimizer': <keras.optimizers.Adam object at 0x2b3f8cd77350>},
               u'fit': {u'batch_size': 57344,
                        u'epochs': 500,
                        u'shuffle': True,
                        'verbose': 2},
               u'model': {u'lambda_reg': 10.0,
                          u'lr_ratio': 1.8181818181818182e-09},
               u'pretrain': 10}}
  TensorFlow version: 1.4.1
[38;2;74;176;245m[1mProfile[0m ⏱  ·· Time elapsed in [1mInitialisation[0m: ............................ [1m18.5s[0m
[38;2;74;176;245m[1mProfile[0m ⏱  ·· Starting [1m@load_data[0m
[38;2;74;176;245m[1mProfile[0m ⏱  ·· Time elapsed in [1m@load_data[0m: ................................ [1m35.1s[0m
[38;2;74;176;245m[1mProfile[0m ⏱  ·· Starting [1m@get_decorrelation_variables[0m
[38;2;74;176;245m[1mProfile[0m ⏱  ·· Time elapsed in [1m@get_decorrelation_variables[0m: ............... [1m0.0s[0m
[38;2;74;176;245m[1mProfile[0m ⏱  ·· Starting [1mClassifier-only fit, cross-validation[0m
[38;2;74;176;245m[1mProfile[0m ⏱  ···· Starting [1mFold 1/3[0m
Train on 1333332 samples, validate on 666668 samples
Epoch 1/50
 - 13s - loss: 0.7921 - val_loss: 0.5123
Epoch 2/50
 - 11s - loss: 0.7032 - val_loss: 0.6155
Epoch 3/50
 - 11s - loss: 0.6534 - val_loss: 0.7188
Epoch 4/50
 - 11s - loss: 0.6253 - val_loss: 0.7772
Epoch 5/50
 - 11s - loss: 0.6073 - val_loss: 0.8083
Epoch 6/50
 - 11s - loss: 0.5960 - val_loss: 0.8228
Epoch 7/50
 - 11s - loss: 0.5884 - val_loss: 0.8230
Epoch 8/50
 - 11s - loss: 0.5814 - val_loss: 0.8220
Epoch 9/50
 - 11s - loss: 0.5773 - val_loss: 0.8197
Epoch 10/50
 - 11s - loss: 0.5715 - val_loss: 0.8270
Epoch 11/50
 - 12s - loss: 0.5678 - val_loss: 0.8108
Epoch 12/50
 - 13s - loss: 0.5645 - val_loss: 0.8094
Epoch 13/50
 - 13s - loss: 0.5610 - val_loss: 0.8033
Epoch 14/50
 - 13s - loss: 0.5577 - val_loss: 0.7947
Epoch 15/50
 - 13s - loss: 0.5548 - val_loss: 0.7910
Epoch 16/50
 - 13s - loss: 0.5515 - val_loss: 0.7880
Epoch 17/50
 - 13s - loss: 0.5508 - val_loss: 0.7817
Epoch 18/50
 - 13s - loss: 0.5482 - val_loss: 0.7769
Epoch 19/50
 - 13s - loss: 0.5462 - val_loss: 0.7728
Epoch 20/50
 - 12s - loss: 0.5449 - val_loss: 0.7703
Epoch 21/50
 - 13s - loss: 0.5431 - val_loss: 0.7643
Epoch 22/50
 - 13s - loss: 0.5419 - val_loss: 0.7618
Epoch 23/50
 - 13s - loss: 0.5396 - val_loss: 0.7575
Epoch 24/50
 - 11s - loss: 0.5390 - val_loss: 0.7560
Epoch 25/50
 - 12s - loss: 0.5375 - val_loss: 0.7508
Epoch 26/50
 - 12s - loss: 0.5358 - val_loss: 0.7471
Epoch 27/50
 - 11s - loss: 0.5357 - val_loss: 0.7450
Epoch 28/50
 - 13s - loss: 0.5343 - val_loss: 0.7398
Epoch 29/50
 - 13s - loss: 0.5342 - val_loss: 0.7452
Epoch 30/50
 - 13s - loss: 0.5320 - val_loss: 0.7357
Epoch 31/50
 - 13s - loss: 0.5315 - val_loss: 0.7323
Epoch 32/50
 - 11s - loss: 0.5306 - val_loss: 0.7302
Epoch 33/50
 - 11s - loss: 0.5296 - val_loss: 0.7257
Epoch 34/50
 - 11s - loss: 0.5297 - val_loss: 0.7244
Epoch 35/50
 - 11s - loss: 0.5293 - val_loss: 0.7231
Epoch 36/50
 - 13s - loss: 0.5278 - val_loss: 0.7208
Epoch 37/50
 - 11s - loss: 0.5278 - val_loss: 0.7179
Epoch 38/50
 - 11s - loss: 0.5259 - val_loss: 0.7144
Epoch 39/50
 - 11s - loss: 0.5254 - val_loss: 0.7154
Epoch 40/50
 - 12s - loss: 0.5255 - val_loss: 0.7125
Epoch 41/50
 - 13s - loss: 0.5239 - val_loss: 0.7096
Epoch 42/50
 - 13s - loss: 0.5232 - val_loss: 0.7093
Epoch 43/50
 - 13s - loss: 0.5232 - val_loss: 0.7077
Epoch 44/50
 - 12s - loss: 0.5227 - val_loss: 0.7050
Epoch 45/50
 - 13s - loss: 0.5218 - val_loss: 0.7046
Epoch 46/50
 - 13s - loss: 0.5219 - val_loss: 0.7028
Epoch 47/50
 - 13s - loss: 0.5220 - val_loss: 0.7000
Epoch 48/50
 - 13s - loss: 0.5198 - val_loss: 0.7026
Epoch 49/50
 - 13s - loss: 0.5206 - val_loss: 0.6981
Epoch 50/50
 - 13s - loss: 0.5195 - val_loss: 0.7003
[38;2;74;176;245m[1mProfile[0m ⏱  ···· Time elapsed in [1mFold 1/3[0m: ............................... [1m654.6s[0m
[38;2;74;176;245m[1mProfile[0m ⏱  ···· Starting [1mFold 2/3[0m
Train on 1333334 samples, validate on 666666 samples
Epoch 1/50
 - 15s - loss: 0.6908 - val_loss: 0.8700
Epoch 2/50
 - 13s - loss: 0.5871 - val_loss: 0.8125
Epoch 3/50
 - 13s - loss: 0.5662 - val_loss: 0.7913
Epoch 4/50
 - 12s - loss: 0.5563 - val_loss: 0.7757
Epoch 5/50
 - 13s - loss: 0.5513 - val_loss: 0.7627
Epoch 6/50
 - 13s - loss: 0.5453 - val_loss: 0.7515
Epoch 7/50
 - 12s - loss: 0.5427 - val_loss: 0.7400
Epoch 8/50
 - 11s - loss: 0.5399 - val_loss: 0.7334
Epoch 9/50
 - 12s - loss: 0.5376 - val_loss: 0.7221
Epoch 10/50
 - 10s - loss: 0.5365 - val_loss: 0.7188
Epoch 11/50
 - 11s - loss: 0.5345 - val_loss: 0.7131
Epoch 12/50
 - 12s - loss: 0.5325 - val_loss: 0.7058
Epoch 13/50
 - 13s - loss: 0.5303 - val_loss: 0.7039
Epoch 14/50
 - 13s - loss: 0.5289 - val_loss: 0.6982
Epoch 15/50
 - 13s - loss: 0.5290 - val_loss: 0.6949
Epoch 16/50
 - 13s - loss: 0.5278 - val_loss: 0.6908
Epoch 17/50
 - 12s - loss: 0.5272 - val_loss: 0.6899
Epoch 18/50
 - 12s - loss: 0.5255 - val_loss: 0.6882
Epoch 19/50
 - 12s - loss: 0.5251 - val_loss: 0.6864
Epoch 20/50
 - 13s - loss: 0.5241 - val_loss: 0.6823
Epoch 21/50
 - 12s - loss: 0.5224 - val_loss: 0.6852
Epoch 22/50
 - 12s - loss: 0.5225 - val_loss: 0.6762
Epoch 23/50
 - 12s - loss: 0.5221 - val_loss: 0.6801
Epoch 24/50
 - 11s - loss: 0.5211 - val_loss: 0.6797
Epoch 25/50
 - 10s - loss: 0.5205 - val_loss: 0.6747
Epoch 26/50
 - 11s - loss: 0.5191 - val_loss: 0.6774
Epoch 27/50
 - 10s - loss: 0.5191 - val_loss: 0.6745
Epoch 28/50
 - 11s - loss: 0.5187 - val_loss: 0.6725
Epoch 29/50
 - 13s - loss: 0.5174 - val_loss: 0.6755
Epoch 30/50
 - 13s - loss: 0.5176 - val_loss: 0.6753
Epoch 31/50
 - 13s - loss: 0.5166 - val_loss: 0.6701
Epoch 32/50
 - 13s - loss: 0.5169 - val_loss: 0.6724
Epoch 33/50
 - 10s - loss: 0.5158 - val_loss: 0.6714
Epoch 34/50
 - 11s - loss: 0.5149 - val_loss: 0.6793
Epoch 35/50
 - 10s - loss: 0.5139 - val_loss: 0.6770
Epoch 36/50
 - 10s - loss: 0.5152 - val_loss: 0.6679
Epoch 37/50
 - 12s - loss: 0.5149 - val_loss: 0.6708
Epoch 38/50
 - 11s - loss: 0.5131 - val_loss: 0.6691
Epoch 39/50
 - 11s - loss: 0.5131 - val_loss: 0.6685
Epoch 40/50
 - 12s - loss: 0.5118 - val_loss: 0.6708
Epoch 41/50
 - 11s - loss: 0.5115 - val_loss: 0.6661
Epoch 42/50
 - 11s - loss: 0.5113 - val_loss: 0.6674
Epoch 43/50
 - 13s - loss: 0.5108 - val_loss: 0.6720
Epoch 44/50
 - 13s - loss: 0.5106 - val_loss: 0.6687
Epoch 45/50
 - 13s - loss: 0.5098 - val_loss: 0.6706
Epoch 46/50
 - 12s - loss: 0.5092 - val_loss: 0.6666
Epoch 47/50
 - 12s - loss: 0.5089 - val_loss: 0.6644
Epoch 48/50
 - 13s - loss: 0.5080 - val_loss: 0.6690
Epoch 49/50
 - 12s - loss: 0.5082 - val_loss: 0.6613
Epoch 50/50
 - 12s - loss: 0.5085 - val_loss: 0.6700
[38;2;74;176;245m[1mProfile[0m ⏱  ···· Time elapsed in [1mFold 2/3[0m: ............................... [1m635.7s[0m
[38;2;74;176;245m[1mProfile[0m ⏱  ···· Starting [1mFold 3/3[0m
Train on 1333334 samples, validate on 666666 samples
Epoch 1/50
 - 16s - loss: 0.6803 - val_loss: 0.8935
Epoch 2/50
 - 13s - loss: 0.5783 - val_loss: 0.8011
Epoch 3/50
 - 13s - loss: 0.5598 - val_loss: 0.7934
Epoch 4/50
 - 12s - loss: 0.5498 - val_loss: 0.7622
Epoch 5/50
 - 13s - loss: 0.5445 - val_loss: 0.7520
Epoch 6/50
 - 13s - loss: 0.5409 - val_loss: 0.7438
Epoch 7/50
 - 13s - loss: 0.5376 - val_loss: 0.7322
Epoch 8/50
 - 13s - loss: 0.5346 - val_loss: 0.7216
Epoch 9/50
 - 11s - loss: 0.5324 - val_loss: 0.7192
Epoch 10/50
 - 11s - loss: 0.5306 - val_loss: 0.7168
Epoch 11/50
 - 11s - loss: 0.5296 - val_loss: 0.7093
Epoch 12/50
 - 10s - loss: 0.5277 - val_loss: 0.7085
Epoch 13/50
 - 12s - loss: 0.5267 - val_loss: 0.7034
Epoch 14/50
 - 13s - loss: 0.5257 - val_loss: 0.7009
Epoch 15/50
 - 13s - loss: 0.5251 - val_loss: 0.6976
Epoch 16/50
 - 13s - loss: 0.5235 - val_loss: 0.6963
Epoch 17/50
 - 13s - loss: 0.5225 - val_loss: 0.6965
Epoch 18/50
 - 13s - loss: 0.5211 - val_loss: 0.6934
Epoch 19/50
 - 13s - loss: 0.5208 - val_loss: 0.6951
Epoch 20/50
 - 13s - loss: 0.5200 - val_loss: 0.6962
Epoch 21/50
 - 13s - loss: 0.5187 - val_loss: 0.6872
Epoch 22/50
 - 13s - loss: 0.5193 - val_loss: 0.6863
Epoch 23/50
 - 13s - loss: 0.5184 - val_loss: 0.6903
Epoch 24/50
 - 13s - loss: 0.5174 - val_loss: 0.6881
Epoch 25/50
 - 11s - loss: 0.5161 - val_loss: 0.6882
Epoch 26/50
 - 11s - loss: 0.5170 - val_loss: 0.6867
Epoch 27/50
 - 11s - loss: 0.5156 - val_loss: 0.6842
Epoch 28/50
 - 11s - loss: 0.5140 - val_loss: 0.6881
Epoch 29/50
 - 11s - loss: 0.5134 - val_loss: 0.6862
Epoch 30/50
 - 11s - loss: 0.5135 - val_loss: 0.6840
Epoch 31/50
 - 10s - loss: 0.5119 - val_loss: 0.6847
Epoch 32/50
 - 10s - loss: 0.5124 - val_loss: 0.6824
Epoch 33/50
 - 9s - loss: 0.5121 - val_loss: 0.6837
Epoch 34/50
 - 9s - loss: 0.5116 - val_loss: 0.6784
Epoch 35/50
 - 9s - loss: 0.5104 - val_loss: 0.6823
Epoch 36/50
 - 8s - loss: 0.5108 - val_loss: 0.6827
Epoch 37/50
 - 9s - loss: 0.5109 - val_loss: 0.6796
Epoch 38/50
 - 9s - loss: 0.5094 - val_loss: 0.6778
Epoch 39/50
 - 6s - loss: 0.5087 - val_loss: 0.6818
Epoch 40/50
 - 7s - loss: 0.5088 - val_loss: 0.6761
Epoch 41/50
 - 9s - loss: 0.5076 - val_loss: 0.6765
Epoch 42/50
 - 8s - loss: 0.5078 - val_loss: 0.6794
Epoch 43/50
 - 9s - loss: 0.5067 - val_loss: 0.6757
Epoch 44/50
 - 9s - loss: 0.5062 - val_loss: 0.6789
Epoch 45/50
 - 9s - loss: 0.5067 - val_loss: 0.6727
Epoch 46/50
 - 9s - loss: 0.5054 - val_loss: 0.6722
Epoch 47/50
 - 9s - loss: 0.5061 - val_loss: 0.6738
Epoch 48/50
 - 9s - loss: 0.5047 - val_loss: 0.6728
Epoch 49/50
 - 9s - loss: 0.5039 - val_loss: 0.6736
Epoch 50/50
 - 9s - loss: 0.5041 - val_loss: 0.6732
Got result 0.694754952454
Completed successfully in 1954.82 seconds. [{u'main': 0.694754952453509}]
[38;2;74;176;245m[1mProfile[0m ⏱  ···· Time elapsed in [1mFold 3/3[0m: ............................... [1m584.3s[0m
[38;2;74;176;245m[1mProfile[0m ⏱  ·· Time elapsed in [1mClassifier-only fit, cross-validation[0m: ... [1m1875.4s[0m
[38;2;74;176;245m[1mProfile[0m ⏱  Time elapsed in [1m@main[0m: ...................................... [1m1929.3s[0m
cd: Going back to /exports/eddie3_homes_local/s1562020/work/adversarial/optimisation/experiments/classifier
