Job launching after 3.11 seconds in submission.
Running python job.
Changed into dir /exports/eddie3_homes_local/s1562020/work/adversarial/optimisation/experiments/combined
Importing optimise.py
Running optimise.main()
INFO: Applying patch '/exports/eddie3_homes_local/s1562020/work/adversarial/optimisation/experiments/combined/patches/patch.00000011.json'
INFO: Found 20 Intel(R) Xeon(R) CPU E5-2630 v4 @ 2.20GHz devices with 10 cores each.
Using TensorFlow backend.
INFO: Scaling combined/lr -1.0 -> 0.1
INFO: Scaling combined/decay -6.0 -> 1e-06
INFO: Scaling adversary/units 2 -> 4
INFO: Writing TensorBoard logs to 'logs/tensorboard/combined-patch.00000011/'
INFO: Running '/exports/eddie3_homes_local/s1562020/work/adversarial/run/adversarial/common.pyc'
INFO: Command-line arguments:
INFO: Configuration file contents:
INFO: Python version: 2.7.14
INFO: Numpy  version: 1.12.1
INFO: Keras  version: 2.1.5
INFO: Using keras backend: 'tensorflow'
INFO: Found  1000000 training and  1000249 test samples for signal
INFO: Found  1000000 training and 10000000 test samples for background
INFO: load_data: Selecting only training data.
INFO: Implementing gradient reversal layer in TensorFlow
INFO: Loading cross-validation classifiers from file
/exports/csce/eddie/ph/groups/PPE/asogaard/anaconda/adversarial-gpu/lib/python2.7/site-packages/keras/models.py:255: UserWarning: No training configuration found in save file: the model was *not* compiled. Compile it manually.
  warnings.warn('No training configuration found in save file: '
INFO: Loading full classifier from file
INFO: Training combined model cross-validation
INFO: Computing initial loss
INFO: Pre-training
Call to main function (#11)
  Parameters: {u'adversary/model/gmm_components': array([6]), u'combined/compile/decay': array([-6.]), u'combined/model/lr_ratio': array([-1.00643084]), u'adversary/model/default/units': array([2]), u'adversary/model/default/activation': [u'tanh'], u'combined/compile/lr': array([-1.]), u'adversary/model/architecture': array([4])}
param: adversary/model/gmm_components
param: combined/compile/decay
param: combined/model/lr_ratio
param: adversary/model/default/units
param: adversary/model/default/activation
param: combined/compile/lr
param: adversary/model/architecture
- - - - - - - - - - - - - - - - - - - - - - - - - - - - - - - - - - - - - - - - 
Saving the following patch to '/exports/eddie3_homes_local/s1562020/work/adversarial/optimisation/experiments/combined/patches/patch.00000011.json':
{u'adversary': {u'model': {u'default': {u'units': 2, u'activation': u'tanh'}, u'gmm_components': 6, u'architecture': 4}}, u'combined': {u'compile': {'loss_weights': [0.098530154602771369, 1.0], u'lr': -1.0, u'decay': -6.0}, u'model': {'lambda_reg': 10.0}, 'fit': {'epochs': 200, 'batch_size': 8192}}}
- - - - - - - - - - - - - - - - - - - - - - - - - - - - - - - - - - - - - - - - 
cd: Going to /exports/eddie3_homes_local/s1562020/work/adversarial/
[38;2;74;176;245m[1mProfile[0m ⏱  Starting [1m@main[0m
[38;2;74;176;245m[1mProfile[0m ⏱  ·· Starting [1mInitialisation[0m
[38;2;74;176;245m[1mProfile[0m ⏱  ···· Starting [1m@initialise[0m
[38;2;74;176;245m[1mProfile[0m ⏱  ···· Time elapsed in [1m@initialise[0m: .............................. [1m0.0s[0m
[38;2;74;176;245m[1mProfile[0m ⏱  ···· Starting [1m@initialise_backend[0m
[38;2;74;176;245m[1mProfile[0m ⏱  ······ Starting [1m@configure_tensorflow[0m
[38;2;74;176;245m[1mProfile[0m ⏱  ······ Time elapsed in [1m@configure_tensorflow[0m: ................. [1m12.7s[0m
[38;2;74;176;245m[1mProfile[0m ⏱  ···· Time elapsed in [1m@initialise_backend[0m: ..................... [1m13.3s[0m
{'config': './configs/default.json',
 'devices': 7,
 'folds': 3,
 'gpu': True,
 'input': './input/',
 'jobname': 'combined-patch.00000011',
 'mode': 'gpu',
 'optimise_adversarial': True,
 'optimise_classifier': False,
 'output': './output/',
 'patches': ['/exports/eddie3_homes_local/s1562020/work/adversarial/optimisation/experiments/combined/patches/patch.00000011.json'],
 'tensorboard': True,
 'theano': False,
 'train': False,
 'train_adversarial': True,
 'train_classifier': False,
 'verbose': False}
{u'adversary': {u'compile': {},
                u'fit': {},
                u'model': {u'architecture': [{}, {}, {}, {}],
                           u'default': {u'activation': u'tanh', u'units': 4},
                           u'gmm_components': 6}},
 u'classifier': {u'compile': {u'loss': u'binary_crossentropy',
                              u'optimizer': <keras.optimizers.Adam object at 0x2b0597a18410>},
                 u'fit': {u'batch_size': 57344,
                          u'epochs': 200,
                          u'shuffle': True,
                          'verbose': 2},
                 u'model': {u'architecture': [{}, {}, {}],
                            u'default': {u'activation': u'relu',
                                         u'batchnorm': True,
                                         u'units': 64}}},
 u'combined': {u'compile': {u'loss': [u'binary_crossentropy', None],
                            u'loss_weights': [0.008957286782070124, 1.0],
                            u'optimizer': <keras.optimizers.Adam object at 0x2b0597a18450>},
               u'fit': {u'batch_size': 57344,
                        u'epochs': 200,
                        u'shuffle': True,
                        'verbose': 2},
               u'model': {u'lambda_reg': 10.0,
                          u'lr_ratio': 0.008957286782070124},
               u'pretrain': 10}}
  TensorFlow version: 1.4.1
[38;2;74;176;245m[1mProfile[0m ⏱  ·· Time elapsed in [1mInitialisation[0m: ............................ [1m13.3s[0m
[38;2;74;176;245m[1mProfile[0m ⏱  ·· Starting [1m@load_data[0m
[38;2;74;176;245m[1mProfile[0m ⏱  ·· Time elapsed in [1m@load_data[0m: ................................ [1m30.9s[0m
[38;2;74;176;245m[1mProfile[0m ⏱  ·· Starting [1m@get_decorrelation_variables[0m
[38;2;74;176;245m[1mProfile[0m ⏱  ·· Time elapsed in [1m@get_decorrelation_variables[0m: ............... [1m0.0s[0m
[38;2;74;176;245m[1mProfile[0m ⏱  ·· Starting [1mClassifier-only fit, cross-validation[0m
[38;2;74;176;245m[1mProfile[0m ⏱  ·· Time elapsed in [1mClassifier-only fit, cross-validation[0m: ...... [1m2.2s[0m
[38;2;74;176;245m[1mProfile[0m ⏱  ·· Starting [1mClassifier-only fit, full[0m
[38;2;74;176;245m[1mProfile[0m ⏱  ·· Time elapsed in [1mClassifier-only fit, full[0m: .................. [1m0.9s[0m
[38;2;74;176;245m[1mProfile[0m ⏱  ·· Starting [1mCombined adversarial fit, cross-validation[0m
[38;2;74;176;245m[1mProfile[0m ⏱  ···· Starting [1mFold 1/3[0m
Train on 1333332 samples, validate on 666668 samples
Epoch 1/10
 - 7s - loss: -2.4217e-01 - classifier_loss: 0.3433 - adversary_loss: -2.4525e-01 - val_loss: -3.0549e-01 - val_classifier_loss: 0.3630 - val_adversary_loss: -3.0874e-01
Epoch 2/10
 - 3s - loss: -3.0796e-01 - classifier_loss: 0.3434 - adversary_loss: -3.1104e-01 - val_loss: -3.1092e-01 - val_classifier_loss: 0.3581 - val_adversary_loss: -3.1413e-01
Epoch 3/10
 - 4s - loss: -3.1196e-01 - classifier_loss: 0.3434 - adversary_loss: -3.1504e-01 - val_loss: -3.2488e-01 - val_classifier_loss: 0.3488 - val_adversary_loss: -3.2800e-01
Epoch 4/10
 - 4s - loss: -3.7932e-01 - classifier_loss: 0.3432 - adversary_loss: -3.8239e-01 - val_loss: -4.7456e-01 - val_classifier_loss: 0.3509 - val_adversary_loss: -4.7770e-01
Epoch 5/10
 - 4s - loss: -4.6309e-01 - classifier_loss: 0.3433 - adversary_loss: -4.6616e-01 - val_loss: -5.4605e-01 - val_classifier_loss: 0.3541 - val_adversary_loss: -5.4923e-01
Epoch 6/10
 - 4s - loss: -5.2022e-01 - classifier_loss: 0.3433 - adversary_loss: -5.2329e-01 - val_loss: -5.8548e-01 - val_classifier_loss: 0.3508 - val_adversary_loss: -5.8863e-01
Epoch 7/10
 - 4s - loss: -5.3219e-01 - classifier_loss: 0.3433 - adversary_loss: -5.3527e-01 - val_loss: -6.0253e-01 - val_classifier_loss: 0.3571 - val_adversary_loss: -6.0572e-01
Epoch 8/10
 - 4s - loss: -5.3762e-01 - classifier_loss: 0.3433 - adversary_loss: -5.4070e-01 - val_loss: -6.0720e-01 - val_classifier_loss: 0.3518 - val_adversary_loss: -6.1035e-01
Epoch 9/10
 - 4s - loss: -5.4461e-01 - classifier_loss: 0.3433 - adversary_loss: -5.4769e-01 - val_loss: -6.2046e-01 - val_classifier_loss: 0.3560 - val_adversary_loss: -6.2365e-01
Epoch 10/10
 - 3s - loss: -5.4497e-01 - classifier_loss: 0.3434 - adversary_loss: -5.4804e-01 - val_loss: -6.1916e-01 - val_classifier_loss: 0.3582 - val_adversary_loss: -6.2237e-01
INFO: Actual training
Train on 1333332 samples, validate on 666668 samples
Epoch 1/200
 - 11s - loss: -1.5553e-01 - classifier_loss: 4.2814 - adversary_loss: -1.9388e-01 - val_loss: -2.3813e-01 - val_classifier_loss: 7.2760 - val_adversary_loss: -3.0330e-01
Epoch 2/200
 - 4s - loss: -2.7157e-01 - classifier_loss: 3.3768 - adversary_loss: -3.0182e-01 - val_loss: -2.4738e-01 - val_classifier_loss: 6.9186 - val_adversary_loss: -3.0935e-01
Epoch 3/200
 - 4s - loss: -2.8401e-01 - classifier_loss: 3.1765 - adversary_loss: -3.1246e-01 - val_loss: -2.7186e-01 - val_classifier_loss: 4.6417 - val_adversary_loss: -3.1344e-01
Epoch 4/200
 - 4s - loss: -2.8693e-01 - classifier_loss: 3.0577 - adversary_loss: -3.1432e-01 - val_loss: -2.7840e-01 - val_classifier_loss: 4.0921 - val_adversary_loss: -3.1505e-01
Epoch 5/200
 - 4s - loss: -2.8837e-01 - classifier_loss: 2.9561 - adversary_loss: -3.1485e-01 - val_loss: -2.7688e-01 - val_classifier_loss: 4.1599 - val_adversary_loss: -3.1414e-01
Epoch 6/200
 - 4s - loss: -2.8997e-01 - classifier_loss: 2.7878 - adversary_loss: -3.1494e-01 - val_loss: -2.6919e-01 - val_classifier_loss: 5.1104 - val_adversary_loss: -3.1496e-01
Epoch 7/200
 - 4s - loss: -2.8936e-01 - classifier_loss: 2.8310 - adversary_loss: -3.1472e-01 - val_loss: -2.8915e-01 - val_classifier_loss: 2.8516 - val_adversary_loss: -3.1469e-01
Epoch 8/200
 - 4s - loss: -2.9144e-01 - classifier_loss: 2.6483 - adversary_loss: -3.1516e-01 - val_loss: -2.8910e-01 - val_classifier_loss: 2.8864 - val_adversary_loss: -3.1495e-01
Epoch 9/200
 - 3s - loss: -2.9290e-01 - classifier_loss: 2.4872 - adversary_loss: -3.1518e-01 - val_loss: -2.6748e-01 - val_classifier_loss: 5.2771 - val_adversary_loss: -3.1475e-01
Epoch 10/200
 - 3s - loss: -2.9174e-01 - classifier_loss: 2.6072 - adversary_loss: -3.1510e-01 - val_loss: -2.8906e-01 - val_classifier_loss: 2.9126 - val_adversary_loss: -3.1515e-01
Epoch 11/200
 - 3s - loss: -3.0318e-01 - classifier_loss: 1.2580 - adversary_loss: -3.1445e-01 - val_loss: -2.7570e-01 - val_classifier_loss: 4.2614 - val_adversary_loss: -3.1387e-01
Epoch 12/200
 - 3s - loss: -3.1008e-01 - classifier_loss: 0.5607 - adversary_loss: -3.1510e-01 - val_loss: -2.6856e-01 - val_classifier_loss: 5.1643 - val_adversary_loss: -3.1481e-01
Epoch 13/200
 - 3s - loss: -3.1056e-01 - classifier_loss: 0.4859 - adversary_loss: -3.1491e-01 - val_loss: -2.9050e-01 - val_classifier_loss: 2.7225 - val_adversary_loss: -3.1488e-01
Epoch 14/200
 - 3s - loss: -3.1120e-01 - classifier_loss: 0.4296 - adversary_loss: -3.1505e-01 - val_loss: -3.0096e-01 - val_classifier_loss: 1.5168 - val_adversary_loss: -3.1455e-01
Epoch 15/200
 - 4s - loss: -3.1137e-01 - classifier_loss: 0.4109 - adversary_loss: -3.1505e-01 - val_loss: -3.0116e-01 - val_classifier_loss: 1.3829 - val_adversary_loss: -3.1355e-01
Epoch 16/200
 - 3s - loss: -3.1118e-01 - classifier_loss: 0.4040 - adversary_loss: -3.1480e-01 - val_loss: -3.0453e-01 - val_classifier_loss: 1.1498 - val_adversary_loss: -3.1483e-01
Epoch 17/200
 - 3s - loss: -3.1150e-01 - classifier_loss: 0.4004 - adversary_loss: -3.1509e-01 - val_loss: -3.0664e-01 - val_classifier_loss: 0.9226 - val_adversary_loss: -3.1491e-01
Epoch 18/200
 - 3s - loss: -3.1133e-01 - classifier_loss: 0.3971 - adversary_loss: -3.1489e-01 - val_loss: -3.0731e-01 - val_classifier_loss: 0.8180 - val_adversary_loss: -3.1463e-01
Epoch 19/200
 - 3s - loss: -3.1121e-01 - classifier_loss: 0.3983 - adversary_loss: -3.1478e-01 - val_loss: -3.0707e-01 - val_classifier_loss: 0.7961 - val_adversary_loss: -3.1420e-01
Epoch 20/200
 - 4s - loss: -3.1143e-01 - classifier_loss: 0.3935 - adversary_loss: -3.1495e-01 - val_loss: -3.0657e-01 - val_classifier_loss: 0.6290 - val_adversary_loss: -3.1221e-01
Epoch 21/200
 - 4s - loss: -3.1094e-01 - classifier_loss: 0.3933 - adversary_loss: -3.1447e-01 - val_loss: -3.0983e-01 - val_classifier_loss: 0.5621 - val_adversary_loss: -3.1486e-01
Epoch 22/200
 - 4s - loss: -3.1159e-01 - classifier_loss: 0.3915 - adversary_loss: -3.1509e-01 - val_loss: -3.0902e-01 - val_classifier_loss: 0.5645 - val_adversary_loss: -3.1407e-01
Epoch 23/200
 - 4s - loss: -3.1150e-01 - classifier_loss: 0.3919 - adversary_loss: -3.1501e-01 - val_loss: -3.0862e-01 - val_classifier_loss: 0.4985 - val_adversary_loss: -3.1308e-01
Epoch 24/200
 - 4s - loss: -3.1123e-01 - classifier_loss: 0.3962 - adversary_loss: -3.1478e-01 - val_loss: -3.0976e-01 - val_classifier_loss: 0.4132 - val_adversary_loss: -3.1346e-01
Epoch 25/200
 - 4s - loss: -3.1072e-01 - classifier_loss: 0.3929 - adversary_loss: -3.1424e-01 - val_loss: -3.1067e-01 - val_classifier_loss: 0.4398 - val_adversary_loss: -3.1461e-01
Epoch 26/200
 - 4s - loss: -3.1150e-01 - classifier_loss: 0.3864 - adversary_loss: -3.1496e-01 - val_loss: -3.1096e-01 - val_classifier_loss: 0.4565 - val_adversary_loss: -3.1505e-01
Epoch 27/200
 - 4s - loss: -3.1153e-01 - classifier_loss: 0.3889 - adversary_loss: -3.1501e-01 - val_loss: -3.0925e-01 - val_classifier_loss: 0.4266 - val_adversary_loss: -3.1307e-01
Epoch 28/200
 - 4s - loss: -3.1149e-01 - classifier_loss: 0.3860 - adversary_loss: -3.1495e-01 - val_loss: -3.0928e-01 - val_classifier_loss: 0.4090 - val_adversary_loss: -3.1294e-01
Epoch 29/200
 - 4s - loss: -3.1159e-01 - classifier_loss: 0.3859 - adversary_loss: -3.1504e-01 - val_loss: -3.1094e-01 - val_classifier_loss: 0.4358 - val_adversary_loss: -3.1484e-01
Epoch 30/200
 - 4s - loss: -3.1173e-01 - classifier_loss: 0.3828 - adversary_loss: -3.1516e-01 - val_loss: -3.1001e-01 - val_classifier_loss: 0.3993 - val_adversary_loss: -3.1359e-01
Epoch 31/200
 - 3s - loss: -3.1134e-01 - classifier_loss: 0.3821 - adversary_loss: -3.1476e-01 - val_loss: -3.1100e-01 - val_classifier_loss: 0.3972 - val_adversary_loss: -3.1455e-01
Epoch 32/200
 - 3s - loss: -3.1132e-01 - classifier_loss: 0.3826 - adversary_loss: -3.1474e-01 - val_loss: -3.1145e-01 - val_classifier_loss: 0.3902 - val_adversary_loss: -3.1495e-01
Epoch 33/200
 - 3s - loss: -3.1121e-01 - classifier_loss: 0.3819 - adversary_loss: -3.1463e-01 - val_loss: -3.1130e-01 - val_classifier_loss: 0.3949 - val_adversary_loss: -3.1484e-01
Epoch 34/200
 - 3s - loss: -3.1166e-01 - classifier_loss: 0.3832 - adversary_loss: -3.1509e-01 - val_loss: -3.1118e-01 - val_classifier_loss: 0.3895 - val_adversary_loss: -3.1467e-01
Epoch 35/200
 - 3s - loss: -3.1137e-01 - classifier_loss: 0.3841 - adversary_loss: -3.1481e-01 - val_loss: -3.1118e-01 - val_classifier_loss: 0.3934 - val_adversary_loss: -3.1471e-01
Epoch 36/200
 - 3s - loss: -3.1122e-01 - classifier_loss: 0.3813 - adversary_loss: -3.1463e-01 - val_loss: -3.1056e-01 - val_classifier_loss: 0.3901 - val_adversary_loss: -3.1405e-01
Epoch 37/200
 - 3s - loss: -3.1143e-01 - classifier_loss: 0.3817 - adversary_loss: -3.1485e-01 - val_loss: -3.1149e-01 - val_classifier_loss: 0.3857 - val_adversary_loss: -3.1494e-01
Epoch 38/200
 - 4s - loss: -3.1147e-01 - classifier_loss: 0.3806 - adversary_loss: -3.1488e-01 - val_loss: -3.1147e-01 - val_classifier_loss: 0.3973 - val_adversary_loss: -3.1503e-01
Epoch 39/200
 - 4s - loss: -3.1130e-01 - classifier_loss: 0.3805 - adversary_loss: -3.1471e-01 - val_loss: -3.1123e-01 - val_classifier_loss: 0.3885 - val_adversary_loss: -3.1471e-01
Epoch 40/200
 - 4s - loss: -3.1152e-01 - classifier_loss: 0.3816 - adversary_loss: -3.1494e-01 - val_loss: -3.0977e-01 - val_classifier_loss: 0.3858 - val_adversary_loss: -3.1323e-01
Epoch 41/200
 - 4s - loss: -3.1050e-01 - classifier_loss: 0.3800 - adversary_loss: -3.1391e-01 - val_loss: -3.1111e-01 - val_classifier_loss: 0.3876 - val_adversary_loss: -3.1458e-01
Epoch 42/200
 - 4s - loss: -3.1158e-01 - classifier_loss: 0.3828 - adversary_loss: -3.1501e-01 - val_loss: -3.1123e-01 - val_classifier_loss: 0.3904 - val_adversary_loss: -3.1473e-01
Epoch 43/200
 - 4s - loss: -3.1172e-01 - classifier_loss: 0.3809 - adversary_loss: -3.1513e-01 - val_loss: -3.1052e-01 - val_classifier_loss: 0.4202 - val_adversary_loss: -3.1428e-01
Epoch 44/200
 - 4s - loss: -3.1153e-01 - classifier_loss: 0.3813 - adversary_loss: -3.1494e-01 - val_loss: -3.1067e-01 - val_classifier_loss: 0.4266 - val_adversary_loss: -3.1449e-01
Epoch 45/200
 - 4s - loss: -3.1166e-01 - classifier_loss: 0.3815 - adversary_loss: -3.1508e-01 - val_loss: -3.1057e-01 - val_classifier_loss: 0.4193 - val_adversary_loss: -3.1433e-01
Epoch 46/200
 - 4s - loss: -3.1175e-01 - classifier_loss: 0.3783 - adversary_loss: -3.1514e-01 - val_loss: -3.1054e-01 - val_classifier_loss: 0.3989 - val_adversary_loss: -3.1411e-01
Epoch 47/200
 - 4s - loss: -3.1126e-01 - classifier_loss: 0.3793 - adversary_loss: -3.1466e-01 - val_loss: -3.1160e-01 - val_classifier_loss: 0.3962 - val_adversary_loss: -3.1515e-01
Epoch 48/200
 - 4s - loss: -3.1153e-01 - classifier_loss: 0.3784 - adversary_loss: -3.1491e-01 - val_loss: -3.0850e-01 - val_classifier_loss: 0.3913 - val_adversary_loss: -3.1200e-01
Epoch 49/200
 - 4s - loss: -3.1049e-01 - classifier_loss: 0.3783 - adversary_loss: -3.1388e-01 - val_loss: -3.1045e-01 - val_classifier_loss: 0.3946 - val_adversary_loss: -3.1399e-01
Epoch 50/200
 - 4s - loss: -3.1155e-01 - classifier_loss: 0.3773 - adversary_loss: -3.1493e-01 - val_loss: -3.1093e-01 - val_classifier_loss: 0.3970 - val_adversary_loss: -3.1449e-01
Epoch 51/200
 - 4s - loss: -3.1157e-01 - classifier_loss: 0.3764 - adversary_loss: -3.1494e-01 - val_loss: -2.6441e-01 - val_classifier_loss: 5.6564 - val_adversary_loss: -3.1508e-01
Epoch 52/200
 - 4s - loss: -3.1186e-01 - classifier_loss: 0.3767 - adversary_loss: -3.1524e-01 - val_loss: -3.1152e-01 - val_classifier_loss: 0.3852 - val_adversary_loss: -3.1497e-01
Epoch 53/200
 - 4s - loss: -3.1154e-01 - classifier_loss: 0.3772 - adversary_loss: -3.1492e-01 - val_loss: -3.1005e-01 - val_classifier_loss: 0.3851 - val_adversary_loss: -3.1350e-01
Epoch 54/200
 - 4s - loss: -3.1167e-01 - classifier_loss: 0.3758 - adversary_loss: -3.1504e-01 - val_loss: -3.0875e-01 - val_classifier_loss: 0.3863 - val_adversary_loss: -3.1221e-01
Epoch 55/200
 - 4s - loss: -3.1119e-01 - classifier_loss: 0.3748 - adversary_loss: -3.1455e-01 - val_loss: -3.1102e-01 - val_classifier_loss: 0.3912 - val_adversary_loss: -3.1453e-01
Epoch 56/200
 - 4s - loss: -3.1097e-01 - classifier_loss: 0.3743 - adversary_loss: -3.1432e-01 - val_loss: -3.0821e-01 - val_classifier_loss: 0.3868 - val_adversary_loss: -3.1168e-01
Epoch 57/200
 - 4s - loss: -3.0998e-01 - classifier_loss: 0.3729 - adversary_loss: -3.1332e-01 - val_loss: -3.1161e-01 - val_classifier_loss: 0.3885 - val_adversary_loss: -3.1509e-01
Epoch 58/200
 - 4s - loss: -3.1110e-01 - classifier_loss: 0.3715 - adversary_loss: -3.1443e-01 - val_loss: -3.1132e-01 - val_classifier_loss: 0.4069 - val_adversary_loss: -3.1497e-01
Epoch 59/200
 - 4s - loss: -3.1157e-01 - classifier_loss: 0.3713 - adversary_loss: -3.1489e-01 - val_loss: -3.1112e-01 - val_classifier_loss: 0.4116 - val_adversary_loss: -3.1481e-01
Epoch 60/200
 - 4s - loss: -3.1113e-01 - classifier_loss: 0.3709 - adversary_loss: -3.1445e-01 - val_loss: -3.1081e-01 - val_classifier_loss: 0.4106 - val_adversary_loss: -3.1448e-01
Epoch 61/200
 - 4s - loss: -3.1132e-01 - classifier_loss: 0.3719 - adversary_loss: -3.1465e-01 - val_loss: -3.1010e-01 - val_classifier_loss: 0.4125 - val_adversary_loss: -3.1379e-01
Epoch 62/200
 - 4s - loss: -3.1075e-01 - classifier_loss: 0.3694 - adversary_loss: -3.1406e-01 - val_loss: -3.0834e-01 - val_classifier_loss: 0.4000 - val_adversary_loss: -3.1192e-01
Epoch 63/200
 - 4s - loss: -3.1054e-01 - classifier_loss: 0.3695 - adversary_loss: -3.1385e-01 - val_loss: -3.1108e-01 - val_classifier_loss: 0.3931 - val_adversary_loss: -3.1460e-01
Epoch 64/200
 - 4s - loss: -3.1186e-01 - classifier_loss: 0.3691 - adversary_loss: -3.1516e-01 - val_loss: -3.1125e-01 - val_classifier_loss: 0.4083 - val_adversary_loss: -3.1491e-01
Epoch 65/200
 - 4s - loss: -3.1121e-01 - classifier_loss: 0.3691 - adversary_loss: -3.1451e-01 - val_loss: -3.1085e-01 - val_classifier_loss: 0.3974 - val_adversary_loss: -3.1441e-01
Epoch 66/200
 - 3s - loss: -3.1099e-01 - classifier_loss: 0.3690 - adversary_loss: -3.1429e-01 - val_loss: -3.1095e-01 - val_classifier_loss: 0.4046 - val_adversary_loss: -3.1458e-01
Epoch 67/200
 - 3s - loss: -3.1184e-01 - classifier_loss: 0.3688 - adversary_loss: -3.1515e-01 - val_loss: -3.1097e-01 - val_classifier_loss: 0.3937 - val_adversary_loss: -3.1449e-01
Epoch 68/200
 - 4s - loss: -3.1149e-01 - classifier_loss: 0.3680 - adversary_loss: -3.1479e-01 - val_loss: -3.1061e-01 - val_classifier_loss: 0.3901 - val_adversary_loss: -3.1411e-01
Epoch 69/200
 - 4s - loss: -3.1141e-01 - classifier_loss: 0.3686 - adversary_loss: -3.1471e-01 - val_loss: -3.1101e-01 - val_classifier_loss: 0.4096 - val_adversary_loss: -3.1467e-01
Epoch 70/200
 - 3s - loss: -3.1133e-01 - classifier_loss: 0.3705 - adversary_loss: -3.1464e-01 - val_loss: -3.1049e-01 - val_classifier_loss: 0.3794 - val_adversary_loss: -3.1389e-01
Epoch 71/200
 - 4s - loss: -3.1144e-01 - classifier_loss: 0.3676 - adversary_loss: -3.1473e-01 - val_loss: -3.1137e-01 - val_classifier_loss: 0.3752 - val_adversary_loss: -3.1473e-01
Epoch 72/200
 - 3s - loss: -3.1161e-01 - classifier_loss: 0.3676 - adversary_loss: -3.1490e-01 - val_loss: -3.1119e-01 - val_classifier_loss: 0.3828 - val_adversary_loss: -3.1462e-01
Epoch 73/200
 - 3s - loss: -3.1157e-01 - classifier_loss: 0.3676 - adversary_loss: -3.1486e-01 - val_loss: -3.1103e-01 - val_classifier_loss: 0.3781 - val_adversary_loss: -3.1441e-01
Epoch 74/200
 - 3s - loss: -3.1168e-01 - classifier_loss: 0.3695 - adversary_loss: -3.1498e-01 - val_loss: -3.1130e-01 - val_classifier_loss: 0.3723 - val_adversary_loss: -3.1464e-01
Epoch 75/200
 - 3s - loss: -3.1147e-01 - classifier_loss: 0.3700 - adversary_loss: -3.1479e-01 - val_loss: -3.1085e-01 - val_classifier_loss: 0.3726 - val_adversary_loss: -3.1418e-01
Epoch 76/200
 - 3s - loss: -3.1146e-01 - classifier_loss: 0.3682 - adversary_loss: -3.1476e-01 - val_loss: -3.1176e-01 - val_classifier_loss: 0.3685 - val_adversary_loss: -3.1506e-01
Epoch 77/200
 - 3s - loss: -3.1151e-01 - classifier_loss: 0.3675 - adversary_loss: -3.1480e-01 - val_loss: -3.1049e-01 - val_classifier_loss: 0.3710 - val_adversary_loss: -3.1381e-01
Epoch 78/200
 - 3s - loss: -3.1168e-01 - classifier_loss: 0.3666 - adversary_loss: -3.1496e-01 - val_loss: -3.1156e-01 - val_classifier_loss: 0.3692 - val_adversary_loss: -3.1487e-01
Epoch 79/200
 - 3s - loss: -3.1145e-01 - classifier_loss: 0.3674 - adversary_loss: -3.1474e-01 - val_loss: -3.1165e-01 - val_classifier_loss: 0.3748 - val_adversary_loss: -3.1500e-01
Epoch 80/200
 - 4s - loss: -3.1097e-01 - classifier_loss: 0.3665 - adversary_loss: -3.1425e-01 - val_loss: -3.0912e-01 - val_classifier_loss: 0.3709 - val_adversary_loss: -3.1244e-01
Epoch 81/200
 - 4s - loss: -3.1140e-01 - classifier_loss: 0.3660 - adversary_loss: -3.1468e-01 - val_loss: -3.1024e-01 - val_classifier_loss: 0.3696 - val_adversary_loss: -3.1356e-01
Epoch 82/200
 - 4s - loss: -3.1101e-01 - classifier_loss: 0.3668 - adversary_loss: -3.1429e-01 - val_loss: -3.1170e-01 - val_classifier_loss: 0.3750 - val_adversary_loss: -3.1506e-01
Epoch 83/200
 - 3s - loss: -3.1179e-01 - classifier_loss: 0.3662 - adversary_loss: -3.1507e-01 - val_loss: -3.1157e-01 - val_classifier_loss: 0.3736 - val_adversary_loss: -3.1492e-01
Epoch 84/200
 - 3s - loss: -3.1162e-01 - classifier_loss: 0.3658 - adversary_loss: -3.1489e-01 - val_loss: -3.1117e-01 - val_classifier_loss: 0.3749 - val_adversary_loss: -3.1453e-01
Epoch 85/200
 - 4s - loss: -3.1154e-01 - classifier_loss: 0.3659 - adversary_loss: -3.1481e-01 - val_loss: -3.1162e-01 - val_classifier_loss: 0.3769 - val_adversary_loss: -3.1500e-01
Epoch 86/200
 - 4s - loss: -3.1184e-01 - classifier_loss: 0.3659 - adversary_loss: -3.1512e-01 - val_loss: -3.1167e-01 - val_classifier_loss: 0.3802 - val_adversary_loss: -3.1507e-01
Epoch 87/200
 - 4s - loss: -3.1170e-01 - classifier_loss: 0.3655 - adversary_loss: -3.1497e-01 - val_loss: -3.1154e-01 - val_classifier_loss: 0.3769 - val_adversary_loss: -3.1492e-01
Epoch 88/200
 - 3s - loss: -3.1180e-01 - classifier_loss: 0.3663 - adversary_loss: -3.1508e-01 - val_loss: -3.1185e-01 - val_classifier_loss: 0.3673 - val_adversary_loss: -3.1514e-01
Epoch 89/200
 - 4s - loss: -3.1191e-01 - classifier_loss: 0.3659 - adversary_loss: -3.1519e-01 - val_loss: -3.1143e-01 - val_classifier_loss: 0.3753 - val_adversary_loss: -3.1479e-01
Epoch 90/200
 - 3s - loss: -3.1155e-01 - classifier_loss: 0.3654 - adversary_loss: -3.1482e-01 - val_loss: -3.1094e-01 - val_classifier_loss: 0.3721 - val_adversary_loss: -3.1428e-01
Epoch 91/200
 - 3s - loss: -3.1168e-01 - classifier_loss: 0.3659 - adversary_loss: -3.1496e-01 - val_loss: -3.1139e-01 - val_classifier_loss: 0.3699 - val_adversary_loss: -3.1471e-01
Epoch 92/200
 - 4s - loss: -3.1172e-01 - classifier_loss: 0.3657 - adversary_loss: -3.1500e-01 - val_loss: -3.1073e-01 - val_classifier_loss: 0.3742 - val_adversary_loss: -3.1408e-01
Epoch 93/200
 - 4s - loss: -3.1178e-01 - classifier_loss: 0.3647 - adversary_loss: -3.1505e-01 - val_loss: -3.1097e-01 - val_classifier_loss: 0.3811 - val_adversary_loss: -3.1439e-01
Epoch 94/200
 - 4s - loss: -3.1130e-01 - classifier_loss: 0.3649 - adversary_loss: -3.1457e-01 - val_loss: -3.0930e-01 - val_classifier_loss: 0.3690 - val_adversary_loss: -3.1260e-01
Epoch 95/200
 - 4s - loss: -3.1102e-01 - classifier_loss: 0.3645 - adversary_loss: -3.1429e-01 - val_loss: -3.1181e-01 - val_classifier_loss: 0.3736 - val_adversary_loss: -3.1516e-01
Epoch 96/200
 - 4s - loss: -3.1181e-01 - classifier_loss: 0.3649 - adversary_loss: -3.1508e-01 - val_loss: -3.1015e-01 - val_classifier_loss: 0.3693 - val_adversary_loss: -3.1346e-01
Epoch 97/200
 - 4s - loss: -3.1072e-01 - classifier_loss: 0.3645 - adversary_loss: -3.1399e-01 - val_loss: -3.1159e-01 - val_classifier_loss: 0.3707 - val_adversary_loss: -3.1491e-01
Epoch 98/200
 - 4s - loss: -3.1166e-01 - classifier_loss: 0.3640 - adversary_loss: -3.1492e-01 - val_loss: -3.1138e-01 - val_classifier_loss: 0.3746 - val_adversary_loss: -3.1474e-01
Epoch 99/200
 - 4s - loss: -3.1170e-01 - classifier_loss: 0.3640 - adversary_loss: -3.1496e-01 - val_loss: -3.1156e-01 - val_classifier_loss: 0.3819 - val_adversary_loss: -3.1498e-01
Epoch 100/200
 - 4s - loss: -3.1193e-01 - classifier_loss: 0.3655 - adversary_loss: -3.1521e-01 - val_loss: -3.1174e-01 - val_classifier_loss: 0.3741 - val_adversary_loss: -3.1509e-01
Epoch 101/200
 - 4s - loss: -3.1173e-01 - classifier_loss: 0.3645 - adversary_loss: -3.1500e-01 - val_loss: -3.1151e-01 - val_classifier_loss: 0.3738 - val_adversary_loss: -3.1486e-01
Epoch 102/200
 - 3s - loss: -3.1181e-01 - classifier_loss: 0.3651 - adversary_loss: -3.1508e-01 - val_loss: -3.0993e-01 - val_classifier_loss: 0.3776 - val_adversary_loss: -3.1331e-01
Epoch 103/200
 - 3s - loss: -3.1115e-01 - classifier_loss: 0.3642 - adversary_loss: -3.1441e-01 - val_loss: -3.1133e-01 - val_classifier_loss: 0.3706 - val_adversary_loss: -3.1465e-01
Epoch 104/200
 - 4s - loss: -3.1140e-01 - classifier_loss: 0.3644 - adversary_loss: -3.1467e-01 - val_loss: -3.1142e-01 - val_classifier_loss: 0.3741 - val_adversary_loss: -3.1478e-01
Epoch 105/200
 - 4s - loss: -3.1188e-01 - classifier_loss: 0.3638 - adversary_loss: -3.1514e-01 - val_loss: -3.1180e-01 - val_classifier_loss: 0.3731 - val_adversary_loss: -3.1514e-01
Epoch 106/200
 - 4s - loss: -3.1168e-01 - classifier_loss: 0.3633 - adversary_loss: -3.1493e-01 - val_loss: -3.1177e-01 - val_classifier_loss: 0.3680 - val_adversary_loss: -3.1507e-01
Epoch 107/200
 - 4s - loss: -3.1184e-01 - classifier_loss: 0.3642 - adversary_loss: -3.1510e-01 - val_loss: -3.1145e-01 - val_classifier_loss: 0.3765 - val_adversary_loss: -3.1482e-01
Epoch 108/200
 - 4s - loss: -3.1153e-01 - classifier_loss: 0.3648 - adversary_loss: -3.1480e-01 - val_loss: -3.1100e-01 - val_classifier_loss: 0.3814 - val_adversary_loss: -3.1441e-01
Epoch 109/200
 - 4s - loss: -3.1085e-01 - classifier_loss: 0.3665 - adversary_loss: -3.1413e-01 - val_loss: -3.0420e-01 - val_classifier_loss: 0.3682 - val_adversary_loss: -3.0750e-01
Epoch 110/200
 - 4s - loss: -3.0983e-01 - classifier_loss: 0.3641 - adversary_loss: -3.1309e-01 - val_loss: -3.1163e-01 - val_classifier_loss: 0.3712 - val_adversary_loss: -3.1495e-01
Epoch 111/200
 - 4s - loss: -3.1131e-01 - classifier_loss: 0.3632 - adversary_loss: -3.1457e-01 - val_loss: -3.1020e-01 - val_classifier_loss: 0.3694 - val_adversary_loss: -3.1351e-01
Epoch 112/200
 - 4s - loss: -3.1156e-01 - classifier_loss: 0.3628 - adversary_loss: -3.1481e-01 - val_loss: -3.1161e-01 - val_classifier_loss: 0.3680 - val_adversary_loss: -3.1490e-01
Epoch 113/200
 - 4s - loss: -3.1179e-01 - classifier_loss: 0.3637 - adversary_loss: -3.1504e-01 - val_loss: -3.1024e-01 - val_classifier_loss: 0.3697 - val_adversary_loss: -3.1356e-01
Epoch 114/200
 - 4s - loss: -3.1148e-01 - classifier_loss: 0.3628 - adversary_loss: -3.1473e-01 - val_loss: -3.1159e-01 - val_classifier_loss: 0.3688 - val_adversary_loss: -3.1489e-01
Epoch 115/200
 - 4s - loss: -3.1166e-01 - classifier_loss: 0.3634 - adversary_loss: -3.1492e-01 - val_loss: -3.1160e-01 - val_classifier_loss: 0.3758 - val_adversary_loss: -3.1497e-01
Epoch 116/200
 - 4s - loss: -3.1161e-01 - classifier_loss: 0.3633 - adversary_loss: -3.1486e-01 - val_loss: -3.1148e-01 - val_classifier_loss: 0.3701 - val_adversary_loss: -3.1480e-01
Epoch 117/200
 - 4s - loss: -3.1175e-01 - classifier_loss: 0.3630 - adversary_loss: -3.1500e-01 - val_loss: -3.1006e-01 - val_classifier_loss: 0.3696 - val_adversary_loss: -3.1338e-01
Epoch 118/200
 - 4s - loss: -3.1154e-01 - classifier_loss: 0.3626 - adversary_loss: -3.1479e-01 - val_loss: -3.1034e-01 - val_classifier_loss: 0.3754 - val_adversary_loss: -3.1370e-01
Epoch 119/200
 - 4s - loss: -3.1181e-01 - classifier_loss: 0.3624 - adversary_loss: -3.1506e-01 - val_loss: -3.1177e-01 - val_classifier_loss: 0.3713 - val_adversary_loss: -3.1510e-01
Epoch 120/200
 - 4s - loss: -3.1178e-01 - classifier_loss: 0.3625 - adversary_loss: -3.1503e-01 - val_loss: -3.1114e-01 - val_classifier_loss: 0.3719 - val_adversary_loss: -3.1448e-01
Epoch 121/200
 - 4s - loss: -3.1194e-01 - classifier_loss: 0.3630 - adversary_loss: -3.1519e-01 - val_loss: -3.1160e-01 - val_classifier_loss: 0.3823 - val_adversary_loss: -3.1502e-01
Epoch 122/200
 - 4s - loss: -3.1179e-01 - classifier_loss: 0.3625 - adversary_loss: -3.1503e-01 - val_loss: -3.1133e-01 - val_classifier_loss: 0.3705 - val_adversary_loss: -3.1464e-01
Epoch 123/200
 - 4s - loss: -3.1151e-01 - classifier_loss: 0.3625 - adversary_loss: -3.1475e-01 - val_loss: -3.1125e-01 - val_classifier_loss: 0.3793 - val_adversary_loss: -3.1465e-01
Epoch 124/200
 - 4s - loss: -3.1190e-01 - classifier_loss: 0.3634 - adversary_loss: -3.1516e-01 - val_loss: -3.1085e-01 - val_classifier_loss: 0.3740 - val_adversary_loss: -3.1420e-01
Epoch 125/200
 - 4s - loss: -3.1162e-01 - classifier_loss: 0.3624 - adversary_loss: -3.1486e-01 - val_loss: -3.1127e-01 - val_classifier_loss: 0.3751 - val_adversary_loss: -3.1463e-01
Epoch 126/200
 - 4s - loss: -3.1176e-01 - classifier_loss: 0.3626 - adversary_loss: -3.1500e-01 - val_loss: -3.1101e-01 - val_classifier_loss: 0.3738 - val_adversary_loss: -3.1436e-01
Epoch 127/200
 - 4s - loss: -3.1153e-01 - classifier_loss: 0.3618 - adversary_loss: -3.1477e-01 - val_loss: -3.1097e-01 - val_classifier_loss: 0.3704 - val_adversary_loss: -3.1429e-01
Epoch 128/200
 - 4s - loss: -3.1149e-01 - classifier_loss: 0.3631 - adversary_loss: -3.1475e-01 - val_loss: -3.1159e-01 - val_classifier_loss: 0.3855 - val_adversary_loss: -3.1505e-01
Epoch 129/200
 - 4s - loss: -3.1157e-01 - classifier_loss: 0.3619 - adversary_loss: -3.1481e-01 - val_loss: -3.1169e-01 - val_classifier_loss: 0.3698 - val_adversary_loss: -3.1500e-01
Epoch 130/200
 - 4s - loss: -3.1155e-01 - classifier_loss: 0.3619 - adversary_loss: -3.1479e-01 - val_loss: -3.1151e-01 - val_classifier_loss: 0.3678 - val_adversary_loss: -3.1480e-01
Epoch 131/200
 - 4s - loss: -3.1157e-01 - classifier_loss: 0.3614 - adversary_loss: -3.1480e-01 - val_loss: -3.1134e-01 - val_classifier_loss: 0.3727 - val_adversary_loss: -3.1467e-01
Epoch 132/200
 - 4s - loss: -3.1138e-01 - classifier_loss: 0.3615 - adversary_loss: -3.1462e-01 - val_loss: -3.0969e-01 - val_classifier_loss: 0.3767 - val_adversary_loss: -3.1307e-01
Epoch 133/200
 - 4s - loss: -3.1154e-01 - classifier_loss: 0.3628 - adversary_loss: -3.1479e-01 - val_loss: -3.1161e-01 - val_classifier_loss: 0.3729 - val_adversary_loss: -3.1495e-01
Epoch 134/200
 - 4s - loss: -3.1185e-01 - classifier_loss: 0.3618 - adversary_loss: -3.1509e-01 - val_loss: -3.1165e-01 - val_classifier_loss: 0.3724 - val_adversary_loss: -3.1499e-01
Epoch 135/200
 - 4s - loss: -3.1153e-01 - classifier_loss: 0.3622 - adversary_loss: -3.1478e-01 - val_loss: -3.1007e-01 - val_classifier_loss: 0.3670 - val_adversary_loss: -3.1336e-01
Epoch 136/200
 - 4s - loss: -3.1151e-01 - classifier_loss: 0.3613 - adversary_loss: -3.1475e-01 - val_loss: -3.1110e-01 - val_classifier_loss: 0.3665 - val_adversary_loss: -3.1438e-01
Epoch 137/200
 - 4s - loss: -3.1096e-01 - classifier_loss: 0.3613 - adversary_loss: -3.1420e-01 - val_loss: -3.1120e-01 - val_classifier_loss: 0.3735 - val_adversary_loss: -3.1455e-01
Epoch 138/200
 - 4s - loss: -3.1169e-01 - classifier_loss: 0.3608 - adversary_loss: -3.1493e-01 - val_loss: -3.1122e-01 - val_classifier_loss: 0.3691 - val_adversary_loss: -3.1453e-01
Epoch 139/200
 - 4s - loss: -3.1138e-01 - classifier_loss: 0.3616 - adversary_loss: -3.1462e-01 - val_loss: -3.1125e-01 - val_classifier_loss: 0.3713 - val_adversary_loss: -3.1458e-01
Epoch 140/200
 - 4s - loss: -3.1184e-01 - classifier_loss: 0.3609 - adversary_loss: -3.1508e-01 - val_loss: -3.1147e-01 - val_classifier_loss: 0.3970 - val_adversary_loss: -3.1502e-01
Epoch 141/200
 - 4s - loss: -3.1124e-01 - classifier_loss: 0.3613 - adversary_loss: -3.1448e-01 - val_loss: -3.1073e-01 - val_classifier_loss: 0.3814 - val_adversary_loss: -3.1414e-01
Epoch 142/200
 - 4s - loss: -3.1130e-01 - classifier_loss: 0.3614 - adversary_loss: -3.1454e-01 - val_loss: -3.1064e-01 - val_classifier_loss: 0.3795 - val_adversary_loss: -3.1404e-01
Epoch 143/200
 - 4s - loss: -3.1167e-01 - classifier_loss: 0.3617 - adversary_loss: -3.1491e-01 - val_loss: -3.1137e-01 - val_classifier_loss: 0.3740 - val_adversary_loss: -3.1472e-01
Epoch 144/200
 - 4s - loss: -3.1173e-01 - classifier_loss: 0.3614 - adversary_loss: -3.1496e-01 - val_loss: -3.0950e-01 - val_classifier_loss: 0.3795 - val_adversary_loss: -3.1290e-01
Epoch 145/200
 - 4s - loss: -3.1170e-01 - classifier_loss: 0.3629 - adversary_loss: -3.1495e-01 - val_loss: -3.1061e-01 - val_classifier_loss: 0.4222 - val_adversary_loss: -3.1439e-01
Epoch 146/200
 - 4s - loss: -3.1160e-01 - classifier_loss: 0.3615 - adversary_loss: -3.1484e-01 - val_loss: -3.1149e-01 - val_classifier_loss: 0.3836 - val_adversary_loss: -3.1492e-01
Epoch 147/200
 - 4s - loss: -3.1139e-01 - classifier_loss: 0.3614 - adversary_loss: -3.1463e-01 - val_loss: -3.0881e-01 - val_classifier_loss: 0.3754 - val_adversary_loss: -3.1217e-01
Epoch 148/200
 - 4s - loss: -3.1054e-01 - classifier_loss: 0.3607 - adversary_loss: -3.1377e-01 - val_loss: -3.1024e-01 - val_classifier_loss: 0.3695 - val_adversary_loss: -3.1355e-01
Epoch 149/200
 - 4s - loss: -3.1173e-01 - classifier_loss: 0.3608 - adversary_loss: -3.1496e-01 - val_loss: -3.1176e-01 - val_classifier_loss: 0.3673 - val_adversary_loss: -3.1505e-01
Epoch 150/200
 - 4s - loss: -3.1185e-01 - classifier_loss: 0.3615 - adversary_loss: -3.1509e-01 - val_loss: -3.1156e-01 - val_classifier_loss: 0.3662 - val_adversary_loss: -3.1484e-01
Epoch 151/200
 - 4s - loss: -3.1157e-01 - classifier_loss: 0.3609 - adversary_loss: -3.1480e-01 - val_loss: -3.1091e-01 - val_classifier_loss: 0.3747 - val_adversary_loss: -3.1427e-01
Epoch 152/200
 - 4s - loss: -3.1119e-01 - classifier_loss: 0.3612 - adversary_loss: -3.1443e-01 - val_loss: -3.0990e-01 - val_classifier_loss: 0.3713 - val_adversary_loss: -3.1322e-01
Epoch 153/200
 - 4s - loss: -3.1140e-01 - classifier_loss: 0.3611 - adversary_loss: -3.1463e-01 - val_loss: -3.1141e-01 - val_classifier_loss: 0.3758 - val_adversary_loss: -3.1478e-01
Epoch 154/200
 - 4s - loss: -3.1176e-01 - classifier_loss: 0.3615 - adversary_loss: -3.1500e-01 - val_loss: -3.1165e-01 - val_classifier_loss: 0.3827 - val_adversary_loss: -3.1508e-01
Epoch 155/200
 - 4s - loss: -3.1193e-01 - classifier_loss: 0.3615 - adversary_loss: -3.1516e-01 - val_loss: -3.1149e-01 - val_classifier_loss: 0.3772 - val_adversary_loss: -3.1487e-01
Epoch 156/200
 - 4s - loss: -3.1188e-01 - classifier_loss: 0.3603 - adversary_loss: -3.1511e-01 - val_loss: -3.1125e-01 - val_classifier_loss: 0.3683 - val_adversary_loss: -3.1455e-01
Epoch 157/200
 - 4s - loss: -3.1100e-01 - classifier_loss: 0.3610 - adversary_loss: -3.1424e-01 - val_loss: -3.1163e-01 - val_classifier_loss: 0.3816 - val_adversary_loss: -3.1505e-01
Epoch 158/200
 - 3s - loss: -3.1174e-01 - classifier_loss: 0.3603 - adversary_loss: -3.1497e-01 - val_loss: -3.1121e-01 - val_classifier_loss: 0.3685 - val_adversary_loss: -3.1451e-01
Epoch 159/200
 - 4s - loss: -3.1137e-01 - classifier_loss: 0.3605 - adversary_loss: -3.1460e-01 - val_loss: -3.1020e-01 - val_classifier_loss: 0.3753 - val_adversary_loss: -3.1356e-01
Epoch 160/200
 - 4s - loss: -3.1159e-01 - classifier_loss: 0.3606 - adversary_loss: -3.1482e-01 - val_loss: -3.0947e-01 - val_classifier_loss: 0.3706 - val_adversary_loss: -3.1279e-01
Epoch 161/200
 - 3s - loss: -3.1152e-01 - classifier_loss: 0.3611 - adversary_loss: -3.1476e-01 - val_loss: -3.1112e-01 - val_classifier_loss: 0.3722 - val_adversary_loss: -3.1446e-01
Epoch 162/200
 - 3s - loss: -3.1183e-01 - classifier_loss: 0.3608 - adversary_loss: -3.1506e-01 - val_loss: -3.0965e-01 - val_classifier_loss: 0.3671 - val_adversary_loss: -3.1294e-01
Epoch 163/200
 - 4s - loss: -3.1143e-01 - classifier_loss: 0.3596 - adversary_loss: -3.1465e-01 - val_loss: -3.1144e-01 - val_classifier_loss: 0.3740 - val_adversary_loss: -3.1479e-01
Epoch 164/200
 - 4s - loss: -3.1159e-01 - classifier_loss: 0.3598 - adversary_loss: -3.1481e-01 - val_loss: -3.1105e-01 - val_classifier_loss: 0.3872 - val_adversary_loss: -3.1451e-01
Epoch 165/200
 - 4s - loss: -3.1118e-01 - classifier_loss: 0.3822 - adversary_loss: -3.1460e-01 - val_loss: -2.8738e-01 - val_classifier_loss: 2.8588 - val_adversary_loss: -3.1299e-01
Epoch 166/200
 - 4s - loss: -3.1034e-01 - classifier_loss: 0.4171 - adversary_loss: -3.1407e-01 - val_loss: -2.4139e-01 - val_classifier_loss: 8.0700 - val_adversary_loss: -3.1367e-01
Epoch 167/200
 - 4s - loss: -3.1064e-01 - classifier_loss: 0.3850 - adversary_loss: -3.1409e-01 - val_loss: -3.0569e-01 - val_classifier_loss: 0.9805 - val_adversary_loss: -3.1448e-01
Epoch 168/200
 - 4s - loss: -2.9928e-01 - classifier_loss: 0.4769 - adversary_loss: -3.0356e-01 - val_loss: -2.6715e-01 - val_classifier_loss: 2.0470 - val_adversary_loss: -2.8549e-01
Epoch 169/200
 - 4s - loss: -2.9621e-01 - classifier_loss: 0.7733 - adversary_loss: -3.0313e-01 - val_loss: -2.9898e-01 - val_classifier_loss: 1.1033 - val_adversary_loss: -3.0886e-01
Epoch 170/200
 - 4s - loss: -3.0670e-01 - classifier_loss: 0.7238 - adversary_loss: -3.1319e-01 - val_loss: -3.0810e-01 - val_classifier_loss: 0.6935 - val_adversary_loss: -3.1432e-01
Epoch 171/200
 - 4s - loss: -3.0852e-01 - classifier_loss: 0.6754 - adversary_loss: -3.1457e-01 - val_loss: -3.0849e-01 - val_classifier_loss: 0.6941 - val_adversary_loss: -3.1470e-01
Epoch 172/200
 - 4s - loss: -3.0892e-01 - classifier_loss: 0.6593 - adversary_loss: -3.1482e-01 - val_loss: -3.0818e-01 - val_classifier_loss: 0.7080 - val_adversary_loss: -3.1452e-01
Epoch 173/200
 - 3s - loss: -3.0817e-01 - classifier_loss: 0.7422 - adversary_loss: -3.1481e-01 - val_loss: -3.0787e-01 - val_classifier_loss: 0.7182 - val_adversary_loss: -3.1430e-01
Epoch 174/200
 - 4s - loss: -3.0708e-01 - classifier_loss: 0.8828 - adversary_loss: -3.1499e-01 - val_loss: -3.0627e-01 - val_classifier_loss: 0.9362 - val_adversary_loss: -3.1466e-01
Epoch 175/200
 - 4s - loss: -3.0895e-01 - classifier_loss: 0.6866 - adversary_loss: -3.1510e-01 - val_loss: -3.0862e-01 - val_classifier_loss: 0.6627 - val_adversary_loss: -3.1455e-01
Epoch 176/200
 - 4s - loss: -3.0881e-01 - classifier_loss: 0.6809 - adversary_loss: -3.1491e-01 - val_loss: -3.0871e-01 - val_classifier_loss: 0.6974 - val_adversary_loss: -3.1495e-01
Epoch 177/200
 - 4s - loss: -3.0871e-01 - classifier_loss: 0.6918 - adversary_loss: -3.1491e-01 - val_loss: -3.0878e-01 - val_classifier_loss: 0.6967 - val_adversary_loss: -3.1502e-01
Epoch 178/200
 - 4s - loss: -3.0895e-01 - classifier_loss: 0.6905 - adversary_loss: -3.1514e-01 - val_loss: -3.0897e-01 - val_classifier_loss: 0.6928 - val_adversary_loss: -3.1518e-01
Epoch 179/200
 - 4s - loss: -3.0880e-01 - classifier_loss: 0.6892 - adversary_loss: -3.1498e-01 - val_loss: -3.0795e-01 - val_classifier_loss: 0.6892 - val_adversary_loss: -3.1412e-01
Epoch 180/200
 - 4s - loss: -3.0853e-01 - classifier_loss: 0.6979 - adversary_loss: -3.1478e-01 - val_loss: -3.0828e-01 - val_classifier_loss: 0.6937 - val_adversary_loss: -3.1449e-01
Epoch 181/200
 - 4s - loss: -3.0874e-01 - classifier_loss: 0.6845 - adversary_loss: -3.1487e-01 - val_loss: -3.0463e-01 - val_classifier_loss: 1.0985 - val_adversary_loss: -3.1447e-01
Epoch 182/200
 - 4s - loss: -3.0848e-01 - classifier_loss: 0.6909 - adversary_loss: -3.1467e-01 - val_loss: -3.0875e-01 - val_classifier_loss: 0.6886 - val_adversary_loss: -3.1492e-01
Epoch 183/200
 - 4s - loss: -3.0875e-01 - classifier_loss: 0.6854 - adversary_loss: -3.1489e-01 - val_loss: -3.0888e-01 - val_classifier_loss: 0.6890 - val_adversary_loss: -3.1505e-01
Epoch 184/200
 - 4s - loss: -3.0833e-01 - classifier_loss: 0.6885 - adversary_loss: -3.1449e-01 - val_loss: -3.0806e-01 - val_classifier_loss: 0.6903 - val_adversary_loss: -3.1425e-01
Epoch 185/200
 - 4s - loss: -3.0851e-01 - classifier_loss: 0.6885 - adversary_loss: -3.1467e-01 - val_loss: -3.0459e-01 - val_classifier_loss: 0.6874 - val_adversary_loss: -3.1075e-01
Epoch 186/200
 - 4s - loss: -3.0731e-01 - classifier_loss: 0.6866 - adversary_loss: -3.1346e-01 - val_loss: -3.0879e-01 - val_classifier_loss: 0.6883 - val_adversary_loss: -3.1496e-01
Epoch 187/200
 - 4s - loss: -3.0884e-01 - classifier_loss: 0.6877 - adversary_loss: -3.1500e-01 - val_loss: -3.0867e-01 - val_classifier_loss: 0.6861 - val_adversary_loss: -3.1482e-01
Epoch 188/200
 - 4s - loss: -3.0891e-01 - classifier_loss: 0.6881 - adversary_loss: -3.1507e-01 - val_loss: -3.0777e-01 - val_classifier_loss: 0.6921 - val_adversary_loss: -3.1397e-01
Epoch 189/200
 - 4s - loss: -3.0849e-01 - classifier_loss: 0.6898 - adversary_loss: -3.1467e-01 - val_loss: -3.0828e-01 - val_classifier_loss: 0.6895 - val_adversary_loss: -3.1446e-01
Epoch 190/200
 - 4s - loss: -3.0851e-01 - classifier_loss: 0.6880 - adversary_loss: -3.1467e-01 - val_loss: -3.0846e-01 - val_classifier_loss: 0.6907 - val_adversary_loss: -3.1465e-01
Epoch 191/200
 - 4s - loss: -3.0862e-01 - classifier_loss: 0.6885 - adversary_loss: -3.1479e-01 - val_loss: -3.0839e-01 - val_classifier_loss: 0.6947 - val_adversary_loss: -3.1461e-01
Epoch 192/200
 - 4s - loss: -3.0832e-01 - classifier_loss: 0.6861 - adversary_loss: -3.1447e-01 - val_loss: -3.0872e-01 - val_classifier_loss: 0.6874 - val_adversary_loss: -3.1487e-01
Epoch 193/200
 - 4s - loss: -3.0892e-01 - classifier_loss: 0.6863 - adversary_loss: -3.1507e-01 - val_loss: -3.0852e-01 - val_classifier_loss: 0.6908 - val_adversary_loss: -3.1470e-01
Epoch 194/200
 - 4s - loss: -3.0890e-01 - classifier_loss: 0.6865 - adversary_loss: -3.1505e-01 - val_loss: -3.0769e-01 - val_classifier_loss: 0.6864 - val_adversary_loss: -3.1383e-01
Epoch 195/200
 - 4s - loss: -3.0893e-01 - classifier_loss: 0.6815 - adversary_loss: -3.1504e-01 - val_loss: -3.0854e-01 - val_classifier_loss: 0.6868 - val_adversary_loss: -3.1470e-01
Epoch 196/200
 - 4s - loss: -3.0866e-01 - classifier_loss: 0.6839 - adversary_loss: -3.1478e-01 - val_loss: -3.0855e-01 - val_classifier_loss: 0.6807 - val_adversary_loss: -3.1465e-01
Epoch 197/200
 - 4s - loss: -3.0856e-01 - classifier_loss: 0.6826 - adversary_loss: -3.1467e-01 - val_loss: -3.0824e-01 - val_classifier_loss: 0.6811 - val_adversary_loss: -3.1434e-01
Epoch 198/200
 - 4s - loss: -3.0895e-01 - classifier_loss: 0.6845 - adversary_loss: -3.1509e-01 - val_loss: -3.0872e-01 - val_classifier_loss: 0.6840 - val_adversary_loss: -3.1484e-01
Epoch 199/200
 - 4s - loss: -3.0861e-01 - classifier_loss: 0.6831 - adversary_loss: -3.1473e-01 - val_loss: -3.0876e-01 - val_classifier_loss: 0.6819 - val_adversary_loss: -3.1487e-01
Epoch 200/200
 - 4s - loss: -3.0877e-01 - classifier_loss: 0.6825 - adversary_loss: -3.1488e-01 - val_loss: -3.0827e-01 - val_classifier_loss: 0.6831 - val_adversary_loss: -3.1438e-01
/exports/csce/eddie/ph/groups/PPE/asogaard/anaconda/adversarial-gpu/lib/python2.7/site-packages/numpy/lib/function_base.py:812: RuntimeWarning: invalid value encountered in true_divide
  return n/db/n.sum(), bins
INFO: Computing initial loss
INFO: Pre-training
[38;2;74;176;245m[1mProfile[0m ⏱  ······ Starting [1m@add_nn[0m
[38;2;74;176;245m[1mProfile[0m ⏱  ······ Time elapsed in [1m@add_nn[0m: ................................ [1m2.6s[0m
Background rejection: 1.00944126753
1/JSD:                0.0
[38;2;74;176;245m[1mProfile[0m ⏱  ···· Time elapsed in [1mFold 1/3[0m: ............................... [1m816.1s[0m
[38;2;74;176;245m[1mProfile[0m ⏱  ···· Starting [1mFold 2/3[0m
Train on 1333334 samples, validate on 666666 samples
Epoch 1/10
 - 10s - loss: -1.3771e-01 - classifier_loss: 0.3438 - adversary_loss: -1.4079e-01 - val_loss: -2.7690e-01 - val_classifier_loss: 0.3502 - val_adversary_loss: -2.8004e-01
Epoch 2/10
 - 3s - loss: -2.8730e-01 - classifier_loss: 0.3439 - adversary_loss: -2.9038e-01 - val_loss: -2.9886e-01 - val_classifier_loss: 0.3494 - val_adversary_loss: -3.0199e-01
Epoch 3/10
 - 3s - loss: -2.9682e-01 - classifier_loss: 0.3438 - adversary_loss: -2.9990e-01 - val_loss: -3.0069e-01 - val_classifier_loss: 0.3545 - val_adversary_loss: -3.0387e-01
Epoch 4/10
 - 3s - loss: -2.9851e-01 - classifier_loss: 0.3439 - adversary_loss: -3.0159e-01 - val_loss: -3.0093e-01 - val_classifier_loss: 0.3482 - val_adversary_loss: -3.0405e-01
Epoch 5/10
 - 3s - loss: -2.9881e-01 - classifier_loss: 0.3438 - adversary_loss: -3.0189e-01 - val_loss: -3.0145e-01 - val_classifier_loss: 0.3550 - val_adversary_loss: -3.0463e-01
Epoch 6/10
 - 3s - loss: -2.9872e-01 - classifier_loss: 0.3439 - adversary_loss: -3.0181e-01 - val_loss: -3.0063e-01 - val_classifier_loss: 0.3532 - val_adversary_loss: -3.0379e-01
Epoch 7/10
 - 3s - loss: -2.9906e-01 - classifier_loss: 0.3439 - adversary_loss: -3.0214e-01 - val_loss: -3.0130e-01 - val_classifier_loss: 0.3538 - val_adversary_loss: -3.0447e-01
Epoch 8/10
 - 3s - loss: -2.9888e-01 - classifier_loss: 0.3438 - adversary_loss: -3.0196e-01 - val_loss: -3.0192e-01 - val_classifier_loss: 0.3526 - val_adversary_loss: -3.0508e-01
Epoch 9/10
 - 3s - loss: -2.9901e-01 - classifier_loss: 0.3439 - adversary_loss: -3.0209e-01 - val_loss: -3.0206e-01 - val_classifier_loss: 0.3498 - val_adversary_loss: -3.0519e-01
Epoch 10/10
 - 3s - loss: -2.9943e-01 - classifier_loss: 0.3439 - adversary_loss: -3.0251e-01 - val_loss: -3.0192e-01 - val_classifier_loss: 0.3495 - val_adversary_loss: -3.0505e-01
INFO: Actual training
Train on 1333334 samples, validate on 666666 samples
Epoch 1/200
 - 13s - loss: 0.0477 - classifier_loss: 7.4630 - adversary_loss: -1.9168e-02 - val_loss: -1.9985e-01 - val_classifier_loss: 8.0482 - val_adversary_loss: -2.7194e-01
Epoch 2/200
 - 4s - loss: -2.2633e-01 - classifier_loss: 8.0612 - adversary_loss: -2.9853e-01 - val_loss: -2.3955e-01 - val_classifier_loss: 8.0482 - val_adversary_loss: -3.1164e-01
Epoch 3/200
 - 4s - loss: -2.3881e-01 - classifier_loss: 8.0612 - adversary_loss: -3.1102e-01 - val_loss: -2.4212e-01 - val_classifier_loss: 8.0482 - val_adversary_loss: -3.1421e-01
Epoch 4/200
 - 4s - loss: -2.3933e-01 - classifier_loss: 8.0612 - adversary_loss: -3.1154e-01 - val_loss: -2.4025e-01 - val_classifier_loss: 8.0482 - val_adversary_loss: -3.1234e-01
Epoch 5/200
 - 4s - loss: -2.3800e-01 - classifier_loss: 8.0612 - adversary_loss: -3.1020e-01 - val_loss: -2.4125e-01 - val_classifier_loss: 8.0482 - val_adversary_loss: -3.1335e-01
Epoch 6/200
 - 4s - loss: -2.4031e-01 - classifier_loss: 8.0612 - adversary_loss: -3.1251e-01 - val_loss: -2.4242e-01 - val_classifier_loss: 8.0482 - val_adversary_loss: -3.1451e-01
Epoch 7/200
 - 4s - loss: -2.4072e-01 - classifier_loss: 8.0612 - adversary_loss: -3.1293e-01 - val_loss: -2.4410e-01 - val_classifier_loss: 8.0482 - val_adversary_loss: -3.1620e-01
Epoch 8/200
 - 4s - loss: -2.4113e-01 - classifier_loss: 8.0612 - adversary_loss: -3.1334e-01 - val_loss: -2.4413e-01 - val_classifier_loss: 8.0482 - val_adversary_loss: -3.1622e-01
Epoch 9/200
 - 4s - loss: -2.4115e-01 - classifier_loss: 8.0612 - adversary_loss: -3.1336e-01 - val_loss: -2.4376e-01 - val_classifier_loss: 8.0482 - val_adversary_loss: -3.1585e-01
Epoch 10/200
 - 4s - loss: -2.4074e-01 - classifier_loss: 8.0612 - adversary_loss: -3.1294e-01 - val_loss: -2.4364e-01 - val_classifier_loss: 8.0482 - val_adversary_loss: -3.1573e-01
Epoch 11/200
 - 4s - loss: -2.4105e-01 - classifier_loss: 8.0612 - adversary_loss: -3.1325e-01 - val_loss: -2.4224e-01 - val_classifier_loss: 8.0482 - val_adversary_loss: -3.1433e-01
Epoch 12/200
 - 4s - loss: -2.4102e-01 - classifier_loss: 8.0612 - adversary_loss: -3.1323e-01 - val_loss: -2.4418e-01 - val_classifier_loss: 8.0482 - val_adversary_loss: -3.1627e-01
Epoch 13/200
 - 4s - loss: -2.4127e-01 - classifier_loss: 8.0612 - adversary_loss: -3.1348e-01 - val_loss: -2.4288e-01 - val_classifier_loss: 8.0482 - val_adversary_loss: -3.1497e-01
Epoch 14/200
 - 4s - loss: -2.4112e-01 - classifier_loss: 8.0612 - adversary_loss: -3.1333e-01 - val_loss: -2.4203e-01 - val_classifier_loss: 8.0482 - val_adversary_loss: -3.1412e-01
Epoch 15/200
 - 4s - loss: -2.4090e-01 - classifier_loss: 8.0612 - adversary_loss: -3.1310e-01 - val_loss: -2.4346e-01 - val_classifier_loss: 8.0482 - val_adversary_loss: -3.1555e-01
Epoch 16/200
 - 4s - loss: -2.4110e-01 - classifier_loss: 8.0612 - adversary_loss: -3.1330e-01 - val_loss: -2.4397e-01 - val_classifier_loss: 8.0482 - val_adversary_loss: -3.1606e-01
Epoch 17/200
 - 4s - loss: -2.4105e-01 - classifier_loss: 8.0612 - adversary_loss: -3.1326e-01 - val_loss: -2.4375e-01 - val_classifier_loss: 8.0482 - val_adversary_loss: -3.1584e-01
Epoch 18/200
 - 4s - loss: -2.4078e-01 - classifier_loss: 8.0612 - adversary_loss: -3.1299e-01 - val_loss: -2.4408e-01 - val_classifier_loss: 8.0482 - val_adversary_loss: -3.1617e-01
Epoch 19/200
 - 4s - loss: -2.4117e-01 - classifier_loss: 8.0612 - adversary_loss: -3.1337e-01 - val_loss: -2.4373e-01 - val_classifier_loss: 8.0482 - val_adversary_loss: -3.1582e-01
Epoch 20/200
 - 4s - loss: -2.4115e-01 - classifier_loss: 8.0612 - adversary_loss: -3.1336e-01 - val_loss: -2.4368e-01 - val_classifier_loss: 8.0482 - val_adversary_loss: -3.1577e-01
Epoch 21/200
 - 4s - loss: -2.4113e-01 - classifier_loss: 8.0612 - adversary_loss: -3.1334e-01 - val_loss: -2.4379e-01 - val_classifier_loss: 8.0482 - val_adversary_loss: -3.1588e-01
Epoch 22/200
 - 4s - loss: -2.4107e-01 - classifier_loss: 8.0612 - adversary_loss: -3.1328e-01 - val_loss: -2.4382e-01 - val_classifier_loss: 8.0482 - val_adversary_loss: -3.1591e-01
Epoch 23/200
 - 4s - loss: -2.4105e-01 - classifier_loss: 8.0612 - adversary_loss: -3.1326e-01 - val_loss: -2.4407e-01 - val_classifier_loss: 8.0482 - val_adversary_loss: -3.1616e-01
Epoch 24/200
 - 3s - loss: -2.4052e-01 - classifier_loss: 8.0612 - adversary_loss: -3.1273e-01 - val_loss: -2.4355e-01 - val_classifier_loss: 8.0482 - val_adversary_loss: -3.1565e-01
Epoch 25/200
 - 4s - loss: -2.4096e-01 - classifier_loss: 8.0612 - adversary_loss: -3.1317e-01 - val_loss: -2.4418e-01 - val_classifier_loss: 8.0482 - val_adversary_loss: -3.1627e-01
Epoch 26/200
 - 4s - loss: -2.4127e-01 - classifier_loss: 8.0612 - adversary_loss: -3.1347e-01 - val_loss: -2.4403e-01 - val_classifier_loss: 8.0482 - val_adversary_loss: -3.1612e-01
Epoch 27/200
 - 4s - loss: -2.4116e-01 - classifier_loss: 8.0612 - adversary_loss: -3.1336e-01 - val_loss: -2.4370e-01 - val_classifier_loss: 8.0482 - val_adversary_loss: -3.1579e-01
Epoch 28/200
 - 4s - loss: -2.4096e-01 - classifier_loss: 8.0612 - adversary_loss: -3.1317e-01 - val_loss: -2.4371e-01 - val_classifier_loss: 8.0482 - val_adversary_loss: -3.1580e-01
Epoch 29/200
 - 3s - loss: -2.4123e-01 - classifier_loss: 8.0612 - adversary_loss: -3.1344e-01 - val_loss: -2.4356e-01 - val_classifier_loss: 8.0482 - val_adversary_loss: -3.1565e-01
Epoch 30/200
 - 4s - loss: -2.4108e-01 - classifier_loss: 8.0612 - adversary_loss: -3.1329e-01 - val_loss: -2.4354e-01 - val_classifier_loss: 8.0482 - val_adversary_loss: -3.1563e-01
Epoch 31/200
 - 4s - loss: -2.4096e-01 - classifier_loss: 8.0612 - adversary_loss: -3.1317e-01 - val_loss: -2.4399e-01 - val_classifier_loss: 8.0482 - val_adversary_loss: -3.1608e-01
Epoch 32/200
 - 4s - loss: -2.4095e-01 - classifier_loss: 8.0612 - adversary_loss: -3.1316e-01 - val_loss: -2.4277e-01 - val_classifier_loss: 8.0482 - val_adversary_loss: -3.1486e-01
Epoch 33/200
 - 4s - loss: -2.4057e-01 - classifier_loss: 8.0612 - adversary_loss: -3.1278e-01 - val_loss: -2.4395e-01 - val_classifier_loss: 8.0482 - val_adversary_loss: -3.1604e-01
Epoch 34/200
 - 4s - loss: -2.4088e-01 - classifier_loss: 8.0612 - adversary_loss: -3.1309e-01 - val_loss: -2.4359e-01 - val_classifier_loss: 8.0482 - val_adversary_loss: -3.1568e-01
Epoch 35/200
 - 4s - loss: -2.4060e-01 - classifier_loss: 8.0612 - adversary_loss: -3.1281e-01 - val_loss: -2.4420e-01 - val_classifier_loss: 8.0482 - val_adversary_loss: -3.1629e-01
Epoch 36/200
 - 4s - loss: -2.4088e-01 - classifier_loss: 8.0612 - adversary_loss: -3.1309e-01 - val_loss: -2.4121e-01 - val_classifier_loss: 8.0482 - val_adversary_loss: -3.1330e-01
Epoch 37/200
 - 4s - loss: -2.4009e-01 - classifier_loss: 8.0612 - adversary_loss: -3.1230e-01 - val_loss: -2.4406e-01 - val_classifier_loss: 8.0482 - val_adversary_loss: -3.1615e-01
Epoch 38/200
 - 4s - loss: -2.4098e-01 - classifier_loss: 8.0612 - adversary_loss: -3.1319e-01 - val_loss: -2.4322e-01 - val_classifier_loss: 8.0482 - val_adversary_loss: -3.1531e-01
Epoch 39/200
 - 4s - loss: -2.4098e-01 - classifier_loss: 8.0612 - adversary_loss: -3.1318e-01 - val_loss: -2.4286e-01 - val_classifier_loss: 8.0482 - val_adversary_loss: -3.1495e-01
Epoch 40/200
 - 4s - loss: -2.4049e-01 - classifier_loss: 8.0612 - adversary_loss: -3.1269e-01 - val_loss: -2.4378e-01 - val_classifier_loss: 8.0482 - val_adversary_loss: -3.1587e-01
Epoch 41/200
 - 3s - loss: -2.4107e-01 - classifier_loss: 8.0612 - adversary_loss: -3.1327e-01 - val_loss: -2.4353e-01 - val_classifier_loss: 8.0482 - val_adversary_loss: -3.1562e-01
Epoch 42/200
 - 3s - loss: -2.4127e-01 - classifier_loss: 8.0612 - adversary_loss: -3.1347e-01 - val_loss: -2.4340e-01 - val_classifier_loss: 8.0482 - val_adversary_loss: -3.1549e-01
Epoch 43/200
 - 3s - loss: -2.4088e-01 - classifier_loss: 8.0612 - adversary_loss: -3.1308e-01 - val_loss: -2.4389e-01 - val_classifier_loss: 8.0482 - val_adversary_loss: -3.1598e-01
Epoch 44/200
 - 3s - loss: -2.4122e-01 - classifier_loss: 8.0612 - adversary_loss: -3.1342e-01 - val_loss: -2.4393e-01 - val_classifier_loss: 8.0482 - val_adversary_loss: -3.1602e-01
Epoch 45/200
 - 3s - loss: -2.4126e-01 - classifier_loss: 8.0612 - adversary_loss: -3.1347e-01 - val_loss: -2.4379e-01 - val_classifier_loss: 8.0482 - val_adversary_loss: -3.1588e-01
Epoch 46/200
 - 3s - loss: -2.4052e-01 - classifier_loss: 8.0612 - adversary_loss: -3.1272e-01 - val_loss: -2.4418e-01 - val_classifier_loss: 8.0482 - val_adversary_loss: -3.1627e-01
Epoch 47/200
 - 3s - loss: -2.4120e-01 - classifier_loss: 8.0612 - adversary_loss: -3.1341e-01 - val_loss: -2.4414e-01 - val_classifier_loss: 8.0482 - val_adversary_loss: -3.1623e-01
Epoch 48/200
 - 3s - loss: -2.4075e-01 - classifier_loss: 8.0612 - adversary_loss: -3.1296e-01 - val_loss: -2.4395e-01 - val_classifier_loss: 8.0482 - val_adversary_loss: -3.1604e-01
Epoch 49/200
 - 3s - loss: -2.4014e-01 - classifier_loss: 8.0612 - adversary_loss: -3.1235e-01 - val_loss: -2.4208e-01 - val_classifier_loss: 8.0482 - val_adversary_loss: -3.1417e-01
Epoch 50/200
 - 3s - loss: -2.4092e-01 - classifier_loss: 8.0612 - adversary_loss: -3.1313e-01 - val_loss: -2.4394e-01 - val_classifier_loss: 8.0482 - val_adversary_loss: -3.1603e-01
Epoch 51/200
 - 3s - loss: -2.4108e-01 - classifier_loss: 8.0612 - adversary_loss: -3.1329e-01 - val_loss: -2.4360e-01 - val_classifier_loss: 8.0482 - val_adversary_loss: -3.1569e-01
Epoch 52/200
 - 3s - loss: -2.4097e-01 - classifier_loss: 8.0612 - adversary_loss: -3.1318e-01 - val_loss: -2.4350e-01 - val_classifier_loss: 8.0482 - val_adversary_loss: -3.1559e-01
Epoch 53/200
 - 3s - loss: -2.4109e-01 - classifier_loss: 8.0612 - adversary_loss: -3.1330e-01 - val_loss: -2.4356e-01 - val_classifier_loss: 8.0482 - val_adversary_loss: -3.1565e-01
Epoch 54/200
 - 3s - loss: -2.4083e-01 - classifier_loss: 8.0612 - adversary_loss: -3.1303e-01 - val_loss: -2.4196e-01 - val_classifier_loss: 8.0482 - val_adversary_loss: -3.1405e-01
Epoch 55/200
 - 3s - loss: -2.4041e-01 - classifier_loss: 8.0612 - adversary_loss: -3.1261e-01 - val_loss: -2.4360e-01 - val_classifier_loss: 8.0482 - val_adversary_loss: -3.1569e-01
Epoch 56/200
 - 3s - loss: -2.4096e-01 - classifier_loss: 8.0612 - adversary_loss: -3.1317e-01 - val_loss: -2.4387e-01 - val_classifier_loss: 8.0482 - val_adversary_loss: -3.1596e-01
Epoch 57/200
 - 3s - loss: -2.4071e-01 - classifier_loss: 8.0612 - adversary_loss: -3.1292e-01 - val_loss: -2.4216e-01 - val_classifier_loss: 8.0482 - val_adversary_loss: -3.1425e-01
Epoch 58/200
 - 3s - loss: -2.4006e-01 - classifier_loss: 8.0612 - adversary_loss: -3.1227e-01 - val_loss: -2.4345e-01 - val_classifier_loss: 8.0482 - val_adversary_loss: -3.1554e-01
Epoch 59/200
 - 3s - loss: -2.4076e-01 - classifier_loss: 8.0612 - adversary_loss: -3.1297e-01 - val_loss: -2.4372e-01 - val_classifier_loss: 8.0482 - val_adversary_loss: -3.1581e-01
Epoch 60/200
 - 3s - loss: -2.4099e-01 - classifier_loss: 8.0612 - adversary_loss: -3.1320e-01 - val_loss: -2.4213e-01 - val_classifier_loss: 8.0482 - val_adversary_loss: -3.1422e-01
Epoch 61/200
 - 3s - loss: -2.4044e-01 - classifier_loss: 8.0612 - adversary_loss: -3.1265e-01 - val_loss: -2.4256e-01 - val_classifier_loss: 8.0482 - val_adversary_loss: -3.1465e-01
Epoch 62/200
 - 3s - loss: -2.4042e-01 - classifier_loss: 8.0612 - adversary_loss: -3.1263e-01 - val_loss: -2.4329e-01 - val_classifier_loss: 8.0482 - val_adversary_loss: -3.1538e-01
Epoch 63/200
 - 3s - loss: -2.4077e-01 - classifier_loss: 8.0612 - adversary_loss: -3.1298e-01 - val_loss: -2.4224e-01 - val_classifier_loss: 8.0482 - val_adversary_loss: -3.1434e-01
Epoch 64/200
 - 3s - loss: -2.4096e-01 - classifier_loss: 8.0612 - adversary_loss: -3.1317e-01 - val_loss: -2.4275e-01 - val_classifier_loss: 8.0482 - val_adversary_loss: -3.1484e-01
Epoch 65/200
 - 3s - loss: -2.4080e-01 - classifier_loss: 8.0612 - adversary_loss: -3.1300e-01 - val_loss: -2.4325e-01 - val_classifier_loss: 8.0482 - val_adversary_loss: -3.1534e-01
Epoch 66/200
 - 3s - loss: -2.4083e-01 - classifier_loss: 8.0612 - adversary_loss: -3.1304e-01 - val_loss: -2.4372e-01 - val_classifier_loss: 8.0482 - val_adversary_loss: -3.1581e-01
Epoch 67/200
 - 3s - loss: -2.4004e-01 - classifier_loss: 8.0612 - adversary_loss: -3.1225e-01 - val_loss: -2.4411e-01 - val_classifier_loss: 8.0482 - val_adversary_loss: -3.1620e-01
Epoch 68/200
 - 3s - loss: -2.4055e-01 - classifier_loss: 8.0612 - adversary_loss: -3.1275e-01 - val_loss: -2.4153e-01 - val_classifier_loss: 8.0482 - val_adversary_loss: -3.1362e-01
Epoch 69/200
 - 3s - loss: -2.4051e-01 - classifier_loss: 8.0612 - adversary_loss: -3.1271e-01 - val_loss: -2.4280e-01 - val_classifier_loss: 8.0482 - val_adversary_loss: -3.1489e-01
Epoch 70/200
 - 3s - loss: -2.4042e-01 - classifier_loss: 8.0612 - adversary_loss: -3.1263e-01 - val_loss: -2.4354e-01 - val_classifier_loss: 8.0482 - val_adversary_loss: -3.1563e-01
Epoch 71/200
 - 3s - loss: -2.4082e-01 - classifier_loss: 8.0612 - adversary_loss: -3.1303e-01 - val_loss: -2.4194e-01 - val_classifier_loss: 8.0482 - val_adversary_loss: -3.1403e-01
Epoch 72/200
 - 3s - loss: -2.4098e-01 - classifier_loss: 8.0612 - adversary_loss: -3.1319e-01 - val_loss: -2.4333e-01 - val_classifier_loss: 8.0482 - val_adversary_loss: -3.1542e-01
Epoch 73/200
 - 3s - loss: -2.4095e-01 - classifier_loss: 8.0612 - adversary_loss: -3.1316e-01 - val_loss: -2.4386e-01 - val_classifier_loss: 8.0482 - val_adversary_loss: -3.1595e-01
Epoch 74/200
 - 3s - loss: -2.4069e-01 - classifier_loss: 8.0612 - adversary_loss: -3.1290e-01 - val_loss: -2.4345e-01 - val_classifier_loss: 8.0482 - val_adversary_loss: -3.1554e-01
Epoch 75/200
 - 3s - loss: -2.4081e-01 - classifier_loss: 8.0612 - adversary_loss: -3.1302e-01 - val_loss: -2.4394e-01 - val_classifier_loss: 8.0482 - val_adversary_loss: -3.1603e-01
Epoch 76/200
 - 3s - loss: -2.4107e-01 - classifier_loss: 8.0612 - adversary_loss: -3.1328e-01 - val_loss: -2.4314e-01 - val_classifier_loss: 8.0482 - val_adversary_loss: -3.1523e-01
Epoch 77/200
 - 3s - loss: -2.4110e-01 - classifier_loss: 8.0612 - adversary_loss: -3.1330e-01 - val_loss: -2.4354e-01 - val_classifier_loss: 8.0482 - val_adversary_loss: -3.1563e-01
Epoch 78/200
 - 3s - loss: -2.4072e-01 - classifier_loss: 8.0612 - adversary_loss: -3.1292e-01 - val_loss: -2.4332e-01 - val_classifier_loss: 8.0482 - val_adversary_loss: -3.1541e-01
Epoch 79/200
 - 3s - loss: -2.4081e-01 - classifier_loss: 8.0612 - adversary_loss: -3.1302e-01 - val_loss: -2.4372e-01 - val_classifier_loss: 8.0482 - val_adversary_loss: -3.1581e-01
Epoch 80/200
 - 3s - loss: -2.4079e-01 - classifier_loss: 8.0612 - adversary_loss: -3.1300e-01 - val_loss: -2.4423e-01 - val_classifier_loss: 8.0482 - val_adversary_loss: -3.1632e-01
Epoch 81/200
 - 3s - loss: -2.4112e-01 - classifier_loss: 8.0612 - adversary_loss: -3.1333e-01 - val_loss: -2.4382e-01 - val_classifier_loss: 8.0482 - val_adversary_loss: -3.1591e-01
Epoch 82/200
 - 3s - loss: -2.4088e-01 - classifier_loss: 8.0612 - adversary_loss: -3.1308e-01 - val_loss: -2.4346e-01 - val_classifier_loss: 8.0482 - val_adversary_loss: -3.1555e-01
Epoch 83/200
 - 3s - loss: -2.4065e-01 - classifier_loss: 8.0612 - adversary_loss: -3.1286e-01 - val_loss: -2.4406e-01 - val_classifier_loss: 8.0482 - val_adversary_loss: -3.1615e-01
Epoch 84/200
 - 3s - loss: -2.4119e-01 - classifier_loss: 8.0612 - adversary_loss: -3.1340e-01 - val_loss: -2.4400e-01 - val_classifier_loss: 8.0482 - val_adversary_loss: -3.1609e-01
Epoch 85/200
 - 3s - loss: -2.4107e-01 - classifier_loss: 8.0612 - adversary_loss: -3.1327e-01 - val_loss: -2.4345e-01 - val_classifier_loss: 8.0482 - val_adversary_loss: -3.1554e-01
Epoch 86/200
 - 3s - loss: -2.4066e-01 - classifier_loss: 8.0612 - adversary_loss: -3.1286e-01 - val_loss: -2.4272e-01 - val_classifier_loss: 8.0482 - val_adversary_loss: -3.1481e-01
Epoch 87/200
 - 3s - loss: -2.3996e-01 - classifier_loss: 8.0612 - adversary_loss: -3.1217e-01 - val_loss: -2.3985e-01 - val_classifier_loss: 8.0482 - val_adversary_loss: -3.1194e-01
Epoch 88/200
 - 3s - loss: -2.4008e-01 - classifier_loss: 8.0612 - adversary_loss: -3.1229e-01 - val_loss: -2.4373e-01 - val_classifier_loss: 8.0482 - val_adversary_loss: -3.1582e-01
Epoch 89/200
 - 3s - loss: -2.4013e-01 - classifier_loss: 8.0612 - adversary_loss: -3.1233e-01 - val_loss: -2.4353e-01 - val_classifier_loss: 8.0482 - val_adversary_loss: -3.1562e-01
Epoch 90/200
 - 4s - loss: -2.3990e-01 - classifier_loss: 8.0612 - adversary_loss: -3.1210e-01 - val_loss: -2.4353e-01 - val_classifier_loss: 8.0482 - val_adversary_loss: -3.1563e-01
Epoch 91/200
 - 3s - loss: -2.4017e-01 - classifier_loss: 8.0612 - adversary_loss: -3.1238e-01 - val_loss: -2.4252e-01 - val_classifier_loss: 8.0482 - val_adversary_loss: -3.1461e-01
Epoch 92/200
 - 3s - loss: -2.4024e-01 - classifier_loss: 8.0612 - adversary_loss: -3.1245e-01 - val_loss: -2.4406e-01 - val_classifier_loss: 8.0482 - val_adversary_loss: -3.1615e-01
Epoch 93/200
 - 3s - loss: -2.4089e-01 - classifier_loss: 8.0612 - adversary_loss: -3.1310e-01 - val_loss: -2.4409e-01 - val_classifier_loss: 8.0482 - val_adversary_loss: -3.1618e-01
Epoch 94/200
 - 3s - loss: -2.4119e-01 - classifier_loss: 8.0612 - adversary_loss: -3.1340e-01 - val_loss: -2.4411e-01 - val_classifier_loss: 8.0482 - val_adversary_loss: -3.1620e-01
Epoch 95/200
 - 3s - loss: -2.4107e-01 - classifier_loss: 8.0612 - adversary_loss: -3.1328e-01 - val_loss: -2.4397e-01 - val_classifier_loss: 8.0482 - val_adversary_loss: -3.1606e-01
Epoch 96/200
 - 3s - loss: -2.4110e-01 - classifier_loss: 8.0612 - adversary_loss: -3.1331e-01 - val_loss: -2.4253e-01 - val_classifier_loss: 8.0482 - val_adversary_loss: -3.1462e-01
Epoch 97/200
 - 3s - loss: -2.4109e-01 - classifier_loss: 8.0612 - adversary_loss: -3.1329e-01 - val_loss: -2.4397e-01 - val_classifier_loss: 8.0482 - val_adversary_loss: -3.1606e-01
Epoch 98/200
 - 3s - loss: -2.4108e-01 - classifier_loss: 8.0612 - adversary_loss: -3.1328e-01 - val_loss: -2.4380e-01 - val_classifier_loss: 8.0482 - val_adversary_loss: -3.1589e-01
Epoch 99/200
 - 3s - loss: -2.4098e-01 - classifier_loss: 8.0612 - adversary_loss: -3.1318e-01 - val_loss: -2.4408e-01 - val_classifier_loss: 8.0482 - val_adversary_loss: -3.1617e-01
Epoch 100/200
 - 3s - loss: -2.4104e-01 - classifier_loss: 8.0612 - adversary_loss: -3.1324e-01 - val_loss: -2.4404e-01 - val_classifier_loss: 8.0482 - val_adversary_loss: -3.1613e-01
Epoch 101/200
 - 3s - loss: -2.4086e-01 - classifier_loss: 8.0612 - adversary_loss: -3.1307e-01 - val_loss: -2.4410e-01 - val_classifier_loss: 8.0482 - val_adversary_loss: -3.1620e-01
Epoch 102/200
 - 3s - loss: -2.4054e-01 - classifier_loss: 8.0612 - adversary_loss: -3.1275e-01 - val_loss: -2.4369e-01 - val_classifier_loss: 8.0482 - val_adversary_loss: -3.1578e-01
Epoch 103/200
 - 3s - loss: -2.4083e-01 - classifier_loss: 8.0612 - adversary_loss: -3.1303e-01 - val_loss: -2.4226e-01 - val_classifier_loss: 8.0482 - val_adversary_loss: -3.1435e-01
Epoch 104/200
 - 3s - loss: -2.4079e-01 - classifier_loss: 8.0612 - adversary_loss: -3.1299e-01 - val_loss: -2.4404e-01 - val_classifier_loss: 8.0482 - val_adversary_loss: -3.1613e-01
Epoch 105/200
 - 3s - loss: -2.4115e-01 - classifier_loss: 8.0612 - adversary_loss: -3.1336e-01 - val_loss: -2.4393e-01 - val_classifier_loss: 8.0482 - val_adversary_loss: -3.1602e-01
Epoch 106/200
 - 3s - loss: -2.4079e-01 - classifier_loss: 8.0612 - adversary_loss: -3.1300e-01 - val_loss: -2.4310e-01 - val_classifier_loss: 8.0482 - val_adversary_loss: -3.1519e-01
Epoch 107/200
 - 3s - loss: -2.4090e-01 - classifier_loss: 8.0612 - adversary_loss: -3.1310e-01 - val_loss: -2.4395e-01 - val_classifier_loss: 8.0482 - val_adversary_loss: -3.1604e-01
Epoch 108/200
 - 3s - loss: -2.4101e-01 - classifier_loss: 8.0612 - adversary_loss: -3.1321e-01 - val_loss: -2.4388e-01 - val_classifier_loss: 8.0482 - val_adversary_loss: -3.1597e-01
Epoch 109/200
 - 3s - loss: -2.4065e-01 - classifier_loss: 8.0612 - adversary_loss: -3.1286e-01 - val_loss: -2.4315e-01 - val_classifier_loss: 8.0482 - val_adversary_loss: -3.1524e-01
Epoch 110/200
 - 3s - loss: -2.4076e-01 - classifier_loss: 8.0612 - adversary_loss: -3.1297e-01 - val_loss: -2.4355e-01 - val_classifier_loss: 8.0482 - val_adversary_loss: -3.1564e-01
Epoch 111/200
 - 3s - loss: -2.4112e-01 - classifier_loss: 8.0612 - adversary_loss: -3.1333e-01 - val_loss: -2.4382e-01 - val_classifier_loss: 8.0482 - val_adversary_loss: -3.1591e-01
Epoch 112/200
 - 3s - loss: -2.4083e-01 - classifier_loss: 8.0612 - adversary_loss: -3.1304e-01 - val_loss: -2.4239e-01 - val_classifier_loss: 8.0482 - val_adversary_loss: -3.1448e-01
Epoch 113/200
 - 3s - loss: -2.3973e-01 - classifier_loss: 8.0612 - adversary_loss: -3.1193e-01 - val_loss: -2.4242e-01 - val_classifier_loss: 8.0482 - val_adversary_loss: -3.1451e-01
Epoch 114/200
 - 3s - loss: -2.4069e-01 - classifier_loss: 8.0612 - adversary_loss: -3.1290e-01 - val_loss: -2.4336e-01 - val_classifier_loss: 8.0482 - val_adversary_loss: -3.1545e-01
Epoch 115/200
 - 3s - loss: -2.4093e-01 - classifier_loss: 8.0612 - adversary_loss: -3.1313e-01 - val_loss: -2.4076e-01 - val_classifier_loss: 8.0482 - val_adversary_loss: -3.1285e-01
Epoch 116/200
 - 3s - loss: -2.4034e-01 - classifier_loss: 8.0612 - adversary_loss: -3.1255e-01 - val_loss: -2.4388e-01 - val_classifier_loss: 8.0482 - val_adversary_loss: -3.1597e-01
Epoch 117/200
 - 3s - loss: -2.4093e-01 - classifier_loss: 8.0612 - adversary_loss: -3.1313e-01 - val_loss: -2.4402e-01 - val_classifier_loss: 8.0482 - val_adversary_loss: -3.1611e-01
Epoch 118/200
 - 3s - loss: -2.4087e-01 - classifier_loss: 8.0612 - adversary_loss: -3.1308e-01 - val_loss: -2.4255e-01 - val_classifier_loss: 8.0482 - val_adversary_loss: -3.1464e-01
Epoch 119/200
 - 3s - loss: -2.4046e-01 - classifier_loss: 8.0612 - adversary_loss: -3.1267e-01 - val_loss: -2.4376e-01 - val_classifier_loss: 8.0482 - val_adversary_loss: -3.1585e-01
Epoch 120/200
 - 3s - loss: -2.4080e-01 - classifier_loss: 8.0612 - adversary_loss: -3.1301e-01 - val_loss: -2.4336e-01 - val_classifier_loss: 8.0482 - val_adversary_loss: -3.1545e-01
Epoch 121/200
 - 3s - loss: -2.4017e-01 - classifier_loss: 8.0612 - adversary_loss: -3.1238e-01 - val_loss: -2.4410e-01 - val_classifier_loss: 8.0482 - val_adversary_loss: -3.1619e-01
Epoch 122/200
 - 3s - loss: -2.4096e-01 - classifier_loss: 8.0612 - adversary_loss: -3.1317e-01 - val_loss: -2.4410e-01 - val_classifier_loss: 8.0482 - val_adversary_loss: -3.1619e-01
Epoch 123/200
 - 4s - loss: -2.4116e-01 - classifier_loss: 8.0612 - adversary_loss: -3.1336e-01 - val_loss: -2.4266e-01 - val_classifier_loss: 8.0482 - val_adversary_loss: -3.1475e-01
Epoch 124/200
 - 4s - loss: -2.4035e-01 - classifier_loss: 8.0612 - adversary_loss: -3.1255e-01 - val_loss: -2.4305e-01 - val_classifier_loss: 8.0482 - val_adversary_loss: -3.1514e-01
Epoch 125/200
 - 3s - loss: -2.4045e-01 - classifier_loss: 8.0612 - adversary_loss: -3.1266e-01 - val_loss: -2.4242e-01 - val_classifier_loss: 8.0482 - val_adversary_loss: -3.1451e-01
Epoch 126/200
 - 4s - loss: -2.4002e-01 - classifier_loss: 8.0612 - adversary_loss: -3.1223e-01 - val_loss: -2.4286e-01 - val_classifier_loss: 8.0482 - val_adversary_loss: -3.1495e-01
Epoch 127/200
 - 4s - loss: -2.4022e-01 - classifier_loss: 8.0612 - adversary_loss: -3.1243e-01 - val_loss: -2.4367e-01 - val_classifier_loss: 8.0482 - val_adversary_loss: -3.1576e-01
Epoch 128/200
 - 3s - loss: -2.4079e-01 - classifier_loss: 8.0612 - adversary_loss: -3.1299e-01 - val_loss: -2.4296e-01 - val_classifier_loss: 8.0482 - val_adversary_loss: -3.1505e-01
Epoch 129/200
 - 4s - loss: -2.4068e-01 - classifier_loss: 8.0612 - adversary_loss: -3.1288e-01 - val_loss: -2.4325e-01 - val_classifier_loss: 8.0482 - val_adversary_loss: -3.1534e-01
Epoch 130/200
 - 4s - loss: -2.4093e-01 - classifier_loss: 8.0612 - adversary_loss: -3.1313e-01 - val_loss: -2.4290e-01 - val_classifier_loss: 8.0482 - val_adversary_loss: -3.1499e-01
Epoch 131/200
 - 3s - loss: -2.4081e-01 - classifier_loss: 8.0612 - adversary_loss: -3.1301e-01 - val_loss: -2.4392e-01 - val_classifier_loss: 8.0482 - val_adversary_loss: -3.1601e-01
Epoch 132/200
 - 4s - loss: -2.4066e-01 - classifier_loss: 8.0612 - adversary_loss: -3.1287e-01 - val_loss: -2.4380e-01 - val_classifier_loss: 8.0482 - val_adversary_loss: -3.1589e-01
Epoch 133/200
 - 3s - loss: -2.4080e-01 - classifier_loss: 8.0612 - adversary_loss: -3.1300e-01 - val_loss: -2.4208e-01 - val_classifier_loss: 8.0482 - val_adversary_loss: -3.1417e-01
Epoch 134/200
 - 4s - loss: -2.4061e-01 - classifier_loss: 8.0612 - adversary_loss: -3.1281e-01 - val_loss: -2.4415e-01 - val_classifier_loss: 8.0482 - val_adversary_loss: -3.1624e-01
Epoch 135/200
 - 4s - loss: -2.4058e-01 - classifier_loss: 8.0612 - adversary_loss: -3.1279e-01 - val_loss: -2.4212e-01 - val_classifier_loss: 8.0482 - val_adversary_loss: -3.1421e-01
Epoch 136/200
 - 3s - loss: -2.4055e-01 - classifier_loss: 8.0612 - adversary_loss: -3.1276e-01 - val_loss: -2.4303e-01 - val_classifier_loss: 8.0482 - val_adversary_loss: -3.1512e-01
Epoch 137/200
 - 4s - loss: -2.4012e-01 - classifier_loss: 8.0612 - adversary_loss: -3.1233e-01 - val_loss: -2.4370e-01 - val_classifier_loss: 8.0482 - val_adversary_loss: -3.1579e-01
Epoch 138/200
 - 4s - loss: -2.4087e-01 - classifier_loss: 8.0612 - adversary_loss: -3.1308e-01 - val_loss: -2.3902e-01 - val_classifier_loss: 8.0482 - val_adversary_loss: -3.1111e-01
Epoch 139/200
 - 4s - loss: -2.4001e-01 - classifier_loss: 8.0612 - adversary_loss: -3.1221e-01 - val_loss: -2.4349e-01 - val_classifier_loss: 8.0482 - val_adversary_loss: -3.1558e-01
Epoch 140/200
 - 4s - loss: -2.4044e-01 - classifier_loss: 8.0612 - adversary_loss: -3.1265e-01 - val_loss: -2.4261e-01 - val_classifier_loss: 8.0482 - val_adversary_loss: -3.1471e-01
Epoch 141/200
 - 4s - loss: -2.3990e-01 - classifier_loss: 8.0612 - adversary_loss: -3.1211e-01 - val_loss: -2.4171e-01 - val_classifier_loss: 8.0482 - val_adversary_loss: -3.1380e-01
Epoch 142/200
 - 4s - loss: -2.4070e-01 - classifier_loss: 8.0612 - adversary_loss: -3.1291e-01 - val_loss: -2.4319e-01 - val_classifier_loss: 8.0482 - val_adversary_loss: -3.1528e-01
Epoch 143/200
 - 4s - loss: -2.4123e-01 - classifier_loss: 8.0612 - adversary_loss: -3.1344e-01 - val_loss: -2.4098e-01 - val_classifier_loss: 8.0482 - val_adversary_loss: -3.1307e-01
Epoch 144/200
 - 4s - loss: -2.4007e-01 - classifier_loss: 8.0612 - adversary_loss: -3.1228e-01 - val_loss: -2.3997e-01 - val_classifier_loss: 8.0482 - val_adversary_loss: -3.1206e-01
Epoch 145/200
 - 4s - loss: -2.3998e-01 - classifier_loss: 8.0612 - adversary_loss: -3.1219e-01 - val_loss: -2.4362e-01 - val_classifier_loss: 8.0482 - val_adversary_loss: -3.1571e-01
Epoch 146/200
 - 4s - loss: -2.4091e-01 - classifier_loss: 8.0612 - adversary_loss: -3.1312e-01 - val_loss: -2.4381e-01 - val_classifier_loss: 8.0482 - val_adversary_loss: -3.1590e-01
Epoch 147/200
 - 4s - loss: -2.4087e-01 - classifier_loss: 8.0612 - adversary_loss: -3.1307e-01 - val_loss: -2.4406e-01 - val_classifier_loss: 8.0482 - val_adversary_loss: -3.1615e-01
Epoch 148/200
 - 4s - loss: -2.4100e-01 - classifier_loss: 8.0612 - adversary_loss: -3.1320e-01 - val_loss: -2.4337e-01 - val_classifier_loss: 8.0482 - val_adversary_loss: -3.1546e-01
Epoch 149/200
 - 4s - loss: -2.4113e-01 - classifier_loss: 8.0612 - adversary_loss: -3.1334e-01 - val_loss: -2.4332e-01 - val_classifier_loss: 8.0482 - val_adversary_loss: -3.1541e-01
Epoch 150/200
 - 4s - loss: -2.4105e-01 - classifier_loss: 8.0612 - adversary_loss: -3.1326e-01 - val_loss: -2.4408e-01 - val_classifier_loss: 8.0482 - val_adversary_loss: -3.1617e-01
Epoch 151/200
 - 4s - loss: -2.4036e-01 - classifier_loss: 8.0612 - adversary_loss: -3.1257e-01 - val_loss: -2.4396e-01 - val_classifier_loss: 8.0482 - val_adversary_loss: -3.1605e-01
Epoch 152/200
 - 4s - loss: -2.4087e-01 - classifier_loss: 8.0612 - adversary_loss: -3.1307e-01 - val_loss: -2.4362e-01 - val_classifier_loss: 8.0482 - val_adversary_loss: -3.1571e-01
Epoch 153/200
 - 4s - loss: -2.4050e-01 - classifier_loss: 8.0612 - adversary_loss: -3.1271e-01 - val_loss: -2.4177e-01 - val_classifier_loss: 8.0482 - val_adversary_loss: -3.1386e-01
Epoch 154/200
 - 4s - loss: -2.4096e-01 - classifier_loss: 8.0612 - adversary_loss: -3.1317e-01 - val_loss: -2.4223e-01 - val_classifier_loss: 8.0482 - val_adversary_loss: -3.1432e-01
Epoch 155/200
 - 3s - loss: -2.4026e-01 - classifier_loss: 8.0612 - adversary_loss: -3.1246e-01 - val_loss: -2.4401e-01 - val_classifier_loss: 8.0482 - val_adversary_loss: -3.1610e-01
Epoch 156/200
 - 3s - loss: -2.4109e-01 - classifier_loss: 8.0612 - adversary_loss: -3.1330e-01 - val_loss: -2.4263e-01 - val_classifier_loss: 8.0482 - val_adversary_loss: -3.1472e-01
Epoch 157/200
 - 4s - loss: -2.4090e-01 - classifier_loss: 8.0612 - adversary_loss: -3.1311e-01 - val_loss: -2.4329e-01 - val_classifier_loss: 8.0482 - val_adversary_loss: -3.1538e-01
Epoch 158/200
 - 3s - loss: -2.4049e-01 - classifier_loss: 8.0612 - adversary_loss: -3.1270e-01 - val_loss: -2.4177e-01 - val_classifier_loss: 8.0482 - val_adversary_loss: -3.1386e-01
Epoch 159/200
 - 3s - loss: -2.4073e-01 - classifier_loss: 8.0612 - adversary_loss: -3.1294e-01 - val_loss: -2.4321e-01 - val_classifier_loss: 8.0482 - val_adversary_loss: -3.1530e-01
Epoch 160/200
 - 4s - loss: -2.4039e-01 - classifier_loss: 8.0612 - adversary_loss: -3.1260e-01 - val_loss: -2.4252e-01 - val_classifier_loss: 8.0482 - val_adversary_loss: -3.1461e-01
Epoch 161/200
 - 3s - loss: -2.4062e-01 - classifier_loss: 8.0612 - adversary_loss: -3.1283e-01 - val_loss: -2.4321e-01 - val_classifier_loss: 8.0482 - val_adversary_loss: -3.1530e-01
Epoch 162/200
 - 3s - loss: -2.4085e-01 - classifier_loss: 8.0612 - adversary_loss: -3.1306e-01 - val_loss: -2.4337e-01 - val_classifier_loss: 8.0482 - val_adversary_loss: -3.1546e-01
Epoch 163/200
 - 3s - loss: -2.4098e-01 - classifier_loss: 8.0612 - adversary_loss: -3.1318e-01 - val_loss: -2.4298e-01 - val_classifier_loss: 8.0482 - val_adversary_loss: -3.1507e-01
Epoch 164/200
 - 3s - loss: -2.4104e-01 - classifier_loss: 8.0612 - adversary_loss: -3.1325e-01 - val_loss: -2.4199e-01 - val_classifier_loss: 8.0482 - val_adversary_loss: -3.1408e-01
Epoch 165/200
 - 3s - loss: -2.4059e-01 - classifier_loss: 8.0612 - adversary_loss: -3.1280e-01 - val_loss: -2.4352e-01 - val_classifier_loss: 8.0482 - val_adversary_loss: -3.1561e-01
Epoch 166/200
 - 3s - loss: -2.4035e-01 - classifier_loss: 8.0612 - adversary_loss: -3.1256e-01 - val_loss: -2.4131e-01 - val_classifier_loss: 8.0482 - val_adversary_loss: -3.1340e-01
Epoch 167/200
 - 3s - loss: -2.4050e-01 - classifier_loss: 8.0612 - adversary_loss: -3.1271e-01 - val_loss: -2.4390e-01 - val_classifier_loss: 8.0482 - val_adversary_loss: -3.1599e-01
Epoch 168/200
 - 4s - loss: -2.4067e-01 - classifier_loss: 8.0612 - adversary_loss: -3.1288e-01 - val_loss: -2.4215e-01 - val_classifier_loss: 8.0482 - val_adversary_loss: -3.1424e-01
Epoch 169/200
 - 4s - loss: -2.4063e-01 - classifier_loss: 8.0612 - adversary_loss: -3.1284e-01 - val_loss: -2.4364e-01 - val_classifier_loss: 8.0482 - val_adversary_loss: -3.1573e-01
Epoch 170/200
 - 4s - loss: -2.4040e-01 - classifier_loss: 8.0612 - adversary_loss: -3.1261e-01 - val_loss: -2.4040e-01 - val_classifier_loss: 8.0482 - val_adversary_loss: -3.1249e-01
Epoch 171/200
 - 4s - loss: -2.3881e-01 - classifier_loss: 8.0612 - adversary_loss: -3.1101e-01 - val_loss: -2.4382e-01 - val_classifier_loss: 8.0482 - val_adversary_loss: -3.1591e-01
Epoch 172/200
 - 3s - loss: -2.3952e-01 - classifier_loss: 8.0612 - adversary_loss: -3.1173e-01 - val_loss: -2.4165e-01 - val_classifier_loss: 8.0482 - val_adversary_loss: -3.1374e-01
Epoch 173/200
 - 4s - loss: -2.4042e-01 - classifier_loss: 8.0612 - adversary_loss: -3.1262e-01 - val_loss: -2.4315e-01 - val_classifier_loss: 8.0482 - val_adversary_loss: -3.1524e-01
Epoch 174/200
 - 4s - loss: -2.4118e-01 - classifier_loss: 8.0612 - adversary_loss: -3.1339e-01 - val_loss: -2.4384e-01 - val_classifier_loss: 8.0482 - val_adversary_loss: -3.1593e-01
Epoch 175/200
 - 4s - loss: -2.4076e-01 - classifier_loss: 8.0612 - adversary_loss: -3.1297e-01 - val_loss: -2.4347e-01 - val_classifier_loss: 8.0482 - val_adversary_loss: -3.1556e-01
Epoch 176/200
 - 4s - loss: -2.4079e-01 - classifier_loss: 8.0612 - adversary_loss: -3.1299e-01 - val_loss: -2.4362e-01 - val_classifier_loss: 8.0482 - val_adversary_loss: -3.1571e-01
Epoch 177/200
 - 4s - loss: -2.4099e-01 - classifier_loss: 8.0612 - adversary_loss: -3.1320e-01 - val_loss: -2.4266e-01 - val_classifier_loss: 8.0482 - val_adversary_loss: -3.1475e-01
Epoch 178/200
 - 4s - loss: -2.4074e-01 - classifier_loss: 8.0612 - adversary_loss: -3.1295e-01 - val_loss: -2.4238e-01 - val_classifier_loss: 8.0482 - val_adversary_loss: -3.1447e-01
Epoch 179/200
 - 4s - loss: -2.4098e-01 - classifier_loss: 8.0612 - adversary_loss: -3.1318e-01 - val_loss: -2.4399e-01 - val_classifier_loss: 8.0482 - val_adversary_loss: -3.1608e-01
Epoch 180/200
 - 4s - loss: -2.4098e-01 - classifier_loss: 8.0612 - adversary_loss: -3.1318e-01 - val_loss: -2.4340e-01 - val_classifier_loss: 8.0482 - val_adversary_loss: -3.1549e-01
Epoch 181/200
 - 4s - loss: -2.3997e-01 - classifier_loss: 8.0612 - adversary_loss: -3.1217e-01 - val_loss: -2.4324e-01 - val_classifier_loss: 8.0482 - val_adversary_loss: -3.1533e-01
Epoch 182/200
 - 4s - loss: -2.4047e-01 - classifier_loss: 8.0612 - adversary_loss: -3.1268e-01 - val_loss: -2.4360e-01 - val_classifier_loss: 8.0482 - val_adversary_loss: -3.1569e-01
Epoch 183/200
 - 4s - loss: -2.4030e-01 - classifier_loss: 8.0612 - adversary_loss: -3.1251e-01 - val_loss: -2.4415e-01 - val_classifier_loss: 8.0482 - val_adversary_loss: -3.1624e-01
Epoch 184/200
 - 4s - loss: -2.4093e-01 - classifier_loss: 8.0612 - adversary_loss: -3.1313e-01 - val_loss: -2.4307e-01 - val_classifier_loss: 8.0482 - val_adversary_loss: -3.1516e-01
Epoch 185/200
 - 4s - loss: -2.4083e-01 - classifier_loss: 8.0612 - adversary_loss: -3.1303e-01 - val_loss: -2.4385e-01 - val_classifier_loss: 8.0482 - val_adversary_loss: -3.1594e-01
Epoch 186/200
 - 4s - loss: -2.3988e-01 - classifier_loss: 8.0612 - adversary_loss: -3.1209e-01 - val_loss: -2.4386e-01 - val_classifier_loss: 8.0482 - val_adversary_loss: -3.1595e-01
Epoch 187/200
 - 4s - loss: -2.4065e-01 - classifier_loss: 8.0612 - adversary_loss: -3.1286e-01 - val_loss: -2.4360e-01 - val_classifier_loss: 8.0482 - val_adversary_loss: -3.1569e-01
Epoch 188/200
 - 4s - loss: -2.4100e-01 - classifier_loss: 8.0612 - adversary_loss: -3.1321e-01 - val_loss: -2.4400e-01 - val_classifier_loss: 8.0482 - val_adversary_loss: -3.1609e-01
Epoch 189/200
 - 4s - loss: -2.4075e-01 - classifier_loss: 8.0612 - adversary_loss: -3.1296e-01 - val_loss: -2.4213e-01 - val_classifier_loss: 8.0482 - val_adversary_loss: -3.1422e-01
Epoch 190/200
 - 4s - loss: -2.4065e-01 - classifier_loss: 8.0612 - adversary_loss: -3.1286e-01 - val_loss: -2.4278e-01 - val_classifier_loss: 8.0482 - val_adversary_loss: -3.1487e-01
Epoch 191/200
 - 4s - loss: -2.4074e-01 - classifier_loss: 8.0612 - adversary_loss: -3.1295e-01 - val_loss: -2.4389e-01 - val_classifier_loss: 8.0482 - val_adversary_loss: -3.1598e-01
Epoch 192/200
 - 4s - loss: -2.4113e-01 - classifier_loss: 8.0612 - adversary_loss: -3.1334e-01 - val_loss: -2.4406e-01 - val_classifier_loss: 8.0482 - val_adversary_loss: -3.1615e-01
Epoch 193/200
 - 4s - loss: -2.4102e-01 - classifier_loss: 8.0612 - adversary_loss: -3.1323e-01 - val_loss: -2.4385e-01 - val_classifier_loss: 8.0482 - val_adversary_loss: -3.1594e-01
Epoch 194/200
 - 4s - loss: -2.4025e-01 - classifier_loss: 8.0612 - adversary_loss: -3.1246e-01 - val_loss: -2.4382e-01 - val_classifier_loss: 8.0482 - val_adversary_loss: -3.1591e-01
Epoch 195/200
 - 4s - loss: -2.4046e-01 - classifier_loss: 8.0612 - adversary_loss: -3.1266e-01 - val_loss: -2.4331e-01 - val_classifier_loss: 8.0482 - val_adversary_loss: -3.1540e-01
Epoch 196/200
 - 4s - loss: -2.4031e-01 - classifier_loss: 8.0612 - adversary_loss: -3.1252e-01 - val_loss: -2.4406e-01 - val_classifier_loss: 8.0482 - val_adversary_loss: -3.1615e-01
Epoch 197/200
 - 4s - loss: -2.4072e-01 - classifier_loss: 8.0612 - adversary_loss: -3.1292e-01 - val_loss: -2.4388e-01 - val_classifier_loss: 8.0482 - val_adversary_loss: -3.1597e-01
Epoch 198/200
 - 4s - loss: -2.4118e-01 - classifier_loss: 8.0612 - adversary_loss: -3.1338e-01 - val_loss: -2.4329e-01 - val_classifier_loss: 8.0482 - val_adversary_loss: -3.1538e-01
Epoch 199/200
 - 4s - loss: -2.4094e-01 - classifier_loss: 8.0612 - adversary_loss: -3.1314e-01 - val_loss: -2.4364e-01 - val_classifier_loss: 8.0482 - val_adversary_loss: -3.1573e-01
Epoch 200/200
 - 4s - loss: -2.4110e-01 - classifier_loss: 8.0612 - adversary_loss: -3.1331e-01 - val_loss: -2.4414e-01 - val_classifier_loss: 8.0482 - val_adversary_loss: -3.1623e-01
/exports/eddie3_homes_local/s1562020/work/adversarial/adversarial/utils/metrics.py:90: RuntimeWarning: divide by zero encountered in double_scalars
  rej = 1. / fpr[idx]
Got result 0.0
Completed successfully in 1678.04 seconds. [{u'main': 0.0}]
[38;2;74;176;245m[1mProfile[0m ⏱  ······ Starting [1m@add_nn[0m
[38;2;74;176;245m[1mProfile[0m ⏱  ······ Time elapsed in [1m@add_nn[0m: ................................ [1m3.7s[0m
Background rejection: inf
1/JSD:                0.0
[38;2;74;176;245m[1mProfile[0m ⏱  ···· Time elapsed in [1mFold 2/3[0m: ............................... [1m796.9s[0m
[38;2;74;176;245m[1mProfile[0m ⏱  ·· Time elapsed in [1mCombined adversarial fit, cross-validation[0m:  [1m1613.7s[0m
[38;2;74;176;245m[1mProfile[0m ⏱  Time elapsed in [1m@main[0m: ...................................... [1m1661.7s[0m
cd: Going back to /exports/eddie3_homes_local/s1562020/work/adversarial/optimisation/experiments/combined
