Job launching after 3.30 seconds in submission.
Running python job.
Changed into dir /exports/eddie3_homes_local/s1562020/work/adversarial/optimisation/experiments/combined
Importing optimise.py
Running optimise.main()
INFO: Applying patch '/exports/eddie3_homes_local/s1562020/work/adversarial/optimisation/experiments/combined/patches/patch.00000006.json'
INFO: Found 20 Intel(R) Xeon(R) CPU E5-2630 v4 @ 2.20GHz devices with 10 cores each.
Using TensorFlow backend.
INFO: Scaling combined/lr -1.5 -> 0.0316227766017
INFO: Scaling combined/decay -5.5 -> 3.16227766017e-06
INFO: Scaling adversary/units 4 -> 16
INFO: Writing TensorBoard logs to 'logs/tensorboard/combined-patch.00000006/'
INFO: Running '/exports/eddie3_homes_local/s1562020/work/adversarial/run/adversarial/common.pyc'
INFO: Command-line arguments:
INFO: Configuration file contents:
INFO: Python version: 2.7.14
INFO: Numpy  version: 1.12.1
INFO: Keras  version: 2.1.5
INFO: Using keras backend: 'tensorflow'
INFO: Found  1000000 training and  1000249 test samples for signal
INFO: Found  1000000 training and 10000000 test samples for background
INFO: load_data: Selecting only training data.
INFO: Implementing gradient reversal layer in TensorFlow
INFO: Loading cross-validation classifiers from file
/exports/csce/eddie/ph/groups/PPE/asogaard/anaconda/adversarial-gpu/lib/python2.7/site-packages/keras/models.py:255: UserWarning: No training configuration found in save file: the model was *not* compiled. Compile it manually.
  warnings.warn('No training configuration found in save file: '
INFO: Loading full classifier from file
INFO: Training combined model cross-validation
INFO: Computing initial loss
INFO: Pre-training
Call to main function (#6)
  Parameters: {u'adversary/model/gmm_components': array([18]), u'combined/compile/decay': array([-5.5]), u'combined/model/lr_ratio': array([-2.125]), u'adversary/model/default/units': array([4]), u'adversary/model/default/activation': [u'tanh'], u'combined/compile/lr': array([-1.5]), u'adversary/model/architecture': array([2])}
param: adversary/model/gmm_components
param: combined/compile/decay
param: combined/model/lr_ratio
param: adversary/model/default/units
param: adversary/model/default/activation
param: combined/compile/lr
param: adversary/model/architecture
- - - - - - - - - - - - - - - - - - - - - - - - - - - - - - - - - - - - - - - - 
Saving the following patch to '/exports/eddie3_homes_local/s1562020/work/adversarial/optimisation/experiments/combined/patches/patch.00000006.json':
{u'adversary': {u'model': {u'default': {u'units': 4, u'activation': u'tanh'}, u'gmm_components': 18, u'architecture': 2}}, u'combined': {u'compile': {'loss_weights': [0.0074989420933245579, 1.0], u'lr': -1.5, u'decay': -5.5}, u'model': {'lambda_reg': 10.0}, 'fit': {'epochs': 200, 'batch_size': 8192}}}
- - - - - - - - - - - - - - - - - - - - - - - - - - - - - - - - - - - - - - - - 
cd: Going to /exports/eddie3_homes_local/s1562020/work/adversarial/
[38;2;74;176;245m[1mProfile[0m ⏱  Starting [1m@main[0m
[38;2;74;176;245m[1mProfile[0m ⏱  ·· Starting [1mInitialisation[0m
[38;2;74;176;245m[1mProfile[0m ⏱  ···· Starting [1m@initialise[0m
[38;2;74;176;245m[1mProfile[0m ⏱  ···· Time elapsed in [1m@initialise[0m: .............................. [1m0.0s[0m
[38;2;74;176;245m[1mProfile[0m ⏱  ···· Starting [1m@initialise_backend[0m
[38;2;74;176;245m[1mProfile[0m ⏱  ······ Starting [1m@configure_tensorflow[0m
[38;2;74;176;245m[1mProfile[0m ⏱  ······ Time elapsed in [1m@configure_tensorflow[0m: ................. [1m13.0s[0m
[38;2;74;176;245m[1mProfile[0m ⏱  ···· Time elapsed in [1m@initialise_backend[0m: ..................... [1m13.8s[0m
{'config': './configs/default.json',
 'devices': 7,
 'folds': 3,
 'gpu': True,
 'input': './input/',
 'jobname': 'combined-patch.00000006',
 'mode': 'gpu',
 'optimise_adversarial': True,
 'optimise_classifier': False,
 'output': './output/',
 'patches': ['/exports/eddie3_homes_local/s1562020/work/adversarial/optimisation/experiments/combined/patches/patch.00000006.json'],
 'tensorboard': True,
 'theano': False,
 'train': False,
 'train_adversarial': True,
 'train_classifier': False,
 'verbose': False}
{u'adversary': {u'compile': {},
                u'fit': {},
                u'model': {u'architecture': [{}, {}],
                           u'default': {u'activation': u'tanh',
                                        u'units': 16},
                           u'gmm_components': 18}},
 u'classifier': {u'compile': {u'loss': u'binary_crossentropy',
                              u'optimizer': <keras.optimizers.Adam object at 0x2abac51483d0>},
                 u'fit': {u'batch_size': 57344,
                          u'epochs': 200,
                          u'shuffle': True,
                          'verbose': 2},
                 u'model': {u'architecture': [{}, {}, {}],
                            u'default': {u'activation': u'relu',
                                         u'batchnorm': True,
                                         u'units': 64}}},
 u'combined': {u'compile': {u'loss': [u'binary_crossentropy', None],
                            u'loss_weights': [0.0006817220084840508, 1.0],
                            u'optimizer': <keras.optimizers.Adam object at 0x2abac5148410>},
               u'fit': {u'batch_size': 57344,
                        u'epochs': 200,
                        u'shuffle': True,
                        'verbose': 2},
               u'model': {u'lambda_reg': 10.0,
                          u'lr_ratio': 0.0006817220084840508},
               u'pretrain': 10}}
  TensorFlow version: 1.4.1
[38;2;74;176;245m[1mProfile[0m ⏱  ·· Time elapsed in [1mInitialisation[0m: ............................ [1m13.9s[0m
[38;2;74;176;245m[1mProfile[0m ⏱  ·· Starting [1m@load_data[0m
[38;2;74;176;245m[1mProfile[0m ⏱  ·· Time elapsed in [1m@load_data[0m: ................................ [1m31.9s[0m
[38;2;74;176;245m[1mProfile[0m ⏱  ·· Starting [1m@get_decorrelation_variables[0m
[38;2;74;176;245m[1mProfile[0m ⏱  ·· Time elapsed in [1m@get_decorrelation_variables[0m: ............... [1m0.0s[0m
[38;2;74;176;245m[1mProfile[0m ⏱  ·· Starting [1mClassifier-only fit, cross-validation[0m
[38;2;74;176;245m[1mProfile[0m ⏱  ·· Time elapsed in [1mClassifier-only fit, cross-validation[0m: ...... [1m2.2s[0m
[38;2;74;176;245m[1mProfile[0m ⏱  ·· Starting [1mClassifier-only fit, full[0m
[38;2;74;176;245m[1mProfile[0m ⏱  ·· Time elapsed in [1mClassifier-only fit, full[0m: .................. [1m0.7s[0m
[38;2;74;176;245m[1mProfile[0m ⏱  ·· Starting [1mCombined adversarial fit, cross-validation[0m
[38;2;74;176;245m[1mProfile[0m ⏱  ···· Starting [1mFold 1/3[0m
Train on 1333332 samples, validate on 666668 samples
Epoch 1/10
 - 17s - loss: -2.7506e-01 - classifier_loss: 0.3433 - adversary_loss: -2.7530e-01 - val_loss: -5.3260e-01 - val_classifier_loss: 0.3536 - val_adversary_loss: -5.3284e-01
Epoch 2/10
 - 6s - loss: -5.0241e-01 - classifier_loss: 0.3434 - adversary_loss: -5.0265e-01 - val_loss: -5.6634e-01 - val_classifier_loss: 0.3542 - val_adversary_loss: -5.6658e-01
Epoch 3/10
 - 6s - loss: -5.2549e-01 - classifier_loss: 0.3434 - adversary_loss: -5.2572e-01 - val_loss: -5.7004e-01 - val_classifier_loss: 0.3533 - val_adversary_loss: -5.7028e-01
Epoch 4/10
 - 6s - loss: -5.3461e-01 - classifier_loss: 0.3433 - adversary_loss: -5.3484e-01 - val_loss: -5.7276e-01 - val_classifier_loss: 0.3504 - val_adversary_loss: -5.7300e-01
Epoch 5/10
 - 6s - loss: -5.3977e-01 - classifier_loss: 0.3433 - adversary_loss: -5.4001e-01 - val_loss: -5.9134e-01 - val_classifier_loss: 0.3545 - val_adversary_loss: -5.9159e-01
Epoch 6/10
 - 6s - loss: -5.4608e-01 - classifier_loss: 0.3433 - adversary_loss: -5.4632e-01 - val_loss: -6.0476e-01 - val_classifier_loss: 0.3571 - val_adversary_loss: -6.0500e-01
Epoch 7/10
 - 6s - loss: -5.5176e-01 - classifier_loss: 0.3434 - adversary_loss: -5.5199e-01 - val_loss: -2.3589e-01 - val_classifier_loss: 1.4853 - val_adversary_loss: -2.3690e-01
Epoch 8/10
 - 6s - loss: -5.5837e-01 - classifier_loss: 0.3433 - adversary_loss: -5.5861e-01 - val_loss: -6.3382e-01 - val_classifier_loss: 0.3550 - val_adversary_loss: -6.3406e-01
Epoch 9/10
 - 6s - loss: -5.6460e-01 - classifier_loss: 0.3433 - adversary_loss: -5.6483e-01 - val_loss: -6.3338e-01 - val_classifier_loss: 0.3558 - val_adversary_loss: -6.3363e-01
Epoch 10/10
 - 6s - loss: -5.7349e-01 - classifier_loss: 0.3434 - adversary_loss: -5.7373e-01 - val_loss: -6.4249e-01 - val_classifier_loss: 0.3557 - val_adversary_loss: -6.4273e-01
INFO: Actual training
Train on 1333332 samples, validate on 666668 samples
Epoch 1/200
 - 23s - loss: -2.0351e-01 - classifier_loss: 1.5297 - adversary_loss: -2.0456e-01 - val_loss: -3.0830e-01 - val_classifier_loss: 4.2077 - val_adversary_loss: -3.1117e-01
Epoch 2/200
 - 7s - loss: -3.1174e-01 - classifier_loss: 0.5702 - adversary_loss: -3.1212e-01 - val_loss: -3.0830e-01 - val_classifier_loss: 6.4185 - val_adversary_loss: -3.1267e-01
Epoch 3/200
 - 7s - loss: -3.1400e-01 - classifier_loss: 0.4755 - adversary_loss: -3.1432e-01 - val_loss: -3.1156e-01 - val_classifier_loss: 4.1694 - val_adversary_loss: -3.1440e-01
Epoch 4/200
 - 7s - loss: -3.1470e-01 - classifier_loss: 0.4490 - adversary_loss: -3.1501e-01 - val_loss: -3.1871e-01 - val_classifier_loss: 1.3229 - val_adversary_loss: -3.1962e-01
Epoch 5/200
 - 7s - loss: -3.1784e-01 - classifier_loss: 0.4593 - adversary_loss: -3.1815e-01 - val_loss: -3.0842e-01 - val_classifier_loss: 1.1597 - val_adversary_loss: -3.0921e-01
Epoch 6/200
 - 7s - loss: -2.7435e-01 - classifier_loss: 0.8652 - adversary_loss: -2.7494e-01 - val_loss: -1.1857e-01 - val_classifier_loss: 3.4267 - val_adversary_loss: -1.2091e-01
Epoch 7/200
 - 7s - loss: -2.4254e-01 - classifier_loss: 0.7908 - adversary_loss: -2.4308e-01 - val_loss: -3.0309e-01 - val_classifier_loss: 1.0557 - val_adversary_loss: -3.0381e-01
Epoch 8/200
 - 7s - loss: -3.1002e-01 - classifier_loss: 0.5769 - adversary_loss: -3.1041e-01 - val_loss: -3.1226e-01 - val_classifier_loss: 0.7084 - val_adversary_loss: -3.1274e-01
Epoch 9/200
 - 6s - loss: -3.1208e-01 - classifier_loss: 0.5531 - adversary_loss: -3.1246e-01 - val_loss: -3.1261e-01 - val_classifier_loss: 0.5864 - val_adversary_loss: -3.1301e-01
Epoch 10/200
 - 7s - loss: -3.1189e-01 - classifier_loss: 0.5468 - adversary_loss: -3.1226e-01 - val_loss: -3.1172e-01 - val_classifier_loss: 0.5810 - val_adversary_loss: -3.1212e-01
Epoch 11/200
 - 7s - loss: -3.1266e-01 - classifier_loss: 0.5522 - adversary_loss: -3.1303e-01 - val_loss: -3.1232e-01 - val_classifier_loss: 0.5741 - val_adversary_loss: -3.1271e-01
Epoch 12/200
 - 6s - loss: -3.1365e-01 - classifier_loss: 0.5329 - adversary_loss: -3.1402e-01 - val_loss: -3.1468e-01 - val_classifier_loss: 0.5559 - val_adversary_loss: -3.1506e-01
Epoch 13/200
 - 7s - loss: -3.1408e-01 - classifier_loss: 0.5262 - adversary_loss: -3.1444e-01 - val_loss: -3.1464e-01 - val_classifier_loss: 0.5471 - val_adversary_loss: -3.1502e-01
Epoch 14/200
 - 7s - loss: -3.1444e-01 - classifier_loss: 0.5189 - adversary_loss: -3.1480e-01 - val_loss: -3.1446e-01 - val_classifier_loss: 0.5341 - val_adversary_loss: -3.1483e-01
Epoch 15/200
 - 7s - loss: -3.1469e-01 - classifier_loss: 0.5042 - adversary_loss: -3.1503e-01 - val_loss: -3.1364e-01 - val_classifier_loss: 0.5193 - val_adversary_loss: -3.1400e-01
Epoch 16/200
 - 7s - loss: -3.1455e-01 - classifier_loss: 0.4828 - adversary_loss: -3.1487e-01 - val_loss: -3.1513e-01 - val_classifier_loss: 0.5018 - val_adversary_loss: -3.1547e-01
Epoch 17/200
 - 7s - loss: -3.1494e-01 - classifier_loss: 0.4620 - adversary_loss: -3.1525e-01 - val_loss: -3.1489e-01 - val_classifier_loss: 0.4974 - val_adversary_loss: -3.1523e-01
Epoch 18/200
 - 7s - loss: -3.1568e-01 - classifier_loss: 0.4441 - adversary_loss: -3.1598e-01 - val_loss: -3.1753e-01 - val_classifier_loss: 0.4869 - val_adversary_loss: -3.1786e-01
Epoch 19/200
 - 7s - loss: -3.1986e-01 - classifier_loss: 0.4432 - adversary_loss: -3.2016e-01 - val_loss: -3.1189e-01 - val_classifier_loss: 0.5576 - val_adversary_loss: -3.1227e-01
Epoch 20/200
 - 7s - loss: -3.1400e-01 - classifier_loss: 0.5388 - adversary_loss: -3.1437e-01 - val_loss: -3.2106e-01 - val_classifier_loss: 0.6068 - val_adversary_loss: -3.2148e-01
Epoch 21/200
 - 7s - loss: -3.3467e-01 - classifier_loss: 0.4687 - adversary_loss: -3.3499e-01 - val_loss: -2.5656e-01 - val_classifier_loss: 0.5575 - val_adversary_loss: -2.5694e-01
Epoch 22/200
 - 7s - loss: -2.9141e-01 - classifier_loss: 0.6390 - adversary_loss: -2.9185e-01 - val_loss: -3.0658e-01 - val_classifier_loss: 0.5947 - val_adversary_loss: -3.0698e-01
Epoch 23/200
 - 7s - loss: -3.1219e-01 - classifier_loss: 0.5568 - adversary_loss: -3.1257e-01 - val_loss: -3.1819e-01 - val_classifier_loss: 0.5689 - val_adversary_loss: -3.1857e-01
Epoch 24/200
 - 7s - loss: -3.2743e-01 - classifier_loss: 0.5331 - adversary_loss: -3.2779e-01 - val_loss: -3.3380e-01 - val_classifier_loss: 0.5692 - val_adversary_loss: -3.3418e-01
Epoch 25/200
 - 7s - loss: -3.3686e-01 - classifier_loss: 0.5076 - adversary_loss: -3.3720e-01 - val_loss: -3.3888e-01 - val_classifier_loss: 0.4997 - val_adversary_loss: -3.3923e-01
Epoch 26/200
 - 6s - loss: -3.3962e-01 - classifier_loss: 0.5291 - adversary_loss: -3.3998e-01 - val_loss: -8.8101e-02 - val_classifier_loss: 0.9211 - val_adversary_loss: -8.8729e-02
Epoch 27/200
 - 7s - loss: -2.9457e-01 - classifier_loss: 0.6325 - adversary_loss: -2.9500e-01 - val_loss: -3.1444e-01 - val_classifier_loss: 0.5934 - val_adversary_loss: -3.1485e-01
Epoch 28/200
 - 7s - loss: -3.1560e-01 - classifier_loss: 0.5628 - adversary_loss: -3.1598e-01 - val_loss: -3.2358e-01 - val_classifier_loss: 0.5728 - val_adversary_loss: -3.2397e-01
Epoch 29/200
 - 7s - loss: -3.2813e-01 - classifier_loss: 0.5463 - adversary_loss: -3.2851e-01 - val_loss: -3.3302e-01 - val_classifier_loss: 0.5529 - val_adversary_loss: -3.3339e-01
Epoch 30/200
 - 7s - loss: -3.3395e-01 - classifier_loss: 0.5268 - adversary_loss: -3.3431e-01 - val_loss: -3.3518e-01 - val_classifier_loss: 0.5367 - val_adversary_loss: -3.3555e-01
Epoch 31/200
 - 7s - loss: -3.3442e-01 - classifier_loss: 0.5250 - adversary_loss: -3.3478e-01 - val_loss: -3.3422e-01 - val_classifier_loss: 0.5573 - val_adversary_loss: -3.3460e-01
Epoch 32/200
 - 7s - loss: -3.3554e-01 - classifier_loss: 0.5059 - adversary_loss: -3.3588e-01 - val_loss: -3.3583e-01 - val_classifier_loss: 0.5474 - val_adversary_loss: -3.3620e-01
Epoch 33/200
 - 7s - loss: -3.3671e-01 - classifier_loss: 0.4751 - adversary_loss: -3.3704e-01 - val_loss: -3.3940e-01 - val_classifier_loss: 0.8455 - val_adversary_loss: -3.3997e-01
Epoch 34/200
 - 7s - loss: -3.3694e-01 - classifier_loss: 0.5161 - adversary_loss: -3.3729e-01 - val_loss: -3.2985e-01 - val_classifier_loss: 0.5599 - val_adversary_loss: -3.3023e-01
Epoch 35/200
 - 7s - loss: -3.3212e-01 - classifier_loss: 0.5605 - adversary_loss: -3.3250e-01 - val_loss: -3.3854e-01 - val_classifier_loss: 0.5511 - val_adversary_loss: -3.3891e-01
Epoch 36/200
 - 7s - loss: -3.3909e-01 - classifier_loss: 0.5395 - adversary_loss: -3.3946e-01 - val_loss: -3.3129e-01 - val_classifier_loss: 0.5592 - val_adversary_loss: -3.3167e-01
Epoch 37/200
 - 7s - loss: -3.3523e-01 - classifier_loss: 0.5172 - adversary_loss: -3.3558e-01 - val_loss: -3.3911e-01 - val_classifier_loss: 0.5320 - val_adversary_loss: -3.3947e-01
Epoch 38/200
 - 7s - loss: -3.4393e-01 - classifier_loss: 0.4806 - adversary_loss: -3.4426e-01 - val_loss: -3.4531e-01 - val_classifier_loss: 0.5634 - val_adversary_loss: -3.4569e-01
Epoch 39/200
 - 7s - loss: -3.2552e-01 - classifier_loss: 0.5581 - adversary_loss: -3.2590e-01 - val_loss: -3.2834e-01 - val_classifier_loss: 1.8779 - val_adversary_loss: -3.2962e-01
Epoch 40/200
 - 7s - loss: -3.3692e-01 - classifier_loss: 0.6213 - adversary_loss: -3.3735e-01 - val_loss: -3.3863e-01 - val_classifier_loss: 0.5921 - val_adversary_loss: -3.3903e-01
Epoch 41/200
 - 7s - loss: -3.4039e-01 - classifier_loss: 0.5239 - adversary_loss: -3.4075e-01 - val_loss: -3.4365e-01 - val_classifier_loss: 0.5268 - val_adversary_loss: -3.4401e-01
Epoch 42/200
 - 7s - loss: -3.4076e-01 - classifier_loss: 0.5054 - adversary_loss: -3.4110e-01 - val_loss: -3.4074e-01 - val_classifier_loss: 0.5397 - val_adversary_loss: -3.4111e-01
Epoch 43/200
 - 7s - loss: -3.4239e-01 - classifier_loss: 0.4938 - adversary_loss: -3.4273e-01 - val_loss: -3.4197e-01 - val_classifier_loss: 0.4877 - val_adversary_loss: -3.4230e-01
Epoch 44/200
 - 7s - loss: -3.2489e-01 - classifier_loss: 0.6206 - adversary_loss: -3.2531e-01 - val_loss: -2.9050e-01 - val_classifier_loss: 0.6323 - val_adversary_loss: -2.9093e-01
Epoch 45/200
 - 7s - loss: -3.0860e-01 - classifier_loss: 0.5030 - adversary_loss: -3.0894e-01 - val_loss: -3.2088e-01 - val_classifier_loss: 0.4914 - val_adversary_loss: -3.2121e-01
Epoch 46/200
 - 6s - loss: -3.1051e-01 - classifier_loss: 0.5689 - adversary_loss: -3.1090e-01 - val_loss: -3.1482e-01 - val_classifier_loss: 0.5862 - val_adversary_loss: -3.1522e-01
Epoch 47/200
 - 7s - loss: -3.2371e-01 - classifier_loss: 0.6010 - adversary_loss: -3.2412e-01 - val_loss: -3.3038e-01 - val_classifier_loss: 0.5885 - val_adversary_loss: -3.3079e-01
Epoch 48/200
 - 7s - loss: -3.1839e-01 - classifier_loss: 0.6358 - adversary_loss: -3.1882e-01 - val_loss: -3.2873e-01 - val_classifier_loss: 0.6524 - val_adversary_loss: -3.2917e-01
Epoch 49/200
 - 7s - loss: -3.2914e-01 - classifier_loss: 0.5296 - adversary_loss: -3.2950e-01 - val_loss: -3.2815e-01 - val_classifier_loss: 0.6756 - val_adversary_loss: -3.2861e-01
Epoch 50/200
 - 7s - loss: -3.2316e-01 - classifier_loss: 0.5414 - adversary_loss: -3.2353e-01 - val_loss: -3.2452e-01 - val_classifier_loss: 0.5694 - val_adversary_loss: -3.2491e-01
Epoch 51/200
 - 7s - loss: -3.2558e-01 - classifier_loss: 0.5345 - adversary_loss: -3.2594e-01 - val_loss: -3.2809e-01 - val_classifier_loss: 0.5525 - val_adversary_loss: -3.2847e-01
Epoch 52/200
 - 7s - loss: -3.2827e-01 - classifier_loss: 0.4999 - adversary_loss: -3.2861e-01 - val_loss: -3.3077e-01 - val_classifier_loss: 0.5120 - val_adversary_loss: -3.3112e-01
Epoch 53/200
 - 7s - loss: -3.3409e-01 - classifier_loss: 0.4860 - adversary_loss: -3.3442e-01 - val_loss: -3.4340e-01 - val_classifier_loss: 0.4824 - val_adversary_loss: -3.4373e-01
Epoch 54/200
 - 7s - loss: -3.2794e-01 - classifier_loss: 0.5324 - adversary_loss: -3.2830e-01 - val_loss: -3.2742e-01 - val_classifier_loss: 0.5577 - val_adversary_loss: -3.2780e-01
Epoch 55/200
 - 7s - loss: -3.3015e-01 - classifier_loss: 0.5545 - adversary_loss: -3.3052e-01 - val_loss: -3.2834e-01 - val_classifier_loss: 0.5702 - val_adversary_loss: -3.2873e-01
Epoch 56/200
 - 7s - loss: -3.3096e-01 - classifier_loss: 0.5278 - adversary_loss: -3.3132e-01 - val_loss: -3.3850e-01 - val_classifier_loss: 0.5279 - val_adversary_loss: -3.3886e-01
Epoch 57/200
 - 7s - loss: -3.3604e-01 - classifier_loss: 0.5218 - adversary_loss: -3.3639e-01 - val_loss: -3.3951e-01 - val_classifier_loss: 0.5243 - val_adversary_loss: -3.3986e-01
Epoch 58/200
 - 7s - loss: -3.3901e-01 - classifier_loss: 0.5185 - adversary_loss: -3.3936e-01 - val_loss: -3.4221e-01 - val_classifier_loss: 0.5125 - val_adversary_loss: -3.4256e-01
Epoch 59/200
 - 6s - loss: -3.4137e-01 - classifier_loss: 0.5129 - adversary_loss: -3.4172e-01 - val_loss: -3.4327e-01 - val_classifier_loss: 0.5079 - val_adversary_loss: -3.4361e-01
Epoch 60/200
 - 7s - loss: -3.4159e-01 - classifier_loss: 0.5063 - adversary_loss: -3.4193e-01 - val_loss: -3.4210e-01 - val_classifier_loss: 0.4998 - val_adversary_loss: -3.4244e-01
Epoch 61/200
 - 6s - loss: -3.4038e-01 - classifier_loss: 0.5003 - adversary_loss: -3.4072e-01 - val_loss: -3.4251e-01 - val_classifier_loss: 0.4947 - val_adversary_loss: -3.4284e-01
Epoch 62/200
 - 6s - loss: -3.4009e-01 - classifier_loss: 0.4973 - adversary_loss: -3.4043e-01 - val_loss: -3.3879e-01 - val_classifier_loss: 0.4971 - val_adversary_loss: -3.3913e-01
Epoch 63/200
 - 6s - loss: -3.4100e-01 - classifier_loss: 0.4946 - adversary_loss: -3.4134e-01 - val_loss: -3.4272e-01 - val_classifier_loss: 0.5001 - val_adversary_loss: -3.4306e-01
Epoch 64/200
 - 6s - loss: -3.4341e-01 - classifier_loss: 0.4805 - adversary_loss: -3.4374e-01 - val_loss: -3.4405e-01 - val_classifier_loss: 0.4860 - val_adversary_loss: -3.4438e-01
Epoch 65/200
 - 6s - loss: -3.4220e-01 - classifier_loss: 0.4732 - adversary_loss: -3.4253e-01 - val_loss: -3.4165e-01 - val_classifier_loss: 0.4852 - val_adversary_loss: -3.4199e-01
Epoch 66/200
 - 6s - loss: -3.3842e-01 - classifier_loss: 0.4771 - adversary_loss: -3.3874e-01 - val_loss: -3.4278e-01 - val_classifier_loss: 0.4882 - val_adversary_loss: -3.4311e-01
Epoch 67/200
 - 6s - loss: -3.3121e-01 - classifier_loss: 0.5192 - adversary_loss: -3.3156e-01 - val_loss: -3.4094e-01 - val_classifier_loss: 0.4966 - val_adversary_loss: -3.4128e-01
Epoch 68/200
 - 7s - loss: -3.3874e-01 - classifier_loss: 0.4692 - adversary_loss: -3.3906e-01 - val_loss: -3.4729e-01 - val_classifier_loss: 0.4646 - val_adversary_loss: -3.4761e-01
Epoch 69/200
 - 7s - loss: -3.3111e-01 - classifier_loss: 0.6444 - adversary_loss: -3.3155e-01 - val_loss: -3.2679e-01 - val_classifier_loss: 0.5989 - val_adversary_loss: -3.2720e-01
Epoch 70/200
 - 6s - loss: -3.1396e-01 - classifier_loss: 0.5996 - adversary_loss: -3.1437e-01 - val_loss: -2.8994e-01 - val_classifier_loss: 4.3220 - val_adversary_loss: -2.9289e-01
Epoch 71/200
 - 6s - loss: -3.0514e-01 - classifier_loss: 0.5558 - adversary_loss: -3.0552e-01 - val_loss: -3.1107e-01 - val_classifier_loss: 0.7967 - val_adversary_loss: -3.1161e-01
Epoch 72/200
 - 6s - loss: -3.1679e-01 - classifier_loss: 0.5401 - adversary_loss: -3.1716e-01 - val_loss: -3.2876e-01 - val_classifier_loss: 0.4905 - val_adversary_loss: -3.2909e-01
Epoch 73/200
 - 6s - loss: -3.2572e-01 - classifier_loss: 0.4920 - adversary_loss: -3.2606e-01 - val_loss: -3.2629e-01 - val_classifier_loss: 0.4635 - val_adversary_loss: -3.2661e-01
Epoch 74/200
 - 6s - loss: -3.2780e-01 - classifier_loss: 0.4639 - adversary_loss: -3.2812e-01 - val_loss: -3.2194e-01 - val_classifier_loss: 0.5152 - val_adversary_loss: -3.2230e-01
Epoch 75/200
 - 7s - loss: -3.2206e-01 - classifier_loss: 0.4977 - adversary_loss: -3.2240e-01 - val_loss: -3.3547e-01 - val_classifier_loss: 0.4662 - val_adversary_loss: -3.3579e-01
Epoch 76/200
 - 7s - loss: -3.2133e-01 - classifier_loss: 0.5214 - adversary_loss: -3.2169e-01 - val_loss: -3.2792e-01 - val_classifier_loss: 0.4666 - val_adversary_loss: -3.2824e-01
Epoch 77/200
 - 7s - loss: -3.2996e-01 - classifier_loss: 0.4461 - adversary_loss: -3.3026e-01 - val_loss: -3.3720e-01 - val_classifier_loss: 0.4674 - val_adversary_loss: -3.3752e-01
Epoch 78/200
 - 7s - loss: -3.3072e-01 - classifier_loss: 0.4478 - adversary_loss: -3.3102e-01 - val_loss: -3.1634e-01 - val_classifier_loss: 0.5004 - val_adversary_loss: -3.1668e-01
Epoch 79/200
 - 7s - loss: -3.2482e-01 - classifier_loss: 0.4489 - adversary_loss: -3.2513e-01 - val_loss: -3.3066e-01 - val_classifier_loss: 0.4165 - val_adversary_loss: -3.3095e-01
Epoch 80/200
 - 6s - loss: -3.2895e-01 - classifier_loss: 0.4041 - adversary_loss: -3.2923e-01 - val_loss: -3.2903e-01 - val_classifier_loss: 0.4881 - val_adversary_loss: -3.2936e-01
Epoch 81/200
 - 6s - loss: -3.3121e-01 - classifier_loss: 0.4041 - adversary_loss: -3.3149e-01 - val_loss: -3.3584e-01 - val_classifier_loss: 0.4060 - val_adversary_loss: -3.3612e-01
Epoch 82/200
 - 7s - loss: -3.3265e-01 - classifier_loss: 0.3997 - adversary_loss: -3.3292e-01 - val_loss: -3.3276e-01 - val_classifier_loss: 0.4577 - val_adversary_loss: -3.3307e-01
Epoch 83/200
 - 7s - loss: -3.3352e-01 - classifier_loss: 0.4002 - adversary_loss: -3.3380e-01 - val_loss: -3.3548e-01 - val_classifier_loss: 0.4061 - val_adversary_loss: -3.3576e-01
Epoch 84/200
 - 7s - loss: -3.3394e-01 - classifier_loss: 0.3956 - adversary_loss: -3.3421e-01 - val_loss: -3.3402e-01 - val_classifier_loss: 0.4255 - val_adversary_loss: -3.3431e-01
Epoch 85/200
 - 7s - loss: -3.3132e-01 - classifier_loss: 0.4365 - adversary_loss: -3.3162e-01 - val_loss: -3.3378e-01 - val_classifier_loss: 0.4564 - val_adversary_loss: -3.3409e-01
Epoch 86/200
 - 7s - loss: -3.3323e-01 - classifier_loss: 0.4138 - adversary_loss: -3.3351e-01 - val_loss: -3.3635e-01 - val_classifier_loss: 0.6029 - val_adversary_loss: -3.3676e-01
Epoch 87/200
 - 7s - loss: -3.3115e-01 - classifier_loss: 0.4129 - adversary_loss: -3.3143e-01 - val_loss: -3.3672e-01 - val_classifier_loss: 0.6167 - val_adversary_loss: -3.3714e-01
Epoch 88/200
 - 7s - loss: -3.3164e-01 - classifier_loss: 0.4169 - adversary_loss: -3.3193e-01 - val_loss: -3.2946e-01 - val_classifier_loss: 0.4418 - val_adversary_loss: -3.2976e-01
Epoch 89/200
 - 7s - loss: -3.3164e-01 - classifier_loss: 0.4159 - adversary_loss: -3.3192e-01 - val_loss: -3.3566e-01 - val_classifier_loss: 0.4223 - val_adversary_loss: -3.3594e-01
Epoch 90/200
 - 7s - loss: -3.3270e-01 - classifier_loss: 0.4015 - adversary_loss: -3.3298e-01 - val_loss: -3.3627e-01 - val_classifier_loss: 0.3944 - val_adversary_loss: -3.3654e-01
Epoch 91/200
 - 7s - loss: -3.2897e-01 - classifier_loss: 0.4370 - adversary_loss: -3.2927e-01 - val_loss: -3.2455e-01 - val_classifier_loss: 0.5452 - val_adversary_loss: -3.2493e-01
Epoch 92/200
 - 7s - loss: -3.2971e-01 - classifier_loss: 0.4147 - adversary_loss: -3.2999e-01 - val_loss: -3.3633e-01 - val_classifier_loss: 0.4092 - val_adversary_loss: -3.3661e-01
Epoch 93/200
 - 7s - loss: -3.0546e-01 - classifier_loss: 0.5686 - adversary_loss: -3.0584e-01 - val_loss: -2.7589e-01 - val_classifier_loss: 0.9154 - val_adversary_loss: -2.7651e-01
Epoch 94/200
 - 7s - loss: -3.1376e-01 - classifier_loss: 0.4696 - adversary_loss: -3.1408e-01 - val_loss: -3.2015e-01 - val_classifier_loss: 0.4729 - val_adversary_loss: -3.2048e-01
Epoch 95/200
 - 7s - loss: -3.2789e-01 - classifier_loss: 0.4021 - adversary_loss: -3.2817e-01 - val_loss: -3.3177e-01 - val_classifier_loss: 0.4177 - val_adversary_loss: -3.3205e-01
Epoch 96/200
 - 7s - loss: -3.3082e-01 - classifier_loss: 0.4038 - adversary_loss: -3.3109e-01 - val_loss: -3.3242e-01 - val_classifier_loss: 0.3944 - val_adversary_loss: -3.3269e-01
Epoch 97/200
 - 7s - loss: -3.3298e-01 - classifier_loss: 0.3859 - adversary_loss: -3.3325e-01 - val_loss: -3.3414e-01 - val_classifier_loss: 0.3897 - val_adversary_loss: -3.3440e-01
Epoch 98/200
 - 7s - loss: -3.2806e-01 - classifier_loss: 0.4107 - adversary_loss: -3.2834e-01 - val_loss: -3.2921e-01 - val_classifier_loss: 0.4670 - val_adversary_loss: -3.2952e-01
Epoch 99/200
 - 6s - loss: -3.2977e-01 - classifier_loss: 0.4143 - adversary_loss: -3.3005e-01 - val_loss: -3.3154e-01 - val_classifier_loss: 0.4093 - val_adversary_loss: -3.3182e-01
Epoch 100/200
 - 7s - loss: -3.3162e-01 - classifier_loss: 0.4053 - adversary_loss: -3.3190e-01 - val_loss: -3.3389e-01 - val_classifier_loss: 0.4027 - val_adversary_loss: -3.3417e-01
Epoch 101/200
 - 7s - loss: -3.3393e-01 - classifier_loss: 0.3953 - adversary_loss: -3.3420e-01 - val_loss: -3.4036e-01 - val_classifier_loss: 0.4015 - val_adversary_loss: -3.4063e-01
Epoch 102/200
 - 7s - loss: -3.2250e-01 - classifier_loss: 0.4440 - adversary_loss: -3.2280e-01 - val_loss: -3.3158e-01 - val_classifier_loss: 0.3917 - val_adversary_loss: -3.3184e-01
Epoch 103/200
 - 7s - loss: -3.3239e-01 - classifier_loss: 0.3859 - adversary_loss: -3.3266e-01 - val_loss: -3.3494e-01 - val_classifier_loss: 0.3872 - val_adversary_loss: -3.3521e-01
Epoch 104/200
 - 7s - loss: -3.3472e-01 - classifier_loss: 0.3795 - adversary_loss: -3.3498e-01 - val_loss: -3.3501e-01 - val_classifier_loss: 0.3840 - val_adversary_loss: -3.3527e-01
Epoch 105/200
 - 7s - loss: -3.3567e-01 - classifier_loss: 0.3786 - adversary_loss: -3.3593e-01 - val_loss: -3.3643e-01 - val_classifier_loss: 0.3853 - val_adversary_loss: -3.3669e-01
Epoch 106/200
 - 7s - loss: -3.3374e-01 - classifier_loss: 0.4009 - adversary_loss: -3.3401e-01 - val_loss: -3.3681e-01 - val_classifier_loss: 0.3865 - val_adversary_loss: -3.3707e-01
Epoch 107/200
 - 7s - loss: -3.3498e-01 - classifier_loss: 0.3896 - adversary_loss: -3.3525e-01 - val_loss: -3.3573e-01 - val_classifier_loss: 0.4081 - val_adversary_loss: -3.3601e-01
Epoch 108/200
 - 7s - loss: -3.3456e-01 - classifier_loss: 0.3892 - adversary_loss: -3.3482e-01 - val_loss: -3.3594e-01 - val_classifier_loss: 0.3976 - val_adversary_loss: -3.3621e-01
Epoch 109/200
 - 7s - loss: -3.3419e-01 - classifier_loss: 0.3956 - adversary_loss: -3.3446e-01 - val_loss: -3.3527e-01 - val_classifier_loss: 0.4040 - val_adversary_loss: -3.3555e-01
Epoch 110/200
 - 7s - loss: -3.3445e-01 - classifier_loss: 0.3930 - adversary_loss: -3.3472e-01 - val_loss: -3.3520e-01 - val_classifier_loss: 0.3993 - val_adversary_loss: -3.3547e-01
Epoch 111/200
 - 8s - loss: -3.3394e-01 - classifier_loss: 0.3920 - adversary_loss: -3.3421e-01 - val_loss: -3.3824e-01 - val_classifier_loss: 0.3934 - val_adversary_loss: -3.3851e-01
Epoch 112/200
 - 7s - loss: -3.3009e-01 - classifier_loss: 0.4157 - adversary_loss: -3.3038e-01 - val_loss: -3.2756e-01 - val_classifier_loss: 0.4814 - val_adversary_loss: -3.2789e-01
Epoch 113/200
 - 7s - loss: -3.3131e-01 - classifier_loss: 0.4076 - adversary_loss: -3.3159e-01 - val_loss: -3.3310e-01 - val_classifier_loss: 0.5151 - val_adversary_loss: -3.3345e-01
Epoch 114/200
 - 7s - loss: -3.3543e-01 - classifier_loss: 0.3854 - adversary_loss: -3.3570e-01 - val_loss: -3.3653e-01 - val_classifier_loss: 0.4114 - val_adversary_loss: -3.3681e-01
Epoch 115/200
 - 7s - loss: -3.3508e-01 - classifier_loss: 0.3912 - adversary_loss: -3.3535e-01 - val_loss: -3.3942e-01 - val_classifier_loss: 0.3831 - val_adversary_loss: -3.3968e-01
Epoch 116/200
 - 7s - loss: -3.3670e-01 - classifier_loss: 0.4340 - adversary_loss: -3.3700e-01 - val_loss: -3.0290e-01 - val_classifier_loss: 0.5244 - val_adversary_loss: -3.0326e-01
Epoch 117/200
 - 7s - loss: -3.3100e-01 - classifier_loss: 0.5289 - adversary_loss: -3.3136e-01 - val_loss: -3.4078e-01 - val_classifier_loss: 0.4978 - val_adversary_loss: -3.4112e-01
Epoch 118/200
 - 8s - loss: -3.4128e-01 - classifier_loss: 0.4333 - adversary_loss: -3.4157e-01 - val_loss: -3.4368e-01 - val_classifier_loss: 0.4201 - val_adversary_loss: -3.4396e-01
Epoch 119/200
 - 7s - loss: -3.4350e-01 - classifier_loss: 0.4009 - adversary_loss: -3.4378e-01 - val_loss: -3.4605e-01 - val_classifier_loss: 0.4037 - val_adversary_loss: -3.4632e-01
Epoch 120/200
 - 7s - loss: -3.4404e-01 - classifier_loss: 0.3971 - adversary_loss: -3.4432e-01 - val_loss: -3.4548e-01 - val_classifier_loss: 0.3968 - val_adversary_loss: -3.4575e-01
Epoch 121/200
 - 7s - loss: -3.4406e-01 - classifier_loss: 0.3988 - adversary_loss: -3.4433e-01 - val_loss: -3.4086e-01 - val_classifier_loss: 0.4407 - val_adversary_loss: -3.4116e-01
Epoch 122/200
 - 7s - loss: -3.4194e-01 - classifier_loss: 0.3959 - adversary_loss: -3.4221e-01 - val_loss: -3.3982e-01 - val_classifier_loss: 0.4444 - val_adversary_loss: -3.4013e-01
Epoch 123/200
 - 7s - loss: -3.4081e-01 - classifier_loss: 0.4009 - adversary_loss: -3.4108e-01 - val_loss: -3.4277e-01 - val_classifier_loss: 0.4125 - val_adversary_loss: -3.4305e-01
Epoch 124/200
 - 7s - loss: -3.4145e-01 - classifier_loss: 0.4015 - adversary_loss: -3.4172e-01 - val_loss: -3.3394e-01 - val_classifier_loss: 0.4342 - val_adversary_loss: -3.3424e-01
Epoch 125/200
 - 7s - loss: -3.4301e-01 - classifier_loss: 0.4185 - adversary_loss: -3.4330e-01 - val_loss: -3.5974e-01 - val_classifier_loss: 0.5682 - val_adversary_loss: -3.6013e-01
Epoch 126/200
 - 7s - loss: -3.4156e-01 - classifier_loss: 0.4339 - adversary_loss: -3.4186e-01 - val_loss: -3.4002e-01 - val_classifier_loss: 0.4556 - val_adversary_loss: -3.4033e-01
Epoch 127/200
 - 7s - loss: -3.3775e-01 - classifier_loss: 0.4118 - adversary_loss: -3.3804e-01 - val_loss: -3.5336e-01 - val_classifier_loss: 0.4396 - val_adversary_loss: -3.5366e-01
Epoch 128/200
 - 7s - loss: -3.3971e-01 - classifier_loss: 0.4331 - adversary_loss: -3.4000e-01 - val_loss: -3.5211e-01 - val_classifier_loss: 1.0973 - val_adversary_loss: -3.5286e-01
Epoch 129/200
 - 7s - loss: -3.3801e-01 - classifier_loss: 0.4421 - adversary_loss: -3.3831e-01 - val_loss: -3.2763e-01 - val_classifier_loss: 0.8934 - val_adversary_loss: -3.2824e-01
Epoch 130/200
 - 7s - loss: -3.3915e-01 - classifier_loss: 0.4145 - adversary_loss: -3.3943e-01 - val_loss: -3.4480e-01 - val_classifier_loss: 0.4658 - val_adversary_loss: -3.4511e-01
Epoch 131/200
 - 7s - loss: -3.3871e-01 - classifier_loss: 0.4515 - adversary_loss: -3.3902e-01 - val_loss: -3.4502e-01 - val_classifier_loss: 0.5330 - val_adversary_loss: -3.4538e-01
Epoch 132/200
 - 7s - loss: -3.4010e-01 - classifier_loss: 0.4059 - adversary_loss: -3.4038e-01 - val_loss: -3.4207e-01 - val_classifier_loss: 0.3926 - val_adversary_loss: -3.4234e-01
Epoch 133/200
 - 6s - loss: -3.4121e-01 - classifier_loss: 0.3824 - adversary_loss: -3.4147e-01 - val_loss: -3.4306e-01 - val_classifier_loss: 0.3876 - val_adversary_loss: -3.4333e-01
Epoch 134/200
 - 6s - loss: -3.4212e-01 - classifier_loss: 0.3822 - adversary_loss: -3.4238e-01 - val_loss: -3.4406e-01 - val_classifier_loss: 0.3942 - val_adversary_loss: -3.4432e-01
Epoch 135/200
 - 6s - loss: -3.4300e-01 - classifier_loss: 0.3814 - adversary_loss: -3.4326e-01 - val_loss: -3.4495e-01 - val_classifier_loss: 0.3845 - val_adversary_loss: -3.4521e-01
Epoch 136/200
 - 6s - loss: -3.4190e-01 - classifier_loss: 0.3826 - adversary_loss: -3.4216e-01 - val_loss: -3.4363e-01 - val_classifier_loss: 0.3865 - val_adversary_loss: -3.4389e-01
Epoch 137/200
 - 6s - loss: -3.4244e-01 - classifier_loss: 0.3822 - adversary_loss: -3.4270e-01 - val_loss: -3.4413e-01 - val_classifier_loss: 0.3881 - val_adversary_loss: -3.4439e-01
Epoch 138/200
 - 6s - loss: -3.4310e-01 - classifier_loss: 0.3771 - adversary_loss: -3.4336e-01 - val_loss: -3.4231e-01 - val_classifier_loss: 0.3886 - val_adversary_loss: -3.4258e-01
Epoch 139/200
 - 6s - loss: -3.4170e-01 - classifier_loss: 0.3811 - adversary_loss: -3.4196e-01 - val_loss: -3.4160e-01 - val_classifier_loss: 0.3847 - val_adversary_loss: -3.4186e-01
Epoch 140/200
 - 6s - loss: -3.4331e-01 - classifier_loss: 0.3799 - adversary_loss: -3.4357e-01 - val_loss: -3.4097e-01 - val_classifier_loss: 0.4001 - val_adversary_loss: -3.4124e-01
Epoch 141/200
 - 6s - loss: -3.4068e-01 - classifier_loss: 0.4139 - adversary_loss: -3.4097e-01 - val_loss: -3.2846e-01 - val_classifier_loss: 0.4875 - val_adversary_loss: -3.2880e-01
Epoch 142/200
 - 7s - loss: -3.3285e-01 - classifier_loss: 0.4464 - adversary_loss: -3.3316e-01 - val_loss: -3.0775e-01 - val_classifier_loss: 0.7164 - val_adversary_loss: -3.0824e-01
Epoch 143/200
 - 6s - loss: -3.2618e-01 - classifier_loss: 0.4615 - adversary_loss: -3.2649e-01 - val_loss: -3.3965e-01 - val_classifier_loss: 0.4654 - val_adversary_loss: -3.3997e-01
Epoch 144/200
 - 7s - loss: -3.3951e-01 - classifier_loss: 0.4226 - adversary_loss: -3.3980e-01 - val_loss: -3.3997e-01 - val_classifier_loss: 0.4277 - val_adversary_loss: -3.4026e-01
Epoch 145/200
 - 7s - loss: -3.4084e-01 - classifier_loss: 0.4031 - adversary_loss: -3.4111e-01 - val_loss: -3.4267e-01 - val_classifier_loss: 0.4165 - val_adversary_loss: -3.4295e-01
Epoch 146/200
 - 7s - loss: -3.4227e-01 - classifier_loss: 0.3911 - adversary_loss: -3.4254e-01 - val_loss: -3.4329e-01 - val_classifier_loss: 0.3910 - val_adversary_loss: -3.4356e-01
Epoch 147/200
 - 7s - loss: -3.4279e-01 - classifier_loss: 0.3837 - adversary_loss: -3.4305e-01 - val_loss: -3.4232e-01 - val_classifier_loss: 0.4106 - val_adversary_loss: -3.4260e-01
Epoch 148/200
 - 7s - loss: -3.4238e-01 - classifier_loss: 0.4128 - adversary_loss: -3.4266e-01 - val_loss: -3.4205e-01 - val_classifier_loss: 0.4448 - val_adversary_loss: -3.4236e-01
Epoch 149/200
 - 7s - loss: -3.4229e-01 - classifier_loss: 0.3955 - adversary_loss: -3.4256e-01 - val_loss: -3.4688e-01 - val_classifier_loss: 0.3852 - val_adversary_loss: -3.4715e-01
Epoch 150/200
 - 7s - loss: -3.4026e-01 - classifier_loss: 0.4073 - adversary_loss: -3.4054e-01 - val_loss: -3.3755e-01 - val_classifier_loss: 0.4509 - val_adversary_loss: -3.3786e-01
Epoch 151/200
 - 7s - loss: -3.4108e-01 - classifier_loss: 0.3995 - adversary_loss: -3.4135e-01 - val_loss: -3.4290e-01 - val_classifier_loss: 0.3951 - val_adversary_loss: -3.4317e-01
Epoch 152/200
 - 7s - loss: -3.4441e-01 - classifier_loss: 0.3864 - adversary_loss: -3.4467e-01 - val_loss: -3.3989e-01 - val_classifier_loss: 0.4029 - val_adversary_loss: -3.4016e-01
Epoch 153/200
 - 7s - loss: -3.3801e-01 - classifier_loss: 0.4155 - adversary_loss: -3.3829e-01 - val_loss: -3.4378e-01 - val_classifier_loss: 0.4482 - val_adversary_loss: -3.4409e-01
Epoch 154/200
 - 7s - loss: -3.4255e-01 - classifier_loss: 0.3798 - adversary_loss: -3.4281e-01 - val_loss: -3.4517e-01 - val_classifier_loss: 0.3922 - val_adversary_loss: -3.4544e-01
Epoch 155/200
 - 7s - loss: -3.4234e-01 - classifier_loss: 0.3925 - adversary_loss: -3.4261e-01 - val_loss: -3.4455e-01 - val_classifier_loss: 0.4061 - val_adversary_loss: -3.4482e-01
Epoch 156/200
 - 7s - loss: -3.4394e-01 - classifier_loss: 0.3797 - adversary_loss: -3.4420e-01 - val_loss: -3.4553e-01 - val_classifier_loss: 0.3908 - val_adversary_loss: -3.4580e-01
Epoch 157/200
 - 7s - loss: -3.4308e-01 - classifier_loss: 0.3852 - adversary_loss: -3.4334e-01 - val_loss: -3.4523e-01 - val_classifier_loss: 0.3841 - val_adversary_loss: -3.4549e-01
Epoch 158/200
 - 7s - loss: -3.3952e-01 - classifier_loss: 0.4340 - adversary_loss: -3.3982e-01 - val_loss: -3.3819e-01 - val_classifier_loss: 0.7024 - val_adversary_loss: -3.3867e-01
Epoch 159/200
 - 7s - loss: -3.4374e-01 - classifier_loss: 0.3911 - adversary_loss: -3.4401e-01 - val_loss: -3.4703e-01 - val_classifier_loss: 0.4779 - val_adversary_loss: -3.4736e-01
Epoch 160/200
 - 7s - loss: -3.3992e-01 - classifier_loss: 0.4307 - adversary_loss: -3.4021e-01 - val_loss: -3.4205e-01 - val_classifier_loss: 0.5554 - val_adversary_loss: -3.4243e-01
Epoch 161/200
 - 7s - loss: -3.4056e-01 - classifier_loss: 0.4205 - adversary_loss: -3.4085e-01 - val_loss: -3.5318e-01 - val_classifier_loss: 0.4237 - val_adversary_loss: -3.5347e-01
Epoch 162/200
 - 7s - loss: -3.2528e-01 - classifier_loss: 0.5423 - adversary_loss: -3.2565e-01 - val_loss: -3.3548e-01 - val_classifier_loss: 0.4645 - val_adversary_loss: -3.3579e-01
Epoch 163/200
 - 6s - loss: -3.4124e-01 - classifier_loss: 0.4078 - adversary_loss: -3.4152e-01 - val_loss: -3.4415e-01 - val_classifier_loss: 0.4023 - val_adversary_loss: -3.4443e-01
Epoch 164/200
 - 7s - loss: -3.4040e-01 - classifier_loss: 0.4157 - adversary_loss: -3.4069e-01 - val_loss: -3.4326e-01 - val_classifier_loss: 0.4842 - val_adversary_loss: -3.4359e-01
Epoch 165/200
 - 7s - loss: -3.4228e-01 - classifier_loss: 0.3939 - adversary_loss: -3.4255e-01 - val_loss: -3.4552e-01 - val_classifier_loss: 0.4193 - val_adversary_loss: -3.4581e-01
Epoch 166/200
 - 7s - loss: -3.3918e-01 - classifier_loss: 0.4247 - adversary_loss: -3.3947e-01 - val_loss: -3.4224e-01 - val_classifier_loss: 0.4045 - val_adversary_loss: -3.4251e-01
Epoch 167/200
 - 6s - loss: -3.4110e-01 - classifier_loss: 0.4022 - adversary_loss: -3.4138e-01 - val_loss: -3.4107e-01 - val_classifier_loss: 0.4878 - val_adversary_loss: -3.4141e-01
Epoch 168/200
 - 7s - loss: -3.4132e-01 - classifier_loss: 0.3995 - adversary_loss: -3.4159e-01 - val_loss: -3.3322e-01 - val_classifier_loss: 0.6295 - val_adversary_loss: -3.3365e-01
Epoch 169/200
 - 6s - loss: -3.4177e-01 - classifier_loss: 0.4114 - adversary_loss: -3.4205e-01 - val_loss: -3.4596e-01 - val_classifier_loss: 0.3966 - val_adversary_loss: -3.4623e-01
Epoch 170/200
 - 6s - loss: -3.3858e-01 - classifier_loss: 0.4255 - adversary_loss: -3.3887e-01 - val_loss: -3.4300e-01 - val_classifier_loss: 0.4466 - val_adversary_loss: -3.4331e-01
Epoch 171/200
 - 6s - loss: -3.4255e-01 - classifier_loss: 0.3913 - adversary_loss: -3.4282e-01 - val_loss: -3.4109e-01 - val_classifier_loss: 0.4169 - val_adversary_loss: -3.4138e-01
Epoch 172/200
 - 7s - loss: -3.3933e-01 - classifier_loss: 0.4364 - adversary_loss: -3.3962e-01 - val_loss: -3.4390e-01 - val_classifier_loss: 0.4620 - val_adversary_loss: -3.4421e-01
Epoch 173/200
 - 7s - loss: -3.4489e-01 - classifier_loss: 0.3854 - adversary_loss: -3.4515e-01 - val_loss: -3.4468e-01 - val_classifier_loss: 0.3909 - val_adversary_loss: -3.4495e-01
Epoch 174/200
 - 7s - loss: -3.3634e-01 - classifier_loss: 0.4293 - adversary_loss: -3.3663e-01 - val_loss: -3.4085e-01 - val_classifier_loss: 0.4475 - val_adversary_loss: -3.4115e-01
Epoch 175/200
 - 7s - loss: -3.4201e-01 - classifier_loss: 0.3946 - adversary_loss: -3.4228e-01 - val_loss: -3.2949e-01 - val_classifier_loss: 0.5064 - val_adversary_loss: -3.2984e-01
Epoch 176/200
 - 7s - loss: -3.3676e-01 - classifier_loss: 0.4363 - adversary_loss: -3.3706e-01 - val_loss: -3.4131e-01 - val_classifier_loss: 0.3980 - val_adversary_loss: -3.4158e-01
Epoch 177/200
 - 6s - loss: -3.4324e-01 - classifier_loss: 0.3886 - adversary_loss: -3.4350e-01 - val_loss: -3.4232e-01 - val_classifier_loss: 0.3969 - val_adversary_loss: -3.4259e-01
Epoch 178/200
 - 6s - loss: -3.3952e-01 - classifier_loss: 0.4109 - adversary_loss: -3.3980e-01 - val_loss: -3.4375e-01 - val_classifier_loss: 0.4793 - val_adversary_loss: -3.4408e-01
Epoch 179/200
 - 7s - loss: -3.4195e-01 - classifier_loss: 0.3868 - adversary_loss: -3.4222e-01 - val_loss: -3.4718e-01 - val_classifier_loss: 0.4165 - val_adversary_loss: -3.4746e-01
Epoch 180/200
 - 7s - loss: -3.3803e-01 - classifier_loss: 0.4456 - adversary_loss: -3.3834e-01 - val_loss: -3.4172e-01 - val_classifier_loss: 0.4840 - val_adversary_loss: -3.4205e-01
Epoch 181/200
 - 7s - loss: -3.4109e-01 - classifier_loss: 0.4068 - adversary_loss: -3.4137e-01 - val_loss: -3.4176e-01 - val_classifier_loss: 0.4015 - val_adversary_loss: -3.4203e-01
Epoch 182/200
 - 6s - loss: -3.4218e-01 - classifier_loss: 0.3939 - adversary_loss: -3.4245e-01 - val_loss: -3.4266e-01 - val_classifier_loss: 0.4121 - val_adversary_loss: -3.4294e-01
Epoch 183/200
 - 7s - loss: -3.4338e-01 - classifier_loss: 0.4033 - adversary_loss: -3.4365e-01 - val_loss: -3.4305e-01 - val_classifier_loss: 0.4347 - val_adversary_loss: -3.4335e-01
Epoch 184/200
 - 7s - loss: -3.3493e-01 - classifier_loss: 0.4896 - adversary_loss: -3.3526e-01 - val_loss: -3.4176e-01 - val_classifier_loss: 0.4209 - val_adversary_loss: -3.4205e-01
Epoch 185/200
 - 6s - loss: -3.4095e-01 - classifier_loss: 0.3947 - adversary_loss: -3.4122e-01 - val_loss: -3.4067e-01 - val_classifier_loss: 0.3975 - val_adversary_loss: -3.4094e-01
Epoch 186/200
 - 7s - loss: -3.4013e-01 - classifier_loss: 0.4130 - adversary_loss: -3.4041e-01 - val_loss: -3.3770e-01 - val_classifier_loss: 0.4827 - val_adversary_loss: -3.3803e-01
Epoch 187/200
 - 7s - loss: -3.4400e-01 - classifier_loss: 0.4034 - adversary_loss: -3.4428e-01 - val_loss: -3.4518e-01 - val_classifier_loss: 0.4295 - val_adversary_loss: -3.4547e-01
Epoch 188/200
 - 7s - loss: -3.3854e-01 - classifier_loss: 0.4153 - adversary_loss: -3.3882e-01 - val_loss: -3.3998e-01 - val_classifier_loss: 0.4275 - val_adversary_loss: -3.4027e-01
Epoch 189/200
 - 7s - loss: -3.4115e-01 - classifier_loss: 0.3810 - adversary_loss: -3.4141e-01 - val_loss: -3.4565e-01 - val_classifier_loss: 0.4119 - val_adversary_loss: -3.4593e-01
Epoch 190/200
 - 7s - loss: -3.4111e-01 - classifier_loss: 0.3945 - adversary_loss: -3.4138e-01 - val_loss: -3.4339e-01 - val_classifier_loss: 0.3903 - val_adversary_loss: -3.4365e-01
Epoch 191/200
 - 7s - loss: -3.4408e-01 - classifier_loss: 0.3795 - adversary_loss: -3.4434e-01 - val_loss: -3.4988e-01 - val_classifier_loss: 0.3985 - val_adversary_loss: -3.5015e-01
Epoch 192/200
 - 7s - loss: -3.2742e-01 - classifier_loss: 0.4902 - adversary_loss: -3.2775e-01 - val_loss: -3.3936e-01 - val_classifier_loss: 0.6380 - val_adversary_loss: -3.3980e-01
Epoch 193/200
 - 7s - loss: -3.4034e-01 - classifier_loss: 0.4527 - adversary_loss: -3.4065e-01 - val_loss: -2.9787e-01 - val_classifier_loss: 0.8889 - val_adversary_loss: -2.9848e-01
Epoch 194/200
 - 7s - loss: -3.3317e-01 - classifier_loss: 0.5111 - adversary_loss: -3.3352e-01 - val_loss: -3.4114e-01 - val_classifier_loss: 0.4550 - val_adversary_loss: -3.4145e-01
Epoch 195/200
 - 6s - loss: -3.4126e-01 - classifier_loss: 0.4047 - adversary_loss: -3.4154e-01 - val_loss: -3.4531e-01 - val_classifier_loss: 0.5890 - val_adversary_loss: -3.4572e-01
Epoch 196/200
 - 6s - loss: -3.4303e-01 - classifier_loss: 0.3883 - adversary_loss: -3.4329e-01 - val_loss: -3.4751e-01 - val_classifier_loss: 0.5303 - val_adversary_loss: -3.4787e-01
Epoch 197/200
 - 6s - loss: -3.4285e-01 - classifier_loss: 0.3840 - adversary_loss: -3.4311e-01 - val_loss: -3.4006e-01 - val_classifier_loss: 0.4786 - val_adversary_loss: -3.4038e-01
Epoch 198/200
 - 6s - loss: -3.4366e-01 - classifier_loss: 0.3835 - adversary_loss: -3.4392e-01 - val_loss: -3.4773e-01 - val_classifier_loss: 0.4680 - val_adversary_loss: -3.4805e-01
Epoch 199/200
 - 6s - loss: -3.4319e-01 - classifier_loss: 0.3873 - adversary_loss: -3.4345e-01 - val_loss: -3.4240e-01 - val_classifier_loss: 0.4269 - val_adversary_loss: -3.4270e-01
Epoch 200/200
 - 6s - loss: -3.4383e-01 - classifier_loss: 0.3897 - adversary_loss: -3.4410e-01 - val_loss: -3.4543e-01 - val_classifier_loss: 0.4147 - val_adversary_loss: -3.4571e-01
INFO: Computing initial loss
INFO: Pre-training
[38;2;74;176;245m[1mProfile[0m ⏱  ······ Starting [1m@add_nn[0m
[38;2;74;176;245m[1mProfile[0m ⏱  ······ Time elapsed in [1m@add_nn[0m: ................................ [1m5.5s[0m
Background rejection: 15.9501748889
1/JSD:                3.18980142166
[38;2;74;176;245m[1mProfile[0m ⏱  ···· Time elapsed in [1mFold 1/3[0m: .............................. [1m1508.2s[0m
[38;2;74;176;245m[1mProfile[0m ⏱  ···· Starting [1mFold 2/3[0m
Train on 1333334 samples, validate on 666666 samples
Epoch 1/10
 - 23s - loss: -1.3738e-01 - classifier_loss: 0.3438 - adversary_loss: -1.3761e-01 - val_loss: -4.0792e-01 - val_classifier_loss: 0.3530 - val_adversary_loss: -4.0816e-01
Epoch 2/10
 - 6s - loss: -4.4573e-01 - classifier_loss: 0.3438 - adversary_loss: -4.4597e-01 - val_loss: -5.3164e-01 - val_classifier_loss: 0.3534 - val_adversary_loss: -5.3189e-01
Epoch 3/10
 - 6s - loss: -4.8309e-01 - classifier_loss: 0.3438 - adversary_loss: -4.8332e-01 - val_loss: -5.3176e-01 - val_classifier_loss: 0.3520 - val_adversary_loss: -5.3200e-01
Epoch 4/10
 - 6s - loss: -4.9205e-01 - classifier_loss: 0.3439 - adversary_loss: -4.9229e-01 - val_loss: -5.3584e-01 - val_classifier_loss: 0.3483 - val_adversary_loss: -5.3608e-01
Epoch 5/10
 - 6s - loss: -5.0130e-01 - classifier_loss: 0.3438 - adversary_loss: -5.0153e-01 - val_loss: -5.5550e-01 - val_classifier_loss: 0.3542 - val_adversary_loss: -5.5574e-01
Epoch 6/10
 - 6s - loss: -5.0441e-01 - classifier_loss: 0.3438 - adversary_loss: -5.0465e-01 - val_loss: -5.6018e-01 - val_classifier_loss: 0.3520 - val_adversary_loss: -5.6042e-01
Epoch 7/10
 - 6s - loss: -5.0758e-01 - classifier_loss: 0.3440 - adversary_loss: -5.0782e-01 - val_loss: -5.5461e-01 - val_classifier_loss: 0.3534 - val_adversary_loss: -5.5485e-01
Epoch 8/10
 - 6s - loss: -5.1521e-01 - classifier_loss: 0.3438 - adversary_loss: -5.1544e-01 - val_loss: -5.7304e-01 - val_classifier_loss: 0.3483 - val_adversary_loss: -5.7327e-01
Epoch 9/10
 - 7s - loss: -5.1852e-01 - classifier_loss: 0.3439 - adversary_loss: -5.1876e-01 - val_loss: -5.7015e-01 - val_classifier_loss: 0.3513 - val_adversary_loss: -5.7039e-01
Epoch 10/10
 - 7s - loss: -5.2484e-01 - classifier_loss: 0.3437 - adversary_loss: -5.2507e-01 - val_loss: -5.8576e-01 - val_classifier_loss: 0.3535 - val_adversary_loss: -5.8600e-01
INFO: Actual training
Train on 1333334 samples, validate on 666666 samples
Epoch 1/200
 - 31s - loss: -7.0787e-02 - classifier_loss: 2.4435 - adversary_loss: -7.2453e-02 - val_loss: -2.7176e-01 - val_classifier_loss: 4.4940 - val_adversary_loss: -2.7482e-01
Epoch 2/200
 - 7s - loss: -2.4730e-01 - classifier_loss: 0.6273 - adversary_loss: -2.4772e-01 - val_loss: -2.9955e-01 - val_classifier_loss: 5.1996 - val_adversary_loss: -3.0309e-01
Epoch 3/200
 - 6s - loss: -2.8621e-01 - classifier_loss: 0.4893 - adversary_loss: -2.8654e-01 - val_loss: -3.0927e-01 - val_classifier_loss: 4.4979 - val_adversary_loss: -3.1233e-01
Epoch 4/200
 - 7s - loss: -3.0806e-01 - classifier_loss: 0.4618 - adversary_loss: -3.0838e-01 - val_loss: -3.1163e-01 - val_classifier_loss: 2.5424 - val_adversary_loss: -3.1336e-01
Epoch 5/200
 - 6s - loss: -3.1016e-01 - classifier_loss: 0.4384 - adversary_loss: -3.1046e-01 - val_loss: -3.1308e-01 - val_classifier_loss: 1.1121 - val_adversary_loss: -3.1384e-01
Epoch 6/200
 - 7s - loss: nan - classifier_loss: 6.6913 - adversary_loss: nan - val_loss: nan - val_classifier_loss: 7.9767 - val_adversary_loss: nan
Epoch 7/200
 - 6s - loss: nan - classifier_loss: 7.9899 - adversary_loss: nan - val_loss: nan - val_classifier_loss: 7.9767 - val_adversary_loss: nan
Epoch 8/200
 - 6s - loss: nan - classifier_loss: 7.9899 - adversary_loss: nan - val_loss: nan - val_classifier_loss: 7.9767 - val_adversary_loss: nan
Epoch 9/200
 - 7s - loss: nan - classifier_loss: 7.9899 - adversary_loss: nan - val_loss: nan - val_classifier_loss: 7.9767 - val_adversary_loss: nan
Epoch 10/200
 - 7s - loss: nan - classifier_loss: 7.9899 - adversary_loss: nan - val_loss: nan - val_classifier_loss: 7.9767 - val_adversary_loss: nan
Epoch 11/200
 - 6s - loss: nan - classifier_loss: 7.9899 - adversary_loss: nan - val_loss: nan - val_classifier_loss: 7.9767 - val_adversary_loss: nan
Epoch 12/200
 - 7s - loss: nan - classifier_loss: 7.9899 - adversary_loss: nan - val_loss: nan - val_classifier_loss: 7.9767 - val_adversary_loss: nan
Epoch 13/200
 - 6s - loss: nan - classifier_loss: 7.9899 - adversary_loss: nan - val_loss: nan - val_classifier_loss: 7.9767 - val_adversary_loss: nan
Epoch 14/200
 - 6s - loss: nan - classifier_loss: 7.9899 - adversary_loss: nan - val_loss: nan - val_classifier_loss: 7.9767 - val_adversary_loss: nan
Epoch 15/200
 - 7s - loss: nan - classifier_loss: 7.9899 - adversary_loss: nan - val_loss: nan - val_classifier_loss: 7.9767 - val_adversary_loss: nan
Epoch 16/200
 - 7s - loss: nan - classifier_loss: 7.9899 - adversary_loss: nan - val_loss: nan - val_classifier_loss: 7.9767 - val_adversary_loss: nan
Epoch 17/200
 - 7s - loss: nan - classifier_loss: 7.9899 - adversary_loss: nan - val_loss: nan - val_classifier_loss: 7.9767 - val_adversary_loss: nan
Epoch 18/200
 - 7s - loss: nan - classifier_loss: 7.9899 - adversary_loss: nan - val_loss: nan - val_classifier_loss: 7.9767 - val_adversary_loss: nan
Epoch 19/200
 - 7s - loss: nan - classifier_loss: 7.9899 - adversary_loss: nan - val_loss: nan - val_classifier_loss: 7.9767 - val_adversary_loss: nan
Epoch 20/200
 - 7s - loss: nan - classifier_loss: 7.9899 - adversary_loss: nan - val_loss: nan - val_classifier_loss: 7.9767 - val_adversary_loss: nan
Epoch 21/200
 - 7s - loss: nan - classifier_loss: 7.9899 - adversary_loss: nan - val_loss: nan - val_classifier_loss: 7.9767 - val_adversary_loss: nan
Epoch 22/200
 - 6s - loss: nan - classifier_loss: 7.9899 - adversary_loss: nan - val_loss: nan - val_classifier_loss: 7.9767 - val_adversary_loss: nan
Epoch 23/200
 - 7s - loss: nan - classifier_loss: 7.9899 - adversary_loss: nan - val_loss: nan - val_classifier_loss: 7.9767 - val_adversary_loss: nan
Epoch 24/200
 - 7s - loss: nan - classifier_loss: 7.9899 - adversary_loss: nan - val_loss: nan - val_classifier_loss: 7.9767 - val_adversary_loss: nan
Epoch 25/200
 - 7s - loss: nan - classifier_loss: 7.9899 - adversary_loss: nan - val_loss: nan - val_classifier_loss: 7.9767 - val_adversary_loss: nan
Epoch 26/200
 - 7s - loss: nan - classifier_loss: 7.9899 - adversary_loss: nan - val_loss: nan - val_classifier_loss: 7.9767 - val_adversary_loss: nan
Epoch 27/200
 - 6s - loss: nan - classifier_loss: 7.9899 - adversary_loss: nan - val_loss: nan - val_classifier_loss: 7.9767 - val_adversary_loss: nan
Epoch 28/200
 - 7s - loss: nan - classifier_loss: 7.9899 - adversary_loss: nan - val_loss: nan - val_classifier_loss: 7.9767 - val_adversary_loss: nan
Epoch 29/200
 - 7s - loss: nan - classifier_loss: 7.9899 - adversary_loss: nan - val_loss: nan - val_classifier_loss: 7.9767 - val_adversary_loss: nan
Epoch 30/200
 - 7s - loss: nan - classifier_loss: 7.9899 - adversary_loss: nan - val_loss: nan - val_classifier_loss: 7.9767 - val_adversary_loss: nan
Epoch 31/200
 - 7s - loss: nan - classifier_loss: 7.9899 - adversary_loss: nan - val_loss: nan - val_classifier_loss: 7.9767 - val_adversary_loss: nan
Epoch 32/200
 - 7s - loss: nan - classifier_loss: 7.9899 - adversary_loss: nan - val_loss: nan - val_classifier_loss: 7.9767 - val_adversary_loss: nan
Epoch 33/200
 - 7s - loss: nan - classifier_loss: 7.9899 - adversary_loss: nan - val_loss: nan - val_classifier_loss: 7.9767 - val_adversary_loss: nan
Epoch 34/200
 - 7s - loss: nan - classifier_loss: 7.9899 - adversary_loss: nan - val_loss: nan - val_classifier_loss: 7.9767 - val_adversary_loss: nan
Epoch 35/200
 - 7s - loss: nan - classifier_loss: 7.9899 - adversary_loss: nan - val_loss: nan - val_classifier_loss: 7.9767 - val_adversary_loss: nan
Epoch 36/200
 - 7s - loss: nan - classifier_loss: 7.9899 - adversary_loss: nan - val_loss: nan - val_classifier_loss: 7.9767 - val_adversary_loss: nan
Epoch 37/200
 - 7s - loss: nan - classifier_loss: 7.9899 - adversary_loss: nan - val_loss: nan - val_classifier_loss: 7.9767 - val_adversary_loss: nan
Epoch 38/200
 - 6s - loss: nan - classifier_loss: 7.9899 - adversary_loss: nan - val_loss: nan - val_classifier_loss: 7.9767 - val_adversary_loss: nan
Epoch 39/200
 - 7s - loss: nan - classifier_loss: 7.9899 - adversary_loss: nan - val_loss: nan - val_classifier_loss: 7.9767 - val_adversary_loss: nan
Epoch 40/200
 - 7s - loss: nan - classifier_loss: 7.9899 - adversary_loss: nan - val_loss: nan - val_classifier_loss: 7.9767 - val_adversary_loss: nan
Epoch 41/200
 - 6s - loss: nan - classifier_loss: 7.9899 - adversary_loss: nan - val_loss: nan - val_classifier_loss: 7.9767 - val_adversary_loss: nan
Epoch 42/200
 - 7s - loss: nan - classifier_loss: 7.9899 - adversary_loss: nan - val_loss: nan - val_classifier_loss: 7.9767 - val_adversary_loss: nan
Epoch 43/200
 - 7s - loss: nan - classifier_loss: 7.9899 - adversary_loss: nan - val_loss: nan - val_classifier_loss: 7.9767 - val_adversary_loss: nan
Epoch 44/200
 - 6s - loss: nan - classifier_loss: 7.9899 - adversary_loss: nan - val_loss: nan - val_classifier_loss: 7.9767 - val_adversary_loss: nan
Epoch 45/200
 - 7s - loss: nan - classifier_loss: 7.9899 - adversary_loss: nan - val_loss: nan - val_classifier_loss: 7.9767 - val_adversary_loss: nan
Epoch 46/200
 - 7s - loss: nan - classifier_loss: 7.9899 - adversary_loss: nan - val_loss: nan - val_classifier_loss: 7.9767 - val_adversary_loss: nan
Epoch 47/200
 - 7s - loss: nan - classifier_loss: 7.9899 - adversary_loss: nan - val_loss: nan - val_classifier_loss: 7.9767 - val_adversary_loss: nan
Epoch 48/200
 - 7s - loss: nan - classifier_loss: 7.9899 - adversary_loss: nan - val_loss: nan - val_classifier_loss: 7.9767 - val_adversary_loss: nan
Epoch 49/200
 - 7s - loss: nan - classifier_loss: 7.9899 - adversary_loss: nan - val_loss: nan - val_classifier_loss: 7.9767 - val_adversary_loss: nan
Epoch 50/200
 - 6s - loss: nan - classifier_loss: 7.9899 - adversary_loss: nan - val_loss: nan - val_classifier_loss: 7.9767 - val_adversary_loss: nan
Epoch 51/200
 - 6s - loss: nan - classifier_loss: 7.9899 - adversary_loss: nan - val_loss: nan - val_classifier_loss: 7.9767 - val_adversary_loss: nan
Epoch 52/200
 - 6s - loss: nan - classifier_loss: 7.9899 - adversary_loss: nan - val_loss: nan - val_classifier_loss: 7.9767 - val_adversary_loss: nan
Epoch 53/200
 - 7s - loss: nan - classifier_loss: 7.9899 - adversary_loss: nan - val_loss: nan - val_classifier_loss: 7.9767 - val_adversary_loss: nan
Epoch 54/200
 - 7s - loss: nan - classifier_loss: 7.9899 - adversary_loss: nan - val_loss: nan - val_classifier_loss: 7.9767 - val_adversary_loss: nan
Epoch 55/200
 - 7s - loss: nan - classifier_loss: 7.9899 - adversary_loss: nan - val_loss: nan - val_classifier_loss: 7.9767 - val_adversary_loss: nan
Epoch 56/200
 - 7s - loss: nan - classifier_loss: 7.9899 - adversary_loss: nan - val_loss: nan - val_classifier_loss: 7.9767 - val_adversary_loss: nan
Epoch 57/200
 - 7s - loss: nan - classifier_loss: 7.9899 - adversary_loss: nan - val_loss: nan - val_classifier_loss: 7.9767 - val_adversary_loss: nan
Epoch 58/200
 - 7s - loss: nan - classifier_loss: 7.9899 - adversary_loss: nan - val_loss: nan - val_classifier_loss: 7.9767 - val_adversary_loss: nan
Epoch 59/200
 - 7s - loss: nan - classifier_loss: 7.9899 - adversary_loss: nan - val_loss: nan - val_classifier_loss: 7.9767 - val_adversary_loss: nan
Epoch 60/200
 - 6s - loss: nan - classifier_loss: 7.9899 - adversary_loss: nan - val_loss: nan - val_classifier_loss: 7.9767 - val_adversary_loss: nan
Epoch 61/200
 - 7s - loss: nan - classifier_loss: 7.9899 - adversary_loss: nan - val_loss: nan - val_classifier_loss: 7.9767 - val_adversary_loss: nan
Epoch 62/200
 - 7s - loss: nan - classifier_loss: 7.9899 - adversary_loss: nan - val_loss: nan - val_classifier_loss: 7.9767 - val_adversary_loss: nan
Epoch 63/200
 - 7s - loss: nan - classifier_loss: 7.9899 - adversary_loss: nan - val_loss: nan - val_classifier_loss: 7.9767 - val_adversary_loss: nan
Epoch 64/200
 - 7s - loss: nan - classifier_loss: 7.9899 - adversary_loss: nan - val_loss: nan - val_classifier_loss: 7.9767 - val_adversary_loss: nan
Epoch 65/200
 - 7s - loss: nan - classifier_loss: 7.9899 - adversary_loss: nan - val_loss: nan - val_classifier_loss: 7.9767 - val_adversary_loss: nan
Epoch 66/200
 - 7s - loss: nan - classifier_loss: 7.9899 - adversary_loss: nan - val_loss: nan - val_classifier_loss: 7.9767 - val_adversary_loss: nan
Epoch 67/200
 - 7s - loss: nan - classifier_loss: 7.9899 - adversary_loss: nan - val_loss: nan - val_classifier_loss: 7.9767 - val_adversary_loss: nan
Epoch 68/200
 - 7s - loss: nan - classifier_loss: 7.9899 - adversary_loss: nan - val_loss: nan - val_classifier_loss: 7.9767 - val_adversary_loss: nan
Epoch 69/200
 - 7s - loss: nan - classifier_loss: 7.9899 - adversary_loss: nan - val_loss: nan - val_classifier_loss: 7.9767 - val_adversary_loss: nan
Epoch 70/200
 - 7s - loss: nan - classifier_loss: 7.9899 - adversary_loss: nan - val_loss: nan - val_classifier_loss: 7.9767 - val_adversary_loss: nan
Epoch 71/200
 - 7s - loss: nan - classifier_loss: 7.9899 - adversary_loss: nan - val_loss: nan - val_classifier_loss: 7.9767 - val_adversary_loss: nan
Epoch 72/200
 - 6s - loss: nan - classifier_loss: 7.9899 - adversary_loss: nan - val_loss: nan - val_classifier_loss: 7.9767 - val_adversary_loss: nan
Epoch 73/200
 - 7s - loss: nan - classifier_loss: 7.9899 - adversary_loss: nan - val_loss: nan - val_classifier_loss: 7.9767 - val_adversary_loss: nan
Epoch 74/200
 - 7s - loss: nan - classifier_loss: 7.9899 - adversary_loss: nan - val_loss: nan - val_classifier_loss: 7.9767 - val_adversary_loss: nan
Epoch 75/200
 - 6s - loss: nan - classifier_loss: 7.9899 - adversary_loss: nan - val_loss: nan - val_classifier_loss: 7.9767 - val_adversary_loss: nan
Epoch 76/200
 - 7s - loss: nan - classifier_loss: 7.9899 - adversary_loss: nan - val_loss: nan - val_classifier_loss: 7.9767 - val_adversary_loss: nan
Epoch 77/200
 - 7s - loss: nan - classifier_loss: 7.9899 - adversary_loss: nan - val_loss: nan - val_classifier_loss: 7.9767 - val_adversary_loss: nan
Epoch 78/200
 - 7s - loss: nan - classifier_loss: 7.9899 - adversary_loss: nan - val_loss: nan - val_classifier_loss: 7.9767 - val_adversary_loss: nan
Epoch 79/200
 - 7s - loss: nan - classifier_loss: 7.9899 - adversary_loss: nan - val_loss: nan - val_classifier_loss: 7.9767 - val_adversary_loss: nan
Epoch 80/200
 - 103s - loss: nan - classifier_loss: 7.9899 - adversary_loss: nan - val_loss: nan - val_classifier_loss: 7.9767 - val_adversary_loss: nan
Epoch 81/200
 - 7s - loss: nan - classifier_loss: 7.9899 - adversary_loss: nan - val_loss: nan - val_classifier_loss: 7.9767 - val_adversary_loss: nan
Epoch 82/200
 - 7s - loss: nan - classifier_loss: 7.9899 - adversary_loss: nan - val_loss: nan - val_classifier_loss: 7.9767 - val_adversary_loss: nan
Epoch 83/200
 - 7s - loss: nan - classifier_loss: 7.9899 - adversary_loss: nan - val_loss: nan - val_classifier_loss: 7.9767 - val_adversary_loss: nan
Epoch 84/200
 - 7s - loss: nan - classifier_loss: 7.9899 - adversary_loss: nan - val_loss: nan - val_classifier_loss: 7.9767 - val_adversary_loss: nan
Epoch 85/200
 - 102s - loss: nan - classifier_loss: 7.9899 - adversary_loss: nan - val_loss: nan - val_classifier_loss: 7.9767 - val_adversary_loss: nan
Epoch 86/200
 - 7s - loss: nan - classifier_loss: 7.9899 - adversary_loss: nan - val_loss: nan - val_classifier_loss: 7.9767 - val_adversary_loss: nan
Epoch 87/200
 - 7s - loss: nan - classifier_loss: 7.9899 - adversary_loss: nan - val_loss: nan - val_classifier_loss: 7.9767 - val_adversary_loss: nan
Epoch 88/200
 - 7s - loss: nan - classifier_loss: 7.9899 - adversary_loss: nan - val_loss: nan - val_classifier_loss: 7.9767 - val_adversary_loss: nan
Epoch 89/200
 - 117s - loss: nan - classifier_loss: 7.9899 - adversary_loss: nan - val_loss: nan - val_classifier_loss: 7.9767 - val_adversary_loss: nan
Epoch 90/200
 - 7s - loss: nan - classifier_loss: 7.9899 - adversary_loss: nan - val_loss: nan - val_classifier_loss: 7.9767 - val_adversary_loss: nan
Epoch 91/200
 - 6s - loss: nan - classifier_loss: 7.9899 - adversary_loss: nan - val_loss: nan - val_classifier_loss: 7.9767 - val_adversary_loss: nan
Epoch 92/200
 - 7s - loss: nan - classifier_loss: 7.9899 - adversary_loss: nan - val_loss: nan - val_classifier_loss: 7.9767 - val_adversary_loss: nan
Epoch 93/200
 - 7s - loss: nan - classifier_loss: 7.9899 - adversary_loss: nan - val_loss: nan - val_classifier_loss: 7.9767 - val_adversary_loss: nan
Epoch 94/200
 - 7s - loss: nan - classifier_loss: 7.9899 - adversary_loss: nan - val_loss: nan - val_classifier_loss: 7.9767 - val_adversary_loss: nan
Epoch 95/200
 - 7s - loss: nan - classifier_loss: 7.9899 - adversary_loss: nan - val_loss: nan - val_classifier_loss: 7.9767 - val_adversary_loss: nan
Epoch 96/200
 - 128s - loss: nan - classifier_loss: 7.9899 - adversary_loss: nan - val_loss: nan - val_classifier_loss: 7.9767 - val_adversary_loss: nan
Epoch 97/200
 - 7s - loss: nan - classifier_loss: 7.9899 - adversary_loss: nan - val_loss: nan - val_classifier_loss: 7.9767 - val_adversary_loss: nan
Epoch 98/200
 - 7s - loss: nan - classifier_loss: 7.9899 - adversary_loss: nan - val_loss: nan - val_classifier_loss: 7.9767 - val_adversary_loss: nan
Epoch 99/200
 - 7s - loss: nan - classifier_loss: 7.9899 - adversary_loss: nan - val_loss: nan - val_classifier_loss: 7.9767 - val_adversary_loss: nan
Epoch 100/200
 - 7s - loss: nan - classifier_loss: 7.9899 - adversary_loss: nan - val_loss: nan - val_classifier_loss: 7.9767 - val_adversary_loss: nan
Epoch 101/200
 - 7s - loss: nan - classifier_loss: 7.9899 - adversary_loss: nan - val_loss: nan - val_classifier_loss: 7.9767 - val_adversary_loss: nan
Epoch 102/200
 - 7s - loss: nan - classifier_loss: 7.9899 - adversary_loss: nan - val_loss: nan - val_classifier_loss: 7.9767 - val_adversary_loss: nan
Epoch 103/200
 - 7s - loss: nan - classifier_loss: 7.9899 - adversary_loss: nan - val_loss: nan - val_classifier_loss: 7.9767 - val_adversary_loss: nan
Epoch 104/200
 - 7s - loss: nan - classifier_loss: 7.9899 - adversary_loss: nan - val_loss: nan - val_classifier_loss: 7.9767 - val_adversary_loss: nan
Epoch 105/200
 - 6s - loss: nan - classifier_loss: 7.9899 - adversary_loss: nan - val_loss: nan - val_classifier_loss: 7.9767 - val_adversary_loss: nan
Epoch 106/200
 - 6s - loss: nan - classifier_loss: 7.9899 - adversary_loss: nan - val_loss: nan - val_classifier_loss: 7.9767 - val_adversary_loss: nan
Epoch 107/200
 - 7s - loss: nan - classifier_loss: 7.9899 - adversary_loss: nan - val_loss: nan - val_classifier_loss: 7.9767 - val_adversary_loss: nan
Epoch 108/200
 - 7s - loss: nan - classifier_loss: 7.9899 - adversary_loss: nan - val_loss: nan - val_classifier_loss: 7.9767 - val_adversary_loss: nan
Epoch 109/200
 - 7s - loss: nan - classifier_loss: 7.9899 - adversary_loss: nan - val_loss: nan - val_classifier_loss: 7.9767 - val_adversary_loss: nan
Epoch 110/200
 - 7s - loss: nan - classifier_loss: 7.9899 - adversary_loss: nan - val_loss: nan - val_classifier_loss: 7.9767 - val_adversary_loss: nan
Epoch 111/200
 - 7s - loss: nan - classifier_loss: 7.9899 - adversary_loss: nan - val_loss: nan - val_classifier_loss: 7.9767 - val_adversary_loss: nan
Epoch 112/200
 - 7s - loss: nan - classifier_loss: 7.9899 - adversary_loss: nan - val_loss: nan - val_classifier_loss: 7.9767 - val_adversary_loss: nan
Epoch 113/200
 - 129s - loss: nan - classifier_loss: 7.9899 - adversary_loss: nan - val_loss: nan - val_classifier_loss: 7.9767 - val_adversary_loss: nan
Epoch 114/200
 - 7s - loss: nan - classifier_loss: 7.9899 - adversary_loss: nan - val_loss: nan - val_classifier_loss: 7.9767 - val_adversary_loss: nan
Epoch 115/200
 - 7s - loss: nan - classifier_loss: 7.9899 - adversary_loss: nan - val_loss: nan - val_classifier_loss: 7.9767 - val_adversary_loss: nan
Epoch 116/200
 - 7s - loss: nan - classifier_loss: 7.9899 - adversary_loss: nan - val_loss: nan - val_classifier_loss: 7.9767 - val_adversary_loss: nan
Epoch 117/200
 - 7s - loss: nan - classifier_loss: 7.9899 - adversary_loss: nan - val_loss: nan - val_classifier_loss: 7.9767 - val_adversary_loss: nan
Epoch 118/200
 - 7s - loss: nan - classifier_loss: 7.9899 - adversary_loss: nan - val_loss: nan - val_classifier_loss: 7.9767 - val_adversary_loss: nan
Epoch 119/200
 - 7s - loss: nan - classifier_loss: 7.9899 - adversary_loss: nan - val_loss: nan - val_classifier_loss: 7.9767 - val_adversary_loss: nan
Epoch 120/200
 - 7s - loss: nan - classifier_loss: 7.9899 - adversary_loss: nan - val_loss: nan - val_classifier_loss: 7.9767 - val_adversary_loss: nan
Epoch 121/200
 - 7s - loss: nan - classifier_loss: 7.9899 - adversary_loss: nan - val_loss: nan - val_classifier_loss: 7.9767 - val_adversary_loss: nan
Epoch 122/200
 - 7s - loss: nan - classifier_loss: 7.9899 - adversary_loss: nan - val_loss: nan - val_classifier_loss: 7.9767 - val_adversary_loss: nan
Epoch 123/200
 - 7s - loss: nan - classifier_loss: 7.9899 - adversary_loss: nan - val_loss: nan - val_classifier_loss: 7.9767 - val_adversary_loss: nan
Epoch 124/200
 - 7s - loss: nan - classifier_loss: 7.9899 - adversary_loss: nan - val_loss: nan - val_classifier_loss: 7.9767 - val_adversary_loss: nan
Epoch 125/200
 - 7s - loss: nan - classifier_loss: 7.9899 - adversary_loss: nan - val_loss: nan - val_classifier_loss: 7.9767 - val_adversary_loss: nan
Epoch 126/200
 - 7s - loss: nan - classifier_loss: 7.9899 - adversary_loss: nan - val_loss: nan - val_classifier_loss: 7.9767 - val_adversary_loss: nan
Epoch 127/200
 - 7s - loss: nan - classifier_loss: 7.9899 - adversary_loss: nan - val_loss: nan - val_classifier_loss: 7.9767 - val_adversary_loss: nan
Epoch 128/200
 - 7s - loss: nan - classifier_loss: 7.9899 - adversary_loss: nan - val_loss: nan - val_classifier_loss: 7.9767 - val_adversary_loss: nan
Epoch 129/200
 - 6s - loss: nan - classifier_loss: 7.9899 - adversary_loss: nan - val_loss: nan - val_classifier_loss: 7.9767 - val_adversary_loss: nan
Epoch 130/200
 - 111s - loss: nan - classifier_loss: 7.9899 - adversary_loss: nan - val_loss: nan - val_classifier_loss: 7.9767 - val_adversary_loss: nan
Epoch 131/200
 - 7s - loss: nan - classifier_loss: 7.9899 - adversary_loss: nan - val_loss: nan - val_classifier_loss: 7.9767 - val_adversary_loss: nan
Epoch 132/200
 - 7s - loss: nan - classifier_loss: 7.9899 - adversary_loss: nan - val_loss: nan - val_classifier_loss: 7.9767 - val_adversary_loss: nan
Epoch 133/200
 - 7s - loss: nan - classifier_loss: 7.9899 - adversary_loss: nan - val_loss: nan - val_classifier_loss: 7.9767 - val_adversary_loss: nan
Epoch 134/200
 - 127s - loss: nan - classifier_loss: 7.9899 - adversary_loss: nan - val_loss: nan - val_classifier_loss: 7.9767 - val_adversary_loss: nan
Epoch 135/200
 - 7s - loss: nan - classifier_loss: 7.9899 - adversary_loss: nan - val_loss: nan - val_classifier_loss: 7.9767 - val_adversary_loss: nan
Epoch 136/200
 - 6s - loss: nan - classifier_loss: 7.9899 - adversary_loss: nan - val_loss: nan - val_classifier_loss: 7.9767 - val_adversary_loss: nan
Epoch 137/200
 - 7s - loss: nan - classifier_loss: 7.9899 - adversary_loss: nan - val_loss: nan - val_classifier_loss: 7.9767 - val_adversary_loss: nan
Epoch 138/200
 - 6s - loss: nan - classifier_loss: 7.9899 - adversary_loss: nan - val_loss: nan - val_classifier_loss: 7.9767 - val_adversary_loss: nan
Epoch 139/200
 - 6s - loss: nan - classifier_loss: 7.9899 - adversary_loss: nan - val_loss: nan - val_classifier_loss: 7.9767 - val_adversary_loss: nan
Epoch 140/200
 - 7s - loss: nan - classifier_loss: 7.9899 - adversary_loss: nan - val_loss: nan - val_classifier_loss: 7.9767 - val_adversary_loss: nan
Epoch 141/200
 - 7s - loss: nan - classifier_loss: 7.9899 - adversary_loss: nan - val_loss: nan - val_classifier_loss: 7.9767 - val_adversary_loss: nan
Epoch 142/200
 - 7s - loss: nan - classifier_loss: 7.9899 - adversary_loss: nan - val_loss: nan - val_classifier_loss: 7.9767 - val_adversary_loss: nan
Epoch 143/200
 - 6s - loss: nan - classifier_loss: 7.9899 - adversary_loss: nan - val_loss: nan - val_classifier_loss: 7.9767 - val_adversary_loss: nan
Epoch 144/200
 - 7s - loss: nan - classifier_loss: 7.9899 - adversary_loss: nan - val_loss: nan - val_classifier_loss: 7.9767 - val_adversary_loss: nan
Epoch 145/200
 - 7s - loss: nan - classifier_loss: 7.9899 - adversary_loss: nan - val_loss: nan - val_classifier_loss: 7.9767 - val_adversary_loss: nan
Epoch 146/200
 - 7s - loss: nan - classifier_loss: 7.9899 - adversary_loss: nan - val_loss: nan - val_classifier_loss: 7.9767 - val_adversary_loss: nan
Epoch 147/200
 - 7s - loss: nan - classifier_loss: 7.9899 - adversary_loss: nan - val_loss: nan - val_classifier_loss: 7.9767 - val_adversary_loss: nan
Epoch 148/200
 - 7s - loss: nan - classifier_loss: 7.9899 - adversary_loss: nan - val_loss: nan - val_classifier_loss: 7.9767 - val_adversary_loss: nan
Epoch 149/200
 - 7s - loss: nan - classifier_loss: 7.9899 - adversary_loss: nan - val_loss: nan - val_classifier_loss: 7.9767 - val_adversary_loss: nan
Epoch 150/200
 - 6s - loss: nan - classifier_loss: 7.9899 - adversary_loss: nan - val_loss: nan - val_classifier_loss: 7.9767 - val_adversary_loss: nan
Epoch 151/200
 - 7s - loss: nan - classifier_loss: 7.9899 - adversary_loss: nan - val_loss: nan - val_classifier_loss: 7.9767 - val_adversary_loss: nan
Epoch 152/200
 - 7s - loss: nan - classifier_loss: 7.9899 - adversary_loss: nan - val_loss: nan - val_classifier_loss: 7.9767 - val_adversary_loss: nan
Epoch 153/200
 - 7s - loss: nan - classifier_loss: 7.9899 - adversary_loss: nan - val_loss: nan - val_classifier_loss: 7.9767 - val_adversary_loss: nan
Epoch 154/200
 - 7s - loss: nan - classifier_loss: 7.9899 - adversary_loss: nan - val_loss: nan - val_classifier_loss: 7.9767 - val_adversary_loss: nan
Epoch 155/200
 - 118s - loss: nan - classifier_loss: 7.9899 - adversary_loss: nan - val_loss: nan - val_classifier_loss: 7.9767 - val_adversary_loss: nan
Epoch 156/200
 - 7s - loss: nan - classifier_loss: 7.9899 - adversary_loss: nan - val_loss: nan - val_classifier_loss: 7.9767 - val_adversary_loss: nan
Epoch 157/200
 - 7s - loss: nan - classifier_loss: 7.9899 - adversary_loss: nan - val_loss: nan - val_classifier_loss: 7.9767 - val_adversary_loss: nan
Epoch 158/200
 - 7s - loss: nan - classifier_loss: 7.9899 - adversary_loss: nan - val_loss: nan - val_classifier_loss: 7.9767 - val_adversary_loss: nan
Epoch 159/200
 - 7s - loss: nan - classifier_loss: 7.9899 - adversary_loss: nan - val_loss: nan - val_classifier_loss: 7.9767 - val_adversary_loss: nan
Epoch 160/200
 - 7s - loss: nan - classifier_loss: 7.9899 - adversary_loss: nan - val_loss: nan - val_classifier_loss: 7.9767 - val_adversary_loss: nan
Epoch 161/200
 - 7s - loss: nan - classifier_loss: 7.9899 - adversary_loss: nan - val_loss: nan - val_classifier_loss: 7.9767 - val_adversary_loss: nan
Epoch 162/200
 - 7s - loss: nan - classifier_loss: 7.9899 - adversary_loss: nan - val_loss: nan - val_classifier_loss: 7.9767 - val_adversary_loss: nan
Epoch 163/200
 - 6s - loss: nan - classifier_loss: 7.9899 - adversary_loss: nan - val_loss: nan - val_classifier_loss: 7.9767 - val_adversary_loss: nan
Epoch 164/200
 - 7s - loss: nan - classifier_loss: 7.9899 - adversary_loss: nan - val_loss: nan - val_classifier_loss: 7.9767 - val_adversary_loss: nan
Epoch 165/200
 - 7s - loss: nan - classifier_loss: 7.9899 - adversary_loss: nan - val_loss: nan - val_classifier_loss: 7.9767 - val_adversary_loss: nan
Epoch 166/200
 - 7s - loss: nan - classifier_loss: 7.9899 - adversary_loss: nan - val_loss: nan - val_classifier_loss: 7.9767 - val_adversary_loss: nan
Epoch 167/200
 - 6s - loss: nan - classifier_loss: 7.9899 - adversary_loss: nan - val_loss: nan - val_classifier_loss: 7.9767 - val_adversary_loss: nan
Epoch 168/200
 - 7s - loss: nan - classifier_loss: 7.9899 - adversary_loss: nan - val_loss: nan - val_classifier_loss: 7.9767 - val_adversary_loss: nan
Epoch 169/200
 - 7s - loss: nan - classifier_loss: 7.9899 - adversary_loss: nan - val_loss: nan - val_classifier_loss: 7.9767 - val_adversary_loss: nan
Epoch 170/200
 - 7s - loss: nan - classifier_loss: 7.9899 - adversary_loss: nan - val_loss: nan - val_classifier_loss: 7.9767 - val_adversary_loss: nan
Epoch 171/200
 - 7s - loss: nan - classifier_loss: 7.9899 - adversary_loss: nan - val_loss: nan - val_classifier_loss: 7.9767 - val_adversary_loss: nan
Epoch 172/200
 - 7s - loss: nan - classifier_loss: 7.9899 - adversary_loss: nan - val_loss: nan - val_classifier_loss: 7.9767 - val_adversary_loss: nan
Epoch 173/200
 - 7s - loss: nan - classifier_loss: 7.9899 - adversary_loss: nan - val_loss: nan - val_classifier_loss: 7.9767 - val_adversary_loss: nan
Epoch 174/200
 - 6s - loss: nan - classifier_loss: 7.9899 - adversary_loss: nan - val_loss: nan - val_classifier_loss: 7.9767 - val_adversary_loss: nan
Epoch 175/200
 - 7s - loss: nan - classifier_loss: 7.9899 - adversary_loss: nan - val_loss: nan - val_classifier_loss: 7.9767 - val_adversary_loss: nan
Epoch 176/200
 - 7s - loss: nan - classifier_loss: 7.9899 - adversary_loss: nan - val_loss: nan - val_classifier_loss: 7.9767 - val_adversary_loss: nan
Epoch 177/200
 - 7s - loss: nan - classifier_loss: 7.9899 - adversary_loss: nan - val_loss: nan - val_classifier_loss: 7.9767 - val_adversary_loss: nan
Epoch 178/200
 - 7s - loss: nan - classifier_loss: 7.9899 - adversary_loss: nan - val_loss: nan - val_classifier_loss: 7.9767 - val_adversary_loss: nan
Epoch 179/200
 - 6s - loss: nan - classifier_loss: 7.9899 - adversary_loss: nan - val_loss: nan - val_classifier_loss: 7.9767 - val_adversary_loss: nan
Epoch 180/200
 - 6s - loss: nan - classifier_loss: 7.9899 - adversary_loss: nan - val_loss: nan - val_classifier_loss: 7.9767 - val_adversary_loss: nan
Epoch 181/200
 - 6s - loss: nan - classifier_loss: 7.9899 - adversary_loss: nan - val_loss: nan - val_classifier_loss: 7.9767 - val_adversary_loss: nan
Epoch 182/200
 - 6s - loss: nan - classifier_loss: 7.9899 - adversary_loss: nan - val_loss: nan - val_classifier_loss: 7.9767 - val_adversary_loss: nan
Epoch 183/200
 - 7s - loss: nan - classifier_loss: 7.9899 - adversary_loss: nan - val_loss: nan - val_classifier_loss: 7.9767 - val_adversary_loss: nan
Epoch 184/200
 - 7s - loss: nan - classifier_loss: 7.9899 - adversary_loss: nan - val_loss: nan - val_classifier_loss: 7.9767 - val_adversary_loss: nan
Epoch 185/200
 - 7s - loss: nan - classifier_loss: 7.9899 - adversary_loss: nan - val_loss: nan - val_classifier_loss: 7.9767 - val_adversary_loss: nan
Epoch 186/200
 - 7s - loss: nan - classifier_loss: 7.9899 - adversary_loss: nan - val_loss: nan - val_classifier_loss: 7.9767 - val_adversary_loss: nan
Epoch 187/200
 - 7s - loss: nan - classifier_loss: 7.9899 - adversary_loss: nan - val_loss: nan - val_classifier_loss: 7.9767 - val_adversary_loss: nan
Epoch 188/200
 - 6s - loss: nan - classifier_loss: 7.9899 - adversary_loss: nan - val_loss: nan - val_classifier_loss: 7.9767 - val_adversary_loss: nan
Epoch 189/200
 - 6s - loss: nan - classifier_loss: 7.9899 - adversary_loss: nan - val_loss: nan - val_classifier_loss: 7.9767 - val_adversary_loss: nan
Epoch 190/200
 - 7s - loss: nan - classifier_loss: 7.9899 - adversary_loss: nan - val_loss: nan - val_classifier_loss: 7.9767 - val_adversary_loss: nan
Epoch 191/200
 - 6s - loss: nan - classifier_loss: 7.9899 - adversary_loss: nan - val_loss: nan - val_classifier_loss: 7.9767 - val_adversary_loss: nan
Epoch 192/200
 - 6s - loss: nan - classifier_loss: 7.9899 - adversary_loss: nan - val_loss: nan - val_classifier_loss: 7.9767 - val_adversary_loss: nan
Epoch 193/200
 - 6s - loss: nan - classifier_loss: 7.9899 - adversary_loss: nan - val_loss: nan - val_classifier_loss: 7.9767 - val_adversary_loss: nan
Epoch 194/200
 - 7s - loss: nan - classifier_loss: 7.9899 - adversary_loss: nan - val_loss: nan - val_classifier_loss: 7.9767 - val_adversary_loss: nan
Epoch 195/200
 - 7s - loss: nan - classifier_loss: 7.9899 - adversary_loss: nan - val_loss: nan - val_classifier_loss: 7.9767 - val_adversary_loss: nan
Epoch 196/200
 - 7s - loss: nan - classifier_loss: 7.9899 - adversary_loss: nan - val_loss: nan - val_classifier_loss: 7.9767 - val_adversary_loss: nan
Epoch 197/200
 - 7s - loss: nan - classifier_loss: 7.9899 - adversary_loss: nan - val_loss: nan - val_classifier_loss: 7.9767 - val_adversary_loss: nan
Epoch 198/200
 - 7s - loss: nan - classifier_loss: 7.9899 - adversary_loss: nan - val_loss: nan - val_classifier_loss: 7.9767 - val_adversary_loss: nan
Epoch 199/200
 - 7s - loss: nan - classifier_loss: 7.9899 - adversary_loss: nan - val_loss: nan - val_classifier_loss: 7.9767 - val_adversary_loss: nan
Epoch 200/200
 - 7s - loss: nan - classifier_loss: 7.9899 - adversary_loss: nan - val_loss: nan - val_classifier_loss: 7.9767 - val_adversary_loss: nan
Got result 0.0
Completed successfully in 4046.13 seconds. [{u'main': 0.0}]
[38;2;74;176;245m[1mProfile[0m ⏱  ······ Starting [1m@add_nn[0m
[38;2;74;176;245m[1mProfile[0m ⏱  ······ Time elapsed in [1m@add_nn[0m: ................................ [1m9.0s[0m
Got a NaN. Returning 0
[38;2;74;176;245m[1mProfile[0m ⏱  ···· Time elapsed in [1mFold 2/3[0m: .............................. [1m2473.5s[0m
[38;2;74;176;245m[1mProfile[0m ⏱  ·· Time elapsed in [1mCombined adversarial fit, cross-validation[0m:  [1m3982.2s[0m
[38;2;74;176;245m[1mProfile[0m ⏱  Time elapsed in [1m@main[0m: ...................................... [1m4031.5s[0m
cd: Going back to /exports/eddie3_homes_local/s1562020/work/adversarial/optimisation/experiments/combined
