Job launching after 2.59 seconds in submission.
Running python job.
Changed into dir /exports/eddie3_homes_local/s1562020/work/adversarial/optimisation/experiments/combined
Importing optimise.py
Running optimise.main()
INFO: Applying patch '/exports/eddie3_homes_local/s1562020/work/adversarial/optimisation/experiments/combined/patches/patch.00000084.json'
INFO: Found 20 Intel(R) Xeon(R) CPU E5-2630 v4 @ 2.20GHz devices with 10 cores each.
Using TensorFlow backend.
INFO: Scaling combined/lr -1.18131572306 -> 0.0658694863676
INFO: Scaling combined/decay -6.0 -> 1e-06
INFO: Scaling adversary/units 6 -> 64
INFO: Writing TensorBoard logs to 'logs/tensorboard/combined-patch.00000084/'
INFO: Running '/exports/eddie3_homes_local/s1562020/work/adversarial/run/adversarial/common.pyc'
INFO: Command-line arguments:
INFO: Configuration file contents:
INFO: Python version: 2.7.14
INFO: Numpy  version: 1.12.1
INFO: Keras  version: 2.1.5
INFO: Using keras backend: 'tensorflow'
INFO: Found  1000000 training and  1000249 test samples for signal
INFO: Found  1000000 training and 10000000 test samples for background
INFO: load_data: Selecting only training data.
INFO: Implementing gradient reversal layer in TensorFlow
INFO: Loading cross-validation classifiers from file
/exports/csce/eddie/ph/groups/PPE/asogaard/anaconda/adversarial-gpu/lib/python2.7/site-packages/keras/models.py:255: UserWarning: No training configuration found in save file: the model was *not* compiled. Compile it manually.
  warnings.warn('No training configuration found in save file: '
INFO: Loading full classifier from file
INFO: Training combined model cross-validation
INFO: Computing initial loss
INFO: Pre-training
Call to main function (#84)
  Parameters: {u'adversary/model/gmm_components': array([3]), u'combined/compile/decay': array([-6.]), u'combined/model/lr_ratio': array([-1.]), u'adversary/model/default/units': array([6]), u'adversary/model/default/activation': [u'relu'], u'combined/compile/lr': array([-1.18131572]), u'adversary/model/architecture': array([2])}
param: adversary/model/gmm_components
param: combined/compile/decay
param: combined/model/lr_ratio
param: adversary/model/default/units
param: adversary/model/default/activation
param: combined/compile/lr
param: adversary/model/architecture
- - - - - - - - - - - - - - - - - - - - - - - - - - - - - - - - - - - - - - - - 
Saving the following patch to '/exports/eddie3_homes_local/s1562020/work/adversarial/optimisation/experiments/combined/patches/patch.00000084.json':
{u'adversary': {u'model': {u'default': {u'units': 6, u'activation': u'relu'}, u'gmm_components': 3, u'architecture': 2}}, u'combined': {u'compile': {'loss_weights': [0.10000000000000001, 1.0], u'lr': -1.1813157230561, u'decay': -6.0}, u'model': {'lambda_reg': 10.0}, 'fit': {'epochs': 200, 'batch_size': 8192}}}
- - - - - - - - - - - - - - - - - - - - - - - - - - - - - - - - - - - - - - - - 
cd: Going to /exports/eddie3_homes_local/s1562020/work/adversarial/
[38;2;74;176;245m[1mProfile[0m ⏱  Starting [1m@main[0m
[38;2;74;176;245m[1mProfile[0m ⏱  ·· Starting [1mInitialisation[0m
[38;2;74;176;245m[1mProfile[0m ⏱  ···· Starting [1m@initialise[0m
[38;2;74;176;245m[1mProfile[0m ⏱  ···· Time elapsed in [1m@initialise[0m: .............................. [1m0.0s[0m
[38;2;74;176;245m[1mProfile[0m ⏱  ···· Starting [1m@initialise_backend[0m
[38;2;74;176;245m[1mProfile[0m ⏱  ······ Starting [1m@configure_tensorflow[0m
[38;2;74;176;245m[1mProfile[0m ⏱  ······ Time elapsed in [1m@configure_tensorflow[0m: ................. [1m10.5s[0m
[38;2;74;176;245m[1mProfile[0m ⏱  ···· Time elapsed in [1m@initialise_backend[0m: ..................... [1m11.1s[0m
{'config': './configs/default.json',
 'devices': 7,
 'folds': 3,
 'gpu': True,
 'input': './input/',
 'jobname': 'combined-patch.00000084',
 'mode': 'gpu',
 'optimise_adversarial': True,
 'optimise_classifier': False,
 'output': './output/',
 'patches': ['/exports/eddie3_homes_local/s1562020/work/adversarial/optimisation/experiments/combined/patches/patch.00000084.json'],
 'tensorboard': True,
 'theano': False,
 'train': False,
 'train_adversarial': True,
 'train_classifier': False,
 'verbose': False}
{u'adversary': {u'compile': {},
                u'fit': {},
                u'model': {u'architecture': [{}, {}],
                           u'default': {u'activation': u'relu',
                                        u'units': 64},
                           u'gmm_components': 3}},
 u'classifier': {u'compile': {u'loss': u'binary_crossentropy',
                              u'optimizer': <keras.optimizers.Adam object at 0x2aaca0319410>},
                 u'fit': {u'batch_size': 57344,
                          u'epochs': 200,
                          u'shuffle': True,
                          'verbose': 2},
                 u'model': {u'architecture': [{}, {}, {}],
                            u'default': {u'activation': u'relu',
                                         u'batchnorm': True,
                                         u'units': 64}}},
 u'combined': {u'compile': {u'loss': [u'binary_crossentropy', None],
                            u'loss_weights': [0.009090909090909092, 1.0],
                            u'optimizer': <keras.optimizers.Adam object at 0x2aaca0319450>},
               u'fit': {u'batch_size': 57344,
                        u'epochs': 200,
                        u'shuffle': True,
                        'verbose': 2},
               u'model': {u'lambda_reg': 10.0,
                          u'lr_ratio': 0.009090909090909092},
               u'pretrain': 10}}
  TensorFlow version: 1.4.1
[38;2;74;176;245m[1mProfile[0m ⏱  ·· Time elapsed in [1mInitialisation[0m: ............................ [1m11.2s[0m
[38;2;74;176;245m[1mProfile[0m ⏱  ·· Starting [1m@load_data[0m
[38;2;74;176;245m[1mProfile[0m ⏱  ·· Time elapsed in [1m@load_data[0m: ................................ [1m33.5s[0m
[38;2;74;176;245m[1mProfile[0m ⏱  ·· Starting [1m@get_decorrelation_variables[0m
[38;2;74;176;245m[1mProfile[0m ⏱  ·· Time elapsed in [1m@get_decorrelation_variables[0m: ............... [1m0.0s[0m
[38;2;74;176;245m[1mProfile[0m ⏱  ·· Starting [1mClassifier-only fit, cross-validation[0m
[38;2;74;176;245m[1mProfile[0m ⏱  ·· Time elapsed in [1mClassifier-only fit, cross-validation[0m: ...... [1m1.9s[0m
[38;2;74;176;245m[1mProfile[0m ⏱  ·· Starting [1mClassifier-only fit, full[0m
[38;2;74;176;245m[1mProfile[0m ⏱  ·· Time elapsed in [1mClassifier-only fit, full[0m: .................. [1m0.5s[0m
[38;2;74;176;245m[1mProfile[0m ⏱  ·· Starting [1mCombined adversarial fit, cross-validation[0m
[38;2;74;176;245m[1mProfile[0m ⏱  ···· Starting [1mFold 1/3[0m
Train on 1333332 samples, validate on 666668 samples
Epoch 1/10
 - 5s - loss: -2.6040e-01 - classifier_loss: 0.3433 - adversary_loss: -2.6352e-01 - val_loss: -4.2264e-01 - val_classifier_loss: 0.3514 - val_adversary_loss: -4.2583e-01
Epoch 2/10
 - 2s - loss: -4.1212e-01 - classifier_loss: 0.3434 - adversary_loss: -4.1524e-01 - val_loss: -4.9938e-01 - val_classifier_loss: 0.3618 - val_adversary_loss: -5.0267e-01
Epoch 3/10
 - 2s - loss: -4.2560e-01 - classifier_loss: 0.3434 - adversary_loss: -4.2873e-01 - val_loss: -4.9473e-01 - val_classifier_loss: 0.3541 - val_adversary_loss: -4.9795e-01
Epoch 4/10
 - 2s - loss: -4.4670e-01 - classifier_loss: 0.3433 - adversary_loss: -4.4982e-01 - val_loss: -5.3660e-01 - val_classifier_loss: 0.3604 - val_adversary_loss: -5.3988e-01
Epoch 5/10
 - 2s - loss: -4.5269e-01 - classifier_loss: 0.3433 - adversary_loss: -4.5581e-01 - val_loss: -5.5009e-01 - val_classifier_loss: 0.3672 - val_adversary_loss: -5.5343e-01
Epoch 6/10
 - 2s - loss: -4.5359e-01 - classifier_loss: 0.3433 - adversary_loss: -4.5671e-01 - val_loss: -5.2848e-01 - val_classifier_loss: 0.3565 - val_adversary_loss: -5.3172e-01
Epoch 7/10
 - 2s - loss: -4.5429e-01 - classifier_loss: 0.3434 - adversary_loss: -4.5742e-01 - val_loss: -5.0815e-01 - val_classifier_loss: 0.3495 - val_adversary_loss: -5.1133e-01
Epoch 8/10
 - 2s - loss: -4.5368e-01 - classifier_loss: 0.3433 - adversary_loss: -4.5680e-01 - val_loss: -5.0574e-01 - val_classifier_loss: 0.3483 - val_adversary_loss: -5.0891e-01
Epoch 9/10
 - 2s - loss: -4.5487e-01 - classifier_loss: 0.3433 - adversary_loss: -4.5799e-01 - val_loss: -5.3171e-01 - val_classifier_loss: 0.3591 - val_adversary_loss: -5.3497e-01
Epoch 10/10
 - 2s - loss: -4.5610e-01 - classifier_loss: 0.3434 - adversary_loss: -4.5922e-01 - val_loss: -5.2768e-01 - val_classifier_loss: 0.3571 - val_adversary_loss: -5.3093e-01
INFO: Actual training
Train on 1333332 samples, validate on 666668 samples
Epoch 1/200
 - 7s - loss: -3.2815e-02 - classifier_loss: 2.8643 - adversary_loss: -5.8853e-02 - val_loss: -1.2036e-01 - val_classifier_loss: 7.9252 - val_adversary_loss: -1.9241e-01
Epoch 2/200
 - 2s - loss: -2.0470e-01 - classifier_loss: 7.6957 - adversary_loss: -2.7466e-01 - val_loss: -2.2649e-01 - val_classifier_loss: 7.6478 - val_adversary_loss: -2.9602e-01
Epoch 3/200
 - 3s - loss: -2.6168e-01 - classifier_loss: 4.5127 - adversary_loss: -3.0270e-01 - val_loss: -2.7024e-01 - val_classifier_loss: 3.7513 - val_adversary_loss: -3.0434e-01
Epoch 4/200
 - 2s - loss: -2.7692e-01 - classifier_loss: 3.0736 - adversary_loss: -3.0486e-01 - val_loss: -2.7630e-01 - val_classifier_loss: 3.1421 - val_adversary_loss: -3.0487e-01
Epoch 5/200
 - 2s - loss: -2.7888e-01 - classifier_loss: 2.8966 - adversary_loss: -3.0521e-01 - val_loss: -2.7870e-01 - val_classifier_loss: 2.9073 - val_adversary_loss: -3.0513e-01
Epoch 6/200
 - 2s - loss: -2.7969e-01 - classifier_loss: 2.8323 - adversary_loss: -3.0544e-01 - val_loss: -2.7716e-01 - val_classifier_loss: 3.1045 - val_adversary_loss: -3.0539e-01
Epoch 7/200
 - 3s - loss: -2.8098e-01 - classifier_loss: 2.7239 - adversary_loss: -3.0574e-01 - val_loss: -2.7218e-01 - val_classifier_loss: 3.6667 - val_adversary_loss: -3.0551e-01
Epoch 8/200
 - 3s - loss: -2.7729e-01 - classifier_loss: 3.1431 - adversary_loss: -3.0587e-01 - val_loss: -2.7701e-01 - val_classifier_loss: 3.1632 - val_adversary_loss: -3.0577e-01
Epoch 9/200
 - 2s - loss: -2.8193e-01 - classifier_loss: 2.6878 - adversary_loss: -3.0637e-01 - val_loss: -2.8138e-01 - val_classifier_loss: 2.7468 - val_adversary_loss: -3.0635e-01
Epoch 10/200
 - 3s - loss: -2.8373e-01 - classifier_loss: 2.5412 - adversary_loss: -3.0683e-01 - val_loss: -2.7983e-01 - val_classifier_loss: 2.9759 - val_adversary_loss: -3.0688e-01
Epoch 11/200
 - 3s - loss: -2.8522e-01 - classifier_loss: 2.4384 - adversary_loss: -3.0739e-01 - val_loss: -2.7048e-01 - val_classifier_loss: 4.0861 - val_adversary_loss: -3.0763e-01
Epoch 12/200
 - 2s - loss: -2.8434e-01 - classifier_loss: 2.6332 - adversary_loss: -3.0828e-01 - val_loss: -2.8049e-01 - val_classifier_loss: 3.1098 - val_adversary_loss: -3.0877e-01
Epoch 13/200
 - 3s - loss: -2.8642e-01 - classifier_loss: 2.5337 - adversary_loss: -3.0946e-01 - val_loss: -2.8749e-01 - val_classifier_loss: 2.4905 - val_adversary_loss: -3.1014e-01
Epoch 14/200
 - 3s - loss: -2.8781e-01 - classifier_loss: 2.5525 - adversary_loss: -3.1102e-01 - val_loss: -2.8696e-01 - val_classifier_loss: 2.7303 - val_adversary_loss: -3.1178e-01
Epoch 15/200
 - 2s - loss: -2.8665e-01 - classifier_loss: 2.8346 - adversary_loss: -3.1242e-01 - val_loss: -2.8793e-01 - val_classifier_loss: 2.7172 - val_adversary_loss: -3.1263e-01
Epoch 16/200
 - 3s - loss: -2.8970e-01 - classifier_loss: 2.5405 - adversary_loss: -3.1280e-01 - val_loss: -2.8829e-01 - val_classifier_loss: 2.6892 - val_adversary_loss: -3.1274e-01
Epoch 17/200
 - 3s - loss: -2.9318e-01 - classifier_loss: 2.1604 - adversary_loss: -3.1282e-01 - val_loss: -2.7691e-01 - val_classifier_loss: 3.9408 - val_adversary_loss: -3.1273e-01
Epoch 18/200
 - 3s - loss: -2.8562e-01 - classifier_loss: 2.9896 - adversary_loss: -3.1280e-01 - val_loss: -2.8161e-01 - val_classifier_loss: 3.4085 - val_adversary_loss: -3.1260e-01
Epoch 19/200
 - 3s - loss: -3.0086e-01 - classifier_loss: 1.3102 - adversary_loss: -3.1277e-01 - val_loss: -3.0298e-01 - val_classifier_loss: 1.0773 - val_adversary_loss: -3.1277e-01
Epoch 20/200
 - 3s - loss: -3.0775e-01 - classifier_loss: 0.5574 - adversary_loss: -3.1281e-01 - val_loss: -3.0399e-01 - val_classifier_loss: 0.9666 - val_adversary_loss: -3.1278e-01
Epoch 21/200
 - 3s - loss: -3.0834e-01 - classifier_loss: 0.4836 - adversary_loss: -3.1274e-01 - val_loss: -3.0527e-01 - val_classifier_loss: 0.8247 - val_adversary_loss: -3.1277e-01
Epoch 22/200
 - 3s - loss: -3.0901e-01 - classifier_loss: 0.4209 - adversary_loss: -3.1283e-01 - val_loss: -3.0727e-01 - val_classifier_loss: 0.5998 - val_adversary_loss: -3.1272e-01
Epoch 23/200
 - 3s - loss: -3.0870e-01 - classifier_loss: 0.4551 - adversary_loss: -3.1284e-01 - val_loss: -3.0769e-01 - val_classifier_loss: 0.5604 - val_adversary_loss: -3.1279e-01
Epoch 24/200
 - 3s - loss: -3.0932e-01 - classifier_loss: 0.3896 - adversary_loss: -3.1286e-01 - val_loss: -3.0883e-01 - val_classifier_loss: 0.4380 - val_adversary_loss: -3.1282e-01
Epoch 25/200
 - 3s - loss: -3.0944e-01 - classifier_loss: 0.3826 - adversary_loss: -3.1291e-01 - val_loss: -3.0889e-01 - val_classifier_loss: 0.4167 - val_adversary_loss: -3.1268e-01
Epoch 26/200
 - 3s - loss: -3.0940e-01 - classifier_loss: 0.3808 - adversary_loss: -3.1286e-01 - val_loss: -3.0927e-01 - val_classifier_loss: 0.3958 - val_adversary_loss: -3.1287e-01
Epoch 27/200
 - 3s - loss: -3.0953e-01 - classifier_loss: 0.3791 - adversary_loss: -3.1297e-01 - val_loss: -3.0925e-01 - val_classifier_loss: 0.3946 - val_adversary_loss: -3.1284e-01
Epoch 28/200
 - 3s - loss: -3.0961e-01 - classifier_loss: 0.3794 - adversary_loss: -3.1306e-01 - val_loss: -3.0952e-01 - val_classifier_loss: 0.3808 - val_adversary_loss: -3.1298e-01
Epoch 29/200
 - 3s - loss: -3.0983e-01 - classifier_loss: 0.3780 - adversary_loss: -3.1326e-01 - val_loss: -3.0967e-01 - val_classifier_loss: 0.3865 - val_adversary_loss: -3.1319e-01
Epoch 30/200
 - 3s - loss: -3.1004e-01 - classifier_loss: 0.3762 - adversary_loss: -3.1346e-01 - val_loss: -3.1002e-01 - val_classifier_loss: 0.3833 - val_adversary_loss: -3.1351e-01
Epoch 31/200
 - 3s - loss: -3.1034e-01 - classifier_loss: 0.3755 - adversary_loss: -3.1375e-01 - val_loss: -3.1042e-01 - val_classifier_loss: 0.3793 - val_adversary_loss: -3.1387e-01
Epoch 32/200
 - 3s - loss: -3.1066e-01 - classifier_loss: 0.3750 - adversary_loss: -3.1407e-01 - val_loss: -3.1063e-01 - val_classifier_loss: 0.3794 - val_adversary_loss: -3.1408e-01
Epoch 33/200
 - 3s - loss: -3.1092e-01 - classifier_loss: 0.3754 - adversary_loss: -3.1433e-01 - val_loss: -3.1078e-01 - val_classifier_loss: 0.3886 - val_adversary_loss: -3.1431e-01
Epoch 34/200
 - 3s - loss: -3.1105e-01 - classifier_loss: 0.3769 - adversary_loss: -3.1448e-01 - val_loss: -3.1111e-01 - val_classifier_loss: 0.3830 - val_adversary_loss: -3.1459e-01
Epoch 35/200
 - 3s - loss: -3.1129e-01 - classifier_loss: 0.3759 - adversary_loss: -3.1471e-01 - val_loss: -3.1139e-01 - val_classifier_loss: 0.3753 - val_adversary_loss: -3.1480e-01
Epoch 36/200
 - 3s - loss: -3.1153e-01 - classifier_loss: 0.3729 - adversary_loss: -3.1492e-01 - val_loss: -3.1151e-01 - val_classifier_loss: 0.3759 - val_adversary_loss: -3.1493e-01
Epoch 37/200
 - 3s - loss: -3.1166e-01 - classifier_loss: 0.3723 - adversary_loss: -3.1505e-01 - val_loss: -3.1163e-01 - val_classifier_loss: 0.3767 - val_adversary_loss: -3.1506e-01
Epoch 38/200
 - 3s - loss: -3.1175e-01 - classifier_loss: 0.3720 - adversary_loss: -3.1514e-01 - val_loss: -3.1170e-01 - val_classifier_loss: 0.3734 - val_adversary_loss: -3.1510e-01
Epoch 39/200
 - 3s - loss: -3.1177e-01 - classifier_loss: 0.3717 - adversary_loss: -3.1515e-01 - val_loss: -3.1170e-01 - val_classifier_loss: 0.3746 - val_adversary_loss: -3.1511e-01
Epoch 40/200
 - 3s - loss: -3.1181e-01 - classifier_loss: 0.3715 - adversary_loss: -3.1519e-01 - val_loss: -3.1172e-01 - val_classifier_loss: 0.3732 - val_adversary_loss: -3.1512e-01
Epoch 41/200
 - 3s - loss: -3.1181e-01 - classifier_loss: 0.3705 - adversary_loss: -3.1518e-01 - val_loss: -3.1165e-01 - val_classifier_loss: 0.3763 - val_adversary_loss: -3.1507e-01
Epoch 42/200
 - 3s - loss: -3.1181e-01 - classifier_loss: 0.3725 - adversary_loss: -3.1519e-01 - val_loss: -3.1172e-01 - val_classifier_loss: 0.3739 - val_adversary_loss: -3.1512e-01
Epoch 43/200
 - 3s - loss: -3.1183e-01 - classifier_loss: 0.3709 - adversary_loss: -3.1520e-01 - val_loss: -3.1164e-01 - val_classifier_loss: 0.3755 - val_adversary_loss: -3.1506e-01
Epoch 44/200
 - 3s - loss: -3.1185e-01 - classifier_loss: 0.3704 - adversary_loss: -3.1521e-01 - val_loss: -3.1157e-01 - val_classifier_loss: 0.3856 - val_adversary_loss: -3.1508e-01
Epoch 45/200
 - 3s - loss: -3.1184e-01 - classifier_loss: 0.3713 - adversary_loss: -3.1521e-01 - val_loss: -3.1175e-01 - val_classifier_loss: 0.3740 - val_adversary_loss: -3.1515e-01
Epoch 46/200
 - 3s - loss: -3.1187e-01 - classifier_loss: 0.3699 - adversary_loss: -3.1523e-01 - val_loss: -3.1170e-01 - val_classifier_loss: 0.3799 - val_adversary_loss: -3.1515e-01
Epoch 47/200
 - 3s - loss: -3.1185e-01 - classifier_loss: 0.3699 - adversary_loss: -3.1521e-01 - val_loss: -3.1172e-01 - val_classifier_loss: 0.3776 - val_adversary_loss: -3.1515e-01
Epoch 48/200
 - 3s - loss: -3.1187e-01 - classifier_loss: 0.3699 - adversary_loss: -3.1523e-01 - val_loss: -3.1175e-01 - val_classifier_loss: 0.3757 - val_adversary_loss: -3.1517e-01
Epoch 49/200
 - 3s - loss: -3.1186e-01 - classifier_loss: 0.3697 - adversary_loss: -3.1522e-01 - val_loss: -3.1169e-01 - val_classifier_loss: 0.3741 - val_adversary_loss: -3.1509e-01
Epoch 50/200
 - 3s - loss: -3.1191e-01 - classifier_loss: 0.3686 - adversary_loss: -3.1526e-01 - val_loss: -3.1162e-01 - val_classifier_loss: 0.3729 - val_adversary_loss: -3.1501e-01
Epoch 51/200
 - 3s - loss: -3.1187e-01 - classifier_loss: 0.3681 - adversary_loss: -3.1521e-01 - val_loss: -3.1174e-01 - val_classifier_loss: 0.3751 - val_adversary_loss: -3.1515e-01
Epoch 52/200
 - 3s - loss: -3.1189e-01 - classifier_loss: 0.3688 - adversary_loss: -3.1524e-01 - val_loss: -3.1179e-01 - val_classifier_loss: 0.3727 - val_adversary_loss: -3.1517e-01
Epoch 53/200
 - 3s - loss: -3.1190e-01 - classifier_loss: 0.3690 - adversary_loss: -3.1526e-01 - val_loss: -3.1178e-01 - val_classifier_loss: 0.3713 - val_adversary_loss: -3.1516e-01
Epoch 54/200
 - 3s - loss: -3.1192e-01 - classifier_loss: 0.3674 - adversary_loss: -3.1526e-01 - val_loss: -3.1173e-01 - val_classifier_loss: 0.3729 - val_adversary_loss: -3.1512e-01
Epoch 55/200
 - 3s - loss: -3.1185e-01 - classifier_loss: 0.3674 - adversary_loss: -3.1519e-01 - val_loss: -3.1163e-01 - val_classifier_loss: 0.3719 - val_adversary_loss: -3.1501e-01
Epoch 56/200
 - 3s - loss: -3.1185e-01 - classifier_loss: 0.3684 - adversary_loss: -3.1520e-01 - val_loss: -3.1173e-01 - val_classifier_loss: 0.3748 - val_adversary_loss: -3.1514e-01
Epoch 57/200
 - 3s - loss: -3.1189e-01 - classifier_loss: 0.3686 - adversary_loss: -3.1525e-01 - val_loss: -3.1169e-01 - val_classifier_loss: 0.3723 - val_adversary_loss: -3.1507e-01
Epoch 58/200
 - 3s - loss: -3.1187e-01 - classifier_loss: 0.3685 - adversary_loss: -3.1522e-01 - val_loss: -3.1175e-01 - val_classifier_loss: 0.3715 - val_adversary_loss: -3.1513e-01
Epoch 59/200
 - 3s - loss: -3.1191e-01 - classifier_loss: 0.3671 - adversary_loss: -3.1525e-01 - val_loss: -3.1164e-01 - val_classifier_loss: 0.3799 - val_adversary_loss: -3.1510e-01
Epoch 60/200
 - 3s - loss: -3.1191e-01 - classifier_loss: 0.3667 - adversary_loss: -3.1524e-01 - val_loss: -3.1166e-01 - val_classifier_loss: 0.3831 - val_adversary_loss: -3.1515e-01
Epoch 61/200
 - 3s - loss: -3.1186e-01 - classifier_loss: 0.3675 - adversary_loss: -3.1520e-01 - val_loss: -3.1174e-01 - val_classifier_loss: 0.3718 - val_adversary_loss: -3.1512e-01
Epoch 62/200
 - 3s - loss: -3.1183e-01 - classifier_loss: 0.3668 - adversary_loss: -3.1516e-01 - val_loss: -3.1169e-01 - val_classifier_loss: 0.3737 - val_adversary_loss: -3.1508e-01
Epoch 63/200
 - 3s - loss: -3.1187e-01 - classifier_loss: 0.3658 - adversary_loss: -3.1519e-01 - val_loss: -3.1170e-01 - val_classifier_loss: 0.3741 - val_adversary_loss: -3.1510e-01
Epoch 64/200
 - 3s - loss: -3.1187e-01 - classifier_loss: 0.3659 - adversary_loss: -3.1520e-01 - val_loss: -3.1174e-01 - val_classifier_loss: 0.3743 - val_adversary_loss: -3.1514e-01
Epoch 65/200
 - 3s - loss: -3.1190e-01 - classifier_loss: 0.3659 - adversary_loss: -3.1522e-01 - val_loss: -3.1179e-01 - val_classifier_loss: 0.3718 - val_adversary_loss: -3.1517e-01
Epoch 66/200
 - 3s - loss: -3.1192e-01 - classifier_loss: 0.3650 - adversary_loss: -3.1524e-01 - val_loss: -3.1170e-01 - val_classifier_loss: 0.3803 - val_adversary_loss: -3.1516e-01
Epoch 67/200
 - 3s - loss: -3.1189e-01 - classifier_loss: 0.3647 - adversary_loss: -3.1521e-01 - val_loss: -3.1174e-01 - val_classifier_loss: 0.3741 - val_adversary_loss: -3.1514e-01
Epoch 68/200
 - 3s - loss: -3.1188e-01 - classifier_loss: 0.3653 - adversary_loss: -3.1520e-01 - val_loss: -3.1176e-01 - val_classifier_loss: 0.3718 - val_adversary_loss: -3.1514e-01
Epoch 69/200
 - 3s - loss: -3.1186e-01 - classifier_loss: 0.3648 - adversary_loss: -3.1517e-01 - val_loss: -3.1168e-01 - val_classifier_loss: 0.3722 - val_adversary_loss: -3.1507e-01
Epoch 70/200
 - 3s - loss: -3.1183e-01 - classifier_loss: 0.3651 - adversary_loss: -3.1515e-01 - val_loss: -3.1179e-01 - val_classifier_loss: 0.3723 - val_adversary_loss: -3.1517e-01
Epoch 71/200
 - 3s - loss: -3.1190e-01 - classifier_loss: 0.3658 - adversary_loss: -3.1522e-01 - val_loss: -3.1171e-01 - val_classifier_loss: 0.3751 - val_adversary_loss: -3.1512e-01
Epoch 72/200
 - 3s - loss: -3.1192e-01 - classifier_loss: 0.3650 - adversary_loss: -3.1524e-01 - val_loss: -3.1174e-01 - val_classifier_loss: 0.3717 - val_adversary_loss: -3.1512e-01
Epoch 73/200
 - 3s - loss: -3.1192e-01 - classifier_loss: 0.3644 - adversary_loss: -3.1524e-01 - val_loss: -3.1181e-01 - val_classifier_loss: 0.3701 - val_adversary_loss: -3.1517e-01
Epoch 74/200
 - 3s - loss: -3.1192e-01 - classifier_loss: 0.3639 - adversary_loss: -3.1523e-01 - val_loss: -3.1172e-01 - val_classifier_loss: 0.3731 - val_adversary_loss: -3.1511e-01
Epoch 75/200
 - 3s - loss: -3.1193e-01 - classifier_loss: 0.3639 - adversary_loss: -3.1523e-01 - val_loss: -3.1177e-01 - val_classifier_loss: 0.3735 - val_adversary_loss: -3.1517e-01
Epoch 76/200
 - 3s - loss: -3.1194e-01 - classifier_loss: 0.3647 - adversary_loss: -3.1526e-01 - val_loss: -3.1173e-01 - val_classifier_loss: 0.3694 - val_adversary_loss: -3.1508e-01
Epoch 77/200
 - 3s - loss: -3.1190e-01 - classifier_loss: 0.3639 - adversary_loss: -3.1521e-01 - val_loss: -3.1177e-01 - val_classifier_loss: 0.3703 - val_adversary_loss: -3.1514e-01
Epoch 78/200
 - 3s - loss: -3.1189e-01 - classifier_loss: 0.3634 - adversary_loss: -3.1519e-01 - val_loss: -3.1157e-01 - val_classifier_loss: 0.3778 - val_adversary_loss: -3.1501e-01
Epoch 79/200
 - 3s - loss: -3.1185e-01 - classifier_loss: 0.3652 - adversary_loss: -3.1517e-01 - val_loss: -3.1175e-01 - val_classifier_loss: 0.3679 - val_adversary_loss: -3.1509e-01
Epoch 80/200
 - 3s - loss: -3.1180e-01 - classifier_loss: 0.3649 - adversary_loss: -3.1512e-01 - val_loss: -3.1164e-01 - val_classifier_loss: 0.3713 - val_adversary_loss: -3.1501e-01
Epoch 81/200
 - 3s - loss: -3.1192e-01 - classifier_loss: 0.3635 - adversary_loss: -3.1523e-01 - val_loss: -3.1179e-01 - val_classifier_loss: 0.3685 - val_adversary_loss: -3.1514e-01
Epoch 82/200
 - 3s - loss: -3.1188e-01 - classifier_loss: 0.3632 - adversary_loss: -3.1518e-01 - val_loss: -3.1170e-01 - val_classifier_loss: 0.3746 - val_adversary_loss: -3.1510e-01
Epoch 83/200
 - 3s - loss: -3.1191e-01 - classifier_loss: 0.3648 - adversary_loss: -3.1523e-01 - val_loss: -3.1177e-01 - val_classifier_loss: 0.3700 - val_adversary_loss: -3.1513e-01
Epoch 84/200
 - 3s - loss: -3.1195e-01 - classifier_loss: 0.3625 - adversary_loss: -3.1525e-01 - val_loss: -3.1173e-01 - val_classifier_loss: 0.3706 - val_adversary_loss: -3.1509e-01
Epoch 85/200
 - 3s - loss: -3.1192e-01 - classifier_loss: 0.3630 - adversary_loss: -3.1522e-01 - val_loss: -3.1176e-01 - val_classifier_loss: 0.3688 - val_adversary_loss: -3.1511e-01
Epoch 86/200
 - 3s - loss: -3.1190e-01 - classifier_loss: 0.3625 - adversary_loss: -3.1519e-01 - val_loss: -3.1170e-01 - val_classifier_loss: 0.3713 - val_adversary_loss: -3.1507e-01
Epoch 87/200
 - 3s - loss: -3.1190e-01 - classifier_loss: 0.3625 - adversary_loss: -3.1520e-01 - val_loss: -3.1174e-01 - val_classifier_loss: 0.3721 - val_adversary_loss: -3.1513e-01
Epoch 88/200
 - 3s - loss: -3.1193e-01 - classifier_loss: 0.3623 - adversary_loss: -3.1523e-01 - val_loss: -3.1164e-01 - val_classifier_loss: 0.3699 - val_adversary_loss: -3.1500e-01
Epoch 89/200
 - 3s - loss: -3.1188e-01 - classifier_loss: 0.3621 - adversary_loss: -3.1518e-01 - val_loss: -3.1175e-01 - val_classifier_loss: 0.3710 - val_adversary_loss: -3.1512e-01
Epoch 90/200
 - 3s - loss: -3.1190e-01 - classifier_loss: 0.3625 - adversary_loss: -3.1519e-01 - val_loss: -3.1187e-01 - val_classifier_loss: 0.3631 - val_adversary_loss: -3.1517e-01
Epoch 91/200
 - 3s - loss: -3.1193e-01 - classifier_loss: 0.3621 - adversary_loss: -3.1522e-01 - val_loss: -3.1156e-01 - val_classifier_loss: 0.3666 - val_adversary_loss: -3.1490e-01
Epoch 92/200
 - 3s - loss: -3.1180e-01 - classifier_loss: 0.3639 - adversary_loss: -3.1510e-01 - val_loss: -3.1180e-01 - val_classifier_loss: 0.3663 - val_adversary_loss: -3.1513e-01
Epoch 93/200
 - 3s - loss: -3.1193e-01 - classifier_loss: 0.3622 - adversary_loss: -3.1523e-01 - val_loss: -3.1154e-01 - val_classifier_loss: 0.3681 - val_adversary_loss: -3.1489e-01
Epoch 94/200
 - 3s - loss: -3.1184e-01 - classifier_loss: 0.3619 - adversary_loss: -3.1513e-01 - val_loss: -3.1175e-01 - val_classifier_loss: 0.3668 - val_adversary_loss: -3.1508e-01
Epoch 95/200
 - 3s - loss: -3.1192e-01 - classifier_loss: 0.3620 - adversary_loss: -3.1521e-01 - val_loss: -3.1181e-01 - val_classifier_loss: 0.3676 - val_adversary_loss: -3.1515e-01
Epoch 96/200
 - 3s - loss: -3.1192e-01 - classifier_loss: 0.3624 - adversary_loss: -3.1522e-01 - val_loss: -3.1171e-01 - val_classifier_loss: 0.3688 - val_adversary_loss: -3.1506e-01
Epoch 97/200
 - 3s - loss: -3.1189e-01 - classifier_loss: 0.3614 - adversary_loss: -3.1517e-01 - val_loss: -3.1178e-01 - val_classifier_loss: 0.3688 - val_adversary_loss: -3.1514e-01
Epoch 98/200
 - 3s - loss: -3.1191e-01 - classifier_loss: 0.3613 - adversary_loss: -3.1519e-01 - val_loss: -3.1176e-01 - val_classifier_loss: 0.3702 - val_adversary_loss: -3.1513e-01
Epoch 99/200
 - 3s - loss: -3.1192e-01 - classifier_loss: 0.3609 - adversary_loss: -3.1520e-01 - val_loss: -3.1165e-01 - val_classifier_loss: 0.3835 - val_adversary_loss: -3.1513e-01
Epoch 100/200
 - 3s - loss: -3.1190e-01 - classifier_loss: 0.3660 - adversary_loss: -3.1523e-01 - val_loss: -3.1166e-01 - val_classifier_loss: 0.3741 - val_adversary_loss: -3.1506e-01
Epoch 101/200
 - 3s - loss: -3.1192e-01 - classifier_loss: 0.3612 - adversary_loss: -3.1520e-01 - val_loss: -3.1167e-01 - val_classifier_loss: 0.3665 - val_adversary_loss: -3.1500e-01
Epoch 102/200
 - 3s - loss: -3.1195e-01 - classifier_loss: 0.3611 - adversary_loss: -3.1523e-01 - val_loss: -3.1170e-01 - val_classifier_loss: 0.3689 - val_adversary_loss: -3.1505e-01
Epoch 103/200
 - 3s - loss: -3.1191e-01 - classifier_loss: 0.3604 - adversary_loss: -3.1519e-01 - val_loss: -3.1178e-01 - val_classifier_loss: 0.3697 - val_adversary_loss: -3.1514e-01
Epoch 104/200
 - 3s - loss: -3.1194e-01 - classifier_loss: 0.3622 - adversary_loss: -3.1523e-01 - val_loss: -3.1181e-01 - val_classifier_loss: 0.3690 - val_adversary_loss: -3.1517e-01
Epoch 105/200
 - 3s - loss: -3.1193e-01 - classifier_loss: 0.3619 - adversary_loss: -3.1522e-01 - val_loss: -3.1177e-01 - val_classifier_loss: 0.3695 - val_adversary_loss: -3.1513e-01
Epoch 106/200
 - 3s - loss: -3.1194e-01 - classifier_loss: 0.3606 - adversary_loss: -3.1522e-01 - val_loss: -3.1181e-01 - val_classifier_loss: 0.3674 - val_adversary_loss: -3.1515e-01
Epoch 107/200
 - 3s - loss: -3.1184e-01 - classifier_loss: 0.3608 - adversary_loss: -3.1511e-01 - val_loss: -3.1182e-01 - val_classifier_loss: 0.3669 - val_adversary_loss: -3.1516e-01
Epoch 108/200
 - 3s - loss: -3.1194e-01 - classifier_loss: 0.3603 - adversary_loss: -3.1521e-01 - val_loss: -3.1172e-01 - val_classifier_loss: 0.3700 - val_adversary_loss: -3.1508e-01
Epoch 109/200
 - 3s - loss: -3.1189e-01 - classifier_loss: 0.3613 - adversary_loss: -3.1517e-01 - val_loss: -3.1129e-01 - val_classifier_loss: 0.3625 - val_adversary_loss: -3.1459e-01
Epoch 110/200
 - 3s - loss: -3.1176e-01 - classifier_loss: 0.3608 - adversary_loss: -3.1504e-01 - val_loss: -3.1168e-01 - val_classifier_loss: 0.3634 - val_adversary_loss: -3.1499e-01
Epoch 111/200
 - 3s - loss: -3.1193e-01 - classifier_loss: 0.3602 - adversary_loss: -3.1521e-01 - val_loss: -3.1173e-01 - val_classifier_loss: 0.3659 - val_adversary_loss: -3.1505e-01
Epoch 112/200
 - 3s - loss: -3.1193e-01 - classifier_loss: 0.3597 - adversary_loss: -3.1520e-01 - val_loss: -3.1139e-01 - val_classifier_loss: 0.3650 - val_adversary_loss: -3.1471e-01
Epoch 113/200
 - 3s - loss: -3.1187e-01 - classifier_loss: 0.3602 - adversary_loss: -3.1514e-01 - val_loss: -3.1171e-01 - val_classifier_loss: 0.3677 - val_adversary_loss: -3.1505e-01
Epoch 114/200
 - 3s - loss: -3.1192e-01 - classifier_loss: 0.3600 - adversary_loss: -3.1519e-01 - val_loss: -3.1181e-01 - val_classifier_loss: 0.3661 - val_adversary_loss: -3.1513e-01
Epoch 115/200
 - 3s - loss: -3.1195e-01 - classifier_loss: 0.3602 - adversary_loss: -3.1522e-01 - val_loss: -3.1180e-01 - val_classifier_loss: 0.3666 - val_adversary_loss: -3.1514e-01
Epoch 116/200
 - 3s - loss: -3.1196e-01 - classifier_loss: 0.3605 - adversary_loss: -3.1523e-01 - val_loss: -3.1174e-01 - val_classifier_loss: 0.3752 - val_adversary_loss: -3.1515e-01
Epoch 117/200
 - 3s - loss: -3.1196e-01 - classifier_loss: 0.3597 - adversary_loss: -3.1523e-01 - val_loss: -3.1180e-01 - val_classifier_loss: 0.3692 - val_adversary_loss: -3.1516e-01
Epoch 118/200
 - 3s - loss: -3.1185e-01 - classifier_loss: 0.3591 - adversary_loss: -3.1511e-01 - val_loss: -3.1179e-01 - val_classifier_loss: 0.3686 - val_adversary_loss: -3.1514e-01
Epoch 119/200
 - 3s - loss: -3.1197e-01 - classifier_loss: 0.3590 - adversary_loss: -3.1523e-01 - val_loss: -3.1156e-01 - val_classifier_loss: 0.3690 - val_adversary_loss: -3.1491e-01
Epoch 120/200
 - 3s - loss: -3.1177e-01 - classifier_loss: 0.3596 - adversary_loss: -3.1504e-01 - val_loss: -3.1171e-01 - val_classifier_loss: 0.3680 - val_adversary_loss: -3.1505e-01
Epoch 121/200
 - 3s - loss: -3.1193e-01 - classifier_loss: 0.3603 - adversary_loss: -3.1520e-01 - val_loss: -3.1124e-01 - val_classifier_loss: 0.3628 - val_adversary_loss: -3.1454e-01
Epoch 122/200
 - 3s - loss: -3.1177e-01 - classifier_loss: 0.3601 - adversary_loss: -3.1505e-01 - val_loss: -3.1180e-01 - val_classifier_loss: 0.3674 - val_adversary_loss: -3.1514e-01
Epoch 123/200
 - 3s - loss: -3.1194e-01 - classifier_loss: 0.3615 - adversary_loss: -3.1522e-01 - val_loss: -3.1180e-01 - val_classifier_loss: 0.3666 - val_adversary_loss: -3.1514e-01
Epoch 124/200
 - 3s - loss: -3.1196e-01 - classifier_loss: 0.3592 - adversary_loss: -3.1522e-01 - val_loss: -3.1171e-01 - val_classifier_loss: 0.3712 - val_adversary_loss: -3.1508e-01
Epoch 125/200
 - 3s - loss: -3.1183e-01 - classifier_loss: 0.3601 - adversary_loss: -3.1510e-01 - val_loss: -3.1141e-01 - val_classifier_loss: 0.3615 - val_adversary_loss: -3.1470e-01
Epoch 126/200
 - 3s - loss: -3.1186e-01 - classifier_loss: 0.3588 - adversary_loss: -3.1512e-01 - val_loss: -3.1186e-01 - val_classifier_loss: 0.3620 - val_adversary_loss: -3.1515e-01
Epoch 127/200
 - 3s - loss: -3.1193e-01 - classifier_loss: 0.3585 - adversary_loss: -3.1519e-01 - val_loss: -3.1177e-01 - val_classifier_loss: 0.3702 - val_adversary_loss: -3.1514e-01
Epoch 128/200
 - 3s - loss: -3.1195e-01 - classifier_loss: 0.3585 - adversary_loss: -3.1521e-01 - val_loss: -3.1186e-01 - val_classifier_loss: 0.3641 - val_adversary_loss: -3.1517e-01
Epoch 129/200
 - 3s - loss: -3.1197e-01 - classifier_loss: 0.3579 - adversary_loss: -3.1522e-01 - val_loss: -3.1178e-01 - val_classifier_loss: 0.3628 - val_adversary_loss: -3.1508e-01
Epoch 130/200
 - 3s - loss: -3.1182e-01 - classifier_loss: 0.3580 - adversary_loss: -3.1507e-01 - val_loss: -3.1151e-01 - val_classifier_loss: 0.3650 - val_adversary_loss: -3.1483e-01
Epoch 131/200
 - 3s - loss: -3.1193e-01 - classifier_loss: 0.3573 - adversary_loss: -3.1518e-01 - val_loss: -3.1186e-01 - val_classifier_loss: 0.3644 - val_adversary_loss: -3.1517e-01
Epoch 132/200
 - 3s - loss: -3.1198e-01 - classifier_loss: 0.3579 - adversary_loss: -3.1523e-01 - val_loss: -3.1176e-01 - val_classifier_loss: 0.3681 - val_adversary_loss: -3.1511e-01
Epoch 133/200
 - 3s - loss: -3.1191e-01 - classifier_loss: 0.3581 - adversary_loss: -3.1517e-01 - val_loss: -3.1173e-01 - val_classifier_loss: 0.3708 - val_adversary_loss: -3.1510e-01
Epoch 134/200
 - 3s - loss: -3.1191e-01 - classifier_loss: 0.3572 - adversary_loss: -3.1515e-01 - val_loss: -3.1171e-01 - val_classifier_loss: 0.3764 - val_adversary_loss: -3.1513e-01
Epoch 135/200
 - 3s - loss: -3.1193e-01 - classifier_loss: 0.3586 - adversary_loss: -3.1519e-01 - val_loss: -3.1174e-01 - val_classifier_loss: 0.3705 - val_adversary_loss: -3.1510e-01
Epoch 136/200
 - 3s - loss: -3.1191e-01 - classifier_loss: 0.3583 - adversary_loss: -3.1517e-01 - val_loss: -3.1168e-01 - val_classifier_loss: 0.3776 - val_adversary_loss: -3.1512e-01
Epoch 137/200
 - 3s - loss: -3.1188e-01 - classifier_loss: 0.3578 - adversary_loss: -3.1513e-01 - val_loss: -3.1168e-01 - val_classifier_loss: 0.3663 - val_adversary_loss: -3.1501e-01
Epoch 138/200
 - 3s - loss: -3.1182e-01 - classifier_loss: 0.3575 - adversary_loss: -3.1507e-01 - val_loss: -3.1165e-01 - val_classifier_loss: 0.3722 - val_adversary_loss: -3.1503e-01
Epoch 139/200
 - 3s - loss: -3.1197e-01 - classifier_loss: 0.3579 - adversary_loss: -3.1523e-01 - val_loss: -3.1185e-01 - val_classifier_loss: 0.3646 - val_adversary_loss: -3.1517e-01
Epoch 140/200
 - 3s - loss: -3.1192e-01 - classifier_loss: 0.3562 - adversary_loss: -3.1515e-01 - val_loss: -3.1147e-01 - val_classifier_loss: 0.3633 - val_adversary_loss: -3.1478e-01
Epoch 141/200
 - 3s - loss: -3.1189e-01 - classifier_loss: 0.3592 - adversary_loss: -3.1515e-01 - val_loss: -3.1177e-01 - val_classifier_loss: 0.3744 - val_adversary_loss: -3.1517e-01
Epoch 142/200
 - 3s - loss: -3.1193e-01 - classifier_loss: 0.3573 - adversary_loss: -3.1518e-01 - val_loss: -3.1149e-01 - val_classifier_loss: 0.3697 - val_adversary_loss: -3.1485e-01
Epoch 143/200
 - 3s - loss: -3.1188e-01 - classifier_loss: 0.3568 - adversary_loss: -3.1512e-01 - val_loss: -3.1184e-01 - val_classifier_loss: 0.3628 - val_adversary_loss: -3.1514e-01
Epoch 144/200
 - 3s - loss: -3.1198e-01 - classifier_loss: 0.3569 - adversary_loss: -3.1522e-01 - val_loss: -3.1177e-01 - val_classifier_loss: 0.3690 - val_adversary_loss: -3.1513e-01
Epoch 145/200
 - 3s - loss: -3.1189e-01 - classifier_loss: 0.3569 - adversary_loss: -3.1513e-01 - val_loss: -3.1154e-01 - val_classifier_loss: 0.3666 - val_adversary_loss: -3.1487e-01
Epoch 146/200
 - 3s - loss: -3.1183e-01 - classifier_loss: 0.3558 - adversary_loss: -3.1506e-01 - val_loss: -3.1184e-01 - val_classifier_loss: 0.3675 - val_adversary_loss: -3.1518e-01
Epoch 147/200
 - 3s - loss: -3.1192e-01 - classifier_loss: 0.3556 - adversary_loss: -3.1515e-01 - val_loss: -3.1180e-01 - val_classifier_loss: 0.3615 - val_adversary_loss: -3.1508e-01
Epoch 148/200
 - 3s - loss: -3.1179e-01 - classifier_loss: 0.3564 - adversary_loss: -3.1503e-01 - val_loss: -3.1103e-01 - val_classifier_loss: 0.3721 - val_adversary_loss: -3.1441e-01
Epoch 149/200
 - 3s - loss: -3.1181e-01 - classifier_loss: 0.3640 - adversary_loss: -3.1512e-01 - val_loss: -3.1023e-01 - val_classifier_loss: 0.5261 - val_adversary_loss: -3.1501e-01
Epoch 150/200
 - 3s - loss: -3.1181e-01 - classifier_loss: 0.3620 - adversary_loss: -3.1510e-01 - val_loss: -3.1119e-01 - val_classifier_loss: 0.4098 - val_adversary_loss: -3.1491e-01
Epoch 151/200
 - 3s - loss: -3.1192e-01 - classifier_loss: 0.3603 - adversary_loss: -3.1520e-01 - val_loss: -3.1143e-01 - val_classifier_loss: 0.3920 - val_adversary_loss: -3.1499e-01
Epoch 152/200
 - 3s - loss: -3.1195e-01 - classifier_loss: 0.3590 - adversary_loss: -3.1521e-01 - val_loss: -3.1129e-01 - val_classifier_loss: 0.4018 - val_adversary_loss: -3.1494e-01
Epoch 153/200
 - 3s - loss: -3.1184e-01 - classifier_loss: 0.3583 - adversary_loss: -3.1509e-01 - val_loss: -3.1156e-01 - val_classifier_loss: 0.3930 - val_adversary_loss: -3.1513e-01
Epoch 154/200
 - 3s - loss: -3.1196e-01 - classifier_loss: 0.3570 - adversary_loss: -3.1521e-01 - val_loss: -3.1155e-01 - val_classifier_loss: 0.3911 - val_adversary_loss: -3.1511e-01
Epoch 155/200
 - 3s - loss: -3.1178e-01 - classifier_loss: 0.3605 - adversary_loss: -3.1505e-01 - val_loss: -3.1158e-01 - val_classifier_loss: 0.3875 - val_adversary_loss: -3.1510e-01
Epoch 156/200
 - 3s - loss: -3.1189e-01 - classifier_loss: 0.3571 - adversary_loss: -3.1514e-01 - val_loss: -3.1162e-01 - val_classifier_loss: 0.3808 - val_adversary_loss: -3.1508e-01
Epoch 157/200
 - 3s - loss: -3.1187e-01 - classifier_loss: 0.3560 - adversary_loss: -3.1511e-01 - val_loss: -3.1162e-01 - val_classifier_loss: 0.3822 - val_adversary_loss: -3.1510e-01
Epoch 158/200
 - 3s - loss: -3.1198e-01 - classifier_loss: 0.3552 - adversary_loss: -3.1520e-01 - val_loss: -3.1158e-01 - val_classifier_loss: 0.3708 - val_adversary_loss: -3.1495e-01
Epoch 159/200
 - 3s - loss: -3.1192e-01 - classifier_loss: 0.3552 - adversary_loss: -3.1515e-01 - val_loss: -3.1163e-01 - val_classifier_loss: 0.3766 - val_adversary_loss: -3.1506e-01
Epoch 160/200
 - 3s - loss: -3.1193e-01 - classifier_loss: 0.3556 - adversary_loss: -3.1516e-01 - val_loss: -3.1158e-01 - val_classifier_loss: 0.3797 - val_adversary_loss: -3.1504e-01
Epoch 161/200
 - 3s - loss: -3.1182e-01 - classifier_loss: 0.3568 - adversary_loss: -3.1506e-01 - val_loss: -3.1162e-01 - val_classifier_loss: 0.3789 - val_adversary_loss: -3.1506e-01
Epoch 162/200
 - 3s - loss: -3.1188e-01 - classifier_loss: 0.3564 - adversary_loss: -3.1512e-01 - val_loss: -3.1168e-01 - val_classifier_loss: 0.3722 - val_adversary_loss: -3.1507e-01
Epoch 163/200
 - 3s - loss: -3.1188e-01 - classifier_loss: 0.3549 - adversary_loss: -3.1510e-01 - val_loss: -3.1163e-01 - val_classifier_loss: 0.3690 - val_adversary_loss: -3.1498e-01
Epoch 164/200
 - 3s - loss: -3.1195e-01 - classifier_loss: 0.3550 - adversary_loss: -3.1518e-01 - val_loss: -3.1171e-01 - val_classifier_loss: 0.3717 - val_adversary_loss: -3.1509e-01
Epoch 165/200
 - 3s - loss: -3.1197e-01 - classifier_loss: 0.3554 - adversary_loss: -3.1521e-01 - val_loss: -3.1169e-01 - val_classifier_loss: 0.3762 - val_adversary_loss: -3.1511e-01
Epoch 166/200
 - 3s - loss: -3.1195e-01 - classifier_loss: 0.3556 - adversary_loss: -3.1519e-01 - val_loss: -3.1161e-01 - val_classifier_loss: 0.3732 - val_adversary_loss: -3.1500e-01
Epoch 167/200
 - 3s - loss: -3.1184e-01 - classifier_loss: 0.3568 - adversary_loss: -3.1509e-01 - val_loss: -3.1147e-01 - val_classifier_loss: 0.3867 - val_adversary_loss: -3.1499e-01
Epoch 168/200
 - 3s - loss: -3.1196e-01 - classifier_loss: 0.3561 - adversary_loss: -3.1520e-01 - val_loss: -3.1152e-01 - val_classifier_loss: 0.3664 - val_adversary_loss: -3.1485e-01
Epoch 169/200
 - 3s - loss: -3.1195e-01 - classifier_loss: 0.3547 - adversary_loss: -3.1518e-01 - val_loss: -3.1163e-01 - val_classifier_loss: 0.3667 - val_adversary_loss: -3.1497e-01
Epoch 170/200
 - 3s - loss: -3.1196e-01 - classifier_loss: 0.3557 - adversary_loss: -3.1519e-01 - val_loss: -3.1178e-01 - val_classifier_loss: 0.3667 - val_adversary_loss: -3.1511e-01
Epoch 171/200
 - 3s - loss: -3.1191e-01 - classifier_loss: 0.3557 - adversary_loss: -3.1515e-01 - val_loss: -3.1141e-01 - val_classifier_loss: 0.3634 - val_adversary_loss: -3.1472e-01
Epoch 172/200
 - 3s - loss: -3.1159e-01 - classifier_loss: 0.3549 - adversary_loss: -3.1482e-01 - val_loss: -3.1160e-01 - val_classifier_loss: 0.3732 - val_adversary_loss: -3.1499e-01
Epoch 173/200
 - 3s - loss: -3.1190e-01 - classifier_loss: 0.3553 - adversary_loss: -3.1514e-01 - val_loss: -3.1164e-01 - val_classifier_loss: 0.3668 - val_adversary_loss: -3.1498e-01
Epoch 174/200
 - 3s - loss: -3.1199e-01 - classifier_loss: 0.3552 - adversary_loss: -3.1522e-01 - val_loss: -3.1151e-01 - val_classifier_loss: 0.3769 - val_adversary_loss: -3.1494e-01
Epoch 175/200
 - 3s - loss: -3.1185e-01 - classifier_loss: 0.3548 - adversary_loss: -3.1508e-01 - val_loss: -3.1179e-01 - val_classifier_loss: 0.3656 - val_adversary_loss: -3.1512e-01
Epoch 176/200
 - 3s - loss: -3.1178e-01 - classifier_loss: 0.3545 - adversary_loss: -3.1501e-01 - val_loss: -3.1147e-01 - val_classifier_loss: 0.3697 - val_adversary_loss: -3.1483e-01
Epoch 177/200
 - 3s - loss: -3.1182e-01 - classifier_loss: 0.3543 - adversary_loss: -3.1504e-01 - val_loss: -3.1180e-01 - val_classifier_loss: 0.3595 - val_adversary_loss: -3.1507e-01
Epoch 178/200
 - 3s - loss: -3.1191e-01 - classifier_loss: 0.3554 - adversary_loss: -3.1514e-01 - val_loss: -3.1184e-01 - val_classifier_loss: 0.3631 - val_adversary_loss: -3.1514e-01
Epoch 179/200
 - 3s - loss: -3.1198e-01 - classifier_loss: 0.3545 - adversary_loss: -3.1520e-01 - val_loss: -3.1127e-01 - val_classifier_loss: 0.3643 - val_adversary_loss: -3.1458e-01
Epoch 180/200
 - 3s - loss: -3.1184e-01 - classifier_loss: 0.3548 - adversary_loss: -3.1506e-01 - val_loss: -3.1175e-01 - val_classifier_loss: 0.3714 - val_adversary_loss: -3.1513e-01
Epoch 181/200
 - 3s - loss: -3.1189e-01 - classifier_loss: 0.3544 - adversary_loss: -3.1511e-01 - val_loss: -3.1160e-01 - val_classifier_loss: 0.3690 - val_adversary_loss: -3.1496e-01
Epoch 182/200
 - 3s - loss: -3.1187e-01 - classifier_loss: 0.3549 - adversary_loss: -3.1510e-01 - val_loss: -3.1159e-01 - val_classifier_loss: 0.3627 - val_adversary_loss: -3.1488e-01
Epoch 183/200
 - 3s - loss: -3.1198e-01 - classifier_loss: 0.3537 - adversary_loss: -3.1519e-01 - val_loss: -3.1171e-01 - val_classifier_loss: 0.3652 - val_adversary_loss: -3.1503e-01
Epoch 184/200
 - 3s - loss: -3.1199e-01 - classifier_loss: 0.3540 - adversary_loss: -3.1521e-01 - val_loss: -3.1182e-01 - val_classifier_loss: 0.3644 - val_adversary_loss: -3.1514e-01
Epoch 185/200
 - 3s - loss: -3.1198e-01 - classifier_loss: 0.3538 - adversary_loss: -3.1519e-01 - val_loss: -3.1165e-01 - val_classifier_loss: 0.3639 - val_adversary_loss: -3.1496e-01
Epoch 186/200
 - 3s - loss: -3.1182e-01 - classifier_loss: 0.3541 - adversary_loss: -3.1503e-01 - val_loss: -3.1175e-01 - val_classifier_loss: 0.3738 - val_adversary_loss: -3.1515e-01
Epoch 187/200
 - 3s - loss: -3.1195e-01 - classifier_loss: 0.3537 - adversary_loss: -3.1517e-01 - val_loss: -3.1162e-01 - val_classifier_loss: 0.3734 - val_adversary_loss: -3.1501e-01
Epoch 188/200
 - 3s - loss: -3.1194e-01 - classifier_loss: 0.3534 - adversary_loss: -3.1515e-01 - val_loss: -3.1169e-01 - val_classifier_loss: 0.3672 - val_adversary_loss: -3.1503e-01
Epoch 189/200
 - 3s - loss: -3.1180e-01 - classifier_loss: 0.3533 - adversary_loss: -3.1502e-01 - val_loss: -3.1185e-01 - val_classifier_loss: 0.3617 - val_adversary_loss: -3.1514e-01
Epoch 190/200
 - 3s - loss: -3.1186e-01 - classifier_loss: 0.3544 - adversary_loss: -3.1509e-01 - val_loss: -3.1173e-01 - val_classifier_loss: 0.3622 - val_adversary_loss: -3.1503e-01
Epoch 191/200
 - 3s - loss: -3.1195e-01 - classifier_loss: 0.3535 - adversary_loss: -3.1516e-01 - val_loss: -3.1175e-01 - val_classifier_loss: 0.3630 - val_adversary_loss: -3.1505e-01
Epoch 192/200
 - 3s - loss: -3.1194e-01 - classifier_loss: 0.3555 - adversary_loss: -3.1517e-01 - val_loss: -3.1168e-01 - val_classifier_loss: 0.3687 - val_adversary_loss: -3.1504e-01
Epoch 193/200
 - 3s - loss: -3.1177e-01 - classifier_loss: 0.3547 - adversary_loss: -3.1499e-01 - val_loss: -3.1155e-01 - val_classifier_loss: 0.3698 - val_adversary_loss: -3.1491e-01
Epoch 194/200
 - 3s - loss: -3.1186e-01 - classifier_loss: 0.3535 - adversary_loss: -3.1508e-01 - val_loss: -3.1158e-01 - val_classifier_loss: 0.3613 - val_adversary_loss: -3.1487e-01
Epoch 195/200
 - 3s - loss: -3.1194e-01 - classifier_loss: 0.3534 - adversary_loss: -3.1515e-01 - val_loss: -3.1171e-01 - val_classifier_loss: 0.3651 - val_adversary_loss: -3.1503e-01
Epoch 196/200
 - 3s - loss: -3.1188e-01 - classifier_loss: 0.3530 - adversary_loss: -3.1509e-01 - val_loss: -3.1165e-01 - val_classifier_loss: 0.3603 - val_adversary_loss: -3.1492e-01
Epoch 197/200
 - 3s - loss: -3.1187e-01 - classifier_loss: 0.3529 - adversary_loss: -3.1507e-01 - val_loss: -3.1158e-01 - val_classifier_loss: 0.3623 - val_adversary_loss: -3.1488e-01
Epoch 198/200
 - 3s - loss: -3.1186e-01 - classifier_loss: 0.3533 - adversary_loss: -3.1507e-01 - val_loss: -3.1170e-01 - val_classifier_loss: 0.3673 - val_adversary_loss: -3.1504e-01
Epoch 199/200
 - 3s - loss: -3.1196e-01 - classifier_loss: 0.3535 - adversary_loss: -3.1518e-01 - val_loss: -3.1182e-01 - val_classifier_loss: 0.3645 - val_adversary_loss: -3.1514e-01
Epoch 200/200
 - 3s - loss: -3.1200e-01 - classifier_loss: 0.3534 - adversary_loss: -3.1521e-01 - val_loss: -3.1127e-01 - val_classifier_loss: 0.3746 - val_adversary_loss: -3.1468e-01
INFO: Computing initial loss
INFO: Pre-training
[38;2;74;176;245m[1mProfile[0m ⏱  ······ Starting [1m@add_nn[0m
[38;2;74;176;245m[1mProfile[0m ⏱  ······ Time elapsed in [1m@add_nn[0m: ................................ [1m2.6s[0m
Background rejection: 16.5249713911
1/JSD:                3.99921584423
[38;2;74;176;245m[1mProfile[0m ⏱  ···· Time elapsed in [1mFold 1/3[0m: ............................... [1m603.9s[0m
[38;2;74;176;245m[1mProfile[0m ⏱  ···· Starting [1mFold 2/3[0m
Train on 1333334 samples, validate on 666666 samples
Epoch 1/10
 - 6s - loss: 0.0753 - classifier_loss: 0.3438 - adversary_loss: 0.0721 - val_loss: 0.0032 - val_classifier_loss: 0.3486 - val_adversary_loss: -2.8377e-07
Epoch 2/10
 - 2s - loss: 0.0031 - classifier_loss: 0.3438 - adversary_loss: -1.9418e-07 - val_loss: 0.0032 - val_classifier_loss: 0.3487 - val_adversary_loss: -8.4186e-08
Epoch 3/10
 - 2s - loss: 0.0031 - classifier_loss: 0.3438 - adversary_loss: -1.2837e-07 - val_loss: 0.0032 - val_classifier_loss: 0.3522 - val_adversary_loss: -1.2486e-07
Epoch 4/10
 - 2s - loss: 0.0031 - classifier_loss: 0.3439 - adversary_loss: -2.6221e-07 - val_loss: 0.0032 - val_classifier_loss: 0.3501 - val_adversary_loss: -3.7404e-07
Epoch 5/10
 - 2s - loss: 0.0031 - classifier_loss: 0.3438 - adversary_loss: -2.3785e-07 - val_loss: 0.0032 - val_classifier_loss: 0.3529 - val_adversary_loss: -9.7037e-08
Epoch 6/10
 - 2s - loss: 0.0031 - classifier_loss: 0.3438 - adversary_loss: -2.4341e-07 - val_loss: 0.0032 - val_classifier_loss: 0.3520 - val_adversary_loss: -1.2310e-07
Epoch 7/10
 - 2s - loss: 0.0031 - classifier_loss: 0.3440 - adversary_loss: -1.2160e-07 - val_loss: 0.0032 - val_classifier_loss: 0.3479 - val_adversary_loss: -2.6620e-07
Epoch 8/10
 - 2s - loss: 0.0031 - classifier_loss: 0.3438 - adversary_loss: -2.6889e-07 - val_loss: 0.0032 - val_classifier_loss: 0.3516 - val_adversary_loss: -4.1674e-07
Epoch 9/10
 - 2s - loss: 0.0031 - classifier_loss: 0.3439 - adversary_loss: -2.5278e-07 - val_loss: 0.0032 - val_classifier_loss: 0.3520 - val_adversary_loss: -2.4528e-07
Epoch 10/10
 - 2s - loss: 0.0031 - classifier_loss: 0.3437 - adversary_loss: -2.9514e-07 - val_loss: 0.0032 - val_classifier_loss: 0.3547 - val_adversary_loss: -2.3521e-07
INFO: Actual training
Train on 1333334 samples, validate on 666666 samples
Epoch 1/200
 - 9s - loss: nan - classifier_loss: 2.9850 - adversary_loss: nan - val_loss: nan - val_classifier_loss: 7.9767 - val_adversary_loss: nan
Epoch 2/200
 - 3s - loss: nan - classifier_loss: 7.9899 - adversary_loss: nan - val_loss: nan - val_classifier_loss: 7.9767 - val_adversary_loss: nan
Epoch 3/200
 - 3s - loss: nan - classifier_loss: 7.9899 - adversary_loss: nan - val_loss: nan - val_classifier_loss: 7.9767 - val_adversary_loss: nan
Epoch 4/200
 - 3s - loss: nan - classifier_loss: 7.9899 - adversary_loss: nan - val_loss: nan - val_classifier_loss: 7.9767 - val_adversary_loss: nan
Epoch 5/200
 - 2s - loss: nan - classifier_loss: 7.9899 - adversary_loss: nan - val_loss: nan - val_classifier_loss: 7.9767 - val_adversary_loss: nan
Epoch 6/200
 - 2s - loss: nan - classifier_loss: 7.9899 - adversary_loss: nan - val_loss: nan - val_classifier_loss: 7.9767 - val_adversary_loss: nan
Epoch 7/200
 - 3s - loss: nan - classifier_loss: 7.9899 - adversary_loss: nan - val_loss: nan - val_classifier_loss: 7.9767 - val_adversary_loss: nan
Epoch 8/200
 - 3s - loss: nan - classifier_loss: 7.9899 - adversary_loss: nan - val_loss: nan - val_classifier_loss: 7.9767 - val_adversary_loss: nan
Epoch 9/200
 - 2s - loss: nan - classifier_loss: 7.9899 - adversary_loss: nan - val_loss: nan - val_classifier_loss: 7.9767 - val_adversary_loss: nan
Epoch 10/200
 - 2s - loss: nan - classifier_loss: 7.9899 - adversary_loss: nan - val_loss: nan - val_classifier_loss: 7.9767 - val_adversary_loss: nan
Epoch 11/200
 - 2s - loss: nan - classifier_loss: 7.9899 - adversary_loss: nan - val_loss: nan - val_classifier_loss: 7.9767 - val_adversary_loss: nan
Epoch 12/200
 - 2s - loss: nan - classifier_loss: 7.9899 - adversary_loss: nan - val_loss: nan - val_classifier_loss: 7.9767 - val_adversary_loss: nan
Epoch 13/200
 - 3s - loss: nan - classifier_loss: 7.9899 - adversary_loss: nan - val_loss: nan - val_classifier_loss: 7.9767 - val_adversary_loss: nan
Epoch 14/200
 - 2s - loss: nan - classifier_loss: 7.9899 - adversary_loss: nan - val_loss: nan - val_classifier_loss: 7.9767 - val_adversary_loss: nan
Epoch 15/200
 - 3s - loss: nan - classifier_loss: 7.9899 - adversary_loss: nan - val_loss: nan - val_classifier_loss: 7.9767 - val_adversary_loss: nan
Epoch 16/200
 - 3s - loss: nan - classifier_loss: 7.9899 - adversary_loss: nan - val_loss: nan - val_classifier_loss: 7.9767 - val_adversary_loss: nan
Epoch 17/200
 - 2s - loss: nan - classifier_loss: 7.9899 - adversary_loss: nan - val_loss: nan - val_classifier_loss: 7.9767 - val_adversary_loss: nan
Epoch 18/200
 - 3s - loss: nan - classifier_loss: 7.9899 - adversary_loss: nan - val_loss: nan - val_classifier_loss: 7.9767 - val_adversary_loss: nan
Epoch 19/200
 - 3s - loss: nan - classifier_loss: 7.9899 - adversary_loss: nan - val_loss: nan - val_classifier_loss: 7.9767 - val_adversary_loss: nan
Epoch 20/200
 - 3s - loss: nan - classifier_loss: 7.9899 - adversary_loss: nan - val_loss: nan - val_classifier_loss: 7.9767 - val_adversary_loss: nan
Epoch 21/200
 - 2s - loss: nan - classifier_loss: 7.9899 - adversary_loss: nan - val_loss: nan - val_classifier_loss: 7.9767 - val_adversary_loss: nan
Epoch 22/200
 - 2s - loss: nan - classifier_loss: 7.9899 - adversary_loss: nan - val_loss: nan - val_classifier_loss: 7.9767 - val_adversary_loss: nan
Epoch 23/200
 - 3s - loss: nan - classifier_loss: 7.9899 - adversary_loss: nan - val_loss: nan - val_classifier_loss: 7.9767 - val_adversary_loss: nan
Epoch 24/200
 - 3s - loss: nan - classifier_loss: 7.9899 - adversary_loss: nan - val_loss: nan - val_classifier_loss: 7.9767 - val_adversary_loss: nan
Epoch 25/200
 - 2s - loss: nan - classifier_loss: 7.9899 - adversary_loss: nan - val_loss: nan - val_classifier_loss: 7.9767 - val_adversary_loss: nan
Epoch 26/200
 - 2s - loss: nan - classifier_loss: 7.9899 - adversary_loss: nan - val_loss: nan - val_classifier_loss: 7.9767 - val_adversary_loss: nan
Epoch 27/200
 - 2s - loss: nan - classifier_loss: 7.9899 - adversary_loss: nan - val_loss: nan - val_classifier_loss: 7.9767 - val_adversary_loss: nan
Epoch 28/200
 - 2s - loss: nan - classifier_loss: 7.9899 - adversary_loss: nan - val_loss: nan - val_classifier_loss: 7.9767 - val_adversary_loss: nan
Epoch 29/200
 - 2s - loss: nan - classifier_loss: 7.9899 - adversary_loss: nan - val_loss: nan - val_classifier_loss: 7.9767 - val_adversary_loss: nan
Epoch 30/200
 - 2s - loss: nan - classifier_loss: 7.9899 - adversary_loss: nan - val_loss: nan - val_classifier_loss: 7.9767 - val_adversary_loss: nan
Epoch 31/200
 - 2s - loss: nan - classifier_loss: 7.9899 - adversary_loss: nan - val_loss: nan - val_classifier_loss: 7.9767 - val_adversary_loss: nan
Epoch 32/200
 - 2s - loss: nan - classifier_loss: 7.9899 - adversary_loss: nan - val_loss: nan - val_classifier_loss: 7.9767 - val_adversary_loss: nan
Epoch 33/200
 - 2s - loss: nan - classifier_loss: 7.9899 - adversary_loss: nan - val_loss: nan - val_classifier_loss: 7.9767 - val_adversary_loss: nan
Epoch 34/200
 - 2s - loss: nan - classifier_loss: 7.9899 - adversary_loss: nan - val_loss: nan - val_classifier_loss: 7.9767 - val_adversary_loss: nan
Epoch 35/200
 - 2s - loss: nan - classifier_loss: 7.9899 - adversary_loss: nan - val_loss: nan - val_classifier_loss: 7.9767 - val_adversary_loss: nan
Epoch 36/200
 - 2s - loss: nan - classifier_loss: 7.9899 - adversary_loss: nan - val_loss: nan - val_classifier_loss: 7.9767 - val_adversary_loss: nan
Epoch 37/200
 - 3s - loss: nan - classifier_loss: 7.9899 - adversary_loss: nan - val_loss: nan - val_classifier_loss: 7.9767 - val_adversary_loss: nan
Epoch 38/200
 - 3s - loss: nan - classifier_loss: 7.9899 - adversary_loss: nan - val_loss: nan - val_classifier_loss: 7.9767 - val_adversary_loss: nan
Epoch 39/200
 - 3s - loss: nan - classifier_loss: 7.9899 - adversary_loss: nan - val_loss: nan - val_classifier_loss: 7.9767 - val_adversary_loss: nan
Epoch 40/200
 - 2s - loss: nan - classifier_loss: 7.9899 - adversary_loss: nan - val_loss: nan - val_classifier_loss: 7.9767 - val_adversary_loss: nan
Epoch 41/200
 - 2s - loss: nan - classifier_loss: 7.9899 - adversary_loss: nan - val_loss: nan - val_classifier_loss: 7.9767 - val_adversary_loss: nan
Epoch 42/200
 - 2s - loss: nan - classifier_loss: 7.9899 - adversary_loss: nan - val_loss: nan - val_classifier_loss: 7.9767 - val_adversary_loss: nan
Epoch 43/200
 - 2s - loss: nan - classifier_loss: 7.9899 - adversary_loss: nan - val_loss: nan - val_classifier_loss: 7.9767 - val_adversary_loss: nan
Epoch 44/200
 - 2s - loss: nan - classifier_loss: 7.9899 - adversary_loss: nan - val_loss: nan - val_classifier_loss: 7.9767 - val_adversary_loss: nan
Epoch 45/200
 - 2s - loss: nan - classifier_loss: 7.9899 - adversary_loss: nan - val_loss: nan - val_classifier_loss: 7.9767 - val_adversary_loss: nan
Epoch 46/200
 - 2s - loss: nan - classifier_loss: 7.9899 - adversary_loss: nan - val_loss: nan - val_classifier_loss: 7.9767 - val_adversary_loss: nan
Epoch 47/200
 - 2s - loss: nan - classifier_loss: 7.9899 - adversary_loss: nan - val_loss: nan - val_classifier_loss: 7.9767 - val_adversary_loss: nan
Epoch 48/200
 - 2s - loss: nan - classifier_loss: 7.9899 - adversary_loss: nan - val_loss: nan - val_classifier_loss: 7.9767 - val_adversary_loss: nan
Epoch 49/200
 - 2s - loss: nan - classifier_loss: 7.9899 - adversary_loss: nan - val_loss: nan - val_classifier_loss: 7.9767 - val_adversary_loss: nan
Epoch 50/200
 - 2s - loss: nan - classifier_loss: 7.9899 - adversary_loss: nan - val_loss: nan - val_classifier_loss: 7.9767 - val_adversary_loss: nan
Epoch 51/200
 - 2s - loss: nan - classifier_loss: 7.9899 - adversary_loss: nan - val_loss: nan - val_classifier_loss: 7.9767 - val_adversary_loss: nan
Epoch 52/200
 - 2s - loss: nan - classifier_loss: 7.9899 - adversary_loss: nan - val_loss: nan - val_classifier_loss: 7.9767 - val_adversary_loss: nan
Epoch 53/200
 - 3s - loss: nan - classifier_loss: 7.9899 - adversary_loss: nan - val_loss: nan - val_classifier_loss: 7.9767 - val_adversary_loss: nan
Epoch 54/200
 - 2s - loss: nan - classifier_loss: 7.9899 - adversary_loss: nan - val_loss: nan - val_classifier_loss: 7.9767 - val_adversary_loss: nan
Epoch 55/200
 - 2s - loss: nan - classifier_loss: 7.9899 - adversary_loss: nan - val_loss: nan - val_classifier_loss: 7.9767 - val_adversary_loss: nan
Epoch 56/200
 - 2s - loss: nan - classifier_loss: 7.9899 - adversary_loss: nan - val_loss: nan - val_classifier_loss: 7.9767 - val_adversary_loss: nan
Epoch 57/200
 - 2s - loss: nan - classifier_loss: 7.9899 - adversary_loss: nan - val_loss: nan - val_classifier_loss: 7.9767 - val_adversary_loss: nan
Epoch 58/200
 - 2s - loss: nan - classifier_loss: 7.9899 - adversary_loss: nan - val_loss: nan - val_classifier_loss: 7.9767 - val_adversary_loss: nan
Epoch 59/200
 - 2s - loss: nan - classifier_loss: 7.9899 - adversary_loss: nan - val_loss: nan - val_classifier_loss: 7.9767 - val_adversary_loss: nan
Epoch 60/200
 - 3s - loss: nan - classifier_loss: 7.9899 - adversary_loss: nan - val_loss: nan - val_classifier_loss: 7.9767 - val_adversary_loss: nan
Epoch 61/200
 - 3s - loss: nan - classifier_loss: 7.9899 - adversary_loss: nan - val_loss: nan - val_classifier_loss: 7.9767 - val_adversary_loss: nan
Epoch 62/200
 - 2s - loss: nan - classifier_loss: 7.9899 - adversary_loss: nan - val_loss: nan - val_classifier_loss: 7.9767 - val_adversary_loss: nan
Epoch 63/200
 - 2s - loss: nan - classifier_loss: 7.9899 - adversary_loss: nan - val_loss: nan - val_classifier_loss: 7.9767 - val_adversary_loss: nan
Epoch 64/200
 - 2s - loss: nan - classifier_loss: 7.9899 - adversary_loss: nan - val_loss: nan - val_classifier_loss: 7.9767 - val_adversary_loss: nan
Epoch 65/200
 - 2s - loss: nan - classifier_loss: 7.9899 - adversary_loss: nan - val_loss: nan - val_classifier_loss: 7.9767 - val_adversary_loss: nan
Epoch 66/200
 - 2s - loss: nan - classifier_loss: 7.9899 - adversary_loss: nan - val_loss: nan - val_classifier_loss: 7.9767 - val_adversary_loss: nan
Epoch 67/200
 - 2s - loss: nan - classifier_loss: 7.9899 - adversary_loss: nan - val_loss: nan - val_classifier_loss: 7.9767 - val_adversary_loss: nan
Epoch 68/200
 - 2s - loss: nan - classifier_loss: 7.9899 - adversary_loss: nan - val_loss: nan - val_classifier_loss: 7.9767 - val_adversary_loss: nan
Epoch 69/200
 - 2s - loss: nan - classifier_loss: 7.9899 - adversary_loss: nan - val_loss: nan - val_classifier_loss: 7.9767 - val_adversary_loss: nan
Epoch 70/200
 - 2s - loss: nan - classifier_loss: 7.9899 - adversary_loss: nan - val_loss: nan - val_classifier_loss: 7.9767 - val_adversary_loss: nan
Epoch 71/200
 - 2s - loss: nan - classifier_loss: 7.9899 - adversary_loss: nan - val_loss: nan - val_classifier_loss: 7.9767 - val_adversary_loss: nan
Epoch 72/200
 - 3s - loss: nan - classifier_loss: 7.9899 - adversary_loss: nan - val_loss: nan - val_classifier_loss: 7.9767 - val_adversary_loss: nan
Epoch 73/200
 - 2s - loss: nan - classifier_loss: 7.9899 - adversary_loss: nan - val_loss: nan - val_classifier_loss: 7.9767 - val_adversary_loss: nan
Epoch 74/200
 - 2s - loss: nan - classifier_loss: 7.9899 - adversary_loss: nan - val_loss: nan - val_classifier_loss: 7.9767 - val_adversary_loss: nan
Epoch 75/200
 - 2s - loss: nan - classifier_loss: 7.9899 - adversary_loss: nan - val_loss: nan - val_classifier_loss: 7.9767 - val_adversary_loss: nan
Epoch 76/200
 - 2s - loss: nan - classifier_loss: 7.9899 - adversary_loss: nan - val_loss: nan - val_classifier_loss: 7.9767 - val_adversary_loss: nan
Epoch 77/200
 - 2s - loss: nan - classifier_loss: 7.9899 - adversary_loss: nan - val_loss: nan - val_classifier_loss: 7.9767 - val_adversary_loss: nan
Epoch 78/200
 - 2s - loss: nan - classifier_loss: 7.9899 - adversary_loss: nan - val_loss: nan - val_classifier_loss: 7.9767 - val_adversary_loss: nan
Epoch 79/200
 - 2s - loss: nan - classifier_loss: 7.9899 - adversary_loss: nan - val_loss: nan - val_classifier_loss: 7.9767 - val_adversary_loss: nan
Epoch 80/200
 - 2s - loss: nan - classifier_loss: 7.9899 - adversary_loss: nan - val_loss: nan - val_classifier_loss: 7.9767 - val_adversary_loss: nan
Epoch 81/200
 - 2s - loss: nan - classifier_loss: 7.9899 - adversary_loss: nan - val_loss: nan - val_classifier_loss: 7.9767 - val_adversary_loss: nan
Epoch 82/200
 - 2s - loss: nan - classifier_loss: 7.9899 - adversary_loss: nan - val_loss: nan - val_classifier_loss: 7.9767 - val_adversary_loss: nan
Epoch 83/200
 - 2s - loss: nan - classifier_loss: 7.9899 - adversary_loss: nan - val_loss: nan - val_classifier_loss: 7.9767 - val_adversary_loss: nan
Epoch 84/200
 - 2s - loss: nan - classifier_loss: 7.9899 - adversary_loss: nan - val_loss: nan - val_classifier_loss: 7.9767 - val_adversary_loss: nan
Epoch 85/200
 - 2s - loss: nan - classifier_loss: 7.9899 - adversary_loss: nan - val_loss: nan - val_classifier_loss: 7.9767 - val_adversary_loss: nan
Epoch 86/200
 - 2s - loss: nan - classifier_loss: 7.9899 - adversary_loss: nan - val_loss: nan - val_classifier_loss: 7.9767 - val_adversary_loss: nan
Epoch 87/200
 - 2s - loss: nan - classifier_loss: 7.9899 - adversary_loss: nan - val_loss: nan - val_classifier_loss: 7.9767 - val_adversary_loss: nan
Epoch 88/200
 - 2s - loss: nan - classifier_loss: 7.9899 - adversary_loss: nan - val_loss: nan - val_classifier_loss: 7.9767 - val_adversary_loss: nan
Epoch 89/200
 - 2s - loss: nan - classifier_loss: 7.9899 - adversary_loss: nan - val_loss: nan - val_classifier_loss: 7.9767 - val_adversary_loss: nan
Epoch 90/200
 - 2s - loss: nan - classifier_loss: 7.9899 - adversary_loss: nan - val_loss: nan - val_classifier_loss: 7.9767 - val_adversary_loss: nan
Epoch 91/200
 - 2s - loss: nan - classifier_loss: 7.9899 - adversary_loss: nan - val_loss: nan - val_classifier_loss: 7.9767 - val_adversary_loss: nan
Epoch 92/200
 - 2s - loss: nan - classifier_loss: 7.9899 - adversary_loss: nan - val_loss: nan - val_classifier_loss: 7.9767 - val_adversary_loss: nan
Epoch 93/200
 - 2s - loss: nan - classifier_loss: 7.9899 - adversary_loss: nan - val_loss: nan - val_classifier_loss: 7.9767 - val_adversary_loss: nan
Epoch 94/200
 - 2s - loss: nan - classifier_loss: 7.9899 - adversary_loss: nan - val_loss: nan - val_classifier_loss: 7.9767 - val_adversary_loss: nan
Epoch 95/200
 - 2s - loss: nan - classifier_loss: 7.9899 - adversary_loss: nan - val_loss: nan - val_classifier_loss: 7.9767 - val_adversary_loss: nan
Epoch 96/200
 - 2s - loss: nan - classifier_loss: 7.9899 - adversary_loss: nan - val_loss: nan - val_classifier_loss: 7.9767 - val_adversary_loss: nan
Epoch 97/200
 - 2s - loss: nan - classifier_loss: 7.9899 - adversary_loss: nan - val_loss: nan - val_classifier_loss: 7.9767 - val_adversary_loss: nan
Epoch 98/200
 - 2s - loss: nan - classifier_loss: 7.9899 - adversary_loss: nan - val_loss: nan - val_classifier_loss: 7.9767 - val_adversary_loss: nan
Epoch 99/200
 - 2s - loss: nan - classifier_loss: 7.9899 - adversary_loss: nan - val_loss: nan - val_classifier_loss: 7.9767 - val_adversary_loss: nan
Epoch 100/200
 - 3s - loss: nan - classifier_loss: 7.9899 - adversary_loss: nan - val_loss: nan - val_classifier_loss: 7.9767 - val_adversary_loss: nan
Epoch 101/200
 - 3s - loss: nan - classifier_loss: 7.9899 - adversary_loss: nan - val_loss: nan - val_classifier_loss: 7.9767 - val_adversary_loss: nan
Epoch 102/200
 - 3s - loss: nan - classifier_loss: 7.9899 - adversary_loss: nan - val_loss: nan - val_classifier_loss: 7.9767 - val_adversary_loss: nan
Epoch 103/200
 - 2s - loss: nan - classifier_loss: 7.9899 - adversary_loss: nan - val_loss: nan - val_classifier_loss: 7.9767 - val_adversary_loss: nan
Epoch 104/200
 - 3s - loss: nan - classifier_loss: 7.9899 - adversary_loss: nan - val_loss: nan - val_classifier_loss: 7.9767 - val_adversary_loss: nan
Epoch 105/200
 - 3s - loss: nan - classifier_loss: 7.9899 - adversary_loss: nan - val_loss: nan - val_classifier_loss: 7.9767 - val_adversary_loss: nan
Epoch 106/200
 - 3s - loss: nan - classifier_loss: 7.9899 - adversary_loss: nan - val_loss: nan - val_classifier_loss: 7.9767 - val_adversary_loss: nan
Epoch 107/200
 - 3s - loss: nan - classifier_loss: 7.9899 - adversary_loss: nan - val_loss: nan - val_classifier_loss: 7.9767 - val_adversary_loss: nan
Epoch 108/200
 - 3s - loss: nan - classifier_loss: 7.9899 - adversary_loss: nan - val_loss: nan - val_classifier_loss: 7.9767 - val_adversary_loss: nan
Epoch 109/200
 - 3s - loss: nan - classifier_loss: 7.9899 - adversary_loss: nan - val_loss: nan - val_classifier_loss: 7.9767 - val_adversary_loss: nan
Epoch 110/200
 - 3s - loss: nan - classifier_loss: 7.9899 - adversary_loss: nan - val_loss: nan - val_classifier_loss: 7.9767 - val_adversary_loss: nan
Epoch 111/200
 - 2s - loss: nan - classifier_loss: 7.9899 - adversary_loss: nan - val_loss: nan - val_classifier_loss: 7.9767 - val_adversary_loss: nan
Epoch 112/200
 - 2s - loss: nan - classifier_loss: 7.9899 - adversary_loss: nan - val_loss: nan - val_classifier_loss: 7.9767 - val_adversary_loss: nan
Epoch 113/200
 - 2s - loss: nan - classifier_loss: 7.9899 - adversary_loss: nan - val_loss: nan - val_classifier_loss: 7.9767 - val_adversary_loss: nan
Epoch 114/200
 - 2s - loss: nan - classifier_loss: 7.9899 - adversary_loss: nan - val_loss: nan - val_classifier_loss: 7.9767 - val_adversary_loss: nan
Epoch 115/200
 - 2s - loss: nan - classifier_loss: 7.9899 - adversary_loss: nan - val_loss: nan - val_classifier_loss: 7.9767 - val_adversary_loss: nan
Epoch 116/200
 - 2s - loss: nan - classifier_loss: 7.9899 - adversary_loss: nan - val_loss: nan - val_classifier_loss: 7.9767 - val_adversary_loss: nan
Epoch 117/200
 - 2s - loss: nan - classifier_loss: 7.9899 - adversary_loss: nan - val_loss: nan - val_classifier_loss: 7.9767 - val_adversary_loss: nan
Epoch 118/200
 - 2s - loss: nan - classifier_loss: 7.9899 - adversary_loss: nan - val_loss: nan - val_classifier_loss: 7.9767 - val_adversary_loss: nan
Epoch 119/200
 - 2s - loss: nan - classifier_loss: 7.9899 - adversary_loss: nan - val_loss: nan - val_classifier_loss: 7.9767 - val_adversary_loss: nan
Epoch 120/200
 - 2s - loss: nan - classifier_loss: 7.9899 - adversary_loss: nan - val_loss: nan - val_classifier_loss: 7.9767 - val_adversary_loss: nan
Epoch 121/200
 - 2s - loss: nan - classifier_loss: 7.9899 - adversary_loss: nan - val_loss: nan - val_classifier_loss: 7.9767 - val_adversary_loss: nan
Epoch 122/200
 - 2s - loss: nan - classifier_loss: 7.9899 - adversary_loss: nan - val_loss: nan - val_classifier_loss: 7.9767 - val_adversary_loss: nan
Epoch 123/200
 - 2s - loss: nan - classifier_loss: 7.9899 - adversary_loss: nan - val_loss: nan - val_classifier_loss: 7.9767 - val_adversary_loss: nan
Epoch 124/200
 - 2s - loss: nan - classifier_loss: 7.9899 - adversary_loss: nan - val_loss: nan - val_classifier_loss: 7.9767 - val_adversary_loss: nan
Epoch 125/200
 - 2s - loss: nan - classifier_loss: 7.9899 - adversary_loss: nan - val_loss: nan - val_classifier_loss: 7.9767 - val_adversary_loss: nan
Epoch 126/200
 - 2s - loss: nan - classifier_loss: 7.9899 - adversary_loss: nan - val_loss: nan - val_classifier_loss: 7.9767 - val_adversary_loss: nan
Epoch 127/200
 - 2s - loss: nan - classifier_loss: 7.9899 - adversary_loss: nan - val_loss: nan - val_classifier_loss: 7.9767 - val_adversary_loss: nan
Epoch 128/200
 - 2s - loss: nan - classifier_loss: 7.9899 - adversary_loss: nan - val_loss: nan - val_classifier_loss: 7.9767 - val_adversary_loss: nan
Epoch 129/200
 - 3s - loss: nan - classifier_loss: 7.9899 - adversary_loss: nan - val_loss: nan - val_classifier_loss: 7.9767 - val_adversary_loss: nan
Epoch 130/200
 - 3s - loss: nan - classifier_loss: 7.9899 - adversary_loss: nan - val_loss: nan - val_classifier_loss: 7.9767 - val_adversary_loss: nan
Epoch 131/200
 - 2s - loss: nan - classifier_loss: 7.9899 - adversary_loss: nan - val_loss: nan - val_classifier_loss: 7.9767 - val_adversary_loss: nan
Epoch 132/200
 - 3s - loss: nan - classifier_loss: 7.9899 - adversary_loss: nan - val_loss: nan - val_classifier_loss: 7.9767 - val_adversary_loss: nan
Epoch 133/200
 - 3s - loss: nan - classifier_loss: 7.9899 - adversary_loss: nan - val_loss: nan - val_classifier_loss: 7.9767 - val_adversary_loss: nan
Epoch 134/200
 - 3s - loss: nan - classifier_loss: 7.9899 - adversary_loss: nan - val_loss: nan - val_classifier_loss: 7.9767 - val_adversary_loss: nan
Epoch 135/200
 - 3s - loss: nan - classifier_loss: 7.9899 - adversary_loss: nan - val_loss: nan - val_classifier_loss: 7.9767 - val_adversary_loss: nan
Epoch 136/200
 - 3s - loss: nan - classifier_loss: 7.9899 - adversary_loss: nan - val_loss: nan - val_classifier_loss: 7.9767 - val_adversary_loss: nan
Epoch 137/200
 - 3s - loss: nan - classifier_loss: 7.9899 - adversary_loss: nan - val_loss: nan - val_classifier_loss: 7.9767 - val_adversary_loss: nan
Epoch 138/200
 - 3s - loss: nan - classifier_loss: 7.9899 - adversary_loss: nan - val_loss: nan - val_classifier_loss: 7.9767 - val_adversary_loss: nan
Epoch 139/200
 - 3s - loss: nan - classifier_loss: 7.9899 - adversary_loss: nan - val_loss: nan - val_classifier_loss: 7.9767 - val_adversary_loss: nan
Epoch 140/200
 - 3s - loss: nan - classifier_loss: 7.9899 - adversary_loss: nan - val_loss: nan - val_classifier_loss: 7.9767 - val_adversary_loss: nan
Epoch 141/200
 - 3s - loss: nan - classifier_loss: 7.9899 - adversary_loss: nan - val_loss: nan - val_classifier_loss: 7.9767 - val_adversary_loss: nan
Epoch 142/200
 - 3s - loss: nan - classifier_loss: 7.9899 - adversary_loss: nan - val_loss: nan - val_classifier_loss: 7.9767 - val_adversary_loss: nan
Epoch 143/200
 - 3s - loss: nan - classifier_loss: 7.9899 - adversary_loss: nan - val_loss: nan - val_classifier_loss: 7.9767 - val_adversary_loss: nan
Epoch 144/200
 - 3s - loss: nan - classifier_loss: 7.9899 - adversary_loss: nan - val_loss: nan - val_classifier_loss: 7.9767 - val_adversary_loss: nan
Epoch 145/200
 - 3s - loss: nan - classifier_loss: 7.9899 - adversary_loss: nan - val_loss: nan - val_classifier_loss: 7.9767 - val_adversary_loss: nan
Epoch 146/200
 - 3s - loss: nan - classifier_loss: 7.9899 - adversary_loss: nan - val_loss: nan - val_classifier_loss: 7.9767 - val_adversary_loss: nan
Epoch 147/200
 - 3s - loss: nan - classifier_loss: 7.9899 - adversary_loss: nan - val_loss: nan - val_classifier_loss: 7.9767 - val_adversary_loss: nan
Epoch 148/200
 - 3s - loss: nan - classifier_loss: 7.9899 - adversary_loss: nan - val_loss: nan - val_classifier_loss: 7.9767 - val_adversary_loss: nan
Epoch 149/200
 - 3s - loss: nan - classifier_loss: 7.9899 - adversary_loss: nan - val_loss: nan - val_classifier_loss: 7.9767 - val_adversary_loss: nan
Epoch 150/200
 - 3s - loss: nan - classifier_loss: 7.9899 - adversary_loss: nan - val_loss: nan - val_classifier_loss: 7.9767 - val_adversary_loss: nan
Epoch 151/200
 - 3s - loss: nan - classifier_loss: 7.9899 - adversary_loss: nan - val_loss: nan - val_classifier_loss: 7.9767 - val_adversary_loss: nan
Epoch 152/200
 - 3s - loss: nan - classifier_loss: 7.9899 - adversary_loss: nan - val_loss: nan - val_classifier_loss: 7.9767 - val_adversary_loss: nan
Epoch 153/200
 - 3s - loss: nan - classifier_loss: 7.9899 - adversary_loss: nan - val_loss: nan - val_classifier_loss: 7.9767 - val_adversary_loss: nan
Epoch 154/200
 - 3s - loss: nan - classifier_loss: 7.9899 - adversary_loss: nan - val_loss: nan - val_classifier_loss: 7.9767 - val_adversary_loss: nan
Epoch 155/200
 - 3s - loss: nan - classifier_loss: 7.9899 - adversary_loss: nan - val_loss: nan - val_classifier_loss: 7.9767 - val_adversary_loss: nan
Epoch 156/200
 - 3s - loss: nan - classifier_loss: 7.9899 - adversary_loss: nan - val_loss: nan - val_classifier_loss: 7.9767 - val_adversary_loss: nan
Epoch 157/200
 - 3s - loss: nan - classifier_loss: 7.9899 - adversary_loss: nan - val_loss: nan - val_classifier_loss: 7.9767 - val_adversary_loss: nan
Epoch 158/200
 - 3s - loss: nan - classifier_loss: 7.9899 - adversary_loss: nan - val_loss: nan - val_classifier_loss: 7.9767 - val_adversary_loss: nan
Epoch 159/200
 - 3s - loss: nan - classifier_loss: 7.9899 - adversary_loss: nan - val_loss: nan - val_classifier_loss: 7.9767 - val_adversary_loss: nan
Epoch 160/200
 - 3s - loss: nan - classifier_loss: 7.9899 - adversary_loss: nan - val_loss: nan - val_classifier_loss: 7.9767 - val_adversary_loss: nan
Epoch 161/200
 - 3s - loss: nan - classifier_loss: 7.9899 - adversary_loss: nan - val_loss: nan - val_classifier_loss: 7.9767 - val_adversary_loss: nan
Epoch 162/200
 - 3s - loss: nan - classifier_loss: 7.9899 - adversary_loss: nan - val_loss: nan - val_classifier_loss: 7.9767 - val_adversary_loss: nan
Epoch 163/200
 - 3s - loss: nan - classifier_loss: 7.9899 - adversary_loss: nan - val_loss: nan - val_classifier_loss: 7.9767 - val_adversary_loss: nan
Epoch 164/200
 - 3s - loss: nan - classifier_loss: 7.9899 - adversary_loss: nan - val_loss: nan - val_classifier_loss: 7.9767 - val_adversary_loss: nan
Epoch 165/200
 - 3s - loss: nan - classifier_loss: 7.9899 - adversary_loss: nan - val_loss: nan - val_classifier_loss: 7.9767 - val_adversary_loss: nan
Epoch 166/200
 - 3s - loss: nan - classifier_loss: 7.9899 - adversary_loss: nan - val_loss: nan - val_classifier_loss: 7.9767 - val_adversary_loss: nan
Epoch 167/200
 - 3s - loss: nan - classifier_loss: 7.9899 - adversary_loss: nan - val_loss: nan - val_classifier_loss: 7.9767 - val_adversary_loss: nan
Epoch 168/200
 - 3s - loss: nan - classifier_loss: 7.9899 - adversary_loss: nan - val_loss: nan - val_classifier_loss: 7.9767 - val_adversary_loss: nan
Epoch 169/200
 - 3s - loss: nan - classifier_loss: 7.9899 - adversary_loss: nan - val_loss: nan - val_classifier_loss: 7.9767 - val_adversary_loss: nan
Epoch 170/200
 - 3s - loss: nan - classifier_loss: 7.9899 - adversary_loss: nan - val_loss: nan - val_classifier_loss: 7.9767 - val_adversary_loss: nan
Epoch 171/200
 - 3s - loss: nan - classifier_loss: 7.9899 - adversary_loss: nan - val_loss: nan - val_classifier_loss: 7.9767 - val_adversary_loss: nan
Epoch 172/200
 - 3s - loss: nan - classifier_loss: 7.9899 - adversary_loss: nan - val_loss: nan - val_classifier_loss: 7.9767 - val_adversary_loss: nan
Epoch 173/200
 - 3s - loss: nan - classifier_loss: 7.9899 - adversary_loss: nan - val_loss: nan - val_classifier_loss: 7.9767 - val_adversary_loss: nan
Epoch 174/200
 - 3s - loss: nan - classifier_loss: 7.9899 - adversary_loss: nan - val_loss: nan - val_classifier_loss: 7.9767 - val_adversary_loss: nan
Epoch 175/200
 - 3s - loss: nan - classifier_loss: 7.9899 - adversary_loss: nan - val_loss: nan - val_classifier_loss: 7.9767 - val_adversary_loss: nan
Epoch 176/200
 - 3s - loss: nan - classifier_loss: 7.9899 - adversary_loss: nan - val_loss: nan - val_classifier_loss: 7.9767 - val_adversary_loss: nan
Epoch 177/200
 - 3s - loss: nan - classifier_loss: 7.9899 - adversary_loss: nan - val_loss: nan - val_classifier_loss: 7.9767 - val_adversary_loss: nan
Epoch 178/200
 - 3s - loss: nan - classifier_loss: 7.9899 - adversary_loss: nan - val_loss: nan - val_classifier_loss: 7.9767 - val_adversary_loss: nan
Epoch 179/200
 - 3s - loss: nan - classifier_loss: 7.9899 - adversary_loss: nan - val_loss: nan - val_classifier_loss: 7.9767 - val_adversary_loss: nan
Epoch 180/200
 - 3s - loss: nan - classifier_loss: 7.9899 - adversary_loss: nan - val_loss: nan - val_classifier_loss: 7.9767 - val_adversary_loss: nan
Epoch 181/200
 - 3s - loss: nan - classifier_loss: 7.9899 - adversary_loss: nan - val_loss: nan - val_classifier_loss: 7.9767 - val_adversary_loss: nan
Epoch 182/200
 - 3s - loss: nan - classifier_loss: 7.9899 - adversary_loss: nan - val_loss: nan - val_classifier_loss: 7.9767 - val_adversary_loss: nan
Epoch 183/200
 - 3s - loss: nan - classifier_loss: 7.9899 - adversary_loss: nan - val_loss: nan - val_classifier_loss: 7.9767 - val_adversary_loss: nan
Epoch 184/200
 - 3s - loss: nan - classifier_loss: 7.9899 - adversary_loss: nan - val_loss: nan - val_classifier_loss: 7.9767 - val_adversary_loss: nan
Epoch 185/200
 - 3s - loss: nan - classifier_loss: 7.9899 - adversary_loss: nan - val_loss: nan - val_classifier_loss: 7.9767 - val_adversary_loss: nan
Epoch 186/200
 - 3s - loss: nan - classifier_loss: 7.9899 - adversary_loss: nan - val_loss: nan - val_classifier_loss: 7.9767 - val_adversary_loss: nan
Epoch 187/200
 - 3s - loss: nan - classifier_loss: 7.9899 - adversary_loss: nan - val_loss: nan - val_classifier_loss: 7.9767 - val_adversary_loss: nan
Epoch 188/200
 - 3s - loss: nan - classifier_loss: 7.9899 - adversary_loss: nan - val_loss: nan - val_classifier_loss: 7.9767 - val_adversary_loss: nan
Epoch 189/200
 - 3s - loss: nan - classifier_loss: 7.9899 - adversary_loss: nan - val_loss: nan - val_classifier_loss: 7.9767 - val_adversary_loss: nan
Epoch 190/200
 - 3s - loss: nan - classifier_loss: 7.9899 - adversary_loss: nan - val_loss: nan - val_classifier_loss: 7.9767 - val_adversary_loss: nan
Epoch 191/200
 - 3s - loss: nan - classifier_loss: 7.9899 - adversary_loss: nan - val_loss: nan - val_classifier_loss: 7.9767 - val_adversary_loss: nan
Epoch 192/200
 - 3s - loss: nan - classifier_loss: 7.9899 - adversary_loss: nan - val_loss: nan - val_classifier_loss: 7.9767 - val_adversary_loss: nan
Epoch 193/200
 - 3s - loss: nan - classifier_loss: 7.9899 - adversary_loss: nan - val_loss: nan - val_classifier_loss: 7.9767 - val_adversary_loss: nan
Epoch 194/200
 - 3s - loss: nan - classifier_loss: 7.9899 - adversary_loss: nan - val_loss: nan - val_classifier_loss: 7.9767 - val_adversary_loss: nan
Epoch 195/200
 - 3s - loss: nan - classifier_loss: 7.9899 - adversary_loss: nan - val_loss: nan - val_classifier_loss: 7.9767 - val_adversary_loss: nan
Epoch 196/200
 - 3s - loss: nan - classifier_loss: 7.9899 - adversary_loss: nan - val_loss: nan - val_classifier_loss: 7.9767 - val_adversary_loss: nan
Epoch 197/200
 - 3s - loss: nan - classifier_loss: 7.9899 - adversary_loss: nan - val_loss: nan - val_classifier_loss: 7.9767 - val_adversary_loss: nan
Epoch 198/200
 - 3s - loss: nan - classifier_loss: 7.9899 - adversary_loss: nan - val_loss: nan - val_classifier_loss: 7.9767 - val_adversary_loss: nan
Epoch 199/200
 - 3s - loss: nan - classifier_loss: 7.9899 - adversary_loss: nan - val_loss: nan - val_classifier_loss: 7.9767 - val_adversary_loss: nan
Epoch 200/200
 - 3s - loss: nan - classifier_loss: 7.9899 - adversary_loss: nan - val_loss: nan - val_classifier_loss: 7.9767 - val_adversary_loss: nan
Got result 0.0
Completed successfully in 1251.33 seconds. [{u'main': 0.0}]
[38;2;74;176;245m[1mProfile[0m ⏱  ······ Starting [1m@add_nn[0m
[38;2;74;176;245m[1mProfile[0m ⏱  ······ Time elapsed in [1m@add_nn[0m: ................................ [1m3.2s[0m
Got a NaN. Returning 0
[38;2;74;176;245m[1mProfile[0m ⏱  ···· Time elapsed in [1mFold 2/3[0m: ............................... [1m586.0s[0m
[38;2;74;176;245m[1mProfile[0m ⏱  ·· Time elapsed in [1mCombined adversarial fit, cross-validation[0m:  [1m1190.4s[0m
[38;2;74;176;245m[1mProfile[0m ⏱  Time elapsed in [1m@main[0m: ...................................... [1m1238.1s[0m
cd: Going back to /exports/eddie3_homes_local/s1562020/work/adversarial/optimisation/experiments/combined
